[0.328s] Invoking command in '/home/adminlab/franka_ros2_ws/build/franka_msgs': CMAKE_PREFIX_PATH=/opt/ros/humble /usr/bin/cmake --build /home/adminlab/franka_ros2_ws/build/franka_msgs -- -j16 -l16
[0.504s] [  0%] Built target franka_msgs__cpp
[0.504s] [  0%] Built target ament_cmake_python_copy_franka_msgs
[0.504s] [ 12%] Built target franka_msgs__rosidl_typesupport_introspection_cpp
[0.594s] running egg_info
[0.596s] writing franka_msgs.egg-info/PKG-INFO
[0.596s] writing dependency_links to franka_msgs.egg-info/dependency_links.txt
[0.596s] writing top-level names to franka_msgs.egg-info/top_level.txt
[0.598s] reading manifest file 'franka_msgs.egg-info/SOURCES.txt'
[0.599s] writing manifest file 'franka_msgs.egg-info/SOURCES.txt'
[0.629s] [ 12%] Built target ament_cmake_python_build_franka_msgs_egg
[0.661s] [ 24%] Built target franka_msgs__rosidl_typesupport_fastrtps_cpp
[0.690s] [ 36%] Built target franka_msgs__rosidl_typesupport_cpp
[0.711s] [ 48%] Built target franka_msgs__rosidl_generator_c
[0.744s] [ 60%] Built target franka_msgs__rosidl_typesupport_fastrtps_c
[0.768s] [ 72%] Built target franka_msgs__rosidl_typesupport_c
[0.790s] [ 84%] Built target franka_msgs__rosidl_typesupport_introspection_c
[0.808s] [ 84%] Built target franka_msgs
[0.828s] [ 85%] Built target franka_msgs__py
[0.852s] [ 96%] Built target franka_msgs__rosidl_generator_py
[0.876s] [ 97%] Built target franka_msgs__rosidl_typesupport_fastrtps_c__pyext
[0.899s] [ 98%] Built target franka_msgs__rosidl_typesupport_c__pyext
[0.917s] [100%] Built target franka_msgs__rosidl_typesupport_introspection_c__pyext
[0.963s] Invoked command in '/home/adminlab/franka_ros2_ws/build/franka_msgs' returned '0': CMAKE_PREFIX_PATH=/opt/ros/humble /usr/bin/cmake --build /home/adminlab/franka_ros2_ws/build/franka_msgs -- -j16 -l16
[1.165s] Invoking command in '/home/adminlab/franka_ros2_ws/build/franka_msgs': CMAKE_PREFIX_PATH=/opt/ros/humble /usr/bin/cmake --install /home/adminlab/franka_ros2_ws/build/franka_msgs
[1.170s] -- Install configuration: ""
[1.171s] -- Up-to-date: /home/adminlab/franka_ros2_ws/install/franka_msgs/share/ament_index/resource_index/rosidl_interfaces/franka_msgs
[1.171s] -- Up-to-date: /home/adminlab/franka_ros2_ws/install/franka_msgs/include/franka_msgs/franka_msgs
[1.171s] -- Up-to-date: /home/adminlab/franka_ros2_ws/install/franka_msgs/include/franka_msgs/franka_msgs/msg
[1.171s] -- Up-to-date: /home/adminlab/franka_ros2_ws/install/franka_msgs/include/franka_msgs/franka_msgs/msg/franka_robot_state.h
[1.172s] -- Up-to-date: /home/adminlab/franka_ros2_ws/install/franka_msgs/include/franka_msgs/franka_msgs/msg/collision_indicators.h
[1.172s] -- Up-to-date: /home/adminlab/franka_ros2_ws/install/franka_msgs/include/franka_msgs/franka_msgs/msg/grasp_epsilon.h
[1.172s] -- Up-to-date: /home/adminlab/franka_ros2_ws/install/franka_msgs/include/franka_msgs/franka_msgs/msg/detail
[1.172s] -- Up-to-date: /home/adminlab/franka_ros2_ws/install/franka_msgs/include/franka_msgs/franka_msgs/msg/detail/collision_indicators__struct.h
[1.172s] -- Up-to-date: /home/adminlab/franka_ros2_ws/install/franka_msgs/include/franka_msgs/franka_msgs/msg/detail/elbow__functions.c
[1.173s] -- Up-to-date: /home/adminlab/franka_ros2_ws/install/franka_msgs/include/franka_msgs/franka_msgs/msg/detail/grasp_epsilon__functions.h
[1.173s] -- Up-to-date: /home/adminlab/franka_ros2_ws/install/franka_msgs/include/franka_msgs/franka_msgs/msg/detail/errors__functions.c
[1.173s] -- Up-to-date: /home/adminlab/franka_ros2_ws/install/franka_msgs/include/franka_msgs/franka_msgs/msg/detail/franka_robot_state__struct.h
[1.173s] -- Up-to-date: /home/adminlab/franka_ros2_ws/install/franka_msgs/include/franka_msgs/franka_msgs/msg/detail/grasp_epsilon__functions.c
[1.173s] -- Up-to-date: /home/adminlab/franka_ros2_ws/install/franka_msgs/include/franka_msgs/franka_msgs/msg/detail/franka_robot_state__type_support.h
[1.173s] -- Up-to-date: /home/adminlab/franka_ros2_ws/install/franka_msgs/include/franka_msgs/franka_msgs/msg/detail/grasp_epsilon__struct.h
[1.173s] -- Up-to-date: /home/adminlab/franka_ros2_ws/install/franka_msgs/include/franka_msgs/franka_msgs/msg/detail/elbow__type_support.h
[1.173s] -- Up-to-date: /home/adminlab/franka_ros2_ws/install/franka_msgs/include/franka_msgs/franka_msgs/msg/detail/collision_indicators__functions.c
[1.173s] -- Up-to-date: /home/adminlab/franka_ros2_ws/install/franka_msgs/include/franka_msgs/franka_msgs/msg/detail/collision_indicators__functions.h
[1.173s] -- Up-to-date: /home/adminlab/franka_ros2_ws/install/franka_msgs/include/franka_msgs/franka_msgs/msg/detail/collision_indicators__type_support.h
[1.173s] -- Up-to-date: /home/adminlab/franka_ros2_ws/install/franka_msgs/include/franka_msgs/franka_msgs/msg/detail/elbow__struct.h
[1.173s] -- Up-to-date: /home/adminlab/franka_ros2_ws/install/franka_msgs/include/franka_msgs/franka_msgs/msg/detail/errors__functions.h
[1.173s] -- Up-to-date: /home/adminlab/franka_ros2_ws/install/franka_msgs/include/franka_msgs/franka_msgs/msg/detail/grasp_epsilon__type_support.h
[1.174s] -- Up-to-date: /home/adminlab/franka_ros2_ws/install/franka_msgs/include/franka_msgs/franka_msgs/msg/detail/errors__type_support.h
[1.174s] -- Up-to-date: /home/adminlab/franka_ros2_ws/install/franka_msgs/include/franka_msgs/franka_msgs/msg/detail/franka_robot_state__functions.c
[1.174s] -- Up-to-date: /home/adminlab/franka_ros2_ws/install/franka_msgs/include/franka_msgs/franka_msgs/msg/detail/errors__struct.h
[1.174s] -- Up-to-date: /home/adminlab/franka_ros2_ws/install/franka_msgs/include/franka_msgs/franka_msgs/msg/detail/elbow__functions.h
[1.174s] -- Up-to-date: /home/adminlab/franka_ros2_ws/install/franka_msgs/include/franka_msgs/franka_msgs/msg/detail/franka_robot_state__functions.h
[1.174s] -- Up-to-date: /home/adminlab/franka_ros2_ws/install/franka_msgs/include/franka_msgs/franka_msgs/msg/errors.h
[1.174s] -- Up-to-date: /home/adminlab/franka_ros2_ws/install/franka_msgs/include/franka_msgs/franka_msgs/msg/rosidl_generator_c__visibility_control.h
[1.174s] -- Up-to-date: /home/adminlab/franka_ros2_ws/install/franka_msgs/include/franka_msgs/franka_msgs/msg/elbow.h
[1.174s] -- Up-to-date: /home/adminlab/franka_ros2_ws/install/franka_msgs/include/franka_msgs/franka_msgs/action
[1.174s] -- Up-to-date: /home/adminlab/franka_ros2_ws/install/franka_msgs/include/franka_msgs/franka_msgs/action/grasp.h
[1.174s] -- Up-to-date: /home/adminlab/franka_ros2_ws/install/franka_msgs/include/franka_msgs/franka_msgs/action/detail
[1.174s] -- Up-to-date: /home/adminlab/franka_ros2_ws/install/franka_msgs/include/franka_msgs/franka_msgs/action/detail/move__functions.c
[1.174s] -- Up-to-date: /home/adminlab/franka_ros2_ws/install/franka_msgs/include/franka_msgs/franka_msgs/action/detail/homing__type_support.h
[1.174s] -- Up-to-date: /home/adminlab/franka_ros2_ws/install/franka_msgs/include/franka_msgs/franka_msgs/action/detail/grasp__type_support.h
[1.174s] -- Up-to-date: /home/adminlab/franka_ros2_ws/install/franka_msgs/include/franka_msgs/franka_msgs/action/detail/move__functions.h
[1.174s] -- Up-to-date: /home/adminlab/franka_ros2_ws/install/franka_msgs/include/franka_msgs/franka_msgs/action/detail/grasp__functions.h
[1.174s] -- Up-to-date: /home/adminlab/franka_ros2_ws/install/franka_msgs/include/franka_msgs/franka_msgs/action/detail/homing__struct.h
[1.175s] -- Up-to-date: /home/adminlab/franka_ros2_ws/install/franka_msgs/include/franka_msgs/franka_msgs/action/detail/homing__functions.c
[1.175s] -- Up-to-date: /home/adminlab/franka_ros2_ws/install/franka_msgs/include/franka_msgs/franka_msgs/action/detail/grasp__functions.c
[1.175s] -- Up-to-date: /home/adminlab/franka_ros2_ws/install/franka_msgs/include/franka_msgs/franka_msgs/action/detail/move__struct.h
[1.175s] -- Up-to-date: /home/adminlab/franka_ros2_ws/install/franka_msgs/include/franka_msgs/franka_msgs/action/detail/grasp__struct.h
[1.175s] -- Up-to-date: /home/adminlab/franka_ros2_ws/install/franka_msgs/include/franka_msgs/franka_msgs/action/detail/homing__functions.h
[1.175s] -- Up-to-date: /home/adminlab/franka_ros2_ws/install/franka_msgs/include/franka_msgs/franka_msgs/action/detail/move__type_support.h
[1.175s] -- Up-to-date: /home/adminlab/franka_ros2_ws/install/franka_msgs/include/franka_msgs/franka_msgs/action/move.h
[1.175s] -- Up-to-date: /home/adminlab/franka_ros2_ws/install/franka_msgs/include/franka_msgs/franka_msgs/action/homing.h
[1.175s] -- Up-to-date: /home/adminlab/franka_ros2_ws/install/franka_msgs/include/franka_msgs/franka_msgs/srv
[1.175s] -- Up-to-date: /home/adminlab/franka_ros2_ws/install/franka_msgs/include/franka_msgs/franka_msgs/srv/set_full_collision_behavior.h
[1.175s] -- Up-to-date: /home/adminlab/franka_ros2_ws/install/franka_msgs/include/franka_msgs/franka_msgs/srv/set_stiffness_frame.h
[1.175s] -- Up-to-date: /home/adminlab/franka_ros2_ws/install/franka_msgs/include/franka_msgs/franka_msgs/srv/set_cartesian_stiffness.h
[1.175s] -- Up-to-date: /home/adminlab/franka_ros2_ws/install/franka_msgs/include/franka_msgs/franka_msgs/srv/set_force_torque_collision_behavior.h
[1.175s] -- Up-to-date: /home/adminlab/franka_ros2_ws/install/franka_msgs/include/franka_msgs/franka_msgs/srv/set_joint_stiffness.h
[1.176s] -- Up-to-date: /home/adminlab/franka_ros2_ws/install/franka_msgs/include/franka_msgs/franka_msgs/srv/detail
[1.176s] -- Up-to-date: /home/adminlab/franka_ros2_ws/install/franka_msgs/include/franka_msgs/franka_msgs/srv/detail/set_load__type_support.h
[1.176s] -- Up-to-date: /home/adminlab/franka_ros2_ws/install/franka_msgs/include/franka_msgs/franka_msgs/srv/detail/set_force_torque_collision_behavior__functions.h
[1.176s] -- Up-to-date: /home/adminlab/franka_ros2_ws/install/franka_msgs/include/franka_msgs/franka_msgs/srv/detail/set_full_collision_behavior__type_support.h
[1.176s] -- Up-to-date: /home/adminlab/franka_ros2_ws/install/franka_msgs/include/franka_msgs/franka_msgs/srv/detail/set_tcp_frame__functions.h
[1.176s] -- Up-to-date: /home/adminlab/franka_ros2_ws/install/franka_msgs/include/franka_msgs/franka_msgs/srv/detail/set_full_collision_behavior__functions.c
[1.176s] -- Up-to-date: /home/adminlab/franka_ros2_ws/install/franka_msgs/include/franka_msgs/franka_msgs/srv/detail/set_joint_stiffness__type_support.h
[1.176s] -- Up-to-date: /home/adminlab/franka_ros2_ws/install/franka_msgs/include/franka_msgs/franka_msgs/srv/detail/set_tcp_frame__functions.c
[1.176s] -- Up-to-date: /home/adminlab/franka_ros2_ws/install/franka_msgs/include/franka_msgs/franka_msgs/srv/detail/set_full_collision_behavior__struct.h
[1.176s] -- Up-to-date: /home/adminlab/franka_ros2_ws/install/franka_msgs/include/franka_msgs/franka_msgs/srv/detail/set_stiffness_frame__functions.h
[1.176s] -- Up-to-date: /home/adminlab/franka_ros2_ws/install/franka_msgs/include/franka_msgs/franka_msgs/srv/detail/set_stiffness_frame__functions.c
[1.176s] -- Up-to-date: /home/adminlab/franka_ros2_ws/install/franka_msgs/include/franka_msgs/franka_msgs/srv/detail/set_load__functions.h
[1.176s] -- Up-to-date: /home/adminlab/franka_ros2_ws/install/franka_msgs/include/franka_msgs/franka_msgs/srv/detail/set_load__functions.c
[1.176s] -- Up-to-date: /home/adminlab/franka_ros2_ws/install/franka_msgs/include/franka_msgs/franka_msgs/srv/detail/set_stiffness_frame__type_support.h
[1.176s] -- Up-to-date: /home/adminlab/franka_ros2_ws/install/franka_msgs/include/franka_msgs/franka_msgs/srv/detail/set_tcp_frame__type_support.h
[1.176s] -- Up-to-date: /home/adminlab/franka_ros2_ws/install/franka_msgs/include/franka_msgs/franka_msgs/srv/detail/set_joint_stiffness__functions.c
[1.176s] -- Up-to-date: /home/adminlab/franka_ros2_ws/install/franka_msgs/include/franka_msgs/franka_msgs/srv/detail/set_joint_stiffness__struct.h
[1.177s] -- Up-to-date: /home/adminlab/franka_ros2_ws/install/franka_msgs/include/franka_msgs/franka_msgs/srv/detail/set_joint_stiffness__functions.h
[1.177s] -- Up-to-date: /home/adminlab/franka_ros2_ws/install/franka_msgs/include/franka_msgs/franka_msgs/srv/detail/set_cartesian_stiffness__functions.c
[1.177s] -- Up-to-date: /home/adminlab/franka_ros2_ws/install/franka_msgs/include/franka_msgs/franka_msgs/srv/detail/set_load__struct.h
[1.177s] -- Up-to-date: /home/adminlab/franka_ros2_ws/install/franka_msgs/include/franka_msgs/franka_msgs/srv/detail/set_force_torque_collision_behavior__struct.h
[1.177s] -- Up-to-date: /home/adminlab/franka_ros2_ws/install/franka_msgs/include/franka_msgs/franka_msgs/srv/detail/set_cartesian_stiffness__struct.h
[1.177s] -- Up-to-date: /home/adminlab/franka_ros2_ws/install/franka_msgs/include/franka_msgs/franka_msgs/srv/detail/set_tcp_frame__struct.h
[1.177s] -- Up-to-date: /home/adminlab/franka_ros2_ws/install/franka_msgs/include/franka_msgs/franka_msgs/srv/detail/set_force_torque_collision_behavior__functions.c
[1.177s] -- Up-to-date: /home/adminlab/franka_ros2_ws/install/franka_msgs/include/franka_msgs/franka_msgs/srv/detail/set_cartesian_stiffness__type_support.h
[1.177s] -- Up-to-date: /home/adminlab/franka_ros2_ws/install/franka_msgs/include/franka_msgs/franka_msgs/srv/detail/set_cartesian_stiffness__functions.h
[1.177s] -- Up-to-date: /home/adminlab/franka_ros2_ws/install/franka_msgs/include/franka_msgs/franka_msgs/srv/detail/set_stiffness_frame__struct.h
[1.177s] -- Up-to-date: /home/adminlab/franka_ros2_ws/install/franka_msgs/include/franka_msgs/franka_msgs/srv/detail/set_full_collision_behavior__functions.h
[1.177s] -- Up-to-date: /home/adminlab/franka_ros2_ws/install/franka_msgs/include/franka_msgs/franka_msgs/srv/detail/set_force_torque_collision_behavior__type_support.h
[1.177s] -- Up-to-date: /home/adminlab/franka_ros2_ws/install/franka_msgs/include/franka_msgs/franka_msgs/srv/set_tcp_frame.h
[1.177s] -- Up-to-date: /home/adminlab/franka_ros2_ws/install/franka_msgs/include/franka_msgs/franka_msgs/srv/set_load.h
[1.177s] -- Up-to-date: /home/adminlab/franka_ros2_ws/install/franka_msgs/share/franka_msgs/environment/library_path.sh
[1.178s] -- Up-to-date: /home/adminlab/franka_ros2_ws/install/franka_msgs/share/franka_msgs/environment/library_path.dsv
[1.178s] -- Up-to-date: /home/adminlab/franka_ros2_ws/install/franka_msgs/lib/libfranka_msgs__rosidl_generator_c.so
[1.178s] -- Up-to-date: /home/adminlab/franka_ros2_ws/install/franka_msgs/include/franka_msgs/franka_msgs
[1.178s] -- Up-to-date: /home/adminlab/franka_ros2_ws/install/franka_msgs/include/franka_msgs/franka_msgs/msg
[1.178s] -- Up-to-date: /home/adminlab/franka_ros2_ws/install/franka_msgs/include/franka_msgs/franka_msgs/msg/detail
[1.178s] -- Up-to-date: /home/adminlab/franka_ros2_ws/install/franka_msgs/include/franka_msgs/franka_msgs/msg/detail/elbow__rosidl_typesupport_fastrtps_c.h
[1.178s] -- Up-to-date: /home/adminlab/franka_ros2_ws/install/franka_msgs/include/franka_msgs/franka_msgs/msg/detail/errors__rosidl_typesupport_fastrtps_c.h
[1.178s] -- Up-to-date: /home/adminlab/franka_ros2_ws/install/franka_msgs/include/franka_msgs/franka_msgs/msg/detail/grasp_epsilon__rosidl_typesupport_fastrtps_c.h
[1.178s] -- Up-to-date: /home/adminlab/franka_ros2_ws/install/franka_msgs/include/franka_msgs/franka_msgs/msg/detail/collision_indicators__rosidl_typesupport_fastrtps_c.h
[1.178s] -- Up-to-date: /home/adminlab/franka_ros2_ws/install/franka_msgs/include/franka_msgs/franka_msgs/msg/detail/franka_robot_state__rosidl_typesupport_fastrtps_c.h
[1.178s] -- Up-to-date: /home/adminlab/franka_ros2_ws/install/franka_msgs/include/franka_msgs/franka_msgs/msg/rosidl_typesupport_fastrtps_c__visibility_control.h
[1.178s] -- Up-to-date: /home/adminlab/franka_ros2_ws/install/franka_msgs/include/franka_msgs/franka_msgs/action
[1.178s] -- Up-to-date: /home/adminlab/franka_ros2_ws/install/franka_msgs/include/franka_msgs/franka_msgs/action/detail
[1.178s] -- Up-to-date: /home/adminlab/franka_ros2_ws/install/franka_msgs/include/franka_msgs/franka_msgs/action/detail/homing__rosidl_typesupport_fastrtps_c.h
[1.178s] -- Up-to-date: /home/adminlab/franka_ros2_ws/install/franka_msgs/include/franka_msgs/franka_msgs/action/detail/grasp__rosidl_typesupport_fastrtps_c.h
[1.178s] -- Up-to-date: /home/adminlab/franka_ros2_ws/install/franka_msgs/include/franka_msgs/franka_msgs/action/detail/move__rosidl_typesupport_fastrtps_c.h
[1.178s] -- Up-to-date: /home/adminlab/franka_ros2_ws/install/franka_msgs/include/franka_msgs/franka_msgs/srv
[1.178s] -- Up-to-date: /home/adminlab/franka_ros2_ws/install/franka_msgs/include/franka_msgs/franka_msgs/srv/detail
[1.180s] -- Up-to-date: /home/adminlab/franka_ros2_ws/install/franka_msgs/include/franka_msgs/franka_msgs/srv/detail/set_force_torque_collision_behavior__rosidl_typesupport_fastrtps_c.h
[1.180s] -- Up-to-date: /home/adminlab/franka_ros2_ws/install/franka_msgs/include/franka_msgs/franka_msgs/srv/detail/set_load__rosidl_typesupport_fastrtps_c.h
[1.180s] -- Up-to-date: /home/adminlab/franka_ros2_ws/install/franka_msgs/include/franka_msgs/franka_msgs/srv/detail/set_cartesian_stiffness__rosidl_typesupport_fastrtps_c.h
[1.180s] -- Up-to-date: /home/adminlab/franka_ros2_ws/install/franka_msgs/include/franka_msgs/franka_msgs/srv/detail/set_stiffness_frame__rosidl_typesupport_fastrtps_c.h
[1.180s] -- Up-to-date: /home/adminlab/franka_ros2_ws/install/franka_msgs/include/franka_msgs/franka_msgs/srv/detail/set_full_collision_behavior__rosidl_typesupport_fastrtps_c.h
[1.180s] -- Up-to-date: /home/adminlab/franka_ros2_ws/install/franka_msgs/include/franka_msgs/franka_msgs/srv/detail/set_joint_stiffness__rosidl_typesupport_fastrtps_c.h
[1.180s] -- Up-to-date: /home/adminlab/franka_ros2_ws/install/franka_msgs/include/franka_msgs/franka_msgs/srv/detail/set_tcp_frame__rosidl_typesupport_fastrtps_c.h
[1.180s] -- Up-to-date: /home/adminlab/franka_ros2_ws/install/franka_msgs/lib/libfranka_msgs__rosidl_typesupport_fastrtps_c.so
[1.180s] -- Up-to-date: /home/adminlab/franka_ros2_ws/install/franka_msgs/include/franka_msgs/franka_msgs
[1.181s] -- Up-to-date: /home/adminlab/franka_ros2_ws/install/franka_msgs/include/franka_msgs/franka_msgs/msg
[1.181s] -- Up-to-date: /home/adminlab/franka_ros2_ws/install/franka_msgs/include/franka_msgs/franka_msgs/msg/detail
[1.181s] -- Up-to-date: /home/adminlab/franka_ros2_ws/install/franka_msgs/include/franka_msgs/franka_msgs/msg/detail/franka_robot_state__rosidl_typesupport_introspection_c.h
[1.181s] -- Up-to-date: /home/adminlab/franka_ros2_ws/install/franka_msgs/include/franka_msgs/franka_msgs/msg/detail/grasp_epsilon__type_support.c
[1.181s] -- Up-to-date: /home/adminlab/franka_ros2_ws/install/franka_msgs/include/franka_msgs/franka_msgs/msg/detail/collision_indicators__type_support.c
[1.181s] -- Up-to-date: /home/adminlab/franka_ros2_ws/install/franka_msgs/include/franka_msgs/franka_msgs/msg/detail/errors__rosidl_typesupport_introspection_c.h
[1.182s] -- Up-to-date: /home/adminlab/franka_ros2_ws/install/franka_msgs/include/franka_msgs/franka_msgs/msg/detail/errors__type_support.c
[1.182s] -- Up-to-date: /home/adminlab/franka_ros2_ws/install/franka_msgs/include/franka_msgs/franka_msgs/msg/detail/grasp_epsilon__rosidl_typesupport_introspection_c.h
[1.182s] -- Up-to-date: /home/adminlab/franka_ros2_ws/install/franka_msgs/include/franka_msgs/franka_msgs/msg/detail/collision_indicators__rosidl_typesupport_introspection_c.h
[1.182s] -- Up-to-date: /home/adminlab/franka_ros2_ws/install/franka_msgs/include/franka_msgs/franka_msgs/msg/detail/elbow__rosidl_typesupport_introspection_c.h
[1.182s] -- Up-to-date: /home/adminlab/franka_ros2_ws/install/franka_msgs/include/franka_msgs/franka_msgs/msg/detail/franka_robot_state__type_support.c
[1.183s] -- Up-to-date: /home/adminlab/franka_ros2_ws/install/franka_msgs/include/franka_msgs/franka_msgs/msg/detail/elbow__type_support.c
[1.183s] -- Up-to-date: /home/adminlab/franka_ros2_ws/install/franka_msgs/include/franka_msgs/franka_msgs/msg/rosidl_typesupport_introspection_c__visibility_control.h
[1.183s] -- Up-to-date: /home/adminlab/franka_ros2_ws/install/franka_msgs/include/franka_msgs/franka_msgs/action
[1.183s] -- Up-to-date: /home/adminlab/franka_ros2_ws/install/franka_msgs/include/franka_msgs/franka_msgs/action/detail
[1.183s] -- Up-to-date: /home/adminlab/franka_ros2_ws/install/franka_msgs/include/franka_msgs/franka_msgs/action/detail/grasp__rosidl_typesupport_introspection_c.h
[1.183s] -- Up-to-date: /home/adminlab/franka_ros2_ws/install/franka_msgs/include/franka_msgs/franka_msgs/action/detail/homing__rosidl_typesupport_introspection_c.h
[1.183s] -- Up-to-date: /home/adminlab/franka_ros2_ws/install/franka_msgs/include/franka_msgs/franka_msgs/action/detail/homing__type_support.c
[1.183s] -- Up-to-date: /home/adminlab/franka_ros2_ws/install/franka_msgs/include/franka_msgs/franka_msgs/action/detail/grasp__type_support.c
[1.183s] -- Up-to-date: /home/adminlab/franka_ros2_ws/install/franka_msgs/include/franka_msgs/franka_msgs/action/detail/move__type_support.c
[1.183s] -- Up-to-date: /home/adminlab/franka_ros2_ws/install/franka_msgs/include/franka_msgs/franka_msgs/action/detail/move__rosidl_typesupport_introspection_c.h
[1.183s] -- Up-to-date: /home/adminlab/franka_ros2_ws/install/franka_msgs/include/franka_msgs/franka_msgs/srv
[1.184s] -- Up-to-date: /home/adminlab/franka_ros2_ws/install/franka_msgs/include/franka_msgs/franka_msgs/srv/detail
[1.184s] -- Up-to-date: /home/adminlab/franka_ros2_ws/install/franka_msgs/include/franka_msgs/franka_msgs/srv/detail/set_cartesian_stiffness__type_support.c
[1.184s] -- Up-to-date: /home/adminlab/franka_ros2_ws/install/franka_msgs/include/franka_msgs/franka_msgs/srv/detail/set_tcp_frame__type_support.c
[1.184s] -- Up-to-date: /home/adminlab/franka_ros2_ws/install/franka_msgs/include/franka_msgs/franka_msgs/srv/detail/set_joint_stiffness__rosidl_typesupport_introspection_c.h
[1.184s] -- Up-to-date: /home/adminlab/franka_ros2_ws/install/franka_msgs/include/franka_msgs/franka_msgs/srv/detail/set_load__type_support.c
[1.184s] -- Up-to-date: /home/adminlab/franka_ros2_ws/install/franka_msgs/include/franka_msgs/franka_msgs/srv/detail/set_load__rosidl_typesupport_introspection_c.h
[1.184s] -- Up-to-date: /home/adminlab/franka_ros2_ws/install/franka_msgs/include/franka_msgs/franka_msgs/srv/detail/set_cartesian_stiffness__rosidl_typesupport_introspection_c.h
[1.184s] -- Up-to-date: /home/adminlab/franka_ros2_ws/install/franka_msgs/include/franka_msgs/franka_msgs/srv/detail/set_force_torque_collision_behavior__rosidl_typesupport_introspection_c.h
[1.185s] -- Up-to-date: /home/adminlab/franka_ros2_ws/install/franka_msgs/include/franka_msgs/franka_msgs/srv/detail/set_stiffness_frame__type_support.c
[1.185s] -- Up-to-date: /home/adminlab/franka_ros2_ws/install/franka_msgs/include/franka_msgs/franka_msgs/srv/detail/set_force_torque_collision_behavior__type_support.c
[1.185s] -- Up-to-date: /home/adminlab/franka_ros2_ws/install/franka_msgs/include/franka_msgs/franka_msgs/srv/detail/set_joint_stiffness__type_support.c
[1.185s] -- Up-to-date: /home/adminlab/franka_ros2_ws/install/franka_msgs/include/franka_msgs/franka_msgs/srv/detail/set_stiffness_frame__rosidl_typesupport_introspection_c.h
[1.185s] -- Up-to-date: /home/adminlab/franka_ros2_ws/install/franka_msgs/include/franka_msgs/franka_msgs/srv/detail/set_full_collision_behavior__rosidl_typesupport_introspection_c.h
[1.185s] -- Up-to-date: /home/adminlab/franka_ros2_ws/install/franka_msgs/include/franka_msgs/franka_msgs/srv/detail/set_full_collision_behavior__type_support.c
[1.185s] -- Up-to-date: /home/adminlab/franka_ros2_ws/install/franka_msgs/include/franka_msgs/franka_msgs/srv/detail/set_tcp_frame__rosidl_typesupport_introspection_c.h
[1.185s] -- Up-to-date: /home/adminlab/franka_ros2_ws/install/franka_msgs/lib/libfranka_msgs__rosidl_typesupport_introspection_c.so
[1.185s] -- Up-to-date: /home/adminlab/franka_ros2_ws/install/franka_msgs/lib/libfranka_msgs__rosidl_typesupport_c.so
[1.185s] -- Up-to-date: /home/adminlab/franka_ros2_ws/install/franka_msgs/include/franka_msgs/franka_msgs
[1.185s] -- Up-to-date: /home/adminlab/franka_ros2_ws/install/franka_msgs/include/franka_msgs/franka_msgs/msg
[1.186s] -- Up-to-date: /home/adminlab/franka_ros2_ws/install/franka_msgs/include/franka_msgs/franka_msgs/msg/errors.hpp
[1.186s] -- Up-to-date: /home/adminlab/franka_ros2_ws/install/franka_msgs/include/franka_msgs/franka_msgs/msg/detail
[1.186s] -- Up-to-date: /home/adminlab/franka_ros2_ws/install/franka_msgs/include/franka_msgs/franka_msgs/msg/detail/franka_robot_state__struct.hpp
[1.186s] -- Up-to-date: /home/adminlab/franka_ros2_ws/install/franka_msgs/include/franka_msgs/franka_msgs/msg/detail/errors__traits.hpp
[1.186s] -- Up-to-date: /home/adminlab/franka_ros2_ws/install/franka_msgs/include/franka_msgs/franka_msgs/msg/detail/franka_robot_state__traits.hpp
[1.186s] -- Up-to-date: /home/adminlab/franka_ros2_ws/install/franka_msgs/include/franka_msgs/franka_msgs/msg/detail/collision_indicators__struct.hpp
[1.186s] -- Up-to-date: /home/adminlab/franka_ros2_ws/install/franka_msgs/include/franka_msgs/franka_msgs/msg/detail/grasp_epsilon__builder.hpp
[1.186s] -- Up-to-date: /home/adminlab/franka_ros2_ws/install/franka_msgs/include/franka_msgs/franka_msgs/msg/detail/errors__builder.hpp
[1.186s] -- Up-to-date: /home/adminlab/franka_ros2_ws/install/franka_msgs/include/franka_msgs/franka_msgs/msg/detail/grasp_epsilon__struct.hpp
[1.186s] -- Up-to-date: /home/adminlab/franka_ros2_ws/install/franka_msgs/include/franka_msgs/franka_msgs/msg/detail/collision_indicators__builder.hpp
[1.186s] -- Up-to-date: /home/adminlab/franka_ros2_ws/install/franka_msgs/include/franka_msgs/franka_msgs/msg/detail/errors__struct.hpp
[1.186s] -- Up-to-date: /home/adminlab/franka_ros2_ws/install/franka_msgs/include/franka_msgs/franka_msgs/msg/detail/grasp_epsilon__traits.hpp
[1.186s] -- Up-to-date: /home/adminlab/franka_ros2_ws/install/franka_msgs/include/franka_msgs/franka_msgs/msg/detail/elbow__struct.hpp
[1.186s] -- Up-to-date: /home/adminlab/franka_ros2_ws/install/franka_msgs/include/franka_msgs/franka_msgs/msg/detail/elbow__builder.hpp
[1.186s] -- Up-to-date: /home/adminlab/franka_ros2_ws/install/franka_msgs/include/franka_msgs/franka_msgs/msg/detail/elbow__traits.hpp
[1.186s] -- Up-to-date: /home/adminlab/franka_ros2_ws/install/franka_msgs/include/franka_msgs/franka_msgs/msg/detail/franka_robot_state__builder.hpp
[1.186s] -- Up-to-date: /home/adminlab/franka_ros2_ws/install/franka_msgs/include/franka_msgs/franka_msgs/msg/detail/collision_indicators__traits.hpp
[1.187s] -- Up-to-date: /home/adminlab/franka_ros2_ws/install/franka_msgs/include/franka_msgs/franka_msgs/msg/elbow.hpp
[1.187s] -- Up-to-date: /home/adminlab/franka_ros2_ws/install/franka_msgs/include/franka_msgs/franka_msgs/msg/grasp_epsilon.hpp
[1.187s] -- Up-to-date: /home/adminlab/franka_ros2_ws/install/franka_msgs/include/franka_msgs/franka_msgs/msg/collision_indicators.hpp
[1.187s] -- Up-to-date: /home/adminlab/franka_ros2_ws/install/franka_msgs/include/franka_msgs/franka_msgs/msg/franka_robot_state.hpp
[1.187s] -- Up-to-date: /home/adminlab/franka_ros2_ws/install/franka_msgs/include/franka_msgs/franka_msgs/action
[1.188s] -- Up-to-date: /home/adminlab/franka_ros2_ws/install/franka_msgs/include/franka_msgs/franka_msgs/action/grasp.hpp
[1.188s] -- Up-to-date: /home/adminlab/franka_ros2_ws/install/franka_msgs/include/franka_msgs/franka_msgs/action/detail
[1.188s] -- Up-to-date: /home/adminlab/franka_ros2_ws/install/franka_msgs/include/franka_msgs/franka_msgs/action/detail/move__traits.hpp
[1.188s] -- Up-to-date: /home/adminlab/franka_ros2_ws/install/franka_msgs/include/franka_msgs/franka_msgs/action/detail/grasp__traits.hpp
[1.188s] -- Up-to-date: /home/adminlab/franka_ros2_ws/install/franka_msgs/include/franka_msgs/franka_msgs/action/detail/move__struct.hpp
[1.188s] -- Up-to-date: /home/adminlab/franka_ros2_ws/install/franka_msgs/include/franka_msgs/franka_msgs/action/detail/homing__builder.hpp
[1.188s] -- Up-to-date: /home/adminlab/franka_ros2_ws/install/franka_msgs/include/franka_msgs/franka_msgs/action/detail/grasp__builder.hpp
[1.188s] -- Up-to-date: /home/adminlab/franka_ros2_ws/install/franka_msgs/include/franka_msgs/franka_msgs/action/detail/grasp__struct.hpp
[1.188s] -- Up-to-date: /home/adminlab/franka_ros2_ws/install/franka_msgs/include/franka_msgs/franka_msgs/action/detail/homing__struct.hpp
[1.188s] -- Up-to-date: /home/adminlab/franka_ros2_ws/install/franka_msgs/include/franka_msgs/franka_msgs/action/detail/homing__traits.hpp
[1.188s] -- Up-to-date: /home/adminlab/franka_ros2_ws/install/franka_msgs/include/franka_msgs/franka_msgs/action/detail/move__builder.hpp
[1.188s] -- Up-to-date: /home/adminlab/franka_ros2_ws/install/franka_msgs/include/franka_msgs/franka_msgs/action/move.hpp
[1.188s] -- Up-to-date: /home/adminlab/franka_ros2_ws/install/franka_msgs/include/franka_msgs/franka_msgs/action/homing.hpp
[1.188s] -- Up-to-date: /home/adminlab/franka_ros2_ws/install/franka_msgs/include/franka_msgs/franka_msgs/srv
[1.188s] -- Up-to-date: /home/adminlab/franka_ros2_ws/install/franka_msgs/include/franka_msgs/franka_msgs/srv/set_load.hpp
[1.188s] -- Up-to-date: /home/adminlab/franka_ros2_ws/install/franka_msgs/include/franka_msgs/franka_msgs/srv/set_cartesian_stiffness.hpp
[1.188s] -- Up-to-date: /home/adminlab/franka_ros2_ws/install/franka_msgs/include/franka_msgs/franka_msgs/srv/set_full_collision_behavior.hpp
[1.188s] -- Up-to-date: /home/adminlab/franka_ros2_ws/install/franka_msgs/include/franka_msgs/franka_msgs/srv/set_joint_stiffness.hpp
[1.188s] -- Up-to-date: /home/adminlab/franka_ros2_ws/install/franka_msgs/include/franka_msgs/franka_msgs/srv/set_force_torque_collision_behavior.hpp
[1.188s] -- Up-to-date: /home/adminlab/franka_ros2_ws/install/franka_msgs/include/franka_msgs/franka_msgs/srv/set_tcp_frame.hpp
[1.188s] -- Up-to-date: /home/adminlab/franka_ros2_ws/install/franka_msgs/include/franka_msgs/franka_msgs/srv/set_stiffness_frame.hpp
[1.188s] -- Up-to-date: /home/adminlab/franka_ros2_ws/install/franka_msgs/include/franka_msgs/franka_msgs/srv/detail
[1.188s] -- Up-to-date: /home/adminlab/franka_ros2_ws/install/franka_msgs/include/franka_msgs/franka_msgs/srv/detail/set_joint_stiffness__struct.hpp
[1.188s] -- Up-to-date: /home/adminlab/franka_ros2_ws/install/franka_msgs/include/franka_msgs/franka_msgs/srv/detail/set_joint_stiffness__traits.hpp
[1.188s] -- Up-to-date: /home/adminlab/franka_ros2_ws/install/franka_msgs/include/franka_msgs/franka_msgs/srv/detail/set_stiffness_frame__traits.hpp
[1.188s] -- Up-to-date: /home/adminlab/franka_ros2_ws/install/franka_msgs/include/franka_msgs/franka_msgs/srv/detail/set_force_torque_collision_behavior__struct.hpp
[1.189s] -- Up-to-date: /home/adminlab/franka_ros2_ws/install/franka_msgs/include/franka_msgs/franka_msgs/srv/detail/set_load__traits.hpp
[1.189s] -- Up-to-date: /home/adminlab/franka_ros2_ws/install/franka_msgs/include/franka_msgs/franka_msgs/srv/detail/set_full_collision_behavior__builder.hpp
[1.189s] -- Up-to-date: /home/adminlab/franka_ros2_ws/install/franka_msgs/include/franka_msgs/franka_msgs/srv/detail/set_force_torque_collision_behavior__builder.hpp
[1.189s] -- Up-to-date: /home/adminlab/franka_ros2_ws/install/franka_msgs/include/franka_msgs/franka_msgs/srv/detail/set_tcp_frame__struct.hpp
[1.189s] -- Up-to-date: /home/adminlab/franka_ros2_ws/install/franka_msgs/include/franka_msgs/franka_msgs/srv/detail/set_stiffness_frame__builder.hpp
[1.189s] -- Up-to-date: /home/adminlab/franka_ros2_ws/install/franka_msgs/include/franka_msgs/franka_msgs/srv/detail/set_tcp_frame__builder.hpp
[1.189s] -- Up-to-date: /home/adminlab/franka_ros2_ws/install/franka_msgs/include/franka_msgs/franka_msgs/srv/detail/set_full_collision_behavior__struct.hpp
[1.189s] -- Up-to-date: /home/adminlab/franka_ros2_ws/install/franka_msgs/include/franka_msgs/franka_msgs/srv/detail/set_load__builder.hpp
[1.189s] -- Up-to-date: /home/adminlab/franka_ros2_ws/install/franka_msgs/include/franka_msgs/franka_msgs/srv/detail/set_stiffness_frame__struct.hpp
[1.189s] -- Up-to-date: /home/adminlab/franka_ros2_ws/install/franka_msgs/include/franka_msgs/franka_msgs/srv/detail/set_cartesian_stiffness__struct.hpp
[1.189s] -- Up-to-date: /home/adminlab/franka_ros2_ws/install/franka_msgs/include/franka_msgs/franka_msgs/srv/detail/set_joint_stiffness__builder.hpp
[1.189s] -- Up-to-date: /home/adminlab/franka_ros2_ws/install/franka_msgs/include/franka_msgs/franka_msgs/srv/detail/set_tcp_frame__traits.hpp
[1.189s] -- Up-to-date: /home/adminlab/franka_ros2_ws/install/franka_msgs/include/franka_msgs/franka_msgs/srv/detail/set_cartesian_stiffness__traits.hpp
[1.189s] -- Up-to-date: /home/adminlab/franka_ros2_ws/install/franka_msgs/include/franka_msgs/franka_msgs/srv/detail/set_force_torque_collision_behavior__traits.hpp
[1.189s] -- Up-to-date: /home/adminlab/franka_ros2_ws/install/franka_msgs/include/franka_msgs/franka_msgs/srv/detail/set_cartesian_stiffness__builder.hpp
[1.189s] -- Up-to-date: /home/adminlab/franka_ros2_ws/install/franka_msgs/include/franka_msgs/franka_msgs/srv/detail/set_load__struct.hpp
[1.189s] -- Up-to-date: /home/adminlab/franka_ros2_ws/install/franka_msgs/include/franka_msgs/franka_msgs/srv/detail/set_full_collision_behavior__traits.hpp
[1.189s] -- Up-to-date: /home/adminlab/franka_ros2_ws/install/franka_msgs/include/franka_msgs/franka_msgs
[1.189s] -- Up-to-date: /home/adminlab/franka_ros2_ws/install/franka_msgs/include/franka_msgs/franka_msgs/msg
[1.189s] -- Up-to-date: /home/adminlab/franka_ros2_ws/install/franka_msgs/include/franka_msgs/franka_msgs/msg/detail
[1.189s] -- Up-to-date: /home/adminlab/franka_ros2_ws/install/franka_msgs/include/franka_msgs/franka_msgs/msg/detail/dds_fastrtps
[1.189s] -- Up-to-date: /home/adminlab/franka_ros2_ws/install/franka_msgs/include/franka_msgs/franka_msgs/msg/detail/elbow__rosidl_typesupport_fastrtps_cpp.hpp
[1.189s] -- Up-to-date: /home/adminlab/franka_ros2_ws/install/franka_msgs/include/franka_msgs/franka_msgs/msg/detail/collision_indicators__rosidl_typesupport_fastrtps_cpp.hpp
[1.190s] -- Up-to-date: /home/adminlab/franka_ros2_ws/install/franka_msgs/include/franka_msgs/franka_msgs/msg/detail/grasp_epsilon__rosidl_typesupport_fastrtps_cpp.hpp
[1.190s] -- Up-to-date: /home/adminlab/franka_ros2_ws/install/franka_msgs/include/franka_msgs/franka_msgs/msg/detail/errors__rosidl_typesupport_fastrtps_cpp.hpp
[1.190s] -- Up-to-date: /home/adminlab/franka_ros2_ws/install/franka_msgs/include/franka_msgs/franka_msgs/msg/detail/franka_robot_state__rosidl_typesupport_fastrtps_cpp.hpp
[1.190s] -- Up-to-date: /home/adminlab/franka_ros2_ws/install/franka_msgs/include/franka_msgs/franka_msgs/msg/rosidl_typesupport_fastrtps_cpp__visibility_control.h
[1.190s] -- Up-to-date: /home/adminlab/franka_ros2_ws/install/franka_msgs/include/franka_msgs/franka_msgs/action
[1.190s] -- Up-to-date: /home/adminlab/franka_ros2_ws/install/franka_msgs/include/franka_msgs/franka_msgs/action/detail
[1.190s] -- Up-to-date: /home/adminlab/franka_ros2_ws/install/franka_msgs/include/franka_msgs/franka_msgs/action/detail/dds_fastrtps
[1.190s] -- Up-to-date: /home/adminlab/franka_ros2_ws/install/franka_msgs/include/franka_msgs/franka_msgs/action/detail/grasp__rosidl_typesupport_fastrtps_cpp.hpp
[1.190s] -- Up-to-date: /home/adminlab/franka_ros2_ws/install/franka_msgs/include/franka_msgs/franka_msgs/action/detail/homing__rosidl_typesupport_fastrtps_cpp.hpp
[1.190s] -- Up-to-date: /home/adminlab/franka_ros2_ws/install/franka_msgs/include/franka_msgs/franka_msgs/action/detail/move__rosidl_typesupport_fastrtps_cpp.hpp
[1.190s] -- Up-to-date: /home/adminlab/franka_ros2_ws/install/franka_msgs/include/franka_msgs/franka_msgs/srv
[1.190s] -- Up-to-date: /home/adminlab/franka_ros2_ws/install/franka_msgs/include/franka_msgs/franka_msgs/srv/detail
[1.190s] -- Up-to-date: /home/adminlab/franka_ros2_ws/install/franka_msgs/include/franka_msgs/franka_msgs/srv/detail/dds_fastrtps
[1.190s] -- Up-to-date: /home/adminlab/franka_ros2_ws/install/franka_msgs/include/franka_msgs/franka_msgs/srv/detail/set_cartesian_stiffness__rosidl_typesupport_fastrtps_cpp.hpp
[1.190s] -- Up-to-date: /home/adminlab/franka_ros2_ws/install/franka_msgs/include/franka_msgs/franka_msgs/srv/detail/set_full_collision_behavior__rosidl_typesupport_fastrtps_cpp.hpp
[1.190s] -- Up-to-date: /home/adminlab/franka_ros2_ws/install/franka_msgs/include/franka_msgs/franka_msgs/srv/detail/set_tcp_frame__rosidl_typesupport_fastrtps_cpp.hpp
[1.190s] -- Up-to-date: /home/adminlab/franka_ros2_ws/install/franka_msgs/include/franka_msgs/franka_msgs/srv/detail/set_stiffness_frame__rosidl_typesupport_fastrtps_cpp.hpp
[1.190s] -- Up-to-date: /home/adminlab/franka_ros2_ws/install/franka_msgs/include/franka_msgs/franka_msgs/srv/detail/set_load__rosidl_typesupport_fastrtps_cpp.hpp
[1.190s] -- Up-to-date: /home/adminlab/franka_ros2_ws/install/franka_msgs/include/franka_msgs/franka_msgs/srv/detail/set_force_torque_collision_behavior__rosidl_typesupport_fastrtps_cpp.hpp
[1.190s] -- Up-to-date: /home/adminlab/franka_ros2_ws/install/franka_msgs/include/franka_msgs/franka_msgs/srv/detail/set_joint_stiffness__rosidl_typesupport_fastrtps_cpp.hpp
[1.190s] -- Up-to-date: /home/adminlab/franka_ros2_ws/install/franka_msgs/lib/libfranka_msgs__rosidl_typesupport_fastrtps_cpp.so
[1.190s] -- Up-to-date: /home/adminlab/franka_ros2_ws/install/franka_msgs/include/franka_msgs/franka_msgs
[1.190s] -- Up-to-date: /home/adminlab/franka_ros2_ws/install/franka_msgs/include/franka_msgs/franka_msgs/msg
[1.190s] -- Up-to-date: /home/adminlab/franka_ros2_ws/install/franka_msgs/include/franka_msgs/franka_msgs/msg/detail
[1.190s] -- Up-to-date: /home/adminlab/franka_ros2_ws/install/franka_msgs/include/franka_msgs/franka_msgs/msg/detail/elbow__type_support.cpp
[1.190s] -- Up-to-date: /home/adminlab/franka_ros2_ws/install/franka_msgs/include/franka_msgs/franka_msgs/msg/detail/collision_indicators__rosidl_typesupport_introspection_cpp.hpp
[1.190s] -- Up-to-date: /home/adminlab/franka_ros2_ws/install/franka_msgs/include/franka_msgs/franka_msgs/msg/detail/franka_robot_state__rosidl_typesupport_introspection_cpp.hpp
[1.190s] -- Up-to-date: /home/adminlab/franka_ros2_ws/install/franka_msgs/include/franka_msgs/franka_msgs/msg/detail/errors__type_support.cpp
[1.191s] -- Up-to-date: /home/adminlab/franka_ros2_ws/install/franka_msgs/include/franka_msgs/franka_msgs/msg/detail/franka_robot_state__type_support.cpp
[1.191s] -- Up-to-date: /home/adminlab/franka_ros2_ws/install/franka_msgs/include/franka_msgs/franka_msgs/msg/detail/errors__rosidl_typesupport_introspection_cpp.hpp
[1.191s] -- Up-to-date: /home/adminlab/franka_ros2_ws/install/franka_msgs/include/franka_msgs/franka_msgs/msg/detail/elbow__rosidl_typesupport_introspection_cpp.hpp
[1.191s] -- Up-to-date: /home/adminlab/franka_ros2_ws/install/franka_msgs/include/franka_msgs/franka_msgs/msg/detail/collision_indicators__type_support.cpp
[1.191s] -- Up-to-date: /home/adminlab/franka_ros2_ws/install/franka_msgs/include/franka_msgs/franka_msgs/msg/detail/grasp_epsilon__type_support.cpp
[1.191s] -- Up-to-date: /home/adminlab/franka_ros2_ws/install/franka_msgs/include/franka_msgs/franka_msgs/msg/detail/grasp_epsilon__rosidl_typesupport_introspection_cpp.hpp
[1.191s] -- Up-to-date: /home/adminlab/franka_ros2_ws/install/franka_msgs/include/franka_msgs/franka_msgs/action
[1.191s] -- Up-to-date: /home/adminlab/franka_ros2_ws/install/franka_msgs/include/franka_msgs/franka_msgs/action/detail
[1.191s] -- Up-to-date: /home/adminlab/franka_ros2_ws/install/franka_msgs/include/franka_msgs/franka_msgs/action/detail/grasp__rosidl_typesupport_introspection_cpp.hpp
[1.191s] -- Up-to-date: /home/adminlab/franka_ros2_ws/install/franka_msgs/include/franka_msgs/franka_msgs/action/detail/move__rosidl_typesupport_introspection_cpp.hpp
[1.191s] -- Up-to-date: /home/adminlab/franka_ros2_ws/install/franka_msgs/include/franka_msgs/franka_msgs/action/detail/move__type_support.cpp
[1.191s] -- Up-to-date: /home/adminlab/franka_ros2_ws/install/franka_msgs/include/franka_msgs/franka_msgs/action/detail/grasp__type_support.cpp
[1.191s] -- Up-to-date: /home/adminlab/franka_ros2_ws/install/franka_msgs/include/franka_msgs/franka_msgs/action/detail/homing__type_support.cpp
[1.192s] -- Up-to-date: /home/adminlab/franka_ros2_ws/install/franka_msgs/include/franka_msgs/franka_msgs/action/detail/homing__rosidl_typesupport_introspection_cpp.hpp
[1.192s] -- Up-to-date: /home/adminlab/franka_ros2_ws/install/franka_msgs/include/franka_msgs/franka_msgs/srv
[1.192s] -- Up-to-date: /home/adminlab/franka_ros2_ws/install/franka_msgs/include/franka_msgs/franka_msgs/srv/detail
[1.192s] -- Up-to-date: /home/adminlab/franka_ros2_ws/install/franka_msgs/include/franka_msgs/franka_msgs/srv/detail/set_stiffness_frame__rosidl_typesupport_introspection_cpp.hpp
[1.192s] -- Up-to-date: /home/adminlab/franka_ros2_ws/install/franka_msgs/include/franka_msgs/franka_msgs/srv/detail/set_full_collision_behavior__rosidl_typesupport_introspection_cpp.hpp
[1.192s] -- Up-to-date: /home/adminlab/franka_ros2_ws/install/franka_msgs/include/franka_msgs/franka_msgs/srv/detail/set_tcp_frame__type_support.cpp
[1.192s] -- Up-to-date: /home/adminlab/franka_ros2_ws/install/franka_msgs/include/franka_msgs/franka_msgs/srv/detail/set_stiffness_frame__type_support.cpp
[1.192s] -- Up-to-date: /home/adminlab/franka_ros2_ws/install/franka_msgs/include/franka_msgs/franka_msgs/srv/detail/set_force_torque_collision_behavior__type_support.cpp
[1.192s] -- Up-to-date: /home/adminlab/franka_ros2_ws/install/franka_msgs/include/franka_msgs/franka_msgs/srv/detail/set_load__rosidl_typesupport_introspection_cpp.hpp
[1.192s] -- Up-to-date: /home/adminlab/franka_ros2_ws/install/franka_msgs/include/franka_msgs/franka_msgs/srv/detail/set_full_collision_behavior__type_support.cpp
[1.192s] -- Up-to-date: /home/adminlab/franka_ros2_ws/install/franka_msgs/include/franka_msgs/franka_msgs/srv/detail/set_force_torque_collision_behavior__rosidl_typesupport_introspection_cpp.hpp
[1.192s] -- Up-to-date: /home/adminlab/franka_ros2_ws/install/franka_msgs/include/franka_msgs/franka_msgs/srv/detail/set_cartesian_stiffness__rosidl_typesupport_introspection_cpp.hpp
[1.192s] -- Up-to-date: /home/adminlab/franka_ros2_ws/install/franka_msgs/include/franka_msgs/franka_msgs/srv/detail/set_joint_stiffness__rosidl_typesupport_introspection_cpp.hpp
[1.192s] -- Up-to-date: /home/adminlab/franka_ros2_ws/install/franka_msgs/include/franka_msgs/franka_msgs/srv/detail/set_cartesian_stiffness__type_support.cpp
[1.192s] -- Up-to-date: /home/adminlab/franka_ros2_ws/install/franka_msgs/include/franka_msgs/franka_msgs/srv/detail/set_joint_stiffness__type_support.cpp
[1.192s] -- Up-to-date: /home/adminlab/franka_ros2_ws/install/franka_msgs/include/franka_msgs/franka_msgs/srv/detail/set_tcp_frame__rosidl_typesupport_introspection_cpp.hpp
[1.192s] -- Up-to-date: /home/adminlab/franka_ros2_ws/install/franka_msgs/include/franka_msgs/franka_msgs/srv/detail/set_load__type_support.cpp
[1.192s] -- Up-to-date: /home/adminlab/franka_ros2_ws/install/franka_msgs/lib/libfranka_msgs__rosidl_typesupport_introspection_cpp.so
[1.192s] -- Up-to-date: /home/adminlab/franka_ros2_ws/install/franka_msgs/lib/libfranka_msgs__rosidl_typesupport_cpp.so
[1.192s] -- Up-to-date: /home/adminlab/franka_ros2_ws/install/franka_msgs/share/franka_msgs/environment/pythonpath.sh
[1.192s] -- Up-to-date: /home/adminlab/franka_ros2_ws/install/franka_msgs/share/franka_msgs/environment/pythonpath.dsv
[1.192s] -- Up-to-date: /home/adminlab/franka_ros2_ws/install/franka_msgs/local/lib/python3.10/dist-packages/franka_msgs-0.1.13-py3.10.egg-info
[1.192s] -- Installing: /home/adminlab/franka_ros2_ws/install/franka_msgs/local/lib/python3.10/dist-packages/franka_msgs-0.1.13-py3.10.egg-info/dependency_links.txt
[1.192s] -- Installing: /home/adminlab/franka_ros2_ws/install/franka_msgs/local/lib/python3.10/dist-packages/franka_msgs-0.1.13-py3.10.egg-info/SOURCES.txt
[1.193s] -- Installing: /home/adminlab/franka_ros2_ws/install/franka_msgs/local/lib/python3.10/dist-packages/franka_msgs-0.1.13-py3.10.egg-info/top_level.txt
[1.193s] -- Installing: /home/adminlab/franka_ros2_ws/install/franka_msgs/local/lib/python3.10/dist-packages/franka_msgs-0.1.13-py3.10.egg-info/PKG-INFO
[1.193s] -- Up-to-date: /home/adminlab/franka_ros2_ws/install/franka_msgs/local/lib/python3.10/dist-packages/franka_msgs
[1.193s] -- Up-to-date: /home/adminlab/franka_ros2_ws/install/franka_msgs/local/lib/python3.10/dist-packages/franka_msgs/_franka_msgs_s.ep.rosidl_typesupport_introspection_c.c
[1.193s] -- Up-to-date: /home/adminlab/franka_ros2_ws/install/franka_msgs/local/lib/python3.10/dist-packages/franka_msgs/__init__.py
[1.193s] -- Up-to-date: /home/adminlab/franka_ros2_ws/install/franka_msgs/local/lib/python3.10/dist-packages/franka_msgs/franka_msgs_s__rosidl_typesupport_c.cpython-310-x86_64-linux-gnu.so
[1.193s] -- Up-to-date: /home/adminlab/franka_ros2_ws/install/franka_msgs/local/lib/python3.10/dist-packages/franka_msgs/_franka_msgs_s.ep.rosidl_typesupport_c.c
[1.193s] -- Up-to-date: /home/adminlab/franka_ros2_ws/install/franka_msgs/local/lib/python3.10/dist-packages/franka_msgs/franka_msgs_s__rosidl_typesupport_introspection_c.cpython-310-x86_64-linux-gnu.so
[1.193s] -- Up-to-date: /home/adminlab/franka_ros2_ws/install/franka_msgs/local/lib/python3.10/dist-packages/franka_msgs/msg
[1.193s] -- Up-to-date: /home/adminlab/franka_ros2_ws/install/franka_msgs/local/lib/python3.10/dist-packages/franka_msgs/msg/_grasp_epsilon_s.c
[1.193s] -- Up-to-date: /home/adminlab/franka_ros2_ws/install/franka_msgs/local/lib/python3.10/dist-packages/franka_msgs/msg/__init__.py
[1.193s] -- Up-to-date: /home/adminlab/franka_ros2_ws/install/franka_msgs/local/lib/python3.10/dist-packages/franka_msgs/msg/_franka_robot_state.py
[1.193s] -- Up-to-date: /home/adminlab/franka_ros2_ws/install/franka_msgs/local/lib/python3.10/dist-packages/franka_msgs/msg/_elbow.py
[1.193s] -- Up-to-date: /home/adminlab/franka_ros2_ws/install/franka_msgs/local/lib/python3.10/dist-packages/franka_msgs/msg/_franka_robot_state_s.c
[1.193s] -- Up-to-date: /home/adminlab/franka_ros2_ws/install/franka_msgs/local/lib/python3.10/dist-packages/franka_msgs/msg/_collision_indicators.py
[1.193s] -- Up-to-date: /home/adminlab/franka_ros2_ws/install/franka_msgs/local/lib/python3.10/dist-packages/franka_msgs/msg/_grasp_epsilon.py
[1.193s] -- Up-to-date: /home/adminlab/franka_ros2_ws/install/franka_msgs/local/lib/python3.10/dist-packages/franka_msgs/msg/_elbow_s.c
[1.193s] -- Up-to-date: /home/adminlab/franka_ros2_ws/install/franka_msgs/local/lib/python3.10/dist-packages/franka_msgs/msg/_errors_s.c
[1.193s] -- Up-to-date: /home/adminlab/franka_ros2_ws/install/franka_msgs/local/lib/python3.10/dist-packages/franka_msgs/msg/_errors.py
[1.193s] -- Up-to-date: /home/adminlab/franka_ros2_ws/install/franka_msgs/local/lib/python3.10/dist-packages/franka_msgs/msg/_collision_indicators_s.c
[1.193s] -- Up-to-date: /home/adminlab/franka_ros2_ws/install/franka_msgs/local/lib/python3.10/dist-packages/franka_msgs/action
[1.193s] -- Up-to-date: /home/adminlab/franka_ros2_ws/install/franka_msgs/local/lib/python3.10/dist-packages/franka_msgs/action/__init__.py
[1.193s] -- Up-to-date: /home/adminlab/franka_ros2_ws/install/franka_msgs/local/lib/python3.10/dist-packages/franka_msgs/action/_move.py
[1.193s] -- Up-to-date: /home/adminlab/franka_ros2_ws/install/franka_msgs/local/lib/python3.10/dist-packages/franka_msgs/action/_move_s.c
[1.193s] -- Up-to-date: /home/adminlab/franka_ros2_ws/install/franka_msgs/local/lib/python3.10/dist-packages/franka_msgs/action/_grasp_s.c
[1.194s] -- Up-to-date: /home/adminlab/franka_ros2_ws/install/franka_msgs/local/lib/python3.10/dist-packages/franka_msgs/action/_homing.py
[1.194s] -- Up-to-date: /home/adminlab/franka_ros2_ws/install/franka_msgs/local/lib/python3.10/dist-packages/franka_msgs/action/_homing_s.c
[1.194s] -- Up-to-date: /home/adminlab/franka_ros2_ws/install/franka_msgs/local/lib/python3.10/dist-packages/franka_msgs/action/_grasp.py
[1.194s] -- Up-to-date: /home/adminlab/franka_ros2_ws/install/franka_msgs/local/lib/python3.10/dist-packages/franka_msgs/franka_msgs_s__rosidl_typesupport_fastrtps_c.cpython-310-x86_64-linux-gnu.so
[1.194s] -- Up-to-date: /home/adminlab/franka_ros2_ws/install/franka_msgs/local/lib/python3.10/dist-packages/franka_msgs/srv
[1.194s] -- Up-to-date: /home/adminlab/franka_ros2_ws/install/franka_msgs/local/lib/python3.10/dist-packages/franka_msgs/srv/__init__.py
[1.194s] -- Up-to-date: /home/adminlab/franka_ros2_ws/install/franka_msgs/local/lib/python3.10/dist-packages/franka_msgs/srv/_set_full_collision_behavior.py
[1.194s] -- Up-to-date: /home/adminlab/franka_ros2_ws/install/franka_msgs/local/lib/python3.10/dist-packages/franka_msgs/srv/_set_stiffness_frame_s.c
[1.194s] -- Up-to-date: /home/adminlab/franka_ros2_ws/install/franka_msgs/local/lib/python3.10/dist-packages/franka_msgs/srv/_set_joint_stiffness.py
[1.194s] -- Up-to-date: /home/adminlab/franka_ros2_ws/install/franka_msgs/local/lib/python3.10/dist-packages/franka_msgs/srv/_set_force_torque_collision_behavior_s.c
[1.194s] -- Up-to-date: /home/adminlab/franka_ros2_ws/install/franka_msgs/local/lib/python3.10/dist-packages/franka_msgs/srv/_set_cartesian_stiffness_s.c
[1.194s] -- Up-to-date: /home/adminlab/franka_ros2_ws/install/franka_msgs/local/lib/python3.10/dist-packages/franka_msgs/srv/_set_tcp_frame_s.c
[1.194s] -- Up-to-date: /home/adminlab/franka_ros2_ws/install/franka_msgs/local/lib/python3.10/dist-packages/franka_msgs/srv/_set_stiffness_frame.py
[1.194s] -- Up-to-date: /home/adminlab/franka_ros2_ws/install/franka_msgs/local/lib/python3.10/dist-packages/franka_msgs/srv/_set_force_torque_collision_behavior.py
[1.194s] -- Up-to-date: /home/adminlab/franka_ros2_ws/install/franka_msgs/local/lib/python3.10/dist-packages/franka_msgs/srv/_set_full_collision_behavior_s.c
[1.194s] -- Up-to-date: /home/adminlab/franka_ros2_ws/install/franka_msgs/local/lib/python3.10/dist-packages/franka_msgs/srv/_set_joint_stiffness_s.c
[1.194s] -- Up-to-date: /home/adminlab/franka_ros2_ws/install/franka_msgs/local/lib/python3.10/dist-packages/franka_msgs/srv/_set_load.py
[1.194s] -- Up-to-date: /home/adminlab/franka_ros2_ws/install/franka_msgs/local/lib/python3.10/dist-packages/franka_msgs/srv/_set_load_s.c
[1.194s] -- Up-to-date: /home/adminlab/franka_ros2_ws/install/franka_msgs/local/lib/python3.10/dist-packages/franka_msgs/srv/_set_cartesian_stiffness.py
[1.194s] -- Up-to-date: /home/adminlab/franka_ros2_ws/install/franka_msgs/local/lib/python3.10/dist-packages/franka_msgs/srv/_set_tcp_frame.py
[1.194s] -- Up-to-date: /home/adminlab/franka_ros2_ws/install/franka_msgs/local/lib/python3.10/dist-packages/franka_msgs/_franka_msgs_s.ep.rosidl_typesupport_fastrtps_c.c
[1.194s] -- Up-to-date: /home/adminlab/franka_ros2_ws/install/franka_msgs/local/lib/python3.10/dist-packages/franka_msgs/libfranka_msgs__rosidl_generator_py.so
[1.211s] Listing '/home/adminlab/franka_ros2_ws/install/franka_msgs/local/lib/python3.10/dist-packages/franka_msgs'...
[1.211s] Listing '/home/adminlab/franka_ros2_ws/install/franka_msgs/local/lib/python3.10/dist-packages/franka_msgs/action'...
[1.211s] Listing '/home/adminlab/franka_ros2_ws/install/franka_msgs/local/lib/python3.10/dist-packages/franka_msgs/msg'...
[1.211s] Listing '/home/adminlab/franka_ros2_ws/install/franka_msgs/local/lib/python3.10/dist-packages/franka_msgs/srv'...
[1.214s] -- Up-to-date: /home/adminlab/franka_ros2_ws/install/franka_msgs/local/lib/python3.10/dist-packages/franka_msgs/franka_msgs_s__rosidl_typesupport_fastrtps_c.cpython-310-x86_64-linux-gnu.so
[1.215s] -- Up-to-date: /home/adminlab/franka_ros2_ws/install/franka_msgs/local/lib/python3.10/dist-packages/franka_msgs/franka_msgs_s__rosidl_typesupport_introspection_c.cpython-310-x86_64-linux-gnu.so
[1.216s] -- Up-to-date: /home/adminlab/franka_ros2_ws/install/franka_msgs/local/lib/python3.10/dist-packages/franka_msgs/franka_msgs_s__rosidl_typesupport_c.cpython-310-x86_64-linux-gnu.so
[1.217s] -- Up-to-date: /home/adminlab/franka_ros2_ws/install/franka_msgs/lib/libfranka_msgs__rosidl_generator_py.so
[1.217s] -- Up-to-date: /home/adminlab/franka_ros2_ws/install/franka_msgs/share/franka_msgs/action/Grasp.idl
[1.217s] -- Up-to-date: /home/adminlab/franka_ros2_ws/install/franka_msgs/share/franka_msgs/action/Homing.idl
[1.217s] -- Up-to-date: /home/adminlab/franka_ros2_ws/install/franka_msgs/share/franka_msgs/action/Move.idl
[1.217s] -- Up-to-date: /home/adminlab/franka_ros2_ws/install/franka_msgs/share/franka_msgs/msg/CollisionIndicators.idl
[1.217s] -- Up-to-date: /home/adminlab/franka_ros2_ws/install/franka_msgs/share/franka_msgs/msg/Elbow.idl
[1.217s] -- Up-to-date: /home/adminlab/franka_ros2_ws/install/franka_msgs/share/franka_msgs/msg/Errors.idl
[1.217s] -- Up-to-date: /home/adminlab/franka_ros2_ws/install/franka_msgs/share/franka_msgs/msg/GraspEpsilon.idl
[1.217s] -- Up-to-date: /home/adminlab/franka_ros2_ws/install/franka_msgs/share/franka_msgs/msg/FrankaRobotState.idl
[1.217s] -- Up-to-date: /home/adminlab/franka_ros2_ws/install/franka_msgs/share/franka_msgs/srv/SetCartesianStiffness.idl
[1.217s] -- Up-to-date: /home/adminlab/franka_ros2_ws/install/franka_msgs/share/franka_msgs/srv/SetTCPFrame.idl
[1.217s] -- Up-to-date: /home/adminlab/franka_ros2_ws/install/franka_msgs/share/franka_msgs/srv/SetForceTorqueCollisionBehavior.idl
[1.217s] -- Up-to-date: /home/adminlab/franka_ros2_ws/install/franka_msgs/share/franka_msgs/srv/SetFullCollisionBehavior.idl
[1.218s] -- Up-to-date: /home/adminlab/franka_ros2_ws/install/franka_msgs/share/franka_msgs/srv/SetJointStiffness.idl
[1.218s] -- Up-to-date: /home/adminlab/franka_ros2_ws/install/franka_msgs/share/franka_msgs/srv/SetStiffnessFrame.idl
[1.218s] -- Up-to-date: /home/adminlab/franka_ros2_ws/install/franka_msgs/share/franka_msgs/srv/SetLoad.idl
[1.218s] -- Up-to-date: /home/adminlab/franka_ros2_ws/install/franka_msgs/share/franka_msgs/action/Grasp.action
[1.218s] -- Up-to-date: /home/adminlab/franka_ros2_ws/install/franka_msgs/share/franka_msgs/action/Homing.action
[1.218s] -- Up-to-date: /home/adminlab/franka_ros2_ws/install/franka_msgs/share/franka_msgs/action/Move.action
[1.218s] -- Up-to-date: /home/adminlab/franka_ros2_ws/install/franka_msgs/share/franka_msgs/msg/CollisionIndicators.msg
[1.218s] -- Up-to-date: /home/adminlab/franka_ros2_ws/install/franka_msgs/share/franka_msgs/msg/Elbow.msg
[1.218s] -- Up-to-date: /home/adminlab/franka_ros2_ws/install/franka_msgs/share/franka_msgs/msg/Errors.msg
[1.218s] -- Up-to-date: /home/adminlab/franka_ros2_ws/install/franka_msgs/share/franka_msgs/msg/GraspEpsilon.msg
[1.218s] -- Up-to-date: /home/adminlab/franka_ros2_ws/install/franka_msgs/share/franka_msgs/msg/FrankaRobotState.msg
[1.218s] -- Up-to-date: /home/adminlab/franka_ros2_ws/install/franka_msgs/share/franka_msgs/srv/SetCartesianStiffness.srv
[1.218s] -- Up-to-date: /home/adminlab/franka_ros2_ws/install/franka_msgs/share/franka_msgs/srv/SetCartesianStiffness_Request.msg
[1.218s] -- Up-to-date: /home/adminlab/franka_ros2_ws/install/franka_msgs/share/franka_msgs/srv/SetCartesianStiffness_Response.msg
[1.218s] -- Up-to-date: /home/adminlab/franka_ros2_ws/install/franka_msgs/share/franka_msgs/srv/SetTCPFrame.srv
[1.218s] -- Up-to-date: /home/adminlab/franka_ros2_ws/install/franka_msgs/share/franka_msgs/srv/SetTCPFrame_Request.msg
[1.218s] -- Up-to-date: /home/adminlab/franka_ros2_ws/install/franka_msgs/share/franka_msgs/srv/SetTCPFrame_Response.msg
[1.218s] -- Up-to-date: /home/adminlab/franka_ros2_ws/install/franka_msgs/share/franka_msgs/srv/SetForceTorqueCollisionBehavior.srv
[1.219s] -- Up-to-date: /home/adminlab/franka_ros2_ws/install/franka_msgs/share/franka_msgs/srv/SetForceTorqueCollisionBehavior_Request.msg
[1.219s] -- Up-to-date: /home/adminlab/franka_ros2_ws/install/franka_msgs/share/franka_msgs/srv/SetForceTorqueCollisionBehavior_Response.msg
[1.219s] -- Up-to-date: /home/adminlab/franka_ros2_ws/install/franka_msgs/share/franka_msgs/srv/SetFullCollisionBehavior.srv
[1.219s] -- Up-to-date: /home/adminlab/franka_ros2_ws/install/franka_msgs/share/franka_msgs/srv/SetFullCollisionBehavior_Request.msg
[1.219s] -- Up-to-date: /home/adminlab/franka_ros2_ws/install/franka_msgs/share/franka_msgs/srv/SetFullCollisionBehavior_Response.msg
[1.219s] -- Up-to-date: /home/adminlab/franka_ros2_ws/install/franka_msgs/share/franka_msgs/srv/SetJointStiffness.srv
[1.219s] -- Up-to-date: /home/adminlab/franka_ros2_ws/install/franka_msgs/share/franka_msgs/srv/SetJointStiffness_Request.msg
[1.219s] -- Up-to-date: /home/adminlab/franka_ros2_ws/install/franka_msgs/share/franka_msgs/srv/SetJointStiffness_Response.msg
[1.219s] -- Up-to-date: /home/adminlab/franka_ros2_ws/install/franka_msgs/share/franka_msgs/srv/SetStiffnessFrame.srv
[1.219s] -- Up-to-date: /home/adminlab/franka_ros2_ws/install/franka_msgs/share/franka_msgs/srv/SetStiffnessFrame_Request.msg
[1.219s] -- Up-to-date: /home/adminlab/franka_ros2_ws/install/franka_msgs/share/franka_msgs/srv/SetStiffnessFrame_Response.msg
[1.219s] -- Up-to-date: /home/adminlab/franka_ros2_ws/install/franka_msgs/share/franka_msgs/srv/SetLoad.srv
[1.219s] -- Up-to-date: /home/adminlab/franka_ros2_ws/install/franka_msgs/share/franka_msgs/srv/SetLoad_Request.msg
[1.219s] -- Up-to-date: /home/adminlab/franka_ros2_ws/install/franka_msgs/share/franka_msgs/srv/SetLoad_Response.msg
[1.219s] -- Up-to-date: /home/adminlab/franka_ros2_ws/install/franka_msgs/share/ament_index/resource_index/package_run_dependencies/franka_msgs
[1.219s] -- Up-to-date: /home/adminlab/franka_ros2_ws/install/franka_msgs/share/ament_index/resource_index/parent_prefix_path/franka_msgs
[1.220s] -- Up-to-date: /home/adminlab/franka_ros2_ws/install/franka_msgs/share/franka_msgs/environment/ament_prefix_path.sh
[1.220s] -- Up-to-date: /home/adminlab/franka_ros2_ws/install/franka_msgs/share/franka_msgs/environment/ament_prefix_path.dsv
[1.220s] -- Up-to-date: /home/adminlab/franka_ros2_ws/install/franka_msgs/share/franka_msgs/environment/path.sh
[1.220s] -- Up-to-date: /home/adminlab/franka_ros2_ws/install/franka_msgs/share/franka_msgs/environment/path.dsv
[1.220s] -- Up-to-date: /home/adminlab/franka_ros2_ws/install/franka_msgs/share/franka_msgs/local_setup.bash
[1.220s] -- Up-to-date: /home/adminlab/franka_ros2_ws/install/franka_msgs/share/franka_msgs/local_setup.sh
[1.220s] -- Up-to-date: /home/adminlab/franka_ros2_ws/install/franka_msgs/share/franka_msgs/local_setup.zsh
[1.220s] -- Up-to-date: /home/adminlab/franka_ros2_ws/install/franka_msgs/share/franka_msgs/local_setup.dsv
[1.220s] -- Installing: /home/adminlab/franka_ros2_ws/install/franka_msgs/share/franka_msgs/package.dsv
[1.220s] -- Up-to-date: /home/adminlab/franka_ros2_ws/install/franka_msgs/share/ament_index/resource_index/packages/franka_msgs
[1.221s] -- Up-to-date: /home/adminlab/franka_ros2_ws/install/franka_msgs/share/franka_msgs/cmake/export_franka_msgs__rosidl_generator_cExport.cmake
[1.221s] -- Up-to-date: /home/adminlab/franka_ros2_ws/install/franka_msgs/share/franka_msgs/cmake/export_franka_msgs__rosidl_generator_cExport-noconfig.cmake
[1.221s] -- Up-to-date: /home/adminlab/franka_ros2_ws/install/franka_msgs/share/franka_msgs/cmake/export_franka_msgs__rosidl_typesupport_fastrtps_cExport.cmake
[1.221s] -- Up-to-date: /home/adminlab/franka_ros2_ws/install/franka_msgs/share/franka_msgs/cmake/export_franka_msgs__rosidl_typesupport_fastrtps_cExport-noconfig.cmake
[1.222s] -- Up-to-date: /home/adminlab/franka_ros2_ws/install/franka_msgs/share/franka_msgs/cmake/franka_msgs__rosidl_typesupport_introspection_cExport.cmake
[1.222s] -- Up-to-date: /home/adminlab/franka_ros2_ws/install/franka_msgs/share/franka_msgs/cmake/franka_msgs__rosidl_typesupport_introspection_cExport-noconfig.cmake
[1.223s] -- Up-to-date: /home/adminlab/franka_ros2_ws/install/franka_msgs/share/franka_msgs/cmake/franka_msgs__rosidl_typesupport_cExport.cmake
[1.223s] -- Up-to-date: /home/adminlab/franka_ros2_ws/install/franka_msgs/share/franka_msgs/cmake/franka_msgs__rosidl_typesupport_cExport-noconfig.cmake
[1.223s] -- Up-to-date: /home/adminlab/franka_ros2_ws/install/franka_msgs/share/franka_msgs/cmake/export_franka_msgs__rosidl_generator_cppExport.cmake
[1.223s] -- Up-to-date: /home/adminlab/franka_ros2_ws/install/franka_msgs/share/franka_msgs/cmake/export_franka_msgs__rosidl_typesupport_fastrtps_cppExport.cmake
[1.224s] -- Up-to-date: /home/adminlab/franka_ros2_ws/install/franka_msgs/share/franka_msgs/cmake/export_franka_msgs__rosidl_typesupport_fastrtps_cppExport-noconfig.cmake
[1.224s] -- Up-to-date: /home/adminlab/franka_ros2_ws/install/franka_msgs/share/franka_msgs/cmake/franka_msgs__rosidl_typesupport_introspection_cppExport.cmake
[1.224s] -- Up-to-date: /home/adminlab/franka_ros2_ws/install/franka_msgs/share/franka_msgs/cmake/franka_msgs__rosidl_typesupport_introspection_cppExport-noconfig.cmake
[1.224s] -- Up-to-date: /home/adminlab/franka_ros2_ws/install/franka_msgs/share/franka_msgs/cmake/franka_msgs__rosidl_typesupport_cppExport.cmake
[1.224s] -- Up-to-date: /home/adminlab/franka_ros2_ws/install/franka_msgs/share/franka_msgs/cmake/franka_msgs__rosidl_typesupport_cppExport-noconfig.cmake
[1.224s] -- Up-to-date: /home/adminlab/franka_ros2_ws/install/franka_msgs/share/franka_msgs/cmake/export_franka_msgs__rosidl_generator_pyExport.cmake
[1.225s] -- Up-to-date: /home/adminlab/franka_ros2_ws/install/franka_msgs/share/franka_msgs/cmake/export_franka_msgs__rosidl_generator_pyExport-noconfig.cmake
[1.225s] -- Up-to-date: /home/adminlab/franka_ros2_ws/install/franka_msgs/share/franka_msgs/cmake/rosidl_cmake-extras.cmake
[1.225s] -- Up-to-date: /home/adminlab/franka_ros2_ws/install/franka_msgs/share/franka_msgs/cmake/ament_cmake_export_dependencies-extras.cmake
[1.225s] -- Up-to-date: /home/adminlab/franka_ros2_ws/install/franka_msgs/share/franka_msgs/cmake/ament_cmake_export_include_directories-extras.cmake
[1.226s] -- Up-to-date: /home/adminlab/franka_ros2_ws/install/franka_msgs/share/franka_msgs/cmake/ament_cmake_export_libraries-extras.cmake
[1.226s] -- Up-to-date: /home/adminlab/franka_ros2_ws/install/franka_msgs/share/franka_msgs/cmake/ament_cmake_export_targets-extras.cmake
[1.226s] -- Up-to-date: /home/adminlab/franka_ros2_ws/install/franka_msgs/share/franka_msgs/cmake/rosidl_cmake_export_typesupport_targets-extras.cmake
[1.226s] -- Up-to-date: /home/adminlab/franka_ros2_ws/install/franka_msgs/share/franka_msgs/cmake/rosidl_cmake_export_typesupport_libraries-extras.cmake
[1.227s] -- Up-to-date: /home/adminlab/franka_ros2_ws/install/franka_msgs/share/franka_msgs/cmake/franka_msgsConfig.cmake
[1.227s] -- Up-to-date: /home/adminlab/franka_ros2_ws/install/franka_msgs/share/franka_msgs/cmake/franka_msgsConfig-version.cmake
[1.227s] -- Up-to-date: /home/adminlab/franka_ros2_ws/install/franka_msgs/share/franka_msgs/package.xml
[1.415s] Invoked command in '/home/adminlab/franka_ros2_ws/build/franka_msgs' returned '0': CMAKE_PREFIX_PATH=/opt/ros/humble /usr/bin/cmake --install /home/adminlab/franka_ros2_ws/build/franka_msgs
