[0.029s] Invoking command in '/home/adminlab/franka_ros2_ws/build/moveit_ros_visualization': AMENT_PREFIX_PATH=/home/adminlab/franka_ros2_ws/install/moveit_ros_planning_interface:/home/adminlab/franka_ros2_ws/install/moveit_ros_move_group:/home/adminlab/franka_ros2_ws/install/moveit_ros_warehouse:/home/adminlab/franka_ros2_ws/install/moveit_ros_robot_interaction:/home/adminlab/franka_ros2_ws/install/moveit_kinematics:/home/adminlab/franka_ros2_ws/install/moveit_ros_planning:/home/adminlab/franka_ros2_ws/install/moveit_ros_occupancy_map_monitor:/home/adminlab/franka_ros2_ws/install/moveit_core:/home/adminlab/franka_ros2_ws/install/generate_parameter_library_py:/home/adminlab/franka_ros2_ws/install/moveit_configs_utils:/home/adminlab/franka_ros2_ws/install/srdfdom:/home/adminlab/franka_ros2_ws/install/rviz_marker_tools:/home/adminlab/franka_ros2_ws/install/rosparam_shortcuts:/home/adminlab/franka_ros2_ws/install/ros_testing:/home/adminlab/franka_ros2_ws/install/ros2test:/home/adminlab/franka_ros2_ws/install/opencv_cam:/home/adminlab/franka_ros2_ws/install/ros2_shared:/home/adminlab/franka_ros2_ws/install/realsense2_description:/home/adminlab/franka_ros2_ws/install/realsense2_camera_msgs:/home/adminlab/franka_ros2_ws/install/joint_trajectory_controller:/home/adminlab/franka_ros2_ws/install/generate_parameter_module_example:/home/adminlab/franka_ros2_ws/install/generate_parameter_library_example:/home/adminlab/franka_ros2_ws/install/franka_bringup:/home/adminlab/franka_ros2_ws/install/franka_robot_state_broadcaster:/home/adminlab/franka_ros2_ws/install/cmake_generate_parameter_module_example:/home/adminlab/franka_ros2_ws/install/generate_parameter_library:/home/adminlab/franka_ros2_ws/install/parameter_traits:/home/adminlab/franka_ros2_ws/install/moveit_task_constructor_msgs:/home/adminlab/franka_ros2_ws/install/moveit_resources_prbt_support:/home/adminlab/franka_ros2_ws/install/moveit_resources:/home/adminlab/franka_ros2_ws/install/moveit_resources_pr2_description:/home/adminlab/franka_ros2_ws/install/moveit_resources_panda_moveit_config:/home/adminlab/franka_ros2_ws/install/moveit_resources_panda_description:/home/adminlab/franka_ros2_ws/install/moveit_resources_fanuc_moveit_config:/home/adminlab/franka_ros2_ws/install/moveit_resources_fanuc_description:/home/adminlab/franka_ros2_ws/install/moveit_msgs:/home/adminlab/franka_ros2_ws/install/moveit_common:/home/adminlab/franka_ros2_ws/install/launch_param_builder:/home/adminlab/franka_ros2_ws/install/integration_launch_testing:/home/adminlab/franka_ros2_ws/install/franka_example_controllers:/home/adminlab/franka_ros2_ws/install/franka_semantic_components:/home/adminlab/franka_ros2_ws/install/franka_hardware:/home/adminlab/franka_ros2_ws/install/franka_gripper:/home/adminlab/franka_ros2_ws/install/franka_msgs:/home/adminlab/franka_ros2_ws/install/franka_description:/home/adminlab/franka_ros2_ws/install/camera_publisher:/opt/ros/humble CMAKE_PREFIX_PATH=/home/adminlab/franka_ros2_ws/install/moveit_ros_planning_interface:/home/adminlab/franka_ros2_ws/install/moveit_ros_move_group:/home/adminlab/franka_ros2_ws/install/moveit_ros_warehouse:/home/adminlab/franka_ros2_ws/install/moveit_ros_robot_interaction:/home/adminlab/franka_ros2_ws/install/moveit_kinematics:/home/adminlab/franka_ros2_ws/install/moveit_ros_planning:/home/adminlab/franka_ros2_ws/install/moveit_ros_occupancy_map_monitor:/home/adminlab/franka_ros2_ws/install/moveit_core:/home/adminlab/franka_ros2_ws/install/generate_parameter_library:/home/adminlab/franka_ros2_ws/install/srdfdom:/home/adminlab/franka_ros2_ws/install/parameter_traits:/home/adminlab/franka_ros2_ws/install/moveit_msgs:/home/adminlab/franka_ros2_ws/install/moveit_common:/home/adminlab/franka_ros2_ws/install/rviz_marker_tools:/home/adminlab/franka_ros2_ws/install/rosparam_shortcuts:/home/adminlab/franka_ros2_ws/install/ros_testing:/home/adminlab/franka_ros2_ws/install/opencv_cam:/home/adminlab/franka_ros2_ws/install/ros2_shared:/home/adminlab/franka_ros2_ws/install/realsense2_description:/home/adminlab/franka_ros2_ws/install/realsense2_camera_msgs:/home/adminlab/franka_ros2_ws/install/joint_trajectory_controller:/home/adminlab/franka_ros2_ws/install/generate_parameter_library_example:/home/adminlab/franka_ros2_ws/install/franka_bringup:/home/adminlab/franka_ros2_ws/install/franka_robot_state_broadcaster:/home/adminlab/franka_ros2_ws/install/cmake_generate_parameter_module_example:/home/adminlab/franka_ros2_ws/install/moveit_task_constructor_msgs:/home/adminlab/franka_ros2_ws/install/moveit_resources_prbt_support:/home/adminlab/franka_ros2_ws/install/moveit_resources:/home/adminlab/franka_ros2_ws/install/moveit_resources_pr2_description:/home/adminlab/franka_ros2_ws/install/moveit_resources_panda_moveit_config:/home/adminlab/franka_ros2_ws/install/moveit_resources_panda_description:/home/adminlab/franka_ros2_ws/install/moveit_resources_fanuc_moveit_config:/home/adminlab/franka_ros2_ws/install/moveit_resources_fanuc_description:/home/adminlab/franka_ros2_ws/install/integration_launch_testing:/home/adminlab/franka_ros2_ws/install/franka_example_controllers:/home/adminlab/franka_ros2_ws/install/franka_semantic_components:/home/adminlab/franka_ros2_ws/install/moveit_configs_utils:/home/adminlab/franka_ros2_ws/install/ros2test:/home/adminlab/franka_ros2_ws/install/generate_parameter_module_example:/home/adminlab/franka_ros2_ws/install/launch_param_builder:/home/adminlab/franka_ros2_ws/install/generate_parameter_library_py:/home/adminlab/franka_ros2_ws/install/camera_publisher:/opt/ros/humble:/home/adminlab/franka_ros2_ws/install/franka_custom_controller:/home/adminlab/franka_ros2_ws/install/franka_hardware:/home/adminlab/franka_ros2_ws/install/franka_gripper:/home/adminlab/franka_ros2_ws/install/franka_msgs:/home/adminlab/franka_ros2_ws/install/franka_description LD_LIBRARY_PATH=/home/adminlab/franka_ros2_ws/install/moveit_ros_planning_interface/lib:/home/adminlab/franka_ros2_ws/install/moveit_ros_move_group/lib:/home/adminlab/franka_ros2_ws/install/moveit_ros_warehouse/lib:/home/adminlab/franka_ros2_ws/install/moveit_ros_robot_interaction/lib:/home/adminlab/franka_ros2_ws/install/moveit_kinematics/lib:/home/adminlab/franka_ros2_ws/install/moveit_ros_planning/lib:/home/adminlab/franka_ros2_ws/install/moveit_ros_occupancy_map_monitor/lib:/home/adminlab/franka_ros2_ws/install/moveit_core/lib:/home/adminlab/franka_ros2_ws/install/srdfdom/lib:/home/adminlab/franka_ros2_ws/install/moveit_msgs/lib:/home/adminlab/franka_ros2_ws/install/rviz_marker_tools/lib:/home/adminlab/franka_ros2_ws/install/rosparam_shortcuts/lib:/home/adminlab/franka_ros2_ws/install/opencv_cam/lib:/home/adminlab/franka_ros2_ws/install/realsense2_camera_msgs/lib:/home/adminlab/franka_ros2_ws/install/joint_trajectory_controller/lib:/home/adminlab/franka_ros2_ws/install/generate_parameter_library_example/lib:/home/adminlab/franka_ros2_ws/install/franka_robot_state_broadcaster/lib:/home/adminlab/franka_ros2_ws/install/parameter_traits/lib:/home/adminlab/franka_ros2_ws/install/moveit_task_constructor_msgs/lib:/home/adminlab/franka_ros2_ws/install/integration_launch_testing/lib:/home/adminlab/franka_ros2_ws/install/franka_example_controllers/lib:/home/adminlab/franka_ros2_ws/install/franka_semantic_components/lib:/home/adminlab/franka_ros2_ws/install/franka_custom_controller/lib:/home/adminlab/franka_ros2_ws/install/franka_hardware/lib:/home/adminlab/franka_ros2_ws/install/franka_gripper/lib:/home/adminlab/franka_ros2_ws/install/franka_msgs/lib:/opt/ros/humble/opt/rviz_ogre_vendor/lib:/opt/ros/humble/lib/x86_64-linux-gnu:/opt/ros/humble/lib PATH=/home/adminlab/franka_ros2_ws/install/moveit_core/bin:${PATH} PYTHONPATH=/home/adminlab/franka_ros2_ws/install/generate_parameter_library_py/lib/python3.10/site-packages:/home/adminlab/franka_ros2_ws/install/moveit_configs_utils/lib/python3.10/site-packages:/home/adminlab/franka_ros2_ws/install/srdfdom/local/lib/python3.10/dist-packages:/home/adminlab/franka_ros2_ws/install/ros2test/lib/python3.10/site-packages:/home/adminlab/franka_ros2_ws/install/realsense2_camera_msgs/local/lib/python3.10/dist-packages:/home/adminlab/franka_ros2_ws/install/generate_parameter_module_example/lib/python3.10/site-packages:/home/adminlab/franka_ros2_ws/install/cmake_generate_parameter_module_example/local/lib/python3.10/dist-packages:/home/adminlab/franka_ros2_ws/install/moveit_task_constructor_msgs/local/lib/python3.10/dist-packages:/home/adminlab/franka_ros2_ws/install/moveit_msgs/local/lib/python3.10/dist-packages:/home/adminlab/franka_ros2_ws/install/launch_param_builder/lib/python3.10/site-packages:/home/adminlab/franka_ros2_ws/install/franka_gripper/local/lib/python3.10/dist-packages:/home/adminlab/franka_ros2_ws/install/franka_msgs/local/lib/python3.10/dist-packages:/home/adminlab/franka_ros2_ws/install/camera_publisher/lib/python3.10/site-packages:/opt/ros/humble/lib/python3.10/site-packages:/opt/ros/humble/local/lib/python3.10/dist-packages /usr/bin/cmake /home/adminlab/franka_ros2_ws/src/moveit2/moveit_ros/visualization -DCMAKE_INSTALL_PREFIX=/home/adminlab/franka_ros2_ws/install/moveit_ros_visualization
[0.066s] -- The C compiler identification is GNU 11.4.0
[0.103s] -- The CXX compiler identification is GNU 11.4.0
[0.108s] -- Detecting C compiler ABI info
[0.155s] -- Detecting C compiler ABI info - done
[0.162s] -- Check for working C compiler: /usr/bin/cc - skipped
[0.162s] -- Detecting C compile features
[0.163s] -- Detecting C compile features - done
[0.166s] -- Detecting CXX compiler ABI info
[0.224s] -- Detecting CXX compiler ABI info - done
[0.232s] -- Check for working CXX compiler: /usr/bin/c++ - skipped
[0.232s] -- Detecting CXX compile features
[0.232s] -- Detecting CXX compile features - done
[0.234s] -- Found moveit_common: 2.5.5 (/home/adminlab/franka_ros2_ws/install/moveit_common/share/moveit_common/cmake)
[0.239s] -- Found ament_cmake: 1.3.9 (/opt/ros/humble/share/ament_cmake/cmake)
[0.376s] -- Found Python3: /usr/bin/python3 (found version "3.10.12") found components: Interpreter 
[0.528s] -- Found libdw: /usr/lib/x86_64-linux-gnu/libdw.so  
[0.535s] -- Could NOT find libbfd (missing: LIBBFD_LIBRARY LIBBFD_INCLUDE_DIR) 
[0.535s] -- BACKWARD_HAS_UNWIND=1
[0.535s] -- BACKWARD_HAS_BACKTRACE=0
[0.535s] -- BACKWARD_HAS_BACKTRACE_SYMBOL=0
[0.535s] -- BACKWARD_HAS_DW=1
[0.535s] -- BACKWARD_HAS_BFD=0
[0.536s] -- Found Backward: /opt/ros/humble/share/backward_ros/cmake  
[0.536s] [0mmoveit_ros_visualization: You did not request a specific build type: Choosing 'Release' for maximum performance[0m
[0.541s] -- Found class_loader: 2.2.0 (/opt/ros/humble/share/class_loader/cmake)
[0.557s] -- Found geometric_shapes: 2.1.3 (/opt/ros/humble/share/geometric_shapes/cmake)
[0.569s] -- Found Boost: /usr/lib/x86_64-linux-gnu/cmake/Boost-1.74.0/BoostConfig.cmake (found version "1.74.0") found components: filesystem 
[0.617s] -- Found rosidl_generator_c: 3.1.5 (/opt/ros/humble/share/rosidl_generator_c/cmake)
[0.624s] -- Found rosidl_adapter: 3.1.5 (/opt/ros/humble/share/rosidl_adapter/cmake)
[0.632s] -- Found rosidl_generator_cpp: 3.1.5 (/opt/ros/humble/share/rosidl_generator_cpp/cmake)
[0.645s] -- Using all available rosidl_typesupport_c: rosidl_typesupport_fastrtps_c;rosidl_typesupport_introspection_c
[0.659s] -- Using all available rosidl_typesupport_cpp: rosidl_typesupport_fastrtps_cpp;rosidl_typesupport_introspection_cpp
[0.799s] -- Found rmw_implementation_cmake: 6.1.2 (/opt/ros/humble/share/rmw_implementation_cmake/cmake)
[0.803s] -- Found rmw_fastrtps_cpp: 6.2.6 (/opt/ros/humble/share/rmw_fastrtps_cpp/cmake)
[0.881s] -- Found OpenSSL: /usr/lib/x86_64-linux-gnu/libcrypto.so (found version "3.0.2")  
[0.899s] -- Found FastRTPS: /opt/ros/humble/include  
[0.935s] -- Using RMW implementation 'rmw_fastrtps_cpp' as default
[0.946s] -- Looking for pthread.h
[1.008s] -- Looking for pthread.h - found
[1.008s] -- Performing Test CMAKE_HAVE_LIBC_PTHREAD
[1.073s] -- Performing Test CMAKE_HAVE_LIBC_PTHREAD - Success
[1.074s] -- Found Threads: TRUE  
[1.215s] -- library: /usr/lib/x86_64-linux-gnu/libcurl.so
[1.397s] -- Found interactive_markers: 2.3.2 (/opt/ros/humble/share/interactive_markers/cmake)
[1.410s] -- Found moveit_ros_planning: 2.5.5 (/home/adminlab/franka_ros2_ws/install/moveit_ros_planning/share/moveit_ros_planning/cmake)
[1.433s] -- Found Boost: /usr/lib/x86_64-linux-gnu/cmake/Boost-1.74.0/BoostConfig.cmake (found version "1.74.0") found components: system filesystem date_time program_options thread chrono 
[1.728s] -- Found Boost: /usr/lib/x86_64-linux-gnu/cmake/Boost-1.74.0/BoostConfig.cmake (found version "1.74.0") found components: chrono date_time filesystem iostreams program_options regex serialization system thread 
[1.757s] -- Found parameter_traits: 0.3.7 (/home/adminlab/franka_ros2_ws/install/parameter_traits/share/parameter_traits/cmake)
[1.772s] -- Found Eigen3: TRUE (found version "3.4.0") 
[1.775s] -- Found rclcpp_lifecycle: 16.0.9 (/opt/ros/humble/share/rclcpp_lifecycle/cmake)
[1.824s] -- Ensuring Eigen3 include directory is part of orocos-kdl CMake target
[2.621s] -- Found moveit_ros_planning_interface: 2.5.5 (/home/adminlab/franka_ros2_ws/install/moveit_ros_planning_interface/share/moveit_ros_planning_interface/cmake)
[2.625s] -- Found Boost: /usr/lib/x86_64-linux-gnu/cmake/Boost-1.74.0/BoostConfig.cmake (found version "1.74.0") found components: date_time filesystem program_options system thread 
[2.745s] -- Found Boost: /usr/lib/x86_64-linux-gnu/cmake/Boost-1.74.0/BoostConfig.cmake (found version "1.74.0") found components: thread system filesystem regex date_time program_options 
[2.901s] -- Found Boost: /usr/lib/x86_64-linux-gnu/cmake/Boost-1.74.0/BoostConfig.cmake (found version "1.74.0") found components: system filesystem date_time program_options thread 
[3.175s] -- Found moveit_ros_robot_interaction: 2.5.5 (/home/adminlab/franka_ros2_ws/install/moveit_ros_robot_interaction/share/moveit_ros_robot_interaction/cmake)
[3.260s] -- Found rclpy: 3.3.13 (/opt/ros/humble/share/rclpy/cmake)
[3.262s] -- Found rviz2: 11.2.12 (/opt/ros/humble/share/rviz2/cmake)
[3.266s] -- Found rviz_common: 11.2.12 (/opt/ros/humble/share/rviz_common/cmake)
[3.289s] -- Setting OGRE_DIR to: '/opt/ros/humble/share/rviz_ogre_vendor/cmake/../../../opt/rviz_ogre_vendor/lib/OGRE/cmake'
[3.290s] -- Found OGRE
[3.291s] --   static     : OFF
[3.291s] --   components : HLMS;MeshLodGenerator;Overlay;Paging;Property;RTShaderSystem;Terrain;Volume
[3.291s] --   plugins    : Plugin_BSPSceneManager;Plugin_OctreeSceneManager;Plugin_PCZSceneManager;Plugin_ParticleFX;RenderSystem_GL;RenderSystem_GL3Plus;Codec_STBI
[3.291s] --   media      : /opt/ros/humble/opt/rviz_ogre_vendor/share/OGRE/Media
[3.291s] -- OGRE_LIBRARIES: OgreHLMS;OgreMeshLodGenerator;OgreOverlay;OgrePaging;OgreProperty;OgreRTShaderSystem;OgreTerrain;OgreVolume;OgreMain
[3.291s] -- OGRE_LIBRARY_DIRS: /opt/ros/humble/opt/rviz_ogre_vendor/lib
[3.291s] -- OGRE_PLUGINS: Plugin_BSPSceneManager;Plugin_OctreeSceneManager;Plugin_PCZSceneManager;Plugin_ParticleFX;RenderSystem_GL;RenderSystem_GL3Plus;Codec_STBI
[3.291s] -- OGRE_PLUGIN_DIR: /opt/ros/humble/opt/rviz_ogre_vendor/lib/OGRE
[3.291s] -- rviz_ogre_vendor::OgreOverlay for IMPORTED_LOCATION_RELEASE: /opt/ros/humble/opt/rviz_ogre_vendor/lib/libOgreOverlay.so
[3.291s] -- rviz_ogre_vendor::OgreOverlay for IMPORTED_LOCATION_DEBUG: /opt/ros/humble/opt/rviz_ogre_vendor/lib/libOgreOverlay.so
[3.291s] -- rviz_ogre_vendor::OgreMain for IMPORTED_LOCATION_RELEASE: /opt/ros/humble/opt/rviz_ogre_vendor/lib/libOgreMain.so
[3.291s] -- rviz_ogre_vendor::OgreMain for IMPORTED_LOCATION_DEBUG: /opt/ros/humble/opt/rviz_ogre_vendor/lib/libOgreMain.so
[3.306s] -- Found ZLIB: /usr/lib/x86_64-linux-gnu/libz.so (found version "1.2.11") 
[3.310s] -- Found OpenGL: /usr/lib/x86_64-linux-gnu/libOpenGL.so   
[3.387s] -- Found X11: /usr/include   
[3.387s] -- Looking for XOpenDisplay in /usr/lib/x86_64-linux-gnu/libX11.so;/usr/lib/x86_64-linux-gnu/libXext.so
[3.479s] -- Looking for XOpenDisplay in /usr/lib/x86_64-linux-gnu/libX11.so;/usr/lib/x86_64-linux-gnu/libXext.so - found
[3.479s] -- Looking for gethostbyname
[3.579s] -- Looking for gethostbyname - found
[3.579s] -- Looking for connect
[3.682s] -- Looking for connect - found
[3.682s] -- Looking for remove
[3.792s] -- Looking for remove - found
[3.792s] -- Looking for shmat
[3.905s] -- Looking for shmat - found
[3.905s] -- Looking for IceConnectionNumber in ICE
[4.019s] -- Looking for IceConnectionNumber in ICE - found
[4.022s] -- rviz_ogre_vendor::RenderSystem_GL for IMPORTED_LOCATION_RELEASE: _render_system_gl_static_library_abs-NOTFOUND
[4.028s] -- rviz_ogre_vendor::RenderSystem_GL for IMPORTED_LOCATION_DEBUG: _render_system_gl_static_library_abs-NOTFOUND
[4.131s] -- Found rviz_default_plugins: 11.2.12 (/opt/ros/humble/share/rviz_default_plugins/cmake)
[4.750s] -- Found Boost: /usr/lib/x86_64-linux-gnu/cmake/Boost-1.74.0/BoostConfig.cmake (found version "1.74.0") found components: thread date_time system filesystem 
[4.841s] -- Performing Test COMPILER_HAS_HIDDEN_VISIBILITY
[4.990s] -- Performing Test COMPILER_HAS_HIDDEN_VISIBILITY - Success
[4.991s] -- Performing Test COMPILER_HAS_HIDDEN_INLINE_VISIBILITY
[5.150s] -- Performing Test COMPILER_HAS_HIDDEN_INLINE_VISIBILITY - Success
[5.151s] -- Performing Test COMPILER_HAS_DEPRECATED_ATTR
[5.303s] -- Performing Test COMPILER_HAS_DEPRECATED_ATTR - Success
[5.357s] -- Found ament_lint_auto: 0.12.11 (/opt/ros/humble/share/ament_lint_auto/cmake)
[5.396s] -- Added test 'cppcheck' to perform static code analysis on C / C++ code
[5.396s] -- Configured cppcheck include dirs: /home/adminlab/franka_ros2_ws/src/moveit2/moveit_ros/visualization/rviz_plugin_render_tools/include;/home/adminlab/franka_ros2_ws/src/moveit2/moveit_ros/visualization/robot_state_rviz_plugin/include;/home/adminlab/franka_ros2_ws/src/moveit2/moveit_ros/visualization/planning_scene_rviz_plugin/include;/home/adminlab/franka_ros2_ws/src/moveit2/moveit_ros/visualization/motion_planning_rviz_plugin/include;/home/adminlab/franka_ros2_ws/src/moveit2/moveit_ros/visualization/trajectory_rviz_plugin/include
[5.397s] -- Configured cppcheck exclude dirs and/or files: 
[5.399s] -- Added test 'lint_cmake' to check CMake code style
[5.400s] -- Added test 'pep257' to check Python code against some of the docstring style conventions in PEP 257
[5.402s] -- Added test 'xmllint' to check XML markup files
[5.406s] -- Configuring done
[5.792s] -- Generating done
[5.803s] -- Build files have been written to: /home/adminlab/franka_ros2_ws/build/moveit_ros_visualization
[5.864s] Invoked command in '/home/adminlab/franka_ros2_ws/build/moveit_ros_visualization' returned '0': AMENT_PREFIX_PATH=/home/adminlab/franka_ros2_ws/install/moveit_ros_planning_interface:/home/adminlab/franka_ros2_ws/install/moveit_ros_move_group:/home/adminlab/franka_ros2_ws/install/moveit_ros_warehouse:/home/adminlab/franka_ros2_ws/install/moveit_ros_robot_interaction:/home/adminlab/franka_ros2_ws/install/moveit_kinematics:/home/adminlab/franka_ros2_ws/install/moveit_ros_planning:/home/adminlab/franka_ros2_ws/install/moveit_ros_occupancy_map_monitor:/home/adminlab/franka_ros2_ws/install/moveit_core:/home/adminlab/franka_ros2_ws/install/generate_parameter_library_py:/home/adminlab/franka_ros2_ws/install/moveit_configs_utils:/home/adminlab/franka_ros2_ws/install/srdfdom:/home/adminlab/franka_ros2_ws/install/rviz_marker_tools:/home/adminlab/franka_ros2_ws/install/rosparam_shortcuts:/home/adminlab/franka_ros2_ws/install/ros_testing:/home/adminlab/franka_ros2_ws/install/ros2test:/home/adminlab/franka_ros2_ws/install/opencv_cam:/home/adminlab/franka_ros2_ws/install/ros2_shared:/home/adminlab/franka_ros2_ws/install/realsense2_description:/home/adminlab/franka_ros2_ws/install/realsense2_camera_msgs:/home/adminlab/franka_ros2_ws/install/joint_trajectory_controller:/home/adminlab/franka_ros2_ws/install/generate_parameter_module_example:/home/adminlab/franka_ros2_ws/install/generate_parameter_library_example:/home/adminlab/franka_ros2_ws/install/franka_bringup:/home/adminlab/franka_ros2_ws/install/franka_robot_state_broadcaster:/home/adminlab/franka_ros2_ws/install/cmake_generate_parameter_module_example:/home/adminlab/franka_ros2_ws/install/generate_parameter_library:/home/adminlab/franka_ros2_ws/install/parameter_traits:/home/adminlab/franka_ros2_ws/install/moveit_task_constructor_msgs:/home/adminlab/franka_ros2_ws/install/moveit_resources_prbt_support:/home/adminlab/franka_ros2_ws/install/moveit_resources:/home/adminlab/franka_ros2_ws/install/moveit_resources_pr2_description:/home/adminlab/franka_ros2_ws/install/moveit_resources_panda_moveit_config:/home/adminlab/franka_ros2_ws/install/moveit_resources_panda_description:/home/adminlab/franka_ros2_ws/install/moveit_resources_fanuc_moveit_config:/home/adminlab/franka_ros2_ws/install/moveit_resources_fanuc_description:/home/adminlab/franka_ros2_ws/install/moveit_msgs:/home/adminlab/franka_ros2_ws/install/moveit_common:/home/adminlab/franka_ros2_ws/install/launch_param_builder:/home/adminlab/franka_ros2_ws/install/integration_launch_testing:/home/adminlab/franka_ros2_ws/install/franka_example_controllers:/home/adminlab/franka_ros2_ws/install/franka_semantic_components:/home/adminlab/franka_ros2_ws/install/franka_hardware:/home/adminlab/franka_ros2_ws/install/franka_gripper:/home/adminlab/franka_ros2_ws/install/franka_msgs:/home/adminlab/franka_ros2_ws/install/franka_description:/home/adminlab/franka_ros2_ws/install/camera_publisher:/opt/ros/humble CMAKE_PREFIX_PATH=/home/adminlab/franka_ros2_ws/install/moveit_ros_planning_interface:/home/adminlab/franka_ros2_ws/install/moveit_ros_move_group:/home/adminlab/franka_ros2_ws/install/moveit_ros_warehouse:/home/adminlab/franka_ros2_ws/install/moveit_ros_robot_interaction:/home/adminlab/franka_ros2_ws/install/moveit_kinematics:/home/adminlab/franka_ros2_ws/install/moveit_ros_planning:/home/adminlab/franka_ros2_ws/install/moveit_ros_occupancy_map_monitor:/home/adminlab/franka_ros2_ws/install/moveit_core:/home/adminlab/franka_ros2_ws/install/generate_parameter_library:/home/adminlab/franka_ros2_ws/install/srdfdom:/home/adminlab/franka_ros2_ws/install/parameter_traits:/home/adminlab/franka_ros2_ws/install/moveit_msgs:/home/adminlab/franka_ros2_ws/install/moveit_common:/home/adminlab/franka_ros2_ws/install/rviz_marker_tools:/home/adminlab/franka_ros2_ws/install/rosparam_shortcuts:/home/adminlab/franka_ros2_ws/install/ros_testing:/home/adminlab/franka_ros2_ws/install/opencv_cam:/home/adminlab/franka_ros2_ws/install/ros2_shared:/home/adminlab/franka_ros2_ws/install/realsense2_description:/home/adminlab/franka_ros2_ws/install/realsense2_camera_msgs:/home/adminlab/franka_ros2_ws/install/joint_trajectory_controller:/home/adminlab/franka_ros2_ws/install/generate_parameter_library_example:/home/adminlab/franka_ros2_ws/install/franka_bringup:/home/adminlab/franka_ros2_ws/install/franka_robot_state_broadcaster:/home/adminlab/franka_ros2_ws/install/cmake_generate_parameter_module_example:/home/adminlab/franka_ros2_ws/install/moveit_task_constructor_msgs:/home/adminlab/franka_ros2_ws/install/moveit_resources_prbt_support:/home/adminlab/franka_ros2_ws/install/moveit_resources:/home/adminlab/franka_ros2_ws/install/moveit_resources_pr2_description:/home/adminlab/franka_ros2_ws/install/moveit_resources_panda_moveit_config:/home/adminlab/franka_ros2_ws/install/moveit_resources_panda_description:/home/adminlab/franka_ros2_ws/install/moveit_resources_fanuc_moveit_config:/home/adminlab/franka_ros2_ws/install/moveit_resources_fanuc_description:/home/adminlab/franka_ros2_ws/install/integration_launch_testing:/home/adminlab/franka_ros2_ws/install/franka_example_controllers:/home/adminlab/franka_ros2_ws/install/franka_semantic_components:/home/adminlab/franka_ros2_ws/install/moveit_configs_utils:/home/adminlab/franka_ros2_ws/install/ros2test:/home/adminlab/franka_ros2_ws/install/generate_parameter_module_example:/home/adminlab/franka_ros2_ws/install/launch_param_builder:/home/adminlab/franka_ros2_ws/install/generate_parameter_library_py:/home/adminlab/franka_ros2_ws/install/camera_publisher:/opt/ros/humble:/home/adminlab/franka_ros2_ws/install/franka_custom_controller:/home/adminlab/franka_ros2_ws/install/franka_hardware:/home/adminlab/franka_ros2_ws/install/franka_gripper:/home/adminlab/franka_ros2_ws/install/franka_msgs:/home/adminlab/franka_ros2_ws/install/franka_description LD_LIBRARY_PATH=/home/adminlab/franka_ros2_ws/install/moveit_ros_planning_interface/lib:/home/adminlab/franka_ros2_ws/install/moveit_ros_move_group/lib:/home/adminlab/franka_ros2_ws/install/moveit_ros_warehouse/lib:/home/adminlab/franka_ros2_ws/install/moveit_ros_robot_interaction/lib:/home/adminlab/franka_ros2_ws/install/moveit_kinematics/lib:/home/adminlab/franka_ros2_ws/install/moveit_ros_planning/lib:/home/adminlab/franka_ros2_ws/install/moveit_ros_occupancy_map_monitor/lib:/home/adminlab/franka_ros2_ws/install/moveit_core/lib:/home/adminlab/franka_ros2_ws/install/srdfdom/lib:/home/adminlab/franka_ros2_ws/install/moveit_msgs/lib:/home/adminlab/franka_ros2_ws/install/rviz_marker_tools/lib:/home/adminlab/franka_ros2_ws/install/rosparam_shortcuts/lib:/home/adminlab/franka_ros2_ws/install/opencv_cam/lib:/home/adminlab/franka_ros2_ws/install/realsense2_camera_msgs/lib:/home/adminlab/franka_ros2_ws/install/joint_trajectory_controller/lib:/home/adminlab/franka_ros2_ws/install/generate_parameter_library_example/lib:/home/adminlab/franka_ros2_ws/install/franka_robot_state_broadcaster/lib:/home/adminlab/franka_ros2_ws/install/parameter_traits/lib:/home/adminlab/franka_ros2_ws/install/moveit_task_constructor_msgs/lib:/home/adminlab/franka_ros2_ws/install/integration_launch_testing/lib:/home/adminlab/franka_ros2_ws/install/franka_example_controllers/lib:/home/adminlab/franka_ros2_ws/install/franka_semantic_components/lib:/home/adminlab/franka_ros2_ws/install/franka_custom_controller/lib:/home/adminlab/franka_ros2_ws/install/franka_hardware/lib:/home/adminlab/franka_ros2_ws/install/franka_gripper/lib:/home/adminlab/franka_ros2_ws/install/franka_msgs/lib:/opt/ros/humble/opt/rviz_ogre_vendor/lib:/opt/ros/humble/lib/x86_64-linux-gnu:/opt/ros/humble/lib PATH=/home/adminlab/franka_ros2_ws/install/moveit_core/bin:${PATH} PYTHONPATH=/home/adminlab/franka_ros2_ws/install/generate_parameter_library_py/lib/python3.10/site-packages:/home/adminlab/franka_ros2_ws/install/moveit_configs_utils/lib/python3.10/site-packages:/home/adminlab/franka_ros2_ws/install/srdfdom/local/lib/python3.10/dist-packages:/home/adminlab/franka_ros2_ws/install/ros2test/lib/python3.10/site-packages:/home/adminlab/franka_ros2_ws/install/realsense2_camera_msgs/local/lib/python3.10/dist-packages:/home/adminlab/franka_ros2_ws/install/generate_parameter_module_example/lib/python3.10/site-packages:/home/adminlab/franka_ros2_ws/install/cmake_generate_parameter_module_example/local/lib/python3.10/dist-packages:/home/adminlab/franka_ros2_ws/install/moveit_task_constructor_msgs/local/lib/python3.10/dist-packages:/home/adminlab/franka_ros2_ws/install/moveit_msgs/local/lib/python3.10/dist-packages:/home/adminlab/franka_ros2_ws/install/launch_param_builder/lib/python3.10/site-packages:/home/adminlab/franka_ros2_ws/install/franka_gripper/local/lib/python3.10/dist-packages:/home/adminlab/franka_ros2_ws/install/franka_msgs/local/lib/python3.10/dist-packages:/home/adminlab/franka_ros2_ws/install/camera_publisher/lib/python3.10/site-packages:/opt/ros/humble/lib/python3.10/site-packages:/opt/ros/humble/local/lib/python3.10/dist-packages /usr/bin/cmake /home/adminlab/franka_ros2_ws/src/moveit2/moveit_ros/visualization -DCMAKE_INSTALL_PREFIX=/home/adminlab/franka_ros2_ws/install/moveit_ros_visualization
[5.864s] Invoking command in '/home/adminlab/franka_ros2_ws/build/moveit_ros_visualization': AMENT_PREFIX_PATH=/home/adminlab/franka_ros2_ws/install/moveit_ros_planning_interface:/home/adminlab/franka_ros2_ws/install/moveit_ros_move_group:/home/adminlab/franka_ros2_ws/install/moveit_ros_warehouse:/home/adminlab/franka_ros2_ws/install/moveit_ros_robot_interaction:/home/adminlab/franka_ros2_ws/install/moveit_kinematics:/home/adminlab/franka_ros2_ws/install/moveit_ros_planning:/home/adminlab/franka_ros2_ws/install/moveit_ros_occupancy_map_monitor:/home/adminlab/franka_ros2_ws/install/moveit_core:/home/adminlab/franka_ros2_ws/install/generate_parameter_library_py:/home/adminlab/franka_ros2_ws/install/moveit_configs_utils:/home/adminlab/franka_ros2_ws/install/srdfdom:/home/adminlab/franka_ros2_ws/install/rviz_marker_tools:/home/adminlab/franka_ros2_ws/install/rosparam_shortcuts:/home/adminlab/franka_ros2_ws/install/ros_testing:/home/adminlab/franka_ros2_ws/install/ros2test:/home/adminlab/franka_ros2_ws/install/opencv_cam:/home/adminlab/franka_ros2_ws/install/ros2_shared:/home/adminlab/franka_ros2_ws/install/realsense2_description:/home/adminlab/franka_ros2_ws/install/realsense2_camera_msgs:/home/adminlab/franka_ros2_ws/install/joint_trajectory_controller:/home/adminlab/franka_ros2_ws/install/generate_parameter_module_example:/home/adminlab/franka_ros2_ws/install/generate_parameter_library_example:/home/adminlab/franka_ros2_ws/install/franka_bringup:/home/adminlab/franka_ros2_ws/install/franka_robot_state_broadcaster:/home/adminlab/franka_ros2_ws/install/cmake_generate_parameter_module_example:/home/adminlab/franka_ros2_ws/install/generate_parameter_library:/home/adminlab/franka_ros2_ws/install/parameter_traits:/home/adminlab/franka_ros2_ws/install/moveit_task_constructor_msgs:/home/adminlab/franka_ros2_ws/install/moveit_resources_prbt_support:/home/adminlab/franka_ros2_ws/install/moveit_resources:/home/adminlab/franka_ros2_ws/install/moveit_resources_pr2_description:/home/adminlab/franka_ros2_ws/install/moveit_resources_panda_moveit_config:/home/adminlab/franka_ros2_ws/install/moveit_resources_panda_description:/home/adminlab/franka_ros2_ws/install/moveit_resources_fanuc_moveit_config:/home/adminlab/franka_ros2_ws/install/moveit_resources_fanuc_description:/home/adminlab/franka_ros2_ws/install/moveit_msgs:/home/adminlab/franka_ros2_ws/install/moveit_common:/home/adminlab/franka_ros2_ws/install/launch_param_builder:/home/adminlab/franka_ros2_ws/install/integration_launch_testing:/home/adminlab/franka_ros2_ws/install/franka_example_controllers:/home/adminlab/franka_ros2_ws/install/franka_semantic_components:/home/adminlab/franka_ros2_ws/install/franka_hardware:/home/adminlab/franka_ros2_ws/install/franka_gripper:/home/adminlab/franka_ros2_ws/install/franka_msgs:/home/adminlab/franka_ros2_ws/install/franka_description:/home/adminlab/franka_ros2_ws/install/camera_publisher:/opt/ros/humble CMAKE_PREFIX_PATH=/home/adminlab/franka_ros2_ws/install/moveit_ros_planning_interface:/home/adminlab/franka_ros2_ws/install/moveit_ros_move_group:/home/adminlab/franka_ros2_ws/install/moveit_ros_warehouse:/home/adminlab/franka_ros2_ws/install/moveit_ros_robot_interaction:/home/adminlab/franka_ros2_ws/install/moveit_kinematics:/home/adminlab/franka_ros2_ws/install/moveit_ros_planning:/home/adminlab/franka_ros2_ws/install/moveit_ros_occupancy_map_monitor:/home/adminlab/franka_ros2_ws/install/moveit_core:/home/adminlab/franka_ros2_ws/install/generate_parameter_library:/home/adminlab/franka_ros2_ws/install/srdfdom:/home/adminlab/franka_ros2_ws/install/parameter_traits:/home/adminlab/franka_ros2_ws/install/moveit_msgs:/home/adminlab/franka_ros2_ws/install/moveit_common:/home/adminlab/franka_ros2_ws/install/rviz_marker_tools:/home/adminlab/franka_ros2_ws/install/rosparam_shortcuts:/home/adminlab/franka_ros2_ws/install/ros_testing:/home/adminlab/franka_ros2_ws/install/opencv_cam:/home/adminlab/franka_ros2_ws/install/ros2_shared:/home/adminlab/franka_ros2_ws/install/realsense2_description:/home/adminlab/franka_ros2_ws/install/realsense2_camera_msgs:/home/adminlab/franka_ros2_ws/install/joint_trajectory_controller:/home/adminlab/franka_ros2_ws/install/generate_parameter_library_example:/home/adminlab/franka_ros2_ws/install/franka_bringup:/home/adminlab/franka_ros2_ws/install/franka_robot_state_broadcaster:/home/adminlab/franka_ros2_ws/install/cmake_generate_parameter_module_example:/home/adminlab/franka_ros2_ws/install/moveit_task_constructor_msgs:/home/adminlab/franka_ros2_ws/install/moveit_resources_prbt_support:/home/adminlab/franka_ros2_ws/install/moveit_resources:/home/adminlab/franka_ros2_ws/install/moveit_resources_pr2_description:/home/adminlab/franka_ros2_ws/install/moveit_resources_panda_moveit_config:/home/adminlab/franka_ros2_ws/install/moveit_resources_panda_description:/home/adminlab/franka_ros2_ws/install/moveit_resources_fanuc_moveit_config:/home/adminlab/franka_ros2_ws/install/moveit_resources_fanuc_description:/home/adminlab/franka_ros2_ws/install/integration_launch_testing:/home/adminlab/franka_ros2_ws/install/franka_example_controllers:/home/adminlab/franka_ros2_ws/install/franka_semantic_components:/home/adminlab/franka_ros2_ws/install/moveit_configs_utils:/home/adminlab/franka_ros2_ws/install/ros2test:/home/adminlab/franka_ros2_ws/install/generate_parameter_module_example:/home/adminlab/franka_ros2_ws/install/launch_param_builder:/home/adminlab/franka_ros2_ws/install/generate_parameter_library_py:/home/adminlab/franka_ros2_ws/install/camera_publisher:/opt/ros/humble:/home/adminlab/franka_ros2_ws/install/franka_custom_controller:/home/adminlab/franka_ros2_ws/install/franka_hardware:/home/adminlab/franka_ros2_ws/install/franka_gripper:/home/adminlab/franka_ros2_ws/install/franka_msgs:/home/adminlab/franka_ros2_ws/install/franka_description LD_LIBRARY_PATH=/home/adminlab/franka_ros2_ws/install/moveit_ros_planning_interface/lib:/home/adminlab/franka_ros2_ws/install/moveit_ros_move_group/lib:/home/adminlab/franka_ros2_ws/install/moveit_ros_warehouse/lib:/home/adminlab/franka_ros2_ws/install/moveit_ros_robot_interaction/lib:/home/adminlab/franka_ros2_ws/install/moveit_kinematics/lib:/home/adminlab/franka_ros2_ws/install/moveit_ros_planning/lib:/home/adminlab/franka_ros2_ws/install/moveit_ros_occupancy_map_monitor/lib:/home/adminlab/franka_ros2_ws/install/moveit_core/lib:/home/adminlab/franka_ros2_ws/install/srdfdom/lib:/home/adminlab/franka_ros2_ws/install/moveit_msgs/lib:/home/adminlab/franka_ros2_ws/install/rviz_marker_tools/lib:/home/adminlab/franka_ros2_ws/install/rosparam_shortcuts/lib:/home/adminlab/franka_ros2_ws/install/opencv_cam/lib:/home/adminlab/franka_ros2_ws/install/realsense2_camera_msgs/lib:/home/adminlab/franka_ros2_ws/install/joint_trajectory_controller/lib:/home/adminlab/franka_ros2_ws/install/generate_parameter_library_example/lib:/home/adminlab/franka_ros2_ws/install/franka_robot_state_broadcaster/lib:/home/adminlab/franka_ros2_ws/install/parameter_traits/lib:/home/adminlab/franka_ros2_ws/install/moveit_task_constructor_msgs/lib:/home/adminlab/franka_ros2_ws/install/integration_launch_testing/lib:/home/adminlab/franka_ros2_ws/install/franka_example_controllers/lib:/home/adminlab/franka_ros2_ws/install/franka_semantic_components/lib:/home/adminlab/franka_ros2_ws/install/franka_custom_controller/lib:/home/adminlab/franka_ros2_ws/install/franka_hardware/lib:/home/adminlab/franka_ros2_ws/install/franka_gripper/lib:/home/adminlab/franka_ros2_ws/install/franka_msgs/lib:/opt/ros/humble/opt/rviz_ogre_vendor/lib:/opt/ros/humble/lib/x86_64-linux-gnu:/opt/ros/humble/lib PATH=/home/adminlab/franka_ros2_ws/install/moveit_core/bin:${PATH} PYTHONPATH=/home/adminlab/franka_ros2_ws/install/generate_parameter_library_py/lib/python3.10/site-packages:/home/adminlab/franka_ros2_ws/install/moveit_configs_utils/lib/python3.10/site-packages:/home/adminlab/franka_ros2_ws/install/srdfdom/local/lib/python3.10/dist-packages:/home/adminlab/franka_ros2_ws/install/ros2test/lib/python3.10/site-packages:/home/adminlab/franka_ros2_ws/install/realsense2_camera_msgs/local/lib/python3.10/dist-packages:/home/adminlab/franka_ros2_ws/install/generate_parameter_module_example/lib/python3.10/site-packages:/home/adminlab/franka_ros2_ws/install/cmake_generate_parameter_module_example/local/lib/python3.10/dist-packages:/home/adminlab/franka_ros2_ws/install/moveit_task_constructor_msgs/local/lib/python3.10/dist-packages:/home/adminlab/franka_ros2_ws/install/moveit_msgs/local/lib/python3.10/dist-packages:/home/adminlab/franka_ros2_ws/install/launch_param_builder/lib/python3.10/site-packages:/home/adminlab/franka_ros2_ws/install/franka_gripper/local/lib/python3.10/dist-packages:/home/adminlab/franka_ros2_ws/install/franka_msgs/local/lib/python3.10/dist-packages:/home/adminlab/franka_ros2_ws/install/camera_publisher/lib/python3.10/site-packages:/opt/ros/humble/lib/python3.10/site-packages:/opt/ros/humble/local/lib/python3.10/dist-packages /usr/bin/cmake --build /home/adminlab/franka_ros2_ws/build/moveit_ros_visualization -- -j16 -l16
[6.098s] [  1%] [34m[1mAutomatic MOC for target moveit_rviz_plugin_render_tools[0m
[7.448s] [  1%] Built target moveit_rviz_plugin_render_tools_autogen
[7.613s] [  3%] [32mBuilding CXX object rviz_plugin_render_tools/CMakeFiles/moveit_rviz_plugin_render_tools.dir/moveit_rviz_plugin_render_tools_autogen/mocs_compilation.cpp.o[0m
[7.645s] [  5%] [32mBuilding CXX object rviz_plugin_render_tools/CMakeFiles/moveit_rviz_plugin_render_tools.dir/src/render_shapes.cpp.o[0m
[7.664s] [  6%] [32mBuilding CXX object rviz_plugin_render_tools/CMakeFiles/moveit_rviz_plugin_render_tools.dir/src/planning_scene_render.cpp.o[0m
[7.665s] [  8%] [32mBuilding CXX object rviz_plugin_render_tools/CMakeFiles/moveit_rviz_plugin_render_tools.dir/src/robot_state_visualization.cpp.o[0m
[7.697s] [ 10%] [32mBuilding CXX object rviz_plugin_render_tools/CMakeFiles/moveit_rviz_plugin_render_tools.dir/src/planning_link_updater.cpp.o[0m
[7.710s] [ 12%] [32mBuilding CXX object rviz_plugin_render_tools/CMakeFiles/moveit_rviz_plugin_render_tools.dir/src/octomap_render.cpp.o[0m
[7.805s] [ 13%] [32mBuilding CXX object rviz_plugin_render_tools/CMakeFiles/moveit_rviz_plugin_render_tools.dir/src/trajectory_visualization.cpp.o[0m
[7.834s] [ 15%] [32mBuilding CXX object rviz_plugin_render_tools/CMakeFiles/moveit_rviz_plugin_render_tools.dir/src/trajectory_panel.cpp.o[0m
[7.844s] [ 17%] [32mBuilding CXX object rviz_plugin_render_tools/CMakeFiles/moveit_rviz_plugin_render_tools.dir/src/mesh_shape.cpp.o[0m
[41.930s] [ 18%] [32m[1mLinking CXX shared library libmoveit_rviz_plugin_render_tools.so[0m
[48.170s] [ 18%] Built target moveit_rviz_plugin_render_tools
[48.226s] [ 20%] [34m[1mAutomatic MOC for target moveit_planning_scene_rviz_plugin_core[0m
[48.257s] [ 22%] [34m[1mAutomatic MOC for target moveit_robot_state_rviz_plugin_core[0m
[49.096s] [ 22%] Built target moveit_robot_state_rviz_plugin_core_autogen
[49.208s] [ 22%] Built target moveit_planning_scene_rviz_plugin_core_autogen
[49.248s] [ 24%] [32mBuilding CXX object robot_state_rviz_plugin/CMakeFiles/moveit_robot_state_rviz_plugin_core.dir/moveit_robot_state_rviz_plugin_core_autogen/mocs_compilation.cpp.o[0m
[49.268s] [ 25%] [32mBuilding CXX object robot_state_rviz_plugin/CMakeFiles/moveit_robot_state_rviz_plugin_core.dir/src/robot_state_display.cpp.o[0m
[49.364s] [ 27%] [32mBuilding CXX object planning_scene_rviz_plugin/CMakeFiles/moveit_planning_scene_rviz_plugin_core.dir/moveit_planning_scene_rviz_plugin_core_autogen/mocs_compilation.cpp.o[0m
[49.380s] [ 29%] [32mBuilding CXX object planning_scene_rviz_plugin/CMakeFiles/moveit_planning_scene_rviz_plugin_core.dir/src/planning_scene_display.cpp.o[0m
[49.400s] [ 31%] [32mBuilding CXX object planning_scene_rviz_plugin/CMakeFiles/moveit_planning_scene_rviz_plugin_core.dir/src/background_processing.cpp.o[0m
[74.160s] [ 32%] [32m[1mLinking CXX shared library libmoveit_planning_scene_rviz_plugin_core.so[0m
[78.984s] [ 32%] Built target moveit_planning_scene_rviz_plugin_core
[79.011s] [ 34%] [34m[1mAutomatic MOC for target moveit_trajectory_rviz_plugin_core[0m
[79.020s] [ 36%] [34m[1mAutomatic MOC for target moveit_planning_scene_rviz_plugin[0m
[79.075s] [ 36%] Built target moveit_planning_scene_rviz_plugin_autogen
[79.111s] [ 39%] [32mBuilding CXX object planning_scene_rviz_plugin/CMakeFiles/moveit_planning_scene_rviz_plugin.dir/moveit_planning_scene_rviz_plugin_autogen/mocs_compilation.cpp.o[0m
[79.111s] [ 39%] [32mBuilding CXX object planning_scene_rviz_plugin/CMakeFiles/moveit_planning_scene_rviz_plugin.dir/src/plugin_init.cpp.o[0m
[79.546s] [ 39%] Built target moveit_trajectory_rviz_plugin_core_autogen
[79.586s] [ 43%] [32mBuilding CXX object trajectory_rviz_plugin/CMakeFiles/moveit_trajectory_rviz_plugin_core.dir/src/trajectory_display.cpp.o[0m
[79.586s] [ 43%] [32mBuilding CXX object trajectory_rviz_plugin/CMakeFiles/moveit_trajectory_rviz_plugin_core.dir/moveit_trajectory_rviz_plugin_core_autogen/mocs_compilation.cpp.o[0m
[82.084s] [ 44%] [32m[1mLinking CXX shared library libmoveit_robot_state_rviz_plugin_core.so[0m
[88.488s] [ 44%] Built target moveit_robot_state_rviz_plugin_core
[88.536s] [ 46%] [34m[1mAutomatic MOC for target moveit_robot_state_rviz_plugin[0m
[88.662s] [ 46%] Built target moveit_robot_state_rviz_plugin_autogen
[88.836s] [ 48%] [32mBuilding CXX object robot_state_rviz_plugin/CMakeFiles/moveit_robot_state_rviz_plugin.dir/moveit_robot_state_rviz_plugin_autogen/mocs_compilation.cpp.o[0m
[88.852s] [ 50%] [32mBuilding CXX object robot_state_rviz_plugin/CMakeFiles/moveit_robot_state_rviz_plugin.dir/src/plugin_init.cpp.o[0m
[97.706s] [ 51%] [32m[1mLinking CXX shared library libmoveit_trajectory_rviz_plugin_core.so[0m
[98.879s] [ 51%] Built target moveit_trajectory_rviz_plugin_core
[98.899s] [ 53%] [34m[1mAutomatic MOC for target moveit_trajectory_rviz_plugin[0m
[98.938s] [ 53%] Built target moveit_trajectory_rviz_plugin_autogen
[98.974s] [ 56%] [32mBuilding CXX object trajectory_rviz_plugin/CMakeFiles/moveit_trajectory_rviz_plugin.dir/src/plugin_init.cpp.o[0m
[98.974s] [ 56%] [32mBuilding CXX object trajectory_rviz_plugin/CMakeFiles/moveit_trajectory_rviz_plugin.dir/moveit_trajectory_rviz_plugin_autogen/mocs_compilation.cpp.o[0m
[100.729s] [ 58%] [32m[1mLinking CXX shared library libmoveit_planning_scene_rviz_plugin.so[0m
[101.465s] [ 58%] Built target moveit_planning_scene_rviz_plugin
[101.495s] [ 60%] [34m[1mAutomatic MOC for target moveit_motion_planning_rviz_plugin_core[0m
[102.383s] [ 60%] Built target moveit_motion_planning_rviz_plugin_core_autogen
[102.401s] [ 65%] [34m[1mAutomatic RCC for src/icons/icons.qrc[0m
[102.401s] [ 65%] [34m[1mGenerating ui_motion_planning_rviz_plugin_frame.h[0m
[102.401s] [ 65%] [34m[1mGenerating ui_motion_planning_rviz_plugin_frame_joints.h[0m
[102.459s] [ 70%] [32mBuilding CXX object motion_planning_rviz_plugin/CMakeFiles/moveit_motion_planning_rviz_plugin_core.dir/src/motion_planning_frame_context.cpp.o[0m
[102.459s] [ 70%] [32mBuilding CXX object motion_planning_rviz_plugin/CMakeFiles/moveit_motion_planning_rviz_plugin_core.dir/src/motion_planning_frame.cpp.o[0m
[102.460s] [ 70%] [32mBuilding CXX object motion_planning_rviz_plugin/CMakeFiles/moveit_motion_planning_rviz_plugin_core.dir/moveit_motion_planning_rviz_plugin_core_autogen/mocs_compilation.cpp.o[0m
[102.460s] [ 72%] [32mBuilding CXX object motion_planning_rviz_plugin/CMakeFiles/moveit_motion_planning_rviz_plugin_core.dir/src/motion_planning_frame_planning.cpp.o[0m
[102.462s] [ 74%] [32mBuilding CXX object motion_planning_rviz_plugin/CMakeFiles/moveit_motion_planning_rviz_plugin_core.dir/src/motion_planning_frame_objects.cpp.o[0m
[104.927s] [ 75%] [32m[1mLinking CXX shared library libmoveit_robot_state_rviz_plugin.so[0m
[106.352s] [ 75%] Built target moveit_robot_state_rviz_plugin
[109.849s] [ 77%] [32m[1mLinking CXX shared library libmoveit_trajectory_rviz_plugin.so[0m
[110.644s] [ 77%] Built target moveit_trajectory_rviz_plugin
[120.569s] [ 79%] [32mBuilding CXX object motion_planning_rviz_plugin/CMakeFiles/moveit_motion_planning_rviz_plugin_core.dir/moveit_motion_planning_rviz_plugin_core_autogen/2OST2OT5Q2/qrc_icons.cpp.o[0m
[120.585s] [ 81%] [32mBuilding CXX object motion_planning_rviz_plugin/CMakeFiles/moveit_motion_planning_rviz_plugin_core.dir/src/interactive_marker_display.cpp.o[0m
[120.608s] [ 82%] [32mBuilding CXX object motion_planning_rviz_plugin/CMakeFiles/moveit_motion_planning_rviz_plugin_core.dir/src/motion_planning_param_widget.cpp.o[0m
[120.624s] [ 84%] [32mBuilding CXX object motion_planning_rviz_plugin/CMakeFiles/moveit_motion_planning_rviz_plugin_core.dir/src/motion_planning_frame_manipulation.cpp.o[0m
[120.680s] [ 86%] [32mBuilding CXX object motion_planning_rviz_plugin/CMakeFiles/moveit_motion_planning_rviz_plugin_core.dir/src/motion_planning_display.cpp.o[0m
[120.716s] [ 87%] [32mBuilding CXX object motion_planning_rviz_plugin/CMakeFiles/moveit_motion_planning_rviz_plugin_core.dir/src/motion_planning_frame_joints_widget.cpp.o[0m
[120.728s] [ 89%] [32mBuilding CXX object motion_planning_rviz_plugin/CMakeFiles/moveit_motion_planning_rviz_plugin_core.dir/src/motion_planning_frame_states.cpp.o[0m
[120.768s] [ 91%] [32mBuilding CXX object motion_planning_rviz_plugin/CMakeFiles/moveit_motion_planning_rviz_plugin_core.dir/src/motion_planning_frame_scenes.cpp.o[0m
[159.256s] [ 93%] [32m[1mLinking CXX shared library libmoveit_motion_planning_rviz_plugin_core.so[0m
[168.084s] [ 93%] Built target moveit_motion_planning_rviz_plugin_core
[168.296s] [ 94%] [34m[1mAutomatic MOC for target moveit_motion_planning_rviz_plugin[0m
[168.560s] [ 94%] Built target moveit_motion_planning_rviz_plugin_autogen
[168.752s] [ 96%] [32mBuilding CXX object motion_planning_rviz_plugin/CMakeFiles/moveit_motion_planning_rviz_plugin.dir/moveit_motion_planning_rviz_plugin_autogen/mocs_compilation.cpp.o[0m
[168.768s] [ 98%] [32mBuilding CXX object motion_planning_rviz_plugin/CMakeFiles/moveit_motion_planning_rviz_plugin.dir/src/plugin_init.cpp.o[0m
[188.224s] [100%] [32m[1mLinking CXX shared library libmoveit_motion_planning_rviz_plugin.so[0m
[189.688s] [100%] Built target moveit_motion_planning_rviz_plugin
[189.745s] Invoked command in '/home/adminlab/franka_ros2_ws/build/moveit_ros_visualization' returned '0': AMENT_PREFIX_PATH=/home/adminlab/franka_ros2_ws/install/moveit_ros_planning_interface:/home/adminlab/franka_ros2_ws/install/moveit_ros_move_group:/home/adminlab/franka_ros2_ws/install/moveit_ros_warehouse:/home/adminlab/franka_ros2_ws/install/moveit_ros_robot_interaction:/home/adminlab/franka_ros2_ws/install/moveit_kinematics:/home/adminlab/franka_ros2_ws/install/moveit_ros_planning:/home/adminlab/franka_ros2_ws/install/moveit_ros_occupancy_map_monitor:/home/adminlab/franka_ros2_ws/install/moveit_core:/home/adminlab/franka_ros2_ws/install/generate_parameter_library_py:/home/adminlab/franka_ros2_ws/install/moveit_configs_utils:/home/adminlab/franka_ros2_ws/install/srdfdom:/home/adminlab/franka_ros2_ws/install/rviz_marker_tools:/home/adminlab/franka_ros2_ws/install/rosparam_shortcuts:/home/adminlab/franka_ros2_ws/install/ros_testing:/home/adminlab/franka_ros2_ws/install/ros2test:/home/adminlab/franka_ros2_ws/install/opencv_cam:/home/adminlab/franka_ros2_ws/install/ros2_shared:/home/adminlab/franka_ros2_ws/install/realsense2_description:/home/adminlab/franka_ros2_ws/install/realsense2_camera_msgs:/home/adminlab/franka_ros2_ws/install/joint_trajectory_controller:/home/adminlab/franka_ros2_ws/install/generate_parameter_module_example:/home/adminlab/franka_ros2_ws/install/generate_parameter_library_example:/home/adminlab/franka_ros2_ws/install/franka_bringup:/home/adminlab/franka_ros2_ws/install/franka_robot_state_broadcaster:/home/adminlab/franka_ros2_ws/install/cmake_generate_parameter_module_example:/home/adminlab/franka_ros2_ws/install/generate_parameter_library:/home/adminlab/franka_ros2_ws/install/parameter_traits:/home/adminlab/franka_ros2_ws/install/moveit_task_constructor_msgs:/home/adminlab/franka_ros2_ws/install/moveit_resources_prbt_support:/home/adminlab/franka_ros2_ws/install/moveit_resources:/home/adminlab/franka_ros2_ws/install/moveit_resources_pr2_description:/home/adminlab/franka_ros2_ws/install/moveit_resources_panda_moveit_config:/home/adminlab/franka_ros2_ws/install/moveit_resources_panda_description:/home/adminlab/franka_ros2_ws/install/moveit_resources_fanuc_moveit_config:/home/adminlab/franka_ros2_ws/install/moveit_resources_fanuc_description:/home/adminlab/franka_ros2_ws/install/moveit_msgs:/home/adminlab/franka_ros2_ws/install/moveit_common:/home/adminlab/franka_ros2_ws/install/launch_param_builder:/home/adminlab/franka_ros2_ws/install/integration_launch_testing:/home/adminlab/franka_ros2_ws/install/franka_example_controllers:/home/adminlab/franka_ros2_ws/install/franka_semantic_components:/home/adminlab/franka_ros2_ws/install/franka_hardware:/home/adminlab/franka_ros2_ws/install/franka_gripper:/home/adminlab/franka_ros2_ws/install/franka_msgs:/home/adminlab/franka_ros2_ws/install/franka_description:/home/adminlab/franka_ros2_ws/install/camera_publisher:/opt/ros/humble CMAKE_PREFIX_PATH=/home/adminlab/franka_ros2_ws/install/moveit_ros_planning_interface:/home/adminlab/franka_ros2_ws/install/moveit_ros_move_group:/home/adminlab/franka_ros2_ws/install/moveit_ros_warehouse:/home/adminlab/franka_ros2_ws/install/moveit_ros_robot_interaction:/home/adminlab/franka_ros2_ws/install/moveit_kinematics:/home/adminlab/franka_ros2_ws/install/moveit_ros_planning:/home/adminlab/franka_ros2_ws/install/moveit_ros_occupancy_map_monitor:/home/adminlab/franka_ros2_ws/install/moveit_core:/home/adminlab/franka_ros2_ws/install/generate_parameter_library:/home/adminlab/franka_ros2_ws/install/srdfdom:/home/adminlab/franka_ros2_ws/install/parameter_traits:/home/adminlab/franka_ros2_ws/install/moveit_msgs:/home/adminlab/franka_ros2_ws/install/moveit_common:/home/adminlab/franka_ros2_ws/install/rviz_marker_tools:/home/adminlab/franka_ros2_ws/install/rosparam_shortcuts:/home/adminlab/franka_ros2_ws/install/ros_testing:/home/adminlab/franka_ros2_ws/install/opencv_cam:/home/adminlab/franka_ros2_ws/install/ros2_shared:/home/adminlab/franka_ros2_ws/install/realsense2_description:/home/adminlab/franka_ros2_ws/install/realsense2_camera_msgs:/home/adminlab/franka_ros2_ws/install/joint_trajectory_controller:/home/adminlab/franka_ros2_ws/install/generate_parameter_library_example:/home/adminlab/franka_ros2_ws/install/franka_bringup:/home/adminlab/franka_ros2_ws/install/franka_robot_state_broadcaster:/home/adminlab/franka_ros2_ws/install/cmake_generate_parameter_module_example:/home/adminlab/franka_ros2_ws/install/moveit_task_constructor_msgs:/home/adminlab/franka_ros2_ws/install/moveit_resources_prbt_support:/home/adminlab/franka_ros2_ws/install/moveit_resources:/home/adminlab/franka_ros2_ws/install/moveit_resources_pr2_description:/home/adminlab/franka_ros2_ws/install/moveit_resources_panda_moveit_config:/home/adminlab/franka_ros2_ws/install/moveit_resources_panda_description:/home/adminlab/franka_ros2_ws/install/moveit_resources_fanuc_moveit_config:/home/adminlab/franka_ros2_ws/install/moveit_resources_fanuc_description:/home/adminlab/franka_ros2_ws/install/integration_launch_testing:/home/adminlab/franka_ros2_ws/install/franka_example_controllers:/home/adminlab/franka_ros2_ws/install/franka_semantic_components:/home/adminlab/franka_ros2_ws/install/moveit_configs_utils:/home/adminlab/franka_ros2_ws/install/ros2test:/home/adminlab/franka_ros2_ws/install/generate_parameter_module_example:/home/adminlab/franka_ros2_ws/install/launch_param_builder:/home/adminlab/franka_ros2_ws/install/generate_parameter_library_py:/home/adminlab/franka_ros2_ws/install/camera_publisher:/opt/ros/humble:/home/adminlab/franka_ros2_ws/install/franka_custom_controller:/home/adminlab/franka_ros2_ws/install/franka_hardware:/home/adminlab/franka_ros2_ws/install/franka_gripper:/home/adminlab/franka_ros2_ws/install/franka_msgs:/home/adminlab/franka_ros2_ws/install/franka_description LD_LIBRARY_PATH=/home/adminlab/franka_ros2_ws/install/moveit_ros_planning_interface/lib:/home/adminlab/franka_ros2_ws/install/moveit_ros_move_group/lib:/home/adminlab/franka_ros2_ws/install/moveit_ros_warehouse/lib:/home/adminlab/franka_ros2_ws/install/moveit_ros_robot_interaction/lib:/home/adminlab/franka_ros2_ws/install/moveit_kinematics/lib:/home/adminlab/franka_ros2_ws/install/moveit_ros_planning/lib:/home/adminlab/franka_ros2_ws/install/moveit_ros_occupancy_map_monitor/lib:/home/adminlab/franka_ros2_ws/install/moveit_core/lib:/home/adminlab/franka_ros2_ws/install/srdfdom/lib:/home/adminlab/franka_ros2_ws/install/moveit_msgs/lib:/home/adminlab/franka_ros2_ws/install/rviz_marker_tools/lib:/home/adminlab/franka_ros2_ws/install/rosparam_shortcuts/lib:/home/adminlab/franka_ros2_ws/install/opencv_cam/lib:/home/adminlab/franka_ros2_ws/install/realsense2_camera_msgs/lib:/home/adminlab/franka_ros2_ws/install/joint_trajectory_controller/lib:/home/adminlab/franka_ros2_ws/install/generate_parameter_library_example/lib:/home/adminlab/franka_ros2_ws/install/franka_robot_state_broadcaster/lib:/home/adminlab/franka_ros2_ws/install/parameter_traits/lib:/home/adminlab/franka_ros2_ws/install/moveit_task_constructor_msgs/lib:/home/adminlab/franka_ros2_ws/install/integration_launch_testing/lib:/home/adminlab/franka_ros2_ws/install/franka_example_controllers/lib:/home/adminlab/franka_ros2_ws/install/franka_semantic_components/lib:/home/adminlab/franka_ros2_ws/install/franka_custom_controller/lib:/home/adminlab/franka_ros2_ws/install/franka_hardware/lib:/home/adminlab/franka_ros2_ws/install/franka_gripper/lib:/home/adminlab/franka_ros2_ws/install/franka_msgs/lib:/opt/ros/humble/opt/rviz_ogre_vendor/lib:/opt/ros/humble/lib/x86_64-linux-gnu:/opt/ros/humble/lib PATH=/home/adminlab/franka_ros2_ws/install/moveit_core/bin:${PATH} PYTHONPATH=/home/adminlab/franka_ros2_ws/install/generate_parameter_library_py/lib/python3.10/site-packages:/home/adminlab/franka_ros2_ws/install/moveit_configs_utils/lib/python3.10/site-packages:/home/adminlab/franka_ros2_ws/install/srdfdom/local/lib/python3.10/dist-packages:/home/adminlab/franka_ros2_ws/install/ros2test/lib/python3.10/site-packages:/home/adminlab/franka_ros2_ws/install/realsense2_camera_msgs/local/lib/python3.10/dist-packages:/home/adminlab/franka_ros2_ws/install/generate_parameter_module_example/lib/python3.10/site-packages:/home/adminlab/franka_ros2_ws/install/cmake_generate_parameter_module_example/local/lib/python3.10/dist-packages:/home/adminlab/franka_ros2_ws/install/moveit_task_constructor_msgs/local/lib/python3.10/dist-packages:/home/adminlab/franka_ros2_ws/install/moveit_msgs/local/lib/python3.10/dist-packages:/home/adminlab/franka_ros2_ws/install/launch_param_builder/lib/python3.10/site-packages:/home/adminlab/franka_ros2_ws/install/franka_gripper/local/lib/python3.10/dist-packages:/home/adminlab/franka_ros2_ws/install/franka_msgs/local/lib/python3.10/dist-packages:/home/adminlab/franka_ros2_ws/install/camera_publisher/lib/python3.10/site-packages:/opt/ros/humble/lib/python3.10/site-packages:/opt/ros/humble/local/lib/python3.10/dist-packages /usr/bin/cmake --build /home/adminlab/franka_ros2_ws/build/moveit_ros_visualization -- -j16 -l16
[189.826s] Invoking command in '/home/adminlab/franka_ros2_ws/build/moveit_ros_visualization': AMENT_PREFIX_PATH=/home/adminlab/franka_ros2_ws/install/moveit_ros_planning_interface:/home/adminlab/franka_ros2_ws/install/moveit_ros_move_group:/home/adminlab/franka_ros2_ws/install/moveit_ros_warehouse:/home/adminlab/franka_ros2_ws/install/moveit_ros_robot_interaction:/home/adminlab/franka_ros2_ws/install/moveit_kinematics:/home/adminlab/franka_ros2_ws/install/moveit_ros_planning:/home/adminlab/franka_ros2_ws/install/moveit_ros_occupancy_map_monitor:/home/adminlab/franka_ros2_ws/install/moveit_core:/home/adminlab/franka_ros2_ws/install/generate_parameter_library_py:/home/adminlab/franka_ros2_ws/install/moveit_configs_utils:/home/adminlab/franka_ros2_ws/install/srdfdom:/home/adminlab/franka_ros2_ws/install/rviz_marker_tools:/home/adminlab/franka_ros2_ws/install/rosparam_shortcuts:/home/adminlab/franka_ros2_ws/install/ros_testing:/home/adminlab/franka_ros2_ws/install/ros2test:/home/adminlab/franka_ros2_ws/install/opencv_cam:/home/adminlab/franka_ros2_ws/install/ros2_shared:/home/adminlab/franka_ros2_ws/install/realsense2_description:/home/adminlab/franka_ros2_ws/install/realsense2_camera_msgs:/home/adminlab/franka_ros2_ws/install/joint_trajectory_controller:/home/adminlab/franka_ros2_ws/install/generate_parameter_module_example:/home/adminlab/franka_ros2_ws/install/generate_parameter_library_example:/home/adminlab/franka_ros2_ws/install/franka_bringup:/home/adminlab/franka_ros2_ws/install/franka_robot_state_broadcaster:/home/adminlab/franka_ros2_ws/install/cmake_generate_parameter_module_example:/home/adminlab/franka_ros2_ws/install/generate_parameter_library:/home/adminlab/franka_ros2_ws/install/parameter_traits:/home/adminlab/franka_ros2_ws/install/moveit_task_constructor_msgs:/home/adminlab/franka_ros2_ws/install/moveit_resources_prbt_support:/home/adminlab/franka_ros2_ws/install/moveit_resources:/home/adminlab/franka_ros2_ws/install/moveit_resources_pr2_description:/home/adminlab/franka_ros2_ws/install/moveit_resources_panda_moveit_config:/home/adminlab/franka_ros2_ws/install/moveit_resources_panda_description:/home/adminlab/franka_ros2_ws/install/moveit_resources_fanuc_moveit_config:/home/adminlab/franka_ros2_ws/install/moveit_resources_fanuc_description:/home/adminlab/franka_ros2_ws/install/moveit_msgs:/home/adminlab/franka_ros2_ws/install/moveit_common:/home/adminlab/franka_ros2_ws/install/launch_param_builder:/home/adminlab/franka_ros2_ws/install/integration_launch_testing:/home/adminlab/franka_ros2_ws/install/franka_example_controllers:/home/adminlab/franka_ros2_ws/install/franka_semantic_components:/home/adminlab/franka_ros2_ws/install/franka_hardware:/home/adminlab/franka_ros2_ws/install/franka_gripper:/home/adminlab/franka_ros2_ws/install/franka_msgs:/home/adminlab/franka_ros2_ws/install/franka_description:/home/adminlab/franka_ros2_ws/install/camera_publisher:/opt/ros/humble CMAKE_PREFIX_PATH=/home/adminlab/franka_ros2_ws/install/moveit_ros_planning_interface:/home/adminlab/franka_ros2_ws/install/moveit_ros_move_group:/home/adminlab/franka_ros2_ws/install/moveit_ros_warehouse:/home/adminlab/franka_ros2_ws/install/moveit_ros_robot_interaction:/home/adminlab/franka_ros2_ws/install/moveit_kinematics:/home/adminlab/franka_ros2_ws/install/moveit_ros_planning:/home/adminlab/franka_ros2_ws/install/moveit_ros_occupancy_map_monitor:/home/adminlab/franka_ros2_ws/install/moveit_core:/home/adminlab/franka_ros2_ws/install/generate_parameter_library:/home/adminlab/franka_ros2_ws/install/srdfdom:/home/adminlab/franka_ros2_ws/install/parameter_traits:/home/adminlab/franka_ros2_ws/install/moveit_msgs:/home/adminlab/franka_ros2_ws/install/moveit_common:/home/adminlab/franka_ros2_ws/install/rviz_marker_tools:/home/adminlab/franka_ros2_ws/install/rosparam_shortcuts:/home/adminlab/franka_ros2_ws/install/ros_testing:/home/adminlab/franka_ros2_ws/install/opencv_cam:/home/adminlab/franka_ros2_ws/install/ros2_shared:/home/adminlab/franka_ros2_ws/install/realsense2_description:/home/adminlab/franka_ros2_ws/install/realsense2_camera_msgs:/home/adminlab/franka_ros2_ws/install/joint_trajectory_controller:/home/adminlab/franka_ros2_ws/install/generate_parameter_library_example:/home/adminlab/franka_ros2_ws/install/franka_bringup:/home/adminlab/franka_ros2_ws/install/franka_robot_state_broadcaster:/home/adminlab/franka_ros2_ws/install/cmake_generate_parameter_module_example:/home/adminlab/franka_ros2_ws/install/moveit_task_constructor_msgs:/home/adminlab/franka_ros2_ws/install/moveit_resources_prbt_support:/home/adminlab/franka_ros2_ws/install/moveit_resources:/home/adminlab/franka_ros2_ws/install/moveit_resources_pr2_description:/home/adminlab/franka_ros2_ws/install/moveit_resources_panda_moveit_config:/home/adminlab/franka_ros2_ws/install/moveit_resources_panda_description:/home/adminlab/franka_ros2_ws/install/moveit_resources_fanuc_moveit_config:/home/adminlab/franka_ros2_ws/install/moveit_resources_fanuc_description:/home/adminlab/franka_ros2_ws/install/integration_launch_testing:/home/adminlab/franka_ros2_ws/install/franka_example_controllers:/home/adminlab/franka_ros2_ws/install/franka_semantic_components:/home/adminlab/franka_ros2_ws/install/moveit_configs_utils:/home/adminlab/franka_ros2_ws/install/ros2test:/home/adminlab/franka_ros2_ws/install/generate_parameter_module_example:/home/adminlab/franka_ros2_ws/install/launch_param_builder:/home/adminlab/franka_ros2_ws/install/generate_parameter_library_py:/home/adminlab/franka_ros2_ws/install/camera_publisher:/opt/ros/humble:/home/adminlab/franka_ros2_ws/install/franka_custom_controller:/home/adminlab/franka_ros2_ws/install/franka_hardware:/home/adminlab/franka_ros2_ws/install/franka_gripper:/home/adminlab/franka_ros2_ws/install/franka_msgs:/home/adminlab/franka_ros2_ws/install/franka_description LD_LIBRARY_PATH=/home/adminlab/franka_ros2_ws/install/moveit_ros_planning_interface/lib:/home/adminlab/franka_ros2_ws/install/moveit_ros_move_group/lib:/home/adminlab/franka_ros2_ws/install/moveit_ros_warehouse/lib:/home/adminlab/franka_ros2_ws/install/moveit_ros_robot_interaction/lib:/home/adminlab/franka_ros2_ws/install/moveit_kinematics/lib:/home/adminlab/franka_ros2_ws/install/moveit_ros_planning/lib:/home/adminlab/franka_ros2_ws/install/moveit_ros_occupancy_map_monitor/lib:/home/adminlab/franka_ros2_ws/install/moveit_core/lib:/home/adminlab/franka_ros2_ws/install/srdfdom/lib:/home/adminlab/franka_ros2_ws/install/moveit_msgs/lib:/home/adminlab/franka_ros2_ws/install/rviz_marker_tools/lib:/home/adminlab/franka_ros2_ws/install/rosparam_shortcuts/lib:/home/adminlab/franka_ros2_ws/install/opencv_cam/lib:/home/adminlab/franka_ros2_ws/install/realsense2_camera_msgs/lib:/home/adminlab/franka_ros2_ws/install/joint_trajectory_controller/lib:/home/adminlab/franka_ros2_ws/install/generate_parameter_library_example/lib:/home/adminlab/franka_ros2_ws/install/franka_robot_state_broadcaster/lib:/home/adminlab/franka_ros2_ws/install/parameter_traits/lib:/home/adminlab/franka_ros2_ws/install/moveit_task_constructor_msgs/lib:/home/adminlab/franka_ros2_ws/install/integration_launch_testing/lib:/home/adminlab/franka_ros2_ws/install/franka_example_controllers/lib:/home/adminlab/franka_ros2_ws/install/franka_semantic_components/lib:/home/adminlab/franka_ros2_ws/install/franka_custom_controller/lib:/home/adminlab/franka_ros2_ws/install/franka_hardware/lib:/home/adminlab/franka_ros2_ws/install/franka_gripper/lib:/home/adminlab/franka_ros2_ws/install/franka_msgs/lib:/opt/ros/humble/opt/rviz_ogre_vendor/lib:/opt/ros/humble/lib/x86_64-linux-gnu:/opt/ros/humble/lib PATH=/home/adminlab/franka_ros2_ws/install/moveit_core/bin:${PATH} PYTHONPATH=/home/adminlab/franka_ros2_ws/install/generate_parameter_library_py/lib/python3.10/site-packages:/home/adminlab/franka_ros2_ws/install/moveit_configs_utils/lib/python3.10/site-packages:/home/adminlab/franka_ros2_ws/install/srdfdom/local/lib/python3.10/dist-packages:/home/adminlab/franka_ros2_ws/install/ros2test/lib/python3.10/site-packages:/home/adminlab/franka_ros2_ws/install/realsense2_camera_msgs/local/lib/python3.10/dist-packages:/home/adminlab/franka_ros2_ws/install/generate_parameter_module_example/lib/python3.10/site-packages:/home/adminlab/franka_ros2_ws/install/cmake_generate_parameter_module_example/local/lib/python3.10/dist-packages:/home/adminlab/franka_ros2_ws/install/moveit_task_constructor_msgs/local/lib/python3.10/dist-packages:/home/adminlab/franka_ros2_ws/install/moveit_msgs/local/lib/python3.10/dist-packages:/home/adminlab/franka_ros2_ws/install/launch_param_builder/lib/python3.10/site-packages:/home/adminlab/franka_ros2_ws/install/franka_gripper/local/lib/python3.10/dist-packages:/home/adminlab/franka_ros2_ws/install/franka_msgs/local/lib/python3.10/dist-packages:/home/adminlab/franka_ros2_ws/install/camera_publisher/lib/python3.10/site-packages:/opt/ros/humble/lib/python3.10/site-packages:/opt/ros/humble/local/lib/python3.10/dist-packages /usr/bin/cmake --install /home/adminlab/franka_ros2_ws/build/moveit_ros_visualization
[189.834s] -- Install configuration: "Release"
[189.835s] -- Installing: /home/adminlab/franka_ros2_ws/install/moveit_ros_visualization/include
[189.835s] -- Installing: /home/adminlab/franka_ros2_ws/install/moveit_ros_visualization/include/moveit
[189.835s] -- Installing: /home/adminlab/franka_ros2_ws/install/moveit_ros_visualization/include/moveit/rviz_plugin_render_tools
[189.835s] -- Installing: /home/adminlab/franka_ros2_ws/install/moveit_ros_visualization/include/moveit/rviz_plugin_render_tools/robot_state_visualization.h
[189.835s] -- Installing: /home/adminlab/franka_ros2_ws/install/moveit_ros_visualization/include/moveit/rviz_plugin_render_tools/octomap_render.h
[189.835s] -- Installing: /home/adminlab/franka_ros2_ws/install/moveit_ros_visualization/include/moveit/rviz_plugin_render_tools/planning_scene_render.h
[189.835s] -- Installing: /home/adminlab/franka_ros2_ws/install/moveit_ros_visualization/include/moveit/rviz_plugin_render_tools/planning_link_updater.h
[189.836s] -- Installing: /home/adminlab/franka_ros2_ws/install/moveit_ros_visualization/include/moveit/rviz_plugin_render_tools/render_shapes.h
[189.836s] -- Installing: /home/adminlab/franka_ros2_ws/install/moveit_ros_visualization/include/moveit/rviz_plugin_render_tools/trajectory_panel.h
[189.836s] -- Installing: /home/adminlab/franka_ros2_ws/install/moveit_ros_visualization/include/moveit/rviz_plugin_render_tools/trajectory_visualization.h
[189.836s] -- Installing: /home/adminlab/franka_ros2_ws/install/moveit_ros_visualization/include/ogre_helpers
[189.836s] -- Installing: /home/adminlab/franka_ros2_ws/install/moveit_ros_visualization/include/ogre_helpers/mesh_shape.hpp
[189.836s] -- Up-to-date: /home/adminlab/franka_ros2_ws/install/moveit_ros_visualization/include
[189.836s] -- Up-to-date: /home/adminlab/franka_ros2_ws/install/moveit_ros_visualization/include/moveit
[189.837s] -- Installing: /home/adminlab/franka_ros2_ws/install/moveit_ros_visualization/include/moveit/robot_state_rviz_plugin
[189.837s] -- Installing: /home/adminlab/franka_ros2_ws/install/moveit_ros_visualization/include/moveit/robot_state_rviz_plugin/robot_state_display.h
[189.837s] -- Up-to-date: /home/adminlab/franka_ros2_ws/install/moveit_ros_visualization/include
[189.837s] -- Up-to-date: /home/adminlab/franka_ros2_ws/install/moveit_ros_visualization/include/moveit
[189.837s] -- Installing: /home/adminlab/franka_ros2_ws/install/moveit_ros_visualization/include/moveit/planning_scene_rviz_plugin
[189.837s] -- Installing: /home/adminlab/franka_ros2_ws/install/moveit_ros_visualization/include/moveit/planning_scene_rviz_plugin/background_processing.hpp
[189.837s] -- Installing: /home/adminlab/franka_ros2_ws/install/moveit_ros_visualization/include/moveit/planning_scene_rviz_plugin/planning_scene_display.h
[189.837s] -- Installing: /home/adminlab/franka_ros2_ws/install/moveit_ros_visualization/include/moveit_planning_scene_rviz_plugin_core_export.h
[189.838s] -- Up-to-date: /home/adminlab/franka_ros2_ws/install/moveit_ros_visualization/include
[189.838s] -- Up-to-date: /home/adminlab/franka_ros2_ws/install/moveit_ros_visualization/include/moveit
[189.838s] -- Installing: /home/adminlab/franka_ros2_ws/install/moveit_ros_visualization/include/moveit/motion_planning_rviz_plugin
[189.838s] -- Installing: /home/adminlab/franka_ros2_ws/install/moveit_ros_visualization/include/moveit/motion_planning_rviz_plugin/motion_planning_frame_joints_widget.h
[189.838s] -- Installing: /home/adminlab/franka_ros2_ws/install/moveit_ros_visualization/include/moveit/motion_planning_rviz_plugin/motion_planning_frame.h
[189.838s] -- Installing: /home/adminlab/franka_ros2_ws/install/moveit_ros_visualization/include/moveit/motion_planning_rviz_plugin/interactive_marker_display.h
[189.838s] -- Installing: /home/adminlab/franka_ros2_ws/install/moveit_ros_visualization/include/moveit/motion_planning_rviz_plugin/motion_planning_param_widget.h
[189.838s] -- Installing: /home/adminlab/franka_ros2_ws/install/moveit_ros_visualization/include/moveit/motion_planning_rviz_plugin/motion_planning_display.h
[189.839s] -- Up-to-date: /home/adminlab/franka_ros2_ws/install/moveit_ros_visualization/include
[189.839s] -- Up-to-date: /home/adminlab/franka_ros2_ws/install/moveit_ros_visualization/include/moveit
[189.839s] -- Installing: /home/adminlab/franka_ros2_ws/install/moveit_ros_visualization/include/moveit/trajectory_rviz_plugin
[189.839s] -- Installing: /home/adminlab/franka_ros2_ws/install/moveit_ros_visualization/include/moveit/trajectory_rviz_plugin/trajectory_display.h
[189.839s] -- Installing: /home/adminlab/franka_ros2_ws/install/moveit_ros_visualization/share/moveit_ros_visualization/icons
[189.840s] -- Installing: /home/adminlab/franka_ros2_ws/install/moveit_ros_visualization/share/moveit_ros_visualization/icons/classes
[189.840s] -- Installing: /home/adminlab/franka_ros2_ws/install/moveit_ros_visualization/share/moveit_ros_visualization/icons/classes/RobotState.png
[189.840s] -- Installing: /home/adminlab/franka_ros2_ws/install/moveit_ros_visualization/share/moveit_ros_visualization/icons/classes/MotionPlanning.png
[189.840s] -- Installing: /home/adminlab/franka_ros2_ws/install/moveit_ros_visualization/share/moveit_ros_visualization/icons/classes/PlanningScene.png
[189.840s] -- Installing: /home/adminlab/franka_ros2_ws/install/moveit_ros_visualization/share/moveit_ros_visualization/icons/classes/Trajectory.png
[189.840s] -- Installing: /home/adminlab/franka_ros2_ws/install/moveit_ros_visualization/share/moveit_ros_visualization/motion_planning_rviz_plugin_description.xml
[189.840s] -- Installing: /home/adminlab/franka_ros2_ws/install/moveit_ros_visualization/share/moveit_ros_visualization/trajectory_rviz_plugin_description.xml
[189.841s] -- Installing: /home/adminlab/franka_ros2_ws/install/moveit_ros_visualization/share/moveit_ros_visualization/planning_scene_rviz_plugin_description.xml
[189.841s] -- Installing: /home/adminlab/franka_ros2_ws/install/moveit_ros_visualization/share/moveit_ros_visualization/robot_state_rviz_plugin_description.xml
[189.841s] -- Installing: /home/adminlab/franka_ros2_ws/install/moveit_ros_visualization/lib/libmoveit_motion_planning_rviz_plugin.so.2.5.5
[189.841s] -- Set runtime path of "/home/adminlab/franka_ros2_ws/install/moveit_ros_visualization/lib/libmoveit_motion_planning_rviz_plugin.so.2.5.5" to ""
[189.842s] -- Installing: /home/adminlab/franka_ros2_ws/install/moveit_ros_visualization/lib/libmoveit_motion_planning_rviz_plugin.so
[189.842s] -- Installing: /home/adminlab/franka_ros2_ws/install/moveit_ros_visualization/lib/libmoveit_motion_planning_rviz_plugin_core.so.2.5.5
[189.846s] -- Set runtime path of "/home/adminlab/franka_ros2_ws/install/moveit_ros_visualization/lib/libmoveit_motion_planning_rviz_plugin_core.so.2.5.5" to ""
[189.847s] -- Installing: /home/adminlab/franka_ros2_ws/install/moveit_ros_visualization/lib/libmoveit_motion_planning_rviz_plugin_core.so
[189.847s] -- Installing: /home/adminlab/franka_ros2_ws/install/moveit_ros_visualization/lib/libmoveit_planning_scene_rviz_plugin.so.2.5.5
[189.847s] -- Set runtime path of "/home/adminlab/franka_ros2_ws/install/moveit_ros_visualization/lib/libmoveit_planning_scene_rviz_plugin.so.2.5.5" to ""
[189.847s] -- Installing: /home/adminlab/franka_ros2_ws/install/moveit_ros_visualization/lib/libmoveit_planning_scene_rviz_plugin.so
[189.847s] -- Installing: /home/adminlab/franka_ros2_ws/install/moveit_ros_visualization/lib/libmoveit_planning_scene_rviz_plugin_core.so.2.5.5
[189.848s] -- Set runtime path of "/home/adminlab/franka_ros2_ws/install/moveit_ros_visualization/lib/libmoveit_planning_scene_rviz_plugin_core.so.2.5.5" to ""
[189.848s] -- Installing: /home/adminlab/franka_ros2_ws/install/moveit_ros_visualization/lib/libmoveit_planning_scene_rviz_plugin_core.so
[189.848s] -- Installing: /home/adminlab/franka_ros2_ws/install/moveit_ros_visualization/lib/libmoveit_robot_state_rviz_plugin.so.2.5.5
[189.848s] -- Set runtime path of "/home/adminlab/franka_ros2_ws/install/moveit_ros_visualization/lib/libmoveit_robot_state_rviz_plugin.so.2.5.5" to ""
[189.848s] -- Installing: /home/adminlab/franka_ros2_ws/install/moveit_ros_visualization/lib/libmoveit_robot_state_rviz_plugin.so
[189.848s] -- Installing: /home/adminlab/franka_ros2_ws/install/moveit_ros_visualization/lib/libmoveit_robot_state_rviz_plugin_core.so.2.5.5
[189.850s] -- Set runtime path of "/home/adminlab/franka_ros2_ws/install/moveit_ros_visualization/lib/libmoveit_robot_state_rviz_plugin_core.so.2.5.5" to ""
[189.850s] -- Installing: /home/adminlab/franka_ros2_ws/install/moveit_ros_visualization/lib/libmoveit_robot_state_rviz_plugin_core.so
[189.850s] -- Installing: /home/adminlab/franka_ros2_ws/install/moveit_ros_visualization/lib/libmoveit_rviz_plugin_render_tools.so.2.5.5
[189.851s] -- Set runtime path of "/home/adminlab/franka_ros2_ws/install/moveit_ros_visualization/lib/libmoveit_rviz_plugin_render_tools.so.2.5.5" to ""
[189.852s] -- Installing: /home/adminlab/franka_ros2_ws/install/moveit_ros_visualization/lib/libmoveit_rviz_plugin_render_tools.so
[189.852s] -- Installing: /home/adminlab/franka_ros2_ws/install/moveit_ros_visualization/lib/libmoveit_trajectory_rviz_plugin.so.2.5.5
[189.852s] -- Set runtime path of "/home/adminlab/franka_ros2_ws/install/moveit_ros_visualization/lib/libmoveit_trajectory_rviz_plugin.so.2.5.5" to ""
[189.852s] -- Installing: /home/adminlab/franka_ros2_ws/install/moveit_ros_visualization/lib/libmoveit_trajectory_rviz_plugin.so
[189.852s] -- Installing: /home/adminlab/franka_ros2_ws/install/moveit_ros_visualization/lib/libmoveit_trajectory_rviz_plugin_core.so.2.5.5
[189.852s] -- Set runtime path of "/home/adminlab/franka_ros2_ws/install/moveit_ros_visualization/lib/libmoveit_trajectory_rviz_plugin_core.so.2.5.5" to ""
[189.853s] -- Installing: /home/adminlab/franka_ros2_ws/install/moveit_ros_visualization/lib/libmoveit_trajectory_rviz_plugin_core.so
[189.853s] -- Installing: /home/adminlab/franka_ros2_ws/install/moveit_ros_visualization/share/moveit_ros_visualization/environment/library_path.sh
[189.853s] -- Installing: /home/adminlab/franka_ros2_ws/install/moveit_ros_visualization/share/moveit_ros_visualization/environment/library_path.dsv
[189.854s] -- Installing: /home/adminlab/franka_ros2_ws/install/moveit_ros_visualization/share/ament_index/resource_index/package_run_dependencies/moveit_ros_visualization
[189.854s] -- Installing: /home/adminlab/franka_ros2_ws/install/moveit_ros_visualization/share/ament_index/resource_index/parent_prefix_path/moveit_ros_visualization
[189.855s] -- Installing: /home/adminlab/franka_ros2_ws/install/moveit_ros_visualization/share/moveit_ros_visualization/environment/ament_prefix_path.sh
[189.855s] -- Installing: /home/adminlab/franka_ros2_ws/install/moveit_ros_visualization/share/moveit_ros_visualization/environment/ament_prefix_path.dsv
[189.855s] -- Installing: /home/adminlab/franka_ros2_ws/install/moveit_ros_visualization/share/moveit_ros_visualization/environment/path.sh
[189.855s] -- Installing: /home/adminlab/franka_ros2_ws/install/moveit_ros_visualization/share/moveit_ros_visualization/environment/path.dsv
[189.855s] -- Installing: /home/adminlab/franka_ros2_ws/install/moveit_ros_visualization/share/moveit_ros_visualization/local_setup.bash
[189.855s] -- Installing: /home/adminlab/franka_ros2_ws/install/moveit_ros_visualization/share/moveit_ros_visualization/local_setup.sh
[189.856s] -- Installing: /home/adminlab/franka_ros2_ws/install/moveit_ros_visualization/share/moveit_ros_visualization/local_setup.zsh
[189.856s] -- Installing: /home/adminlab/franka_ros2_ws/install/moveit_ros_visualization/share/moveit_ros_visualization/local_setup.dsv
[189.856s] -- Installing: /home/adminlab/franka_ros2_ws/install/moveit_ros_visualization/share/moveit_ros_visualization/package.dsv
[189.856s] -- Installing: /home/adminlab/franka_ros2_ws/install/moveit_ros_visualization/share/ament_index/resource_index/packages/moveit_ros_visualization
[189.856s] -- Installing: /home/adminlab/franka_ros2_ws/install/moveit_ros_visualization/share/ament_index/resource_index/rviz_common__pluginlib__plugin/moveit_ros_visualization
[189.857s] -- Installing: /home/adminlab/franka_ros2_ws/install/moveit_ros_visualization/share/moveit_ros_visualization/cmake/export_moveit_ros_visualizationExport.cmake
[189.857s] -- Installing: /home/adminlab/franka_ros2_ws/install/moveit_ros_visualization/share/moveit_ros_visualization/cmake/export_moveit_ros_visualizationExport-release.cmake
[189.857s] -- Installing: /home/adminlab/franka_ros2_ws/install/moveit_ros_visualization/share/moveit_ros_visualization/cmake/ConfigExtras.cmake
[189.857s] -- Installing: /home/adminlab/franka_ros2_ws/install/moveit_ros_visualization/share/moveit_ros_visualization/cmake/ament_cmake_export_targets-extras.cmake
[189.857s] -- Installing: /home/adminlab/franka_ros2_ws/install/moveit_ros_visualization/share/moveit_ros_visualization/cmake/ament_cmake_export_dependencies-extras.cmake
[189.858s] -- Installing: /home/adminlab/franka_ros2_ws/install/moveit_ros_visualization/share/moveit_ros_visualization/cmake/moveit_ros_visualizationConfig.cmake
[189.858s] -- Installing: /home/adminlab/franka_ros2_ws/install/moveit_ros_visualization/share/moveit_ros_visualization/cmake/moveit_ros_visualizationConfig-version.cmake
[189.858s] -- Installing: /home/adminlab/franka_ros2_ws/install/moveit_ros_visualization/share/moveit_ros_visualization/package.xml
[189.868s] Invoked command in '/home/adminlab/franka_ros2_ws/build/moveit_ros_visualization' returned '0': AMENT_PREFIX_PATH=/home/adminlab/franka_ros2_ws/install/moveit_ros_planning_interface:/home/adminlab/franka_ros2_ws/install/moveit_ros_move_group:/home/adminlab/franka_ros2_ws/install/moveit_ros_warehouse:/home/adminlab/franka_ros2_ws/install/moveit_ros_robot_interaction:/home/adminlab/franka_ros2_ws/install/moveit_kinematics:/home/adminlab/franka_ros2_ws/install/moveit_ros_planning:/home/adminlab/franka_ros2_ws/install/moveit_ros_occupancy_map_monitor:/home/adminlab/franka_ros2_ws/install/moveit_core:/home/adminlab/franka_ros2_ws/install/generate_parameter_library_py:/home/adminlab/franka_ros2_ws/install/moveit_configs_utils:/home/adminlab/franka_ros2_ws/install/srdfdom:/home/adminlab/franka_ros2_ws/install/rviz_marker_tools:/home/adminlab/franka_ros2_ws/install/rosparam_shortcuts:/home/adminlab/franka_ros2_ws/install/ros_testing:/home/adminlab/franka_ros2_ws/install/ros2test:/home/adminlab/franka_ros2_ws/install/opencv_cam:/home/adminlab/franka_ros2_ws/install/ros2_shared:/home/adminlab/franka_ros2_ws/install/realsense2_description:/home/adminlab/franka_ros2_ws/install/realsense2_camera_msgs:/home/adminlab/franka_ros2_ws/install/joint_trajectory_controller:/home/adminlab/franka_ros2_ws/install/generate_parameter_module_example:/home/adminlab/franka_ros2_ws/install/generate_parameter_library_example:/home/adminlab/franka_ros2_ws/install/franka_bringup:/home/adminlab/franka_ros2_ws/install/franka_robot_state_broadcaster:/home/adminlab/franka_ros2_ws/install/cmake_generate_parameter_module_example:/home/adminlab/franka_ros2_ws/install/generate_parameter_library:/home/adminlab/franka_ros2_ws/install/parameter_traits:/home/adminlab/franka_ros2_ws/install/moveit_task_constructor_msgs:/home/adminlab/franka_ros2_ws/install/moveit_resources_prbt_support:/home/adminlab/franka_ros2_ws/install/moveit_resources:/home/adminlab/franka_ros2_ws/install/moveit_resources_pr2_description:/home/adminlab/franka_ros2_ws/install/moveit_resources_panda_moveit_config:/home/adminlab/franka_ros2_ws/install/moveit_resources_panda_description:/home/adminlab/franka_ros2_ws/install/moveit_resources_fanuc_moveit_config:/home/adminlab/franka_ros2_ws/install/moveit_resources_fanuc_description:/home/adminlab/franka_ros2_ws/install/moveit_msgs:/home/adminlab/franka_ros2_ws/install/moveit_common:/home/adminlab/franka_ros2_ws/install/launch_param_builder:/home/adminlab/franka_ros2_ws/install/integration_launch_testing:/home/adminlab/franka_ros2_ws/install/franka_example_controllers:/home/adminlab/franka_ros2_ws/install/franka_semantic_components:/home/adminlab/franka_ros2_ws/install/franka_hardware:/home/adminlab/franka_ros2_ws/install/franka_gripper:/home/adminlab/franka_ros2_ws/install/franka_msgs:/home/adminlab/franka_ros2_ws/install/franka_description:/home/adminlab/franka_ros2_ws/install/camera_publisher:/opt/ros/humble CMAKE_PREFIX_PATH=/home/adminlab/franka_ros2_ws/install/moveit_ros_planning_interface:/home/adminlab/franka_ros2_ws/install/moveit_ros_move_group:/home/adminlab/franka_ros2_ws/install/moveit_ros_warehouse:/home/adminlab/franka_ros2_ws/install/moveit_ros_robot_interaction:/home/adminlab/franka_ros2_ws/install/moveit_kinematics:/home/adminlab/franka_ros2_ws/install/moveit_ros_planning:/home/adminlab/franka_ros2_ws/install/moveit_ros_occupancy_map_monitor:/home/adminlab/franka_ros2_ws/install/moveit_core:/home/adminlab/franka_ros2_ws/install/generate_parameter_library:/home/adminlab/franka_ros2_ws/install/srdfdom:/home/adminlab/franka_ros2_ws/install/parameter_traits:/home/adminlab/franka_ros2_ws/install/moveit_msgs:/home/adminlab/franka_ros2_ws/install/moveit_common:/home/adminlab/franka_ros2_ws/install/rviz_marker_tools:/home/adminlab/franka_ros2_ws/install/rosparam_shortcuts:/home/adminlab/franka_ros2_ws/install/ros_testing:/home/adminlab/franka_ros2_ws/install/opencv_cam:/home/adminlab/franka_ros2_ws/install/ros2_shared:/home/adminlab/franka_ros2_ws/install/realsense2_description:/home/adminlab/franka_ros2_ws/install/realsense2_camera_msgs:/home/adminlab/franka_ros2_ws/install/joint_trajectory_controller:/home/adminlab/franka_ros2_ws/install/generate_parameter_library_example:/home/adminlab/franka_ros2_ws/install/franka_bringup:/home/adminlab/franka_ros2_ws/install/franka_robot_state_broadcaster:/home/adminlab/franka_ros2_ws/install/cmake_generate_parameter_module_example:/home/adminlab/franka_ros2_ws/install/moveit_task_constructor_msgs:/home/adminlab/franka_ros2_ws/install/moveit_resources_prbt_support:/home/adminlab/franka_ros2_ws/install/moveit_resources:/home/adminlab/franka_ros2_ws/install/moveit_resources_pr2_description:/home/adminlab/franka_ros2_ws/install/moveit_resources_panda_moveit_config:/home/adminlab/franka_ros2_ws/install/moveit_resources_panda_description:/home/adminlab/franka_ros2_ws/install/moveit_resources_fanuc_moveit_config:/home/adminlab/franka_ros2_ws/install/moveit_resources_fanuc_description:/home/adminlab/franka_ros2_ws/install/integration_launch_testing:/home/adminlab/franka_ros2_ws/install/franka_example_controllers:/home/adminlab/franka_ros2_ws/install/franka_semantic_components:/home/adminlab/franka_ros2_ws/install/moveit_configs_utils:/home/adminlab/franka_ros2_ws/install/ros2test:/home/adminlab/franka_ros2_ws/install/generate_parameter_module_example:/home/adminlab/franka_ros2_ws/install/launch_param_builder:/home/adminlab/franka_ros2_ws/install/generate_parameter_library_py:/home/adminlab/franka_ros2_ws/install/camera_publisher:/opt/ros/humble:/home/adminlab/franka_ros2_ws/install/franka_custom_controller:/home/adminlab/franka_ros2_ws/install/franka_hardware:/home/adminlab/franka_ros2_ws/install/franka_gripper:/home/adminlab/franka_ros2_ws/install/franka_msgs:/home/adminlab/franka_ros2_ws/install/franka_description LD_LIBRARY_PATH=/home/adminlab/franka_ros2_ws/install/moveit_ros_planning_interface/lib:/home/adminlab/franka_ros2_ws/install/moveit_ros_move_group/lib:/home/adminlab/franka_ros2_ws/install/moveit_ros_warehouse/lib:/home/adminlab/franka_ros2_ws/install/moveit_ros_robot_interaction/lib:/home/adminlab/franka_ros2_ws/install/moveit_kinematics/lib:/home/adminlab/franka_ros2_ws/install/moveit_ros_planning/lib:/home/adminlab/franka_ros2_ws/install/moveit_ros_occupancy_map_monitor/lib:/home/adminlab/franka_ros2_ws/install/moveit_core/lib:/home/adminlab/franka_ros2_ws/install/srdfdom/lib:/home/adminlab/franka_ros2_ws/install/moveit_msgs/lib:/home/adminlab/franka_ros2_ws/install/rviz_marker_tools/lib:/home/adminlab/franka_ros2_ws/install/rosparam_shortcuts/lib:/home/adminlab/franka_ros2_ws/install/opencv_cam/lib:/home/adminlab/franka_ros2_ws/install/realsense2_camera_msgs/lib:/home/adminlab/franka_ros2_ws/install/joint_trajectory_controller/lib:/home/adminlab/franka_ros2_ws/install/generate_parameter_library_example/lib:/home/adminlab/franka_ros2_ws/install/franka_robot_state_broadcaster/lib:/home/adminlab/franka_ros2_ws/install/parameter_traits/lib:/home/adminlab/franka_ros2_ws/install/moveit_task_constructor_msgs/lib:/home/adminlab/franka_ros2_ws/install/integration_launch_testing/lib:/home/adminlab/franka_ros2_ws/install/franka_example_controllers/lib:/home/adminlab/franka_ros2_ws/install/franka_semantic_components/lib:/home/adminlab/franka_ros2_ws/install/franka_custom_controller/lib:/home/adminlab/franka_ros2_ws/install/franka_hardware/lib:/home/adminlab/franka_ros2_ws/install/franka_gripper/lib:/home/adminlab/franka_ros2_ws/install/franka_msgs/lib:/opt/ros/humble/opt/rviz_ogre_vendor/lib:/opt/ros/humble/lib/x86_64-linux-gnu:/opt/ros/humble/lib PATH=/home/adminlab/franka_ros2_ws/install/moveit_core/bin:${PATH} PYTHONPATH=/home/adminlab/franka_ros2_ws/install/generate_parameter_library_py/lib/python3.10/site-packages:/home/adminlab/franka_ros2_ws/install/moveit_configs_utils/lib/python3.10/site-packages:/home/adminlab/franka_ros2_ws/install/srdfdom/local/lib/python3.10/dist-packages:/home/adminlab/franka_ros2_ws/install/ros2test/lib/python3.10/site-packages:/home/adminlab/franka_ros2_ws/install/realsense2_camera_msgs/local/lib/python3.10/dist-packages:/home/adminlab/franka_ros2_ws/install/generate_parameter_module_example/lib/python3.10/site-packages:/home/adminlab/franka_ros2_ws/install/cmake_generate_parameter_module_example/local/lib/python3.10/dist-packages:/home/adminlab/franka_ros2_ws/install/moveit_task_constructor_msgs/local/lib/python3.10/dist-packages:/home/adminlab/franka_ros2_ws/install/moveit_msgs/local/lib/python3.10/dist-packages:/home/adminlab/franka_ros2_ws/install/launch_param_builder/lib/python3.10/site-packages:/home/adminlab/franka_ros2_ws/install/franka_gripper/local/lib/python3.10/dist-packages:/home/adminlab/franka_ros2_ws/install/franka_msgs/local/lib/python3.10/dist-packages:/home/adminlab/franka_ros2_ws/install/camera_publisher/lib/python3.10/site-packages:/opt/ros/humble/lib/python3.10/site-packages:/opt/ros/humble/local/lib/python3.10/dist-packages /usr/bin/cmake --install /home/adminlab/franka_ros2_ws/build/moveit_ros_visualization
