[0.000000] (-) TimerEvent: {}
[0.000080] (-) JobUnselected: {'identifier': 'OpenCV'}
[0.000094] (-) JobUnselected: {'identifier': 'VISP'}
[0.000103] (-) JobUnselected: {'identifier': 'camera_publisher'}
[0.000110] (-) JobUnselected: {'identifier': 'chomp_motion_planner'}
[0.000117] (-) JobUnselected: {'identifier': 'cmake_generate_parameter_module_example'}
[0.000124] (-) JobUnselected: {'identifier': 'cv_franka_bridge'}
[0.000131] (-) JobUnselected: {'identifier': 'franka_bringup'}
[0.000137] (-) JobUnselected: {'identifier': 'franka_custom_controller'}
[0.000144] (-) JobUnselected: {'identifier': 'franka_description'}
[0.000150] (-) JobUnselected: {'identifier': 'franka_example_controllers'}
[0.000157] (-) JobUnselected: {'identifier': 'franka_gripper'}
[0.000163] (-) JobUnselected: {'identifier': 'franka_hardware'}
[0.000169] (-) JobUnselected: {'identifier': 'franka_moveit_config'}
[0.000176] (-) JobUnselected: {'identifier': 'franka_msgs'}
[0.000182] (-) JobUnselected: {'identifier': 'franka_robot_state_broadcaster'}
[0.000189] (-) JobUnselected: {'identifier': 'franka_semantic_components'}
[0.000197] (-) JobUnselected: {'identifier': 'franka_teleop'}
[0.000204] (-) JobUnselected: {'identifier': 'generate_parameter_library'}
[0.000211] (-) JobUnselected: {'identifier': 'generate_parameter_library_example'}
[0.000218] (-) JobUnselected: {'identifier': 'generate_parameter_library_py'}
[0.000227] (-) JobUnselected: {'identifier': 'generate_parameter_module_example'}
[0.000233] (-) JobUnselected: {'identifier': 'hand_interfaces'}
[0.000240] (-) JobUnselected: {'identifier': 'handcv'}
[0.000247] (-) JobUnselected: {'identifier': 'hello_moveit'}
[0.000254] (-) JobUnselected: {'identifier': 'integration_launch_testing'}
[0.000260] (-) JobUnselected: {'identifier': 'joint_trajectory_controller'}
[0.000267] (-) JobUnselected: {'identifier': 'launch_param_builder'}
[0.000273] (-) JobUnselected: {'identifier': 'librealsense2'}
[0.000280] (-) JobUnselected: {'identifier': 'moveit'}
[0.000287] (-) JobUnselected: {'identifier': 'moveit2_scripts'}
[0.000293] (-) JobUnselected: {'identifier': 'moveit2_tutorials'}
[0.000300] (-) JobUnselected: {'identifier': 'moveit_chomp_optimizer_adapter'}
[0.000307] (-) JobUnselected: {'identifier': 'moveit_common'}
[0.000313] (-) JobUnselected: {'identifier': 'moveit_configs_utils'}
[0.000320] (-) JobUnselected: {'identifier': 'moveit_core'}
[0.000326] (-) JobUnselected: {'identifier': 'moveit_hybrid_planning'}
[0.000333] (-) JobUnselected: {'identifier': 'moveit_kinematics'}
[0.000339] (-) JobUnselected: {'identifier': 'moveit_msgs'}
[0.000346] (-) JobUnselected: {'identifier': 'moveit_planners'}
[0.000353] (-) JobUnselected: {'identifier': 'moveit_planners_chomp'}
[0.000360] (-) JobUnselected: {'identifier': 'moveit_planners_ompl'}
[0.000366] (-) JobUnselected: {'identifier': 'moveit_plugins'}
[0.000373] (-) JobUnselected: {'identifier': 'moveit_resources'}
[0.000379] (-) JobUnselected: {'identifier': 'moveit_resources_fanuc_description'}
[0.000385] (-) JobUnselected: {'identifier': 'moveit_resources_fanuc_moveit_config'}
[0.000392] (-) JobUnselected: {'identifier': 'moveit_resources_panda_description'}
[0.000398] (-) JobUnselected: {'identifier': 'moveit_resources_panda_moveit_config'}
[0.000405] (-) JobUnselected: {'identifier': 'moveit_resources_pr2_description'}
[0.000411] (-) JobUnselected: {'identifier': 'moveit_resources_prbt_ikfast_manipulator_plugin'}
[0.000418] (-) JobUnselected: {'identifier': 'moveit_resources_prbt_moveit_config'}
[0.000424] (-) JobUnselected: {'identifier': 'moveit_resources_prbt_pg70_support'}
[0.000431] (-) JobUnselected: {'identifier': 'moveit_resources_prbt_support'}
[0.000437] (-) JobUnselected: {'identifier': 'moveit_ros'}
[0.000444] (-) JobUnselected: {'identifier': 'moveit_ros_benchmarks'}
[0.000450] (-) JobUnselected: {'identifier': 'moveit_ros_control_interface'}
[0.000457] (-) JobUnselected: {'identifier': 'moveit_ros_move_group'}
[0.000463] (-) JobUnselected: {'identifier': 'moveit_ros_occupancy_map_monitor'}
[0.000470] (-) JobUnselected: {'identifier': 'moveit_ros_perception'}
[0.000480] (-) JobUnselected: {'identifier': 'moveit_ros_planning'}
[0.000487] (-) JobUnselected: {'identifier': 'moveit_ros_planning_interface'}
[0.000493] (-) JobUnselected: {'identifier': 'moveit_ros_robot_interaction'}
[0.000500] (-) JobUnselected: {'identifier': 'moveit_ros_visualization'}
[0.000506] (-) JobUnselected: {'identifier': 'moveit_ros_warehouse'}
[0.000513] (-) JobUnselected: {'identifier': 'moveit_runtime'}
[0.000520] (-) JobUnselected: {'identifier': 'moveit_servo'}
[0.000526] (-) JobUnselected: {'identifier': 'moveit_setup_app_plugins'}
[0.000532] (-) JobUnselected: {'identifier': 'moveit_setup_assistant'}
[0.000539] (-) JobUnselected: {'identifier': 'moveit_setup_controllers'}
[0.000545] (-) JobUnselected: {'identifier': 'moveit_setup_core_plugins'}
[0.000552] (-) JobUnselected: {'identifier': 'moveit_setup_framework'}
[0.000558] (-) JobUnselected: {'identifier': 'moveit_setup_srdf_plugins'}
[0.000565] (-) JobUnselected: {'identifier': 'moveit_simple_controller_manager'}
[0.000571] (-) JobUnselected: {'identifier': 'moveit_task_constructor_capabilities'}
[0.000578] (-) JobUnselected: {'identifier': 'moveit_task_constructor_core'}
[0.000584] (-) JobUnselected: {'identifier': 'moveit_task_constructor_demo'}
[0.000591] (-) JobUnselected: {'identifier': 'moveit_task_constructor_msgs'}
[0.000598] (-) JobUnselected: {'identifier': 'moveit_task_constructor_visualization'}
[0.000607] (-) JobUnselected: {'identifier': 'moveit_visual_tools'}
[0.000613] (-) JobUnselected: {'identifier': 'mtc_tutorial'}
[0.000620] (-) JobUnselected: {'identifier': 'numsr_franka_moveit_config'}
[0.000626] (-) JobUnselected: {'identifier': 'opencv_cam'}
[0.000632] (-) JobUnselected: {'identifier': 'parameter_traits'}
[0.000639] (-) JobUnselected: {'identifier': 'pilz_industrial_motion_planner'}
[0.000645] (-) JobUnselected: {'identifier': 'pilz_industrial_motion_planner_testutils'}
[0.000652] (-) JobUnselected: {'identifier': 'realsense2_camera'}
[0.000658] (-) JobUnselected: {'identifier': 'realsense2_camera_msgs'}
[0.000665] (-) JobUnselected: {'identifier': 'realsense2_description'}
[0.000671] (-) JobUnselected: {'identifier': 'ros2_shared'}
[0.000677] (-) JobUnselected: {'identifier': 'ros2test'}
[0.000684] (-) JobUnselected: {'identifier': 'ros_testing'}
[0.000691] (-) JobUnselected: {'identifier': 'rosparam_shortcuts'}
[0.000697] (-) JobUnselected: {'identifier': 'rviz_marker_tools'}
[0.000704] (-) JobUnselected: {'identifier': 'srdfdom'}
[0.000711] (-) EventReactorShutdown: {}
