[100%] Built target rviz_marker_tools
-- Install configuration: "Debug"
-- Up-to-date: /home/adminlab/franka_ros2_ws/install/rviz_marker_tools/include
-- Up-to-date: /home/adminlab/franka_ros2_ws/install/rviz_marker_tools/include/rviz_marker_tools
-- Up-to-date: /home/adminlab/franka_ros2_ws/install/rviz_marker_tools/include/rviz_marker_tools/marker_creation.h
-- Up-to-date: /home/adminlab/franka_ros2_ws/install/rviz_marker_tools/lib/librviz_marker_tools.so
-- Up-to-date: /home/adminlab/franka_ros2_ws/install/rviz_marker_tools/share/rviz_marker_tools/environment/library_path.sh
-- Up-to-date: /home/adminlab/franka_ros2_ws/install/rviz_marker_tools/share/rviz_marker_tools/environment/library_path.dsv
-- Up-to-date: /home/adminlab/franka_ros2_ws/install/rviz_marker_tools/share/ament_index/resource_index/package_run_dependencies/rviz_marker_tools
-- Up-to-date: /home/adminlab/franka_ros2_ws/install/rviz_marker_tools/share/ament_index/resource_index/parent_prefix_path/rviz_marker_tools
-- Up-to-date: /home/adminlab/franka_ros2_ws/install/rviz_marker_tools/share/rviz_marker_tools/environment/ament_prefix_path.sh
-- Up-to-date: /home/adminlab/franka_ros2_ws/install/rviz_marker_tools/share/rviz_marker_tools/environment/ament_prefix_path.dsv
-- Up-to-date: /home/adminlab/franka_ros2_ws/install/rviz_marker_tools/share/rviz_marker_tools/environment/path.sh
-- Up-to-date: /home/adminlab/franka_ros2_ws/install/rviz_marker_tools/share/rviz_marker_tools/environment/path.dsv
-- Up-to-date: /home/adminlab/franka_ros2_ws/install/rviz_marker_tools/share/rviz_marker_tools/local_setup.bash
-- Up-to-date: /home/adminlab/franka_ros2_ws/install/rviz_marker_tools/share/rviz_marker_tools/local_setup.sh
-- Up-to-date: /home/adminlab/franka_ros2_ws/install/rviz_marker_tools/share/rviz_marker_tools/local_setup.zsh
-- Up-to-date: /home/adminlab/franka_ros2_ws/install/rviz_marker_tools/share/rviz_marker_tools/local_setup.dsv
-- Up-to-date: /home/adminlab/franka_ros2_ws/install/rviz_marker_tools/share/rviz_marker_tools/package.dsv
-- Up-to-date: /home/adminlab/franka_ros2_ws/install/rviz_marker_tools/share/ament_index/resource_index/packages/rviz_marker_tools
-- Up-to-date: /home/adminlab/franka_ros2_ws/install/rviz_marker_tools/share/rviz_marker_tools/cmake/rviz_marker_toolsTargetsExport.cmake
-- Up-to-date: /home/adminlab/franka_ros2_ws/install/rviz_marker_tools/share/rviz_marker_tools/cmake/rviz_marker_toolsTargetsExport-debug.cmake
-- Up-to-date: /home/adminlab/franka_ros2_ws/install/rviz_marker_tools/share/rviz_marker_tools/cmake/ament_cmake_export_targets-extras.cmake
-- Up-to-date: /home/adminlab/franka_ros2_ws/install/rviz_marker_tools/share/rviz_marker_tools/cmake/ament_cmake_export_dependencies-extras.cmake
-- Up-to-date: /home/adminlab/franka_ros2_ws/install/rviz_marker_tools/share/rviz_marker_tools/cmake/rviz_marker_toolsConfig.cmake
-- Up-to-date: /home/adminlab/franka_ros2_ws/install/rviz_marker_tools/share/rviz_marker_tools/cmake/rviz_marker_toolsConfig-version.cmake
-- Up-to-date: /home/adminlab/franka_ros2_ws/install/rviz_marker_tools/share/rviz_marker_tools/package.xml
