-- Found moveit_common: 2.5.5 (/home/adminlab/franka_ros2_ws/install/moveit_common/share/moveit_common/cmake)
-- Found ament_cmake: 1.3.9 (/opt/ros/humble/share/ament_cmake/cmake)
-- Could NOT find libbfd (missing: LIBBFD_LIBRARY LIBBFD_INCLUDE_DIR) 
-- BACKWARD_HAS_UNWIND=1
-- BACKWARD_HAS_BACKTRACE=0
-- BACKWARD_HAS_BACKTRACE_SYMBOL=0
-- BACKWARD_HAS_DW=1
-- BACKWARD_HAS_BFD=0
-- Found Backward: /opt/ros/humble/share/backward_ros/cmake  
-- Found Boost: /usr/lib/x86_64-linux-gnu/cmake/Boost-1.74.0/BoostConfig.cmake (found version "1.74.0") found components: system 
-- Found geometry_msgs: 4.2.3 (/opt/ros/humble/share/geometry_msgs/cmake)
-- Found rosidl_generator_c: 3.1.5 (/opt/ros/humble/share/rosidl_generator_c/cmake)
-- Found rosidl_adapter: 3.1.5 (/opt/ros/humble/share/rosidl_adapter/cmake)
-- Found rosidl_generator_cpp: 3.1.5 (/opt/ros/humble/share/rosidl_generator_cpp/cmake)
-- Using all available rosidl_typesupport_c: rosidl_typesupport_fastrtps_c;rosidl_typesupport_introspection_c
-- Using all available rosidl_typesupport_cpp: rosidl_typesupport_fastrtps_cpp;rosidl_typesupport_introspection_cpp
-- Found graph_msgs: 0.2.0 (/opt/ros/humble/share/graph_msgs/cmake)
-- Found moveit_core: 2.5.5 (/home/adminlab/franka_ros2_ws/install/moveit_core/share/moveit_core/cmake)
-- Found Boost: /usr/lib/x86_64-linux-gnu/cmake/Boost-1.74.0/BoostConfig.cmake (found version "1.74.0") found components: chrono date_time filesystem iostreams program_options regex serialization system thread 
-- Found parameter_traits: 0.3.7 (/home/adminlab/franka_ros2_ws/install/parameter_traits/share/parameter_traits/cmake)
-- Found rmw_implementation_cmake: 6.1.2 (/opt/ros/humble/share/rmw_implementation_cmake/cmake)
-- Found rmw_fastrtps_cpp: 6.2.6 (/opt/ros/humble/share/rmw_fastrtps_cpp/cmake)
-- Using RMW implementation 'rmw_fastrtps_cpp' as default
-- Found rclcpp_lifecycle: 16.0.9 (/opt/ros/humble/share/rclcpp_lifecycle/cmake)
-- Found Boost: /usr/lib/x86_64-linux-gnu/cmake/Boost-1.74.0/BoostConfig.cmake (found version "1.74.0") found components: filesystem 
-- library: /usr/lib/x86_64-linux-gnu/libcurl.so
-- Ensuring Eigen3 include directory is part of orocos-kdl CMake target
-- Found moveit_ros_planning: 2.5.5 (/home/adminlab/franka_ros2_ws/install/moveit_ros_planning/share/moveit_ros_planning/cmake)
-- Found Boost: /usr/lib/x86_64-linux-gnu/cmake/Boost-1.74.0/BoostConfig.cmake (found version "1.74.0") found components: system filesystem date_time program_options thread chrono 
-- Found rviz_visual_tools: 4.1.4 (/opt/ros/humble/share/rviz_visual_tools/cmake)
-- Setting OGRE_DIR to: '/opt/ros/humble/share/rviz_ogre_vendor/cmake/../../../opt/rviz_ogre_vendor/lib/OGRE/cmake'
-- Found OGRE
--   static     : OFF
--   components : HLMS;MeshLodGenerator;Overlay;Paging;Property;RTShaderSystem;Terrain;Volume
--   plugins    : Plugin_BSPSceneManager;Plugin_OctreeSceneManager;Plugin_PCZSceneManager;Plugin_ParticleFX;RenderSystem_GL;RenderSystem_GL3Plus;Codec_STBI
--   media      : /opt/ros/humble/opt/rviz_ogre_vendor/share/OGRE/Media
-- OGRE_LIBRARIES: OgreHLMS;OgreMeshLodGenerator;OgreOverlay;OgrePaging;OgreProperty;OgreRTShaderSystem;OgreTerrain;OgreVolume;OgreMain
-- OGRE_LIBRARY_DIRS: /opt/ros/humble/opt/rviz_ogre_vendor/lib
-- OGRE_PLUGINS: Plugin_BSPSceneManager;Plugin_OctreeSceneManager;Plugin_PCZSceneManager;Plugin_ParticleFX;RenderSystem_GL;RenderSystem_GL3Plus;Codec_STBI
-- OGRE_PLUGIN_DIR: /opt/ros/humble/opt/rviz_ogre_vendor/lib/OGRE
-- rviz_ogre_vendor::OgreOverlay for IMPORTED_LOCATION_RELEASE: /opt/ros/humble/opt/rviz_ogre_vendor/lib/libOgreOverlay.so
-- rviz_ogre_vendor::OgreOverlay for IMPORTED_LOCATION_DEBUG: /opt/ros/humble/opt/rviz_ogre_vendor/lib/libOgreOverlay.so
-- rviz_ogre_vendor::OgreMain for IMPORTED_LOCATION_RELEASE: /opt/ros/humble/opt/rviz_ogre_vendor/lib/libOgreMain.so
-- rviz_ogre_vendor::OgreMain for IMPORTED_LOCATION_DEBUG: /opt/ros/humble/opt/rviz_ogre_vendor/lib/libOgreMain.so
-- rviz_ogre_vendor::RenderSystem_GL for IMPORTED_LOCATION_RELEASE: _render_system_gl_static_library_abs-NOTFOUND
-- rviz_ogre_vendor::RenderSystem_GL for IMPORTED_LOCATION_DEBUG: _render_system_gl_static_library_abs-NOTFOUND
-- Found ament_lint_auto: 0.12.11 (/opt/ros/humble/share/ament_lint_auto/cmake)
-- Added test 'copyright' to check source files copyright and LICENSE
-- Added test 'flake8' to check Python code syntax and style conventions
-- Added test 'lint_cmake' to check CMake code style
-- Added test 'pep257' to check Python code against some of the docstring style conventions in PEP 257
-- Added test 'xmllint' to check XML markup files
-- Configuring done
-- Generating done
-- Build files have been written to: /home/adminlab/franka_ros2_ws/build/moveit_visual_tools
[35m[1mConsolidate compiler generated dependencies of target moveit_visual_tools[0m
[ 66%] Built target moveit_visual_tools
[35m[1mConsolidate compiler generated dependencies of target moveit_visual_tools_demo[0m
[100%] Built target moveit_visual_tools_demo
-- Install configuration: "Debug"
-- Up-to-date: /home/adminlab/franka_ros2_ws/install/moveit_visual_tools/share/moveit_visual_tools/environment/library_path.sh
-- Installing: /home/adminlab/franka_ros2_ws/install/moveit_visual_tools/share/moveit_visual_tools/environment/library_path.dsv
-- Up-to-date: /home/adminlab/franka_ros2_ws/install/moveit_visual_tools/lib/libmoveit_visual_tools.so
-- Up-to-date: /home/adminlab/franka_ros2_ws/install/moveit_visual_tools/lib/moveit_visual_tools/moveit_visual_tools_demo
-- Up-to-date: /home/adminlab/franka_ros2_ws/install/moveit_visual_tools/include
-- Up-to-date: /home/adminlab/franka_ros2_ws/install/moveit_visual_tools/include/moveit_visual_tools
-- Up-to-date: /home/adminlab/franka_ros2_ws/install/moveit_visual_tools/include/moveit_visual_tools/imarker_robot_state.h
-- Up-to-date: /home/adminlab/franka_ros2_ws/install/moveit_visual_tools/include/moveit_visual_tools/moveit_visual_tools.h
-- Up-to-date: /home/adminlab/franka_ros2_ws/install/moveit_visual_tools/include/moveit_visual_tools/imarker_end_effector.h
-- Up-to-date: /home/adminlab/franka_ros2_ws/install/moveit_visual_tools/share/moveit_visual_tools/launch
-- Up-to-date: /home/adminlab/franka_ros2_ws/install/moveit_visual_tools/share/moveit_visual_tools/launch/demo_rviz.launch.py
-- Up-to-date: /home/adminlab/franka_ros2_ws/install/moveit_visual_tools/share/moveit_visual_tools/launch/demo.rviz
-- Up-to-date: /home/adminlab/franka_ros2_ws/install/moveit_visual_tools/share/moveit_visual_tools/resources
-- Up-to-date: /home/adminlab/franka_ros2_ws/install/moveit_visual_tools/share/moveit_visual_tools/resources/screenshot.png
-- Up-to-date: /home/adminlab/franka_ros2_ws/install/moveit_visual_tools/share/moveit_visual_tools/resources/rrbot.srdf
-- Up-to-date: /home/adminlab/franka_ros2_ws/install/moveit_visual_tools/share/moveit_visual_tools/resources/demo_mesh.stl
-- Up-to-date: /home/adminlab/franka_ros2_ws/install/moveit_visual_tools/share/moveit_visual_tools/resources/demo.png
-- Up-to-date: /home/adminlab/franka_ros2_ws/install/moveit_visual_tools/share/moveit_visual_tools/resources/rrbot.urdf
-- Up-to-date: /home/adminlab/franka_ros2_ws/install/moveit_visual_tools/share/ament_index/resource_index/package_run_dependencies/moveit_visual_tools
-- Up-to-date: /home/adminlab/franka_ros2_ws/install/moveit_visual_tools/share/ament_index/resource_index/parent_prefix_path/moveit_visual_tools
-- Up-to-date: /home/adminlab/franka_ros2_ws/install/moveit_visual_tools/share/moveit_visual_tools/environment/ament_prefix_path.sh
-- Installing: /home/adminlab/franka_ros2_ws/install/moveit_visual_tools/share/moveit_visual_tools/environment/ament_prefix_path.dsv
-- Up-to-date: /home/adminlab/franka_ros2_ws/install/moveit_visual_tools/share/moveit_visual_tools/environment/path.sh
-- Installing: /home/adminlab/franka_ros2_ws/install/moveit_visual_tools/share/moveit_visual_tools/environment/path.dsv
-- Up-to-date: /home/adminlab/franka_ros2_ws/install/moveit_visual_tools/share/moveit_visual_tools/local_setup.bash
-- Up-to-date: /home/adminlab/franka_ros2_ws/install/moveit_visual_tools/share/moveit_visual_tools/local_setup.sh
-- Up-to-date: /home/adminlab/franka_ros2_ws/install/moveit_visual_tools/share/moveit_visual_tools/local_setup.zsh
-- Installing: /home/adminlab/franka_ros2_ws/install/moveit_visual_tools/share/moveit_visual_tools/local_setup.dsv
-- Installing: /home/adminlab/franka_ros2_ws/install/moveit_visual_tools/share/moveit_visual_tools/package.dsv
-- Up-to-date: /home/adminlab/franka_ros2_ws/install/moveit_visual_tools/share/ament_index/resource_index/packages/moveit_visual_tools
-- Up-to-date: /home/adminlab/franka_ros2_ws/install/moveit_visual_tools/share/moveit_visual_tools/cmake/export_moveit_visual_toolsExport.cmake
-- Up-to-date: /home/adminlab/franka_ros2_ws/install/moveit_visual_tools/share/moveit_visual_tools/cmake/export_moveit_visual_toolsExport-debug.cmake
-- Up-to-date: /home/adminlab/franka_ros2_ws/install/moveit_visual_tools/share/moveit_visual_tools/cmake/ament_cmake_export_targets-extras.cmake
-- Up-to-date: /home/adminlab/franka_ros2_ws/install/moveit_visual_tools/share/moveit_visual_tools/cmake/ament_cmake_export_dependencies-extras.cmake
-- Up-to-date: /home/adminlab/franka_ros2_ws/install/moveit_visual_tools/share/moveit_visual_tools/cmake/moveit_visual_toolsConfig.cmake
-- Up-to-date: /home/adminlab/franka_ros2_ws/install/moveit_visual_tools/share/moveit_visual_tools/cmake/moveit_visual_toolsConfig-version.cmake
-- Up-to-date: /home/adminlab/franka_ros2_ws/install/moveit_visual_tools/share/moveit_visual_tools/package.xml
