-- The C compiler identification is GNU 11.4.0
-- The CXX compiler identification is GNU 11.4.0
-- Detecting C compiler ABI info
-- Detecting C compiler ABI info - done
-- Check for working C compiler: /usr/bin/cc - skipped
-- Detecting C compile features
-- Detecting C compile features - done
-- Detecting CXX compiler ABI info
-- Detecting CXX compiler ABI info - done
-- Check for working CXX compiler: /usr/bin/c++ - skipped
-- Detecting CXX compile features
-- Detecting CXX compile features - done
-- Found ament_cmake: 1.3.9 (/opt/ros/humble/share/ament_cmake/cmake)
-- Found Python3: /usr/bin/python3 (found version "3.10.12") found components: Interpreter 
-- Found rclcpp: 16.0.9 (/opt/ros/humble/share/rclcpp/cmake)
-- Found rosidl_generator_c: 3.1.5 (/opt/ros/humble/share/rosidl_generator_c/cmake)
-- Found rosidl_adapter: 3.1.5 (/opt/ros/humble/share/rosidl_adapter/cmake)
-- Found rosidl_generator_cpp: 3.1.5 (/opt/ros/humble/share/rosidl_generator_cpp/cmake)
-- Using all available rosidl_typesupport_c: rosidl_typesupport_fastrtps_c;rosidl_typesupport_introspection_c
-- Using all available rosidl_typesupport_cpp: rosidl_typesupport_fastrtps_cpp;rosidl_typesupport_introspection_cpp
-- Found rmw_implementation_cmake: 6.1.2 (/opt/ros/humble/share/rmw_implementation_cmake/cmake)
-- Found rmw_fastrtps_cpp: 6.2.6 (/opt/ros/humble/share/rmw_fastrtps_cpp/cmake)
-- Found OpenSSL: /usr/lib/x86_64-linux-gnu/libcrypto.so (found version "3.0.2")  
-- Found FastRTPS: /opt/ros/humble/include  
-- Using RMW implementation 'rmw_fastrtps_cpp' as default
-- Looking for pthread.h
-- Looking for pthread.h - found
-- Performing Test CMAKE_HAVE_LIBC_PTHREAD
-- Performing Test CMAKE_HAVE_LIBC_PTHREAD - Success
-- Found Threads: TRUE  
-- Found controller_interface: 2.41.0 (/opt/ros/humble/share/controller_interface/cmake)
-- Found franka_hardware: 0.1.13 (/home/adminlab/franka_ros2_ws/install/franka_hardware/share/franka_hardware/cmake)
-- Configuring done
-- Generating done
-- Build files have been written to: /home/adminlab/franka_ros2_ws/build/franka_custom_controller
[ 50%] [32mBuilding CXX object CMakeFiles/franka_custom_controller.dir/src/custom_position_controller.cpp.o[0m
[100%] [32m[1mLinking CXX shared library libfranka_custom_controller.so[0m
[100%] Built target franka_custom_controller
-- Install configuration: ""
-- Installing: /home/adminlab/franka_ros2_ws/install/franka_custom_controller/share/franka_custom_controller/custom_position_controller.xml
-- Installing: /home/adminlab/franka_ros2_ws/install/franka_custom_controller/lib/libfranka_custom_controller.so
-- Set runtime path of "/home/adminlab/franka_ros2_ws/install/franka_custom_controller/lib/libfranka_custom_controller.so" to ""
-- Installing: /home/adminlab/franka_ros2_ws/install/franka_custom_controller/include
-- Installing: /home/adminlab/franka_ros2_ws/install/franka_custom_controller/include/franka_custom_controller
-- Installing: /home/adminlab/franka_ros2_ws/install/franka_custom_controller/share/ament_index/resource_index/package_run_dependencies/franka_custom_controller
-- Installing: /home/adminlab/franka_ros2_ws/install/franka_custom_controller/share/ament_index/resource_index/parent_prefix_path/franka_custom_controller
-- Installing: /home/adminlab/franka_ros2_ws/install/franka_custom_controller/share/franka_custom_controller/environment/ament_prefix_path.sh
-- Installing: /home/adminlab/franka_ros2_ws/install/franka_custom_controller/share/franka_custom_controller/environment/ament_prefix_path.dsv
-- Installing: /home/adminlab/franka_ros2_ws/install/franka_custom_controller/share/franka_custom_controller/environment/path.sh
-- Installing: /home/adminlab/franka_ros2_ws/install/franka_custom_controller/share/franka_custom_controller/environment/path.dsv
-- Installing: /home/adminlab/franka_ros2_ws/install/franka_custom_controller/share/franka_custom_controller/local_setup.bash
-- Installing: /home/adminlab/franka_ros2_ws/install/franka_custom_controller/share/franka_custom_controller/local_setup.sh
-- Installing: /home/adminlab/franka_ros2_ws/install/franka_custom_controller/share/franka_custom_controller/local_setup.zsh
-- Installing: /home/adminlab/franka_ros2_ws/install/franka_custom_controller/share/franka_custom_controller/local_setup.dsv
-- Installing: /home/adminlab/franka_ros2_ws/install/franka_custom_controller/share/franka_custom_controller/package.dsv
-- Installing: /home/adminlab/franka_ros2_ws/install/franka_custom_controller/share/ament_index/resource_index/packages/franka_custom_controller
-- Installing: /home/adminlab/franka_ros2_ws/install/franka_custom_controller/share/ament_index/resource_index/controller_interface__pluginlib__plugin/franka_custom_controller
-- Installing: /home/adminlab/franka_ros2_ws/install/franka_custom_controller/share/franka_custom_controller/cmake/franka_custom_controllerConfig.cmake
-- Installing: /home/adminlab/franka_ros2_ws/install/franka_custom_controller/share/franka_custom_controller/cmake/franka_custom_controllerConfig-version.cmake
-- Installing: /home/adminlab/franka_ros2_ws/install/franka_custom_controller/share/franka_custom_controller/package.xml
