[0.041s] Invoking command in '/home/adminlab/franka_ros2_ws/build/moveit_task_constructor_visualization': AMENT_PREFIX_PATH=/home/adminlab/franka_ros2_ws/install/moveit_task_constructor_core:/home/adminlab/franka_ros2_ws/install/moveit_ros_visualization:/home/adminlab/franka_ros2_ws/install/moveit_ros_planning_interface:/home/adminlab/franka_ros2_ws/install/moveit_ros_move_group:/home/adminlab/franka_ros2_ws/install/moveit_ros_warehouse:/home/adminlab/franka_ros2_ws/install/moveit_ros_robot_interaction:/home/adminlab/franka_ros2_ws/install/moveit_kinematics:/home/adminlab/franka_ros2_ws/install/moveit_ros_planning:/home/adminlab/franka_ros2_ws/install/moveit_ros_occupancy_map_monitor:/home/adminlab/franka_ros2_ws/install/moveit_core:/home/adminlab/franka_ros2_ws/install/rviz_marker_tools:/home/adminlab/franka_ros2_ws/install/moveit_task_constructor_msgs:/home/adminlab/franka_ros2_ws/install/generate_parameter_library:/home/adminlab/franka_ros2_ws/install/srdfdom:/home/adminlab/franka_ros2_ws/install/parameter_traits:/home/adminlab/franka_ros2_ws/install/moveit_msgs:/home/adminlab/franka_ros2_ws/install/moveit_common:/home/adminlab/franka_ros2_ws/install/generate_parameter_library_py:${AMENT_PREFIX_PATH} CMAKE_PREFIX_PATH=/home/adminlab/franka_ros2_ws/install/moveit_task_constructor_core:/home/adminlab/franka_ros2_ws/install/moveit_ros_visualization:/home/adminlab/franka_ros2_ws/install/moveit_ros_planning_interface:/home/adminlab/franka_ros2_ws/install/moveit_ros_move_group:/home/adminlab/franka_ros2_ws/install/moveit_ros_warehouse:/home/adminlab/franka_ros2_ws/install/moveit_ros_robot_interaction:/home/adminlab/franka_ros2_ws/install/moveit_kinematics:/home/adminlab/franka_ros2_ws/install/moveit_ros_planning:/home/adminlab/franka_ros2_ws/install/moveit_ros_occupancy_map_monitor:/home/adminlab/franka_ros2_ws/install/moveit_core:/home/adminlab/franka_ros2_ws/install/rviz_marker_tools:/home/adminlab/franka_ros2_ws/install/moveit_task_constructor_msgs:/home/adminlab/franka_ros2_ws/install/generate_parameter_library:/home/adminlab/franka_ros2_ws/install/srdfdom:/home/adminlab/franka_ros2_ws/install/parameter_traits:/home/adminlab/franka_ros2_ws/install/moveit_msgs:/home/adminlab/franka_ros2_ws/install/moveit_common:/opt/ros/humble LD_LIBRARY_PATH=/home/adminlab/franka_ros2_ws/install/moveit_task_constructor_core/lib:/home/adminlab/franka_ros2_ws/install/moveit_ros_visualization/lib:/home/adminlab/franka_ros2_ws/install/moveit_ros_planning_interface/lib:/home/adminlab/franka_ros2_ws/install/moveit_ros_move_group/lib:/home/adminlab/franka_ros2_ws/install/moveit_ros_warehouse/lib:/home/adminlab/franka_ros2_ws/install/moveit_ros_robot_interaction/lib:/home/adminlab/franka_ros2_ws/install/moveit_kinematics/lib:/home/adminlab/franka_ros2_ws/install/moveit_ros_planning/lib:/home/adminlab/franka_ros2_ws/install/moveit_ros_occupancy_map_monitor/lib:/home/adminlab/franka_ros2_ws/install/moveit_core/lib:/home/adminlab/franka_ros2_ws/install/rviz_marker_tools/lib:/home/adminlab/franka_ros2_ws/install/moveit_task_constructor_msgs/lib:/home/adminlab/franka_ros2_ws/install/srdfdom/lib:/home/adminlab/franka_ros2_ws/install/parameter_traits/lib:/home/adminlab/franka_ros2_ws/install/moveit_msgs/lib:${LD_LIBRARY_PATH} PATH=/home/adminlab/franka_ros2_ws/install/moveit_core/bin:/home/adminlab/franka_ros2_ws/install/generate_parameter_library_py/bin:${PATH} PYTHONPATH=/home/adminlab/franka_ros2_ws/install/moveit_task_constructor_msgs/local/lib/python3.10/dist-packages:/home/adminlab/franka_ros2_ws/install/srdfdom/local/lib/python3.10/dist-packages:/home/adminlab/franka_ros2_ws/install/moveit_msgs/local/lib/python3.10/dist-packages:/home/adminlab/franka_ros2_ws/install/generate_parameter_library_py/lib/python3.10/site-packages:${PYTHONPATH} /usr/bin/cmake /home/adminlab/franka_ros2_ws/src/moveit_task_constructor/visualization -DCMAKE_INSTALL_PREFIX=/home/adminlab/franka_ros2_ws/install/moveit_task_constructor_visualization
[0.095s] -- The C compiler identification is GNU 11.4.0
[0.134s] -- The CXX compiler identification is GNU 11.4.0
[0.140s] -- Detecting C compiler ABI info
[0.191s] -- Detecting C compiler ABI info - done
[0.195s] -- Check for working C compiler: /usr/bin/cc - skipped
[0.196s] -- Detecting C compile features
[0.196s] -- Detecting C compile features - done
[0.199s] -- Detecting CXX compiler ABI info
[0.253s] -- Detecting CXX compiler ABI info - done
[0.261s] -- Check for working CXX compiler: /usr/bin/c++ - skipped
[0.261s] -- Detecting CXX compile features
[0.262s] -- Detecting CXX compile features - done
[0.271s] -- Found ament_cmake: 1.3.9 (/opt/ros/humble/share/ament_cmake/cmake)
[0.431s] -- Found Python3: /usr/bin/python3 (found version "3.10.12") found components: Interpreter 
[0.529s] -- Found Boost: /usr/lib/x86_64-linux-gnu/cmake/Boost-1.74.0/BoostConfig.cmake (found version "1.74.0")  
[0.531s] -- Found moveit_common: 2.5.5 (/home/adminlab/franka_ros2_ws/install/moveit_common/share/moveit_common/cmake)
[0.593s] -- Found libdw: /usr/lib/x86_64-linux-gnu/libdw.so  
[0.598s] -- Could NOT find libbfd (missing: LIBBFD_LIBRARY LIBBFD_INCLUDE_DIR) 
[0.598s] -- BACKWARD_HAS_UNWIND=1
[0.598s] -- BACKWARD_HAS_BACKTRACE=0
[0.598s] -- BACKWARD_HAS_BACKTRACE_SYMBOL=0
[0.598s] -- BACKWARD_HAS_DW=1
[0.599s] -- BACKWARD_HAS_BFD=0
[0.599s] -- Found Backward: /opt/ros/humble/share/backward_ros/cmake  
[0.599s] [0mmoveit_task_constructor_visualization: You did not request a specific build type: Choosing 'Release' for maximum performance[0m
[0.600s] -- Found moveit_core: 2.5.5 (/home/adminlab/franka_ros2_ws/install/moveit_core/share/moveit_core/cmake)
[0.782s] -- Found Boost: /usr/lib/x86_64-linux-gnu/cmake/Boost-1.74.0/BoostConfig.cmake (found version "1.74.0") found components: chrono date_time filesystem iostreams program_options regex serialization system thread 
[0.832s] -- Found parameter_traits: 0.3.7 (/home/adminlab/franka_ros2_ws/install/parameter_traits/share/parameter_traits/cmake)
[0.897s] -- Found rosidl_generator_c: 3.1.5 (/opt/ros/humble/share/rosidl_generator_c/cmake)
[0.906s] -- Found rosidl_adapter: 3.1.5 (/opt/ros/humble/share/rosidl_adapter/cmake)
[0.919s] -- Found rosidl_generator_cpp: 3.1.5 (/opt/ros/humble/share/rosidl_generator_cpp/cmake)
[0.940s] -- Using all available rosidl_typesupport_c: rosidl_typesupport_fastrtps_c;rosidl_typesupport_introspection_c
[0.966s] -- Using all available rosidl_typesupport_cpp: rosidl_typesupport_fastrtps_cpp;rosidl_typesupport_introspection_cpp
[1.025s] -- Found rmw_implementation_cmake: 6.1.2 (/opt/ros/humble/share/rmw_implementation_cmake/cmake)
[1.028s] -- Found rmw_fastrtps_cpp: 6.2.6 (/opt/ros/humble/share/rmw_fastrtps_cpp/cmake)
[1.111s] -- Found OpenSSL: /usr/lib/x86_64-linux-gnu/libcrypto.so (found version "3.0.2")  
[1.130s] -- Found FastRTPS: /opt/ros/humble/include  
[1.166s] -- Using RMW implementation 'rmw_fastrtps_cpp' as default
[1.176s] -- Found Threads: TRUE  
[1.326s] -- Found Eigen3: TRUE (found version "3.4.0") 
[1.330s] -- Found rclcpp_lifecycle: 16.0.9 (/opt/ros/humble/share/rclcpp_lifecycle/cmake)
[1.378s] -- Found Boost: /usr/lib/x86_64-linux-gnu/cmake/Boost-1.74.0/BoostConfig.cmake (found version "1.74.0") found components: filesystem 
[1.486s] -- library: /usr/lib/x86_64-linux-gnu/libcurl.so
[1.724s] -- Ensuring Eigen3 include directory is part of orocos-kdl CMake target
[2.774s] -- Found moveit_ros_visualization: 2.5.5 (/home/adminlab/franka_ros2_ws/install/moveit_ros_visualization/share/moveit_ros_visualization/cmake)
[2.779s] -- Found Boost: /usr/lib/x86_64-linux-gnu/cmake/Boost-1.74.0/BoostConfig.cmake (found version "1.74.0") found components: thread date_time system filesystem 
[2.818s] -- Found Boost: /usr/lib/x86_64-linux-gnu/cmake/Boost-1.74.0/BoostConfig.cmake (found version "1.74.0") found components: system filesystem date_time program_options thread chrono 
[3.526s] -- Found Boost: /usr/lib/x86_64-linux-gnu/cmake/Boost-1.74.0/BoostConfig.cmake (found version "1.74.0") found components: date_time filesystem program_options system thread 
[3.773s] -- Found Boost: /usr/lib/x86_64-linux-gnu/cmake/Boost-1.74.0/BoostConfig.cmake (found version "1.74.0") found components: thread system filesystem regex date_time program_options 
[4.086s] -- Found Boost: /usr/lib/x86_64-linux-gnu/cmake/Boost-1.74.0/BoostConfig.cmake (found version "1.74.0") found components: system filesystem date_time program_options thread 
[5.122s] -- Setting OGRE_DIR to: '/opt/ros/humble/share/rviz_ogre_vendor/cmake/../../../opt/rviz_ogre_vendor/lib/OGRE/cmake'
[5.123s] -- Found OGRE
[5.123s] --   static     : OFF
[5.123s] --   components : HLMS;MeshLodGenerator;Overlay;Paging;Property;RTShaderSystem;Terrain;Volume
[5.123s] --   plugins    : Plugin_BSPSceneManager;Plugin_OctreeSceneManager;Plugin_PCZSceneManager;Plugin_ParticleFX;RenderSystem_GL;RenderSystem_GL3Plus;Codec_STBI
[5.124s] --   media      : /opt/ros/humble/opt/rviz_ogre_vendor/share/OGRE/Media
[5.124s] -- OGRE_LIBRARIES: OgreHLMS;OgreMeshLodGenerator;OgreOverlay;OgrePaging;OgreProperty;OgreRTShaderSystem;OgreTerrain;OgreVolume;OgreMain
[5.124s] -- OGRE_LIBRARY_DIRS: /opt/ros/humble/opt/rviz_ogre_vendor/lib
[5.124s] -- OGRE_PLUGINS: Plugin_BSPSceneManager;Plugin_OctreeSceneManager;Plugin_PCZSceneManager;Plugin_ParticleFX;RenderSystem_GL;RenderSystem_GL3Plus;Codec_STBI
[5.124s] -- OGRE_PLUGIN_DIR: /opt/ros/humble/opt/rviz_ogre_vendor/lib/OGRE
[5.124s] -- rviz_ogre_vendor::OgreOverlay for IMPORTED_LOCATION_RELEASE: /opt/ros/humble/opt/rviz_ogre_vendor/lib/libOgreOverlay.so
[5.124s] -- rviz_ogre_vendor::OgreOverlay for IMPORTED_LOCATION_DEBUG: /opt/ros/humble/opt/rviz_ogre_vendor/lib/libOgreOverlay.so
[5.124s] -- rviz_ogre_vendor::OgreMain for IMPORTED_LOCATION_RELEASE: /opt/ros/humble/opt/rviz_ogre_vendor/lib/libOgreMain.so
[5.124s] -- rviz_ogre_vendor::OgreMain for IMPORTED_LOCATION_DEBUG: /opt/ros/humble/opt/rviz_ogre_vendor/lib/libOgreMain.so
[5.143s] -- Found ZLIB: /usr/lib/x86_64-linux-gnu/libz.so (found version "1.2.11") 
[5.149s] -- Found OpenGL: /usr/lib/x86_64-linux-gnu/libOpenGL.so   
[5.258s] -- Found X11: /usr/include   
[5.259s] -- Looking for XOpenDisplay in /usr/lib/x86_64-linux-gnu/libX11.so;/usr/lib/x86_64-linux-gnu/libXext.so
[5.345s] -- Looking for XOpenDisplay in /usr/lib/x86_64-linux-gnu/libX11.so;/usr/lib/x86_64-linux-gnu/libXext.so - found
[5.345s] -- Looking for gethostbyname
[5.446s] -- Looking for gethostbyname - found
[5.446s] -- Looking for connect
[5.538s] -- Looking for connect - found
[5.538s] -- Looking for remove
[5.610s] -- Looking for remove - found
[5.610s] -- Looking for shmat
[5.682s] -- Looking for shmat - found
[5.683s] -- Looking for IceConnectionNumber in ICE
[5.758s] -- Looking for IceConnectionNumber in ICE - found
[5.759s] -- rviz_ogre_vendor::RenderSystem_GL for IMPORTED_LOCATION_RELEASE: _render_system_gl_static_library_abs-NOTFOUND
[5.759s] -- rviz_ogre_vendor::RenderSystem_GL for IMPORTED_LOCATION_DEBUG: _render_system_gl_static_library_abs-NOTFOUND
[6.529s] -- Found moveit_task_constructor_core: 0.1.3 (/home/adminlab/franka_ros2_ws/install/moveit_task_constructor_core/share/moveit_task_constructor_core/cmake)
[7.259s] -- Found PkgConfig: /usr/bin/pkg-config (found version "0.29.2") 
[7.260s] -- Checking for module 'yaml-0.1'
[7.276s] --   Found yaml-0.1, version 0.2.2
[7.325s] -- Found ament_cmake_gtest: 1.3.9 (/opt/ros/humble/share/ament_cmake_gtest/cmake)
[7.329s] -- Found ament_cmake_gmock: 1.3.9 (/opt/ros/humble/share/ament_cmake_gmock/cmake)
[7.333s] -- Found launch_testing_ament_cmake: 1.0.6 (/opt/ros/humble/share/launch_testing_ament_cmake/cmake)
[7.337s] -- Found python_cmake_module: 0.10.0 (/opt/ros/humble/share/python_cmake_module/cmake)
[7.363s] -- Found PythonInterp: /usr/bin/python3 (found suitable version "3.10.12", minimum required is "3.6") 
[7.371s] -- Found PythonLibs: /usr/lib/x86_64-linux-gnu/libpython3.10.so (found suitable version "3.10.12", minimum required is "3.5") 
[7.371s] -- Using PYTHON_EXECUTABLE: /usr/bin/python3
[7.371s] -- Using PYTHON_INCLUDE_DIRS: /usr/include/python3.10
[7.371s] -- Using PYTHON_LIBRARIES: /usr/lib/x86_64-linux-gnu/libpython3.10.so
[7.397s] -- Found PythonExtra: .so  
[7.402s] -- Found gtest sources under '/opt/ros/humble/src/gtest_vendor': C++ tests using 'Google Test' will be built
[7.412s] -- Found gmock sources under '/opt/ros/humble/src/gmock_vendor': C++ tests using 'Google Mock' will be built
[7.424s] -- Configuring done
[7.671s] -- Generating done
[7.676s] -- Build files have been written to: /home/adminlab/franka_ros2_ws/build/moveit_task_constructor_visualization
[7.700s] Invoked command in '/home/adminlab/franka_ros2_ws/build/moveit_task_constructor_visualization' returned '0': AMENT_PREFIX_PATH=/home/adminlab/franka_ros2_ws/install/moveit_task_constructor_core:/home/adminlab/franka_ros2_ws/install/moveit_ros_visualization:/home/adminlab/franka_ros2_ws/install/moveit_ros_planning_interface:/home/adminlab/franka_ros2_ws/install/moveit_ros_move_group:/home/adminlab/franka_ros2_ws/install/moveit_ros_warehouse:/home/adminlab/franka_ros2_ws/install/moveit_ros_robot_interaction:/home/adminlab/franka_ros2_ws/install/moveit_kinematics:/home/adminlab/franka_ros2_ws/install/moveit_ros_planning:/home/adminlab/franka_ros2_ws/install/moveit_ros_occupancy_map_monitor:/home/adminlab/franka_ros2_ws/install/moveit_core:/home/adminlab/franka_ros2_ws/install/rviz_marker_tools:/home/adminlab/franka_ros2_ws/install/moveit_task_constructor_msgs:/home/adminlab/franka_ros2_ws/install/generate_parameter_library:/home/adminlab/franka_ros2_ws/install/srdfdom:/home/adminlab/franka_ros2_ws/install/parameter_traits:/home/adminlab/franka_ros2_ws/install/moveit_msgs:/home/adminlab/franka_ros2_ws/install/moveit_common:/home/adminlab/franka_ros2_ws/install/generate_parameter_library_py:${AMENT_PREFIX_PATH} CMAKE_PREFIX_PATH=/home/adminlab/franka_ros2_ws/install/moveit_task_constructor_core:/home/adminlab/franka_ros2_ws/install/moveit_ros_visualization:/home/adminlab/franka_ros2_ws/install/moveit_ros_planning_interface:/home/adminlab/franka_ros2_ws/install/moveit_ros_move_group:/home/adminlab/franka_ros2_ws/install/moveit_ros_warehouse:/home/adminlab/franka_ros2_ws/install/moveit_ros_robot_interaction:/home/adminlab/franka_ros2_ws/install/moveit_kinematics:/home/adminlab/franka_ros2_ws/install/moveit_ros_planning:/home/adminlab/franka_ros2_ws/install/moveit_ros_occupancy_map_monitor:/home/adminlab/franka_ros2_ws/install/moveit_core:/home/adminlab/franka_ros2_ws/install/rviz_marker_tools:/home/adminlab/franka_ros2_ws/install/moveit_task_constructor_msgs:/home/adminlab/franka_ros2_ws/install/generate_parameter_library:/home/adminlab/franka_ros2_ws/install/srdfdom:/home/adminlab/franka_ros2_ws/install/parameter_traits:/home/adminlab/franka_ros2_ws/install/moveit_msgs:/home/adminlab/franka_ros2_ws/install/moveit_common:/opt/ros/humble LD_LIBRARY_PATH=/home/adminlab/franka_ros2_ws/install/moveit_task_constructor_core/lib:/home/adminlab/franka_ros2_ws/install/moveit_ros_visualization/lib:/home/adminlab/franka_ros2_ws/install/moveit_ros_planning_interface/lib:/home/adminlab/franka_ros2_ws/install/moveit_ros_move_group/lib:/home/adminlab/franka_ros2_ws/install/moveit_ros_warehouse/lib:/home/adminlab/franka_ros2_ws/install/moveit_ros_robot_interaction/lib:/home/adminlab/franka_ros2_ws/install/moveit_kinematics/lib:/home/adminlab/franka_ros2_ws/install/moveit_ros_planning/lib:/home/adminlab/franka_ros2_ws/install/moveit_ros_occupancy_map_monitor/lib:/home/adminlab/franka_ros2_ws/install/moveit_core/lib:/home/adminlab/franka_ros2_ws/install/rviz_marker_tools/lib:/home/adminlab/franka_ros2_ws/install/moveit_task_constructor_msgs/lib:/home/adminlab/franka_ros2_ws/install/srdfdom/lib:/home/adminlab/franka_ros2_ws/install/parameter_traits/lib:/home/adminlab/franka_ros2_ws/install/moveit_msgs/lib:${LD_LIBRARY_PATH} PATH=/home/adminlab/franka_ros2_ws/install/moveit_core/bin:/home/adminlab/franka_ros2_ws/install/generate_parameter_library_py/bin:${PATH} PYTHONPATH=/home/adminlab/franka_ros2_ws/install/moveit_task_constructor_msgs/local/lib/python3.10/dist-packages:/home/adminlab/franka_ros2_ws/install/srdfdom/local/lib/python3.10/dist-packages:/home/adminlab/franka_ros2_ws/install/moveit_msgs/local/lib/python3.10/dist-packages:/home/adminlab/franka_ros2_ws/install/generate_parameter_library_py/lib/python3.10/site-packages:${PYTHONPATH} /usr/bin/cmake /home/adminlab/franka_ros2_ws/src/moveit_task_constructor/visualization -DCMAKE_INSTALL_PREFIX=/home/adminlab/franka_ros2_ws/install/moveit_task_constructor_visualization
[7.701s] Invoking command in '/home/adminlab/franka_ros2_ws/build/moveit_task_constructor_visualization': AMENT_PREFIX_PATH=/home/adminlab/franka_ros2_ws/install/moveit_task_constructor_core:/home/adminlab/franka_ros2_ws/install/moveit_ros_visualization:/home/adminlab/franka_ros2_ws/install/moveit_ros_planning_interface:/home/adminlab/franka_ros2_ws/install/moveit_ros_move_group:/home/adminlab/franka_ros2_ws/install/moveit_ros_warehouse:/home/adminlab/franka_ros2_ws/install/moveit_ros_robot_interaction:/home/adminlab/franka_ros2_ws/install/moveit_kinematics:/home/adminlab/franka_ros2_ws/install/moveit_ros_planning:/home/adminlab/franka_ros2_ws/install/moveit_ros_occupancy_map_monitor:/home/adminlab/franka_ros2_ws/install/moveit_core:/home/adminlab/franka_ros2_ws/install/rviz_marker_tools:/home/adminlab/franka_ros2_ws/install/moveit_task_constructor_msgs:/home/adminlab/franka_ros2_ws/install/generate_parameter_library:/home/adminlab/franka_ros2_ws/install/srdfdom:/home/adminlab/franka_ros2_ws/install/parameter_traits:/home/adminlab/franka_ros2_ws/install/moveit_msgs:/home/adminlab/franka_ros2_ws/install/moveit_common:/home/adminlab/franka_ros2_ws/install/generate_parameter_library_py:${AMENT_PREFIX_PATH} CMAKE_PREFIX_PATH=/home/adminlab/franka_ros2_ws/install/moveit_task_constructor_core:/home/adminlab/franka_ros2_ws/install/moveit_ros_visualization:/home/adminlab/franka_ros2_ws/install/moveit_ros_planning_interface:/home/adminlab/franka_ros2_ws/install/moveit_ros_move_group:/home/adminlab/franka_ros2_ws/install/moveit_ros_warehouse:/home/adminlab/franka_ros2_ws/install/moveit_ros_robot_interaction:/home/adminlab/franka_ros2_ws/install/moveit_kinematics:/home/adminlab/franka_ros2_ws/install/moveit_ros_planning:/home/adminlab/franka_ros2_ws/install/moveit_ros_occupancy_map_monitor:/home/adminlab/franka_ros2_ws/install/moveit_core:/home/adminlab/franka_ros2_ws/install/rviz_marker_tools:/home/adminlab/franka_ros2_ws/install/moveit_task_constructor_msgs:/home/adminlab/franka_ros2_ws/install/generate_parameter_library:/home/adminlab/franka_ros2_ws/install/srdfdom:/home/adminlab/franka_ros2_ws/install/parameter_traits:/home/adminlab/franka_ros2_ws/install/moveit_msgs:/home/adminlab/franka_ros2_ws/install/moveit_common:/opt/ros/humble LD_LIBRARY_PATH=/home/adminlab/franka_ros2_ws/install/moveit_task_constructor_core/lib:/home/adminlab/franka_ros2_ws/install/moveit_ros_visualization/lib:/home/adminlab/franka_ros2_ws/install/moveit_ros_planning_interface/lib:/home/adminlab/franka_ros2_ws/install/moveit_ros_move_group/lib:/home/adminlab/franka_ros2_ws/install/moveit_ros_warehouse/lib:/home/adminlab/franka_ros2_ws/install/moveit_ros_robot_interaction/lib:/home/adminlab/franka_ros2_ws/install/moveit_kinematics/lib:/home/adminlab/franka_ros2_ws/install/moveit_ros_planning/lib:/home/adminlab/franka_ros2_ws/install/moveit_ros_occupancy_map_monitor/lib:/home/adminlab/franka_ros2_ws/install/moveit_core/lib:/home/adminlab/franka_ros2_ws/install/rviz_marker_tools/lib:/home/adminlab/franka_ros2_ws/install/moveit_task_constructor_msgs/lib:/home/adminlab/franka_ros2_ws/install/srdfdom/lib:/home/adminlab/franka_ros2_ws/install/parameter_traits/lib:/home/adminlab/franka_ros2_ws/install/moveit_msgs/lib:${LD_LIBRARY_PATH} PATH=/home/adminlab/franka_ros2_ws/install/moveit_core/bin:/home/adminlab/franka_ros2_ws/install/generate_parameter_library_py/bin:${PATH} PYTHONPATH=/home/adminlab/franka_ros2_ws/install/moveit_task_constructor_msgs/local/lib/python3.10/dist-packages:/home/adminlab/franka_ros2_ws/install/srdfdom/local/lib/python3.10/dist-packages:/home/adminlab/franka_ros2_ws/install/moveit_msgs/local/lib/python3.10/dist-packages:/home/adminlab/franka_ros2_ws/install/generate_parameter_library_py/lib/python3.10/site-packages:${PYTHONPATH} /usr/bin/cmake --build /home/adminlab/franka_ros2_ws/build/moveit_task_constructor_visualization -- -j16 -l16
[7.765s] [  7%] [34m[1mAutomatic MOC for target gtest[0m
[7.766s] [  7%] [34m[1mAutomatic MOC for target motion_planning_tasks_utils[0m
[7.766s] [  7%] [34m[1mAutomatic MOC for target motion_planning_tasks_properties[0m
[7.767s] [  9%] [34m[1mAutomatic MOC for target moveit_task_visualization_tools[0m
[7.767s] [ 10%] [34m[1mAutomatic MOC for target gtest_main[0m
[7.767s] [ 10%] [34m[1mAutomatic MOC for target gmock[0m
[7.767s] [ 10%] [34m[1mAutomatic MOC for target gmock_main[0m
[7.797s] [ 10%] Built target gtest_autogen
[7.800s] [ 10%] Built target gtest_main_autogen
[7.800s] [ 10%] Built target gmock_main_autogen
[7.800s] [ 10%] Built target gmock_autogen
[7.800s] [ 10%] Built target motion_planning_tasks_properties_autogen
[7.823s] [ 12%] [32mBuilding CXX object gtest/CMakeFiles/gtest.dir/gtest_autogen/mocs_compilation.cpp.o[0m
[7.829s] [ 13%] [32mBuilding CXX object gtest/CMakeFiles/gtest.dir/src/gtest-all.cc.o[0m
[7.829s] [ 20%] [32mBuilding CXX object gtest/CMakeFiles/gtest_main.dir/gtest_main_autogen/mocs_compilation.cpp.o[0m
[7.829s] [ 20%] [32mBuilding CXX object gmock/CMakeFiles/gmock.dir/gmock_autogen/mocs_compilation.cpp.o[0m
[7.829s] [ 20%] [32mBuilding CXX object gmock/CMakeFiles/gmock_main.dir/src/gmock_main.cc.o[0m
[7.833s] [ 20%] [32mBuilding CXX object gmock/CMakeFiles/gmock_main.dir/gmock_main_autogen/mocs_compilation.cpp.o[0m
[7.841s] [ 21%] [32mBuilding CXX object gtest/CMakeFiles/gtest_main.dir/src/gtest_main.cc.o[0m
[7.843s] [ 23%] [32mBuilding CXX object motion_planning_tasks/properties/CMakeFiles/motion_planning_tasks_properties.dir/motion_planning_tasks_properties_autogen/mocs_compilation.cpp.o[0m
[7.844s] [ 26%] [32mBuilding CXX object gmock/CMakeFiles/gmock.dir/opt/ros/humble/src/gtest_vendor/src/gtest-all.cc.o[0m
[7.844s] [ 24%] [32mBuilding CXX object motion_planning_tasks/properties/CMakeFiles/motion_planning_tasks_properties.dir/property_factory.cpp.o[0m
[7.855s] [ 27%] [32mBuilding CXX object gmock/CMakeFiles/gmock.dir/src/gmock-all.cc.o[0m
[7.856s] [ 29%] [32mBuilding CXX object motion_planning_tasks/properties/CMakeFiles/motion_planning_tasks_properties.dir/property_from_yaml.cpp.o[0m
[7.985s] [ 29%] Built target motion_planning_tasks_utils_autogen
[8.016s] [ 32%] [32mBuilding CXX object motion_planning_tasks/utils/CMakeFiles/motion_planning_tasks_utils.dir/motion_planning_tasks_utils_autogen/mocs_compilation.cpp.o[0m
[8.017s] [ 32%] [32mBuilding CXX object motion_planning_tasks/utils/CMakeFiles/motion_planning_tasks_utils.dir/flat_merge_proxy_model.cpp.o[0m
[8.027s] [ 33%] [32mBuilding CXX object motion_planning_tasks/utils/CMakeFiles/motion_planning_tasks_utils.dir/tree_merge_proxy_model.cpp.o[0m
[8.031s] [ 35%] [32mBuilding CXX object motion_planning_tasks/utils/CMakeFiles/motion_planning_tasks_utils.dir/icon.cpp.o[0m
[8.105s] [ 35%] Built target moveit_task_visualization_tools_autogen
[8.144s] [ 38%] [32mBuilding CXX object visualization_tools/CMakeFiles/moveit_task_visualization_tools.dir/moveit_task_visualization_tools_autogen/mocs_compilation.cpp.o[0m
[8.144s] [ 38%] [32mBuilding CXX object visualization_tools/CMakeFiles/moveit_task_visualization_tools.dir/src/display_solution.cpp.o[0m
[8.155s] [ 40%] [32mBuilding CXX object visualization_tools/CMakeFiles/moveit_task_visualization_tools.dir/src/marker_visualization.cpp.o[0m
[8.161s] [ 41%] [32mBuilding CXX object visualization_tools/CMakeFiles/moveit_task_visualization_tools.dir/src/task_solution_panel.cpp.o[0m
[8.237s] [ 43%] [32mBuilding CXX object visualization_tools/CMakeFiles/moveit_task_visualization_tools.dir/src/task_solution_visualization.cpp.o[0m
[9.529s] [ 44%] [32m[1mLinking CXX static library libgtest_main.a[0m
[9.661s] [ 44%] Built target gtest_main
[10.017s] [ 46%] [32m[1mLinking CXX static library libgmock_main.a[0m
[10.113s] [ 46%] Built target gmock_main
[11.729s] [ 47%] [32m[1mLinking CXX shared library libmotion_planning_tasks_utils.so[0m
[12.092s] [ 47%] Built target motion_planning_tasks_utils
[13.189s] [ 49%] [32m[1mLinking CXX shared library libmotion_planning_tasks_properties.so[0m
[13.859s] [ 49%] Built target motion_planning_tasks_properties
[16.595s] [ 50%] [32m[1mLinking CXX static library libgtest.a[0m
[16.674s] [ 50%] Built target gtest
[16.699s] [ 52%] [34m[1mAutomatic MOC for target moveit_task_constructor_visualization-test-merge-models[0m
[16.735s] [ 52%] Built target moveit_task_constructor_visualization-test-merge-models_autogen
[16.762s] [ 55%] [32mBuilding CXX object motion_planning_tasks/test/CMakeFiles/moveit_task_constructor_visualization-test-merge-models.dir/test_merge_models.cpp.o[0m
[16.762s] [ 55%] [32mBuilding CXX object motion_planning_tasks/test/CMakeFiles/moveit_task_constructor_visualization-test-merge-models.dir/moveit_task_constructor_visualization-test-merge-models_autogen/mocs_compilation.cpp.o[0m
[19.052s] [ 56%] [32m[1mLinking CXX static library libgmock.a[0m
[19.134s] [ 56%] Built target gmock
[19.233s] [ 58%] [32m[1mLinking CXX executable moveit_task_constructor_visualization-test-merge-models[0m
[19.472s] [ 58%] Built target moveit_task_constructor_visualization-test-merge-models
[23.104s] [ 60%] [32m[1mLinking CXX shared library libmoveit_task_visualization_tools.so[0m
[28.588s] [ 60%] Built target moveit_task_visualization_tools
[28.618s] [ 61%] [34m[1mAutomatic MOC for target motion_planning_tasks_rviz_plugin[0m
[29.868s] [ 61%] Built target motion_planning_tasks_rviz_plugin_autogen
[29.884s] [ 63%] [34m[1mGenerating ui_task_view.h[0m
[29.884s] [ 67%] [34m[1mGenerating ui_task_panel.h[0m
[29.884s] [ 67%] [34m[1mGenerating ui_global_settings.h[0m
[29.884s] [ 67%] [34m[1mAutomatic RCC for resources.qrc[0m
[29.928s] [ 69%] [32mBuilding CXX object motion_planning_tasks/src/CMakeFiles/motion_planning_tasks_rviz_plugin.dir/motion_planning_tasks_rviz_plugin_autogen/mocs_compilation.cpp.o[0m
[29.933s] [ 73%] [32mBuilding CXX object motion_planning_tasks/src/CMakeFiles/motion_planning_tasks_rviz_plugin.dir/meta_task_list_model.cpp.o[0m
[29.934s] [ 75%] [32mBuilding CXX object motion_planning_tasks/src/CMakeFiles/motion_planning_tasks_rviz_plugin.dir/local_task_model.cpp.o[0m
[29.934s] [ 76%] [32mBuilding CXX object motion_planning_tasks/src/CMakeFiles/motion_planning_tasks_rviz_plugin.dir/factory_model.cpp.o[0m
[29.935s] [ 75%] [32mBuilding CXX object motion_planning_tasks/src/CMakeFiles/motion_planning_tasks_rviz_plugin.dir/icons.cpp.o[0m
[29.935s] [ 76%] [32mBuilding CXX object motion_planning_tasks/src/CMakeFiles/motion_planning_tasks_rviz_plugin.dir/job_queue.cpp.o[0m
[29.941s] [ 78%] [32mBuilding CXX object motion_planning_tasks/src/CMakeFiles/motion_planning_tasks_rviz_plugin.dir/remote_task_model.cpp.o[0m
[29.941s] [ 80%] [32mBuilding CXX object motion_planning_tasks/src/CMakeFiles/motion_planning_tasks_rviz_plugin.dir/plugin_init.cpp.o[0m
[29.942s] [ 81%] [32mBuilding CXX object motion_planning_tasks/src/CMakeFiles/motion_planning_tasks_rviz_plugin.dir/task_display.cpp.o[0m
[29.944s] [ 83%] [32mBuilding CXX object motion_planning_tasks/src/CMakeFiles/motion_planning_tasks_rviz_plugin.dir/task_list_model.cpp.o[0m
[29.947s] [ 84%] [32mBuilding CXX object motion_planning_tasks/src/CMakeFiles/motion_planning_tasks_rviz_plugin.dir/task_panel.cpp.o[0m
[30.057s] [ 86%] [32mBuilding CXX object motion_planning_tasks/src/CMakeFiles/motion_planning_tasks_rviz_plugin.dir/motion_planning_tasks_rviz_plugin_autogen/EWIEGA46WW/qrc_resources.cpp.o[0m
[54.495s] [ 87%] [32m[1mLinking CXX shared library libmotion_planning_tasks_rviz_plugin.so[0m
[55.917s] [ 87%] Built target motion_planning_tasks_rviz_plugin
[55.930s] [ 89%] [34m[1mAutomatic MOC for target moveit_task_constructor_visualization-test-solution-models[0m
[55.930s] [ 90%] [34m[1mAutomatic MOC for target moveit_task_constructor_visualization-test-task_model[0m
[55.950s] [ 90%] Built target moveit_task_constructor_visualization-test-solution-models_autogen
[55.950s] [ 90%] Built target moveit_task_constructor_visualization-test-task_model_autogen
[55.964s] [ 92%] [32mBuilding CXX object motion_planning_tasks/test/CMakeFiles/moveit_task_constructor_visualization-test-task_model.dir/moveit_task_constructor_visualization-test-task_model_autogen/mocs_compilation.cpp.o[0m
[55.964s] [ 93%] [32mBuilding CXX object motion_planning_tasks/test/CMakeFiles/moveit_task_constructor_visualization-test-task_model.dir/test_task_model.cpp.o[0m
[59.554s] [ 95%] [32m[1mLinking CXX executable moveit_task_constructor_visualization-test-task_model[0m
[60.021s] [ 95%] Built target moveit_task_constructor_visualization-test-task_model
[60.035s] [ 96%] [32mBuilding CXX object motion_planning_tasks/test/CMakeFiles/moveit_task_constructor_visualization-test-solution-models.dir/moveit_task_constructor_visualization-test-solution-models_autogen/mocs_compilation.cpp.o[0m
[60.035s] [ 98%] [32mBuilding CXX object motion_planning_tasks/test/CMakeFiles/moveit_task_constructor_visualization-test-solution-models.dir/test_solution_models.cpp.o[0m
[63.415s] [100%] [32m[1mLinking CXX executable moveit_task_constructor_visualization-test-solution-models[0m
[63.846s] [100%] Built target moveit_task_constructor_visualization-test-solution-models
