[0.106s] Invoking command in '/home/adminlab/franka_ros2_ws/build/moveit_resources': AMENT_PREFIX_PATH=/home/adminlab/franka_ros2_ws/install/moveit_resources_panda_moveit_config:/home/adminlab/franka_ros2_ws/install/moveit_resources_fanuc_moveit_config:/home/adminlab/franka_ros2_ws/install/moveit_resources_pr2_description:/home/adminlab/franka_ros2_ws/install/moveit_resources_panda_description:/home/adminlab/franka_ros2_ws/install/moveit_resources_fanuc_description:${AMENT_PREFIX_PATH} CMAKE_PREFIX_PATH=/home/adminlab/franka_ros2_ws/install/moveit_resources_panda_moveit_config:/home/adminlab/franka_ros2_ws/install/moveit_resources_fanuc_moveit_config:/home/adminlab/franka_ros2_ws/install/moveit_resources_pr2_description:/home/adminlab/franka_ros2_ws/install/moveit_resources_panda_description:/home/adminlab/franka_ros2_ws/install/moveit_resources_fanuc_description:/opt/ros/humble /usr/bin/cmake --build /home/adminlab/franka_ros2_ws/build/moveit_resources -- -j16 -l16
[0.455s] Invoked command in '/home/adminlab/franka_ros2_ws/build/moveit_resources' returned '0': AMENT_PREFIX_PATH=/home/adminlab/franka_ros2_ws/install/moveit_resources_panda_moveit_config:/home/adminlab/franka_ros2_ws/install/moveit_resources_fanuc_moveit_config:/home/adminlab/franka_ros2_ws/install/moveit_resources_pr2_description:/home/adminlab/franka_ros2_ws/install/moveit_resources_panda_description:/home/adminlab/franka_ros2_ws/install/moveit_resources_fanuc_description:${AMENT_PREFIX_PATH} CMAKE_PREFIX_PATH=/home/adminlab/franka_ros2_ws/install/moveit_resources_panda_moveit_config:/home/adminlab/franka_ros2_ws/install/moveit_resources_fanuc_moveit_config:/home/adminlab/franka_ros2_ws/install/moveit_resources_pr2_description:/home/adminlab/franka_ros2_ws/install/moveit_resources_panda_description:/home/adminlab/franka_ros2_ws/install/moveit_resources_fanuc_description:/opt/ros/humble /usr/bin/cmake --build /home/adminlab/franka_ros2_ws/build/moveit_resources -- -j16 -l16
[0.551s] Invoking command in '/home/adminlab/franka_ros2_ws/build/moveit_resources': AMENT_PREFIX_PATH=/home/adminlab/franka_ros2_ws/install/moveit_resources_panda_moveit_config:/home/adminlab/franka_ros2_ws/install/moveit_resources_fanuc_moveit_config:/home/adminlab/franka_ros2_ws/install/moveit_resources_pr2_description:/home/adminlab/franka_ros2_ws/install/moveit_resources_panda_description:/home/adminlab/franka_ros2_ws/install/moveit_resources_fanuc_description:${AMENT_PREFIX_PATH} CMAKE_PREFIX_PATH=/home/adminlab/franka_ros2_ws/install/moveit_resources_panda_moveit_config:/home/adminlab/franka_ros2_ws/install/moveit_resources_fanuc_moveit_config:/home/adminlab/franka_ros2_ws/install/moveit_resources_pr2_description:/home/adminlab/franka_ros2_ws/install/moveit_resources_panda_description:/home/adminlab/franka_ros2_ws/install/moveit_resources_fanuc_description:/opt/ros/humble /usr/bin/cmake --install /home/adminlab/franka_ros2_ws/build/moveit_resources
[0.561s] -- Install configuration: ""
[0.561s] -- Up-to-date: /home/adminlab/franka_ros2_ws/install/moveit_resources/share/ament_index/resource_index/package_run_dependencies/moveit_resources
[0.561s] -- Up-to-date: /home/adminlab/franka_ros2_ws/install/moveit_resources/share/ament_index/resource_index/parent_prefix_path/moveit_resources
[0.562s] -- Up-to-date: /home/adminlab/franka_ros2_ws/install/moveit_resources/share/moveit_resources/environment/ament_prefix_path.sh
[0.562s] -- Up-to-date: /home/adminlab/franka_ros2_ws/install/moveit_resources/share/moveit_resources/environment/ament_prefix_path.dsv
[0.562s] -- Up-to-date: /home/adminlab/franka_ros2_ws/install/moveit_resources/share/moveit_resources/environment/path.sh
[0.562s] -- Up-to-date: /home/adminlab/franka_ros2_ws/install/moveit_resources/share/moveit_resources/environment/path.dsv
[0.562s] -- Up-to-date: /home/adminlab/franka_ros2_ws/install/moveit_resources/share/moveit_resources/local_setup.bash
[0.562s] -- Up-to-date: /home/adminlab/franka_ros2_ws/install/moveit_resources/share/moveit_resources/local_setup.sh
[0.562s] -- Up-to-date: /home/adminlab/franka_ros2_ws/install/moveit_resources/share/moveit_resources/local_setup.zsh
[0.562s] -- Up-to-date: /home/adminlab/franka_ros2_ws/install/moveit_resources/share/moveit_resources/local_setup.dsv
[0.562s] -- Installing: /home/adminlab/franka_ros2_ws/install/moveit_resources/share/moveit_resources/package.dsv
[0.563s] -- Up-to-date: /home/adminlab/franka_ros2_ws/install/moveit_resources/share/ament_index/resource_index/packages/moveit_resources
[0.563s] -- Up-to-date: /home/adminlab/franka_ros2_ws/install/moveit_resources/share/moveit_resources/cmake/moveit_resourcesConfig.cmake
[0.563s] -- Up-to-date: /home/adminlab/franka_ros2_ws/install/moveit_resources/share/moveit_resources/cmake/moveit_resourcesConfig-version.cmake
[0.563s] -- Up-to-date: /home/adminlab/franka_ros2_ws/install/moveit_resources/share/moveit_resources/package.xml
[0.568s] Invoked command in '/home/adminlab/franka_ros2_ws/build/moveit_resources' returned '0': AMENT_PREFIX_PATH=/home/adminlab/franka_ros2_ws/install/moveit_resources_panda_moveit_config:/home/adminlab/franka_ros2_ws/install/moveit_resources_fanuc_moveit_config:/home/adminlab/franka_ros2_ws/install/moveit_resources_pr2_description:/home/adminlab/franka_ros2_ws/install/moveit_resources_panda_description:/home/adminlab/franka_ros2_ws/install/moveit_resources_fanuc_description:${AMENT_PREFIX_PATH} CMAKE_PREFIX_PATH=/home/adminlab/franka_ros2_ws/install/moveit_resources_panda_moveit_config:/home/adminlab/franka_ros2_ws/install/moveit_resources_fanuc_moveit_config:/home/adminlab/franka_ros2_ws/install/moveit_resources_pr2_description:/home/adminlab/franka_ros2_ws/install/moveit_resources_panda_description:/home/adminlab/franka_ros2_ws/install/moveit_resources_fanuc_description:/opt/ros/humble /usr/bin/cmake --install /home/adminlab/franka_ros2_ws/build/moveit_resources
