-- The C compiler identification is GNU 11.4.0
-- The CXX compiler identification is GNU 11.4.0
-- Detecting C compiler ABI info
-- Detecting C compiler ABI info - done
-- Check for working C compiler: /usr/bin/cc - skipped
-- Detecting C compile features
-- Detecting C compile features - done
-- Detecting CXX compiler ABI info
-- Detecting CXX compiler ABI info - done
-- Check for working CXX compiler: /usr/bin/c++ - skipped
-- Detecting CXX compile features
-- Detecting CXX compile features - done
-- Found ament_cmake: 1.3.9 (/opt/ros/humble/share/ament_cmake/cmake)
-- Found Python3: /usr/bin/python3 (found version "3.10.12") found components: Interpreter 
-- Found generate_parameter_library: 0.3.7 (/home/adminlab/franka_ros2_ws/install/generate_parameter_library/share/generate_parameter_library/cmake)
-- Found parameter_traits: 0.3.7 (/home/adminlab/franka_ros2_ws/install/parameter_traits/share/parameter_traits/cmake)
-- Found rosidl_generator_c: 3.1.5 (/opt/ros/humble/share/rosidl_generator_c/cmake)
-- Found rosidl_adapter: 3.1.5 (/opt/ros/humble/share/rosidl_adapter/cmake)
-- Found rosidl_generator_cpp: 3.1.5 (/opt/ros/humble/share/rosidl_generator_cpp/cmake)
-- Using all available rosidl_typesupport_c: rosidl_typesupport_fastrtps_c;rosidl_typesupport_introspection_c
-- Using all available rosidl_typesupport_cpp: rosidl_typesupport_fastrtps_cpp;rosidl_typesupport_introspection_cpp
-- Found rmw_implementation_cmake: 6.1.2 (/opt/ros/humble/share/rmw_implementation_cmake/cmake)
-- Found rmw_fastrtps_cpp: 6.2.6 (/opt/ros/humble/share/rmw_fastrtps_cpp/cmake)
-- Found OpenSSL: /usr/lib/x86_64-linux-gnu/libcrypto.so (found version "3.0.2")  
-- Found FastRTPS: /opt/ros/humble/include  
-- Using RMW implementation 'rmw_fastrtps_cpp' as default
-- Looking for pthread.h
-- Looking for pthread.h - found
-- Performing Test CMAKE_HAVE_LIBC_PTHREAD
-- Performing Test CMAKE_HAVE_LIBC_PTHREAD - Success
-- Found Threads: TRUE  
-- Found rclcpp_lifecycle: 16.0.9 (/opt/ros/humble/share/rclcpp_lifecycle/cmake)
-- Found moveit_common: 2.5.5 (/home/adminlab/franka_ros2_ws/install/moveit_common/share/moveit_common/cmake)
-- Found libdw: /usr/lib/x86_64-linux-gnu/libdw.so  
-- Could NOT find libbfd (missing: LIBBFD_LIBRARY LIBBFD_INCLUDE_DIR) 
-- BACKWARD_HAS_UNWIND=1
-- BACKWARD_HAS_BACKTRACE=0
-- BACKWARD_HAS_BACKTRACE_SYMBOL=0
-- BACKWARD_HAS_DW=1
-- BACKWARD_HAS_BFD=0
-- Found Backward: /opt/ros/humble/share/backward_ros/cmake  
-- Found moveit_core: 2.5.5 (/home/adminlab/franka_ros2_ws/install/moveit_core/share/moveit_core/cmake)
-- Found Boost: /usr/lib/x86_64-linux-gnu/cmake/Boost-1.74.0/BoostConfig.cmake (found version "1.74.0") found components: chrono date_time filesystem iostreams program_options regex serialization system thread 
-- Found Boost: /usr/lib/x86_64-linux-gnu/cmake/Boost-1.74.0/BoostConfig.cmake (found version "1.74.0") found components: filesystem 
-- library: /usr/lib/x86_64-linux-gnu/libcurl.so
-- Found Eigen3: TRUE (found version "3.4.0") 
-- Ensuring Eigen3 include directory is part of orocos-kdl CMake target
-- Found moveit_ros_planning: 2.5.5 (/home/adminlab/franka_ros2_ws/install/moveit_ros_planning/share/moveit_ros_planning/cmake)
-- Found Boost: /usr/lib/x86_64-linux-gnu/cmake/Boost-1.74.0/BoostConfig.cmake (found version "1.74.0") found components: system filesystem date_time program_options thread chrono 
-- Found moveit_ros_planning_interface: 2.5.5 (/home/adminlab/franka_ros2_ws/install/moveit_ros_planning_interface/share/moveit_ros_planning_interface/cmake)
-- Found Boost: /usr/lib/x86_64-linux-gnu/cmake/Boost-1.74.0/BoostConfig.cmake (found version "1.74.0") found components: date_time filesystem program_options system thread 
-- Found Boost: /usr/lib/x86_64-linux-gnu/cmake/Boost-1.74.0/BoostConfig.cmake (found version "1.74.0") found components: thread system filesystem regex date_time program_options 
-- Found Boost: /usr/lib/x86_64-linux-gnu/cmake/Boost-1.74.0/BoostConfig.cmake (found version "1.74.0") found components: system filesystem date_time program_options thread 
-- Found moveit_task_constructor_core: 0.1.3 (/home/adminlab/franka_ros2_ws/install/moveit_task_constructor_core/share/moveit_task_constructor_core/cmake)
-- Configuring done
-- Generating done
-- Build files have been written to: /home/adminlab/franka_ros2_ws/build/moveit_task_constructor_demo
[  6%] [34m[1mRunning `/home/adminlab/franka_ros2_ws/install/generate_parameter_library_py/bin/generate_parameter_library_cpp /home/adminlab/franka_ros2_ws/build/moveit_task_constructor_demo/pick_place_demo_parameters/include//pick_place_demo_parameters.hpp /home/adminlab/franka_ros2_ws/src/moveit_task_constructor/demo/src/pick_place_demo_parameters.yaml `[0m
[  6%] Built target pick_place_demo_parameters
[ 12%] [32mBuilding CXX object CMakeFiles/moveit_task_constructor_demo_fallbacks_move_to.dir/src/fallbacks_move_to.cpp.o[0m
[ 18%] [32m[1mLinking CXX executable fallbacks_move_to[0m
[ 18%] Built target moveit_task_constructor_demo_fallbacks_move_to
[ 25%] [32mBuilding CXX object CMakeFiles/moveit_task_constructor_demo_pick_place_task.dir/src/pick_place_task.cpp.o[0m
[ 31%] [32m[1mLinking CXX shared library libmoveit_task_constructor_demo_pick_place_task.so[0m
[ 31%] Built target moveit_task_constructor_demo_pick_place_task
[ 37%] [34m[1mRunning `/home/adminlab/franka_ros2_ws/install/generate_parameter_library_py/bin/generate_parameter_library_cpp /home/adminlab/franka_ros2_ws/build/moveit_task_constructor_demo/ik_clearance_cost_parameters/include//ik_clearance_cost_parameters.hpp /home/adminlab/franka_ros2_ws/src/moveit_task_constructor/demo/src/ik_clearance_cost_parameters.yaml `[0m
[ 43%] [32mBuilding CXX object CMakeFiles/moveit_task_constructor_demo_alternative_path_costs.dir/src/alternative_path_costs.cpp.o[0m
[ 43%] Built target ik_clearance_cost_parameters
[ 50%] [32mBuilding CXX object CMakeFiles/moveit_task_constructor_demo_pick_place_demo.dir/src/pick_place_demo.cpp.o[0m
[ 56%] [32m[1mLinking CXX executable alternative_path_costs[0m
[ 56%] Built target moveit_task_constructor_demo_alternative_path_costs
[ 62%] [32m[1mLinking CXX executable pick_place_demo[0m
[ 62%] Built target moveit_task_constructor_demo_pick_place_demo
[ 68%] [32mBuilding CXX object CMakeFiles/moveit_task_constructor_demo_ik_clearance_cost.dir/src/ik_clearance_cost.cpp.o[0m
[ 75%] [32m[1mLinking CXX executable ik_clearance_cost[0m
[ 75%] Built target moveit_task_constructor_demo_ik_clearance_cost
[ 87%] [32mBuilding CXX object CMakeFiles/moveit_task_constructor_demo_cartesian.dir/src/cartesian.cpp.o[0m
[ 87%] [32mBuilding CXX object CMakeFiles/moveit_task_constructor_demo_modular.dir/src/modular.cpp.o[0m
[ 93%] [32m[1mLinking CXX executable modular[0m
[100%] [32m[1mLinking CXX executable cartesian[0m
[100%] Built target moveit_task_constructor_demo_modular
[100%] Built target moveit_task_constructor_demo_cartesian
-- Install configuration: "Release"
-- Installing: /home/adminlab/franka_ros2_ws/install/moveit_task_constructor_demo/lib/libmoveit_task_constructor_demo_pick_place_task.so
-- Set runtime path of "/home/adminlab/franka_ros2_ws/install/moveit_task_constructor_demo/lib/libmoveit_task_constructor_demo_pick_place_task.so" to ""
-- Installing: /home/adminlab/franka_ros2_ws/install/moveit_task_constructor_demo/lib/moveit_task_constructor_demo/cartesian
-- Set runtime path of "/home/adminlab/franka_ros2_ws/install/moveit_task_constructor_demo/lib/moveit_task_constructor_demo/cartesian" to ""
-- Installing: /home/adminlab/franka_ros2_ws/install/moveit_task_constructor_demo/lib/moveit_task_constructor_demo/modular
-- Set runtime path of "/home/adminlab/franka_ros2_ws/install/moveit_task_constructor_demo/lib/moveit_task_constructor_demo/modular" to ""
-- Installing: /home/adminlab/franka_ros2_ws/install/moveit_task_constructor_demo/lib/moveit_task_constructor_demo/alternative_path_costs
-- Set runtime path of "/home/adminlab/franka_ros2_ws/install/moveit_task_constructor_demo/lib/moveit_task_constructor_demo/alternative_path_costs" to ""
-- Installing: /home/adminlab/franka_ros2_ws/install/moveit_task_constructor_demo/include/ik_clearance_cost_parameters
-- Installing: /home/adminlab/franka_ros2_ws/install/moveit_task_constructor_demo/include/ik_clearance_cost_parameters/ik_clearance_cost_parameters.hpp
-- Installing: /home/adminlab/franka_ros2_ws/install/moveit_task_constructor_demo/lib/moveit_task_constructor_demo/ik_clearance_cost
-- Set runtime path of "/home/adminlab/franka_ros2_ws/install/moveit_task_constructor_demo/lib/moveit_task_constructor_demo/ik_clearance_cost" to ""
-- Installing: /home/adminlab/franka_ros2_ws/install/moveit_task_constructor_demo/lib/moveit_task_constructor_demo/fallbacks_move_to
-- Set runtime path of "/home/adminlab/franka_ros2_ws/install/moveit_task_constructor_demo/lib/moveit_task_constructor_demo/fallbacks_move_to" to ""
-- Installing: /home/adminlab/franka_ros2_ws/install/moveit_task_constructor_demo/include/pick_place_demo_parameters
-- Installing: /home/adminlab/franka_ros2_ws/install/moveit_task_constructor_demo/include/pick_place_demo_parameters/pick_place_demo_parameters.hpp
-- Installing: /home/adminlab/franka_ros2_ws/install/moveit_task_constructor_demo/lib/moveit_task_constructor_demo/pick_place_demo
-- Set runtime path of "/home/adminlab/franka_ros2_ws/install/moveit_task_constructor_demo/lib/moveit_task_constructor_demo/pick_place_demo" to ""
-- Installing: /home/adminlab/franka_ros2_ws/install/moveit_task_constructor_demo/share/moveit_task_constructor_demo/launch
-- Installing: /home/adminlab/franka_ros2_ws/install/moveit_task_constructor_demo/share/moveit_task_constructor_demo/launch/modular.launch.py
-- Installing: /home/adminlab/franka_ros2_ws/install/moveit_task_constructor_demo/share/moveit_task_constructor_demo/launch/fallbacks_move_to.launch.py
-- Installing: /home/adminlab/franka_ros2_ws/install/moveit_task_constructor_demo/share/moveit_task_constructor_demo/launch/demo.launch.py
-- Installing: /home/adminlab/franka_ros2_ws/install/moveit_task_constructor_demo/share/moveit_task_constructor_demo/launch/ik_clearance_cost.launch.py
-- Installing: /home/adminlab/franka_ros2_ws/install/moveit_task_constructor_demo/share/moveit_task_constructor_demo/launch/cartesian.launch.py
-- Installing: /home/adminlab/franka_ros2_ws/install/moveit_task_constructor_demo/share/moveit_task_constructor_demo/launch/pickplace.launch.py
-- Installing: /home/adminlab/franka_ros2_ws/install/moveit_task_constructor_demo/share/moveit_task_constructor_demo/launch/alternative_path_costs.launch.py
-- Installing: /home/adminlab/franka_ros2_ws/install/moveit_task_constructor_demo/share/moveit_task_constructor_demo/config
-- Installing: /home/adminlab/franka_ros2_ws/install/moveit_task_constructor_demo/share/moveit_task_constructor_demo/config/panda_config.yaml
-- Installing: /home/adminlab/franka_ros2_ws/install/moveit_task_constructor_demo/share/moveit_task_constructor_demo/config/mtc.rviz
-- Installing: /home/adminlab/franka_ros2_ws/install/moveit_task_constructor_demo/share/ament_index/resource_index/package_run_dependencies/moveit_task_constructor_demo
-- Installing: /home/adminlab/franka_ros2_ws/install/moveit_task_constructor_demo/share/ament_index/resource_index/parent_prefix_path/moveit_task_constructor_demo
-- Installing: /home/adminlab/franka_ros2_ws/install/moveit_task_constructor_demo/share/moveit_task_constructor_demo/environment/ament_prefix_path.sh
-- Installing: /home/adminlab/franka_ros2_ws/install/moveit_task_constructor_demo/share/moveit_task_constructor_demo/environment/ament_prefix_path.dsv
-- Installing: /home/adminlab/franka_ros2_ws/install/moveit_task_constructor_demo/share/moveit_task_constructor_demo/environment/path.sh
-- Installing: /home/adminlab/franka_ros2_ws/install/moveit_task_constructor_demo/share/moveit_task_constructor_demo/environment/path.dsv
-- Installing: /home/adminlab/franka_ros2_ws/install/moveit_task_constructor_demo/share/moveit_task_constructor_demo/local_setup.bash
-- Installing: /home/adminlab/franka_ros2_ws/install/moveit_task_constructor_demo/share/moveit_task_constructor_demo/local_setup.sh
-- Installing: /home/adminlab/franka_ros2_ws/install/moveit_task_constructor_demo/share/moveit_task_constructor_demo/local_setup.zsh
-- Installing: /home/adminlab/franka_ros2_ws/install/moveit_task_constructor_demo/share/moveit_task_constructor_demo/local_setup.dsv
-- Installing: /home/adminlab/franka_ros2_ws/install/moveit_task_constructor_demo/share/moveit_task_constructor_demo/package.dsv
-- Installing: /home/adminlab/franka_ros2_ws/install/moveit_task_constructor_demo/share/ament_index/resource_index/packages/moveit_task_constructor_demo
-- Installing: /home/adminlab/franka_ros2_ws/install/moveit_task_constructor_demo/share/moveit_task_constructor_demo/cmake/moveit_task_constructor_demoConfig.cmake
-- Installing: /home/adminlab/franka_ros2_ws/install/moveit_task_constructor_demo/share/moveit_task_constructor_demo/cmake/moveit_task_constructor_demoConfig-version.cmake
-- Installing: /home/adminlab/franka_ros2_ws/install/moveit_task_constructor_demo/share/moveit_task_constructor_demo/package.xml
