[0.364s] Invoking command in '/home/adminlab/franka_ros2_ws/build/moveit_resources_panda_description': CMAKE_PREFIX_PATH=${CMAKE_PREFIX_PATH}:/home/adminlab/franka_ros2_ws/install/moveit_configs_utils:/home/adminlab/franka_ros2_ws/install/ros2test:/home/adminlab/franka_ros2_ws/install/generate_parameter_module_example:/home/adminlab/franka_ros2_ws/install/launch_param_builder:/home/adminlab/franka_ros2_ws/install/handcv:/home/adminlab/franka_ros2_ws/install/generate_parameter_library_py:/home/adminlab/franka_ros2_ws/install/camera_publisher:/opt/ros/humble /usr/bin/cmake /home/adminlab/franka_ros2_ws/src/moveit_resources/panda_description -DCMAKE_INSTALL_PREFIX=/home/adminlab/franka_ros2_ws/install/moveit_resources_panda_description
[0.593s] -- The C compiler identification is GNU 11.4.0
[0.593s] -- The CXX compiler identification is GNU 11.4.0
[0.593s] -- Detecting C compiler ABI info
[0.593s] -- Detecting C compiler ABI info - done
[0.593s] -- Check for working C compiler: /usr/bin/cc - skipped
[0.593s] -- Detecting C compile features
[0.593s] -- Detecting C compile features - done
[0.593s] -- Detecting CXX compiler ABI info
[0.648s] -- Detecting CXX compiler ABI info - done
[0.659s] -- Check for working CXX compiler: /usr/bin/c++ - skipped
[0.659s] -- Detecting CXX compile features
[0.660s] -- Detecting CXX compile features - done
[0.662s] -- Found ament_cmake: 1.3.9 (/opt/ros/humble/share/ament_cmake/cmake)
[0.869s] -- Found Python3: /usr/bin/python3 (found version "3.10.12") found components: Interpreter 
[1.038s] -- Configuring done
[1.041s] -- Generating done
[1.042s] -- Build files have been written to: /home/adminlab/franka_ros2_ws/build/moveit_resources_panda_description
[1.050s] Invoked command in '/home/adminlab/franka_ros2_ws/build/moveit_resources_panda_description' returned '0': CMAKE_PREFIX_PATH=${CMAKE_PREFIX_PATH}:/home/adminlab/franka_ros2_ws/install/moveit_configs_utils:/home/adminlab/franka_ros2_ws/install/ros2test:/home/adminlab/franka_ros2_ws/install/generate_parameter_module_example:/home/adminlab/franka_ros2_ws/install/launch_param_builder:/home/adminlab/franka_ros2_ws/install/handcv:/home/adminlab/franka_ros2_ws/install/generate_parameter_library_py:/home/adminlab/franka_ros2_ws/install/camera_publisher:/opt/ros/humble /usr/bin/cmake /home/adminlab/franka_ros2_ws/src/moveit_resources/panda_description -DCMAKE_INSTALL_PREFIX=/home/adminlab/franka_ros2_ws/install/moveit_resources_panda_description
[1.052s] Invoking command in '/home/adminlab/franka_ros2_ws/build/moveit_resources_panda_description': CMAKE_PREFIX_PATH=${CMAKE_PREFIX_PATH}:/home/adminlab/franka_ros2_ws/install/moveit_configs_utils:/home/adminlab/franka_ros2_ws/install/ros2test:/home/adminlab/franka_ros2_ws/install/generate_parameter_module_example:/home/adminlab/franka_ros2_ws/install/launch_param_builder:/home/adminlab/franka_ros2_ws/install/handcv:/home/adminlab/franka_ros2_ws/install/generate_parameter_library_py:/home/adminlab/franka_ros2_ws/install/camera_publisher:/opt/ros/humble /usr/bin/cmake --build /home/adminlab/franka_ros2_ws/build/moveit_resources_panda_description -- -j16 -l16
[1.319s] Invoked command in '/home/adminlab/franka_ros2_ws/build/moveit_resources_panda_description' returned '0': CMAKE_PREFIX_PATH=${CMAKE_PREFIX_PATH}:/home/adminlab/franka_ros2_ws/install/moveit_configs_utils:/home/adminlab/franka_ros2_ws/install/ros2test:/home/adminlab/franka_ros2_ws/install/generate_parameter_module_example:/home/adminlab/franka_ros2_ws/install/launch_param_builder:/home/adminlab/franka_ros2_ws/install/handcv:/home/adminlab/franka_ros2_ws/install/generate_parameter_library_py:/home/adminlab/franka_ros2_ws/install/camera_publisher:/opt/ros/humble /usr/bin/cmake --build /home/adminlab/franka_ros2_ws/build/moveit_resources_panda_description -- -j16 -l16
[1.372s] Invoking command in '/home/adminlab/franka_ros2_ws/build/moveit_resources_panda_description': CMAKE_PREFIX_PATH=${CMAKE_PREFIX_PATH}:/home/adminlab/franka_ros2_ws/install/moveit_configs_utils:/home/adminlab/franka_ros2_ws/install/ros2test:/home/adminlab/franka_ros2_ws/install/generate_parameter_module_example:/home/adminlab/franka_ros2_ws/install/launch_param_builder:/home/adminlab/franka_ros2_ws/install/handcv:/home/adminlab/franka_ros2_ws/install/generate_parameter_library_py:/home/adminlab/franka_ros2_ws/install/camera_publisher:/opt/ros/humble /usr/bin/cmake --install /home/adminlab/franka_ros2_ws/build/moveit_resources_panda_description
[1.412s] -- Install configuration: ""
[1.412s] -- Installing: /home/adminlab/franka_ros2_ws/install/moveit_resources_panda_description/share/ament_index/resource_index/package_run_dependencies/moveit_resources_panda_description
[1.412s] -- Installing: /home/adminlab/franka_ros2_ws/install/moveit_resources_panda_description/share/ament_index/resource_index/parent_prefix_path/moveit_resources_panda_description
[1.412s] -- Installing: /home/adminlab/franka_ros2_ws/install/moveit_resources_panda_description/share/moveit_resources_panda_description/environment/ament_prefix_path.sh
[1.412s] -- Installing: /home/adminlab/franka_ros2_ws/install/moveit_resources_panda_description/share/moveit_resources_panda_description/environment/ament_prefix_path.dsv
[1.412s] -- Installing: /home/adminlab/franka_ros2_ws/install/moveit_resources_panda_description/share/moveit_resources_panda_description/environment/path.sh
[1.412s] -- Installing: /home/adminlab/franka_ros2_ws/install/moveit_resources_panda_description/share/moveit_resources_panda_description/environment/path.dsv
[1.413s] -- Installing: /home/adminlab/franka_ros2_ws/install/moveit_resources_panda_description/share/moveit_resources_panda_description/local_setup.bash
[1.413s] -- Installing: /home/adminlab/franka_ros2_ws/install/moveit_resources_panda_description/share/moveit_resources_panda_description/local_setup.sh
[1.413s] -- Installing: /home/adminlab/franka_ros2_ws/install/moveit_resources_panda_description/share/moveit_resources_panda_description/local_setup.zsh
[1.413s] -- Installing: /home/adminlab/franka_ros2_ws/install/moveit_resources_panda_description/share/moveit_resources_panda_description/local_setup.dsv
[1.413s] -- Installing: /home/adminlab/franka_ros2_ws/install/moveit_resources_panda_description/share/moveit_resources_panda_description/package.dsv
[1.413s] -- Installing: /home/adminlab/franka_ros2_ws/install/moveit_resources_panda_description/share/ament_index/resource_index/packages/moveit_resources_panda_description
[1.413s] -- Installing: /home/adminlab/franka_ros2_ws/install/moveit_resources_panda_description/share/moveit_resources_panda_description/cmake/moveit_resources_panda_descriptionConfig.cmake
[1.413s] -- Installing: /home/adminlab/franka_ros2_ws/install/moveit_resources_panda_description/share/moveit_resources_panda_description/cmake/moveit_resources_panda_descriptionConfig-version.cmake
[1.413s] -- Installing: /home/adminlab/franka_ros2_ws/install/moveit_resources_panda_description/share/moveit_resources_panda_description/package.xml
[1.413s] -- Installing: /home/adminlab/franka_ros2_ws/install/moveit_resources_panda_description/share/moveit_resources_panda_description/meshes
[1.413s] -- Installing: /home/adminlab/franka_ros2_ws/install/moveit_resources_panda_description/share/moveit_resources_panda_description/meshes/collision
[1.413s] -- Installing: /home/adminlab/franka_ros2_ws/install/moveit_resources_panda_description/share/moveit_resources_panda_description/meshes/collision/link3.stl
[1.413s] -- Installing: /home/adminlab/franka_ros2_ws/install/moveit_resources_panda_description/share/moveit_resources_panda_description/meshes/collision/hand.stl
[1.413s] -- Installing: /home/adminlab/franka_ros2_ws/install/moveit_resources_panda_description/share/moveit_resources_panda_description/meshes/collision/link5.stl
[1.413s] -- Installing: /home/adminlab/franka_ros2_ws/install/moveit_resources_panda_description/share/moveit_resources_panda_description/meshes/collision/link0.stl
[1.413s] -- Installing: /home/adminlab/franka_ros2_ws/install/moveit_resources_panda_description/share/moveit_resources_panda_description/meshes/collision/link7.stl
[1.413s] -- Installing: /home/adminlab/franka_ros2_ws/install/moveit_resources_panda_description/share/moveit_resources_panda_description/meshes/collision/link4.stl
[1.413s] -- Installing: /home/adminlab/franka_ros2_ws/install/moveit_resources_panda_description/share/moveit_resources_panda_description/meshes/collision/finger.stl
[1.413s] -- Installing: /home/adminlab/franka_ros2_ws/install/moveit_resources_panda_description/share/moveit_resources_panda_description/meshes/collision/link2.stl
[1.413s] -- Installing: /home/adminlab/franka_ros2_ws/install/moveit_resources_panda_description/share/moveit_resources_panda_description/meshes/collision/link6.stl
[1.414s] -- Installing: /home/adminlab/franka_ros2_ws/install/moveit_resources_panda_description/share/moveit_resources_panda_description/meshes/collision/link1.stl
[1.414s] -- Installing: /home/adminlab/franka_ros2_ws/install/moveit_resources_panda_description/share/moveit_resources_panda_description/meshes/visual
[1.414s] -- Installing: /home/adminlab/franka_ros2_ws/install/moveit_resources_panda_description/share/moveit_resources_panda_description/meshes/visual/link6.dae
[1.414s] -- Installing: /home/adminlab/franka_ros2_ws/install/moveit_resources_panda_description/share/moveit_resources_panda_description/meshes/visual/link2.dae
[1.414s] -- Installing: /home/adminlab/franka_ros2_ws/install/moveit_resources_panda_description/share/moveit_resources_panda_description/meshes/visual/link7.dae
[1.414s] -- Installing: /home/adminlab/franka_ros2_ws/install/moveit_resources_panda_description/share/moveit_resources_panda_description/meshes/visual/finger.dae
[1.414s] -- Installing: /home/adminlab/franka_ros2_ws/install/moveit_resources_panda_description/share/moveit_resources_panda_description/meshes/visual/link1.dae
[1.414s] -- Installing: /home/adminlab/franka_ros2_ws/install/moveit_resources_panda_description/share/moveit_resources_panda_description/meshes/visual/hand.dae
[1.414s] -- Installing: /home/adminlab/franka_ros2_ws/install/moveit_resources_panda_description/share/moveit_resources_panda_description/meshes/visual/link5.dae
[1.414s] -- Installing: /home/adminlab/franka_ros2_ws/install/moveit_resources_panda_description/share/moveit_resources_panda_description/meshes/visual/link3.dae
[1.415s] -- Installing: /home/adminlab/franka_ros2_ws/install/moveit_resources_panda_description/share/moveit_resources_panda_description/meshes/visual/link4.dae
[1.415s] -- Installing: /home/adminlab/franka_ros2_ws/install/moveit_resources_panda_description/share/moveit_resources_panda_description/meshes/visual/link0.dae
[1.415s] -- Installing: /home/adminlab/franka_ros2_ws/install/moveit_resources_panda_description/share/moveit_resources_panda_description/urdf
[1.415s] -- Installing: /home/adminlab/franka_ros2_ws/install/moveit_resources_panda_description/share/moveit_resources_panda_description/urdf/panda.urdf
[1.464s] Invoked command in '/home/adminlab/franka_ros2_ws/build/moveit_resources_panda_description' returned '0': CMAKE_PREFIX_PATH=${CMAKE_PREFIX_PATH}:/home/adminlab/franka_ros2_ws/install/moveit_configs_utils:/home/adminlab/franka_ros2_ws/install/ros2test:/home/adminlab/franka_ros2_ws/install/generate_parameter_module_example:/home/adminlab/franka_ros2_ws/install/launch_param_builder:/home/adminlab/franka_ros2_ws/install/handcv:/home/adminlab/franka_ros2_ws/install/generate_parameter_library_py:/home/adminlab/franka_ros2_ws/install/camera_publisher:/opt/ros/humble /usr/bin/cmake --install /home/adminlab/franka_ros2_ws/build/moveit_resources_panda_description
