[0.026s] Invoking command in '/home/adminlab/franka_ros2_ws/build/moveit_core': AMENT_PREFIX_PATH=/home/adminlab/franka_ros2_ws/install/generate_parameter_library_py:/home/adminlab/franka_ros2_ws/install/moveit_configs_utils:/home/adminlab/franka_ros2_ws/install/srdfdom:/home/adminlab/franka_ros2_ws/install/rviz_marker_tools:/home/adminlab/franka_ros2_ws/install/rosparam_shortcuts:/home/adminlab/franka_ros2_ws/install/ros_testing:/home/adminlab/franka_ros2_ws/install/ros2test:/home/adminlab/franka_ros2_ws/install/realsense2_description:/home/adminlab/franka_ros2_ws/install/realsense2_camera_msgs:/home/adminlab/franka_ros2_ws/install/joint_trajectory_controller:/home/adminlab/franka_ros2_ws/install/generate_parameter_module_example:/home/adminlab/franka_ros2_ws/install/generate_parameter_library_example:/home/adminlab/franka_ros2_ws/install/franka_bringup:/home/adminlab/franka_ros2_ws/install/franka_robot_state_broadcaster:/home/adminlab/franka_ros2_ws/install/generate_parameter_library:/home/adminlab/franka_ros2_ws/install/parameter_traits:/home/adminlab/franka_ros2_ws/install/moveit_task_constructor_msgs:/home/adminlab/franka_ros2_ws/install/moveit_resources_prbt_support:/home/adminlab/franka_ros2_ws/install/moveit_resources:/home/adminlab/franka_ros2_ws/install/moveit_resources_pr2_description:/home/adminlab/franka_ros2_ws/install/moveit_resources_panda_moveit_config:/home/adminlab/franka_ros2_ws/install/moveit_resources_panda_description:/home/adminlab/franka_ros2_ws/install/moveit_resources_fanuc_moveit_config:/home/adminlab/franka_ros2_ws/install/moveit_resources_fanuc_description:/home/adminlab/franka_ros2_ws/install/moveit_msgs:/home/adminlab/franka_ros2_ws/install/moveit_common:/home/adminlab/franka_ros2_ws/install/launch_param_builder:/home/adminlab/franka_ros2_ws/install/integration_launch_testing:/home/adminlab/franka_ros2_ws/install/handcv:/home/adminlab/franka_ros2_ws/install/hand_interfaces:/home/adminlab/franka_ros2_ws/install/franka_example_controllers:/home/adminlab/franka_ros2_ws/install/franka_semantic_components:/home/adminlab/franka_ros2_ws/install/franka_moveit_config:/home/adminlab/franka_ros2_ws/install/franka_custom_controller:/home/adminlab/franka_ros2_ws/install/franka_hardware:/home/adminlab/franka_ros2_ws/install/franka_gripper:/home/adminlab/franka_ros2_ws/install/franka_msgs:/home/adminlab/franka_ros2_ws/install/franka_description:/home/adminlab/franka_ros2_ws/install/camera_publisher:/opt/ros/humble CMAKE_PREFIX_PATH=/home/adminlab/franka_ros2_ws/install/moveit_resources_panda_moveit_config:/home/adminlab/franka_ros2_ws/install/generate_parameter_library:/home/adminlab/franka_ros2_ws/install/srdfdom:/home/adminlab/franka_ros2_ws/install/parameter_traits:/home/adminlab/franka_ros2_ws/install/moveit_resources_pr2_description:/home/adminlab/franka_ros2_ws/install/moveit_resources_panda_description:/home/adminlab/franka_ros2_ws/install/moveit_msgs:/home/adminlab/franka_ros2_ws/install/moveit_common:/home/adminlab/franka_ros2_ws/install/rviz_marker_tools:/home/adminlab/franka_ros2_ws/install/rosparam_shortcuts:/home/adminlab/franka_ros2_ws/install/ros_testing:/home/adminlab/franka_ros2_ws/install/realsense2_description:/home/adminlab/franka_ros2_ws/install/realsense2_camera_msgs:/home/adminlab/franka_ros2_ws/install/joint_trajectory_controller:/home/adminlab/franka_ros2_ws/install/generate_parameter_library_example:/home/adminlab/franka_ros2_ws/install/franka_bringup:/home/adminlab/franka_ros2_ws/install/franka_robot_state_broadcaster:/home/adminlab/franka_ros2_ws/install/cmake_generate_parameter_module_example:/home/adminlab/franka_ros2_ws/install/moveit_task_constructor_msgs:/home/adminlab/franka_ros2_ws/install/moveit_resources_prbt_support:/home/adminlab/franka_ros2_ws/install/moveit_resources:/home/adminlab/franka_ros2_ws/install/moveit_resources_fanuc_moveit_config:/home/adminlab/franka_ros2_ws/install/moveit_resources_fanuc_description:/home/adminlab/franka_ros2_ws/install/librealsense2:/home/adminlab/franka_ros2_ws/install/integration_launch_testing:/home/adminlab/franka_ros2_ws/install/hand_interfaces:/home/adminlab/franka_ros2_ws/install/franka_example_controllers:/home/adminlab/franka_ros2_ws/install/franka_semantic_components:/home/adminlab/franka_ros2_ws/install/franka_moveit_config:/home/adminlab/franka_ros2_ws/install/franka_hardware:/home/adminlab/franka_ros2_ws/install/franka_gripper:/home/adminlab/franka_ros2_ws/install/franka_msgs:/home/adminlab/franka_ros2_ws/install/franka_description:/home/adminlab/franka_ros2_ws/install/OpenCV:/home/adminlab/franka_ros2_ws/install/moveit_configs_utils:/home/adminlab/franka_ros2_ws/install/ros2test:/home/adminlab/franka_ros2_ws/install/generate_parameter_module_example:/home/adminlab/franka_ros2_ws/install/launch_param_builder:/home/adminlab/franka_ros2_ws/install/handcv:/home/adminlab/franka_ros2_ws/install/generate_parameter_library_py:/home/adminlab/franka_ros2_ws/install/franka_custom_controller:/home/adminlab/franka_ros2_ws/install/camera_publisher:/opt/ros/humble LD_LIBRARY_PATH=/home/adminlab/franka_ros2_ws/install/srdfdom/lib:/home/adminlab/franka_ros2_ws/install/moveit_msgs/lib:/home/adminlab/franka_ros2_ws/install/rviz_marker_tools/lib:/home/adminlab/franka_ros2_ws/install/rosparam_shortcuts/lib:/home/adminlab/franka_ros2_ws/install/realsense2_camera_msgs/lib:/home/adminlab/franka_ros2_ws/install/joint_trajectory_controller/lib:/home/adminlab/franka_ros2_ws/install/generate_parameter_library_example/lib:/home/adminlab/franka_ros2_ws/install/franka_robot_state_broadcaster/lib:/home/adminlab/franka_ros2_ws/install/parameter_traits/lib:/home/adminlab/franka_ros2_ws/install/moveit_task_constructor_msgs/lib:/home/adminlab/franka_ros2_ws/install/librealsense2/lib:/home/adminlab/franka_ros2_ws/install/integration_launch_testing/lib:/home/adminlab/franka_ros2_ws/install/hand_interfaces/lib:/home/adminlab/franka_ros2_ws/install/franka_example_controllers/lib:/home/adminlab/franka_ros2_ws/install/franka_semantic_components/lib:/home/adminlab/franka_ros2_ws/install/franka_hardware/lib:/home/adminlab/franka_ros2_ws/install/franka_gripper/lib:/home/adminlab/franka_ros2_ws/install/franka_msgs/lib:/home/adminlab/franka_ros2_ws/install/OpenCV/lib:/opt/ros/humble/opt/rviz_ogre_vendor/lib:/opt/ros/humble/lib/x86_64-linux-gnu:/opt/ros/humble/lib PATH=/home/adminlab/franka_ros2_ws/install/generate_parameter_library_py/bin:/home/adminlab/franka_ros2_ws/install/librealsense2/bin:/home/adminlab/franka_ros2_ws/install/OpenCV/bin:/opt/ros/humble/bin:/home/adminlab/.local/bin:/usr/local/sbin:/usr/local/bin:/usr/sbin:/usr/bin:/sbin:/bin:/usr/games:/usr/local/games:/snap/bin:/snap/bin PYTHONPATH=/home/adminlab/franka_ros2_ws/install/generate_parameter_library_py/lib/python3.10/site-packages:/home/adminlab/franka_ros2_ws/install/moveit_configs_utils/lib/python3.10/site-packages:/home/adminlab/franka_ros2_ws/install/srdfdom/local/lib/python3.10/dist-packages:/home/adminlab/franka_ros2_ws/install/ros2test/lib/python3.10/site-packages:/home/adminlab/franka_ros2_ws/install/realsense2_camera_msgs/local/lib/python3.10/dist-packages:/home/adminlab/franka_ros2_ws/install/generate_parameter_module_example/lib/python3.10/site-packages:/home/adminlab/franka_ros2_ws/install/moveit_task_constructor_msgs/local/lib/python3.10/dist-packages:/home/adminlab/franka_ros2_ws/install/moveit_msgs/local/lib/python3.10/dist-packages:/home/adminlab/franka_ros2_ws/install/launch_param_builder/lib/python3.10/site-packages:/home/adminlab/franka_ros2_ws/install/handcv/lib/python3.10/site-packages:/home/adminlab/franka_ros2_ws/install/hand_interfaces/local/lib/python3.10/dist-packages:/home/adminlab/franka_ros2_ws/install/franka_gripper/local/lib/python3.10/dist-packages:/home/adminlab/franka_ros2_ws/install/franka_msgs/local/lib/python3.10/dist-packages:/home/adminlab/franka_ros2_ws/install/camera_publisher/lib/python3.10/site-packages:/opt/ros/humble/lib/python3.10/site-packages:/opt/ros/humble/local/lib/python3.10/dist-packages /usr/bin/cmake /home/adminlab/franka_ros2_ws/src/moveit2/moveit_core -DCMAKE_INSTALL_PREFIX=/home/adminlab/franka_ros2_ws/install/moveit_core
[0.098s] -- The CXX compiler identification is GNU 11.4.0
[0.106s] -- Detecting CXX compiler ABI info
[0.195s] -- Detecting CXX compiler ABI info - done
[0.204s] -- Check for working CXX compiler: /usr/bin/c++ - skipped
[0.204s] -- Detecting CXX compile features
[0.204s] -- Detecting CXX compile features - done
[0.206s] -- Found moveit_common: 2.5.5 (/home/adminlab/franka_ros2_ws/install/moveit_common/share/moveit_common/cmake)
[0.211s] -- Found ament_cmake: 1.3.9 (/opt/ros/humble/share/ament_cmake/cmake)
[0.396s] -- Found Python3: /usr/bin/python3 (found version "3.10.12") found components: Interpreter 
[0.618s] -- Found libdw: /usr/lib/x86_64-linux-gnu/libdw.so  
[0.626s] -- Could NOT find libbfd (missing: LIBBFD_LIBRARY LIBBFD_INCLUDE_DIR) 
[0.626s] -- BACKWARD_HAS_UNWIND=1
[0.626s] -- BACKWARD_HAS_BACKTRACE=0
[0.626s] -- BACKWARD_HAS_BACKTRACE_SYMBOL=0
[0.626s] -- BACKWARD_HAS_DW=1
[0.626s] -- BACKWARD_HAS_BFD=0
[0.627s] -- Found Backward: /opt/ros/humble/share/backward_ros/cmake  
[0.627s] [0mmoveit_core: You did not request a specific build type: Choosing 'Release' for maximum performance[0m
[0.632s] -- Found angles: 1.15.0 (/opt/ros/humble/share/angles/cmake)
[0.655s] -- Found Bullet: /usr/lib/x86_64-linux-gnu/libBulletDynamics.so (Required is at least version "2.87") 
[0.661s] -- Found common_interfaces: 4.2.3 (/opt/ros/humble/share/common_interfaces/cmake)
[0.666s] -- Found eigen_stl_containers: 1.0.0 (/opt/ros/humble/share/eigen_stl_containers/cmake)
[0.682s] -- Found eigen3_cmake_module: 0.1.1 (/opt/ros/humble/share/eigen3_cmake_module/cmake)
[0.690s] -- Found Eigen3: TRUE (found version "3.4.0") 
[0.696s] -- Found generate_parameter_library: 0.3.7 (/home/adminlab/franka_ros2_ws/install/generate_parameter_library/share/generate_parameter_library/cmake)
[0.703s] -- Found parameter_traits: 0.3.7 (/home/adminlab/franka_ros2_ws/install/parameter_traits/share/parameter_traits/cmake)
[0.789s] -- Found rosidl_generator_c: 3.1.5 (/opt/ros/humble/share/rosidl_generator_c/cmake)
[0.802s] -- Found rosidl_adapter: 3.1.5 (/opt/ros/humble/share/rosidl_adapter/cmake)
[0.820s] -- Found rosidl_generator_cpp: 3.1.5 (/opt/ros/humble/share/rosidl_generator_cpp/cmake)
[0.845s] -- Using all available rosidl_typesupport_c: rosidl_typesupport_fastrtps_c;rosidl_typesupport_introspection_c
[0.882s] -- Using all available rosidl_typesupport_cpp: rosidl_typesupport_fastrtps_cpp;rosidl_typesupport_introspection_cpp
[1.006s] -- Found rmw_implementation_cmake: 6.1.2 (/opt/ros/humble/share/rmw_implementation_cmake/cmake)
[1.014s] -- Found rmw_fastrtps_cpp: 6.2.6 (/opt/ros/humble/share/rmw_fastrtps_cpp/cmake)
[1.158s] -- Found OpenSSL: /usr/lib/x86_64-linux-gnu/libcrypto.so (found version "3.0.2")  
[1.191s] -- Found FastRTPS: /opt/ros/humble/include  
[1.256s] -- Using RMW implementation 'rmw_fastrtps_cpp' as default
[1.278s] -- Looking for C++ include pthread.h
[1.404s] -- Looking for C++ include pthread.h - found
[1.404s] -- Performing Test CMAKE_HAVE_LIBC_PTHREAD
[1.532s] -- Performing Test CMAKE_HAVE_LIBC_PTHREAD - Success
[1.534s] -- Found Threads: TRUE  
[1.786s] -- Found rclcpp_lifecycle: 16.0.9 (/opt/ros/humble/share/rclcpp_lifecycle/cmake)
[1.849s] -- Found geometric_shapes: 2.1.3 (/opt/ros/humble/share/geometric_shapes/cmake)
[1.871s] -- Found Boost: /usr/lib/x86_64-linux-gnu/cmake/Boost-1.74.0/BoostConfig.cmake (found version "1.74.0") found components: filesystem 
[2.076s] -- library: /usr/lib/x86_64-linux-gnu/libcurl.so
[2.458s] -- Found kdl_parser: 2.6.4 (/opt/ros/humble/share/kdl_parser/cmake)
[2.473s] -- Ensuring Eigen3 include directory is part of orocos-kdl CMake target
[2.480s] -- Found moveit_msgs: 2.4.0 (/home/adminlab/franka_ros2_ws/install/moveit_msgs/share/moveit_msgs/cmake)
[3.335s] -- Found pluginlib: 5.1.0 (/opt/ros/humble/share/pluginlib/cmake)
[3.374s] -- Found srdfdom: 2.0.4 (/home/adminlab/franka_ros2_ws/install/srdfdom/share/srdfdom/cmake)
[3.403s] -- Found tf2_eigen: 0.25.6 (/opt/ros/humble/share/tf2_eigen/cmake)
[3.842s] -- Found tf2_geometry_msgs: 0.25.6 (/opt/ros/humble/share/tf2_geometry_msgs/cmake)
[3.864s] -- Found tf2_kdl: 0.25.6 (/opt/ros/humble/share/tf2_kdl/cmake)
[3.960s] -- Found Boost: /usr/lib/x86_64-linux-gnu/cmake/Boost-1.74.0/BoostConfig.cmake (found version "1.74.0") found components: chrono date_time filesystem iostreams program_options regex serialization system thread 
[3.962s] --  *** Building MoveIt 2.5.5-Alpha ***
[3.967s] -- Performing Test COMPILER_HAS_HIDDEN_VISIBILITY
[4.100s] -- Performing Test COMPILER_HAS_HIDDEN_VISIBILITY - Success
[4.101s] -- Performing Test COMPILER_HAS_HIDDEN_INLINE_VISIBILITY
[4.235s] -- Performing Test COMPILER_HAS_HIDDEN_INLINE_VISIBILITY - Success
[4.235s] -- Performing Test COMPILER_HAS_DEPRECATED_ATTR
[4.371s] -- Performing Test COMPILER_HAS_DEPRECATED_ATTR - Success
[4.388s] -- Found ament_cmake_gtest: 1.3.9 (/opt/ros/humble/share/ament_cmake_gtest/cmake)
[4.396s] -- Found gtest sources under '/opt/ros/humble/src/gtest_vendor': C++ tests using 'Google Test' will be built
[4.449s] -- The C compiler identification is GNU 11.4.0
[4.458s] -- Detecting C compiler ABI info
[4.580s] -- Detecting C compiler ABI info - done
[4.590s] -- Check for working C compiler: /usr/bin/cc - skipped
[4.591s] -- Detecting C compile features
[4.592s] -- Detecting C compile features - done
[4.620s] -- Found ament_cmake_gmock: 1.3.9 (/opt/ros/humble/share/ament_cmake_gmock/cmake)
[4.629s] -- Found gmock sources under '/opt/ros/humble/src/gmock_vendor': C++ tests using 'Google Mock' will be built
[4.634s] -- Found ament_cmake_gtest: 1.3.9 (/opt/ros/humble/share/ament_cmake_gtest/cmake)
[4.634s] -- Found gtest sources under '/opt/ros/humble/src/gtest_vendor': C++ tests using 'Google Test' will be built
[4.659s] -- Found ament_cmake_gtest: 1.3.9 (/opt/ros/humble/share/ament_cmake_gtest/cmake)
[4.660s] -- Found gtest sources under '/opt/ros/humble/src/gtest_vendor': C++ tests using 'Google Test' will be built
[4.722s] -- Found ament_cmake_gtest: 1.3.9 (/opt/ros/humble/share/ament_cmake_gtest/cmake)
[4.723s] -- Found gtest sources under '/opt/ros/humble/src/gtest_vendor': C++ tests using 'Google Test' will be built
[4.752s] -- Found ament_lint_auto: 0.12.11 (/opt/ros/humble/share/ament_lint_auto/cmake)
[4.753s] -- Found ament_cmake_gtest: 1.3.9 (/opt/ros/humble/share/ament_cmake_gtest/cmake)
[4.754s] -- Found gtest sources under '/opt/ros/humble/src/gtest_vendor': C++ tests using 'Google Test' will be built
[4.799s] -- Found ament_cmake_gtest: 1.3.9 (/opt/ros/humble/share/ament_cmake_gtest/cmake)
[4.800s] -- Found gtest sources under '/opt/ros/humble/src/gtest_vendor': C++ tests using 'Google Test' will be built
[4.832s] -- Found ament_cmake_gtest: 1.3.9 (/opt/ros/humble/share/ament_cmake_gtest/cmake)
[4.833s] -- Found gtest sources under '/opt/ros/humble/src/gtest_vendor': C++ tests using 'Google Test' will be built
[4.855s] -- Found ament_cmake_gtest: 1.3.9 (/opt/ros/humble/share/ament_cmake_gtest/cmake)
[4.856s] -- Found gtest sources under '/opt/ros/humble/src/gtest_vendor': C++ tests using 'Google Test' will be built
[4.878s] -- Found gtest sources under '/opt/ros/humble/src/gtest_vendor': C++ tests using 'Google Test' will be built
[4.902s] -- Found gtest sources under '/opt/ros/humble/src/gtest_vendor': C++ tests using 'Google Test' will be built
[4.929s] -- Found ament_cmake_gtest: 1.3.9 (/opt/ros/humble/share/ament_cmake_gtest/cmake)
[4.930s] -- Found gtest sources under '/opt/ros/humble/src/gtest_vendor': C++ tests using 'Google Test' will be built
[4.981s] -- Found gtest sources under '/opt/ros/humble/src/gtest_vendor': C++ tests using 'Google Test' will be built
[5.018s] -- Found gtest sources under '/opt/ros/humble/src/gtest_vendor': C++ tests using 'Google Test' will be built
[5.047s] -- Found gtest sources under '/opt/ros/humble/src/gtest_vendor': C++ tests using 'Google Test' will be built
[5.058s] -- Found ament_lint_auto: 0.12.11 (/opt/ros/humble/share/ament_lint_auto/cmake)
[5.119s] -- Added test 'cppcheck' to perform static code analysis on C / C++ code
[5.121s] -- Configured cppcheck include dirs: /home/adminlab/franka_ros2_ws/src/moveit2/moveit_core/exceptions/include;/home/adminlab/franka_ros2_ws/src/moveit2/moveit_core/collision_detection/include;/home/adminlab/franka_ros2_ws/src/moveit2/moveit_core/collision_detection_fcl/include;/home/adminlab/franka_ros2_ws/src/moveit2/moveit_core/collision_detection_bullet/include;/home/adminlab/franka_ros2_ws/src/moveit2/moveit_core/constraint_samplers/include;/home/adminlab/franka_ros2_ws/src/moveit2/moveit_core/controller_manager/include;/home/adminlab/franka_ros2_ws/src/moveit2/moveit_core/distance_field/include;/home/adminlab/franka_ros2_ws/src/moveit2/moveit_core/collision_distance_field/include;/home/adminlab/franka_ros2_ws/src/moveit2/moveit_core/dynamics_solver/include;/home/adminlab/franka_ros2_ws/src/moveit2/moveit_core/kinematics_base/include;/home/adminlab/franka_ros2_ws/src/moveit2/moveit_core/kinematics_metrics/include;/home/adminlab/franka_ros2_ws/src/moveit2/moveit_core/robot_model/include;/home/adminlab/franka_ros2_ws/src/moveit2/moveit_core/transforms/include;/home/adminlab/franka_ros2_ws/src/moveit2/moveit_core/robot_state/include;/home/adminlab/franka_ros2_ws/src/moveit2/moveit_core/robot_trajectory/include;/home/adminlab/franka_ros2_ws/src/moveit2/moveit_core/kinematic_constraints/include;/home/adminlab/franka_ros2_ws/src/moveit2/moveit_core/macros/include;/home/adminlab/franka_ros2_ws/src/moveit2/moveit_core/online_signal_smoothing/include;/home/adminlab/franka_ros2_ws/src/moveit2/moveit_core/planning_interface/include;/home/adminlab/franka_ros2_ws/src/moveit2/moveit_core/planning_request_adapter/include;/home/adminlab/franka_ros2_ws/src/moveit2/moveit_core/planning_scene/include;/home/adminlab/franka_ros2_ws/src/moveit2/moveit_core/sensor_manager/include;/home/adminlab/franka_ros2_ws/src/moveit2/moveit_core/trajectory_processing/include;/home/adminlab/franka_ros2_ws/src/moveit2/moveit_core/utils/include
[5.121s] -- Configured cppcheck exclude dirs and/or files: 
[5.126s] -- Added test 'pep257' to check Python code against some of the docstring style conventions in PEP 257
[5.130s] -- Added test 'xmllint' to check XML markup files
[5.136s] -- Configuring done
[6.123s] -- Generating done
[6.139s] -- Build files have been written to: /home/adminlab/franka_ros2_ws/build/moveit_core
[6.192s] Invoked command in '/home/adminlab/franka_ros2_ws/build/moveit_core' returned '0': AMENT_PREFIX_PATH=/home/adminlab/franka_ros2_ws/install/generate_parameter_library_py:/home/adminlab/franka_ros2_ws/install/moveit_configs_utils:/home/adminlab/franka_ros2_ws/install/srdfdom:/home/adminlab/franka_ros2_ws/install/rviz_marker_tools:/home/adminlab/franka_ros2_ws/install/rosparam_shortcuts:/home/adminlab/franka_ros2_ws/install/ros_testing:/home/adminlab/franka_ros2_ws/install/ros2test:/home/adminlab/franka_ros2_ws/install/realsense2_description:/home/adminlab/franka_ros2_ws/install/realsense2_camera_msgs:/home/adminlab/franka_ros2_ws/install/joint_trajectory_controller:/home/adminlab/franka_ros2_ws/install/generate_parameter_module_example:/home/adminlab/franka_ros2_ws/install/generate_parameter_library_example:/home/adminlab/franka_ros2_ws/install/franka_bringup:/home/adminlab/franka_ros2_ws/install/franka_robot_state_broadcaster:/home/adminlab/franka_ros2_ws/install/generate_parameter_library:/home/adminlab/franka_ros2_ws/install/parameter_traits:/home/adminlab/franka_ros2_ws/install/moveit_task_constructor_msgs:/home/adminlab/franka_ros2_ws/install/moveit_resources_prbt_support:/home/adminlab/franka_ros2_ws/install/moveit_resources:/home/adminlab/franka_ros2_ws/install/moveit_resources_pr2_description:/home/adminlab/franka_ros2_ws/install/moveit_resources_panda_moveit_config:/home/adminlab/franka_ros2_ws/install/moveit_resources_panda_description:/home/adminlab/franka_ros2_ws/install/moveit_resources_fanuc_moveit_config:/home/adminlab/franka_ros2_ws/install/moveit_resources_fanuc_description:/home/adminlab/franka_ros2_ws/install/moveit_msgs:/home/adminlab/franka_ros2_ws/install/moveit_common:/home/adminlab/franka_ros2_ws/install/launch_param_builder:/home/adminlab/franka_ros2_ws/install/integration_launch_testing:/home/adminlab/franka_ros2_ws/install/handcv:/home/adminlab/franka_ros2_ws/install/hand_interfaces:/home/adminlab/franka_ros2_ws/install/franka_example_controllers:/home/adminlab/franka_ros2_ws/install/franka_semantic_components:/home/adminlab/franka_ros2_ws/install/franka_moveit_config:/home/adminlab/franka_ros2_ws/install/franka_custom_controller:/home/adminlab/franka_ros2_ws/install/franka_hardware:/home/adminlab/franka_ros2_ws/install/franka_gripper:/home/adminlab/franka_ros2_ws/install/franka_msgs:/home/adminlab/franka_ros2_ws/install/franka_description:/home/adminlab/franka_ros2_ws/install/camera_publisher:/opt/ros/humble CMAKE_PREFIX_PATH=/home/adminlab/franka_ros2_ws/install/moveit_resources_panda_moveit_config:/home/adminlab/franka_ros2_ws/install/generate_parameter_library:/home/adminlab/franka_ros2_ws/install/srdfdom:/home/adminlab/franka_ros2_ws/install/parameter_traits:/home/adminlab/franka_ros2_ws/install/moveit_resources_pr2_description:/home/adminlab/franka_ros2_ws/install/moveit_resources_panda_description:/home/adminlab/franka_ros2_ws/install/moveit_msgs:/home/adminlab/franka_ros2_ws/install/moveit_common:/home/adminlab/franka_ros2_ws/install/rviz_marker_tools:/home/adminlab/franka_ros2_ws/install/rosparam_shortcuts:/home/adminlab/franka_ros2_ws/install/ros_testing:/home/adminlab/franka_ros2_ws/install/realsense2_description:/home/adminlab/franka_ros2_ws/install/realsense2_camera_msgs:/home/adminlab/franka_ros2_ws/install/joint_trajectory_controller:/home/adminlab/franka_ros2_ws/install/generate_parameter_library_example:/home/adminlab/franka_ros2_ws/install/franka_bringup:/home/adminlab/franka_ros2_ws/install/franka_robot_state_broadcaster:/home/adminlab/franka_ros2_ws/install/cmake_generate_parameter_module_example:/home/adminlab/franka_ros2_ws/install/moveit_task_constructor_msgs:/home/adminlab/franka_ros2_ws/install/moveit_resources_prbt_support:/home/adminlab/franka_ros2_ws/install/moveit_resources:/home/adminlab/franka_ros2_ws/install/moveit_resources_fanuc_moveit_config:/home/adminlab/franka_ros2_ws/install/moveit_resources_fanuc_description:/home/adminlab/franka_ros2_ws/install/librealsense2:/home/adminlab/franka_ros2_ws/install/integration_launch_testing:/home/adminlab/franka_ros2_ws/install/hand_interfaces:/home/adminlab/franka_ros2_ws/install/franka_example_controllers:/home/adminlab/franka_ros2_ws/install/franka_semantic_components:/home/adminlab/franka_ros2_ws/install/franka_moveit_config:/home/adminlab/franka_ros2_ws/install/franka_hardware:/home/adminlab/franka_ros2_ws/install/franka_gripper:/home/adminlab/franka_ros2_ws/install/franka_msgs:/home/adminlab/franka_ros2_ws/install/franka_description:/home/adminlab/franka_ros2_ws/install/OpenCV:/home/adminlab/franka_ros2_ws/install/moveit_configs_utils:/home/adminlab/franka_ros2_ws/install/ros2test:/home/adminlab/franka_ros2_ws/install/generate_parameter_module_example:/home/adminlab/franka_ros2_ws/install/launch_param_builder:/home/adminlab/franka_ros2_ws/install/handcv:/home/adminlab/franka_ros2_ws/install/generate_parameter_library_py:/home/adminlab/franka_ros2_ws/install/franka_custom_controller:/home/adminlab/franka_ros2_ws/install/camera_publisher:/opt/ros/humble LD_LIBRARY_PATH=/home/adminlab/franka_ros2_ws/install/srdfdom/lib:/home/adminlab/franka_ros2_ws/install/moveit_msgs/lib:/home/adminlab/franka_ros2_ws/install/rviz_marker_tools/lib:/home/adminlab/franka_ros2_ws/install/rosparam_shortcuts/lib:/home/adminlab/franka_ros2_ws/install/realsense2_camera_msgs/lib:/home/adminlab/franka_ros2_ws/install/joint_trajectory_controller/lib:/home/adminlab/franka_ros2_ws/install/generate_parameter_library_example/lib:/home/adminlab/franka_ros2_ws/install/franka_robot_state_broadcaster/lib:/home/adminlab/franka_ros2_ws/install/parameter_traits/lib:/home/adminlab/franka_ros2_ws/install/moveit_task_constructor_msgs/lib:/home/adminlab/franka_ros2_ws/install/librealsense2/lib:/home/adminlab/franka_ros2_ws/install/integration_launch_testing/lib:/home/adminlab/franka_ros2_ws/install/hand_interfaces/lib:/home/adminlab/franka_ros2_ws/install/franka_example_controllers/lib:/home/adminlab/franka_ros2_ws/install/franka_semantic_components/lib:/home/adminlab/franka_ros2_ws/install/franka_hardware/lib:/home/adminlab/franka_ros2_ws/install/franka_gripper/lib:/home/adminlab/franka_ros2_ws/install/franka_msgs/lib:/home/adminlab/franka_ros2_ws/install/OpenCV/lib:/opt/ros/humble/opt/rviz_ogre_vendor/lib:/opt/ros/humble/lib/x86_64-linux-gnu:/opt/ros/humble/lib PATH=/home/adminlab/franka_ros2_ws/install/generate_parameter_library_py/bin:/home/adminlab/franka_ros2_ws/install/librealsense2/bin:/home/adminlab/franka_ros2_ws/install/OpenCV/bin:/opt/ros/humble/bin:/home/adminlab/.local/bin:/usr/local/sbin:/usr/local/bin:/usr/sbin:/usr/bin:/sbin:/bin:/usr/games:/usr/local/games:/snap/bin:/snap/bin PYTHONPATH=/home/adminlab/franka_ros2_ws/install/generate_parameter_library_py/lib/python3.10/site-packages:/home/adminlab/franka_ros2_ws/install/moveit_configs_utils/lib/python3.10/site-packages:/home/adminlab/franka_ros2_ws/install/srdfdom/local/lib/python3.10/dist-packages:/home/adminlab/franka_ros2_ws/install/ros2test/lib/python3.10/site-packages:/home/adminlab/franka_ros2_ws/install/realsense2_camera_msgs/local/lib/python3.10/dist-packages:/home/adminlab/franka_ros2_ws/install/generate_parameter_module_example/lib/python3.10/site-packages:/home/adminlab/franka_ros2_ws/install/moveit_task_constructor_msgs/local/lib/python3.10/dist-packages:/home/adminlab/franka_ros2_ws/install/moveit_msgs/local/lib/python3.10/dist-packages:/home/adminlab/franka_ros2_ws/install/launch_param_builder/lib/python3.10/site-packages:/home/adminlab/franka_ros2_ws/install/handcv/lib/python3.10/site-packages:/home/adminlab/franka_ros2_ws/install/hand_interfaces/local/lib/python3.10/dist-packages:/home/adminlab/franka_ros2_ws/install/franka_gripper/local/lib/python3.10/dist-packages:/home/adminlab/franka_ros2_ws/install/franka_msgs/local/lib/python3.10/dist-packages:/home/adminlab/franka_ros2_ws/install/camera_publisher/lib/python3.10/site-packages:/opt/ros/humble/lib/python3.10/site-packages:/opt/ros/humble/local/lib/python3.10/dist-packages /usr/bin/cmake /home/adminlab/franka_ros2_ws/src/moveit2/moveit_core -DCMAKE_INSTALL_PREFIX=/home/adminlab/franka_ros2_ws/install/moveit_core
[6.194s] Invoking command in '/home/adminlab/franka_ros2_ws/build/moveit_core': AMENT_PREFIX_PATH=/home/adminlab/franka_ros2_ws/install/generate_parameter_library_py:/home/adminlab/franka_ros2_ws/install/moveit_configs_utils:/home/adminlab/franka_ros2_ws/install/srdfdom:/home/adminlab/franka_ros2_ws/install/rviz_marker_tools:/home/adminlab/franka_ros2_ws/install/rosparam_shortcuts:/home/adminlab/franka_ros2_ws/install/ros_testing:/home/adminlab/franka_ros2_ws/install/ros2test:/home/adminlab/franka_ros2_ws/install/realsense2_description:/home/adminlab/franka_ros2_ws/install/realsense2_camera_msgs:/home/adminlab/franka_ros2_ws/install/joint_trajectory_controller:/home/adminlab/franka_ros2_ws/install/generate_parameter_module_example:/home/adminlab/franka_ros2_ws/install/generate_parameter_library_example:/home/adminlab/franka_ros2_ws/install/franka_bringup:/home/adminlab/franka_ros2_ws/install/franka_robot_state_broadcaster:/home/adminlab/franka_ros2_ws/install/generate_parameter_library:/home/adminlab/franka_ros2_ws/install/parameter_traits:/home/adminlab/franka_ros2_ws/install/moveit_task_constructor_msgs:/home/adminlab/franka_ros2_ws/install/moveit_resources_prbt_support:/home/adminlab/franka_ros2_ws/install/moveit_resources:/home/adminlab/franka_ros2_ws/install/moveit_resources_pr2_description:/home/adminlab/franka_ros2_ws/install/moveit_resources_panda_moveit_config:/home/adminlab/franka_ros2_ws/install/moveit_resources_panda_description:/home/adminlab/franka_ros2_ws/install/moveit_resources_fanuc_moveit_config:/home/adminlab/franka_ros2_ws/install/moveit_resources_fanuc_description:/home/adminlab/franka_ros2_ws/install/moveit_msgs:/home/adminlab/franka_ros2_ws/install/moveit_common:/home/adminlab/franka_ros2_ws/install/launch_param_builder:/home/adminlab/franka_ros2_ws/install/integration_launch_testing:/home/adminlab/franka_ros2_ws/install/handcv:/home/adminlab/franka_ros2_ws/install/hand_interfaces:/home/adminlab/franka_ros2_ws/install/franka_example_controllers:/home/adminlab/franka_ros2_ws/install/franka_semantic_components:/home/adminlab/franka_ros2_ws/install/franka_moveit_config:/home/adminlab/franka_ros2_ws/install/franka_custom_controller:/home/adminlab/franka_ros2_ws/install/franka_hardware:/home/adminlab/franka_ros2_ws/install/franka_gripper:/home/adminlab/franka_ros2_ws/install/franka_msgs:/home/adminlab/franka_ros2_ws/install/franka_description:/home/adminlab/franka_ros2_ws/install/camera_publisher:/opt/ros/humble CMAKE_PREFIX_PATH=/home/adminlab/franka_ros2_ws/install/moveit_resources_panda_moveit_config:/home/adminlab/franka_ros2_ws/install/generate_parameter_library:/home/adminlab/franka_ros2_ws/install/srdfdom:/home/adminlab/franka_ros2_ws/install/parameter_traits:/home/adminlab/franka_ros2_ws/install/moveit_resources_pr2_description:/home/adminlab/franka_ros2_ws/install/moveit_resources_panda_description:/home/adminlab/franka_ros2_ws/install/moveit_msgs:/home/adminlab/franka_ros2_ws/install/moveit_common:/home/adminlab/franka_ros2_ws/install/rviz_marker_tools:/home/adminlab/franka_ros2_ws/install/rosparam_shortcuts:/home/adminlab/franka_ros2_ws/install/ros_testing:/home/adminlab/franka_ros2_ws/install/realsense2_description:/home/adminlab/franka_ros2_ws/install/realsense2_camera_msgs:/home/adminlab/franka_ros2_ws/install/joint_trajectory_controller:/home/adminlab/franka_ros2_ws/install/generate_parameter_library_example:/home/adminlab/franka_ros2_ws/install/franka_bringup:/home/adminlab/franka_ros2_ws/install/franka_robot_state_broadcaster:/home/adminlab/franka_ros2_ws/install/cmake_generate_parameter_module_example:/home/adminlab/franka_ros2_ws/install/moveit_task_constructor_msgs:/home/adminlab/franka_ros2_ws/install/moveit_resources_prbt_support:/home/adminlab/franka_ros2_ws/install/moveit_resources:/home/adminlab/franka_ros2_ws/install/moveit_resources_fanuc_moveit_config:/home/adminlab/franka_ros2_ws/install/moveit_resources_fanuc_description:/home/adminlab/franka_ros2_ws/install/librealsense2:/home/adminlab/franka_ros2_ws/install/integration_launch_testing:/home/adminlab/franka_ros2_ws/install/hand_interfaces:/home/adminlab/franka_ros2_ws/install/franka_example_controllers:/home/adminlab/franka_ros2_ws/install/franka_semantic_components:/home/adminlab/franka_ros2_ws/install/franka_moveit_config:/home/adminlab/franka_ros2_ws/install/franka_hardware:/home/adminlab/franka_ros2_ws/install/franka_gripper:/home/adminlab/franka_ros2_ws/install/franka_msgs:/home/adminlab/franka_ros2_ws/install/franka_description:/home/adminlab/franka_ros2_ws/install/OpenCV:/home/adminlab/franka_ros2_ws/install/moveit_configs_utils:/home/adminlab/franka_ros2_ws/install/ros2test:/home/adminlab/franka_ros2_ws/install/generate_parameter_module_example:/home/adminlab/franka_ros2_ws/install/launch_param_builder:/home/adminlab/franka_ros2_ws/install/handcv:/home/adminlab/franka_ros2_ws/install/generate_parameter_library_py:/home/adminlab/franka_ros2_ws/install/franka_custom_controller:/home/adminlab/franka_ros2_ws/install/camera_publisher:/opt/ros/humble LD_LIBRARY_PATH=/home/adminlab/franka_ros2_ws/install/srdfdom/lib:/home/adminlab/franka_ros2_ws/install/moveit_msgs/lib:/home/adminlab/franka_ros2_ws/install/rviz_marker_tools/lib:/home/adminlab/franka_ros2_ws/install/rosparam_shortcuts/lib:/home/adminlab/franka_ros2_ws/install/realsense2_camera_msgs/lib:/home/adminlab/franka_ros2_ws/install/joint_trajectory_controller/lib:/home/adminlab/franka_ros2_ws/install/generate_parameter_library_example/lib:/home/adminlab/franka_ros2_ws/install/franka_robot_state_broadcaster/lib:/home/adminlab/franka_ros2_ws/install/parameter_traits/lib:/home/adminlab/franka_ros2_ws/install/moveit_task_constructor_msgs/lib:/home/adminlab/franka_ros2_ws/install/librealsense2/lib:/home/adminlab/franka_ros2_ws/install/integration_launch_testing/lib:/home/adminlab/franka_ros2_ws/install/hand_interfaces/lib:/home/adminlab/franka_ros2_ws/install/franka_example_controllers/lib:/home/adminlab/franka_ros2_ws/install/franka_semantic_components/lib:/home/adminlab/franka_ros2_ws/install/franka_hardware/lib:/home/adminlab/franka_ros2_ws/install/franka_gripper/lib:/home/adminlab/franka_ros2_ws/install/franka_msgs/lib:/home/adminlab/franka_ros2_ws/install/OpenCV/lib:/opt/ros/humble/opt/rviz_ogre_vendor/lib:/opt/ros/humble/lib/x86_64-linux-gnu:/opt/ros/humble/lib PATH=/home/adminlab/franka_ros2_ws/install/generate_parameter_library_py/bin:/home/adminlab/franka_ros2_ws/install/librealsense2/bin:/home/adminlab/franka_ros2_ws/install/OpenCV/bin:/opt/ros/humble/bin:/home/adminlab/.local/bin:/usr/local/sbin:/usr/local/bin:/usr/sbin:/usr/bin:/sbin:/bin:/usr/games:/usr/local/games:/snap/bin:/snap/bin PYTHONPATH=/home/adminlab/franka_ros2_ws/install/generate_parameter_library_py/lib/python3.10/site-packages:/home/adminlab/franka_ros2_ws/install/moveit_configs_utils/lib/python3.10/site-packages:/home/adminlab/franka_ros2_ws/install/srdfdom/local/lib/python3.10/dist-packages:/home/adminlab/franka_ros2_ws/install/ros2test/lib/python3.10/site-packages:/home/adminlab/franka_ros2_ws/install/realsense2_camera_msgs/local/lib/python3.10/dist-packages:/home/adminlab/franka_ros2_ws/install/generate_parameter_module_example/lib/python3.10/site-packages:/home/adminlab/franka_ros2_ws/install/moveit_task_constructor_msgs/local/lib/python3.10/dist-packages:/home/adminlab/franka_ros2_ws/install/moveit_msgs/local/lib/python3.10/dist-packages:/home/adminlab/franka_ros2_ws/install/launch_param_builder/lib/python3.10/site-packages:/home/adminlab/franka_ros2_ws/install/handcv/lib/python3.10/site-packages:/home/adminlab/franka_ros2_ws/install/hand_interfaces/local/lib/python3.10/dist-packages:/home/adminlab/franka_ros2_ws/install/franka_gripper/local/lib/python3.10/dist-packages:/home/adminlab/franka_ros2_ws/install/franka_msgs/local/lib/python3.10/dist-packages:/home/adminlab/franka_ros2_ws/install/camera_publisher/lib/python3.10/site-packages:/opt/ros/humble/lib/python3.10/site-packages:/opt/ros/humble/local/lib/python3.10/dist-packages /usr/bin/cmake --build /home/adminlab/franka_ros2_ws/build/moveit_core -- -j16 -l16
[6.274s] [  0%] [32mBuilding CXX object exceptions/CMakeFiles/moveit_exceptions.dir/src/exceptions.cpp.o[0m
[6.274s] [  0%] [32mBuilding CXX object transforms/CMakeFiles/moveit_transforms.dir/src/transforms.cpp.o[0m
[6.966s] [  1%] [32m[1mLinking CXX shared library libmoveit_exceptions.so[0m
[7.170s] [  1%] Built target moveit_exceptions
[7.201s] [  2%] [32mBuilding CXX object version/CMakeFiles/moveit_version.dir/version.cpp.o[0m
[7.254s] [  3%] [32m[1mLinking CXX executable moveit_version[0m
[7.385s] [  3%] Built target moveit_version
[7.418s] [  4%] [34m[1mRunning `/home/adminlab/franka_ros2_ws/install/generate_parameter_library_py/bin/generate_parameter_library_cpp /home/adminlab/franka_ros2_ws/build/moveit_core/online_signal_smoothing/moveit_butterworth_parameters/include//moveit_butterworth_parameters.hpp /home/adminlab/franka_ros2_ws/src/moveit2/moveit_core/online_signal_smoothing/src/butterworth_parameters.yaml `[0m
[7.633s] [  4%] Built target moveit_butterworth_parameters
[7.665s] [  4%] [32mBuilding CXX object online_signal_smoothing/CMakeFiles/moveit_smoothing_base.dir/src/smoothing_base_class.cpp.o[0m
[12.589s] [  5%] [32m[1mLinking CXX shared library libmoveit_smoothing_base.so[0m
[12.819s] [  5%] Built target moveit_smoothing_base
[16.101s] [  6%] [32m[1mLinking CXX shared library libmoveit_transforms.so[0m
[16.218s] [  6%] Built target moveit_transforms
[16.234s] [  6%] [32mBuilding CXX object gmock/CMakeFiles/gmock_main.dir/src/gmock_main.cc.o[0m
[17.073s] [  7%] [32m[1mLinking CXX static library libgmock_main.a[0m
[17.126s] [  7%] Built target gmock_main
[17.151s] [  8%] [32mBuilding CXX object gtest/CMakeFiles/gtest_main.dir/src/gtest_main.cc.o[0m
[17.155s] [ 10%] [32mBuilding CXX object utils/CMakeFiles/moveit_utils.dir/src/message_checks.cpp.o[0m
[17.155s] [ 10%] [32mBuilding CXX object gmock/CMakeFiles/gmock.dir/src/gmock-all.cc.o[0m
[17.155s] [ 10%] [32mBuilding CXX object utils/CMakeFiles/moveit_utils.dir/src/lexical_casts.cpp.o[0m
[17.156s] [ 10%] [32mBuilding CXX object gtest/CMakeFiles/gtest.dir/src/gtest-all.cc.o[0m
[17.156s] [ 10%] [32mBuilding CXX object gmock/CMakeFiles/gmock.dir/opt/ros/humble/src/gtest_vendor/src/gtest-all.cc.o[0m
[17.159s] [ 11%] [32mBuilding CXX object utils/CMakeFiles/moveit_utils.dir/src/rclcpp_utils.cpp.o[0m
[18.550s] [ 11%] [32m[1mLinking CXX static library libgtest_main.a[0m
[18.606s] [ 11%] [32m[1mLinking CXX shared library libmoveit_utils.so[0m
[18.646s] [ 11%] Built target gtest_main
[18.684s] [ 11%] [32mBuilding CXX object kinematics_base/CMakeFiles/moveit_kinematics_base.dir/src/kinematics_base.cpp.o[0m
[18.684s] [ 12%] [32mBuilding CXX object distance_field/CMakeFiles/moveit_distance_field.dir/src/distance_field.cpp.o[0m
[18.694s] [ 12%] [32mBuilding CXX object distance_field/CMakeFiles/moveit_distance_field.dir/src/find_internal_points.cpp.o[0m
[18.704s] [ 13%] [32mBuilding CXX object distance_field/CMakeFiles/moveit_distance_field.dir/src/propagation_distance_field.cpp.o[0m
[19.908s] [ 13%] Built target moveit_utils
[27.191s] [ 14%] [32m[1mLinking CXX shared library libmoveit_kinematics_base.so[0m
[27.463s] [ 14%] Built target moveit_kinematics_base
[29.642s] [ 15%] [32m[1mLinking CXX static library libgmock.a[0m
[29.742s] [ 15%] Built target gmock
[30.691s] [ 16%] [32m[1mLinking CXX static library libgtest.a[0m
[30.749s] [ 16%] Built target gtest
[31.228s] [ 16%] [32m[1mLinking CXX shared library libmoveit_distance_field.so[0m
[31.357s] [ 16%] Built target moveit_distance_field
[31.374s] [ 16%] [32mBuilding CXX object transforms/CMakeFiles/test_transforms.dir/test/test_transforms.cpp.o[0m
[33.425s] [ 17%] [32m[1mLinking CXX executable test_transforms[0m
[33.545s] [ 17%] Built target test_transforms
[33.568s] [ 17%] [32mBuilding CXX object distance_field/CMakeFiles/test_distance_field.dir/test/test_distance_field.cpp.o[0m
[47.308s] [ 18%] [32m[1mLinking CXX executable test_distance_field[0m
[47.666s] [ 18%] Built target test_distance_field
[47.700s] [ 19%] [32mBuilding CXX object distance_field/CMakeFiles/test_voxel_grid.dir/test/test_voxel_grid.cpp.o[0m
[47.702s] [ 20%] [32mBuilding CXX object robot_model/CMakeFiles/moveit_robot_model.dir/src/aabb.cpp.o[0m
[47.703s] [ 20%] [32mBuilding CXX object robot_model/CMakeFiles/moveit_robot_model.dir/src/fixed_joint_model.cpp.o[0m
[49.634s] [ 20%] [32mBuilding CXX object robot_model/CMakeFiles/moveit_robot_model.dir/src/robot_model.cpp.o[0m
[50.784s] [ 21%] [32mBuilding CXX object robot_model/CMakeFiles/moveit_robot_model.dir/src/revolute_joint_model.cpp.o[0m
[54.580s] [ 21%] [32m[1mLinking CXX executable test_voxel_grid[0m
[54.766s] [ 21%] Built target test_voxel_grid
[55.296s] [ 22%] [32mBuilding CXX object robot_model/CMakeFiles/moveit_robot_model.dir/src/prismatic_joint_model.cpp.o[0m
[58.107s] [ 23%] [32mBuilding CXX object robot_model/CMakeFiles/moveit_robot_model.dir/src/link_model.cpp.o[0m
[58.111s] [ 23%] [32mBuilding CXX object robot_model/CMakeFiles/moveit_robot_model.dir/src/planar_joint_model.cpp.o[0m
[60.814s] [ 24%] [32mBuilding CXX object robot_model/CMakeFiles/moveit_robot_model.dir/src/joint_model.cpp.o[0m
[60.814s] [ 24%] [32mBuilding CXX object robot_model/CMakeFiles/moveit_robot_model.dir/src/joint_model_group.cpp.o[0m
[61.772s] [ 25%] [32mBuilding CXX object robot_model/CMakeFiles/moveit_robot_model.dir/src/floating_joint_model.cpp.o[0m
[71.442s] [ 26%] [32m[1mLinking CXX shared library libmoveit_robot_model.so[0m
[71.710s] [ 26%] Built target moveit_robot_model
[71.740s] [ 26%] [32mBuilding CXX object robot_state/CMakeFiles/moveit_robot_state.dir/src/attached_body.cpp.o[0m
[79.727s] [ 26%] [32mBuilding CXX object robot_state/CMakeFiles/moveit_robot_state.dir/src/cartesian_interpolator.cpp.o[0m
[86.820s] [ 27%] [32mBuilding CXX object robot_state/CMakeFiles/moveit_robot_state.dir/src/robot_state.cpp.o[0m
[111.777s] [ 28%] [32mBuilding CXX object robot_state/CMakeFiles/moveit_robot_state.dir/src/conversions.cpp.o[0m
[121.831s] [ 29%] [32m[1mLinking CXX shared library libmoveit_robot_state.so[0m
[121.972s] [ 29%] Built target moveit_robot_state
[121.990s] [ 30%] [32mBuilding CXX object online_signal_smoothing/CMakeFiles/moveit_butterworth_filter.dir/src/butterworth_filter.cpp.o[0m
[121.998s] [ 33%] [32mBuilding CXX object utils/CMakeFiles/moveit_test_utils.dir/src/robot_model_test_utils.cpp.o[0m
[121.998s] [ 33%] [32mBuilding CXX object collision_detection/CMakeFiles/moveit_collision_detection.dir/src/allvalid/collision_env_allvalid.cpp.o[0m
[121.998s] [ 33%] [32mBuilding CXX object robot_trajectory/CMakeFiles/moveit_robot_trajectory.dir/src/robot_trajectory.cpp.o[0m
[121.998s] [ 33%] [32mBuilding CXX object collision_detection/CMakeFiles/moveit_collision_detection.dir/src/collision_common.cpp.o[0m
[121.999s] [ 33%] [32mBuilding CXX object collision_detection/CMakeFiles/moveit_collision_detection.dir/src/collision_octomap_filter.cpp.o[0m
[121.999s] [ 33%] [32mBuilding CXX object collision_detection/CMakeFiles/moveit_collision_detection.dir/src/collision_matrix.cpp.o[0m
[137.556s] [ 33%] [32m[1mLinking CXX shared library libmoveit_butterworth_filter.so[0m
[137.795s] [ 33%] Built target moveit_butterworth_filter
[138.470s] [ 33%] [32mBuilding CXX object collision_detection/CMakeFiles/moveit_collision_detection.dir/src/collision_plugin_cache.cpp.o[0m
[139.799s] [ 33%] [32m[1mLinking CXX shared library libmoveit_test_utils.so[0m
[139.942s] [ 33%] Built target moveit_test_utils
[141.086s] [ 34%] [32m[1mLinking CXX shared library libmoveit_robot_trajectory.so[0m
[141.219s] [ 34%] Built target moveit_robot_trajectory
[147.275s] [ 35%] [32mBuilding CXX object planning_interface/CMakeFiles/moveit_planning_interface.dir/src/planning_interface.cpp.o[0m
[147.276s] [ 36%] [32mBuilding CXX object trajectory_processing/CMakeFiles/moveit_trajectory_processing.dir/src/iterative_time_parameterization.cpp.o[0m
[147.289s] [ 36%] [32mBuilding CXX object robot_state/CMakeFiles/test_cartesian_interpolator.dir/test/test_cartesian_interpolator.cpp.o[0m
[147.289s] [ 36%] [32mBuilding CXX object robot_state/CMakeFiles/test_aabb.dir/test/test_aabb.cpp.o[0m
[148.319s] [ 36%] [32mBuilding CXX object robot_state/CMakeFiles/test_robot_state_complex.dir/test/test_kinematic_complex.cpp.o[0m
[148.320s] [ 36%] [32mBuilding CXX object robot_state/CMakeFiles/test_robot_state_benchmark.dir/test/robot_state_benchmark.cpp.o[0m
[148.913s] [ 37%] [32mBuilding CXX object collision_detection/CMakeFiles/moveit_collision_detection.dir/src/collision_env.cpp.o[0m
[148.916s] [ 38%] [32mBuilding CXX object collision_detection/CMakeFiles/moveit_collision_detection.dir/src/world.cpp.o[0m
[148.923s] [ 38%] [32mBuilding CXX object collision_detection/CMakeFiles/moveit_collision_detection.dir/src/world_diff.cpp.o[0m
[157.679s] [ 39%] [32mBuilding CXX object collision_detection/CMakeFiles/moveit_collision_detection.dir/src/collision_tools.cpp.o[0m
[158.736s] [ 40%] [32m[1mLinking CXX executable test_cartesian_interpolator[0m
[159.415s] [ 40%] Built target test_cartesian_interpolator
[160.883s] [ 41%] [32mBuilding CXX object trajectory_processing/CMakeFiles/moveit_trajectory_processing.dir/src/trajectory_tools.cpp.o[0m
[161.086s] [ 42%] [32m[1mLinking CXX executable test_aabb[0m
[161.374s] [ 42%] Built target test_aabb
[161.462s] [ 43%] [32m[1mLinking CXX executable test_robot_state_benchmark[0m
[161.861s] [ 43%] Built target test_robot_state_benchmark
[161.978s] [ 43%] [32mBuilding CXX object trajectory_processing/CMakeFiles/moveit_trajectory_processing.dir/src/time_optimal_trajectory_generation.cpp.o[0m
[162.297s] [ 44%] [32m[1mLinking CXX executable test_robot_state_complex[0m
[162.579s] [ 44%] Built target test_robot_state_complex
[162.663s] [ 44%] [32mBuilding CXX object planning_interface/CMakeFiles/moveit_planning_interface.dir/src/planning_response.cpp.o[0m
[167.499s] [ 45%] [32m[1mLinking CXX shared library libmoveit_collision_detection.so[0m
[167.767s] [ 45%] Built target moveit_collision_detection
[167.796s] [ 46%] [32mBuilding CXX object robot_model/CMakeFiles/test_robot_model.dir/test/test.cpp.o[0m
[167.796s] [ 48%] [32mBuilding CXX object robot_trajectory/CMakeFiles/test_robot_trajectory.dir/test/test_robot_trajectory.cpp.o[0m
[167.796s] [ 48%] [32mBuilding CXX object robot_state/CMakeFiles/test_robot_state.dir/test/robot_state_test.cpp.o[0m
[168.481s] [ 49%] [32m[1mLinking CXX shared library libmoveit_planning_interface.so[0m
[168.927s] [ 49%] Built target moveit_planning_interface
[169.011s] [ 50%] [32mBuilding CXX object trajectory_processing/CMakeFiles/moveit_trajectory_processing.dir/src/ruckig_traj_smoothing.cpp.o[0m
[169.039s] [ 50%] [32mBuilding CXX object trajectory_processing/CMakeFiles/moveit_trajectory_processing.dir/src/iterative_spline_parameterization.cpp.o[0m
[169.039s] [ 51%] [32mBuilding CXX object collision_detection_bullet/CMakeFiles/moveit_collision_detection_bullet.dir/src/bullet_integration/bullet_utils.cpp.o[0m
[169.051s] [ 51%] [32mBuilding CXX object collision_detection_bullet/CMakeFiles/moveit_collision_detection_bullet.dir/src/bullet_integration/bullet_discrete_bvh_manager.cpp.o[0m
[169.063s] [ 52%] [32mBuilding CXX object collision_detection_bullet/CMakeFiles/moveit_collision_detection_bullet.dir/src/bullet_integration/bullet_cast_bvh_manager.cpp.o[0m
[169.071s] [ 52%] [32mBuilding CXX object collision_detection/CMakeFiles/test_all_valid.dir/test/test_all_valid.cpp.o[0m
[169.071s] [ 52%] [32mBuilding CXX object collision_detection_bullet/CMakeFiles/moveit_collision_detection_bullet.dir/src/collision_env_bullet.cpp.o[0m
[178.799s] [ 52%] [32m[1mLinking CXX executable test_robot_model[0m
[179.535s] [ 53%] [32m[1mLinking CXX executable test_all_valid[0m
[179.667s] [ 53%] Built target test_robot_model
[180.015s] [ 53%] Built target test_all_valid
[182.043s] [ 53%] [32m[1mLinking CXX executable test_robot_trajectory[0m
[182.305s] [ 53%] Built target test_robot_trajectory
[182.332s] [ 54%] [32mBuilding CXX object collision_detection/CMakeFiles/test_world_diff.dir/test/test_world_diff.cpp.o[0m
[182.936s] [ 54%] [32mBuilding CXX object collision_detection_bullet/CMakeFiles/moveit_collision_detection_bullet.dir/src/bullet_integration/ros_bullet_utils.cpp.o[0m
[183.695s] [ 55%] [32mBuilding CXX object collision_detection_bullet/CMakeFiles/moveit_collision_detection_bullet.dir/src/bullet_integration/contact_checker_common.cpp.o[0m
[183.910s] [ 56%] [32m[1mLinking CXX shared library libmoveit_trajectory_processing.so[0m
[184.194s] [ 56%] Built target moveit_trajectory_processing
[184.227s] [ 57%] [32mBuilding CXX object collision_detection/CMakeFiles/test_world.dir/test/test_world.cpp.o[0m
[185.763s] [ 58%] [32m[1mLinking CXX executable test_robot_state[0m
[186.224s] [ 58%] Built target test_robot_state
[186.257s] [ 59%] [32mBuilding CXX object trajectory_processing/CMakeFiles/test_ruckig_traj_smoothing.dir/test/test_ruckig_traj_smoothing.cpp.o[0m
[189.253s] [ 60%] [32m[1mLinking CXX executable test_world_diff[0m
[189.967s] [ 60%] Built target test_world_diff
[190.066s] [ 61%] [32mBuilding CXX object trajectory_processing/CMakeFiles/test_time_optimal_trajectory_generation.dir/test/test_time_optimal_trajectory_generation.cpp.o[0m
[190.107s] [ 61%] [32mBuilding CXX object trajectory_processing/CMakeFiles/test_time_parameterization.dir/test/test_time_parameterization.cpp.o[0m
[190.135s] [ 61%] [32mBuilding CXX object collision_detection_fcl/CMakeFiles/moveit_collision_detection_fcl.dir/src/collision_common.cpp.o[0m
[190.151s] [ 62%] [32mBuilding CXX object collision_detection_fcl/CMakeFiles/moveit_collision_detection_fcl.dir/src/collision_env_fcl.cpp.o[0m
[193.403s] [ 63%] [32mBuilding CXX object collision_detection_bullet/CMakeFiles/moveit_collision_detection_bullet.dir/src/bullet_integration/bullet_bvh_manager.cpp.o[0m
[195.831s] [ 63%] [32m[1mLinking CXX executable test_world[0m
[196.254s] [ 63%] Built target test_world
[201.389s] [ 63%] [32m[1mLinking CXX executable test_ruckig_traj_smoothing[0m
[201.722s] [ 64%] [32m[1mLinking CXX executable test_time_parameterization[0m
[201.824s] [ 64%] Built target test_ruckig_traj_smoothing
[201.997s] [ 64%] Built target test_time_parameterization
[202.077s] [ 65%] [32m[1mLinking CXX shared library libmoveit_collision_detection_bullet.so[0m
[202.373s] [ 65%] Built target moveit_collision_detection_bullet
[202.402s] [ 65%] [32mBuilding CXX object online_signal_smoothing/CMakeFiles/test_butterworth_filter.dir/test/test_butterworth_filter.cpp.o[0m
[203.030s] [ 66%] [32m[1mLinking CXX executable test_time_optimal_trajectory_generation[0m
[203.307s] [ 66%] Built target test_time_optimal_trajectory_generation
[203.328s] [ 67%] [32mBuilding CXX object collision_detection_bullet/CMakeFiles/test_bullet_continuous_collision_checking.dir/test/test_bullet_continuous_collision_checking.cpp.o[0m
[206.145s] [ 68%] [32m[1mLinking CXX shared library libmoveit_collision_detection_fcl.so[0m
[206.560s] [ 68%] Built target moveit_collision_detection_fcl
[206.593s] [ 69%] [32mBuilding CXX object collision_detection_bullet/CMakeFiles/test_bullet_collision_detection_panda.dir/test/test_bullet_collision_detection_panda.cpp.o[0m
[210.867s] [ 70%] [32m[1mLinking CXX executable test_butterworth_filter[0m
[211.167s] [ 70%] Built target test_butterworth_filter
[211.215s] [ 71%] [32mBuilding CXX object collision_detection_fcl/CMakeFiles/test_fcl_collision_detection_panda.dir/test/test_fcl_collision_detection_panda.cpp.o[0m
[211.267s] [ 72%] [32mBuilding CXX object collision_detection_fcl/CMakeFiles/test_fcl_collision_detection.dir/test/test_fcl_collision_detection_pr2.cpp.o[0m
[218.671s] [ 73%] [32m[1mLinking CXX executable test_bullet_continuous_collision_checking[0m
[219.115s] [ 73%] Built target test_bullet_continuous_collision_checking
[220.388s] [ 73%] [32m[1mLinking CXX executable test_bullet_collision_detection_panda[0m
[220.727s] [ 73%] Built target test_bullet_collision_detection_panda
[222.856s] [ 73%] [32m[1mLinking CXX executable test_fcl_collision_detection_panda[0m
[223.261s] [ 73%] Built target test_fcl_collision_detection_panda
[223.300s] [ 74%] [32mBuilding CXX object kinematic_constraints/CMakeFiles/moveit_kinematic_constraints.dir/src/kinematic_constraint.cpp.o[0m
[223.300s] [ 74%] [32mBuilding CXX object kinematic_constraints/CMakeFiles/moveit_kinematic_constraints.dir/src/utils.cpp.o[0m
[223.313s] [ 75%] [32mBuilding CXX object collision_detection_fcl/CMakeFiles/test_fcl_collision_env.dir/test/test_fcl_env.cpp.o[0m
[223.316s] [ 76%] [32mBuilding CXX object collision_detection_bullet/CMakeFiles/test_bullet_collision_detection.dir/test/test_bullet_collision_detection_pr2.cpp.o[0m
[224.255s] [ 76%] [32m[1mLinking CXX executable test_fcl_collision_detection[0m
[224.971s] [ 76%] Built target test_fcl_collision_detection
[225.017s] [ 76%] [32mBuilding CXX object kinematics_metrics/CMakeFiles/moveit_kinematics_metrics.dir/src/kinematics_metrics.cpp.o[0m
[225.107s] [ 77%] [32mBuilding CXX object dynamics_solver/CMakeFiles/moveit_dynamics_solver.dir/src/dynamics_solver.cpp.o[0m
[235.035s] [ 78%] [32m[1mLinking CXX shared library libmoveit_dynamics_solver.so[0m
[235.580s] [ 78%] Built target moveit_dynamics_solver
[237.819s] [ 78%] [32m[1mLinking CXX executable test_bullet_collision_detection[0m
[238.871s] [ 78%] Built target test_bullet_collision_detection
[239.035s] [ 79%] [32m[1mLinking CXX executable test_fcl_collision_env[0m
[239.623s] [ 79%] Built target test_fcl_collision_env
[243.999s] [ 80%] [32m[1mLinking CXX shared library libmoveit_kinematic_constraints.so[0m
[244.180s] [ 80%] Built target moveit_kinematic_constraints
[249.184s] [ 81%] [32m[1mLinking CXX shared library libmoveit_kinematics_metrics.so[0m
[249.460s] [ 81%] Built target moveit_kinematics_metrics
[249.534s] [ 81%] [32mBuilding CXX object kinematic_constraints/CMakeFiles/test_orientation_constraints.dir/test/test_orientation_constraints.cpp.o[0m
[249.555s] [ 81%] [32mBuilding CXX object kinematic_constraints/CMakeFiles/test_constraints.dir/test/test_constraints.cpp.o[0m
[249.569s] [ 82%] [32mBuilding CXX object planning_scene/CMakeFiles/moveit_planning_scene.dir/src/planning_scene.cpp.o[0m
[265.412s] [ 83%] [32m[1mLinking CXX executable test_constraints[0m
[265.589s] [ 84%] [32m[1mLinking CXX executable test_orientation_constraints[0m
[265.654s] [ 84%] Built target test_constraints
[265.819s] [ 84%] Built target test_orientation_constraints
[276.575s] [ 84%] [32m[1mLinking CXX shared library libmoveit_planning_scene.so[0m
[276.942s] [ 84%] Built target moveit_planning_scene
[277.032s] [ 84%] [32mBuilding CXX object collision_distance_field/CMakeFiles/moveit_collision_distance_field.dir/src/collision_distance_field_types.cpp.o[0m
[277.036s] [ 85%] [32mBuilding CXX object collision_distance_field/CMakeFiles/moveit_collision_distance_field.dir/src/collision_common_distance_field.cpp.o[0m
[277.054s] [ 85%] [32mBuilding CXX object collision_distance_field/CMakeFiles/moveit_collision_distance_field.dir/src/collision_env_distance_field.cpp.o[0m
[277.062s] [ 86%] [32mBuilding CXX object planning_scene/CMakeFiles/test_planning_scene.dir/test/test_planning_scene.cpp.o[0m
[277.065s] [ 86%] [32mBuilding CXX object constraint_samplers/CMakeFiles/moveit_constraint_samplers.dir/src/constraint_sampler.cpp.o[0m
[277.075s] [ 87%] [32mBuilding CXX object collision_distance_field/CMakeFiles/moveit_collision_distance_field.dir/src/collision_env_hybrid.cpp.o[0m
[277.079s] [ 88%] [32mBuilding CXX object constraint_samplers/CMakeFiles/moveit_constraint_samplers.dir/src/constraint_sampler_manager.cpp.o[0m
[277.094s] [ 88%] [32mBuilding CXX object constraint_samplers/CMakeFiles/moveit_constraint_samplers.dir/src/constraint_sampler_tools.cpp.o[0m
[277.104s] [ 88%] [32mBuilding CXX object planning_request_adapter/CMakeFiles/moveit_planning_request_adapter.dir/src/planning_request_adapter.cpp.o[0m
[277.111s] [ 89%] [32mBuilding CXX object constraint_samplers/CMakeFiles/moveit_constraint_samplers.dir/src/default_constraint_samplers.cpp.o[0m
[288.807s] [ 89%] [32mBuilding CXX object constraint_samplers/CMakeFiles/moveit_constraint_samplers.dir/src/union_constraint_sampler.cpp.o[0m
[289.096s] [ 90%] [32m[1mLinking CXX shared library libmoveit_planning_request_adapter.so[0m
[289.328s] [ 90%] Built target moveit_planning_request_adapter
[289.359s] [ 90%] [32mBuilding CXX object collision_detection_fcl/CMakeFiles/collision_detector_fcl_plugin.dir/src/collision_detector_fcl_plugin_loader.cpp.o[0m
[294.207s] [ 91%] [32m[1mLinking CXX shared library libmoveit_collision_distance_field.so[0m
[294.513s] [ 91%] Built target moveit_collision_distance_field
[294.547s] [ 91%] [32mBuilding CXX object collision_detection_bullet/CMakeFiles/collision_detector_bullet_plugin.dir/src/collision_detector_bullet_plugin_loader.cpp.o[0m
[294.552s] [ 91%] [32mBuilding CXX object planning_scene/CMakeFiles/test_multi_threaded.dir/test/test_multi_threaded.cpp.o[0m
[294.554s] [ 92%] [32mBuilding CXX object planning_scene/CMakeFiles/test_collision_objects.dir/test/test_collision_objects.cpp.o[0m
[294.558s] [ 93%] [32mBuilding CXX object collision_distance_field/CMakeFiles/test_collision_distance_field.dir/test/test_collision_distance_field.cpp.o[0m
[296.687s] [ 94%] [32m[1mLinking CXX shared library libmoveit_constraint_samplers.so[0m
[297.218s] [ 94%] Built target moveit_constraint_samplers
[297.255s] [ 95%] [32mBuilding CXX object constraint_samplers/CMakeFiles/test_constraint_samplers.dir/test/test_constraint_samplers.cpp.o[0m
[297.271s] [ 96%] [32mBuilding CXX object constraint_samplers/CMakeFiles/test_constraint_samplers.dir/test/pr2_arm_kinematics_plugin.cpp.o[0m
[297.274s] [ 96%] [32mBuilding CXX object constraint_samplers/CMakeFiles/test_constraint_samplers.dir/test/pr2_arm_ik.cpp.o[0m
[297.898s] [ 97%] [32m[1mLinking CXX shared library libcollision_detector_fcl_plugin.so[0m
[298.056s] [ 97%] Built target collision_detector_fcl_plugin
[299.190s] [ 97%] [32m[1mLinking CXX executable test_planning_scene[0m
[299.665s] [ 97%] Built target test_planning_scene
[302.959s] [ 98%] [32m[1mLinking CXX shared library libcollision_detector_bullet_plugin.so[0m
[303.479s] [ 98%] Built target collision_detector_bullet_plugin
[305.076s] [ 99%] [32m[1mLinking CXX executable test_multi_threaded[0m
[305.586s] [ 99%] Built target test_multi_threaded
[309.995s] [ 99%] [32m[1mLinking CXX executable test_collision_distance_field[0m
[310.600s] [ 99%] Built target test_collision_distance_field
[310.952s] [ 99%] [32m[1mLinking CXX executable test_collision_objects[0m
[311.864s] [ 99%] Built target test_collision_objects
[321.924s] [100%] [32m[1mLinking CXX executable test_constraint_samplers[0m
[322.440s] [100%] Built target test_constraint_samplers
