-- Found ament_cmake: 1.3.9 (/opt/ros/humble/share/ament_cmake/cmake)
-- Found ament_lint_auto: 0.12.11 (/opt/ros/humble/share/ament_lint_auto/cmake)
-- Added test 'copyright' to check source files copyright and LICENSE
-- Added test 'lint_cmake' to check CMake code style
-- Added test 'xmllint' to check XML markup files
-- Configuring done
-- Generating done
-- Build files have been written to: /home/adminlab/franka_ros2_ws/build/moveit_planners
-- Install configuration: "Debug"
-- Up-to-date: /home/adminlab/franka_ros2_ws/install/moveit_planners/share/ament_index/resource_index/package_run_dependencies/moveit_planners
-- Installing: /home/adminlab/franka_ros2_ws/install/moveit_planners/share/ament_index/resource_index/parent_prefix_path/moveit_planners
-- Up-to-date: /home/adminlab/franka_ros2_ws/install/moveit_planners/share/moveit_planners/environment/ament_prefix_path.sh
-- Installing: /home/adminlab/franka_ros2_ws/install/moveit_planners/share/moveit_planners/environment/ament_prefix_path.dsv
-- Up-to-date: /home/adminlab/franka_ros2_ws/install/moveit_planners/share/moveit_planners/environment/path.sh
-- Installing: /home/adminlab/franka_ros2_ws/install/moveit_planners/share/moveit_planners/environment/path.dsv
-- Up-to-date: /home/adminlab/franka_ros2_ws/install/moveit_planners/share/moveit_planners/local_setup.bash
-- Up-to-date: /home/adminlab/franka_ros2_ws/install/moveit_planners/share/moveit_planners/local_setup.sh
-- Up-to-date: /home/adminlab/franka_ros2_ws/install/moveit_planners/share/moveit_planners/local_setup.zsh
-- Installing: /home/adminlab/franka_ros2_ws/install/moveit_planners/share/moveit_planners/local_setup.dsv
-- Installing: /home/adminlab/franka_ros2_ws/install/moveit_planners/share/moveit_planners/package.dsv
-- Up-to-date: /home/adminlab/franka_ros2_ws/install/moveit_planners/share/ament_index/resource_index/packages/moveit_planners
-- Up-to-date: /home/adminlab/franka_ros2_ws/install/moveit_planners/share/moveit_planners/cmake/moveit_plannersConfig.cmake
-- Up-to-date: /home/adminlab/franka_ros2_ws/install/moveit_planners/share/moveit_planners/cmake/moveit_plannersConfig-version.cmake
-- Up-to-date: /home/adminlab/franka_ros2_ws/install/moveit_planners/share/moveit_planners/package.xml
