-- Install configuration: ""
-- Up-to-date: /home/adminlab/franka_ros2_ws/install/moveit_resources_prbt_moveit_config/share/moveit_resources_prbt_moveit_config/launch
-- Up-to-date: /home/adminlab/franka_ros2_ws/install/moveit_resources_prbt_moveit_config/share/moveit_resources_prbt_moveit_config/launch/demo.launch.py
-- Up-to-date: /home/adminlab/franka_ros2_ws/install/moveit_resources_prbt_moveit_config/share/moveit_resources_prbt_moveit_config/launch/moveit.rviz
-- Up-to-date: /home/adminlab/franka_ros2_ws/install/moveit_resources_prbt_moveit_config/share/moveit_resources_prbt_moveit_config/config
-- Up-to-date: /home/adminlab/franka_ros2_ws/install/moveit_resources_prbt_moveit_config/share/moveit_resources_prbt_moveit_config/config/prbt.srdf.xacro
-- Up-to-date: /home/adminlab/franka_ros2_ws/install/moveit_resources_prbt_moveit_config/share/moveit_resources_prbt_moveit_config/config/controllers_manipulator.yaml
-- Up-to-date: /home/adminlab/franka_ros2_ws/install/moveit_resources_prbt_moveit_config/share/moveit_resources_prbt_moveit_config/config/joint_names.yaml
-- Up-to-date: /home/adminlab/franka_ros2_ws/install/moveit_resources_prbt_moveit_config/share/moveit_resources_prbt_moveit_config/config/prbt_ros_controllers.yaml
-- Up-to-date: /home/adminlab/franka_ros2_ws/install/moveit_resources_prbt_moveit_config/share/moveit_resources_prbt_moveit_config/config/kinematics.yaml
-- Up-to-date: /home/adminlab/franka_ros2_ws/install/moveit_resources_prbt_moveit_config/share/moveit_resources_prbt_moveit_config/config/prbt_manipulator.srdf.xacro
-- Up-to-date: /home/adminlab/franka_ros2_ws/install/moveit_resources_prbt_moveit_config/share/moveit_resources_prbt_moveit_config/config/pilz_cartesian_limits.yaml
-- Up-to-date: /home/adminlab/franka_ros2_ws/install/moveit_resources_prbt_moveit_config/share/moveit_resources_prbt_moveit_config/config/joint_limits.yaml
-- Up-to-date: /home/adminlab/franka_ros2_ws/install/moveit_resources_prbt_moveit_config/share/moveit_resources_prbt_moveit_config/config/ompl_planning.yaml
-- Up-to-date: /home/adminlab/franka_ros2_ws/install/moveit_resources_prbt_moveit_config/share/moveit_resources_prbt_moveit_config/config/prbt_controllers.yaml
-- Up-to-date: /home/adminlab/franka_ros2_ws/install/moveit_resources_prbt_moveit_config/share/ament_index/resource_index/package_run_dependencies/moveit_resources_prbt_moveit_config
-- Up-to-date: /home/adminlab/franka_ros2_ws/install/moveit_resources_prbt_moveit_config/share/ament_index/resource_index/parent_prefix_path/moveit_resources_prbt_moveit_config
-- Up-to-date: /home/adminlab/franka_ros2_ws/install/moveit_resources_prbt_moveit_config/share/moveit_resources_prbt_moveit_config/environment/ament_prefix_path.sh
-- Up-to-date: /home/adminlab/franka_ros2_ws/install/moveit_resources_prbt_moveit_config/share/moveit_resources_prbt_moveit_config/environment/ament_prefix_path.dsv
-- Up-to-date: /home/adminlab/franka_ros2_ws/install/moveit_resources_prbt_moveit_config/share/moveit_resources_prbt_moveit_config/environment/path.sh
-- Up-to-date: /home/adminlab/franka_ros2_ws/install/moveit_resources_prbt_moveit_config/share/moveit_resources_prbt_moveit_config/environment/path.dsv
-- Up-to-date: /home/adminlab/franka_ros2_ws/install/moveit_resources_prbt_moveit_config/share/moveit_resources_prbt_moveit_config/local_setup.bash
-- Up-to-date: /home/adminlab/franka_ros2_ws/install/moveit_resources_prbt_moveit_config/share/moveit_resources_prbt_moveit_config/local_setup.sh
-- Up-to-date: /home/adminlab/franka_ros2_ws/install/moveit_resources_prbt_moveit_config/share/moveit_resources_prbt_moveit_config/local_setup.zsh
-- Up-to-date: /home/adminlab/franka_ros2_ws/install/moveit_resources_prbt_moveit_config/share/moveit_resources_prbt_moveit_config/local_setup.dsv
-- Installing: /home/adminlab/franka_ros2_ws/install/moveit_resources_prbt_moveit_config/share/moveit_resources_prbt_moveit_config/package.dsv
-- Up-to-date: /home/adminlab/franka_ros2_ws/install/moveit_resources_prbt_moveit_config/share/ament_index/resource_index/packages/moveit_resources_prbt_moveit_config
-- Up-to-date: /home/adminlab/franka_ros2_ws/install/moveit_resources_prbt_moveit_config/share/moveit_resources_prbt_moveit_config/cmake/moveit_resources_prbt_moveit_configConfig.cmake
-- Up-to-date: /home/adminlab/franka_ros2_ws/install/moveit_resources_prbt_moveit_config/share/moveit_resources_prbt_moveit_config/cmake/moveit_resources_prbt_moveit_configConfig-version.cmake
-- Up-to-date: /home/adminlab/franka_ros2_ws/install/moveit_resources_prbt_moveit_config/share/moveit_resources_prbt_moveit_config/package.xml
