-- Found moveit_common: 2.5.5 (/home/adminlab/franka_ros2_ws/install/moveit_common/share/moveit_common/cmake)
-- Found ament_cmake: 1.3.9 (/opt/ros/humble/share/ament_cmake/cmake)
-- Could NOT find libbfd (missing: LIBBFD_LIBRARY LIBBFD_INCLUDE_DIR) 
-- BACKWARD_HAS_UNWIND=1
-- BACKWARD_HAS_BACKTRACE=0
-- BACKWARD_HAS_BACKTRACE_SYMBOL=0
-- BACKWARD_HAS_DW=1
-- BACKWARD_HAS_BFD=0
-- Found Backward: /opt/ros/humble/share/backward_ros/cmake  
[0mmoveit_core: You did not request a specific build type: Choosing 'Release' for maximum performance[0m
-- Found angles: 1.15.0 (/opt/ros/humble/share/angles/cmake)
-- Found common_interfaces: 4.2.3 (/opt/ros/humble/share/common_interfaces/cmake)
-- Found eigen_stl_containers: 1.0.0 (/opt/ros/humble/share/eigen_stl_containers/cmake)
-- Found eigen3_cmake_module: 0.1.1 (/opt/ros/humble/share/eigen3_cmake_module/cmake)
-- Found generate_parameter_library: 0.3.7 (/home/adminlab/franka_ros2_ws/install/generate_parameter_library/share/generate_parameter_library/cmake)
-- Found parameter_traits: 0.3.7 (/home/adminlab/franka_ros2_ws/install/parameter_traits/share/parameter_traits/cmake)
-- Found rosidl_generator_c: 3.1.5 (/opt/ros/humble/share/rosidl_generator_c/cmake)
-- Found rosidl_adapter: 3.1.5 (/opt/ros/humble/share/rosidl_adapter/cmake)
-- Found rosidl_generator_cpp: 3.1.5 (/opt/ros/humble/share/rosidl_generator_cpp/cmake)
-- Using all available rosidl_typesupport_c: rosidl_typesupport_fastrtps_c;rosidl_typesupport_introspection_c
-- Using all available rosidl_typesupport_cpp: rosidl_typesupport_fastrtps_cpp;rosidl_typesupport_introspection_cpp
-- Found rmw_implementation_cmake: 6.1.2 (/opt/ros/humble/share/rmw_implementation_cmake/cmake)
-- Found rmw_fastrtps_cpp: 6.2.6 (/opt/ros/humble/share/rmw_fastrtps_cpp/cmake)
-- Using RMW implementation 'rmw_fastrtps_cpp' as default
-- Found rclcpp_lifecycle: 16.0.9 (/opt/ros/humble/share/rclcpp_lifecycle/cmake)
-- Found geometric_shapes: 2.1.3 (/opt/ros/humble/share/geometric_shapes/cmake)
-- Found Boost: /usr/lib/x86_64-linux-gnu/cmake/Boost-1.74.0/BoostConfig.cmake (found version "1.74.0") found components: filesystem 
-- library: /usr/lib/x86_64-linux-gnu/libcurl.so
-- Found kdl_parser: 2.6.4 (/opt/ros/humble/share/kdl_parser/cmake)
-- Ensuring Eigen3 include directory is part of orocos-kdl CMake target
-- Found moveit_msgs: 2.2.1 (/home/adminlab/franka_ros2_ws/install/moveit_msgs/share/moveit_msgs/cmake)
-- Found pluginlib: 5.1.0 (/opt/ros/humble/share/pluginlib/cmake)
-- Found srdfdom: 2.0.4 (/home/adminlab/franka_ros2_ws/install/srdfdom/share/srdfdom/cmake)
-- Found tf2_eigen: 0.25.6 (/opt/ros/humble/share/tf2_eigen/cmake)
-- Found tf2_geometry_msgs: 0.25.6 (/opt/ros/humble/share/tf2_geometry_msgs/cmake)
-- Found tf2_kdl: 0.25.6 (/opt/ros/humble/share/tf2_kdl/cmake)
-- Found Boost: /usr/lib/x86_64-linux-gnu/cmake/Boost-1.74.0/BoostConfig.cmake (found version "1.74.0") found components: chrono date_time filesystem iostreams program_options regex serialization system thread 
--  *** Building MoveIt 2.5.5-Alpha ***
-- Found ament_cmake_gtest: 1.3.9 (/opt/ros/humble/share/ament_cmake_gtest/cmake)
-- Found gtest sources under '/opt/ros/humble/src/gtest_vendor': C++ tests using 'Google Test' will be built
-- Found ament_cmake_gmock: 1.3.9 (/opt/ros/humble/share/ament_cmake_gmock/cmake)
-- Found gmock sources under '/opt/ros/humble/src/gmock_vendor': C++ tests using 'Google Mock' will be built
-- Found ament_cmake_gtest: 1.3.9 (/opt/ros/humble/share/ament_cmake_gtest/cmake)
-- Found gtest sources under '/opt/ros/humble/src/gtest_vendor': C++ tests using 'Google Test' will be built
-- Found ament_cmake_gtest: 1.3.9 (/opt/ros/humble/share/ament_cmake_gtest/cmake)
-- Found gtest sources under '/opt/ros/humble/src/gtest_vendor': C++ tests using 'Google Test' will be built
-- Found ament_cmake_gtest: 1.3.9 (/opt/ros/humble/share/ament_cmake_gtest/cmake)
-- Found gtest sources under '/opt/ros/humble/src/gtest_vendor': C++ tests using 'Google Test' will be built
-- Found ament_lint_auto: 0.12.11 (/opt/ros/humble/share/ament_lint_auto/cmake)
-- Found ament_cmake_gtest: 1.3.9 (/opt/ros/humble/share/ament_cmake_gtest/cmake)
-- Found gtest sources under '/opt/ros/humble/src/gtest_vendor': C++ tests using 'Google Test' will be built
-- Found ament_cmake_gtest: 1.3.9 (/opt/ros/humble/share/ament_cmake_gtest/cmake)
-- Found gtest sources under '/opt/ros/humble/src/gtest_vendor': C++ tests using 'Google Test' will be built
-- Found ament_cmake_gtest: 1.3.9 (/opt/ros/humble/share/ament_cmake_gtest/cmake)
-- Found gtest sources under '/opt/ros/humble/src/gtest_vendor': C++ tests using 'Google Test' will be built
-- Found ament_cmake_gtest: 1.3.9 (/opt/ros/humble/share/ament_cmake_gtest/cmake)
-- Found gtest sources under '/opt/ros/humble/src/gtest_vendor': C++ tests using 'Google Test' will be built
-- Found gtest sources under '/opt/ros/humble/src/gtest_vendor': C++ tests using 'Google Test' will be built
-- Found gtest sources under '/opt/ros/humble/src/gtest_vendor': C++ tests using 'Google Test' will be built
-- Found ament_cmake_gtest: 1.3.9 (/opt/ros/humble/share/ament_cmake_gtest/cmake)
-- Found gtest sources under '/opt/ros/humble/src/gtest_vendor': C++ tests using 'Google Test' will be built
-- Found gtest sources under '/opt/ros/humble/src/gtest_vendor': C++ tests using 'Google Test' will be built
-- Found gtest sources under '/opt/ros/humble/src/gtest_vendor': C++ tests using 'Google Test' will be built
-- Found gtest sources under '/opt/ros/humble/src/gtest_vendor': C++ tests using 'Google Test' will be built
-- Found ament_lint_auto: 0.12.11 (/opt/ros/humble/share/ament_lint_auto/cmake)
-- Added test 'cppcheck' to perform static code analysis on C / C++ code
-- Configured cppcheck include dirs: /home/adminlab/franka_ros2_ws/src/moveit2/moveit_core/exceptions/include;/home/adminlab/franka_ros2_ws/src/moveit2/moveit_core/collision_detection/include;/home/adminlab/franka_ros2_ws/src/moveit2/moveit_core/collision_detection_fcl/include;/home/adminlab/franka_ros2_ws/src/moveit2/moveit_core/collision_detection_bullet/include;/home/adminlab/franka_ros2_ws/src/moveit2/moveit_core/constraint_samplers/include;/home/adminlab/franka_ros2_ws/src/moveit2/moveit_core/controller_manager/include;/home/adminlab/franka_ros2_ws/src/moveit2/moveit_core/distance_field/include;/home/adminlab/franka_ros2_ws/src/moveit2/moveit_core/collision_distance_field/include;/home/adminlab/franka_ros2_ws/src/moveit2/moveit_core/dynamics_solver/include;/home/adminlab/franka_ros2_ws/src/moveit2/moveit_core/kinematics_base/include;/home/adminlab/franka_ros2_ws/src/moveit2/moveit_core/kinematics_metrics/include;/home/adminlab/franka_ros2_ws/src/moveit2/moveit_core/robot_model/include;/home/adminlab/franka_ros2_ws/src/moveit2/moveit_core/transforms/include;/home/adminlab/franka_ros2_ws/src/moveit2/moveit_core/robot_state/include;/home/adminlab/franka_ros2_ws/src/moveit2/moveit_core/robot_trajectory/include;/home/adminlab/franka_ros2_ws/src/moveit2/moveit_core/kinematic_constraints/include;/home/adminlab/franka_ros2_ws/src/moveit2/moveit_core/macros/include;/home/adminlab/franka_ros2_ws/src/moveit2/moveit_core/online_signal_smoothing/include;/home/adminlab/franka_ros2_ws/src/moveit2/moveit_core/planning_interface/include;/home/adminlab/franka_ros2_ws/src/moveit2/moveit_core/planning_request_adapter/include;/home/adminlab/franka_ros2_ws/src/moveit2/moveit_core/planning_scene/include;/home/adminlab/franka_ros2_ws/src/moveit2/moveit_core/sensor_manager/include;/home/adminlab/franka_ros2_ws/src/moveit2/moveit_core/trajectory_processing/include;/home/adminlab/franka_ros2_ws/src/moveit2/moveit_core/utils/include
-- Configured cppcheck exclude dirs and/or files: 
-- Added test 'pep257' to check Python code against some of the docstring style conventions in PEP 257
-- Added test 'xmllint' to check XML markup files
-- Configuring done
-- Generating done
-- Build files have been written to: /home/adminlab/franka_ros2_ws/build/moveit_core
[35m[1mConsolidate compiler generated dependencies of target moveit_exceptions[0m
[35m[1mConsolidate compiler generated dependencies of target moveit_transforms[0m
[35m[1mConsolidate compiler generated dependencies of target gmock[0m
[35m[1mConsolidate compiler generated dependencies of target moveit_kinematics_base[0m
[35m[1mConsolidate compiler generated dependencies of target moveit_version[0m
[35m[1mConsolidate compiler generated dependencies of target gmock_main[0m
[35m[1mConsolidate compiler generated dependencies of target gtest[0m
[35m[1mConsolidate compiler generated dependencies of target gtest_main[0m
[35m[1mConsolidate compiler generated dependencies of target moveit_utils[0m
[35m[1mConsolidate compiler generated dependencies of target moveit_smoothing_base[0m
[35m[1mConsolidate compiler generated dependencies of target moveit_distance_field[0m
[  2%] Built target moveit_version
[  3%] Built target moveit_butterworth_parameters
[  5%] Built target gmock
[  6%] Built target gmock_main
[  7%] Built target moveit_exceptions
[  8%] Built target gtest_main
[  8%] [32mBuilding CXX object utils/CMakeFiles/moveit_utils.dir/src/message_checks.cpp.o[0m
[  9%] Built target gtest
[  9%] [32mBuilding CXX object kinematics_base/CMakeFiles/moveit_kinematics_base.dir/src/kinematics_base.cpp.o[0m
[ 10%] Built target moveit_transforms
[ 11%] Built target moveit_smoothing_base
[ 13%] Built target moveit_distance_field
[35m[1mConsolidate compiler generated dependencies of target test_transforms[0m
[35m[1mConsolidate compiler generated dependencies of target test_voxel_grid[0m
[ 14%] Built target test_transforms
[35m[1mConsolidate compiler generated dependencies of target test_distance_field[0m
[ 15%] Built target test_voxel_grid
[ 16%] Built target test_distance_field
[ 16%] [32m[1mLinking CXX shared library libmoveit_utils.so[0m
[ 18%] Built target moveit_utils
[ 19%] [32m[1mLinking CXX shared library libmoveit_kinematics_base.so[0m
[ 19%] Built target moveit_kinematics_base
[35m[1mConsolidate compiler generated dependencies of target moveit_robot_model[0m
[ 19%] [32mBuilding CXX object robot_model/CMakeFiles/moveit_robot_model.dir/src/fixed_joint_model.cpp.o[0m
[ 20%] [32mBuilding CXX object robot_model/CMakeFiles/moveit_robot_model.dir/src/floating_joint_model.cpp.o[0m
[ 21%] [32mBuilding CXX object robot_model/CMakeFiles/moveit_robot_model.dir/src/joint_model.cpp.o[0m
[ 21%] [32mBuilding CXX object robot_model/CMakeFiles/moveit_robot_model.dir/src/joint_model_group.cpp.o[0m
[ 21%] [32mBuilding CXX object robot_model/CMakeFiles/moveit_robot_model.dir/src/robot_model.cpp.o[0m
[ 22%] [32mBuilding CXX object robot_model/CMakeFiles/moveit_robot_model.dir/src/link_model.cpp.o[0m
[ 22%] [32mBuilding CXX object robot_model/CMakeFiles/moveit_robot_model.dir/src/planar_joint_model.cpp.o[0m
[ 23%] [32mBuilding CXX object robot_model/CMakeFiles/moveit_robot_model.dir/src/prismatic_joint_model.cpp.o[0m
[ 24%] [32mBuilding CXX object robot_model/CMakeFiles/moveit_robot_model.dir/src/revolute_joint_model.cpp.o[0m
[ 25%] [32m[1mLinking CXX shared library libmoveit_robot_model.so[0m
[ 26%] Built target moveit_robot_model
[35m[1mConsolidate compiler generated dependencies of target moveit_butterworth_filter[0m
[35m[1mConsolidate compiler generated dependencies of target moveit_test_utils[0m
[35m[1mConsolidate compiler generated dependencies of target moveit_robot_state[0m
[ 27%] [32mBuilding CXX object online_signal_smoothing/CMakeFiles/moveit_butterworth_filter.dir/src/butterworth_filter.cpp.o[0m
[ 28%] [32mBuilding CXX object utils/CMakeFiles/moveit_test_utils.dir/src/robot_model_test_utils.cpp.o[0m
[ 29%] [32mBuilding CXX object robot_state/CMakeFiles/moveit_robot_state.dir/src/conversions.cpp.o[0m
[ 30%] [32mBuilding CXX object robot_state/CMakeFiles/moveit_robot_state.dir/src/robot_state.cpp.o[0m
[ 30%] [32mBuilding CXX object robot_state/CMakeFiles/moveit_robot_state.dir/src/cartesian_interpolator.cpp.o[0m
[ 30%] [32m[1mLinking CXX shared library libmoveit_butterworth_filter.so[0m
[ 30%] Built target moveit_butterworth_filter
[35m[1mConsolidate compiler generated dependencies of target test_butterworth_filter[0m
[ 30%] [32mBuilding CXX object online_signal_smoothing/CMakeFiles/test_butterworth_filter.dir/test/test_butterworth_filter.cpp.o[0m
[ 30%] [32m[1mLinking CXX shared library libmoveit_test_utils.so[0m
[ 30%] Built target moveit_test_utils
[35m[1mConsolidate compiler generated dependencies of target test_robot_model[0m
[ 31%] [32mBuilding CXX object robot_model/CMakeFiles/test_robot_model.dir/test/test.cpp.o[0m
[ 32%] [32m[1mLinking CXX executable test_butterworth_filter[0m
[ 32%] Built target test_butterworth_filter
[ 32%] [32m[1mLinking CXX executable test_robot_model[0m
[ 32%] Built target test_robot_model
[ 33%] [32m[1mLinking CXX shared library libmoveit_robot_state.so[0m
[ 33%] Built target moveit_robot_state
[35m[1mConsolidate compiler generated dependencies of target moveit_dynamics_solver[0m
[35m[1mConsolidate compiler generated dependencies of target moveit_robot_trajectory[0m
[35m[1mConsolidate compiler generated dependencies of target moveit_kinematics_metrics[0m
[35m[1mConsolidate compiler generated dependencies of target moveit_collision_detection[0m
[35m[1mConsolidate compiler generated dependencies of target test_robot_state_benchmark[0m
[35m[1mConsolidate compiler generated dependencies of target test_robot_state_complex[0m
[35m[1mConsolidate compiler generated dependencies of target test_cartesian_interpolator[0m
[35m[1mConsolidate compiler generated dependencies of target test_robot_state[0m
[35m[1mConsolidate compiler generated dependencies of target test_aabb[0m
[ 34%] [32mBuilding CXX object kinematics_metrics/CMakeFiles/moveit_kinematics_metrics.dir/src/kinematics_metrics.cpp.o[0m
[ 34%] [32mBuilding CXX object robot_trajectory/CMakeFiles/moveit_robot_trajectory.dir/src/robot_trajectory.cpp.o[0m
[ 34%] [32mBuilding CXX object dynamics_solver/CMakeFiles/moveit_dynamics_solver.dir/src/dynamics_solver.cpp.o[0m
[ 35%] [32mBuilding CXX object robot_state/CMakeFiles/test_robot_state_complex.dir/test/test_kinematic_complex.cpp.o[0m
[ 35%] [32mBuilding CXX object robot_state/CMakeFiles/test_aabb.dir/test/test_aabb.cpp.o[0m
[ 35%] [32mBuilding CXX object robot_state/CMakeFiles/test_cartesian_interpolator.dir/test/test_cartesian_interpolator.cpp.o[0m
[ 35%] [32mBuilding CXX object robot_state/CMakeFiles/test_robot_state_benchmark.dir/test/robot_state_benchmark.cpp.o[0m
[ 35%] [32mBuilding CXX object robot_state/CMakeFiles/test_robot_state.dir/test/robot_state_test.cpp.o[0m
[ 36%] [32mBuilding CXX object collision_detection/CMakeFiles/moveit_collision_detection.dir/src/allvalid/collision_env_allvalid.cpp.o[0m
[ 37%] [32mBuilding CXX object collision_detection/CMakeFiles/moveit_collision_detection.dir/src/collision_common.cpp.o[0m
[ 37%] [32mBuilding CXX object collision_detection/CMakeFiles/moveit_collision_detection.dir/src/collision_matrix.cpp.o[0m
[ 37%] [32mBuilding CXX object collision_detection/CMakeFiles/moveit_collision_detection.dir/src/collision_octomap_filter.cpp.o[0m
[ 38%] [32mBuilding CXX object collision_detection/CMakeFiles/moveit_collision_detection.dir/src/collision_env.cpp.o[0m
[ 38%] [32mBuilding CXX object collision_detection/CMakeFiles/moveit_collision_detection.dir/src/collision_plugin_cache.cpp.o[0m
[ 39%] [32mBuilding CXX object collision_detection/CMakeFiles/moveit_collision_detection.dir/src/collision_tools.cpp.o[0m
[ 40%] [32m[1mLinking CXX shared library libmoveit_dynamics_solver.so[0m
[ 40%] Built target moveit_dynamics_solver
[ 41%] [32m[1mLinking CXX executable test_cartesian_interpolator[0m
[ 41%] Built target test_cartesian_interpolator
[ 42%] [32m[1mLinking CXX executable test_robot_state_benchmark[0m
[ 42%] Built target test_robot_state_benchmark
[ 43%] [32m[1mLinking CXX shared library libmoveit_robot_trajectory.so[0m
[ 43%] Built target moveit_robot_trajectory
[35m[1mConsolidate compiler generated dependencies of target moveit_trajectory_processing[0m
[35m[1mConsolidate compiler generated dependencies of target test_robot_trajectory[0m
[35m[1mConsolidate compiler generated dependencies of target moveit_planning_interface[0m
[ 44%] [32mBuilding CXX object trajectory_processing/CMakeFiles/moveit_trajectory_processing.dir/src/iterative_time_parameterization.cpp.o[0m
[ 45%] [32mBuilding CXX object robot_trajectory/CMakeFiles/test_robot_trajectory.dir/test/test_robot_trajectory.cpp.o[0m
[ 45%] [32mBuilding CXX object trajectory_processing/CMakeFiles/moveit_trajectory_processing.dir/src/iterative_spline_parameterization.cpp.o[0m
[ 47%] [32mBuilding CXX object trajectory_processing/CMakeFiles/moveit_trajectory_processing.dir/src/time_optimal_trajectory_generation.cpp.o[0m
[ 47%] [32mBuilding CXX object trajectory_processing/CMakeFiles/moveit_trajectory_processing.dir/src/trajectory_tools.cpp.o[0m
[ 47%] [32mBuilding CXX object trajectory_processing/CMakeFiles/moveit_trajectory_processing.dir/src/ruckig_traj_smoothing.cpp.o[0m
[ 48%] [32mBuilding CXX object planning_interface/CMakeFiles/moveit_planning_interface.dir/src/planning_interface.cpp.o[0m
[ 48%] [32mBuilding CXX object planning_interface/CMakeFiles/moveit_planning_interface.dir/src/planning_response.cpp.o[0m
[ 49%] [32m[1mLinking CXX executable test_aabb[0m
[ 49%] Built target test_aabb
[ 50%] [32m[1mLinking CXX executable test_robot_state[0m
[ 50%] Built target test_robot_state
[ 51%] [32m[1mLinking CXX executable test_robot_state_complex[0m
[ 51%] Built target test_robot_state_complex
[ 52%] [32m[1mLinking CXX shared library libmoveit_planning_interface.so[0m
[ 52%] Built target moveit_planning_interface
[ 53%] [32m[1mLinking CXX shared library libmoveit_collision_detection.so[0m
[ 54%] Built target moveit_collision_detection
[35m[1mConsolidate compiler generated dependencies of target moveit_collision_detection_fcl[0m
[35m[1mConsolidate compiler generated dependencies of target test_world_diff[0m
[35m[1mConsolidate compiler generated dependencies of target test_world[0m
[35m[1mConsolidate compiler generated dependencies of target test_all_valid[0m
[35m[1mConsolidate compiler generated dependencies of target moveit_collision_detection_bullet[0m
[ 56%] [32mBuilding CXX object collision_detection_fcl/CMakeFiles/moveit_collision_detection_fcl.dir/src/collision_env_fcl.cpp.o[0m
[ 56%] [32m[1mLinking CXX executable test_world[0m
[ 56%] [32m[1mLinking CXX executable test_world_diff[0m
[ 56%] [32mBuilding CXX object collision_detection_fcl/CMakeFiles/moveit_collision_detection_fcl.dir/src/collision_common.cpp.o[0m
[ 56%] [32mBuilding CXX object collision_detection/CMakeFiles/test_all_valid.dir/test/test_all_valid.cpp.o[0m
[ 56%] [32mBuilding CXX object collision_detection_bullet/CMakeFiles/moveit_collision_detection_bullet.dir/src/bullet_integration/bullet_discrete_bvh_manager.cpp.o[0m
[ 57%] [32mBuilding CXX object collision_detection_bullet/CMakeFiles/moveit_collision_detection_bullet.dir/src/bullet_integration/bullet_cast_bvh_manager.cpp.o[0m
[ 57%] [32mBuilding CXX object collision_detection_bullet/CMakeFiles/moveit_collision_detection_bullet.dir/src/collision_env_bullet.cpp.o[0m
[ 58%] [32mBuilding CXX object collision_detection_bullet/CMakeFiles/moveit_collision_detection_bullet.dir/src/bullet_integration/bullet_utils.cpp.o[0m
[ 59%] [32mBuilding CXX object collision_detection_bullet/CMakeFiles/moveit_collision_detection_bullet.dir/src/bullet_integration/bullet_bvh_manager.cpp.o[0m
[ 60%] [32mBuilding CXX object collision_detection_bullet/CMakeFiles/moveit_collision_detection_bullet.dir/src/bullet_integration/contact_checker_common.cpp.o[0m
[ 61%] Built target test_world
[ 61%] [32mBuilding CXX object collision_detection_bullet/CMakeFiles/moveit_collision_detection_bullet.dir/src/bullet_integration/ros_bullet_utils.cpp.o[0m
[ 62%] Built target test_world_diff
[ 63%] [32m[1mLinking CXX shared library libmoveit_kinematics_metrics.so[0m
[ 63%] Built target moveit_kinematics_metrics
[ 63%] [32m[1mLinking CXX executable test_robot_trajectory[0m
[ 64%] [32m[1mLinking CXX shared library libmoveit_trajectory_processing.so[0m
[ 64%] Built target test_robot_trajectory
[ 64%] Built target moveit_trajectory_processing
[35m[1mConsolidate compiler generated dependencies of target test_time_optimal_trajectory_generation[0m
[35m[1mConsolidate compiler generated dependencies of target test_ruckig_traj_smoothing[0m
[35m[1mConsolidate compiler generated dependencies of target test_time_parameterization[0m
[ 65%] [32mBuilding CXX object trajectory_processing/CMakeFiles/test_ruckig_traj_smoothing.dir/test/test_ruckig_traj_smoothing.cpp.o[0m
[ 66%] [32mBuilding CXX object trajectory_processing/CMakeFiles/test_time_optimal_trajectory_generation.dir/test/test_time_optimal_trajectory_generation.cpp.o[0m
[ 66%] [32mBuilding CXX object trajectory_processing/CMakeFiles/test_time_parameterization.dir/test/test_time_parameterization.cpp.o[0m
[ 67%] [32m[1mLinking CXX executable test_all_valid[0m
[ 67%] Built target test_all_valid
[ 68%] [32m[1mLinking CXX shared library libmoveit_collision_detection_bullet.so[0m
[ 69%] [32m[1mLinking CXX shared library libmoveit_collision_detection_fcl.so[0m
[ 69%] Built target moveit_collision_detection_bullet
[35m[1mConsolidate compiler generated dependencies of target test_bullet_collision_detection[0m
[35m[1mConsolidate compiler generated dependencies of target test_bullet_collision_detection_panda[0m
[35m[1mConsolidate compiler generated dependencies of target test_bullet_continuous_collision_checking[0m
[ 70%] [32mBuilding CXX object collision_detection_bullet/CMakeFiles/test_bullet_collision_detection.dir/test/test_bullet_collision_detection_pr2.cpp.o[0m
[ 72%] [32mBuilding CXX object collision_detection_bullet/CMakeFiles/test_bullet_collision_detection_panda.dir/test/test_bullet_collision_detection_panda.cpp.o[0m
[ 72%] [32mBuilding CXX object collision_detection_bullet/CMakeFiles/test_bullet_continuous_collision_checking.dir/test/test_bullet_continuous_collision_checking.cpp.o[0m
[ 72%] Built target moveit_collision_detection_fcl
[35m[1mConsolidate compiler generated dependencies of target test_fcl_collision_detection[0m
[35m[1mConsolidate compiler generated dependencies of target test_fcl_collision_env[0m
[35m[1mConsolidate compiler generated dependencies of target test_fcl_collision_detection_panda[0m
[35m[1mConsolidate compiler generated dependencies of target moveit_kinematic_constraints[0m
[ 75%] [32mBuilding CXX object collision_detection_fcl/CMakeFiles/test_fcl_collision_env.dir/test/test_fcl_env.cpp.o[0m
[ 75%] [32mBuilding CXX object collision_detection_fcl/CMakeFiles/test_fcl_collision_detection.dir/test/test_fcl_collision_detection_pr2.cpp.o[0m
[ 75%] [32mBuilding CXX object collision_detection_fcl/CMakeFiles/test_fcl_collision_detection_panda.dir/test/test_fcl_collision_detection_panda.cpp.o[0m
[ 75%] [32mBuilding CXX object kinematic_constraints/CMakeFiles/moveit_kinematic_constraints.dir/src/kinematic_constraint.cpp.o[0m
[ 76%] [32mBuilding CXX object kinematic_constraints/CMakeFiles/moveit_kinematic_constraints.dir/src/utils.cpp.o[0m
[ 76%] [32m[1mLinking CXX executable test_ruckig_traj_smoothing[0m
[ 76%] Built target test_ruckig_traj_smoothing
[ 77%] [32m[1mLinking CXX executable test_time_parameterization[0m
[ 77%] Built target test_time_parameterization
[ 78%] [32m[1mLinking CXX executable test_time_optimal_trajectory_generation[0m
[ 78%] Built target test_time_optimal_trajectory_generation
[ 78%] [32m[1mLinking CXX executable test_fcl_collision_detection_panda[0m
[ 78%] [32m[1mLinking CXX executable test_bullet_collision_detection[0m
[ 78%] Built target test_fcl_collision_detection_panda
[ 78%] Built target test_bullet_collision_detection
[ 78%] [32m[1mLinking CXX executable test_fcl_collision_detection[0m
[ 78%] Built target test_fcl_collision_detection
[ 78%] [32m[1mLinking CXX executable test_bullet_collision_detection_panda[0m
[ 78%] Built target test_bullet_collision_detection_panda
[ 79%] [32m[1mLinking CXX executable test_fcl_collision_env[0m
[ 79%] Built target test_fcl_collision_env
[ 80%] [32m[1mLinking CXX executable test_bullet_continuous_collision_checking[0m
[ 80%] Built target test_bullet_continuous_collision_checking
[ 81%] [32m[1mLinking CXX shared library libmoveit_kinematic_constraints.so[0m
[ 81%] Built target moveit_kinematic_constraints
[35m[1mConsolidate compiler generated dependencies of target test_constraints[0m
[35m[1mConsolidate compiler generated dependencies of target test_orientation_constraints[0m
[35m[1mConsolidate compiler generated dependencies of target moveit_planning_scene[0m
[ 81%] [32mBuilding CXX object kinematic_constraints/CMakeFiles/test_constraints.dir/test/test_constraints.cpp.o[0m
[ 81%] [32mBuilding CXX object kinematic_constraints/CMakeFiles/test_orientation_constraints.dir/test/test_orientation_constraints.cpp.o[0m
[ 82%] [32mBuilding CXX object planning_scene/CMakeFiles/moveit_planning_scene.dir/src/planning_scene.cpp.o[0m
[ 83%] [32m[1mLinking CXX executable test_orientation_constraints[0m
[ 83%] Built target test_orientation_constraints
[ 84%] [32m[1mLinking CXX executable test_constraints[0m
[ 84%] Built target test_constraints
[ 84%] [32m[1mLinking CXX shared library libmoveit_planning_scene.so[0m
[ 84%] Built target moveit_planning_scene
[35m[1mConsolidate compiler generated dependencies of target moveit_planning_request_adapter[0m
[35m[1mConsolidate compiler generated dependencies of target moveit_collision_distance_field[0m
[35m[1mConsolidate compiler generated dependencies of target collision_detector_fcl_plugin[0m
[35m[1mConsolidate compiler generated dependencies of target test_multi_threaded[0m
[35m[1mConsolidate compiler generated dependencies of target test_collision_objects[0m
[35m[1mConsolidate compiler generated dependencies of target moveit_constraint_samplers[0m
[35m[1mConsolidate compiler generated dependencies of target test_planning_scene[0m
[35m[1mConsolidate compiler generated dependencies of target collision_detector_bullet_plugin[0m
[ 84%] [32mBuilding CXX object collision_detection_fcl/CMakeFiles/collision_detector_fcl_plugin.dir/src/collision_detector_fcl_plugin_loader.cpp.o[0m
[ 84%] [32mBuilding CXX object planning_request_adapter/CMakeFiles/moveit_planning_request_adapter.dir/src/planning_request_adapter.cpp.o[0m
[ 85%] [32mBuilding CXX object planning_scene/CMakeFiles/test_planning_scene.dir/test/test_planning_scene.cpp.o[0m
[ 86%] [32mBuilding CXX object planning_scene/CMakeFiles/test_multi_threaded.dir/test/test_multi_threaded.cpp.o[0m
[ 86%] [32mBuilding CXX object planning_scene/CMakeFiles/test_collision_objects.dir/test/test_collision_objects.cpp.o[0m
[ 86%] [32mBuilding CXX object collision_detection_bullet/CMakeFiles/collision_detector_bullet_plugin.dir/src/collision_detector_bullet_plugin_loader.cpp.o[0m
[ 88%] [32mBuilding CXX object constraint_samplers/CMakeFiles/moveit_constraint_samplers.dir/src/constraint_sampler_tools.cpp.o[0m
[ 88%] [32mBuilding CXX object collision_distance_field/CMakeFiles/moveit_collision_distance_field.dir/src/collision_common_distance_field.cpp.o[0m
[ 88%] [32mBuilding CXX object constraint_samplers/CMakeFiles/moveit_constraint_samplers.dir/src/constraint_sampler_manager.cpp.o[0m
[ 88%] [32mBuilding CXX object constraint_samplers/CMakeFiles/moveit_constraint_samplers.dir/src/union_constraint_sampler.cpp.o[0m
[ 89%] [32mBuilding CXX object constraint_samplers/CMakeFiles/moveit_constraint_samplers.dir/src/default_constraint_samplers.cpp.o[0m
[ 89%] [32mBuilding CXX object constraint_samplers/CMakeFiles/moveit_constraint_samplers.dir/src/constraint_sampler.cpp.o[0m
[ 89%] [32mBuilding CXX object collision_distance_field/CMakeFiles/moveit_collision_distance_field.dir/src/collision_env_distance_field.cpp.o[0m
[ 90%] [32mBuilding CXX object collision_distance_field/CMakeFiles/moveit_collision_distance_field.dir/src/collision_env_hybrid.cpp.o[0m
[ 91%] [32m[1mLinking CXX shared library libmoveit_planning_request_adapter.so[0m
[ 91%] Built target moveit_planning_request_adapter
[ 92%] [32m[1mLinking CXX shared library libcollision_detector_bullet_plugin.so[0m
[ 93%] [32m[1mLinking CXX shared library libcollision_detector_fcl_plugin.so[0m
[ 93%] Built target collision_detector_fcl_plugin
[ 93%] Built target collision_detector_bullet_plugin
[ 94%] [32m[1mLinking CXX executable test_multi_threaded[0m
[ 94%] Built target test_multi_threaded
[ 94%] [32m[1mLinking CXX executable test_collision_objects[0m
[ 94%] Built target test_collision_objects
[ 95%] [32m[1mLinking CXX shared library libmoveit_constraint_samplers.so[0m
[ 95%] Built target moveit_constraint_samplers
[35m[1mConsolidate compiler generated dependencies of target test_constraint_samplers[0m
[ 96%] [32mBuilding CXX object constraint_samplers/CMakeFiles/test_constraint_samplers.dir/test/test_constraint_samplers.cpp.o[0m
[ 97%] [32mBuilding CXX object constraint_samplers/CMakeFiles/test_constraint_samplers.dir/test/pr2_arm_kinematics_plugin.cpp.o[0m
[ 97%] [32mBuilding CXX object constraint_samplers/CMakeFiles/test_constraint_samplers.dir/test/pr2_arm_ik.cpp.o[0m
[ 98%] [32m[1mLinking CXX shared library libmoveit_collision_distance_field.so[0m
[ 98%] Built target moveit_collision_distance_field
[35m[1mConsolidate compiler generated dependencies of target test_collision_distance_field[0m
[ 99%] [32mBuilding CXX object collision_distance_field/CMakeFiles/test_collision_distance_field.dir/test/test_collision_distance_field.cpp.o[0m
[ 99%] [32m[1mLinking CXX executable test_planning_scene[0m
[ 99%] Built target test_planning_scene
[ 99%] [32m[1mLinking CXX executable test_collision_distance_field[0m
[ 99%] Built target test_collision_distance_field
[100%] [32m[1mLinking CXX executable test_constraint_samplers[0m
[100%] Built target test_constraint_samplers
