[0.021s] Invoking command in '/home/adminlab/franka_ros2_ws/build/moveit_core': AMENT_PREFIX_PATH=/home/adminlab/franka_ros2_ws/install/generate_parameter_library_py:/home/adminlab/franka_ros2_ws/install/cmake_generate_parameter_module_example:/home/adminlab/franka_ros2_ws/install/moveit_configs_utils:/home/adminlab/franka_ros2_ws/install/srdfdom:/home/adminlab/franka_ros2_ws/install/rviz_marker_tools:/home/adminlab/franka_ros2_ws/install/rosparam_shortcuts:/home/adminlab/franka_ros2_ws/install/ros_testing:/home/adminlab/franka_ros2_ws/install/ros2test:/home/adminlab/franka_ros2_ws/install/realsense2_description:/home/adminlab/franka_ros2_ws/install/realsense2_camera_msgs:/home/adminlab/franka_ros2_ws/install/joint_trajectory_controller:/home/adminlab/franka_ros2_ws/install/generate_parameter_module_example:/home/adminlab/franka_ros2_ws/install/generate_parameter_library_example:/home/adminlab/franka_ros2_ws/install/franka_bringup:/home/adminlab/franka_ros2_ws/install/franka_robot_state_broadcaster:/home/adminlab/franka_ros2_ws/install/generate_parameter_library:/home/adminlab/franka_ros2_ws/install/parameter_traits:/home/adminlab/franka_ros2_ws/install/moveit_task_constructor_msgs:/home/adminlab/franka_ros2_ws/install/moveit_resources_prbt_support:/home/adminlab/franka_ros2_ws/install/moveit_resources:/home/adminlab/franka_ros2_ws/install/moveit_resources_pr2_description:/home/adminlab/franka_ros2_ws/install/moveit_resources_panda_moveit_config:/home/adminlab/franka_ros2_ws/install/moveit_resources_panda_description:/home/adminlab/franka_ros2_ws/install/moveit_resources_fanuc_moveit_config:/home/adminlab/franka_ros2_ws/install/moveit_resources_fanuc_description:/home/adminlab/franka_ros2_ws/install/moveit_msgs:/home/adminlab/franka_ros2_ws/install/moveit_common:/home/adminlab/franka_ros2_ws/install/launch_param_builder:/home/adminlab/franka_ros2_ws/install/integration_launch_testing:/home/adminlab/franka_ros2_ws/install/handcv:/home/adminlab/franka_ros2_ws/install/hand_interfaces:/home/adminlab/franka_ros2_ws/install/franka_example_controllers:/home/adminlab/franka_ros2_ws/install/franka_semantic_components:/home/adminlab/franka_ros2_ws/install/franka_moveit_config:/home/adminlab/franka_ros2_ws/install/franka_custom_controller:/home/adminlab/franka_ros2_ws/install/franka_hardware:/home/adminlab/franka_ros2_ws/install/franka_gripper:/home/adminlab/franka_ros2_ws/install/franka_msgs:/home/adminlab/franka_ros2_ws/install/franka_description:/home/adminlab/franka_ros2_ws/install/camera_publisher:/opt/ros/humble CMAKE_PREFIX_PATH=/home/adminlab/franka_ros2_ws/install/moveit_resources_panda_moveit_config:/home/adminlab/franka_ros2_ws/install/generate_parameter_library:/home/adminlab/franka_ros2_ws/install/srdfdom:/home/adminlab/franka_ros2_ws/install/parameter_traits:/home/adminlab/franka_ros2_ws/install/moveit_resources_pr2_description:/home/adminlab/franka_ros2_ws/install/moveit_resources_panda_description:/home/adminlab/franka_ros2_ws/install/moveit_msgs:/home/adminlab/franka_ros2_ws/install/moveit_common:/home/adminlab/franka_ros2_ws/install/moveit_configs_utils:/home/adminlab/franka_ros2_ws/install/ros2test:/home/adminlab/franka_ros2_ws/install/generate_parameter_module_example:/home/adminlab/franka_ros2_ws/install/launch_param_builder:/home/adminlab/franka_ros2_ws/install/handcv:/home/adminlab/franka_ros2_ws/install/generate_parameter_library_py:/home/adminlab/franka_ros2_ws/install/camera_publisher:/opt/ros/humble:/home/adminlab/franka_ros2_ws/install/franka_custom_controller:/home/adminlab/franka_ros2_ws/install/rviz_marker_tools:/home/adminlab/franka_ros2_ws/install/rosparam_shortcuts:/home/adminlab/franka_ros2_ws/install/ros_testing:/home/adminlab/franka_ros2_ws/install/realsense2_description:/home/adminlab/franka_ros2_ws/install/realsense2_camera_msgs:/home/adminlab/franka_ros2_ws/install/joint_trajectory_controller:/home/adminlab/franka_ros2_ws/install/generate_parameter_library_example:/home/adminlab/franka_ros2_ws/install/franka_bringup:/home/adminlab/franka_ros2_ws/install/franka_robot_state_broadcaster:/home/adminlab/franka_ros2_ws/install/cmake_generate_parameter_module_example:/home/adminlab/franka_ros2_ws/install/moveit_task_constructor_msgs:/home/adminlab/franka_ros2_ws/install/moveit_resources_prbt_support:/home/adminlab/franka_ros2_ws/install/moveit_resources:/home/adminlab/franka_ros2_ws/install/moveit_resources_fanuc_moveit_config:/home/adminlab/franka_ros2_ws/install/moveit_resources_fanuc_description:/home/adminlab/franka_ros2_ws/install/librealsense2:/home/adminlab/franka_ros2_ws/install/integration_launch_testing:/home/adminlab/franka_ros2_ws/install/hand_interfaces:/home/adminlab/franka_ros2_ws/install/franka_example_controllers:/home/adminlab/franka_ros2_ws/install/franka_semantic_components:/home/adminlab/franka_ros2_ws/install/franka_moveit_config:/home/adminlab/franka_ros2_ws/install/franka_hardware:/home/adminlab/franka_ros2_ws/install/franka_gripper:/home/adminlab/franka_ros2_ws/install/franka_msgs:/home/adminlab/franka_ros2_ws/install/franka_description:/home/adminlab/franka_ros2_ws/install/OpenCV LD_LIBRARY_PATH=/home/adminlab/franka_ros2_ws/install/srdfdom/lib:/home/adminlab/franka_ros2_ws/install/moveit_msgs/lib:/home/adminlab/franka_ros2_ws/install/franka_custom_controller/lib:/home/adminlab/franka_ros2_ws/install/rviz_marker_tools/lib:/home/adminlab/franka_ros2_ws/install/rosparam_shortcuts/lib:/home/adminlab/franka_ros2_ws/install/realsense2_camera_msgs/lib:/home/adminlab/franka_ros2_ws/install/joint_trajectory_controller/lib:/home/adminlab/franka_ros2_ws/install/generate_parameter_library_example/lib:/home/adminlab/franka_ros2_ws/install/franka_robot_state_broadcaster/lib:/home/adminlab/franka_ros2_ws/install/parameter_traits/lib:/home/adminlab/franka_ros2_ws/install/moveit_task_constructor_msgs/lib:/home/adminlab/franka_ros2_ws/install/librealsense2/lib:/home/adminlab/franka_ros2_ws/install/integration_launch_testing/lib:/home/adminlab/franka_ros2_ws/install/hand_interfaces/lib:/home/adminlab/franka_ros2_ws/install/franka_example_controllers/lib:/home/adminlab/franka_ros2_ws/install/franka_semantic_components/lib:/home/adminlab/franka_ros2_ws/install/franka_hardware/lib:/home/adminlab/franka_ros2_ws/install/franka_gripper/lib:/home/adminlab/franka_ros2_ws/install/franka_msgs/lib:/home/adminlab/franka_ros2_ws/install/OpenCV/lib:/opt/ros/humble/opt/rviz_ogre_vendor/lib:/opt/ros/humble/lib/x86_64-linux-gnu:/opt/ros/humble/lib PATH=/home/adminlab/franka_ros2_ws/install/generate_parameter_library_py/bin:/home/adminlab/franka_ros2_ws/install/librealsense2/bin:/home/adminlab/franka_ros2_ws/install/OpenCV/bin:/opt/ros/humble/bin:/home/adminlab/.local/bin:/usr/local/sbin:/usr/local/bin:/usr/sbin:/usr/bin:/sbin:/bin:/usr/games:/usr/local/games:/snap/bin:/snap/bin PYTHONPATH=/home/adminlab/franka_ros2_ws/install/generate_parameter_library_py/lib/python3.10/site-packages:/home/adminlab/franka_ros2_ws/install/cmake_generate_parameter_module_example/local/lib/python3.10/dist-packages:/home/adminlab/franka_ros2_ws/install/moveit_configs_utils/lib/python3.10/site-packages:/home/adminlab/franka_ros2_ws/install/srdfdom/local/lib/python3.10/dist-packages:/home/adminlab/franka_ros2_ws/install/ros2test/lib/python3.10/site-packages:/home/adminlab/franka_ros2_ws/install/realsense2_camera_msgs/local/lib/python3.10/dist-packages:/home/adminlab/franka_ros2_ws/install/generate_parameter_module_example/lib/python3.10/site-packages:/home/adminlab/franka_ros2_ws/install/moveit_task_constructor_msgs/local/lib/python3.10/dist-packages:/home/adminlab/franka_ros2_ws/install/moveit_msgs/local/lib/python3.10/dist-packages:/home/adminlab/franka_ros2_ws/install/launch_param_builder/lib/python3.10/site-packages:/home/adminlab/franka_ros2_ws/install/handcv/lib/python3.10/site-packages:/home/adminlab/franka_ros2_ws/install/hand_interfaces/local/lib/python3.10/dist-packages:/home/adminlab/franka_ros2_ws/install/franka_gripper/local/lib/python3.10/dist-packages:/home/adminlab/franka_ros2_ws/install/franka_msgs/local/lib/python3.10/dist-packages:/home/adminlab/franka_ros2_ws/install/camera_publisher/lib/python3.10/site-packages:/opt/ros/humble/lib/python3.10/site-packages:/opt/ros/humble/local/lib/python3.10/dist-packages /usr/bin/cmake --build /home/adminlab/franka_ros2_ws/build/moveit_core -- -j16 -l16
[0.046s] -- Found moveit_common: 2.5.5 (/home/adminlab/franka_ros2_ws/install/moveit_common/share/moveit_common/cmake)
[0.046s] -- Found ament_cmake: 1.3.9 (/opt/ros/humble/share/ament_cmake/cmake)
[0.225s] -- Could NOT find libbfd (missing: LIBBFD_LIBRARY LIBBFD_INCLUDE_DIR) 
[0.226s] -- BACKWARD_HAS_UNWIND=1
[0.226s] -- BACKWARD_HAS_BACKTRACE=0
[0.226s] -- BACKWARD_HAS_BACKTRACE_SYMBOL=0
[0.226s] -- BACKWARD_HAS_DW=1
[0.226s] -- BACKWARD_HAS_BFD=0
[0.226s] -- Found Backward: /opt/ros/humble/share/backward_ros/cmake  
[0.226s] [0mmoveit_core: You did not request a specific build type: Choosing 'Release' for maximum performance[0m
[0.226s] -- Found angles: 1.15.0 (/opt/ros/humble/share/angles/cmake)
[0.236s] -- Found common_interfaces: 4.2.3 (/opt/ros/humble/share/common_interfaces/cmake)
[0.236s] -- Found eigen_stl_containers: 1.0.0 (/opt/ros/humble/share/eigen_stl_containers/cmake)
[0.237s] -- Found eigen3_cmake_module: 0.1.1 (/opt/ros/humble/share/eigen3_cmake_module/cmake)
[0.238s] -- Found generate_parameter_library: 0.3.7 (/home/adminlab/franka_ros2_ws/install/generate_parameter_library/share/generate_parameter_library/cmake)
[0.239s] -- Found parameter_traits: 0.3.7 (/home/adminlab/franka_ros2_ws/install/parameter_traits/share/parameter_traits/cmake)
[0.253s] -- Found rosidl_generator_c: 3.1.5 (/opt/ros/humble/share/rosidl_generator_c/cmake)
[0.254s] -- Found rosidl_adapter: 3.1.5 (/opt/ros/humble/share/rosidl_adapter/cmake)
[0.258s] -- Found rosidl_generator_cpp: 3.1.5 (/opt/ros/humble/share/rosidl_generator_cpp/cmake)
[0.266s] -- Using all available rosidl_typesupport_c: rosidl_typesupport_fastrtps_c;rosidl_typesupport_introspection_c
[0.276s] -- Using all available rosidl_typesupport_cpp: rosidl_typesupport_fastrtps_cpp;rosidl_typesupport_introspection_cpp
[0.312s] -- Found rmw_implementation_cmake: 6.1.2 (/opt/ros/humble/share/rmw_implementation_cmake/cmake)
[0.314s] -- Found rmw_fastrtps_cpp: 6.2.6 (/opt/ros/humble/share/rmw_fastrtps_cpp/cmake)
[0.393s] -- Using RMW implementation 'rmw_fastrtps_cpp' as default
[0.504s] -- Found rclcpp_lifecycle: 16.0.9 (/opt/ros/humble/share/rclcpp_lifecycle/cmake)
[0.527s] -- Found geometric_shapes: 2.1.3 (/opt/ros/humble/share/geometric_shapes/cmake)
[0.530s] -- Found Boost: /usr/lib/x86_64-linux-gnu/cmake/Boost-1.74.0/BoostConfig.cmake (found version "1.74.0") found components: filesystem 
[0.583s] -- library: /usr/lib/x86_64-linux-gnu/libcurl.so
[0.755s] -- Found kdl_parser: 2.6.4 (/opt/ros/humble/share/kdl_parser/cmake)
[0.757s] -- Ensuring Eigen3 include directory is part of orocos-kdl CMake target
[0.758s] -- Found moveit_msgs: 2.2.1 (/home/adminlab/franka_ros2_ws/install/moveit_msgs/share/moveit_msgs/cmake)
[1.171s] -- Found pluginlib: 5.1.0 (/opt/ros/humble/share/pluginlib/cmake)
[1.187s] -- Found srdfdom: 2.0.4 (/home/adminlab/franka_ros2_ws/install/srdfdom/share/srdfdom/cmake)
[1.192s] -- Found tf2_eigen: 0.25.6 (/opt/ros/humble/share/tf2_eigen/cmake)
[1.359s] -- Found tf2_geometry_msgs: 0.25.6 (/opt/ros/humble/share/tf2_geometry_msgs/cmake)
[1.366s] -- Found tf2_kdl: 0.25.6 (/opt/ros/humble/share/tf2_kdl/cmake)
[1.385s] -- Found Boost: /usr/lib/x86_64-linux-gnu/cmake/Boost-1.74.0/BoostConfig.cmake (found version "1.74.0") found components: chrono date_time filesystem iostreams program_options regex serialization system thread 
[1.386s] --  *** Building MoveIt 2.5.5-Alpha ***
[1.395s] -- Found ament_cmake_gtest: 1.3.9 (/opt/ros/humble/share/ament_cmake_gtest/cmake)
[1.395s] -- Found gtest sources under '/opt/ros/humble/src/gtest_vendor': C++ tests using 'Google Test' will be built
[1.406s] -- Found ament_cmake_gmock: 1.3.9 (/opt/ros/humble/share/ament_cmake_gmock/cmake)
[1.408s] -- Found gmock sources under '/opt/ros/humble/src/gmock_vendor': C++ tests using 'Google Mock' will be built
[1.410s] -- Found ament_cmake_gtest: 1.3.9 (/opt/ros/humble/share/ament_cmake_gtest/cmake)
[1.410s] -- Found gtest sources under '/opt/ros/humble/src/gtest_vendor': C++ tests using 'Google Test' will be built
[1.420s] -- Found ament_cmake_gtest: 1.3.9 (/opt/ros/humble/share/ament_cmake_gtest/cmake)
[1.420s] -- Found gtest sources under '/opt/ros/humble/src/gtest_vendor': C++ tests using 'Google Test' will be built
[1.445s] -- Found ament_cmake_gtest: 1.3.9 (/opt/ros/humble/share/ament_cmake_gtest/cmake)
[1.446s] -- Found gtest sources under '/opt/ros/humble/src/gtest_vendor': C++ tests using 'Google Test' will be built
[1.455s] -- Found ament_lint_auto: 0.12.11 (/opt/ros/humble/share/ament_lint_auto/cmake)
[1.455s] -- Found ament_cmake_gtest: 1.3.9 (/opt/ros/humble/share/ament_cmake_gtest/cmake)
[1.456s] -- Found gtest sources under '/opt/ros/humble/src/gtest_vendor': C++ tests using 'Google Test' will be built
[1.473s] -- Found ament_cmake_gtest: 1.3.9 (/opt/ros/humble/share/ament_cmake_gtest/cmake)
[1.473s] -- Found gtest sources under '/opt/ros/humble/src/gtest_vendor': C++ tests using 'Google Test' will be built
[1.485s] -- Found ament_cmake_gtest: 1.3.9 (/opt/ros/humble/share/ament_cmake_gtest/cmake)
[1.486s] -- Found gtest sources under '/opt/ros/humble/src/gtest_vendor': C++ tests using 'Google Test' will be built
[1.495s] -- Found ament_cmake_gtest: 1.3.9 (/opt/ros/humble/share/ament_cmake_gtest/cmake)
[1.496s] -- Found gtest sources under '/opt/ros/humble/src/gtest_vendor': C++ tests using 'Google Test' will be built
[1.506s] -- Found gtest sources under '/opt/ros/humble/src/gtest_vendor': C++ tests using 'Google Test' will be built
[1.515s] -- Found gtest sources under '/opt/ros/humble/src/gtest_vendor': C++ tests using 'Google Test' will be built
[1.525s] -- Found ament_cmake_gtest: 1.3.9 (/opt/ros/humble/share/ament_cmake_gtest/cmake)
[1.526s] -- Found gtest sources under '/opt/ros/humble/src/gtest_vendor': C++ tests using 'Google Test' will be built
[1.545s] -- Found gtest sources under '/opt/ros/humble/src/gtest_vendor': C++ tests using 'Google Test' will be built
[1.560s] -- Found gtest sources under '/opt/ros/humble/src/gtest_vendor': C++ tests using 'Google Test' will be built
[1.571s] -- Found gtest sources under '/opt/ros/humble/src/gtest_vendor': C++ tests using 'Google Test' will be built
[1.576s] -- Found ament_lint_auto: 0.12.11 (/opt/ros/humble/share/ament_lint_auto/cmake)
[1.590s] -- Added test 'cppcheck' to perform static code analysis on C / C++ code
[1.591s] -- Configured cppcheck include dirs: /home/adminlab/franka_ros2_ws/src/moveit2/moveit_core/exceptions/include;/home/adminlab/franka_ros2_ws/src/moveit2/moveit_core/collision_detection/include;/home/adminlab/franka_ros2_ws/src/moveit2/moveit_core/collision_detection_fcl/include;/home/adminlab/franka_ros2_ws/src/moveit2/moveit_core/collision_detection_bullet/include;/home/adminlab/franka_ros2_ws/src/moveit2/moveit_core/constraint_samplers/include;/home/adminlab/franka_ros2_ws/src/moveit2/moveit_core/controller_manager/include;/home/adminlab/franka_ros2_ws/src/moveit2/moveit_core/distance_field/include;/home/adminlab/franka_ros2_ws/src/moveit2/moveit_core/collision_distance_field/include;/home/adminlab/franka_ros2_ws/src/moveit2/moveit_core/dynamics_solver/include;/home/adminlab/franka_ros2_ws/src/moveit2/moveit_core/kinematics_base/include;/home/adminlab/franka_ros2_ws/src/moveit2/moveit_core/kinematics_metrics/include;/home/adminlab/franka_ros2_ws/src/moveit2/moveit_core/robot_model/include;/home/adminlab/franka_ros2_ws/src/moveit2/moveit_core/transforms/include;/home/adminlab/franka_ros2_ws/src/moveit2/moveit_core/robot_state/include;/home/adminlab/franka_ros2_ws/src/moveit2/moveit_core/robot_trajectory/include;/home/adminlab/franka_ros2_ws/src/moveit2/moveit_core/kinematic_constraints/include;/home/adminlab/franka_ros2_ws/src/moveit2/moveit_core/macros/include;/home/adminlab/franka_ros2_ws/src/moveit2/moveit_core/online_signal_smoothing/include;/home/adminlab/franka_ros2_ws/src/moveit2/moveit_core/planning_interface/include;/home/adminlab/franka_ros2_ws/src/moveit2/moveit_core/planning_request_adapter/include;/home/adminlab/franka_ros2_ws/src/moveit2/moveit_core/planning_scene/include;/home/adminlab/franka_ros2_ws/src/moveit2/moveit_core/sensor_manager/include;/home/adminlab/franka_ros2_ws/src/moveit2/moveit_core/trajectory_processing/include;/home/adminlab/franka_ros2_ws/src/moveit2/moveit_core/utils/include
[1.591s] -- Configured cppcheck exclude dirs and/or files: 
[1.592s] -- Added test 'pep257' to check Python code against some of the docstring style conventions in PEP 257
[1.593s] -- Added test 'xmllint' to check XML markup files
[1.595s] -- Configuring done
[1.945s] -- Generating done
[1.950s] -- Build files have been written to: /home/adminlab/franka_ros2_ws/build/moveit_core
[1.993s] [35m[1mConsolidate compiler generated dependencies of target moveit_exceptions[0m
[1.993s] [35m[1mConsolidate compiler generated dependencies of target moveit_transforms[0m
[1.993s] [35m[1mConsolidate compiler generated dependencies of target gmock[0m
[1.993s] [35m[1mConsolidate compiler generated dependencies of target moveit_kinematics_base[0m
[1.993s] [35m[1mConsolidate compiler generated dependencies of target moveit_version[0m
[1.993s] [35m[1mConsolidate compiler generated dependencies of target gmock_main[0m
[1.993s] [35m[1mConsolidate compiler generated dependencies of target gtest[0m
[1.993s] [35m[1mConsolidate compiler generated dependencies of target gtest_main[0m
[1.993s] [35m[1mConsolidate compiler generated dependencies of target moveit_utils[0m
[1.993s] [35m[1mConsolidate compiler generated dependencies of target moveit_smoothing_base[0m
[2.003s] [35m[1mConsolidate compiler generated dependencies of target moveit_distance_field[0m
[2.007s] [  2%] Built target moveit_version
[2.007s] [  3%] Built target moveit_butterworth_parameters
[2.007s] [  5%] Built target gmock
[2.007s] [  6%] Built target gmock_main
[2.008s] [  7%] Built target moveit_exceptions
[2.008s] [  8%] Built target gtest_main
[2.008s] [  8%] [32mBuilding CXX object utils/CMakeFiles/moveit_utils.dir/src/message_checks.cpp.o[0m
[2.008s] [  9%] Built target gtest
[2.012s] [  9%] [32mBuilding CXX object kinematics_base/CMakeFiles/moveit_kinematics_base.dir/src/kinematics_base.cpp.o[0m
[2.018s] [ 10%] Built target moveit_transforms
[2.020s] [ 11%] Built target moveit_smoothing_base
[2.026s] [ 13%] Built target moveit_distance_field
[2.026s] [35m[1mConsolidate compiler generated dependencies of target test_transforms[0m
[2.033s] [35m[1mConsolidate compiler generated dependencies of target test_voxel_grid[0m
[2.036s] [ 14%] Built target test_transforms
[2.037s] [35m[1mConsolidate compiler generated dependencies of target test_distance_field[0m
[2.046s] [ 15%] Built target test_voxel_grid
[2.053s] [ 16%] Built target test_distance_field
[2.594s] [ 16%] [32m[1mLinking CXX shared library libmoveit_utils.so[0m
[3.061s] [ 18%] Built target moveit_utils
[6.417s] [ 19%] [32m[1mLinking CXX shared library libmoveit_kinematics_base.so[0m
[6.501s] [ 19%] Built target moveit_kinematics_base
[6.513s] [35m[1mConsolidate compiler generated dependencies of target moveit_robot_model[0m
[6.537s] [ 19%] [32mBuilding CXX object robot_model/CMakeFiles/moveit_robot_model.dir/src/fixed_joint_model.cpp.o[0m
[6.540s] [ 20%] [32mBuilding CXX object robot_model/CMakeFiles/moveit_robot_model.dir/src/floating_joint_model.cpp.o[0m
[6.540s] [ 21%] [32mBuilding CXX object robot_model/CMakeFiles/moveit_robot_model.dir/src/joint_model.cpp.o[0m
[6.541s] [ 21%] [32mBuilding CXX object robot_model/CMakeFiles/moveit_robot_model.dir/src/joint_model_group.cpp.o[0m
[6.541s] [ 21%] [32mBuilding CXX object robot_model/CMakeFiles/moveit_robot_model.dir/src/robot_model.cpp.o[0m
[6.542s] [ 22%] [32mBuilding CXX object robot_model/CMakeFiles/moveit_robot_model.dir/src/link_model.cpp.o[0m
[6.542s] [ 22%] [32mBuilding CXX object robot_model/CMakeFiles/moveit_robot_model.dir/src/planar_joint_model.cpp.o[0m
[6.543s] [ 23%] [32mBuilding CXX object robot_model/CMakeFiles/moveit_robot_model.dir/src/prismatic_joint_model.cpp.o[0m
[6.544s] [ 24%] [32mBuilding CXX object robot_model/CMakeFiles/moveit_robot_model.dir/src/revolute_joint_model.cpp.o[0m
[12.540s] [ 25%] [32m[1mLinking CXX shared library libmoveit_robot_model.so[0m
[12.645s] [ 26%] Built target moveit_robot_model
[12.653s] [35m[1mConsolidate compiler generated dependencies of target moveit_butterworth_filter[0m
[12.653s] [35m[1mConsolidate compiler generated dependencies of target moveit_test_utils[0m
[12.655s] [35m[1mConsolidate compiler generated dependencies of target moveit_robot_state[0m
[12.667s] [ 27%] [32mBuilding CXX object online_signal_smoothing/CMakeFiles/moveit_butterworth_filter.dir/src/butterworth_filter.cpp.o[0m
[12.671s] [ 28%] [32mBuilding CXX object utils/CMakeFiles/moveit_test_utils.dir/src/robot_model_test_utils.cpp.o[0m
[12.674s] [ 29%] [32mBuilding CXX object robot_state/CMakeFiles/moveit_robot_state.dir/src/conversions.cpp.o[0m
[12.675s] [ 30%] [32mBuilding CXX object robot_state/CMakeFiles/moveit_robot_state.dir/src/robot_state.cpp.o[0m
[12.679s] [ 30%] [32mBuilding CXX object robot_state/CMakeFiles/moveit_robot_state.dir/src/cartesian_interpolator.cpp.o[0m
[16.406s] [ 30%] [32m[1mLinking CXX shared library libmoveit_butterworth_filter.so[0m
[16.507s] [ 30%] Built target moveit_butterworth_filter
[16.515s] [35m[1mConsolidate compiler generated dependencies of target test_butterworth_filter[0m
[16.531s] [ 30%] [32mBuilding CXX object online_signal_smoothing/CMakeFiles/test_butterworth_filter.dir/test/test_butterworth_filter.cpp.o[0m
[19.239s] [ 30%] [32m[1mLinking CXX shared library libmoveit_test_utils.so[0m
[19.362s] [ 30%] Built target moveit_test_utils
[19.370s] [35m[1mConsolidate compiler generated dependencies of target test_robot_model[0m
[19.384s] [ 31%] [32mBuilding CXX object robot_model/CMakeFiles/test_robot_model.dir/test/test.cpp.o[0m
[20.399s] [ 32%] [32m[1mLinking CXX executable test_butterworth_filter[0m
[20.501s] [ 32%] Built target test_butterworth_filter
[22.522s] [ 32%] [32m[1mLinking CXX executable test_robot_model[0m
[22.669s] [ 32%] Built target test_robot_model
[25.781s] [ 33%] [32m[1mLinking CXX shared library libmoveit_robot_state.so[0m
[25.888s] [ 33%] Built target moveit_robot_state
[25.896s] [35m[1mConsolidate compiler generated dependencies of target moveit_dynamics_solver[0m
[25.896s] [35m[1mConsolidate compiler generated dependencies of target moveit_robot_trajectory[0m
[25.896s] [35m[1mConsolidate compiler generated dependencies of target moveit_kinematics_metrics[0m
[25.900s] [35m[1mConsolidate compiler generated dependencies of target moveit_collision_detection[0m
[25.901s] [35m[1mConsolidate compiler generated dependencies of target test_robot_state_benchmark[0m
[25.901s] [35m[1mConsolidate compiler generated dependencies of target test_robot_state_complex[0m
[25.901s] [35m[1mConsolidate compiler generated dependencies of target test_cartesian_interpolator[0m
[25.901s] [35m[1mConsolidate compiler generated dependencies of target test_robot_state[0m
[25.901s] [35m[1mConsolidate compiler generated dependencies of target test_aabb[0m
[25.910s] [ 34%] [32mBuilding CXX object kinematics_metrics/CMakeFiles/moveit_kinematics_metrics.dir/src/kinematics_metrics.cpp.o[0m
[25.910s] [ 34%] [32mBuilding CXX object robot_trajectory/CMakeFiles/moveit_robot_trajectory.dir/src/robot_trajectory.cpp.o[0m
[25.910s] [ 34%] [32mBuilding CXX object dynamics_solver/CMakeFiles/moveit_dynamics_solver.dir/src/dynamics_solver.cpp.o[0m
[25.924s] [ 35%] [32mBuilding CXX object robot_state/CMakeFiles/test_robot_state_complex.dir/test/test_kinematic_complex.cpp.o[0m
[25.924s] [ 35%] [32mBuilding CXX object robot_state/CMakeFiles/test_aabb.dir/test/test_aabb.cpp.o[0m
[25.924s] [ 35%] [32mBuilding CXX object robot_state/CMakeFiles/test_cartesian_interpolator.dir/test/test_cartesian_interpolator.cpp.o[0m
[25.925s] [ 35%] [32mBuilding CXX object robot_state/CMakeFiles/test_robot_state_benchmark.dir/test/robot_state_benchmark.cpp.o[0m
[25.925s] [ 35%] [32mBuilding CXX object robot_state/CMakeFiles/test_robot_state.dir/test/robot_state_test.cpp.o[0m
[25.931s] [ 36%] [32mBuilding CXX object collision_detection/CMakeFiles/moveit_collision_detection.dir/src/allvalid/collision_env_allvalid.cpp.o[0m
[25.931s] [ 37%] [32mBuilding CXX object collision_detection/CMakeFiles/moveit_collision_detection.dir/src/collision_common.cpp.o[0m
[25.931s] [ 37%] [32mBuilding CXX object collision_detection/CMakeFiles/moveit_collision_detection.dir/src/collision_matrix.cpp.o[0m
[25.933s] [ 37%] [32mBuilding CXX object collision_detection/CMakeFiles/moveit_collision_detection.dir/src/collision_octomap_filter.cpp.o[0m
[25.941s] [ 38%] [32mBuilding CXX object collision_detection/CMakeFiles/moveit_collision_detection.dir/src/collision_env.cpp.o[0m
[25.941s] [ 38%] [32mBuilding CXX object collision_detection/CMakeFiles/moveit_collision_detection.dir/src/collision_plugin_cache.cpp.o[0m
[25.943s] [ 39%] [32mBuilding CXX object collision_detection/CMakeFiles/moveit_collision_detection.dir/src/collision_tools.cpp.o[0m
[30.898s] [ 40%] [32m[1mLinking CXX shared library libmoveit_dynamics_solver.so[0m
[31.068s] [ 40%] Built target moveit_dynamics_solver
[33.922s] [ 41%] [32m[1mLinking CXX executable test_cartesian_interpolator[0m
[34.250s] [ 41%] Built target test_cartesian_interpolator
[34.449s] [ 42%] [32m[1mLinking CXX executable test_robot_state_benchmark[0m
[34.657s] [ 42%] Built target test_robot_state_benchmark
[34.966s] [ 43%] [32m[1mLinking CXX shared library libmoveit_robot_trajectory.so[0m
[35.089s] [ 43%] Built target moveit_robot_trajectory
[35.100s] [35m[1mConsolidate compiler generated dependencies of target moveit_trajectory_processing[0m
[35.102s] [35m[1mConsolidate compiler generated dependencies of target test_robot_trajectory[0m
[35.103s] [35m[1mConsolidate compiler generated dependencies of target moveit_planning_interface[0m
[35.123s] [ 44%] [32mBuilding CXX object trajectory_processing/CMakeFiles/moveit_trajectory_processing.dir/src/iterative_time_parameterization.cpp.o[0m
[35.126s] [ 45%] [32mBuilding CXX object robot_trajectory/CMakeFiles/test_robot_trajectory.dir/test/test_robot_trajectory.cpp.o[0m
[35.126s] [ 45%] [32mBuilding CXX object trajectory_processing/CMakeFiles/moveit_trajectory_processing.dir/src/iterative_spline_parameterization.cpp.o[0m
[35.128s] [ 47%] [32mBuilding CXX object trajectory_processing/CMakeFiles/moveit_trajectory_processing.dir/src/time_optimal_trajectory_generation.cpp.o[0m
[35.128s] [ 47%] [32mBuilding CXX object trajectory_processing/CMakeFiles/moveit_trajectory_processing.dir/src/trajectory_tools.cpp.o[0m
[35.128s] [ 47%] [32mBuilding CXX object trajectory_processing/CMakeFiles/moveit_trajectory_processing.dir/src/ruckig_traj_smoothing.cpp.o[0m
[35.129s] [ 48%] [32mBuilding CXX object planning_interface/CMakeFiles/moveit_planning_interface.dir/src/planning_interface.cpp.o[0m
[35.132s] [ 48%] [32mBuilding CXX object planning_interface/CMakeFiles/moveit_planning_interface.dir/src/planning_response.cpp.o[0m
[35.225s] [ 49%] [32m[1mLinking CXX executable test_aabb[0m
[35.451s] [ 49%] Built target test_aabb
[35.645s] [ 50%] [32m[1mLinking CXX executable test_robot_state[0m
[35.899s] [ 50%] Built target test_robot_state
[36.738s] [ 51%] [32m[1mLinking CXX executable test_robot_state_complex[0m
[37.127s] [ 51%] Built target test_robot_state_complex
[41.312s] [ 52%] [32m[1mLinking CXX shared library libmoveit_planning_interface.so[0m
[41.420s] [ 52%] Built target moveit_planning_interface
[41.448s] [ 53%] [32m[1mLinking CXX shared library libmoveit_collision_detection.so[0m
[41.579s] [ 54%] Built target moveit_collision_detection
[41.589s] [35m[1mConsolidate compiler generated dependencies of target moveit_collision_detection_fcl[0m
[41.592s] [35m[1mConsolidate compiler generated dependencies of target test_world_diff[0m
[41.592s] [35m[1mConsolidate compiler generated dependencies of target test_world[0m
[41.592s] [35m[1mConsolidate compiler generated dependencies of target test_all_valid[0m
[41.598s] [35m[1mConsolidate compiler generated dependencies of target moveit_collision_detection_bullet[0m
[41.610s] [ 56%] [32mBuilding CXX object collision_detection_fcl/CMakeFiles/moveit_collision_detection_fcl.dir/src/collision_env_fcl.cpp.o[0m
[41.610s] [ 56%] [32m[1mLinking CXX executable test_world[0m
[41.610s] [ 56%] [32m[1mLinking CXX executable test_world_diff[0m
[41.611s] [ 56%] [32mBuilding CXX object collision_detection_fcl/CMakeFiles/moveit_collision_detection_fcl.dir/src/collision_common.cpp.o[0m
[41.614s] [ 56%] [32mBuilding CXX object collision_detection/CMakeFiles/test_all_valid.dir/test/test_all_valid.cpp.o[0m
[41.644s] [ 56%] [32mBuilding CXX object collision_detection_bullet/CMakeFiles/moveit_collision_detection_bullet.dir/src/bullet_integration/bullet_discrete_bvh_manager.cpp.o[0m
[41.647s] [ 57%] [32mBuilding CXX object collision_detection_bullet/CMakeFiles/moveit_collision_detection_bullet.dir/src/bullet_integration/bullet_cast_bvh_manager.cpp.o[0m
[41.650s] [ 57%] [32mBuilding CXX object collision_detection_bullet/CMakeFiles/moveit_collision_detection_bullet.dir/src/collision_env_bullet.cpp.o[0m
[41.657s] [ 58%] [32mBuilding CXX object collision_detection_bullet/CMakeFiles/moveit_collision_detection_bullet.dir/src/bullet_integration/bullet_utils.cpp.o[0m
[41.657s] [ 59%] [32mBuilding CXX object collision_detection_bullet/CMakeFiles/moveit_collision_detection_bullet.dir/src/bullet_integration/bullet_bvh_manager.cpp.o[0m
[41.673s] [ 60%] [32mBuilding CXX object collision_detection_bullet/CMakeFiles/moveit_collision_detection_bullet.dir/src/bullet_integration/contact_checker_common.cpp.o[0m
[41.933s] [ 61%] Built target test_world
[41.945s] [ 61%] [32mBuilding CXX object collision_detection_bullet/CMakeFiles/moveit_collision_detection_bullet.dir/src/bullet_integration/ros_bullet_utils.cpp.o[0m
[41.948s] [ 62%] Built target test_world_diff
[43.415s] [ 63%] [32m[1mLinking CXX shared library libmoveit_kinematics_metrics.so[0m
[43.571s] [ 63%] Built target moveit_kinematics_metrics
[43.715s] [ 63%] [32m[1mLinking CXX executable test_robot_trajectory[0m
[43.936s] [ 64%] [32m[1mLinking CXX shared library libmoveit_trajectory_processing.so[0m
[43.969s] [ 64%] Built target test_robot_trajectory
[44.169s] [ 64%] Built target moveit_trajectory_processing
[44.184s] [35m[1mConsolidate compiler generated dependencies of target test_time_optimal_trajectory_generation[0m
[44.184s] [35m[1mConsolidate compiler generated dependencies of target test_ruckig_traj_smoothing[0m
[44.184s] [35m[1mConsolidate compiler generated dependencies of target test_time_parameterization[0m
[44.210s] [ 65%] [32mBuilding CXX object trajectory_processing/CMakeFiles/test_ruckig_traj_smoothing.dir/test/test_ruckig_traj_smoothing.cpp.o[0m
[44.211s] [ 66%] [32mBuilding CXX object trajectory_processing/CMakeFiles/test_time_optimal_trajectory_generation.dir/test/test_time_optimal_trajectory_generation.cpp.o[0m
[44.211s] [ 66%] [32mBuilding CXX object trajectory_processing/CMakeFiles/test_time_parameterization.dir/test/test_time_parameterization.cpp.o[0m
[49.860s] [ 67%] [32m[1mLinking CXX executable test_all_valid[0m
[50.147s] [ 67%] Built target test_all_valid
[50.634s] [ 68%] [32m[1mLinking CXX shared library libmoveit_collision_detection_bullet.so[0m
[50.673s] [ 69%] [32m[1mLinking CXX shared library libmoveit_collision_detection_fcl.so[0m
[50.809s] [ 69%] Built target moveit_collision_detection_bullet
[50.819s] [35m[1mConsolidate compiler generated dependencies of target test_bullet_collision_detection[0m
[50.825s] [35m[1mConsolidate compiler generated dependencies of target test_bullet_collision_detection_panda[0m
[50.825s] [35m[1mConsolidate compiler generated dependencies of target test_bullet_continuous_collision_checking[0m
[50.840s] [ 70%] [32mBuilding CXX object collision_detection_bullet/CMakeFiles/test_bullet_collision_detection.dir/test/test_bullet_collision_detection_pr2.cpp.o[0m
[50.857s] [ 72%] [32mBuilding CXX object collision_detection_bullet/CMakeFiles/test_bullet_collision_detection_panda.dir/test/test_bullet_collision_detection_panda.cpp.o[0m
[50.857s] [ 72%] [32mBuilding CXX object collision_detection_bullet/CMakeFiles/test_bullet_continuous_collision_checking.dir/test/test_bullet_continuous_collision_checking.cpp.o[0m
[50.954s] [ 72%] Built target moveit_collision_detection_fcl
[50.970s] [35m[1mConsolidate compiler generated dependencies of target test_fcl_collision_detection[0m
[50.971s] [35m[1mConsolidate compiler generated dependencies of target test_fcl_collision_env[0m
[50.971s] [35m[1mConsolidate compiler generated dependencies of target test_fcl_collision_detection_panda[0m
[50.972s] [35m[1mConsolidate compiler generated dependencies of target moveit_kinematic_constraints[0m
[51.006s] [ 75%] [32mBuilding CXX object collision_detection_fcl/CMakeFiles/test_fcl_collision_env.dir/test/test_fcl_env.cpp.o[0m
[51.006s] [ 75%] [32mBuilding CXX object collision_detection_fcl/CMakeFiles/test_fcl_collision_detection.dir/test/test_fcl_collision_detection_pr2.cpp.o[0m
[51.007s] [ 75%] [32mBuilding CXX object collision_detection_fcl/CMakeFiles/test_fcl_collision_detection_panda.dir/test/test_fcl_collision_detection_panda.cpp.o[0m
[51.012s] [ 75%] [32mBuilding CXX object kinematic_constraints/CMakeFiles/moveit_kinematic_constraints.dir/src/kinematic_constraint.cpp.o[0m
[51.013s] [ 76%] [32mBuilding CXX object kinematic_constraints/CMakeFiles/moveit_kinematic_constraints.dir/src/utils.cpp.o[0m
[51.124s] [ 76%] [32m[1mLinking CXX executable test_ruckig_traj_smoothing[0m
[51.532s] [ 76%] Built target test_ruckig_traj_smoothing
[52.094s] [ 77%] [32m[1mLinking CXX executable test_time_parameterization[0m
[52.486s] [ 77%] Built target test_time_parameterization
[52.650s] [ 78%] [32m[1mLinking CXX executable test_time_optimal_trajectory_generation[0m
[53.017s] [ 78%] Built target test_time_optimal_trajectory_generation
[58.615s] [ 78%] [32m[1mLinking CXX executable test_fcl_collision_detection_panda[0m
[58.777s] [ 78%] [32m[1mLinking CXX executable test_bullet_collision_detection[0m
[58.874s] [ 78%] Built target test_fcl_collision_detection_panda
[59.045s] [ 78%] Built target test_bullet_collision_detection
[59.887s] [ 78%] [32m[1mLinking CXX executable test_fcl_collision_detection[0m
[60.131s] [ 78%] Built target test_fcl_collision_detection
[60.725s] [ 78%] [32m[1mLinking CXX executable test_bullet_collision_detection_panda[0m
[60.932s] [ 78%] Built target test_bullet_collision_detection_panda
[61.263s] [ 79%] [32m[1mLinking CXX executable test_fcl_collision_env[0m
[61.463s] [ 79%] Built target test_fcl_collision_env
[62.238s] [ 80%] [32m[1mLinking CXX executable test_bullet_continuous_collision_checking[0m
[62.428s] [ 80%] Built target test_bullet_continuous_collision_checking
[64.220s] [ 81%] [32m[1mLinking CXX shared library libmoveit_kinematic_constraints.so[0m
[64.342s] [ 81%] Built target moveit_kinematic_constraints
[64.350s] [35m[1mConsolidate compiler generated dependencies of target test_constraints[0m
[64.350s] [35m[1mConsolidate compiler generated dependencies of target test_orientation_constraints[0m
[64.350s] [35m[1mConsolidate compiler generated dependencies of target moveit_planning_scene[0m
[64.365s] [ 81%] [32mBuilding CXX object kinematic_constraints/CMakeFiles/test_constraints.dir/test/test_constraints.cpp.o[0m
[64.365s] [ 81%] [32mBuilding CXX object kinematic_constraints/CMakeFiles/test_orientation_constraints.dir/test/test_orientation_constraints.cpp.o[0m
[64.370s] [ 82%] [32mBuilding CXX object planning_scene/CMakeFiles/moveit_planning_scene.dir/src/planning_scene.cpp.o[0m
[70.202s] [ 83%] [32m[1mLinking CXX executable test_orientation_constraints[0m
[70.392s] [ 83%] Built target test_orientation_constraints
[70.951s] [ 84%] [32m[1mLinking CXX executable test_constraints[0m
[71.125s] [ 84%] Built target test_constraints
[74.747s] [ 84%] [32m[1mLinking CXX shared library libmoveit_planning_scene.so[0m
[74.885s] [ 84%] Built target moveit_planning_scene
[74.894s] [35m[1mConsolidate compiler generated dependencies of target moveit_planning_request_adapter[0m
[74.897s] [35m[1mConsolidate compiler generated dependencies of target moveit_collision_distance_field[0m
[74.897s] [35m[1mConsolidate compiler generated dependencies of target collision_detector_fcl_plugin[0m
[74.898s] [35m[1mConsolidate compiler generated dependencies of target test_multi_threaded[0m
[74.898s] [35m[1mConsolidate compiler generated dependencies of target test_collision_objects[0m
[74.898s] [35m[1mConsolidate compiler generated dependencies of target moveit_constraint_samplers[0m
[74.899s] [35m[1mConsolidate compiler generated dependencies of target test_planning_scene[0m
[74.899s] [35m[1mConsolidate compiler generated dependencies of target collision_detector_bullet_plugin[0m
[74.915s] [ 84%] [32mBuilding CXX object collision_detection_fcl/CMakeFiles/collision_detector_fcl_plugin.dir/src/collision_detector_fcl_plugin_loader.cpp.o[0m
[74.918s] [ 84%] [32mBuilding CXX object planning_request_adapter/CMakeFiles/moveit_planning_request_adapter.dir/src/planning_request_adapter.cpp.o[0m
[74.919s] [ 85%] [32mBuilding CXX object planning_scene/CMakeFiles/test_planning_scene.dir/test/test_planning_scene.cpp.o[0m
[74.925s] [ 86%] [32mBuilding CXX object planning_scene/CMakeFiles/test_multi_threaded.dir/test/test_multi_threaded.cpp.o[0m
[74.925s] [ 86%] [32mBuilding CXX object planning_scene/CMakeFiles/test_collision_objects.dir/test/test_collision_objects.cpp.o[0m
[74.925s] [ 86%] [32mBuilding CXX object collision_detection_bullet/CMakeFiles/collision_detector_bullet_plugin.dir/src/collision_detector_bullet_plugin_loader.cpp.o[0m
[74.927s] [ 88%] [32mBuilding CXX object constraint_samplers/CMakeFiles/moveit_constraint_samplers.dir/src/constraint_sampler_tools.cpp.o[0m
[74.927s] [ 88%] [32mBuilding CXX object collision_distance_field/CMakeFiles/moveit_collision_distance_field.dir/src/collision_common_distance_field.cpp.o[0m
[74.927s] [ 88%] [32mBuilding CXX object constraint_samplers/CMakeFiles/moveit_constraint_samplers.dir/src/constraint_sampler_manager.cpp.o[0m
[74.927s] [ 88%] [32mBuilding CXX object constraint_samplers/CMakeFiles/moveit_constraint_samplers.dir/src/union_constraint_sampler.cpp.o[0m
[74.927s] [ 89%] [32mBuilding CXX object constraint_samplers/CMakeFiles/moveit_constraint_samplers.dir/src/default_constraint_samplers.cpp.o[0m
[74.927s] [ 89%] [32mBuilding CXX object constraint_samplers/CMakeFiles/moveit_constraint_samplers.dir/src/constraint_sampler.cpp.o[0m
[74.927s] [ 89%] [32mBuilding CXX object collision_distance_field/CMakeFiles/moveit_collision_distance_field.dir/src/collision_env_distance_field.cpp.o[0m
[74.928s] [ 90%] [32mBuilding CXX object collision_distance_field/CMakeFiles/moveit_collision_distance_field.dir/src/collision_env_hybrid.cpp.o[0m
[84.461s] [ 91%] [32m[1mLinking CXX shared library libmoveit_planning_request_adapter.so[0m
[84.736s] [ 91%] Built target moveit_planning_request_adapter
[85.855s] [ 92%] [32m[1mLinking CXX shared library libcollision_detector_bullet_plugin.so[0m
[85.866s] [ 93%] [32m[1mLinking CXX shared library libcollision_detector_fcl_plugin.so[0m
[86.012s] [ 93%] Built target collision_detector_fcl_plugin
[86.015s] [ 93%] Built target collision_detector_bullet_plugin
[87.391s] [ 94%] [32m[1mLinking CXX executable test_multi_threaded[0m
[87.703s] [ 94%] Built target test_multi_threaded
[88.066s] [ 94%] [32m[1mLinking CXX executable test_collision_objects[0m
[88.268s] [ 94%] Built target test_collision_objects
[88.322s] [ 95%] [32m[1mLinking CXX shared library libmoveit_constraint_samplers.so[0m
[88.443s] [ 95%] Built target moveit_constraint_samplers
[88.453s] [35m[1mConsolidate compiler generated dependencies of target test_constraint_samplers[0m
[88.475s] [ 96%] [32mBuilding CXX object constraint_samplers/CMakeFiles/test_constraint_samplers.dir/test/test_constraint_samplers.cpp.o[0m
[88.475s] [ 97%] [32mBuilding CXX object constraint_samplers/CMakeFiles/test_constraint_samplers.dir/test/pr2_arm_kinematics_plugin.cpp.o[0m
[88.479s] [ 97%] [32mBuilding CXX object constraint_samplers/CMakeFiles/test_constraint_samplers.dir/test/pr2_arm_ik.cpp.o[0m
[89.742s] [ 98%] [32m[1mLinking CXX shared library libmoveit_collision_distance_field.so[0m
[89.977s] [ 98%] Built target moveit_collision_distance_field
[89.993s] [35m[1mConsolidate compiler generated dependencies of target test_collision_distance_field[0m
[90.023s] [ 99%] [32mBuilding CXX object collision_distance_field/CMakeFiles/test_collision_distance_field.dir/test/test_collision_distance_field.cpp.o[0m
[90.962s] [ 99%] [32m[1mLinking CXX executable test_planning_scene[0m
[91.196s] [ 99%] Built target test_planning_scene
[96.881s] [ 99%] [32m[1mLinking CXX executable test_collision_distance_field[0m
[97.068s] [ 99%] Built target test_collision_distance_field
[97.267s] [100%] [32m[1mLinking CXX executable test_constraint_samplers[0m
[97.472s] [100%] Built target test_constraint_samplers
