[0.387s] Invoking command in '/home/adminlab/franka_ros2_ws/build/franka_msgs': CMAKE_PREFIX_PATH=/home/adminlab/franka_ros2_ws/install/srdfdom:/home/adminlab/franka_ros2_ws/install/rviz_marker_tools:/home/adminlab/franka_ros2_ws/install/rosparam_shortcuts:/home/adminlab/franka_ros2_ws/install/ros_testing:/home/adminlab/franka_ros2_ws/install/opencv_cam:/home/adminlab/franka_ros2_ws/install/ros2_shared:/home/adminlab/franka_ros2_ws/install/realsense2_description:/home/adminlab/franka_ros2_ws/install/realsense2_camera_msgs:/home/adminlab/franka_ros2_ws/install/joint_trajectory_controller:/home/adminlab/franka_ros2_ws/install/generate_parameter_library_example:/home/adminlab/franka_ros2_ws/install/franka_bringup:/home/adminlab/franka_ros2_ws/install/franka_robot_state_broadcaster:/home/adminlab/franka_ros2_ws/install/cmake_generate_parameter_module_example:/home/adminlab/franka_ros2_ws/install/generate_parameter_library:/home/adminlab/franka_ros2_ws/install/parameter_traits:/home/adminlab/franka_ros2_ws/install/moveit_task_constructor_msgs:/home/adminlab/franka_ros2_ws/install/moveit_resources_prbt_support:/home/adminlab/franka_ros2_ws/install/moveit_resources:/home/adminlab/franka_ros2_ws/install/moveit_resources_pr2_description:/home/adminlab/franka_ros2_ws/install/moveit_resources_panda_moveit_config:/home/adminlab/franka_ros2_ws/install/moveit_resources_panda_description:/home/adminlab/franka_ros2_ws/install/moveit_resources_fanuc_moveit_config:/home/adminlab/franka_ros2_ws/install/moveit_resources_fanuc_description:/home/adminlab/franka_ros2_ws/install/moveit_msgs:/home/adminlab/franka_ros2_ws/install/moveit_common:/home/adminlab/franka_ros2_ws/install/integration_launch_testing:/home/adminlab/franka_ros2_ws/install/franka_example_controllers:/home/adminlab/franka_ros2_ws/install/franka_semantic_components:/home/adminlab/franka_ros2_ws/install/moveit_configs_utils:/home/adminlab/franka_ros2_ws/install/ros2test:/home/adminlab/franka_ros2_ws/install/generate_parameter_module_example:/home/adminlab/franka_ros2_ws/install/launch_param_builder:/home/adminlab/franka_ros2_ws/install/generate_parameter_library_py:/home/adminlab/franka_ros2_ws/install/camera_publisher:/opt/ros/humble:/home/adminlab/franka_ros2_ws/install/franka_custom_controller:/home/adminlab/franka_ros2_ws/install/franka_hardware:/home/adminlab/franka_ros2_ws/install/franka_gripper:/home/adminlab/franka_ros2_ws/install/franka_msgs:/home/adminlab/franka_ros2_ws/install/franka_description /usr/bin/cmake --build /home/adminlab/franka_ros2_ws/build/franka_msgs -- -j16 -l16
[0.594s] [  0%] Built target franka_msgs__cpp
[0.594s] [35m[1mConsolidate compiler generated dependencies of target franka_msgs__rosidl_generator_c[0m
[0.594s] [35m[1mConsolidate compiler generated dependencies of target franka_msgs__rosidl_typesupport_cpp[0m
[0.594s] [ 12%] Built target franka_msgs__rosidl_generator_c
[0.594s] [35m[1mConsolidate compiler generated dependencies of target franka_msgs__rosidl_typesupport_fastrtps_cpp[0m
[0.594s] [35m[1mConsolidate compiler generated dependencies of target franka_msgs__rosidl_typesupport_introspection_cpp[0m
[0.594s] [ 12%] Built target ament_cmake_python_copy_franka_msgs
[0.594s] [35m[1mConsolidate compiler generated dependencies of target franka_msgs__rosidl_typesupport_introspection_c[0m
[0.594s] [35m[1mConsolidate compiler generated dependencies of target franka_msgs__rosidl_typesupport_c[0m
[0.594s] [ 24%] Built target franka_msgs__rosidl_typesupport_cpp
[0.594s] [35m[1mConsolidate compiler generated dependencies of target franka_msgs__rosidl_typesupport_fastrtps_c[0m
[0.594s] [ 36%] Built target franka_msgs__rosidl_typesupport_introspection_cpp
[0.594s] [ 48%] Built target franka_msgs__rosidl_typesupport_c
[0.594s] [ 60%] Built target franka_msgs__rosidl_typesupport_fastrtps_cpp
[0.594s] [ 72%] Built target franka_msgs__rosidl_typesupport_introspection_c
[0.594s] [ 84%] Built target franka_msgs__rosidl_typesupport_fastrtps_c
[0.594s] [ 84%] Built target franka_msgs
[0.594s] [ 85%] Built target franka_msgs__py
[0.594s] [35m[1mConsolidate compiler generated dependencies of target franka_msgs__rosidl_generator_py[0m
[0.595s] [ 96%] Built target franka_msgs__rosidl_generator_py
[0.595s] [35m[1mConsolidate compiler generated dependencies of target franka_msgs__rosidl_typesupport_c__pyext[0m
[0.595s] [35m[1mConsolidate compiler generated dependencies of target franka_msgs__rosidl_typesupport_introspection_c__pyext[0m
[0.595s] [35m[1mConsolidate compiler generated dependencies of target franka_msgs__rosidl_typesupport_fastrtps_c__pyext[0m
[0.595s] [ 97%] Built target franka_msgs__rosidl_typesupport_c__pyext
[0.595s] [ 98%] Built target franka_msgs__rosidl_typesupport_fastrtps_c__pyext
[0.595s] [100%] Built target franka_msgs__rosidl_typesupport_introspection_c__pyext
[0.624s] running egg_info
[0.624s] writing franka_msgs.egg-info/PKG-INFO
[0.625s] writing dependency_links to franka_msgs.egg-info/dependency_links.txt
[0.625s] writing top-level names to franka_msgs.egg-info/top_level.txt
[0.628s] reading manifest file 'franka_msgs.egg-info/SOURCES.txt'
[0.632s] writing manifest file 'franka_msgs.egg-info/SOURCES.txt'
[0.684s] [100%] Built target ament_cmake_python_build_franka_msgs_egg
[0.746s] Invoked command in '/home/adminlab/franka_ros2_ws/build/franka_msgs' returned '0': CMAKE_PREFIX_PATH=/home/adminlab/franka_ros2_ws/install/srdfdom:/home/adminlab/franka_ros2_ws/install/rviz_marker_tools:/home/adminlab/franka_ros2_ws/install/rosparam_shortcuts:/home/adminlab/franka_ros2_ws/install/ros_testing:/home/adminlab/franka_ros2_ws/install/opencv_cam:/home/adminlab/franka_ros2_ws/install/ros2_shared:/home/adminlab/franka_ros2_ws/install/realsense2_description:/home/adminlab/franka_ros2_ws/install/realsense2_camera_msgs:/home/adminlab/franka_ros2_ws/install/joint_trajectory_controller:/home/adminlab/franka_ros2_ws/install/generate_parameter_library_example:/home/adminlab/franka_ros2_ws/install/franka_bringup:/home/adminlab/franka_ros2_ws/install/franka_robot_state_broadcaster:/home/adminlab/franka_ros2_ws/install/cmake_generate_parameter_module_example:/home/adminlab/franka_ros2_ws/install/generate_parameter_library:/home/adminlab/franka_ros2_ws/install/parameter_traits:/home/adminlab/franka_ros2_ws/install/moveit_task_constructor_msgs:/home/adminlab/franka_ros2_ws/install/moveit_resources_prbt_support:/home/adminlab/franka_ros2_ws/install/moveit_resources:/home/adminlab/franka_ros2_ws/install/moveit_resources_pr2_description:/home/adminlab/franka_ros2_ws/install/moveit_resources_panda_moveit_config:/home/adminlab/franka_ros2_ws/install/moveit_resources_panda_description:/home/adminlab/franka_ros2_ws/install/moveit_resources_fanuc_moveit_config:/home/adminlab/franka_ros2_ws/install/moveit_resources_fanuc_description:/home/adminlab/franka_ros2_ws/install/moveit_msgs:/home/adminlab/franka_ros2_ws/install/moveit_common:/home/adminlab/franka_ros2_ws/install/integration_launch_testing:/home/adminlab/franka_ros2_ws/install/franka_example_controllers:/home/adminlab/franka_ros2_ws/install/franka_semantic_components:/home/adminlab/franka_ros2_ws/install/moveit_configs_utils:/home/adminlab/franka_ros2_ws/install/ros2test:/home/adminlab/franka_ros2_ws/install/generate_parameter_module_example:/home/adminlab/franka_ros2_ws/install/launch_param_builder:/home/adminlab/franka_ros2_ws/install/generate_parameter_library_py:/home/adminlab/franka_ros2_ws/install/camera_publisher:/opt/ros/humble:/home/adminlab/franka_ros2_ws/install/franka_custom_controller:/home/adminlab/franka_ros2_ws/install/franka_hardware:/home/adminlab/franka_ros2_ws/install/franka_gripper:/home/adminlab/franka_ros2_ws/install/franka_msgs:/home/adminlab/franka_ros2_ws/install/franka_description /usr/bin/cmake --build /home/adminlab/franka_ros2_ws/build/franka_msgs -- -j16 -l16
[1.111s] Invoking command in '/home/adminlab/franka_ros2_ws/build/franka_msgs': CMAKE_PREFIX_PATH=/home/adminlab/franka_ros2_ws/install/srdfdom:/home/adminlab/franka_ros2_ws/install/rviz_marker_tools:/home/adminlab/franka_ros2_ws/install/rosparam_shortcuts:/home/adminlab/franka_ros2_ws/install/ros_testing:/home/adminlab/franka_ros2_ws/install/opencv_cam:/home/adminlab/franka_ros2_ws/install/ros2_shared:/home/adminlab/franka_ros2_ws/install/realsense2_description:/home/adminlab/franka_ros2_ws/install/realsense2_camera_msgs:/home/adminlab/franka_ros2_ws/install/joint_trajectory_controller:/home/adminlab/franka_ros2_ws/install/generate_parameter_library_example:/home/adminlab/franka_ros2_ws/install/franka_bringup:/home/adminlab/franka_ros2_ws/install/franka_robot_state_broadcaster:/home/adminlab/franka_ros2_ws/install/cmake_generate_parameter_module_example:/home/adminlab/franka_ros2_ws/install/generate_parameter_library:/home/adminlab/franka_ros2_ws/install/parameter_traits:/home/adminlab/franka_ros2_ws/install/moveit_task_constructor_msgs:/home/adminlab/franka_ros2_ws/install/moveit_resources_prbt_support:/home/adminlab/franka_ros2_ws/install/moveit_resources:/home/adminlab/franka_ros2_ws/install/moveit_resources_pr2_description:/home/adminlab/franka_ros2_ws/install/moveit_resources_panda_moveit_config:/home/adminlab/franka_ros2_ws/install/moveit_resources_panda_description:/home/adminlab/franka_ros2_ws/install/moveit_resources_fanuc_moveit_config:/home/adminlab/franka_ros2_ws/install/moveit_resources_fanuc_description:/home/adminlab/franka_ros2_ws/install/moveit_msgs:/home/adminlab/franka_ros2_ws/install/moveit_common:/home/adminlab/franka_ros2_ws/install/integration_launch_testing:/home/adminlab/franka_ros2_ws/install/franka_example_controllers:/home/adminlab/franka_ros2_ws/install/franka_semantic_components:/home/adminlab/franka_ros2_ws/install/moveit_configs_utils:/home/adminlab/franka_ros2_ws/install/ros2test:/home/adminlab/franka_ros2_ws/install/generate_parameter_module_example:/home/adminlab/franka_ros2_ws/install/launch_param_builder:/home/adminlab/franka_ros2_ws/install/generate_parameter_library_py:/home/adminlab/franka_ros2_ws/install/camera_publisher:/opt/ros/humble:/home/adminlab/franka_ros2_ws/install/franka_custom_controller:/home/adminlab/franka_ros2_ws/install/franka_hardware:/home/adminlab/franka_ros2_ws/install/franka_gripper:/home/adminlab/franka_ros2_ws/install/franka_msgs:/home/adminlab/franka_ros2_ws/install/franka_description /usr/bin/cmake --install /home/adminlab/franka_ros2_ws/build/franka_msgs
[1.120s] -- Install configuration: ""
[1.121s] -- Up-to-date: /home/adminlab/franka_ros2_ws/install/franka_msgs/share/ament_index/resource_index/rosidl_interfaces/franka_msgs
[1.121s] -- Up-to-date: /home/adminlab/franka_ros2_ws/install/franka_msgs/include/franka_msgs/franka_msgs
[1.121s] -- Up-to-date: /home/adminlab/franka_ros2_ws/install/franka_msgs/include/franka_msgs/franka_msgs/msg
[1.122s] -- Up-to-date: /home/adminlab/franka_ros2_ws/install/franka_msgs/include/franka_msgs/franka_msgs/msg/franka_robot_state.h
[1.122s] -- Up-to-date: /home/adminlab/franka_ros2_ws/install/franka_msgs/include/franka_msgs/franka_msgs/msg/collision_indicators.h
[1.122s] -- Up-to-date: /home/adminlab/franka_ros2_ws/install/franka_msgs/include/franka_msgs/franka_msgs/msg/grasp_epsilon.h
[1.122s] -- Up-to-date: /home/adminlab/franka_ros2_ws/install/franka_msgs/include/franka_msgs/franka_msgs/msg/detail
[1.122s] -- Up-to-date: /home/adminlab/franka_ros2_ws/install/franka_msgs/include/franka_msgs/franka_msgs/msg/detail/collision_indicators__struct.h
[1.123s] -- Up-to-date: /home/adminlab/franka_ros2_ws/install/franka_msgs/include/franka_msgs/franka_msgs/msg/detail/elbow__functions.c
[1.123s] -- Up-to-date: /home/adminlab/franka_ros2_ws/install/franka_msgs/include/franka_msgs/franka_msgs/msg/detail/grasp_epsilon__functions.h
[1.123s] -- Up-to-date: /home/adminlab/franka_ros2_ws/install/franka_msgs/include/franka_msgs/franka_msgs/msg/detail/errors__functions.c
[1.123s] -- Up-to-date: /home/adminlab/franka_ros2_ws/install/franka_msgs/include/franka_msgs/franka_msgs/msg/detail/franka_robot_state__struct.h
[1.123s] -- Up-to-date: /home/adminlab/franka_ros2_ws/install/franka_msgs/include/franka_msgs/franka_msgs/msg/detail/grasp_epsilon__functions.c
[1.123s] -- Up-to-date: /home/adminlab/franka_ros2_ws/install/franka_msgs/include/franka_msgs/franka_msgs/msg/detail/franka_robot_state__type_support.h
[1.123s] -- Up-to-date: /home/adminlab/franka_ros2_ws/install/franka_msgs/include/franka_msgs/franka_msgs/msg/detail/grasp_epsilon__struct.h
[1.123s] -- Up-to-date: /home/adminlab/franka_ros2_ws/install/franka_msgs/include/franka_msgs/franka_msgs/msg/detail/elbow__type_support.h
[1.123s] -- Up-to-date: /home/adminlab/franka_ros2_ws/install/franka_msgs/include/franka_msgs/franka_msgs/msg/detail/collision_indicators__functions.c
[1.123s] -- Up-to-date: /home/adminlab/franka_ros2_ws/install/franka_msgs/include/franka_msgs/franka_msgs/msg/detail/collision_indicators__functions.h
[1.123s] -- Up-to-date: /home/adminlab/franka_ros2_ws/install/franka_msgs/include/franka_msgs/franka_msgs/msg/detail/collision_indicators__type_support.h
[1.123s] -- Up-to-date: /home/adminlab/franka_ros2_ws/install/franka_msgs/include/franka_msgs/franka_msgs/msg/detail/elbow__struct.h
[1.123s] -- Up-to-date: /home/adminlab/franka_ros2_ws/install/franka_msgs/include/franka_msgs/franka_msgs/msg/detail/errors__functions.h
[1.124s] -- Up-to-date: /home/adminlab/franka_ros2_ws/install/franka_msgs/include/franka_msgs/franka_msgs/msg/detail/grasp_epsilon__type_support.h
[1.124s] -- Up-to-date: /home/adminlab/franka_ros2_ws/install/franka_msgs/include/franka_msgs/franka_msgs/msg/detail/errors__type_support.h
[1.124s] -- Up-to-date: /home/adminlab/franka_ros2_ws/install/franka_msgs/include/franka_msgs/franka_msgs/msg/detail/franka_robot_state__functions.c
[1.124s] -- Up-to-date: /home/adminlab/franka_ros2_ws/install/franka_msgs/include/franka_msgs/franka_msgs/msg/detail/errors__struct.h
[1.124s] -- Up-to-date: /home/adminlab/franka_ros2_ws/install/franka_msgs/include/franka_msgs/franka_msgs/msg/detail/elbow__functions.h
[1.124s] -- Up-to-date: /home/adminlab/franka_ros2_ws/install/franka_msgs/include/franka_msgs/franka_msgs/msg/detail/franka_robot_state__functions.h
[1.124s] -- Up-to-date: /home/adminlab/franka_ros2_ws/install/franka_msgs/include/franka_msgs/franka_msgs/msg/errors.h
[1.124s] -- Up-to-date: /home/adminlab/franka_ros2_ws/install/franka_msgs/include/franka_msgs/franka_msgs/msg/rosidl_generator_c__visibility_control.h
[1.124s] -- Up-to-date: /home/adminlab/franka_ros2_ws/install/franka_msgs/include/franka_msgs/franka_msgs/msg/elbow.h
[1.124s] -- Up-to-date: /home/adminlab/franka_ros2_ws/install/franka_msgs/include/franka_msgs/franka_msgs/action
[1.124s] -- Up-to-date: /home/adminlab/franka_ros2_ws/install/franka_msgs/include/franka_msgs/franka_msgs/action/grasp.h
[1.124s] -- Up-to-date: /home/adminlab/franka_ros2_ws/install/franka_msgs/include/franka_msgs/franka_msgs/action/detail
[1.124s] -- Up-to-date: /home/adminlab/franka_ros2_ws/install/franka_msgs/include/franka_msgs/franka_msgs/action/detail/move__functions.c
[1.124s] -- Up-to-date: /home/adminlab/franka_ros2_ws/install/franka_msgs/include/franka_msgs/franka_msgs/action/detail/homing__type_support.h
[1.124s] -- Up-to-date: /home/adminlab/franka_ros2_ws/install/franka_msgs/include/franka_msgs/franka_msgs/action/detail/grasp__type_support.h
[1.124s] -- Up-to-date: /home/adminlab/franka_ros2_ws/install/franka_msgs/include/franka_msgs/franka_msgs/action/detail/move__functions.h
[1.125s] -- Up-to-date: /home/adminlab/franka_ros2_ws/install/franka_msgs/include/franka_msgs/franka_msgs/action/detail/grasp__functions.h
[1.125s] -- Up-to-date: /home/adminlab/franka_ros2_ws/install/franka_msgs/include/franka_msgs/franka_msgs/action/detail/homing__struct.h
[1.125s] -- Up-to-date: /home/adminlab/franka_ros2_ws/install/franka_msgs/include/franka_msgs/franka_msgs/action/detail/homing__functions.c
[1.125s] -- Up-to-date: /home/adminlab/franka_ros2_ws/install/franka_msgs/include/franka_msgs/franka_msgs/action/detail/grasp__functions.c
[1.125s] -- Up-to-date: /home/adminlab/franka_ros2_ws/install/franka_msgs/include/franka_msgs/franka_msgs/action/detail/move__struct.h
[1.125s] -- Up-to-date: /home/adminlab/franka_ros2_ws/install/franka_msgs/include/franka_msgs/franka_msgs/action/detail/grasp__struct.h
[1.125s] -- Up-to-date: /home/adminlab/franka_ros2_ws/install/franka_msgs/include/franka_msgs/franka_msgs/action/detail/homing__functions.h
[1.125s] -- Up-to-date: /home/adminlab/franka_ros2_ws/install/franka_msgs/include/franka_msgs/franka_msgs/action/detail/move__type_support.h
[1.125s] -- Up-to-date: /home/adminlab/franka_ros2_ws/install/franka_msgs/include/franka_msgs/franka_msgs/action/move.h
[1.125s] -- Up-to-date: /home/adminlab/franka_ros2_ws/install/franka_msgs/include/franka_msgs/franka_msgs/action/homing.h
[1.125s] -- Up-to-date: /home/adminlab/franka_ros2_ws/install/franka_msgs/include/franka_msgs/franka_msgs/srv
[1.126s] -- Up-to-date: /home/adminlab/franka_ros2_ws/install/franka_msgs/include/franka_msgs/franka_msgs/srv/set_full_collision_behavior.h
[1.126s] -- Up-to-date: /home/adminlab/franka_ros2_ws/install/franka_msgs/include/franka_msgs/franka_msgs/srv/set_stiffness_frame.h
[1.126s] -- Up-to-date: /home/adminlab/franka_ros2_ws/install/franka_msgs/include/franka_msgs/franka_msgs/srv/set_cartesian_stiffness.h
[1.126s] -- Up-to-date: /home/adminlab/franka_ros2_ws/install/franka_msgs/include/franka_msgs/franka_msgs/srv/set_force_torque_collision_behavior.h
[1.126s] -- Up-to-date: /home/adminlab/franka_ros2_ws/install/franka_msgs/include/franka_msgs/franka_msgs/srv/set_joint_stiffness.h
[1.126s] -- Up-to-date: /home/adminlab/franka_ros2_ws/install/franka_msgs/include/franka_msgs/franka_msgs/srv/detail
[1.126s] -- Up-to-date: /home/adminlab/franka_ros2_ws/install/franka_msgs/include/franka_msgs/franka_msgs/srv/detail/set_load__type_support.h
[1.126s] -- Up-to-date: /home/adminlab/franka_ros2_ws/install/franka_msgs/include/franka_msgs/franka_msgs/srv/detail/set_force_torque_collision_behavior__functions.h
[1.126s] -- Up-to-date: /home/adminlab/franka_ros2_ws/install/franka_msgs/include/franka_msgs/franka_msgs/srv/detail/set_full_collision_behavior__type_support.h
[1.126s] -- Up-to-date: /home/adminlab/franka_ros2_ws/install/franka_msgs/include/franka_msgs/franka_msgs/srv/detail/set_tcp_frame__functions.h
[1.126s] -- Up-to-date: /home/adminlab/franka_ros2_ws/install/franka_msgs/include/franka_msgs/franka_msgs/srv/detail/set_full_collision_behavior__functions.c
[1.126s] -- Up-to-date: /home/adminlab/franka_ros2_ws/install/franka_msgs/include/franka_msgs/franka_msgs/srv/detail/set_joint_stiffness__type_support.h
[1.126s] -- Up-to-date: /home/adminlab/franka_ros2_ws/install/franka_msgs/include/franka_msgs/franka_msgs/srv/detail/set_tcp_frame__functions.c
[1.126s] -- Up-to-date: /home/adminlab/franka_ros2_ws/install/franka_msgs/include/franka_msgs/franka_msgs/srv/detail/set_full_collision_behavior__struct.h
[1.126s] -- Up-to-date: /home/adminlab/franka_ros2_ws/install/franka_msgs/include/franka_msgs/franka_msgs/srv/detail/set_stiffness_frame__functions.h
[1.126s] -- Up-to-date: /home/adminlab/franka_ros2_ws/install/franka_msgs/include/franka_msgs/franka_msgs/srv/detail/set_stiffness_frame__functions.c
[1.126s] -- Up-to-date: /home/adminlab/franka_ros2_ws/install/franka_msgs/include/franka_msgs/franka_msgs/srv/detail/set_load__functions.h
[1.126s] -- Up-to-date: /home/adminlab/franka_ros2_ws/install/franka_msgs/include/franka_msgs/franka_msgs/srv/detail/set_load__functions.c
[1.126s] -- Up-to-date: /home/adminlab/franka_ros2_ws/install/franka_msgs/include/franka_msgs/franka_msgs/srv/detail/set_stiffness_frame__type_support.h
[1.127s] -- Up-to-date: /home/adminlab/franka_ros2_ws/install/franka_msgs/include/franka_msgs/franka_msgs/srv/detail/set_tcp_frame__type_support.h
[1.127s] -- Up-to-date: /home/adminlab/franka_ros2_ws/install/franka_msgs/include/franka_msgs/franka_msgs/srv/detail/set_joint_stiffness__functions.c
[1.127s] -- Up-to-date: /home/adminlab/franka_ros2_ws/install/franka_msgs/include/franka_msgs/franka_msgs/srv/detail/set_joint_stiffness__struct.h
[1.127s] -- Up-to-date: /home/adminlab/franka_ros2_ws/install/franka_msgs/include/franka_msgs/franka_msgs/srv/detail/set_joint_stiffness__functions.h
[1.127s] -- Up-to-date: /home/adminlab/franka_ros2_ws/install/franka_msgs/include/franka_msgs/franka_msgs/srv/detail/set_cartesian_stiffness__functions.c
[1.127s] -- Up-to-date: /home/adminlab/franka_ros2_ws/install/franka_msgs/include/franka_msgs/franka_msgs/srv/detail/set_load__struct.h
[1.127s] -- Up-to-date: /home/adminlab/franka_ros2_ws/install/franka_msgs/include/franka_msgs/franka_msgs/srv/detail/set_force_torque_collision_behavior__struct.h
[1.127s] -- Up-to-date: /home/adminlab/franka_ros2_ws/install/franka_msgs/include/franka_msgs/franka_msgs/srv/detail/set_cartesian_stiffness__struct.h
[1.127s] -- Up-to-date: /home/adminlab/franka_ros2_ws/install/franka_msgs/include/franka_msgs/franka_msgs/srv/detail/set_tcp_frame__struct.h
[1.127s] -- Up-to-date: /home/adminlab/franka_ros2_ws/install/franka_msgs/include/franka_msgs/franka_msgs/srv/detail/set_force_torque_collision_behavior__functions.c
[1.127s] -- Up-to-date: /home/adminlab/franka_ros2_ws/install/franka_msgs/include/franka_msgs/franka_msgs/srv/detail/set_cartesian_stiffness__type_support.h
[1.127s] -- Up-to-date: /home/adminlab/franka_ros2_ws/install/franka_msgs/include/franka_msgs/franka_msgs/srv/detail/set_cartesian_stiffness__functions.h
[1.128s] -- Up-to-date: /home/adminlab/franka_ros2_ws/install/franka_msgs/include/franka_msgs/franka_msgs/srv/detail/set_stiffness_frame__struct.h
[1.128s] -- Up-to-date: /home/adminlab/franka_ros2_ws/install/franka_msgs/include/franka_msgs/franka_msgs/srv/detail/set_full_collision_behavior__functions.h
[1.128s] -- Up-to-date: /home/adminlab/franka_ros2_ws/install/franka_msgs/include/franka_msgs/franka_msgs/srv/detail/set_force_torque_collision_behavior__type_support.h
[1.128s] -- Up-to-date: /home/adminlab/franka_ros2_ws/install/franka_msgs/include/franka_msgs/franka_msgs/srv/set_tcp_frame.h
[1.128s] -- Up-to-date: /home/adminlab/franka_ros2_ws/install/franka_msgs/include/franka_msgs/franka_msgs/srv/set_load.h
[1.128s] -- Up-to-date: /home/adminlab/franka_ros2_ws/install/franka_msgs/share/franka_msgs/environment/library_path.sh
[1.128s] -- Up-to-date: /home/adminlab/franka_ros2_ws/install/franka_msgs/share/franka_msgs/environment/library_path.dsv
[1.128s] -- Up-to-date: /home/adminlab/franka_ros2_ws/install/franka_msgs/lib/libfranka_msgs__rosidl_generator_c.so
[1.128s] -- Up-to-date: /home/adminlab/franka_ros2_ws/install/franka_msgs/include/franka_msgs/franka_msgs
[1.128s] -- Up-to-date: /home/adminlab/franka_ros2_ws/install/franka_msgs/include/franka_msgs/franka_msgs/msg
[1.128s] -- Up-to-date: /home/adminlab/franka_ros2_ws/install/franka_msgs/include/franka_msgs/franka_msgs/msg/detail
[1.128s] -- Up-to-date: /home/adminlab/franka_ros2_ws/install/franka_msgs/include/franka_msgs/franka_msgs/msg/detail/elbow__rosidl_typesupport_fastrtps_c.h
[1.128s] -- Up-to-date: /home/adminlab/franka_ros2_ws/install/franka_msgs/include/franka_msgs/franka_msgs/msg/detail/errors__rosidl_typesupport_fastrtps_c.h
[1.128s] -- Up-to-date: /home/adminlab/franka_ros2_ws/install/franka_msgs/include/franka_msgs/franka_msgs/msg/detail/grasp_epsilon__rosidl_typesupport_fastrtps_c.h
[1.128s] -- Up-to-date: /home/adminlab/franka_ros2_ws/install/franka_msgs/include/franka_msgs/franka_msgs/msg/detail/collision_indicators__rosidl_typesupport_fastrtps_c.h
[1.128s] -- Up-to-date: /home/adminlab/franka_ros2_ws/install/franka_msgs/include/franka_msgs/franka_msgs/msg/detail/franka_robot_state__rosidl_typesupport_fastrtps_c.h
[1.128s] -- Up-to-date: /home/adminlab/franka_ros2_ws/install/franka_msgs/include/franka_msgs/franka_msgs/msg/rosidl_typesupport_fastrtps_c__visibility_control.h
[1.128s] -- Up-to-date: /home/adminlab/franka_ros2_ws/install/franka_msgs/include/franka_msgs/franka_msgs/action
[1.128s] -- Up-to-date: /home/adminlab/franka_ros2_ws/install/franka_msgs/include/franka_msgs/franka_msgs/action/detail
[1.128s] -- Up-to-date: /home/adminlab/franka_ros2_ws/install/franka_msgs/include/franka_msgs/franka_msgs/action/detail/homing__rosidl_typesupport_fastrtps_c.h
[1.129s] -- Up-to-date: /home/adminlab/franka_ros2_ws/install/franka_msgs/include/franka_msgs/franka_msgs/action/detail/grasp__rosidl_typesupport_fastrtps_c.h
[1.129s] -- Up-to-date: /home/adminlab/franka_ros2_ws/install/franka_msgs/include/franka_msgs/franka_msgs/action/detail/move__rosidl_typesupport_fastrtps_c.h
[1.129s] -- Up-to-date: /home/adminlab/franka_ros2_ws/install/franka_msgs/include/franka_msgs/franka_msgs/srv
[1.129s] -- Up-to-date: /home/adminlab/franka_ros2_ws/install/franka_msgs/include/franka_msgs/franka_msgs/srv/detail
[1.129s] -- Up-to-date: /home/adminlab/franka_ros2_ws/install/franka_msgs/include/franka_msgs/franka_msgs/srv/detail/set_force_torque_collision_behavior__rosidl_typesupport_fastrtps_c.h
[1.129s] -- Up-to-date: /home/adminlab/franka_ros2_ws/install/franka_msgs/include/franka_msgs/franka_msgs/srv/detail/set_load__rosidl_typesupport_fastrtps_c.h
[1.130s] -- Up-to-date: /home/adminlab/franka_ros2_ws/install/franka_msgs/include/franka_msgs/franka_msgs/srv/detail/set_cartesian_stiffness__rosidl_typesupport_fastrtps_c.h
[1.130s] -- Up-to-date: /home/adminlab/franka_ros2_ws/install/franka_msgs/include/franka_msgs/franka_msgs/srv/detail/set_stiffness_frame__rosidl_typesupport_fastrtps_c.h
[1.130s] -- Up-to-date: /home/adminlab/franka_ros2_ws/install/franka_msgs/include/franka_msgs/franka_msgs/srv/detail/set_full_collision_behavior__rosidl_typesupport_fastrtps_c.h
[1.130s] -- Up-to-date: /home/adminlab/franka_ros2_ws/install/franka_msgs/include/franka_msgs/franka_msgs/srv/detail/set_joint_stiffness__rosidl_typesupport_fastrtps_c.h
[1.130s] -- Up-to-date: /home/adminlab/franka_ros2_ws/install/franka_msgs/include/franka_msgs/franka_msgs/srv/detail/set_tcp_frame__rosidl_typesupport_fastrtps_c.h
[1.130s] -- Up-to-date: /home/adminlab/franka_ros2_ws/install/franka_msgs/lib/libfranka_msgs__rosidl_typesupport_fastrtps_c.so
[1.130s] -- Up-to-date: /home/adminlab/franka_ros2_ws/install/franka_msgs/include/franka_msgs/franka_msgs
[1.130s] -- Up-to-date: /home/adminlab/franka_ros2_ws/install/franka_msgs/include/franka_msgs/franka_msgs/msg
[1.130s] -- Up-to-date: /home/adminlab/franka_ros2_ws/install/franka_msgs/include/franka_msgs/franka_msgs/msg/detail
[1.130s] -- Up-to-date: /home/adminlab/franka_ros2_ws/install/franka_msgs/include/franka_msgs/franka_msgs/msg/detail/franka_robot_state__rosidl_typesupport_introspection_c.h
[1.130s] -- Up-to-date: /home/adminlab/franka_ros2_ws/install/franka_msgs/include/franka_msgs/franka_msgs/msg/detail/grasp_epsilon__type_support.c
[1.131s] -- Up-to-date: /home/adminlab/franka_ros2_ws/install/franka_msgs/include/franka_msgs/franka_msgs/msg/detail/collision_indicators__type_support.c
[1.131s] -- Up-to-date: /home/adminlab/franka_ros2_ws/install/franka_msgs/include/franka_msgs/franka_msgs/msg/detail/errors__rosidl_typesupport_introspection_c.h
[1.131s] -- Up-to-date: /home/adminlab/franka_ros2_ws/install/franka_msgs/include/franka_msgs/franka_msgs/msg/detail/errors__type_support.c
[1.131s] -- Up-to-date: /home/adminlab/franka_ros2_ws/install/franka_msgs/include/franka_msgs/franka_msgs/msg/detail/grasp_epsilon__rosidl_typesupport_introspection_c.h
[1.131s] -- Up-to-date: /home/adminlab/franka_ros2_ws/install/franka_msgs/include/franka_msgs/franka_msgs/msg/detail/collision_indicators__rosidl_typesupport_introspection_c.h
[1.131s] -- Up-to-date: /home/adminlab/franka_ros2_ws/install/franka_msgs/include/franka_msgs/franka_msgs/msg/detail/elbow__rosidl_typesupport_introspection_c.h
[1.131s] -- Up-to-date: /home/adminlab/franka_ros2_ws/install/franka_msgs/include/franka_msgs/franka_msgs/msg/detail/franka_robot_state__type_support.c
[1.132s] -- Up-to-date: /home/adminlab/franka_ros2_ws/install/franka_msgs/include/franka_msgs/franka_msgs/msg/detail/elbow__type_support.c
[1.133s] -- Up-to-date: /home/adminlab/franka_ros2_ws/install/franka_msgs/include/franka_msgs/franka_msgs/msg/rosidl_typesupport_introspection_c__visibility_control.h
[1.133s] -- Up-to-date: /home/adminlab/franka_ros2_ws/install/franka_msgs/include/franka_msgs/franka_msgs/action
[1.133s] -- Up-to-date: /home/adminlab/franka_ros2_ws/install/franka_msgs/include/franka_msgs/franka_msgs/action/detail
[1.133s] -- Up-to-date: /home/adminlab/franka_ros2_ws/install/franka_msgs/include/franka_msgs/franka_msgs/action/detail/grasp__rosidl_typesupport_introspection_c.h
[1.133s] -- Up-to-date: /home/adminlab/franka_ros2_ws/install/franka_msgs/include/franka_msgs/franka_msgs/action/detail/homing__rosidl_typesupport_introspection_c.h
[1.133s] -- Up-to-date: /home/adminlab/franka_ros2_ws/install/franka_msgs/include/franka_msgs/franka_msgs/action/detail/homing__type_support.c
[1.133s] -- Up-to-date: /home/adminlab/franka_ros2_ws/install/franka_msgs/include/franka_msgs/franka_msgs/action/detail/grasp__type_support.c
[1.133s] -- Up-to-date: /home/adminlab/franka_ros2_ws/install/franka_msgs/include/franka_msgs/franka_msgs/action/detail/move__type_support.c
[1.134s] -- Up-to-date: /home/adminlab/franka_ros2_ws/install/franka_msgs/include/franka_msgs/franka_msgs/action/detail/move__rosidl_typesupport_introspection_c.h
[1.134s] -- Up-to-date: /home/adminlab/franka_ros2_ws/install/franka_msgs/include/franka_msgs/franka_msgs/srv
[1.134s] -- Up-to-date: /home/adminlab/franka_ros2_ws/install/franka_msgs/include/franka_msgs/franka_msgs/srv/detail
[1.134s] -- Up-to-date: /home/adminlab/franka_ros2_ws/install/franka_msgs/include/franka_msgs/franka_msgs/srv/detail/set_cartesian_stiffness__type_support.c
[1.134s] -- Up-to-date: /home/adminlab/franka_ros2_ws/install/franka_msgs/include/franka_msgs/franka_msgs/srv/detail/set_tcp_frame__type_support.c
[1.134s] -- Up-to-date: /home/adminlab/franka_ros2_ws/install/franka_msgs/include/franka_msgs/franka_msgs/srv/detail/set_joint_stiffness__rosidl_typesupport_introspection_c.h
[1.134s] -- Up-to-date: /home/adminlab/franka_ros2_ws/install/franka_msgs/include/franka_msgs/franka_msgs/srv/detail/set_load__type_support.c
[1.134s] -- Up-to-date: /home/adminlab/franka_ros2_ws/install/franka_msgs/include/franka_msgs/franka_msgs/srv/detail/set_load__rosidl_typesupport_introspection_c.h
[1.134s] -- Up-to-date: /home/adminlab/franka_ros2_ws/install/franka_msgs/include/franka_msgs/franka_msgs/srv/detail/set_cartesian_stiffness__rosidl_typesupport_introspection_c.h
[1.134s] -- Up-to-date: /home/adminlab/franka_ros2_ws/install/franka_msgs/include/franka_msgs/franka_msgs/srv/detail/set_force_torque_collision_behavior__rosidl_typesupport_introspection_c.h
[1.134s] -- Up-to-date: /home/adminlab/franka_ros2_ws/install/franka_msgs/include/franka_msgs/franka_msgs/srv/detail/set_stiffness_frame__type_support.c
[1.134s] -- Up-to-date: /home/adminlab/franka_ros2_ws/install/franka_msgs/include/franka_msgs/franka_msgs/srv/detail/set_force_torque_collision_behavior__type_support.c
[1.134s] -- Up-to-date: /home/adminlab/franka_ros2_ws/install/franka_msgs/include/franka_msgs/franka_msgs/srv/detail/set_joint_stiffness__type_support.c
[1.134s] -- Up-to-date: /home/adminlab/franka_ros2_ws/install/franka_msgs/include/franka_msgs/franka_msgs/srv/detail/set_stiffness_frame__rosidl_typesupport_introspection_c.h
[1.134s] -- Up-to-date: /home/adminlab/franka_ros2_ws/install/franka_msgs/include/franka_msgs/franka_msgs/srv/detail/set_full_collision_behavior__rosidl_typesupport_introspection_c.h
[1.134s] -- Up-to-date: /home/adminlab/franka_ros2_ws/install/franka_msgs/include/franka_msgs/franka_msgs/srv/detail/set_full_collision_behavior__type_support.c
[1.134s] -- Up-to-date: /home/adminlab/franka_ros2_ws/install/franka_msgs/include/franka_msgs/franka_msgs/srv/detail/set_tcp_frame__rosidl_typesupport_introspection_c.h
[1.135s] -- Up-to-date: /home/adminlab/franka_ros2_ws/install/franka_msgs/lib/libfranka_msgs__rosidl_typesupport_introspection_c.so
[1.135s] -- Up-to-date: /home/adminlab/franka_ros2_ws/install/franka_msgs/lib/libfranka_msgs__rosidl_typesupport_c.so
[1.135s] -- Up-to-date: /home/adminlab/franka_ros2_ws/install/franka_msgs/include/franka_msgs/franka_msgs
[1.135s] -- Up-to-date: /home/adminlab/franka_ros2_ws/install/franka_msgs/include/franka_msgs/franka_msgs/msg
[1.136s] -- Up-to-date: /home/adminlab/franka_ros2_ws/install/franka_msgs/include/franka_msgs/franka_msgs/msg/errors.hpp
[1.136s] -- Up-to-date: /home/adminlab/franka_ros2_ws/install/franka_msgs/include/franka_msgs/franka_msgs/msg/detail
[1.136s] -- Up-to-date: /home/adminlab/franka_ros2_ws/install/franka_msgs/include/franka_msgs/franka_msgs/msg/detail/franka_robot_state__struct.hpp
[1.136s] -- Up-to-date: /home/adminlab/franka_ros2_ws/install/franka_msgs/include/franka_msgs/franka_msgs/msg/detail/errors__traits.hpp
[1.136s] -- Up-to-date: /home/adminlab/franka_ros2_ws/install/franka_msgs/include/franka_msgs/franka_msgs/msg/detail/franka_robot_state__traits.hpp
[1.136s] -- Up-to-date: /home/adminlab/franka_ros2_ws/install/franka_msgs/include/franka_msgs/franka_msgs/msg/detail/collision_indicators__struct.hpp
[1.136s] -- Up-to-date: /home/adminlab/franka_ros2_ws/install/franka_msgs/include/franka_msgs/franka_msgs/msg/detail/grasp_epsilon__builder.hpp
[1.136s] -- Up-to-date: /home/adminlab/franka_ros2_ws/install/franka_msgs/include/franka_msgs/franka_msgs/msg/detail/errors__builder.hpp
[1.136s] -- Up-to-date: /home/adminlab/franka_ros2_ws/install/franka_msgs/include/franka_msgs/franka_msgs/msg/detail/grasp_epsilon__struct.hpp
[1.136s] -- Up-to-date: /home/adminlab/franka_ros2_ws/install/franka_msgs/include/franka_msgs/franka_msgs/msg/detail/collision_indicators__builder.hpp
[1.136s] -- Up-to-date: /home/adminlab/franka_ros2_ws/install/franka_msgs/include/franka_msgs/franka_msgs/msg/detail/errors__struct.hpp
[1.136s] -- Up-to-date: /home/adminlab/franka_ros2_ws/install/franka_msgs/include/franka_msgs/franka_msgs/msg/detail/grasp_epsilon__traits.hpp
[1.136s] -- Up-to-date: /home/adminlab/franka_ros2_ws/install/franka_msgs/include/franka_msgs/franka_msgs/msg/detail/elbow__struct.hpp
[1.136s] -- Up-to-date: /home/adminlab/franka_ros2_ws/install/franka_msgs/include/franka_msgs/franka_msgs/msg/detail/elbow__builder.hpp
[1.136s] -- Up-to-date: /home/adminlab/franka_ros2_ws/install/franka_msgs/include/franka_msgs/franka_msgs/msg/detail/elbow__traits.hpp
[1.137s] -- Up-to-date: /home/adminlab/franka_ros2_ws/install/franka_msgs/include/franka_msgs/franka_msgs/msg/detail/franka_robot_state__builder.hpp
[1.137s] -- Up-to-date: /home/adminlab/franka_ros2_ws/install/franka_msgs/include/franka_msgs/franka_msgs/msg/detail/collision_indicators__traits.hpp
[1.137s] -- Up-to-date: /home/adminlab/franka_ros2_ws/install/franka_msgs/include/franka_msgs/franka_msgs/msg/elbow.hpp
[1.137s] -- Up-to-date: /home/adminlab/franka_ros2_ws/install/franka_msgs/include/franka_msgs/franka_msgs/msg/grasp_epsilon.hpp
[1.137s] -- Up-to-date: /home/adminlab/franka_ros2_ws/install/franka_msgs/include/franka_msgs/franka_msgs/msg/collision_indicators.hpp
[1.137s] -- Up-to-date: /home/adminlab/franka_ros2_ws/install/franka_msgs/include/franka_msgs/franka_msgs/msg/franka_robot_state.hpp
[1.137s] -- Up-to-date: /home/adminlab/franka_ros2_ws/install/franka_msgs/include/franka_msgs/franka_msgs/action
[1.137s] -- Up-to-date: /home/adminlab/franka_ros2_ws/install/franka_msgs/include/franka_msgs/franka_msgs/action/grasp.hpp
[1.137s] -- Up-to-date: /home/adminlab/franka_ros2_ws/install/franka_msgs/include/franka_msgs/franka_msgs/action/detail
[1.137s] -- Up-to-date: /home/adminlab/franka_ros2_ws/install/franka_msgs/include/franka_msgs/franka_msgs/action/detail/move__traits.hpp
[1.137s] -- Up-to-date: /home/adminlab/franka_ros2_ws/install/franka_msgs/include/franka_msgs/franka_msgs/action/detail/grasp__traits.hpp
[1.137s] -- Up-to-date: /home/adminlab/franka_ros2_ws/install/franka_msgs/include/franka_msgs/franka_msgs/action/detail/move__struct.hpp
[1.137s] -- Up-to-date: /home/adminlab/franka_ros2_ws/install/franka_msgs/include/franka_msgs/franka_msgs/action/detail/homing__builder.hpp
[1.137s] -- Up-to-date: /home/adminlab/franka_ros2_ws/install/franka_msgs/include/franka_msgs/franka_msgs/action/detail/grasp__builder.hpp
[1.137s] -- Up-to-date: /home/adminlab/franka_ros2_ws/install/franka_msgs/include/franka_msgs/franka_msgs/action/detail/grasp__struct.hpp
[1.137s] -- Up-to-date: /home/adminlab/franka_ros2_ws/install/franka_msgs/include/franka_msgs/franka_msgs/action/detail/homing__struct.hpp
[1.137s] -- Up-to-date: /home/adminlab/franka_ros2_ws/install/franka_msgs/include/franka_msgs/franka_msgs/action/detail/homing__traits.hpp
[1.138s] -- Up-to-date: /home/adminlab/franka_ros2_ws/install/franka_msgs/include/franka_msgs/franka_msgs/action/detail/move__builder.hpp
[1.138s] -- Up-to-date: /home/adminlab/franka_ros2_ws/install/franka_msgs/include/franka_msgs/franka_msgs/action/move.hpp
[1.138s] -- Up-to-date: /home/adminlab/franka_ros2_ws/install/franka_msgs/include/franka_msgs/franka_msgs/action/homing.hpp
[1.138s] -- Up-to-date: /home/adminlab/franka_ros2_ws/install/franka_msgs/include/franka_msgs/franka_msgs/srv
[1.138s] -- Up-to-date: /home/adminlab/franka_ros2_ws/install/franka_msgs/include/franka_msgs/franka_msgs/srv/set_load.hpp
[1.138s] -- Up-to-date: /home/adminlab/franka_ros2_ws/install/franka_msgs/include/franka_msgs/franka_msgs/srv/set_cartesian_stiffness.hpp
[1.138s] -- Up-to-date: /home/adminlab/franka_ros2_ws/install/franka_msgs/include/franka_msgs/franka_msgs/srv/set_full_collision_behavior.hpp
[1.138s] -- Up-to-date: /home/adminlab/franka_ros2_ws/install/franka_msgs/include/franka_msgs/franka_msgs/srv/set_joint_stiffness.hpp
[1.138s] -- Up-to-date: /home/adminlab/franka_ros2_ws/install/franka_msgs/include/franka_msgs/franka_msgs/srv/set_force_torque_collision_behavior.hpp
[1.138s] -- Up-to-date: /home/adminlab/franka_ros2_ws/install/franka_msgs/include/franka_msgs/franka_msgs/srv/set_tcp_frame.hpp
[1.138s] -- Up-to-date: /home/adminlab/franka_ros2_ws/install/franka_msgs/include/franka_msgs/franka_msgs/srv/set_stiffness_frame.hpp
[1.138s] -- Up-to-date: /home/adminlab/franka_ros2_ws/install/franka_msgs/include/franka_msgs/franka_msgs/srv/detail
[1.138s] -- Up-to-date: /home/adminlab/franka_ros2_ws/install/franka_msgs/include/franka_msgs/franka_msgs/srv/detail/set_joint_stiffness__struct.hpp
[1.138s] -- Up-to-date: /home/adminlab/franka_ros2_ws/install/franka_msgs/include/franka_msgs/franka_msgs/srv/detail/set_joint_stiffness__traits.hpp
[1.138s] -- Up-to-date: /home/adminlab/franka_ros2_ws/install/franka_msgs/include/franka_msgs/franka_msgs/srv/detail/set_stiffness_frame__traits.hpp
[1.138s] -- Up-to-date: /home/adminlab/franka_ros2_ws/install/franka_msgs/include/franka_msgs/franka_msgs/srv/detail/set_force_torque_collision_behavior__struct.hpp
[1.140s] -- Up-to-date: /home/adminlab/franka_ros2_ws/install/franka_msgs/include/franka_msgs/franka_msgs/srv/detail/set_load__traits.hpp
[1.140s] -- Up-to-date: /home/adminlab/franka_ros2_ws/install/franka_msgs/include/franka_msgs/franka_msgs/srv/detail/set_full_collision_behavior__builder.hpp
[1.141s] -- Up-to-date: /home/adminlab/franka_ros2_ws/install/franka_msgs/include/franka_msgs/franka_msgs/srv/detail/set_force_torque_collision_behavior__builder.hpp
[1.141s] -- Up-to-date: /home/adminlab/franka_ros2_ws/install/franka_msgs/include/franka_msgs/franka_msgs/srv/detail/set_tcp_frame__struct.hpp
[1.141s] -- Up-to-date: /home/adminlab/franka_ros2_ws/install/franka_msgs/include/franka_msgs/franka_msgs/srv/detail/set_stiffness_frame__builder.hpp
[1.141s] -- Up-to-date: /home/adminlab/franka_ros2_ws/install/franka_msgs/include/franka_msgs/franka_msgs/srv/detail/set_tcp_frame__builder.hpp
[1.141s] -- Up-to-date: /home/adminlab/franka_ros2_ws/install/franka_msgs/include/franka_msgs/franka_msgs/srv/detail/set_full_collision_behavior__struct.hpp
[1.141s] -- Up-to-date: /home/adminlab/franka_ros2_ws/install/franka_msgs/include/franka_msgs/franka_msgs/srv/detail/set_load__builder.hpp
[1.141s] -- Up-to-date: /home/adminlab/franka_ros2_ws/install/franka_msgs/include/franka_msgs/franka_msgs/srv/detail/set_stiffness_frame__struct.hpp
[1.141s] -- Up-to-date: /home/adminlab/franka_ros2_ws/install/franka_msgs/include/franka_msgs/franka_msgs/srv/detail/set_cartesian_stiffness__struct.hpp
[1.141s] -- Up-to-date: /home/adminlab/franka_ros2_ws/install/franka_msgs/include/franka_msgs/franka_msgs/srv/detail/set_joint_stiffness__builder.hpp
[1.141s] -- Up-to-date: /home/adminlab/franka_ros2_ws/install/franka_msgs/include/franka_msgs/franka_msgs/srv/detail/set_tcp_frame__traits.hpp
[1.141s] -- Up-to-date: /home/adminlab/franka_ros2_ws/install/franka_msgs/include/franka_msgs/franka_msgs/srv/detail/set_cartesian_stiffness__traits.hpp
[1.141s] -- Up-to-date: /home/adminlab/franka_ros2_ws/install/franka_msgs/include/franka_msgs/franka_msgs/srv/detail/set_force_torque_collision_behavior__traits.hpp
[1.141s] -- Up-to-date: /home/adminlab/franka_ros2_ws/install/franka_msgs/include/franka_msgs/franka_msgs/srv/detail/set_cartesian_stiffness__builder.hpp
[1.141s] -- Up-to-date: /home/adminlab/franka_ros2_ws/install/franka_msgs/include/franka_msgs/franka_msgs/srv/detail/set_load__struct.hpp
[1.141s] -- Up-to-date: /home/adminlab/franka_ros2_ws/install/franka_msgs/include/franka_msgs/franka_msgs/srv/detail/set_full_collision_behavior__traits.hpp
[1.141s] -- Up-to-date: /home/adminlab/franka_ros2_ws/install/franka_msgs/include/franka_msgs/franka_msgs
[1.141s] -- Up-to-date: /home/adminlab/franka_ros2_ws/install/franka_msgs/include/franka_msgs/franka_msgs/msg
[1.141s] -- Up-to-date: /home/adminlab/franka_ros2_ws/install/franka_msgs/include/franka_msgs/franka_msgs/msg/detail
[1.142s] -- Up-to-date: /home/adminlab/franka_ros2_ws/install/franka_msgs/include/franka_msgs/franka_msgs/msg/detail/dds_fastrtps
[1.142s] -- Up-to-date: /home/adminlab/franka_ros2_ws/install/franka_msgs/include/franka_msgs/franka_msgs/msg/detail/elbow__rosidl_typesupport_fastrtps_cpp.hpp
[1.142s] -- Up-to-date: /home/adminlab/franka_ros2_ws/install/franka_msgs/include/franka_msgs/franka_msgs/msg/detail/collision_indicators__rosidl_typesupport_fastrtps_cpp.hpp
[1.142s] -- Up-to-date: /home/adminlab/franka_ros2_ws/install/franka_msgs/include/franka_msgs/franka_msgs/msg/detail/grasp_epsilon__rosidl_typesupport_fastrtps_cpp.hpp
[1.142s] -- Up-to-date: /home/adminlab/franka_ros2_ws/install/franka_msgs/include/franka_msgs/franka_msgs/msg/detail/errors__rosidl_typesupport_fastrtps_cpp.hpp
[1.142s] -- Up-to-date: /home/adminlab/franka_ros2_ws/install/franka_msgs/include/franka_msgs/franka_msgs/msg/detail/franka_robot_state__rosidl_typesupport_fastrtps_cpp.hpp
[1.142s] -- Up-to-date: /home/adminlab/franka_ros2_ws/install/franka_msgs/include/franka_msgs/franka_msgs/msg/rosidl_typesupport_fastrtps_cpp__visibility_control.h
[1.142s] -- Up-to-date: /home/adminlab/franka_ros2_ws/install/franka_msgs/include/franka_msgs/franka_msgs/action
[1.142s] -- Up-to-date: /home/adminlab/franka_ros2_ws/install/franka_msgs/include/franka_msgs/franka_msgs/action/detail
[1.142s] -- Up-to-date: /home/adminlab/franka_ros2_ws/install/franka_msgs/include/franka_msgs/franka_msgs/action/detail/dds_fastrtps
[1.142s] -- Up-to-date: /home/adminlab/franka_ros2_ws/install/franka_msgs/include/franka_msgs/franka_msgs/action/detail/grasp__rosidl_typesupport_fastrtps_cpp.hpp
[1.142s] -- Up-to-date: /home/adminlab/franka_ros2_ws/install/franka_msgs/include/franka_msgs/franka_msgs/action/detail/homing__rosidl_typesupport_fastrtps_cpp.hpp
[1.142s] -- Up-to-date: /home/adminlab/franka_ros2_ws/install/franka_msgs/include/franka_msgs/franka_msgs/action/detail/move__rosidl_typesupport_fastrtps_cpp.hpp
[1.142s] -- Up-to-date: /home/adminlab/franka_ros2_ws/install/franka_msgs/include/franka_msgs/franka_msgs/srv
[1.142s] -- Up-to-date: /home/adminlab/franka_ros2_ws/install/franka_msgs/include/franka_msgs/franka_msgs/srv/detail
[1.142s] -- Up-to-date: /home/adminlab/franka_ros2_ws/install/franka_msgs/include/franka_msgs/franka_msgs/srv/detail/dds_fastrtps
[1.142s] -- Up-to-date: /home/adminlab/franka_ros2_ws/install/franka_msgs/include/franka_msgs/franka_msgs/srv/detail/set_cartesian_stiffness__rosidl_typesupport_fastrtps_cpp.hpp
[1.143s] -- Up-to-date: /home/adminlab/franka_ros2_ws/install/franka_msgs/include/franka_msgs/franka_msgs/srv/detail/set_full_collision_behavior__rosidl_typesupport_fastrtps_cpp.hpp
[1.143s] -- Up-to-date: /home/adminlab/franka_ros2_ws/install/franka_msgs/include/franka_msgs/franka_msgs/srv/detail/set_tcp_frame__rosidl_typesupport_fastrtps_cpp.hpp
[1.143s] -- Up-to-date: /home/adminlab/franka_ros2_ws/install/franka_msgs/include/franka_msgs/franka_msgs/srv/detail/set_stiffness_frame__rosidl_typesupport_fastrtps_cpp.hpp
[1.143s] -- Up-to-date: /home/adminlab/franka_ros2_ws/install/franka_msgs/include/franka_msgs/franka_msgs/srv/detail/set_load__rosidl_typesupport_fastrtps_cpp.hpp
[1.143s] -- Up-to-date: /home/adminlab/franka_ros2_ws/install/franka_msgs/include/franka_msgs/franka_msgs/srv/detail/set_force_torque_collision_behavior__rosidl_typesupport_fastrtps_cpp.hpp
[1.143s] -- Up-to-date: /home/adminlab/franka_ros2_ws/install/franka_msgs/include/franka_msgs/franka_msgs/srv/detail/set_joint_stiffness__rosidl_typesupport_fastrtps_cpp.hpp
[1.143s] -- Up-to-date: /home/adminlab/franka_ros2_ws/install/franka_msgs/lib/libfranka_msgs__rosidl_typesupport_fastrtps_cpp.so
[1.143s] -- Up-to-date: /home/adminlab/franka_ros2_ws/install/franka_msgs/include/franka_msgs/franka_msgs
[1.143s] -- Up-to-date: /home/adminlab/franka_ros2_ws/install/franka_msgs/include/franka_msgs/franka_msgs/msg
[1.143s] -- Up-to-date: /home/adminlab/franka_ros2_ws/install/franka_msgs/include/franka_msgs/franka_msgs/msg/detail
[1.143s] -- Up-to-date: /home/adminlab/franka_ros2_ws/install/franka_msgs/include/franka_msgs/franka_msgs/msg/detail/elbow__type_support.cpp
[1.143s] -- Up-to-date: /home/adminlab/franka_ros2_ws/install/franka_msgs/include/franka_msgs/franka_msgs/msg/detail/collision_indicators__rosidl_typesupport_introspection_cpp.hpp
[1.143s] -- Up-to-date: /home/adminlab/franka_ros2_ws/install/franka_msgs/include/franka_msgs/franka_msgs/msg/detail/franka_robot_state__rosidl_typesupport_introspection_cpp.hpp
[1.143s] -- Up-to-date: /home/adminlab/franka_ros2_ws/install/franka_msgs/include/franka_msgs/franka_msgs/msg/detail/errors__type_support.cpp
[1.143s] -- Up-to-date: /home/adminlab/franka_ros2_ws/install/franka_msgs/include/franka_msgs/franka_msgs/msg/detail/franka_robot_state__type_support.cpp
[1.143s] -- Up-to-date: /home/adminlab/franka_ros2_ws/install/franka_msgs/include/franka_msgs/franka_msgs/msg/detail/errors__rosidl_typesupport_introspection_cpp.hpp
[1.143s] -- Up-to-date: /home/adminlab/franka_ros2_ws/install/franka_msgs/include/franka_msgs/franka_msgs/msg/detail/elbow__rosidl_typesupport_introspection_cpp.hpp
[1.143s] -- Up-to-date: /home/adminlab/franka_ros2_ws/install/franka_msgs/include/franka_msgs/franka_msgs/msg/detail/collision_indicators__type_support.cpp
[1.143s] -- Up-to-date: /home/adminlab/franka_ros2_ws/install/franka_msgs/include/franka_msgs/franka_msgs/msg/detail/grasp_epsilon__type_support.cpp
[1.144s] -- Up-to-date: /home/adminlab/franka_ros2_ws/install/franka_msgs/include/franka_msgs/franka_msgs/msg/detail/grasp_epsilon__rosidl_typesupport_introspection_cpp.hpp
[1.144s] -- Up-to-date: /home/adminlab/franka_ros2_ws/install/franka_msgs/include/franka_msgs/franka_msgs/action
[1.144s] -- Up-to-date: /home/adminlab/franka_ros2_ws/install/franka_msgs/include/franka_msgs/franka_msgs/action/detail
[1.144s] -- Up-to-date: /home/adminlab/franka_ros2_ws/install/franka_msgs/include/franka_msgs/franka_msgs/action/detail/grasp__rosidl_typesupport_introspection_cpp.hpp
[1.144s] -- Up-to-date: /home/adminlab/franka_ros2_ws/install/franka_msgs/include/franka_msgs/franka_msgs/action/detail/move__rosidl_typesupport_introspection_cpp.hpp
[1.144s] -- Up-to-date: /home/adminlab/franka_ros2_ws/install/franka_msgs/include/franka_msgs/franka_msgs/action/detail/move__type_support.cpp
[1.144s] -- Up-to-date: /home/adminlab/franka_ros2_ws/install/franka_msgs/include/franka_msgs/franka_msgs/action/detail/grasp__type_support.cpp
[1.144s] -- Up-to-date: /home/adminlab/franka_ros2_ws/install/franka_msgs/include/franka_msgs/franka_msgs/action/detail/homing__type_support.cpp
[1.144s] -- Up-to-date: /home/adminlab/franka_ros2_ws/install/franka_msgs/include/franka_msgs/franka_msgs/action/detail/homing__rosidl_typesupport_introspection_cpp.hpp
[1.144s] -- Up-to-date: /home/adminlab/franka_ros2_ws/install/franka_msgs/include/franka_msgs/franka_msgs/srv
[1.144s] -- Up-to-date: /home/adminlab/franka_ros2_ws/install/franka_msgs/include/franka_msgs/franka_msgs/srv/detail
[1.145s] -- Up-to-date: /home/adminlab/franka_ros2_ws/install/franka_msgs/include/franka_msgs/franka_msgs/srv/detail/set_stiffness_frame__rosidl_typesupport_introspection_cpp.hpp
[1.146s] -- Up-to-date: /home/adminlab/franka_ros2_ws/install/franka_msgs/include/franka_msgs/franka_msgs/srv/detail/set_full_collision_behavior__rosidl_typesupport_introspection_cpp.hpp
[1.146s] -- Up-to-date: /home/adminlab/franka_ros2_ws/install/franka_msgs/include/franka_msgs/franka_msgs/srv/detail/set_tcp_frame__type_support.cpp
[1.146s] -- Up-to-date: /home/adminlab/franka_ros2_ws/install/franka_msgs/include/franka_msgs/franka_msgs/srv/detail/set_stiffness_frame__type_support.cpp
[1.146s] -- Up-to-date: /home/adminlab/franka_ros2_ws/install/franka_msgs/include/franka_msgs/franka_msgs/srv/detail/set_force_torque_collision_behavior__type_support.cpp
[1.146s] -- Up-to-date: /home/adminlab/franka_ros2_ws/install/franka_msgs/include/franka_msgs/franka_msgs/srv/detail/set_load__rosidl_typesupport_introspection_cpp.hpp
[1.146s] -- Up-to-date: /home/adminlab/franka_ros2_ws/install/franka_msgs/include/franka_msgs/franka_msgs/srv/detail/set_full_collision_behavior__type_support.cpp
[1.146s] -- Up-to-date: /home/adminlab/franka_ros2_ws/install/franka_msgs/include/franka_msgs/franka_msgs/srv/detail/set_force_torque_collision_behavior__rosidl_typesupport_introspection_cpp.hpp
[1.146s] -- Up-to-date: /home/adminlab/franka_ros2_ws/install/franka_msgs/include/franka_msgs/franka_msgs/srv/detail/set_cartesian_stiffness__rosidl_typesupport_introspection_cpp.hpp
[1.146s] -- Up-to-date: /home/adminlab/franka_ros2_ws/install/franka_msgs/include/franka_msgs/franka_msgs/srv/detail/set_joint_stiffness__rosidl_typesupport_introspection_cpp.hpp
[1.146s] -- Up-to-date: /home/adminlab/franka_ros2_ws/install/franka_msgs/include/franka_msgs/franka_msgs/srv/detail/set_cartesian_stiffness__type_support.cpp
[1.146s] -- Up-to-date: /home/adminlab/franka_ros2_ws/install/franka_msgs/include/franka_msgs/franka_msgs/srv/detail/set_joint_stiffness__type_support.cpp
[1.146s] -- Up-to-date: /home/adminlab/franka_ros2_ws/install/franka_msgs/include/franka_msgs/franka_msgs/srv/detail/set_tcp_frame__rosidl_typesupport_introspection_cpp.hpp
[1.146s] -- Up-to-date: /home/adminlab/franka_ros2_ws/install/franka_msgs/include/franka_msgs/franka_msgs/srv/detail/set_load__type_support.cpp
[1.146s] -- Up-to-date: /home/adminlab/franka_ros2_ws/install/franka_msgs/lib/libfranka_msgs__rosidl_typesupport_introspection_cpp.so
[1.147s] -- Up-to-date: /home/adminlab/franka_ros2_ws/install/franka_msgs/lib/libfranka_msgs__rosidl_typesupport_cpp.so
[1.147s] -- Up-to-date: /home/adminlab/franka_ros2_ws/install/franka_msgs/share/franka_msgs/environment/pythonpath.sh
[1.147s] -- Up-to-date: /home/adminlab/franka_ros2_ws/install/franka_msgs/share/franka_msgs/environment/pythonpath.dsv
[1.148s] -- Up-to-date: /home/adminlab/franka_ros2_ws/install/franka_msgs/local/lib/python3.10/dist-packages/franka_msgs-0.1.13-py3.10.egg-info
[1.148s] -- Installing: /home/adminlab/franka_ros2_ws/install/franka_msgs/local/lib/python3.10/dist-packages/franka_msgs-0.1.13-py3.10.egg-info/dependency_links.txt
[1.148s] -- Installing: /home/adminlab/franka_ros2_ws/install/franka_msgs/local/lib/python3.10/dist-packages/franka_msgs-0.1.13-py3.10.egg-info/SOURCES.txt
[1.148s] -- Installing: /home/adminlab/franka_ros2_ws/install/franka_msgs/local/lib/python3.10/dist-packages/franka_msgs-0.1.13-py3.10.egg-info/top_level.txt
[1.148s] -- Installing: /home/adminlab/franka_ros2_ws/install/franka_msgs/local/lib/python3.10/dist-packages/franka_msgs-0.1.13-py3.10.egg-info/PKG-INFO
[1.148s] -- Up-to-date: /home/adminlab/franka_ros2_ws/install/franka_msgs/local/lib/python3.10/dist-packages/franka_msgs
[1.148s] -- Up-to-date: /home/adminlab/franka_ros2_ws/install/franka_msgs/local/lib/python3.10/dist-packages/franka_msgs/_franka_msgs_s.ep.rosidl_typesupport_introspection_c.c
[1.148s] -- Up-to-date: /home/adminlab/franka_ros2_ws/install/franka_msgs/local/lib/python3.10/dist-packages/franka_msgs/__init__.py
[1.148s] -- Up-to-date: /home/adminlab/franka_ros2_ws/install/franka_msgs/local/lib/python3.10/dist-packages/franka_msgs/franka_msgs_s__rosidl_typesupport_c.cpython-310-x86_64-linux-gnu.so
[1.148s] -- Up-to-date: /home/adminlab/franka_ros2_ws/install/franka_msgs/local/lib/python3.10/dist-packages/franka_msgs/_franka_msgs_s.ep.rosidl_typesupport_c.c
[1.148s] -- Up-to-date: /home/adminlab/franka_ros2_ws/install/franka_msgs/local/lib/python3.10/dist-packages/franka_msgs/franka_msgs_s__rosidl_typesupport_introspection_c.cpython-310-x86_64-linux-gnu.so
[1.148s] -- Up-to-date: /home/adminlab/franka_ros2_ws/install/franka_msgs/local/lib/python3.10/dist-packages/franka_msgs/msg
[1.148s] -- Up-to-date: /home/adminlab/franka_ros2_ws/install/franka_msgs/local/lib/python3.10/dist-packages/franka_msgs/msg/_grasp_epsilon_s.c
[1.148s] -- Up-to-date: /home/adminlab/franka_ros2_ws/install/franka_msgs/local/lib/python3.10/dist-packages/franka_msgs/msg/__init__.py
[1.149s] -- Up-to-date: /home/adminlab/franka_ros2_ws/install/franka_msgs/local/lib/python3.10/dist-packages/franka_msgs/msg/_franka_robot_state.py
[1.149s] -- Up-to-date: /home/adminlab/franka_ros2_ws/install/franka_msgs/local/lib/python3.10/dist-packages/franka_msgs/msg/_elbow.py
[1.149s] -- Up-to-date: /home/adminlab/franka_ros2_ws/install/franka_msgs/local/lib/python3.10/dist-packages/franka_msgs/msg/_franka_robot_state_s.c
[1.149s] -- Up-to-date: /home/adminlab/franka_ros2_ws/install/franka_msgs/local/lib/python3.10/dist-packages/franka_msgs/msg/_collision_indicators.py
[1.149s] -- Up-to-date: /home/adminlab/franka_ros2_ws/install/franka_msgs/local/lib/python3.10/dist-packages/franka_msgs/msg/_grasp_epsilon.py
[1.149s] -- Up-to-date: /home/adminlab/franka_ros2_ws/install/franka_msgs/local/lib/python3.10/dist-packages/franka_msgs/msg/_elbow_s.c
[1.149s] -- Up-to-date: /home/adminlab/franka_ros2_ws/install/franka_msgs/local/lib/python3.10/dist-packages/franka_msgs/msg/_errors_s.c
[1.149s] -- Up-to-date: /home/adminlab/franka_ros2_ws/install/franka_msgs/local/lib/python3.10/dist-packages/franka_msgs/msg/_errors.py
[1.149s] -- Up-to-date: /home/adminlab/franka_ros2_ws/install/franka_msgs/local/lib/python3.10/dist-packages/franka_msgs/msg/_collision_indicators_s.c
[1.149s] -- Up-to-date: /home/adminlab/franka_ros2_ws/install/franka_msgs/local/lib/python3.10/dist-packages/franka_msgs/action
[1.149s] -- Up-to-date: /home/adminlab/franka_ros2_ws/install/franka_msgs/local/lib/python3.10/dist-packages/franka_msgs/action/__init__.py
[1.149s] -- Up-to-date: /home/adminlab/franka_ros2_ws/install/franka_msgs/local/lib/python3.10/dist-packages/franka_msgs/action/_move.py
[1.149s] -- Up-to-date: /home/adminlab/franka_ros2_ws/install/franka_msgs/local/lib/python3.10/dist-packages/franka_msgs/action/_move_s.c
[1.150s] -- Up-to-date: /home/adminlab/franka_ros2_ws/install/franka_msgs/local/lib/python3.10/dist-packages/franka_msgs/action/_grasp_s.c
[1.150s] -- Up-to-date: /home/adminlab/franka_ros2_ws/install/franka_msgs/local/lib/python3.10/dist-packages/franka_msgs/action/_homing.py
[1.150s] -- Up-to-date: /home/adminlab/franka_ros2_ws/install/franka_msgs/local/lib/python3.10/dist-packages/franka_msgs/action/_homing_s.c
[1.150s] -- Up-to-date: /home/adminlab/franka_ros2_ws/install/franka_msgs/local/lib/python3.10/dist-packages/franka_msgs/action/_grasp.py
[1.150s] -- Up-to-date: /home/adminlab/franka_ros2_ws/install/franka_msgs/local/lib/python3.10/dist-packages/franka_msgs/franka_msgs_s__rosidl_typesupport_fastrtps_c.cpython-310-x86_64-linux-gnu.so
[1.150s] -- Up-to-date: /home/adminlab/franka_ros2_ws/install/franka_msgs/local/lib/python3.10/dist-packages/franka_msgs/srv
[1.150s] -- Up-to-date: /home/adminlab/franka_ros2_ws/install/franka_msgs/local/lib/python3.10/dist-packages/franka_msgs/srv/__init__.py
[1.150s] -- Up-to-date: /home/adminlab/franka_ros2_ws/install/franka_msgs/local/lib/python3.10/dist-packages/franka_msgs/srv/_set_full_collision_behavior.py
[1.150s] -- Up-to-date: /home/adminlab/franka_ros2_ws/install/franka_msgs/local/lib/python3.10/dist-packages/franka_msgs/srv/_set_stiffness_frame_s.c
[1.150s] -- Up-to-date: /home/adminlab/franka_ros2_ws/install/franka_msgs/local/lib/python3.10/dist-packages/franka_msgs/srv/_set_joint_stiffness.py
[1.150s] -- Up-to-date: /home/adminlab/franka_ros2_ws/install/franka_msgs/local/lib/python3.10/dist-packages/franka_msgs/srv/_set_force_torque_collision_behavior_s.c
[1.151s] -- Up-to-date: /home/adminlab/franka_ros2_ws/install/franka_msgs/local/lib/python3.10/dist-packages/franka_msgs/srv/_set_cartesian_stiffness_s.c
[1.151s] -- Up-to-date: /home/adminlab/franka_ros2_ws/install/franka_msgs/local/lib/python3.10/dist-packages/franka_msgs/srv/_set_tcp_frame_s.c
[1.151s] -- Up-to-date: /home/adminlab/franka_ros2_ws/install/franka_msgs/local/lib/python3.10/dist-packages/franka_msgs/srv/_set_stiffness_frame.py
[1.151s] -- Up-to-date: /home/adminlab/franka_ros2_ws/install/franka_msgs/local/lib/python3.10/dist-packages/franka_msgs/srv/_set_force_torque_collision_behavior.py
[1.152s] -- Up-to-date: /home/adminlab/franka_ros2_ws/install/franka_msgs/local/lib/python3.10/dist-packages/franka_msgs/srv/_set_full_collision_behavior_s.c
[1.152s] -- Up-to-date: /home/adminlab/franka_ros2_ws/install/franka_msgs/local/lib/python3.10/dist-packages/franka_msgs/srv/_set_joint_stiffness_s.c
[1.152s] -- Up-to-date: /home/adminlab/franka_ros2_ws/install/franka_msgs/local/lib/python3.10/dist-packages/franka_msgs/srv/_set_load.py
[1.152s] -- Up-to-date: /home/adminlab/franka_ros2_ws/install/franka_msgs/local/lib/python3.10/dist-packages/franka_msgs/srv/_set_load_s.c
[1.152s] -- Up-to-date: /home/adminlab/franka_ros2_ws/install/franka_msgs/local/lib/python3.10/dist-packages/franka_msgs/srv/_set_cartesian_stiffness.py
[1.152s] -- Up-to-date: /home/adminlab/franka_ros2_ws/install/franka_msgs/local/lib/python3.10/dist-packages/franka_msgs/srv/_set_tcp_frame.py
[1.152s] -- Up-to-date: /home/adminlab/franka_ros2_ws/install/franka_msgs/local/lib/python3.10/dist-packages/franka_msgs/_franka_msgs_s.ep.rosidl_typesupport_fastrtps_c.c
[1.152s] -- Up-to-date: /home/adminlab/franka_ros2_ws/install/franka_msgs/local/lib/python3.10/dist-packages/franka_msgs/libfranka_msgs__rosidl_generator_py.so
[1.168s] Listing '/home/adminlab/franka_ros2_ws/install/franka_msgs/local/lib/python3.10/dist-packages/franka_msgs'...
[1.168s] Listing '/home/adminlab/franka_ros2_ws/install/franka_msgs/local/lib/python3.10/dist-packages/franka_msgs/action'...
[1.168s] Listing '/home/adminlab/franka_ros2_ws/install/franka_msgs/local/lib/python3.10/dist-packages/franka_msgs/msg'...
[1.168s] Listing '/home/adminlab/franka_ros2_ws/install/franka_msgs/local/lib/python3.10/dist-packages/franka_msgs/srv'...
[1.180s] -- Up-to-date: /home/adminlab/franka_ros2_ws/install/franka_msgs/local/lib/python3.10/dist-packages/franka_msgs/franka_msgs_s__rosidl_typesupport_fastrtps_c.cpython-310-x86_64-linux-gnu.so
[1.180s] -- Up-to-date: /home/adminlab/franka_ros2_ws/install/franka_msgs/local/lib/python3.10/dist-packages/franka_msgs/franka_msgs_s__rosidl_typesupport_introspection_c.cpython-310-x86_64-linux-gnu.so
[1.180s] -- Up-to-date: /home/adminlab/franka_ros2_ws/install/franka_msgs/local/lib/python3.10/dist-packages/franka_msgs/franka_msgs_s__rosidl_typesupport_c.cpython-310-x86_64-linux-gnu.so
[1.180s] -- Up-to-date: /home/adminlab/franka_ros2_ws/install/franka_msgs/lib/libfranka_msgs__rosidl_generator_py.so
[1.180s] -- Up-to-date: /home/adminlab/franka_ros2_ws/install/franka_msgs/share/franka_msgs/action/Grasp.idl
[1.180s] -- Up-to-date: /home/adminlab/franka_ros2_ws/install/franka_msgs/share/franka_msgs/action/Homing.idl
[1.180s] -- Up-to-date: /home/adminlab/franka_ros2_ws/install/franka_msgs/share/franka_msgs/action/Move.idl
[1.180s] -- Up-to-date: /home/adminlab/franka_ros2_ws/install/franka_msgs/share/franka_msgs/msg/CollisionIndicators.idl
[1.180s] -- Up-to-date: /home/adminlab/franka_ros2_ws/install/franka_msgs/share/franka_msgs/msg/Elbow.idl
[1.180s] -- Up-to-date: /home/adminlab/franka_ros2_ws/install/franka_msgs/share/franka_msgs/msg/Errors.idl
[1.180s] -- Up-to-date: /home/adminlab/franka_ros2_ws/install/franka_msgs/share/franka_msgs/msg/GraspEpsilon.idl
[1.180s] -- Up-to-date: /home/adminlab/franka_ros2_ws/install/franka_msgs/share/franka_msgs/msg/FrankaRobotState.idl
[1.180s] -- Up-to-date: /home/adminlab/franka_ros2_ws/install/franka_msgs/share/franka_msgs/srv/SetCartesianStiffness.idl
[1.180s] -- Up-to-date: /home/adminlab/franka_ros2_ws/install/franka_msgs/share/franka_msgs/srv/SetTCPFrame.idl
[1.181s] -- Up-to-date: /home/adminlab/franka_ros2_ws/install/franka_msgs/share/franka_msgs/srv/SetForceTorqueCollisionBehavior.idl
[1.181s] -- Up-to-date: /home/adminlab/franka_ros2_ws/install/franka_msgs/share/franka_msgs/srv/SetFullCollisionBehavior.idl
[1.181s] -- Up-to-date: /home/adminlab/franka_ros2_ws/install/franka_msgs/share/franka_msgs/srv/SetJointStiffness.idl
[1.181s] -- Up-to-date: /home/adminlab/franka_ros2_ws/install/franka_msgs/share/franka_msgs/srv/SetStiffnessFrame.idl
[1.181s] -- Up-to-date: /home/adminlab/franka_ros2_ws/install/franka_msgs/share/franka_msgs/srv/SetLoad.idl
[1.181s] -- Up-to-date: /home/adminlab/franka_ros2_ws/install/franka_msgs/share/franka_msgs/action/Grasp.action
[1.181s] -- Up-to-date: /home/adminlab/franka_ros2_ws/install/franka_msgs/share/franka_msgs/action/Homing.action
[1.181s] -- Up-to-date: /home/adminlab/franka_ros2_ws/install/franka_msgs/share/franka_msgs/action/Move.action
[1.181s] -- Up-to-date: /home/adminlab/franka_ros2_ws/install/franka_msgs/share/franka_msgs/msg/CollisionIndicators.msg
[1.181s] -- Up-to-date: /home/adminlab/franka_ros2_ws/install/franka_msgs/share/franka_msgs/msg/Elbow.msg
[1.181s] -- Up-to-date: /home/adminlab/franka_ros2_ws/install/franka_msgs/share/franka_msgs/msg/Errors.msg
[1.181s] -- Up-to-date: /home/adminlab/franka_ros2_ws/install/franka_msgs/share/franka_msgs/msg/GraspEpsilon.msg
[1.181s] -- Up-to-date: /home/adminlab/franka_ros2_ws/install/franka_msgs/share/franka_msgs/msg/FrankaRobotState.msg
[1.181s] -- Up-to-date: /home/adminlab/franka_ros2_ws/install/franka_msgs/share/franka_msgs/srv/SetCartesianStiffness.srv
[1.181s] -- Up-to-date: /home/adminlab/franka_ros2_ws/install/franka_msgs/share/franka_msgs/srv/SetCartesianStiffness_Request.msg
[1.181s] -- Up-to-date: /home/adminlab/franka_ros2_ws/install/franka_msgs/share/franka_msgs/srv/SetCartesianStiffness_Response.msg
[1.181s] -- Up-to-date: /home/adminlab/franka_ros2_ws/install/franka_msgs/share/franka_msgs/srv/SetTCPFrame.srv
[1.181s] -- Up-to-date: /home/adminlab/franka_ros2_ws/install/franka_msgs/share/franka_msgs/srv/SetTCPFrame_Request.msg
[1.181s] -- Up-to-date: /home/adminlab/franka_ros2_ws/install/franka_msgs/share/franka_msgs/srv/SetTCPFrame_Response.msg
[1.181s] -- Up-to-date: /home/adminlab/franka_ros2_ws/install/franka_msgs/share/franka_msgs/srv/SetForceTorqueCollisionBehavior.srv
[1.181s] -- Up-to-date: /home/adminlab/franka_ros2_ws/install/franka_msgs/share/franka_msgs/srv/SetForceTorqueCollisionBehavior_Request.msg
[1.181s] -- Up-to-date: /home/adminlab/franka_ros2_ws/install/franka_msgs/share/franka_msgs/srv/SetForceTorqueCollisionBehavior_Response.msg
[1.182s] -- Up-to-date: /home/adminlab/franka_ros2_ws/install/franka_msgs/share/franka_msgs/srv/SetFullCollisionBehavior.srv
[1.182s] -- Up-to-date: /home/adminlab/franka_ros2_ws/install/franka_msgs/share/franka_msgs/srv/SetFullCollisionBehavior_Request.msg
[1.182s] -- Up-to-date: /home/adminlab/franka_ros2_ws/install/franka_msgs/share/franka_msgs/srv/SetFullCollisionBehavior_Response.msg
[1.182s] -- Up-to-date: /home/adminlab/franka_ros2_ws/install/franka_msgs/share/franka_msgs/srv/SetJointStiffness.srv
[1.182s] -- Up-to-date: /home/adminlab/franka_ros2_ws/install/franka_msgs/share/franka_msgs/srv/SetJointStiffness_Request.msg
[1.182s] -- Up-to-date: /home/adminlab/franka_ros2_ws/install/franka_msgs/share/franka_msgs/srv/SetJointStiffness_Response.msg
[1.182s] -- Up-to-date: /home/adminlab/franka_ros2_ws/install/franka_msgs/share/franka_msgs/srv/SetStiffnessFrame.srv
[1.182s] -- Up-to-date: /home/adminlab/franka_ros2_ws/install/franka_msgs/share/franka_msgs/srv/SetStiffnessFrame_Request.msg
[1.182s] -- Up-to-date: /home/adminlab/franka_ros2_ws/install/franka_msgs/share/franka_msgs/srv/SetStiffnessFrame_Response.msg
[1.182s] -- Up-to-date: /home/adminlab/franka_ros2_ws/install/franka_msgs/share/franka_msgs/srv/SetLoad.srv
[1.182s] -- Up-to-date: /home/adminlab/franka_ros2_ws/install/franka_msgs/share/franka_msgs/srv/SetLoad_Request.msg
[1.182s] -- Up-to-date: /home/adminlab/franka_ros2_ws/install/franka_msgs/share/franka_msgs/srv/SetLoad_Response.msg
[1.182s] -- Up-to-date: /home/adminlab/franka_ros2_ws/install/franka_msgs/share/ament_index/resource_index/package_run_dependencies/franka_msgs
[1.182s] -- Up-to-date: /home/adminlab/franka_ros2_ws/install/franka_msgs/share/ament_index/resource_index/parent_prefix_path/franka_msgs
[1.182s] -- Up-to-date: /home/adminlab/franka_ros2_ws/install/franka_msgs/share/franka_msgs/environment/ament_prefix_path.sh
[1.182s] -- Up-to-date: /home/adminlab/franka_ros2_ws/install/franka_msgs/share/franka_msgs/environment/ament_prefix_path.dsv
[1.182s] -- Up-to-date: /home/adminlab/franka_ros2_ws/install/franka_msgs/share/franka_msgs/environment/path.sh
[1.182s] -- Up-to-date: /home/adminlab/franka_ros2_ws/install/franka_msgs/share/franka_msgs/environment/path.dsv
[1.182s] -- Up-to-date: /home/adminlab/franka_ros2_ws/install/franka_msgs/share/franka_msgs/local_setup.bash
[1.182s] -- Up-to-date: /home/adminlab/franka_ros2_ws/install/franka_msgs/share/franka_msgs/local_setup.sh
[1.182s] -- Up-to-date: /home/adminlab/franka_ros2_ws/install/franka_msgs/share/franka_msgs/local_setup.zsh
[1.182s] -- Up-to-date: /home/adminlab/franka_ros2_ws/install/franka_msgs/share/franka_msgs/local_setup.dsv
[1.182s] -- Installing: /home/adminlab/franka_ros2_ws/install/franka_msgs/share/franka_msgs/package.dsv
[1.182s] -- Up-to-date: /home/adminlab/franka_ros2_ws/install/franka_msgs/share/ament_index/resource_index/packages/franka_msgs
[1.182s] -- Up-to-date: /home/adminlab/franka_ros2_ws/install/franka_msgs/share/franka_msgs/cmake/export_franka_msgs__rosidl_generator_cExport.cmake
[1.182s] -- Up-to-date: /home/adminlab/franka_ros2_ws/install/franka_msgs/share/franka_msgs/cmake/export_franka_msgs__rosidl_generator_cExport-noconfig.cmake
[1.182s] -- Up-to-date: /home/adminlab/franka_ros2_ws/install/franka_msgs/share/franka_msgs/cmake/export_franka_msgs__rosidl_typesupport_fastrtps_cExport.cmake
[1.182s] -- Up-to-date: /home/adminlab/franka_ros2_ws/install/franka_msgs/share/franka_msgs/cmake/export_franka_msgs__rosidl_typesupport_fastrtps_cExport-noconfig.cmake
[1.183s] -- Up-to-date: /home/adminlab/franka_ros2_ws/install/franka_msgs/share/franka_msgs/cmake/franka_msgs__rosidl_typesupport_introspection_cExport.cmake
[1.183s] -- Up-to-date: /home/adminlab/franka_ros2_ws/install/franka_msgs/share/franka_msgs/cmake/franka_msgs__rosidl_typesupport_introspection_cExport-noconfig.cmake
[1.183s] -- Up-to-date: /home/adminlab/franka_ros2_ws/install/franka_msgs/share/franka_msgs/cmake/franka_msgs__rosidl_typesupport_cExport.cmake
[1.183s] -- Up-to-date: /home/adminlab/franka_ros2_ws/install/franka_msgs/share/franka_msgs/cmake/franka_msgs__rosidl_typesupport_cExport-noconfig.cmake
[1.183s] -- Up-to-date: /home/adminlab/franka_ros2_ws/install/franka_msgs/share/franka_msgs/cmake/export_franka_msgs__rosidl_generator_cppExport.cmake
[1.183s] -- Up-to-date: /home/adminlab/franka_ros2_ws/install/franka_msgs/share/franka_msgs/cmake/export_franka_msgs__rosidl_typesupport_fastrtps_cppExport.cmake
[1.183s] -- Up-to-date: /home/adminlab/franka_ros2_ws/install/franka_msgs/share/franka_msgs/cmake/export_franka_msgs__rosidl_typesupport_fastrtps_cppExport-noconfig.cmake
[1.185s] -- Up-to-date: /home/adminlab/franka_ros2_ws/install/franka_msgs/share/franka_msgs/cmake/franka_msgs__rosidl_typesupport_introspection_cppExport.cmake
[1.185s] -- Up-to-date: /home/adminlab/franka_ros2_ws/install/franka_msgs/share/franka_msgs/cmake/franka_msgs__rosidl_typesupport_introspection_cppExport-noconfig.cmake
[1.186s] -- Up-to-date: /home/adminlab/franka_ros2_ws/install/franka_msgs/share/franka_msgs/cmake/franka_msgs__rosidl_typesupport_cppExport.cmake
[1.186s] -- Up-to-date: /home/adminlab/franka_ros2_ws/install/franka_msgs/share/franka_msgs/cmake/franka_msgs__rosidl_typesupport_cppExport-noconfig.cmake
[1.186s] -- Up-to-date: /home/adminlab/franka_ros2_ws/install/franka_msgs/share/franka_msgs/cmake/export_franka_msgs__rosidl_generator_pyExport.cmake
[1.186s] -- Up-to-date: /home/adminlab/franka_ros2_ws/install/franka_msgs/share/franka_msgs/cmake/export_franka_msgs__rosidl_generator_pyExport-noconfig.cmake
[1.186s] -- Up-to-date: /home/adminlab/franka_ros2_ws/install/franka_msgs/share/franka_msgs/cmake/rosidl_cmake-extras.cmake
[1.186s] -- Up-to-date: /home/adminlab/franka_ros2_ws/install/franka_msgs/share/franka_msgs/cmake/ament_cmake_export_dependencies-extras.cmake
[1.186s] -- Up-to-date: /home/adminlab/franka_ros2_ws/install/franka_msgs/share/franka_msgs/cmake/ament_cmake_export_include_directories-extras.cmake
[1.186s] -- Up-to-date: /home/adminlab/franka_ros2_ws/install/franka_msgs/share/franka_msgs/cmake/ament_cmake_export_libraries-extras.cmake
[1.186s] -- Up-to-date: /home/adminlab/franka_ros2_ws/install/franka_msgs/share/franka_msgs/cmake/ament_cmake_export_targets-extras.cmake
[1.187s] -- Up-to-date: /home/adminlab/franka_ros2_ws/install/franka_msgs/share/franka_msgs/cmake/rosidl_cmake_export_typesupport_targets-extras.cmake
[1.187s] -- Up-to-date: /home/adminlab/franka_ros2_ws/install/franka_msgs/share/franka_msgs/cmake/rosidl_cmake_export_typesupport_libraries-extras.cmake
[1.187s] -- Up-to-date: /home/adminlab/franka_ros2_ws/install/franka_msgs/share/franka_msgs/cmake/franka_msgsConfig.cmake
[1.187s] -- Up-to-date: /home/adminlab/franka_ros2_ws/install/franka_msgs/share/franka_msgs/cmake/franka_msgsConfig-version.cmake
[1.187s] -- Up-to-date: /home/adminlab/franka_ros2_ws/install/franka_msgs/share/franka_msgs/package.xml
[1.214s] Invoked command in '/home/adminlab/franka_ros2_ws/build/franka_msgs' returned '0': CMAKE_PREFIX_PATH=/home/adminlab/franka_ros2_ws/install/srdfdom:/home/adminlab/franka_ros2_ws/install/rviz_marker_tools:/home/adminlab/franka_ros2_ws/install/rosparam_shortcuts:/home/adminlab/franka_ros2_ws/install/ros_testing:/home/adminlab/franka_ros2_ws/install/opencv_cam:/home/adminlab/franka_ros2_ws/install/ros2_shared:/home/adminlab/franka_ros2_ws/install/realsense2_description:/home/adminlab/franka_ros2_ws/install/realsense2_camera_msgs:/home/adminlab/franka_ros2_ws/install/joint_trajectory_controller:/home/adminlab/franka_ros2_ws/install/generate_parameter_library_example:/home/adminlab/franka_ros2_ws/install/franka_bringup:/home/adminlab/franka_ros2_ws/install/franka_robot_state_broadcaster:/home/adminlab/franka_ros2_ws/install/cmake_generate_parameter_module_example:/home/adminlab/franka_ros2_ws/install/generate_parameter_library:/home/adminlab/franka_ros2_ws/install/parameter_traits:/home/adminlab/franka_ros2_ws/install/moveit_task_constructor_msgs:/home/adminlab/franka_ros2_ws/install/moveit_resources_prbt_support:/home/adminlab/franka_ros2_ws/install/moveit_resources:/home/adminlab/franka_ros2_ws/install/moveit_resources_pr2_description:/home/adminlab/franka_ros2_ws/install/moveit_resources_panda_moveit_config:/home/adminlab/franka_ros2_ws/install/moveit_resources_panda_description:/home/adminlab/franka_ros2_ws/install/moveit_resources_fanuc_moveit_config:/home/adminlab/franka_ros2_ws/install/moveit_resources_fanuc_description:/home/adminlab/franka_ros2_ws/install/moveit_msgs:/home/adminlab/franka_ros2_ws/install/moveit_common:/home/adminlab/franka_ros2_ws/install/integration_launch_testing:/home/adminlab/franka_ros2_ws/install/franka_example_controllers:/home/adminlab/franka_ros2_ws/install/franka_semantic_components:/home/adminlab/franka_ros2_ws/install/moveit_configs_utils:/home/adminlab/franka_ros2_ws/install/ros2test:/home/adminlab/franka_ros2_ws/install/generate_parameter_module_example:/home/adminlab/franka_ros2_ws/install/launch_param_builder:/home/adminlab/franka_ros2_ws/install/generate_parameter_library_py:/home/adminlab/franka_ros2_ws/install/camera_publisher:/opt/ros/humble:/home/adminlab/franka_ros2_ws/install/franka_custom_controller:/home/adminlab/franka_ros2_ws/install/franka_hardware:/home/adminlab/franka_ros2_ws/install/franka_gripper:/home/adminlab/franka_ros2_ws/install/franka_msgs:/home/adminlab/franka_ros2_ws/install/franka_description /usr/bin/cmake --install /home/adminlab/franka_ros2_ws/build/franka_msgs
