[0.016s] Invoking command in '/home/adminlab/franka_ros2_ws/build/chomp_motion_planner': AMENT_PREFIX_PATH=/home/adminlab/franka_ros2_ws/install/moveit_core:/home/adminlab/franka_ros2_ws/install/generate_parameter_library:/home/adminlab/franka_ros2_ws/install/srdfdom:/home/adminlab/franka_ros2_ws/install/parameter_traits:/home/adminlab/franka_ros2_ws/install/moveit_msgs:/home/adminlab/franka_ros2_ws/install/moveit_common:/home/adminlab/franka_ros2_ws/install/generate_parameter_library_py:${AMENT_PREFIX_PATH} CMAKE_PREFIX_PATH=/home/adminlab/franka_ros2_ws/install/moveit_core:/home/adminlab/franka_ros2_ws/install/generate_parameter_library:/home/adminlab/franka_ros2_ws/install/srdfdom:/home/adminlab/franka_ros2_ws/install/parameter_traits:/home/adminlab/franka_ros2_ws/install/moveit_msgs:/home/adminlab/franka_ros2_ws/install/moveit_common:/opt/ros/humble LD_LIBRARY_PATH=/home/adminlab/franka_ros2_ws/install/moveit_core/lib:/home/adminlab/franka_ros2_ws/install/srdfdom/lib:/home/adminlab/franka_ros2_ws/install/parameter_traits/lib:/home/adminlab/franka_ros2_ws/install/moveit_msgs/lib:${LD_LIBRARY_PATH} PATH=/home/adminlab/franka_ros2_ws/install/moveit_core/bin:/home/adminlab/franka_ros2_ws/install/generate_parameter_library_py/bin:${PATH} PYTHONPATH=/home/adminlab/franka_ros2_ws/install/srdfdom/local/lib/python3.10/dist-packages:/home/adminlab/franka_ros2_ws/install/moveit_msgs/local/lib/python3.10/dist-packages:/home/adminlab/franka_ros2_ws/install/generate_parameter_library_py/lib/python3.10/site-packages:${PYTHONPATH} /usr/bin/cmake --build /home/adminlab/franka_ros2_ws/build/chomp_motion_planner -- -j16 -l16
[0.066s] [100%] Built target chomp_motion_planner
[0.072s] Invoked command in '/home/adminlab/franka_ros2_ws/build/chomp_motion_planner' returned '0': AMENT_PREFIX_PATH=/home/adminlab/franka_ros2_ws/install/moveit_core:/home/adminlab/franka_ros2_ws/install/generate_parameter_library:/home/adminlab/franka_ros2_ws/install/srdfdom:/home/adminlab/franka_ros2_ws/install/parameter_traits:/home/adminlab/franka_ros2_ws/install/moveit_msgs:/home/adminlab/franka_ros2_ws/install/moveit_common:/home/adminlab/franka_ros2_ws/install/generate_parameter_library_py:${AMENT_PREFIX_PATH} CMAKE_PREFIX_PATH=/home/adminlab/franka_ros2_ws/install/moveit_core:/home/adminlab/franka_ros2_ws/install/generate_parameter_library:/home/adminlab/franka_ros2_ws/install/srdfdom:/home/adminlab/franka_ros2_ws/install/parameter_traits:/home/adminlab/franka_ros2_ws/install/moveit_msgs:/home/adminlab/franka_ros2_ws/install/moveit_common:/opt/ros/humble LD_LIBRARY_PATH=/home/adminlab/franka_ros2_ws/install/moveit_core/lib:/home/adminlab/franka_ros2_ws/install/srdfdom/lib:/home/adminlab/franka_ros2_ws/install/parameter_traits/lib:/home/adminlab/franka_ros2_ws/install/moveit_msgs/lib:${LD_LIBRARY_PATH} PATH=/home/adminlab/franka_ros2_ws/install/moveit_core/bin:/home/adminlab/franka_ros2_ws/install/generate_parameter_library_py/bin:${PATH} PYTHONPATH=/home/adminlab/franka_ros2_ws/install/srdfdom/local/lib/python3.10/dist-packages:/home/adminlab/franka_ros2_ws/install/moveit_msgs/local/lib/python3.10/dist-packages:/home/adminlab/franka_ros2_ws/install/generate_parameter_library_py/lib/python3.10/site-packages:${PYTHONPATH} /usr/bin/cmake --build /home/adminlab/franka_ros2_ws/build/chomp_motion_planner -- -j16 -l16
[0.094s] Invoking command in '/home/adminlab/franka_ros2_ws/build/chomp_motion_planner': AMENT_PREFIX_PATH=/home/adminlab/franka_ros2_ws/install/moveit_core:/home/adminlab/franka_ros2_ws/install/generate_parameter_library:/home/adminlab/franka_ros2_ws/install/srdfdom:/home/adminlab/franka_ros2_ws/install/parameter_traits:/home/adminlab/franka_ros2_ws/install/moveit_msgs:/home/adminlab/franka_ros2_ws/install/moveit_common:/home/adminlab/franka_ros2_ws/install/generate_parameter_library_py:${AMENT_PREFIX_PATH} CMAKE_PREFIX_PATH=/home/adminlab/franka_ros2_ws/install/moveit_core:/home/adminlab/franka_ros2_ws/install/generate_parameter_library:/home/adminlab/franka_ros2_ws/install/srdfdom:/home/adminlab/franka_ros2_ws/install/parameter_traits:/home/adminlab/franka_ros2_ws/install/moveit_msgs:/home/adminlab/franka_ros2_ws/install/moveit_common:/opt/ros/humble LD_LIBRARY_PATH=/home/adminlab/franka_ros2_ws/install/moveit_core/lib:/home/adminlab/franka_ros2_ws/install/srdfdom/lib:/home/adminlab/franka_ros2_ws/install/parameter_traits/lib:/home/adminlab/franka_ros2_ws/install/moveit_msgs/lib:${LD_LIBRARY_PATH} PATH=/home/adminlab/franka_ros2_ws/install/moveit_core/bin:/home/adminlab/franka_ros2_ws/install/generate_parameter_library_py/bin:${PATH} PYTHONPATH=/home/adminlab/franka_ros2_ws/install/srdfdom/local/lib/python3.10/dist-packages:/home/adminlab/franka_ros2_ws/install/moveit_msgs/local/lib/python3.10/dist-packages:/home/adminlab/franka_ros2_ws/install/generate_parameter_library_py/lib/python3.10/site-packages:${PYTHONPATH} /usr/bin/cmake --install /home/adminlab/franka_ros2_ws/build/chomp_motion_planner
[0.098s] -- Install configuration: "Release"
[0.099s] -- Up-to-date: /home/adminlab/franka_ros2_ws/install/chomp_motion_planner/lib/libchomp_motion_planner.so.2.5.5
[0.099s] -- Up-to-date: /home/adminlab/franka_ros2_ws/install/chomp_motion_planner/lib/libchomp_motion_planner.so
[0.099s] -- Up-to-date: /home/adminlab/franka_ros2_ws/install/chomp_motion_planner/include
[0.099s] -- Up-to-date: /home/adminlab/franka_ros2_ws/install/chomp_motion_planner/include/chomp_motion_planner
[0.100s] -- Up-to-date: /home/adminlab/franka_ros2_ws/install/chomp_motion_planner/include/chomp_motion_planner/chomp_optimizer.h
[0.100s] -- Up-to-date: /home/adminlab/franka_ros2_ws/install/chomp_motion_planner/include/chomp_motion_planner/multivariate_gaussian.h
[0.100s] -- Up-to-date: /home/adminlab/franka_ros2_ws/install/chomp_motion_planner/include/chomp_motion_planner/chomp_trajectory.h
[0.100s] -- Up-to-date: /home/adminlab/franka_ros2_ws/install/chomp_motion_planner/include/chomp_motion_planner/chomp_parameters.h
[0.100s] -- Up-to-date: /home/adminlab/franka_ros2_ws/install/chomp_motion_planner/include/chomp_motion_planner/chomp_utils.h
[0.100s] -- Up-to-date: /home/adminlab/franka_ros2_ws/install/chomp_motion_planner/include/chomp_motion_planner/chomp_planner.h
[0.100s] -- Up-to-date: /home/adminlab/franka_ros2_ws/install/chomp_motion_planner/include/chomp_motion_planner/chomp_cost.h
[0.102s] -- Up-to-date: /home/adminlab/franka_ros2_ws/install/chomp_motion_planner/share/chomp_motion_planner/environment/library_path.sh
[0.102s] -- Up-to-date: /home/adminlab/franka_ros2_ws/install/chomp_motion_planner/share/chomp_motion_planner/environment/library_path.dsv
[0.103s] -- Up-to-date: /home/adminlab/franka_ros2_ws/install/chomp_motion_planner/share/ament_index/resource_index/package_run_dependencies/chomp_motion_planner
[0.103s] -- Up-to-date: /home/adminlab/franka_ros2_ws/install/chomp_motion_planner/share/ament_index/resource_index/parent_prefix_path/chomp_motion_planner
[0.103s] -- Up-to-date: /home/adminlab/franka_ros2_ws/install/chomp_motion_planner/share/chomp_motion_planner/environment/ament_prefix_path.sh
[0.104s] -- Up-to-date: /home/adminlab/franka_ros2_ws/install/chomp_motion_planner/share/chomp_motion_planner/environment/ament_prefix_path.dsv
[0.104s] -- Up-to-date: /home/adminlab/franka_ros2_ws/install/chomp_motion_planner/share/chomp_motion_planner/environment/path.sh
[0.104s] -- Up-to-date: /home/adminlab/franka_ros2_ws/install/chomp_motion_planner/share/chomp_motion_planner/environment/path.dsv
[0.104s] -- Up-to-date: /home/adminlab/franka_ros2_ws/install/chomp_motion_planner/share/chomp_motion_planner/local_setup.bash
[0.104s] -- Up-to-date: /home/adminlab/franka_ros2_ws/install/chomp_motion_planner/share/chomp_motion_planner/local_setup.sh
[0.104s] -- Up-to-date: /home/adminlab/franka_ros2_ws/install/chomp_motion_planner/share/chomp_motion_planner/local_setup.zsh
[0.104s] -- Up-to-date: /home/adminlab/franka_ros2_ws/install/chomp_motion_planner/share/chomp_motion_planner/local_setup.dsv
[0.104s] -- Installing: /home/adminlab/franka_ros2_ws/install/chomp_motion_planner/share/chomp_motion_planner/package.dsv
[0.104s] -- Up-to-date: /home/adminlab/franka_ros2_ws/install/chomp_motion_planner/share/ament_index/resource_index/packages/chomp_motion_planner
[0.106s] -- Up-to-date: /home/adminlab/franka_ros2_ws/install/chomp_motion_planner/share/chomp_motion_planner/cmake/chomp_motion_plannerTargetsExport.cmake
[0.106s] -- Up-to-date: /home/adminlab/franka_ros2_ws/install/chomp_motion_planner/share/chomp_motion_planner/cmake/chomp_motion_plannerTargetsExport-release.cmake
[0.106s] -- Up-to-date: /home/adminlab/franka_ros2_ws/install/chomp_motion_planner/share/chomp_motion_planner/cmake/ament_cmake_export_targets-extras.cmake
[0.106s] -- Up-to-date: /home/adminlab/franka_ros2_ws/install/chomp_motion_planner/share/chomp_motion_planner/cmake/chomp_motion_plannerConfig.cmake
[0.107s] -- Up-to-date: /home/adminlab/franka_ros2_ws/install/chomp_motion_planner/share/chomp_motion_planner/cmake/chomp_motion_plannerConfig-version.cmake
[0.107s] -- Up-to-date: /home/adminlab/franka_ros2_ws/install/chomp_motion_planner/share/chomp_motion_planner/package.xml
[0.117s] Invoked command in '/home/adminlab/franka_ros2_ws/build/chomp_motion_planner' returned '0': AMENT_PREFIX_PATH=/home/adminlab/franka_ros2_ws/install/moveit_core:/home/adminlab/franka_ros2_ws/install/generate_parameter_library:/home/adminlab/franka_ros2_ws/install/srdfdom:/home/adminlab/franka_ros2_ws/install/parameter_traits:/home/adminlab/franka_ros2_ws/install/moveit_msgs:/home/adminlab/franka_ros2_ws/install/moveit_common:/home/adminlab/franka_ros2_ws/install/generate_parameter_library_py:${AMENT_PREFIX_PATH} CMAKE_PREFIX_PATH=/home/adminlab/franka_ros2_ws/install/moveit_core:/home/adminlab/franka_ros2_ws/install/generate_parameter_library:/home/adminlab/franka_ros2_ws/install/srdfdom:/home/adminlab/franka_ros2_ws/install/parameter_traits:/home/adminlab/franka_ros2_ws/install/moveit_msgs:/home/adminlab/franka_ros2_ws/install/moveit_common:/opt/ros/humble LD_LIBRARY_PATH=/home/adminlab/franka_ros2_ws/install/moveit_core/lib:/home/adminlab/franka_ros2_ws/install/srdfdom/lib:/home/adminlab/franka_ros2_ws/install/parameter_traits/lib:/home/adminlab/franka_ros2_ws/install/moveit_msgs/lib:${LD_LIBRARY_PATH} PATH=/home/adminlab/franka_ros2_ws/install/moveit_core/bin:/home/adminlab/franka_ros2_ws/install/generate_parameter_library_py/bin:${PATH} PYTHONPATH=/home/adminlab/franka_ros2_ws/install/srdfdom/local/lib/python3.10/dist-packages:/home/adminlab/franka_ros2_ws/install/moveit_msgs/local/lib/python3.10/dist-packages:/home/adminlab/franka_ros2_ws/install/generate_parameter_library_py/lib/python3.10/site-packages:${PYTHONPATH} /usr/bin/cmake --install /home/adminlab/franka_ros2_ws/build/chomp_motion_planner
