[0.015s] Invoking command in '/home/adminlab/franka_ros2_ws/build/franka_example_controllers': AMENT_PREFIX_PATH=/home/adminlab/franka_ros2_ws/install/franka_semantic_components:/home/adminlab/franka_ros2_ws/install/franka_hardware:/home/adminlab/franka_ros2_ws/install/franka_msgs:${AMENT_PREFIX_PATH} CMAKE_PREFIX_PATH=/home/adminlab/franka_ros2_ws/install/franka_semantic_components:/home/adminlab/franka_ros2_ws/install/franka_hardware:/home/adminlab/franka_ros2_ws/install/franka_msgs:/opt/ros/humble LD_LIBRARY_PATH=/home/adminlab/franka_ros2_ws/install/franka_semantic_components/lib:/home/adminlab/franka_ros2_ws/install/franka_hardware/lib:/home/adminlab/franka_ros2_ws/install/franka_msgs/lib:${LD_LIBRARY_PATH} PYTHONPATH=/home/adminlab/franka_ros2_ws/install/franka_msgs/local/lib/python3.10/dist-packages:${PYTHONPATH} /usr/bin/cmake --build /home/adminlab/franka_ros2_ws/build/franka_example_controllers -- -j16 -l16
[0.072s] [  3%] Built target franka_example_controllers_parameters
[0.074s] [ 14%] Built target gmock
[0.085s] [ 21%] Built target gmock_main
[0.105s] [ 28%] Built target franka_example_controllers_test
[0.105s] [ 35%] Built target franka_example_controllers_test_load_move_to_start
[0.121s] [ 85%] Built target franka_example_controllers
[0.131s] [ 92%] Built target franka_example_controllers_gravity_test
[0.135s] [100%] Built target franka_example_controllers_move_to_start_test
[0.157s] Invoked command in '/home/adminlab/franka_ros2_ws/build/franka_example_controllers' returned '0': AMENT_PREFIX_PATH=/home/adminlab/franka_ros2_ws/install/franka_semantic_components:/home/adminlab/franka_ros2_ws/install/franka_hardware:/home/adminlab/franka_ros2_ws/install/franka_msgs:${AMENT_PREFIX_PATH} CMAKE_PREFIX_PATH=/home/adminlab/franka_ros2_ws/install/franka_semantic_components:/home/adminlab/franka_ros2_ws/install/franka_hardware:/home/adminlab/franka_ros2_ws/install/franka_msgs:/opt/ros/humble LD_LIBRARY_PATH=/home/adminlab/franka_ros2_ws/install/franka_semantic_components/lib:/home/adminlab/franka_ros2_ws/install/franka_hardware/lib:/home/adminlab/franka_ros2_ws/install/franka_msgs/lib:${LD_LIBRARY_PATH} PYTHONPATH=/home/adminlab/franka_ros2_ws/install/franka_msgs/local/lib/python3.10/dist-packages:${PYTHONPATH} /usr/bin/cmake --build /home/adminlab/franka_ros2_ws/build/franka_example_controllers -- -j16 -l16
[0.209s] Invoking command in '/home/adminlab/franka_ros2_ws/build/franka_example_controllers': AMENT_PREFIX_PATH=/home/adminlab/franka_ros2_ws/install/franka_semantic_components:/home/adminlab/franka_ros2_ws/install/franka_hardware:/home/adminlab/franka_ros2_ws/install/franka_msgs:${AMENT_PREFIX_PATH} CMAKE_PREFIX_PATH=/home/adminlab/franka_ros2_ws/install/franka_semantic_components:/home/adminlab/franka_ros2_ws/install/franka_hardware:/home/adminlab/franka_ros2_ws/install/franka_msgs:/opt/ros/humble LD_LIBRARY_PATH=/home/adminlab/franka_ros2_ws/install/franka_semantic_components/lib:/home/adminlab/franka_ros2_ws/install/franka_hardware/lib:/home/adminlab/franka_ros2_ws/install/franka_msgs/lib:${LD_LIBRARY_PATH} PYTHONPATH=/home/adminlab/franka_ros2_ws/install/franka_msgs/local/lib/python3.10/dist-packages:${PYTHONPATH} /usr/bin/cmake --install /home/adminlab/franka_ros2_ws/build/franka_example_controllers
[0.216s] -- Install configuration: ""
[0.216s] -- Up-to-date: /home/adminlab/franka_ros2_ws/install/franka_example_controllers/include/franka_example_controllers_parameters
[0.216s] -- Up-to-date: /home/adminlab/franka_ros2_ws/install/franka_example_controllers/include/franka_example_controllers_parameters/franka_example_controllers_parameters.hpp
[0.217s] -- Up-to-date: /home/adminlab/franka_ros2_ws/install/franka_example_controllers/share/franka_example_controllers/franka_example_controllers.xml
[0.217s] -- Up-to-date: /home/adminlab/franka_ros2_ws/install/franka_example_controllers/lib/libfranka_example_controllers.so
[0.217s] -- Up-to-date: /home/adminlab/franka_ros2_ws/install/franka_example_controllers/include
[0.217s] -- Up-to-date: /home/adminlab/franka_ros2_ws/install/franka_example_controllers/include/franka_example_controllers
[0.218s] -- Up-to-date: /home/adminlab/franka_ros2_ws/install/franka_example_controllers/include/franka_example_controllers/motion_generator.hpp
[0.218s] -- Up-to-date: /home/adminlab/franka_ros2_ws/install/franka_example_controllers/include/franka_example_controllers/cartesian_elbow_example_controller.hpp
[0.218s] -- Up-to-date: /home/adminlab/franka_ros2_ws/install/franka_example_controllers/include/franka_example_controllers/cartesian_pose_example_controller.hpp
[0.218s] -- Up-to-date: /home/adminlab/franka_ros2_ws/install/franka_example_controllers/include/franka_example_controllers/model_example_controller.hpp
[0.218s] -- Up-to-date: /home/adminlab/franka_ros2_ws/install/franka_example_controllers/include/franka_example_controllers/cartesian_velocity_example_controller.hpp
[0.218s] -- Up-to-date: /home/adminlab/franka_ros2_ws/install/franka_example_controllers/include/franka_example_controllers/elbow_example_controller.hpp
[0.218s] -- Up-to-date: /home/adminlab/franka_ros2_ws/install/franka_example_controllers/include/franka_example_controllers/cartesian_orientation_example_controller.hpp
[0.218s] -- Up-to-date: /home/adminlab/franka_ros2_ws/install/franka_example_controllers/include/franka_example_controllers/joint_impedance_example_controller.hpp
[0.218s] -- Up-to-date: /home/adminlab/franka_ros2_ws/install/franka_example_controllers/include/franka_example_controllers/move_to_start_example_controller.hpp
[0.218s] -- Up-to-date: /home/adminlab/franka_ros2_ws/install/franka_example_controllers/include/franka_example_controllers/joint_impedance_with_ik_example_controller.hpp
[0.218s] -- Up-to-date: /home/adminlab/franka_ros2_ws/install/franka_example_controllers/include/franka_example_controllers/joint_position_example_controller.hpp
[0.218s] -- Up-to-date: /home/adminlab/franka_ros2_ws/install/franka_example_controllers/include/franka_example_controllers/visibility_control.h
[0.218s] -- Up-to-date: /home/adminlab/franka_ros2_ws/install/franka_example_controllers/include/franka_example_controllers/gravity_compensation_example_controller.hpp
[0.218s] -- Up-to-date: /home/adminlab/franka_ros2_ws/install/franka_example_controllers/include/franka_example_controllers/default_robot_behavior_utils.hpp
[0.218s] -- Up-to-date: /home/adminlab/franka_ros2_ws/install/franka_example_controllers/include/franka_example_controllers/joint_velocity_example_controller.hpp
[0.218s] -- Up-to-date: /home/adminlab/franka_ros2_ws/install/franka_example_controllers/share/franka_example_controllers/environment/library_path.sh
[0.218s] -- Up-to-date: /home/adminlab/franka_ros2_ws/install/franka_example_controllers/share/franka_example_controllers/environment/library_path.dsv
[0.219s] -- Up-to-date: /home/adminlab/franka_ros2_ws/install/franka_example_controllers/share/ament_index/resource_index/package_run_dependencies/franka_example_controllers
[0.219s] -- Up-to-date: /home/adminlab/franka_ros2_ws/install/franka_example_controllers/share/ament_index/resource_index/parent_prefix_path/franka_example_controllers
[0.219s] -- Up-to-date: /home/adminlab/franka_ros2_ws/install/franka_example_controllers/share/franka_example_controllers/environment/ament_prefix_path.sh
[0.219s] -- Up-to-date: /home/adminlab/franka_ros2_ws/install/franka_example_controllers/share/franka_example_controllers/environment/ament_prefix_path.dsv
[0.219s] -- Up-to-date: /home/adminlab/franka_ros2_ws/install/franka_example_controllers/share/franka_example_controllers/environment/path.sh
[0.219s] -- Up-to-date: /home/adminlab/franka_ros2_ws/install/franka_example_controllers/share/franka_example_controllers/environment/path.dsv
[0.219s] -- Up-to-date: /home/adminlab/franka_ros2_ws/install/franka_example_controllers/share/franka_example_controllers/local_setup.bash
[0.219s] -- Up-to-date: /home/adminlab/franka_ros2_ws/install/franka_example_controllers/share/franka_example_controllers/local_setup.sh
[0.219s] -- Up-to-date: /home/adminlab/franka_ros2_ws/install/franka_example_controllers/share/franka_example_controllers/local_setup.zsh
[0.219s] -- Up-to-date: /home/adminlab/franka_ros2_ws/install/franka_example_controllers/share/franka_example_controllers/local_setup.dsv
[0.219s] -- Installing: /home/adminlab/franka_ros2_ws/install/franka_example_controllers/share/franka_example_controllers/package.dsv
[0.219s] -- Up-to-date: /home/adminlab/franka_ros2_ws/install/franka_example_controllers/share/ament_index/resource_index/packages/franka_example_controllers
[0.219s] -- Up-to-date: /home/adminlab/franka_ros2_ws/install/franka_example_controllers/share/ament_index/resource_index/controller_interface__pluginlib__plugin/franka_example_controllers
[0.219s] -- Up-to-date: /home/adminlab/franka_ros2_ws/install/franka_example_controllers/share/franka_example_controllers/cmake/ament_cmake_export_include_directories-extras.cmake
[0.219s] -- Up-to-date: /home/adminlab/franka_ros2_ws/install/franka_example_controllers/share/franka_example_controllers/cmake/ament_cmake_export_libraries-extras.cmake
[0.219s] -- Up-to-date: /home/adminlab/franka_ros2_ws/install/franka_example_controllers/share/franka_example_controllers/cmake/ament_cmake_export_dependencies-extras.cmake
[0.219s] -- Up-to-date: /home/adminlab/franka_ros2_ws/install/franka_example_controllers/share/franka_example_controllers/cmake/franka_example_controllersConfig.cmake
[0.219s] -- Up-to-date: /home/adminlab/franka_ros2_ws/install/franka_example_controllers/share/franka_example_controllers/cmake/franka_example_controllersConfig-version.cmake
[0.219s] -- Up-to-date: /home/adminlab/franka_ros2_ws/install/franka_example_controllers/share/franka_example_controllers/package.xml
[0.222s] Invoked command in '/home/adminlab/franka_ros2_ws/build/franka_example_controllers' returned '0': AMENT_PREFIX_PATH=/home/adminlab/franka_ros2_ws/install/franka_semantic_components:/home/adminlab/franka_ros2_ws/install/franka_hardware:/home/adminlab/franka_ros2_ws/install/franka_msgs:${AMENT_PREFIX_PATH} CMAKE_PREFIX_PATH=/home/adminlab/franka_ros2_ws/install/franka_semantic_components:/home/adminlab/franka_ros2_ws/install/franka_hardware:/home/adminlab/franka_ros2_ws/install/franka_msgs:/opt/ros/humble LD_LIBRARY_PATH=/home/adminlab/franka_ros2_ws/install/franka_semantic_components/lib:/home/adminlab/franka_ros2_ws/install/franka_hardware/lib:/home/adminlab/franka_ros2_ws/install/franka_msgs/lib:${LD_LIBRARY_PATH} PYTHONPATH=/home/adminlab/franka_ros2_ws/install/franka_msgs/local/lib/python3.10/dist-packages:${PYTHONPATH} /usr/bin/cmake --install /home/adminlab/franka_ros2_ws/build/franka_example_controllers
