-- Found moveit_common: 2.5.5 (/home/adminlab/franka_ros2_ws/install/moveit_common/share/moveit_common/cmake)
-- Found ament_cmake: 1.3.9 (/opt/ros/humble/share/ament_cmake/cmake)
-- Could NOT find libbfd (missing: LIBBFD_LIBRARY LIBBFD_INCLUDE_DIR) 
-- BACKWARD_HAS_UNWIND=1
-- BACKWARD_HAS_BACKTRACE=0
-- BACKWARD_HAS_BACKTRACE_SYMBOL=0
-- BACKWARD_HAS_DW=1
-- BACKWARD_HAS_BFD=0
-- Found Backward: /opt/ros/humble/share/backward_ros/cmake  
-- Found eigen3_cmake_module: 0.1.1 (/opt/ros/humble/share/eigen3_cmake_module/cmake)
-- Found geometry_msgs: 4.2.3 (/opt/ros/humble/share/geometry_msgs/cmake)
-- Found rosidl_generator_c: 3.1.5 (/opt/ros/humble/share/rosidl_generator_c/cmake)
-- Found rosidl_adapter: 3.1.5 (/opt/ros/humble/share/rosidl_adapter/cmake)
-- Found rosidl_generator_cpp: 3.1.5 (/opt/ros/humble/share/rosidl_generator_cpp/cmake)
-- Using all available rosidl_typesupport_c: rosidl_typesupport_fastrtps_c;rosidl_typesupport_introspection_c
-- Using all available rosidl_typesupport_cpp: rosidl_typesupport_fastrtps_cpp;rosidl_typesupport_introspection_cpp
-- Found moveit_core: 2.5.5 (/home/adminlab/franka_ros2_ws/install/moveit_core/share/moveit_core/cmake)
-- Found Boost: /usr/lib/x86_64-linux-gnu/cmake/Boost-1.74.0/BoostConfig.cmake (found version "1.74.0") found components: chrono date_time filesystem iostreams program_options regex serialization system thread 
-- Found parameter_traits: 0.3.7 (/home/adminlab/franka_ros2_ws/install/parameter_traits/share/parameter_traits/cmake)
-- Found rmw_implementation_cmake: 6.1.2 (/opt/ros/humble/share/rmw_implementation_cmake/cmake)
-- Found rmw_fastrtps_cpp: 6.2.6 (/opt/ros/humble/share/rmw_fastrtps_cpp/cmake)
-- Using RMW implementation 'rmw_fastrtps_cpp' as default
-- Found rclcpp_lifecycle: 16.0.9 (/opt/ros/humble/share/rclcpp_lifecycle/cmake)
-- Found Boost: /usr/lib/x86_64-linux-gnu/cmake/Boost-1.74.0/BoostConfig.cmake (found version "1.74.0") found components: filesystem 
-- library: /usr/lib/x86_64-linux-gnu/libcurl.so
-- Ensuring Eigen3 include directory is part of orocos-kdl CMake target
-- Found moveit_ros_move_group: 2.5.5 (/home/adminlab/franka_ros2_ws/install/moveit_ros_move_group/share/moveit_ros_move_group/cmake)
-- Found Boost: /usr/lib/x86_64-linux-gnu/cmake/Boost-1.74.0/BoostConfig.cmake (found version "1.74.0") found components: system filesystem date_time program_options thread 
-- Found Boost: /usr/lib/x86_64-linux-gnu/cmake/Boost-1.74.0/BoostConfig.cmake (found version "1.74.0") found components: system filesystem date_time program_options thread chrono 
-- Found moveit_ros_planning_interface: 2.5.5 (/home/adminlab/franka_ros2_ws/install/moveit_ros_planning_interface/share/moveit_ros_planning_interface/cmake)
-- Found Boost: /usr/lib/x86_64-linux-gnu/cmake/Boost-1.74.0/BoostConfig.cmake (found version "1.74.0") found components: date_time filesystem program_options system thread 
-- Found Boost: /usr/lib/x86_64-linux-gnu/cmake/Boost-1.74.0/BoostConfig.cmake (found version "1.74.0") found components: thread system filesystem regex date_time program_options 
-- Found tf2_eigen_kdl: 0.25.6 (/opt/ros/humble/share/tf2_eigen_kdl/cmake)
-- Found Boost: /usr/lib/x86_64-linux-gnu/cmake/Boost-1.74.0/BoostConfig.cmake (found version "1.74.0")  
-- Found ament_cmake_gtest: 1.3.9 (/opt/ros/humble/share/ament_cmake_gtest/cmake)
-- Found ament_cmake_gmock: 1.3.9 (/opt/ros/humble/share/ament_cmake_gmock/cmake)
-- Found ros_testing: 0.7.0 (/home/adminlab/franka_ros2_ws/install/ros_testing/share/ros_testing/cmake)
-- Found launch_testing_ament_cmake: 1.0.6 (/opt/ros/humble/share/launch_testing_ament_cmake/cmake)
-- Found python_cmake_module: 0.10.0 (/opt/ros/humble/share/python_cmake_module/cmake)
-- Using PYTHON_EXECUTABLE: /usr/bin/python3
-- Using PYTHON_INCLUDE_DIRS: /usr/include/python3.10
-- Using PYTHON_LIBRARIES: /usr/lib/x86_64-linux-gnu/libpython3.10.so
-- Found moveit_resources_prbt_support: 2.5.5 (/home/adminlab/franka_ros2_ws/install/moveit_resources_prbt_support/share/moveit_resources_prbt_support/cmake)
-- Found moveit_resources_prbt_moveit_config: 2.5.5 (/home/adminlab/franka_ros2_ws/install/moveit_resources_prbt_moveit_config/share/moveit_resources_prbt_moveit_config/cmake)
-- Found Boost: /usr/lib/x86_64-linux-gnu/cmake/Boost-1.74.0/BoostConfig.cmake (found version "1.74.0") found components: thread 
-- Found pilz_industrial_motion_planner_testutils: 2.5.5 (/home/adminlab/franka_ros2_ws/install/pilz_industrial_motion_planner_testutils/share/pilz_industrial_motion_planner_testutils/cmake)
-- Found gtest sources under '/opt/ros/humble/src/gtest_vendor': C++ tests using 'Google Test' will be built
-- Found gmock sources under '/opt/ros/humble/src/gmock_vendor': C++ tests using 'Google Mock' will be built
-- Found ament_lint_auto: 0.12.11 (/opt/ros/humble/share/ament_lint_auto/cmake)
-- Found launch_testing_ament_cmake: 1.0.6 (/opt/ros/humble/share/launch_testing_ament_cmake/cmake)
-- Found python_cmake_module: 0.10.0 (/opt/ros/humble/share/python_cmake_module/cmake)
-- Using PYTHON_EXECUTABLE: /usr/bin/python3
-- Using PYTHON_INCLUDE_DIRS: /usr/include/python3.10
-- Using PYTHON_LIBRARIES: /usr/lib/x86_64-linux-gnu/libpython3.10.so
-- Added test 'cppcheck' to perform static code analysis on C / C++ code
-- Configured cppcheck include dirs: /home/adminlab/franka_ros2_ws/src/moveit2/moveit_planners/pilz_industrial_motion_planner/include
-- Configured cppcheck exclude dirs and/or files: 
-- Added test 'pep257' to check Python code against some of the docstring style conventions in PEP 257
-- Added test 'xmllint' to check XML markup files
-- Configuring done
-- Generating done
-- Build files have been written to: /home/adminlab/franka_ros2_ws/build/pilz_industrial_motion_planner
[35m[1mConsolidate compiler generated dependencies of target planning_context_loader_base[0m
[35m[1mConsolidate compiler generated dependencies of target gtest_main[0m
[35m[1mConsolidate compiler generated dependencies of target gmock_main[0m
[35m[1mConsolidate compiler generated dependencies of target gtest[0m
[35m[1mConsolidate compiler generated dependencies of target gmock[0m
[35m[1mConsolidate compiler generated dependencies of target joint_limits_common[0m
[35m[1mConsolidate compiler generated dependencies of target trajectory_generation_common[0m
[  2%] Built target gtest
[  4%] Built target planning_context_loader_base
[  7%] Built target gtest_main
[  9%] Built target gmock_main
[ 13%] Built target gmock
[ 21%] Built target joint_limits_common
[ 26%] Built target trajectory_generation_common
[35m[1mConsolidate compiler generated dependencies of target pilz_industrial_motion_planner[0m
[35m[1mConsolidate compiler generated dependencies of target unittest_joint_limits_container[0m
[35m[1mConsolidate compiler generated dependencies of target unittest_joint_limits_validator[0m
[35m[1mConsolidate compiler generated dependencies of target unittest_joint_limit[0m
[35m[1mConsolidate compiler generated dependencies of target unittest_joint_limits_aggregator[0m
[35m[1mConsolidate compiler generated dependencies of target unittest_cartesian_limits_aggregator[0m
[35m[1mConsolidate compiler generated dependencies of target pilz_industrial_motion_planner_test_utils[0m
[35m[1mConsolidate compiler generated dependencies of target planning_context_loader_ptp[0m
[35m[1mConsolidate compiler generated dependencies of target command_list_manager[0m
[35m[1mConsolidate compiler generated dependencies of target planning_context_loader_lin[0m
[35m[1mConsolidate compiler generated dependencies of target planning_context_loader_circ[0m
[ 28%] Built target pilz_industrial_motion_planner
[ 31%] Built target unittest_joint_limits_container
[ 33%] Built target unittest_joint_limits_validator
[ 36%] Built target unittest_cartesian_limits_aggregator
[ 38%] Built target unittest_joint_limits_aggregator
[ 40%] Built target unittest_joint_limit
[35m[1mConsolidate compiler generated dependencies of target unittest_get_solver_tip_frame[0m
[ 43%] Built target pilz_industrial_motion_planner_test_utils
[35m[1mConsolidate compiler generated dependencies of target unittest_velocity_profile_atrap[0m
[35m[1mConsolidate compiler generated dependencies of target unittest_pilz_industrial_motion_planner[0m
[35m[1mConsolidate compiler generated dependencies of target unittest_trajectory_generator[0m
[ 48%] Built target planning_context_loader_lin
[ 51%] Built target command_list_manager
[ 56%] Built target planning_context_loader_ptp
[ 61%] Built target planning_context_loader_circ
[35m[1mConsolidate compiler generated dependencies of target unittest_planning_context_loaders[0m
[35m[1mConsolidate compiler generated dependencies of target unittest_trajectory_functions[0m
[ 63%] Built target unittest_get_solver_tip_frame
[35m[1mConsolidate compiler generated dependencies of target unittest_pilz_industrial_motion_planner_direct[0m
[35m[1mConsolidate compiler generated dependencies of target unittest_trajectory_generator_lin[0m
[35m[1mConsolidate compiler generated dependencies of target unittest_trajectory_blender_transition_window[0m
[ 67%] Built target unittest_velocity_profile_atrap
[35m[1mConsolidate compiler generated dependencies of target unittest_trajectory_generator_ptp[0m
[35m[1mConsolidate compiler generated dependencies of target sequence_capability[0m
[35m[1mConsolidate compiler generated dependencies of target unittest_trajectory_generator_circ[0m
[35m[1mConsolidate compiler generated dependencies of target unittest_trajectory_generator_common[0m
[35m[1mConsolidate compiler generated dependencies of target unittest_planning_context[0m
[ 69%] Built target unittest_pilz_industrial_motion_planner
[ 73%] Built target unittest_planning_context_loaders
[ 74%] Built target unittest_trajectory_functions
[ 78%] Built target unittest_trajectory_generator
[ 80%] Built target unittest_trajectory_generator_ptp
[ 83%] Built target unittest_pilz_industrial_motion_planner_direct
[ 85%] Built target unittest_trajectory_generator_circ
[ 87%] Built target unittest_trajectory_generator_lin
[ 91%] Built target sequence_capability
[ 95%] Built target unittest_trajectory_blender_transition_window
[ 97%] Built target unittest_trajectory_generator_common
[100%] Built target unittest_planning_context
-- Install configuration: "Debug"
-- Up-to-date: /home/adminlab/franka_ros2_ws/install/pilz_industrial_motion_planner/share/pilz_industrial_motion_planner/plugins/pilz_industrial_motion_planner_plugin_description.xml
-- Up-to-date: /home/adminlab/franka_ros2_ws/install/pilz_industrial_motion_planner/share/pilz_industrial_motion_planner/plugins/sequence_capability_plugin_description.xml
-- Up-to-date: /home/adminlab/franka_ros2_ws/install/pilz_industrial_motion_planner/share/pilz_industrial_motion_planner/plugins/planning_context_plugin_description.xml
-- Up-to-date: /home/adminlab/franka_ros2_ws/install/pilz_industrial_motion_planner/lib/libpilz_industrial_motion_planner.so
-- Up-to-date: /home/adminlab/franka_ros2_ws/install/pilz_industrial_motion_planner/lib/libjoint_limits_common.so
-- Up-to-date: /home/adminlab/franka_ros2_ws/install/pilz_industrial_motion_planner/lib/libplanning_context_loader_base.so
-- Up-to-date: /home/adminlab/franka_ros2_ws/install/pilz_industrial_motion_planner/lib/libplanning_context_loader_ptp.so
-- Up-to-date: /home/adminlab/franka_ros2_ws/install/pilz_industrial_motion_planner/lib/libplanning_context_loader_lin.so
-- Up-to-date: /home/adminlab/franka_ros2_ws/install/pilz_industrial_motion_planner/lib/libplanning_context_loader_circ.so
-- Up-to-date: /home/adminlab/franka_ros2_ws/install/pilz_industrial_motion_planner/lib/libcommand_list_manager.so
-- Up-to-date: /home/adminlab/franka_ros2_ws/install/pilz_industrial_motion_planner/lib/libsequence_capability.so
-- Up-to-date: /home/adminlab/franka_ros2_ws/install/pilz_industrial_motion_planner/lib/libtrajectory_generation_common.so
-- Up-to-date: /home/adminlab/franka_ros2_ws/install/pilz_industrial_motion_planner/include
-- Up-to-date: /home/adminlab/franka_ros2_ws/install/pilz_industrial_motion_planner/include/joint_limits_copy
-- Up-to-date: /home/adminlab/franka_ros2_ws/install/pilz_industrial_motion_planner/include/joint_limits_copy/joint_limits_rosparam.hpp
-- Up-to-date: /home/adminlab/franka_ros2_ws/install/pilz_industrial_motion_planner/include/joint_limits_copy/joint_limits.hpp
-- Up-to-date: /home/adminlab/franka_ros2_ws/install/pilz_industrial_motion_planner/include/pilz_industrial_motion_planner
-- Up-to-date: /home/adminlab/franka_ros2_ws/install/pilz_industrial_motion_planner/include/pilz_industrial_motion_planner/joint_limits_validator.h
-- Up-to-date: /home/adminlab/franka_ros2_ws/install/pilz_industrial_motion_planner/include/pilz_industrial_motion_planner/planning_context_loader_circ.h
-- Up-to-date: /home/adminlab/franka_ros2_ws/install/pilz_industrial_motion_planner/include/pilz_industrial_motion_planner/trajectory_generator_circ.h
-- Up-to-date: /home/adminlab/franka_ros2_ws/install/pilz_industrial_motion_planner/include/pilz_industrial_motion_planner/planning_context_loader_ptp.h
-- Up-to-date: /home/adminlab/franka_ros2_ws/install/pilz_industrial_motion_planner/include/pilz_industrial_motion_planner/planning_context_base.h
-- Up-to-date: /home/adminlab/franka_ros2_ws/install/pilz_industrial_motion_planner/include/pilz_industrial_motion_planner/cartesian_trajectory.h
-- Up-to-date: /home/adminlab/franka_ros2_ws/install/pilz_industrial_motion_planner/include/pilz_industrial_motion_planner/planning_context_ptp.h
-- Up-to-date: /home/adminlab/franka_ros2_ws/install/pilz_industrial_motion_planner/include/pilz_industrial_motion_planner/trajectory_blender.h
-- Up-to-date: /home/adminlab/franka_ros2_ws/install/pilz_industrial_motion_planner/include/pilz_industrial_motion_planner/tip_frame_getter.h
-- Up-to-date: /home/adminlab/franka_ros2_ws/install/pilz_industrial_motion_planner/include/pilz_industrial_motion_planner/trajectory_generator.h
-- Up-to-date: /home/adminlab/franka_ros2_ws/install/pilz_industrial_motion_planner/include/pilz_industrial_motion_planner/trajectory_blend_response.h
-- Up-to-date: /home/adminlab/franka_ros2_ws/install/pilz_industrial_motion_planner/include/pilz_industrial_motion_planner/cartesian_trajectory_point.h
-- Up-to-date: /home/adminlab/franka_ros2_ws/install/pilz_industrial_motion_planner/include/pilz_industrial_motion_planner/joint_limits_interface_extension.h
-- Up-to-date: /home/adminlab/franka_ros2_ws/install/pilz_industrial_motion_planner/include/pilz_industrial_motion_planner/joint_limits_extension.h
-- Up-to-date: /home/adminlab/franka_ros2_ws/install/pilz_industrial_motion_planner/include/pilz_industrial_motion_planner/planning_context_lin.h
-- Up-to-date: /home/adminlab/franka_ros2_ws/install/pilz_industrial_motion_planner/include/pilz_industrial_motion_planner/planning_exceptions.h
-- Up-to-date: /home/adminlab/franka_ros2_ws/install/pilz_industrial_motion_planner/include/pilz_industrial_motion_planner/trajectory_functions.h
-- Up-to-date: /home/adminlab/franka_ros2_ws/install/pilz_industrial_motion_planner/include/pilz_industrial_motion_planner/planning_context_loader_lin.h
-- Up-to-date: /home/adminlab/franka_ros2_ws/install/pilz_industrial_motion_planner/include/pilz_industrial_motion_planner/trajectory_blend_request.h
-- Up-to-date: /home/adminlab/franka_ros2_ws/install/pilz_industrial_motion_planner/include/pilz_industrial_motion_planner/cartesian_limits_aggregator.h
-- Up-to-date: /home/adminlab/franka_ros2_ws/install/pilz_industrial_motion_planner/include/pilz_industrial_motion_planner/move_group_sequence_action.h
-- Up-to-date: /home/adminlab/franka_ros2_ws/install/pilz_industrial_motion_planner/include/pilz_industrial_motion_planner/trajectory_blender_transition_window.h
-- Up-to-date: /home/adminlab/franka_ros2_ws/install/pilz_industrial_motion_planner/include/pilz_industrial_motion_planner/cartesian_limit.h
-- Up-to-date: /home/adminlab/franka_ros2_ws/install/pilz_industrial_motion_planner/include/pilz_industrial_motion_planner/plan_components_builder.h
-- Up-to-date: /home/adminlab/franka_ros2_ws/install/pilz_industrial_motion_planner/include/pilz_industrial_motion_planner/command_list_manager.h
-- Up-to-date: /home/adminlab/franka_ros2_ws/install/pilz_industrial_motion_planner/include/pilz_industrial_motion_planner/trajectory_generator_lin.h
-- Up-to-date: /home/adminlab/franka_ros2_ws/install/pilz_industrial_motion_planner/include/pilz_industrial_motion_planner/limits_container.h
-- Up-to-date: /home/adminlab/franka_ros2_ws/install/pilz_industrial_motion_planner/include/pilz_industrial_motion_planner/move_group_sequence_service.h
-- Up-to-date: /home/adminlab/franka_ros2_ws/install/pilz_industrial_motion_planner/include/pilz_industrial_motion_planner/path_circle_generator.h
-- Up-to-date: /home/adminlab/franka_ros2_ws/install/pilz_industrial_motion_planner/include/pilz_industrial_motion_planner/velocity_profile_atrap.h
-- Up-to-date: /home/adminlab/franka_ros2_ws/install/pilz_industrial_motion_planner/include/pilz_industrial_motion_planner/trajectory_generation_exceptions.h
-- Up-to-date: /home/adminlab/franka_ros2_ws/install/pilz_industrial_motion_planner/include/pilz_industrial_motion_planner/capability_names.h
-- Up-to-date: /home/adminlab/franka_ros2_ws/install/pilz_industrial_motion_planner/include/pilz_industrial_motion_planner/planning_context_loader.h
-- Up-to-date: /home/adminlab/franka_ros2_ws/install/pilz_industrial_motion_planner/include/pilz_industrial_motion_planner/joint_limits_aggregator.h
-- Up-to-date: /home/adminlab/franka_ros2_ws/install/pilz_industrial_motion_planner/include/pilz_industrial_motion_planner/joint_limits_container.h
-- Up-to-date: /home/adminlab/franka_ros2_ws/install/pilz_industrial_motion_planner/include/pilz_industrial_motion_planner/planning_context_circ.h
-- Up-to-date: /home/adminlab/franka_ros2_ws/install/pilz_industrial_motion_planner/include/pilz_industrial_motion_planner/trajectory_generator_ptp.h
-- Up-to-date: /home/adminlab/franka_ros2_ws/install/pilz_industrial_motion_planner/include/pilz_industrial_motion_planner/pilz_industrial_motion_planner.h
-- Up-to-date: /home/adminlab/franka_ros2_ws/install/pilz_industrial_motion_planner/share/pilz_industrial_motion_planner/environment/library_path.sh
-- Installing: /home/adminlab/franka_ros2_ws/install/pilz_industrial_motion_planner/share/pilz_industrial_motion_planner/environment/library_path.dsv
-- Up-to-date: /home/adminlab/franka_ros2_ws/install/pilz_industrial_motion_planner/lib/pilz_industrial_motion_planner/unittest_pilz_industrial_motion_planner_direct
-- Up-to-date: /home/adminlab/franka_ros2_ws/install/pilz_industrial_motion_planner/lib/pilz_industrial_motion_planner/unittest_velocity_profile_atrap
-- Up-to-date: /home/adminlab/franka_ros2_ws/install/pilz_industrial_motion_planner/lib/pilz_industrial_motion_planner/unittest_trajectory_generator
-- Up-to-date: /home/adminlab/franka_ros2_ws/install/pilz_industrial_motion_planner/lib/pilz_industrial_motion_planner/unittest_trajectory_functions
-- Up-to-date: /home/adminlab/franka_ros2_ws/install/pilz_industrial_motion_planner/lib/pilz_industrial_motion_planner/unittest_trajectory_blender_transition_window
-- Up-to-date: /home/adminlab/franka_ros2_ws/install/pilz_industrial_motion_planner/lib/pilz_industrial_motion_planner/unittest_trajectory_generator_common
-- Up-to-date: /home/adminlab/franka_ros2_ws/install/pilz_industrial_motion_planner/lib/pilz_industrial_motion_planner/unittest_trajectory_generator_circ
-- Up-to-date: /home/adminlab/franka_ros2_ws/install/pilz_industrial_motion_planner/lib/pilz_industrial_motion_planner/unittest_trajectory_generator_lin
-- Up-to-date: /home/adminlab/franka_ros2_ws/install/pilz_industrial_motion_planner/lib/pilz_industrial_motion_planner/unittest_trajectory_generator_ptp
-- Up-to-date: /home/adminlab/franka_ros2_ws/install/pilz_industrial_motion_planner/lib/pilz_industrial_motion_planner/unittest_pilz_industrial_motion_planner
-- Up-to-date: /home/adminlab/franka_ros2_ws/install/pilz_industrial_motion_planner/lib/pilz_industrial_motion_planner/unittest_joint_limit
-- Up-to-date: /home/adminlab/franka_ros2_ws/install/pilz_industrial_motion_planner/lib/pilz_industrial_motion_planner/unittest_joint_limits_aggregator
-- Up-to-date: /home/adminlab/franka_ros2_ws/install/pilz_industrial_motion_planner/lib/pilz_industrial_motion_planner/unittest_joint_limits_container
-- Up-to-date: /home/adminlab/franka_ros2_ws/install/pilz_industrial_motion_planner/lib/pilz_industrial_motion_planner/unittest_joint_limits_validator
-- Up-to-date: /home/adminlab/franka_ros2_ws/install/pilz_industrial_motion_planner/lib/pilz_industrial_motion_planner/unittest_cartesian_limits_aggregator
-- Up-to-date: /home/adminlab/franka_ros2_ws/install/pilz_industrial_motion_planner/lib/pilz_industrial_motion_planner/unittest_planning_context_loaders
-- Up-to-date: /home/adminlab/franka_ros2_ws/install/pilz_industrial_motion_planner/lib/pilz_industrial_motion_planner/unittest_planning_context
-- Up-to-date: /home/adminlab/franka_ros2_ws/install/pilz_industrial_motion_planner/lib/pilz_industrial_motion_planner/unittest_get_solver_tip_frame
-- Up-to-date: /home/adminlab/franka_ros2_ws/install/pilz_industrial_motion_planner/share/pilz_industrial_motion_planner/config
-- Up-to-date: /home/adminlab/franka_ros2_ws/install/pilz_industrial_motion_planner/share/pilz_industrial_motion_planner/config/unittest_trajectory_functions.yaml
-- Up-to-date: /home/adminlab/franka_ros2_ws/install/pilz_industrial_motion_planner/share/pilz_industrial_motion_planner/config/unittest_trajectory_generator_common.yaml
-- Up-to-date: /home/adminlab/franka_ros2_ws/install/pilz_industrial_motion_planner/share/pilz_industrial_motion_planner/config/unittest_trajectory_generator_ptp.yaml
-- Up-to-date: /home/adminlab/franka_ros2_ws/install/pilz_industrial_motion_planner/share/pilz_industrial_motion_planner/config/unittest_cartesian_limits_aggregator.yaml
-- Up-to-date: /home/adminlab/franka_ros2_ws/install/pilz_industrial_motion_planner/share/pilz_industrial_motion_planner/config/unittest_trajectory_generator_circ.yaml
-- Up-to-date: /home/adminlab/franka_ros2_ws/install/pilz_industrial_motion_planner/share/pilz_industrial_motion_planner/config/unittest_joint_limits_aggregator.yaml
-- Up-to-date: /home/adminlab/franka_ros2_ws/install/pilz_industrial_motion_planner/share/pilz_industrial_motion_planner/config/unittest_joint_limit_config.yaml
-- Up-to-date: /home/adminlab/franka_ros2_ws/install/pilz_industrial_motion_planner/share/pilz_industrial_motion_planner/config/unittest_trajectory_blender_transition_window.yaml
-- Up-to-date: /home/adminlab/franka_ros2_ws/install/pilz_industrial_motion_planner/share/pilz_industrial_motion_planner/config/unittest_trajectory_generator_lin.yaml
-- Up-to-date: /home/adminlab/franka_ros2_ws/install/pilz_industrial_motion_planner/share/pilz_industrial_motion_planner/launch
-- Up-to-date: /home/adminlab/franka_ros2_ws/install/pilz_industrial_motion_planner/share/pilz_industrial_motion_planner/launch/unittest_cartesian_limits_aggregator.test.py
-- Up-to-date: /home/adminlab/franka_ros2_ws/install/pilz_industrial_motion_planner/share/pilz_industrial_motion_planner/launch/unittest_trajectory_generator_common.test.py
-- Up-to-date: /home/adminlab/franka_ros2_ws/install/pilz_industrial_motion_planner/share/pilz_industrial_motion_planner/launch/unittest_trajectory_functions.test.py
-- Up-to-date: /home/adminlab/franka_ros2_ws/install/pilz_industrial_motion_planner/share/pilz_industrial_motion_planner/launch/common_parameters.py
-- Up-to-date: /home/adminlab/franka_ros2_ws/install/pilz_industrial_motion_planner/share/pilz_industrial_motion_planner/launch/unittest_pilz_industrial_motion_planner.test.py
-- Up-to-date: /home/adminlab/franka_ros2_ws/install/pilz_industrial_motion_planner/share/pilz_industrial_motion_planner/launch/unittest_trajectory_generator_lin.test.py
-- Up-to-date: /home/adminlab/franka_ros2_ws/install/pilz_industrial_motion_planner/share/pilz_industrial_motion_planner/launch/unittest_trajectory_generator_ptp.test.py
-- Up-to-date: /home/adminlab/franka_ros2_ws/install/pilz_industrial_motion_planner/share/pilz_industrial_motion_planner/launch/unittest_joint_limit.test.py
-- Up-to-date: /home/adminlab/franka_ros2_ws/install/pilz_industrial_motion_planner/share/pilz_industrial_motion_planner/launch/unittest_trajectory_blender_transition_window.test.py
-- Up-to-date: /home/adminlab/franka_ros2_ws/install/pilz_industrial_motion_planner/share/pilz_industrial_motion_planner/launch/unittest_planning_context.test.py
-- Up-to-date: /home/adminlab/franka_ros2_ws/install/pilz_industrial_motion_planner/share/pilz_industrial_motion_planner/launch/unittest_trajectory_generator_circ.test.py
-- Up-to-date: /home/adminlab/franka_ros2_ws/install/pilz_industrial_motion_planner/share/pilz_industrial_motion_planner/launch/unittest_planning_context_loaders.test.py
-- Up-to-date: /home/adminlab/franka_ros2_ws/install/pilz_industrial_motion_planner/share/pilz_industrial_motion_planner/launch/unittest_joint_limits_aggregator.test.py
-- Up-to-date: /home/adminlab/franka_ros2_ws/install/pilz_industrial_motion_planner/share/pilz_industrial_motion_planner/test_data
-- Up-to-date: /home/adminlab/franka_ros2_ws/install/pilz_industrial_motion_planner/share/pilz_industrial_motion_planner/test_data/concept_testdata.odp
-- Up-to-date: /home/adminlab/franka_ros2_ws/install/pilz_industrial_motion_planner/share/pilz_industrial_motion_planner/test_data/testpoints.py
-- Up-to-date: /home/adminlab/franka_ros2_ws/install/pilz_industrial_motion_planner/share/pilz_industrial_motion_planner/test_data/prbt
-- Up-to-date: /home/adminlab/franka_ros2_ws/install/pilz_industrial_motion_planner/share/pilz_industrial_motion_planner/test_data/prbt/testdata_deprecated.xml
-- Up-to-date: /home/adminlab/franka_ros2_ws/install/pilz_industrial_motion_planner/share/pilz_industrial_motion_planner/test_data/prbt/testdata_sequence.xml
-- Up-to-date: /home/adminlab/franka_ros2_ws/install/pilz_industrial_motion_planner/share/pilz_industrial_motion_planner/test_data/prbt/testdata_with_gripper.xml
-- Up-to-date: /home/adminlab/franka_ros2_ws/install/pilz_industrial_motion_planner/share/pilz_industrial_motion_planner/test_data/concept_testdata.png
-- Up-to-date: /home/adminlab/franka_ros2_ws/install/pilz_industrial_motion_planner/share/pilz_industrial_motion_planner/test_data/frankaemika_panda
-- Up-to-date: /home/adminlab/franka_ros2_ws/install/pilz_industrial_motion_planner/share/pilz_industrial_motion_planner/test_data/frankaemika_panda/testdata_sequence.xml
-- Up-to-date: /home/adminlab/franka_ros2_ws/install/pilz_industrial_motion_planner/share/ament_index/resource_index/package_run_dependencies/pilz_industrial_motion_planner
-- Up-to-date: /home/adminlab/franka_ros2_ws/install/pilz_industrial_motion_planner/share/ament_index/resource_index/parent_prefix_path/pilz_industrial_motion_planner
-- Up-to-date: /home/adminlab/franka_ros2_ws/install/pilz_industrial_motion_planner/share/pilz_industrial_motion_planner/environment/ament_prefix_path.sh
-- Installing: /home/adminlab/franka_ros2_ws/install/pilz_industrial_motion_planner/share/pilz_industrial_motion_planner/environment/ament_prefix_path.dsv
-- Up-to-date: /home/adminlab/franka_ros2_ws/install/pilz_industrial_motion_planner/share/pilz_industrial_motion_planner/environment/path.sh
-- Installing: /home/adminlab/franka_ros2_ws/install/pilz_industrial_motion_planner/share/pilz_industrial_motion_planner/environment/path.dsv
-- Up-to-date: /home/adminlab/franka_ros2_ws/install/pilz_industrial_motion_planner/share/pilz_industrial_motion_planner/local_setup.bash
-- Up-to-date: /home/adminlab/franka_ros2_ws/install/pilz_industrial_motion_planner/share/pilz_industrial_motion_planner/local_setup.sh
-- Up-to-date: /home/adminlab/franka_ros2_ws/install/pilz_industrial_motion_planner/share/pilz_industrial_motion_planner/local_setup.zsh
-- Installing: /home/adminlab/franka_ros2_ws/install/pilz_industrial_motion_planner/share/pilz_industrial_motion_planner/local_setup.dsv
-- Installing: /home/adminlab/franka_ros2_ws/install/pilz_industrial_motion_planner/share/pilz_industrial_motion_planner/package.dsv
-- Up-to-date: /home/adminlab/franka_ros2_ws/install/pilz_industrial_motion_planner/share/ament_index/resource_index/packages/pilz_industrial_motion_planner
-- Up-to-date: /home/adminlab/franka_ros2_ws/install/pilz_industrial_motion_planner/share/ament_index/resource_index/moveit_core__pluginlib__plugin/pilz_industrial_motion_planner
-- Up-to-date: /home/adminlab/franka_ros2_ws/install/pilz_industrial_motion_planner/share/ament_index/resource_index/moveit_ros_move_group__pluginlib__plugin/pilz_industrial_motion_planner
-- Up-to-date: /home/adminlab/franka_ros2_ws/install/pilz_industrial_motion_planner/share/ament_index/resource_index/pilz_industrial_motion_planner__pluginlib__plugin/pilz_industrial_motion_planner
-- Up-to-date: /home/adminlab/franka_ros2_ws/install/pilz_industrial_motion_planner/share/pilz_industrial_motion_planner/cmake/pilz_industrial_motion_plannerTargetsExport.cmake
-- Up-to-date: /home/adminlab/franka_ros2_ws/install/pilz_industrial_motion_planner/share/pilz_industrial_motion_planner/cmake/pilz_industrial_motion_plannerTargetsExport-debug.cmake
-- Up-to-date: /home/adminlab/franka_ros2_ws/install/pilz_industrial_motion_planner/share/pilz_industrial_motion_planner/cmake/ament_cmake_export_include_directories-extras.cmake
-- Up-to-date: /home/adminlab/franka_ros2_ws/install/pilz_industrial_motion_planner/share/pilz_industrial_motion_planner/cmake/ament_cmake_export_targets-extras.cmake
-- Up-to-date: /home/adminlab/franka_ros2_ws/install/pilz_industrial_motion_planner/share/pilz_industrial_motion_planner/cmake/ament_cmake_export_dependencies-extras.cmake
-- Up-to-date: /home/adminlab/franka_ros2_ws/install/pilz_industrial_motion_planner/share/pilz_industrial_motion_planner/cmake/pilz_industrial_motion_plannerConfig.cmake
-- Up-to-date: /home/adminlab/franka_ros2_ws/install/pilz_industrial_motion_planner/share/pilz_industrial_motion_planner/cmake/pilz_industrial_motion_plannerConfig-version.cmake
-- Up-to-date: /home/adminlab/franka_ros2_ws/install/pilz_industrial_motion_planner/share/pilz_industrial_motion_planner/package.xml
