[0.553s] Invoking command in '/home/adminlab/franka_ros2_ws/build/franka_description': CMAKE_PREFIX_PATH=${CMAKE_PREFIX_PATH}:/home/adminlab/franka_ros2_ws/install/moveit_configs_utils:/home/adminlab/franka_ros2_ws/install/ros2test:/home/adminlab/franka_ros2_ws/install/generate_parameter_module_example:/home/adminlab/franka_ros2_ws/install/launch_param_builder:/home/adminlab/franka_ros2_ws/install/handcv:/home/adminlab/franka_ros2_ws/install/generate_parameter_library_py:/home/adminlab/franka_ros2_ws/install/camera_publisher:/opt/ros/humble /usr/bin/cmake /home/adminlab/franka_ros2_ws/src/franka_ros2/franka_description -DCMAKE_INSTALL_PREFIX=/home/adminlab/franka_ros2_ws/install/franka_description
[0.619s] -- The C compiler identification is GNU 11.4.0
[0.691s] -- The CXX compiler identification is GNU 11.4.0
[0.700s] -- Detecting C compiler ABI info
[0.783s] -- Detecting C compiler ABI info - done
[0.791s] -- Check for working C compiler: /usr/bin/cc - skipped
[0.791s] -- Detecting C compile features
[0.792s] -- Detecting C compile features - done
[0.797s] -- Detecting CXX compiler ABI info
[0.912s] -- Detecting CXX compiler ABI info - done
[0.919s] -- Check for working CXX compiler: /usr/bin/c++ - skipped
[0.921s] -- Detecting CXX compile features
[0.924s] -- Detecting CXX compile features - done
[0.924s] -- Found ament_cmake: 1.3.9 (/opt/ros/humble/share/ament_cmake/cmake)
[1.111s] -- Found Python3: /usr/bin/python3 (found version "3.10.12") found components: Interpreter 
[1.214s] -- Found ament_lint_auto: 0.12.11 (/opt/ros/humble/share/ament_lint_auto/cmake)
[1.739s] -- Added test 'copyright' to check source files copyright and LICENSE
[1.752s] -- Added test 'flake8' to check Python code syntax and style conventions
[1.752s] -- Added test 'lint_cmake' to check CMake code style
[1.752s] -- Added test 'pep257' to check Python code against some of the docstring style conventions in PEP 257
[1.758s] -- Added test 'xmllint' to check XML markup files
[1.758s] -- Configuring done
[1.762s] -- Generating done
[1.763s] -- Build files have been written to: /home/adminlab/franka_ros2_ws/build/franka_description
[1.917s] Invoked command in '/home/adminlab/franka_ros2_ws/build/franka_description' returned '0': CMAKE_PREFIX_PATH=${CMAKE_PREFIX_PATH}:/home/adminlab/franka_ros2_ws/install/moveit_configs_utils:/home/adminlab/franka_ros2_ws/install/ros2test:/home/adminlab/franka_ros2_ws/install/generate_parameter_module_example:/home/adminlab/franka_ros2_ws/install/launch_param_builder:/home/adminlab/franka_ros2_ws/install/handcv:/home/adminlab/franka_ros2_ws/install/generate_parameter_library_py:/home/adminlab/franka_ros2_ws/install/camera_publisher:/opt/ros/humble /usr/bin/cmake /home/adminlab/franka_ros2_ws/src/franka_ros2/franka_description -DCMAKE_INSTALL_PREFIX=/home/adminlab/franka_ros2_ws/install/franka_description
[1.918s] Invoking command in '/home/adminlab/franka_ros2_ws/build/franka_description': CMAKE_PREFIX_PATH=${CMAKE_PREFIX_PATH}:/home/adminlab/franka_ros2_ws/install/moveit_configs_utils:/home/adminlab/franka_ros2_ws/install/ros2test:/home/adminlab/franka_ros2_ws/install/generate_parameter_module_example:/home/adminlab/franka_ros2_ws/install/launch_param_builder:/home/adminlab/franka_ros2_ws/install/handcv:/home/adminlab/franka_ros2_ws/install/generate_parameter_library_py:/home/adminlab/franka_ros2_ws/install/camera_publisher:/opt/ros/humble /usr/bin/cmake --build /home/adminlab/franka_ros2_ws/build/franka_description -- -j16 -l16
[2.406s] Invoked command in '/home/adminlab/franka_ros2_ws/build/franka_description' returned '0': CMAKE_PREFIX_PATH=${CMAKE_PREFIX_PATH}:/home/adminlab/franka_ros2_ws/install/moveit_configs_utils:/home/adminlab/franka_ros2_ws/install/ros2test:/home/adminlab/franka_ros2_ws/install/generate_parameter_module_example:/home/adminlab/franka_ros2_ws/install/launch_param_builder:/home/adminlab/franka_ros2_ws/install/handcv:/home/adminlab/franka_ros2_ws/install/generate_parameter_library_py:/home/adminlab/franka_ros2_ws/install/camera_publisher:/opt/ros/humble /usr/bin/cmake --build /home/adminlab/franka_ros2_ws/build/franka_description -- -j16 -l16
[2.554s] Invoking command in '/home/adminlab/franka_ros2_ws/build/franka_description': CMAKE_PREFIX_PATH=${CMAKE_PREFIX_PATH}:/home/adminlab/franka_ros2_ws/install/moveit_configs_utils:/home/adminlab/franka_ros2_ws/install/ros2test:/home/adminlab/franka_ros2_ws/install/generate_parameter_module_example:/home/adminlab/franka_ros2_ws/install/launch_param_builder:/home/adminlab/franka_ros2_ws/install/handcv:/home/adminlab/franka_ros2_ws/install/generate_parameter_library_py:/home/adminlab/franka_ros2_ws/install/camera_publisher:/opt/ros/humble /usr/bin/cmake --install /home/adminlab/franka_ros2_ws/build/franka_description
[2.901s] -- Install configuration: ""
[2.901s] -- Installing: /home/adminlab/franka_ros2_ws/install/franka_description/share/franka_description//launch
[2.901s] -- Installing: /home/adminlab/franka_ros2_ws/install/franka_description/share/franka_description//launch/visualize_franka.launch.py
[2.901s] -- Installing: /home/adminlab/franka_ros2_ws/install/franka_description/share/franka_description//robots
[2.901s] -- Installing: /home/adminlab/franka_ros2_ws/install/franka_description/share/franka_description//robots/panda_arm.urdf.xacro
[2.901s] -- Installing: /home/adminlab/franka_ros2_ws/install/franka_description/share/franka_description//robots/panda_arm.xacro
[2.901s] -- Installing: /home/adminlab/franka_ros2_ws/install/franka_description/share/franka_description//robots/panda_arm.ros2_control.xacro
[2.901s] -- Installing: /home/adminlab/franka_ros2_ws/install/franka_description/share/franka_description//robots/hand.urdf.xacro
[2.901s] -- Installing: /home/adminlab/franka_ros2_ws/install/franka_description/share/franka_description//robots/hand.xacro
[2.902s] -- Installing: /home/adminlab/franka_ros2_ws/install/franka_description/share/franka_description//meshes
[2.902s] -- Installing: /home/adminlab/franka_ros2_ws/install/franka_description/share/franka_description//meshes/visual
[2.902s] -- Installing: /home/adminlab/franka_ros2_ws/install/franka_description/share/franka_description//meshes/visual/link6.dae
[2.902s] -- Installing: /home/adminlab/franka_ros2_ws/install/franka_description/share/franka_description//meshes/visual/link2.dae
[2.902s] -- Installing: /home/adminlab/franka_ros2_ws/install/franka_description/share/franka_description//meshes/visual/link7.dae
[2.902s] -- Installing: /home/adminlab/franka_ros2_ws/install/franka_description/share/franka_description//meshes/visual/finger.dae
[2.902s] -- Installing: /home/adminlab/franka_ros2_ws/install/franka_description/share/franka_description//meshes/visual/link1.dae
[2.902s] -- Installing: /home/adminlab/franka_ros2_ws/install/franka_description/share/franka_description//meshes/visual/hand.dae
[2.902s] -- Installing: /home/adminlab/franka_ros2_ws/install/franka_description/share/franka_description//meshes/visual/link5.dae
[2.902s] -- Installing: /home/adminlab/franka_ros2_ws/install/franka_description/share/franka_description//meshes/visual/link3.dae
[2.902s] -- Installing: /home/adminlab/franka_ros2_ws/install/franka_description/share/franka_description//meshes/visual/link4.dae
[2.902s] -- Installing: /home/adminlab/franka_ros2_ws/install/franka_description/share/franka_description//meshes/visual/link0.dae
[2.902s] -- Installing: /home/adminlab/franka_ros2_ws/install/franka_description/share/franka_description//rviz
[2.902s] -- Installing: /home/adminlab/franka_ros2_ws/install/franka_description/share/franka_description//rviz/visualize_franka.rviz
[2.902s] -- Installing: /home/adminlab/franka_ros2_ws/install/franka_description/share/ament_index/resource_index/package_run_dependencies/franka_description
[2.902s] -- Installing: /home/adminlab/franka_ros2_ws/install/franka_description/share/ament_index/resource_index/parent_prefix_path/franka_description
[2.902s] -- Installing: /home/adminlab/franka_ros2_ws/install/franka_description/share/franka_description/environment/ament_prefix_path.sh
[2.902s] -- Installing: /home/adminlab/franka_ros2_ws/install/franka_description/share/franka_description/environment/ament_prefix_path.dsv
[2.902s] -- Installing: /home/adminlab/franka_ros2_ws/install/franka_description/share/franka_description/environment/path.sh
[2.902s] -- Installing: /home/adminlab/franka_ros2_ws/install/franka_description/share/franka_description/environment/path.dsv
[2.903s] -- Installing: /home/adminlab/franka_ros2_ws/install/franka_description/share/franka_description/local_setup.bash
[2.903s] -- Installing: /home/adminlab/franka_ros2_ws/install/franka_description/share/franka_description/local_setup.sh
[2.903s] -- Installing: /home/adminlab/franka_ros2_ws/install/franka_description/share/franka_description/local_setup.zsh
[2.903s] -- Installing: /home/adminlab/franka_ros2_ws/install/franka_description/share/franka_description/local_setup.dsv
[2.903s] -- Installing: /home/adminlab/franka_ros2_ws/install/franka_description/share/franka_description/package.dsv
[2.903s] -- Installing: /home/adminlab/franka_ros2_ws/install/franka_description/share/ament_index/resource_index/packages/franka_description
[2.903s] -- Installing: /home/adminlab/franka_ros2_ws/install/franka_description/share/franka_description/cmake/franka_descriptionConfig.cmake
[2.903s] -- Installing: /home/adminlab/franka_ros2_ws/install/franka_description/share/franka_description/cmake/franka_descriptionConfig-version.cmake
[2.903s] -- Installing: /home/adminlab/franka_ros2_ws/install/franka_description/share/franka_description/package.xml
[2.951s] Invoked command in '/home/adminlab/franka_ros2_ws/build/franka_description' returned '0': CMAKE_PREFIX_PATH=${CMAKE_PREFIX_PATH}:/home/adminlab/franka_ros2_ws/install/moveit_configs_utils:/home/adminlab/franka_ros2_ws/install/ros2test:/home/adminlab/franka_ros2_ws/install/generate_parameter_module_example:/home/adminlab/franka_ros2_ws/install/launch_param_builder:/home/adminlab/franka_ros2_ws/install/handcv:/home/adminlab/franka_ros2_ws/install/generate_parameter_library_py:/home/adminlab/franka_ros2_ws/install/camera_publisher:/opt/ros/humble /usr/bin/cmake --install /home/adminlab/franka_ros2_ws/build/franka_description
