[0.557s] Invoking command in '/home/adminlab/franka_ros2_ws/build/ros2_shared': CMAKE_PREFIX_PATH=${CMAKE_PREFIX_PATH}:/home/adminlab/franka_ros2_ws/install/moveit_configs_utils:/home/adminlab/franka_ros2_ws/install/ros2test:/home/adminlab/franka_ros2_ws/install/generate_parameter_module_example:/home/adminlab/franka_ros2_ws/install/launch_param_builder:/home/adminlab/franka_ros2_ws/install/handcv:/home/adminlab/franka_ros2_ws/install/generate_parameter_library_py:/home/adminlab/franka_ros2_ws/install/camera_publisher:/opt/ros/humble /usr/bin/cmake /home/adminlab/franka_ros2_ws/src/ros2_shared -DCMAKE_INSTALL_PREFIX=/home/adminlab/franka_ros2_ws/install/ros2_shared
[1.072s] -- The C compiler identification is GNU 11.4.0
[1.072s] -- The CXX compiler identification is GNU 11.4.0
[1.072s] -- Detecting C compiler ABI info
[1.072s] -- Detecting C compiler ABI info - done
[1.072s] -- Check for working C compiler: /usr/bin/cc - skipped
[1.072s] -- Detecting C compile features
[1.072s] -- Detecting C compile features - done
[1.073s] -- Detecting CXX compiler ABI info
[1.073s] -- Detecting CXX compiler ABI info - done
[1.073s] -- Check for working CXX compiler: /usr/bin/c++ - skipped
[1.073s] -- Detecting CXX compile features
[1.073s] -- Detecting CXX compile features - done
[1.074s] -- Found ament_cmake: 1.3.9 (/opt/ros/humble/share/ament_cmake/cmake)
[1.139s] -- Found Python3: /usr/bin/python3 (found version "3.10.12") found components: Interpreter 
[1.211s] -- Found rclcpp: 16.0.9 (/opt/ros/humble/share/rclcpp/cmake)
[1.260s] -- Found rosidl_generator_c: 3.1.5 (/opt/ros/humble/share/rosidl_generator_c/cmake)
[1.266s] -- Found rosidl_adapter: 3.1.5 (/opt/ros/humble/share/rosidl_adapter/cmake)
[1.276s] -- Found rosidl_generator_cpp: 3.1.5 (/opt/ros/humble/share/rosidl_generator_cpp/cmake)
[1.301s] -- Using all available rosidl_typesupport_c: rosidl_typesupport_fastrtps_c;rosidl_typesupport_introspection_c
[1.333s] -- Using all available rosidl_typesupport_cpp: rosidl_typesupport_fastrtps_cpp;rosidl_typesupport_introspection_cpp
[1.393s] -- Found rmw_implementation_cmake: 6.1.2 (/opt/ros/humble/share/rmw_implementation_cmake/cmake)
[1.400s] -- Found rmw_fastrtps_cpp: 6.2.6 (/opt/ros/humble/share/rmw_fastrtps_cpp/cmake)
[1.535s] -- Found OpenSSL: /usr/lib/x86_64-linux-gnu/libcrypto.so (found version "3.0.2")  
[1.577s] -- Found FastRTPS: /opt/ros/humble/include  
[1.633s] -- Using RMW implementation 'rmw_fastrtps_cpp' as default
[1.649s] -- Looking for pthread.h
[1.771s] -- Looking for pthread.h - found
[1.771s] -- Performing Test CMAKE_HAVE_LIBC_PTHREAD
[1.843s] -- Performing Test CMAKE_HAVE_LIBC_PTHREAD - Success
[1.844s] -- Found Threads: TRUE  
[2.101s] -- Configuring done
[2.101s] -- Generating done
[2.102s] -- Build files have been written to: /home/adminlab/franka_ros2_ws/build/ros2_shared
[2.118s] Invoked command in '/home/adminlab/franka_ros2_ws/build/ros2_shared' returned '0': CMAKE_PREFIX_PATH=${CMAKE_PREFIX_PATH}:/home/adminlab/franka_ros2_ws/install/moveit_configs_utils:/home/adminlab/franka_ros2_ws/install/ros2test:/home/adminlab/franka_ros2_ws/install/generate_parameter_module_example:/home/adminlab/franka_ros2_ws/install/launch_param_builder:/home/adminlab/franka_ros2_ws/install/handcv:/home/adminlab/franka_ros2_ws/install/generate_parameter_library_py:/home/adminlab/franka_ros2_ws/install/camera_publisher:/opt/ros/humble /usr/bin/cmake /home/adminlab/franka_ros2_ws/src/ros2_shared -DCMAKE_INSTALL_PREFIX=/home/adminlab/franka_ros2_ws/install/ros2_shared
[2.121s] Invoking command in '/home/adminlab/franka_ros2_ws/build/ros2_shared': CMAKE_PREFIX_PATH=${CMAKE_PREFIX_PATH}:/home/adminlab/franka_ros2_ws/install/moveit_configs_utils:/home/adminlab/franka_ros2_ws/install/ros2test:/home/adminlab/franka_ros2_ws/install/generate_parameter_module_example:/home/adminlab/franka_ros2_ws/install/launch_param_builder:/home/adminlab/franka_ros2_ws/install/handcv:/home/adminlab/franka_ros2_ws/install/generate_parameter_library_py:/home/adminlab/franka_ros2_ws/install/camera_publisher:/opt/ros/humble /usr/bin/cmake --build /home/adminlab/franka_ros2_ws/build/ros2_shared -- -j16 -l16
[2.431s] Invoked command in '/home/adminlab/franka_ros2_ws/build/ros2_shared' returned '0': CMAKE_PREFIX_PATH=${CMAKE_PREFIX_PATH}:/home/adminlab/franka_ros2_ws/install/moveit_configs_utils:/home/adminlab/franka_ros2_ws/install/ros2test:/home/adminlab/franka_ros2_ws/install/generate_parameter_module_example:/home/adminlab/franka_ros2_ws/install/launch_param_builder:/home/adminlab/franka_ros2_ws/install/handcv:/home/adminlab/franka_ros2_ws/install/generate_parameter_library_py:/home/adminlab/franka_ros2_ws/install/camera_publisher:/opt/ros/humble /usr/bin/cmake --build /home/adminlab/franka_ros2_ws/build/ros2_shared -- -j16 -l16
[2.545s] Invoking command in '/home/adminlab/franka_ros2_ws/build/ros2_shared': CMAKE_PREFIX_PATH=${CMAKE_PREFIX_PATH}:/home/adminlab/franka_ros2_ws/install/moveit_configs_utils:/home/adminlab/franka_ros2_ws/install/ros2test:/home/adminlab/franka_ros2_ws/install/generate_parameter_module_example:/home/adminlab/franka_ros2_ws/install/launch_param_builder:/home/adminlab/franka_ros2_ws/install/handcv:/home/adminlab/franka_ros2_ws/install/generate_parameter_library_py:/home/adminlab/franka_ros2_ws/install/camera_publisher:/opt/ros/humble /usr/bin/cmake --install /home/adminlab/franka_ros2_ws/build/ros2_shared
[2.893s] -- Install configuration: ""
[2.893s] -- Installing: /home/adminlab/franka_ros2_ws/install/ros2_shared/include
[2.893s] -- Installing: /home/adminlab/franka_ros2_ws/install/ros2_shared/include/ros2_shared
[2.893s] -- Installing: /home/adminlab/franka_ros2_ws/install/ros2_shared/include/ros2_shared/context_macros.hpp
[2.893s] -- Installing: /home/adminlab/franka_ros2_ws/install/ros2_shared/include/ros2_shared/string_printf.hpp
[2.893s] -- Installing: /home/adminlab/franka_ros2_ws/install/ros2_shared/include/ros2_shared/param_macros.hpp
[2.893s] -- Installing: /home/adminlab/franka_ros2_ws/install/ros2_shared/share/ament_index/resource_index/package_run_dependencies/ros2_shared
[2.893s] -- Installing: /home/adminlab/franka_ros2_ws/install/ros2_shared/share/ament_index/resource_index/parent_prefix_path/ros2_shared
[2.893s] -- Installing: /home/adminlab/franka_ros2_ws/install/ros2_shared/share/ros2_shared/environment/ament_prefix_path.sh
[2.893s] -- Installing: /home/adminlab/franka_ros2_ws/install/ros2_shared/share/ros2_shared/environment/ament_prefix_path.dsv
[2.893s] -- Installing: /home/adminlab/franka_ros2_ws/install/ros2_shared/share/ros2_shared/environment/path.sh
[2.893s] -- Installing: /home/adminlab/franka_ros2_ws/install/ros2_shared/share/ros2_shared/environment/path.dsv
[2.893s] -- Installing: /home/adminlab/franka_ros2_ws/install/ros2_shared/share/ros2_shared/local_setup.bash
[2.893s] -- Installing: /home/adminlab/franka_ros2_ws/install/ros2_shared/share/ros2_shared/local_setup.sh
[2.894s] -- Installing: /home/adminlab/franka_ros2_ws/install/ros2_shared/share/ros2_shared/local_setup.zsh
[2.894s] -- Installing: /home/adminlab/franka_ros2_ws/install/ros2_shared/share/ros2_shared/local_setup.dsv
[2.894s] -- Installing: /home/adminlab/franka_ros2_ws/install/ros2_shared/share/ros2_shared/package.dsv
[2.894s] -- Installing: /home/adminlab/franka_ros2_ws/install/ros2_shared/share/ament_index/resource_index/packages/ros2_shared
[2.894s] -- Installing: /home/adminlab/franka_ros2_ws/install/ros2_shared/share/ros2_shared/cmake/ros2_shared_targetsExport.cmake
[2.894s] -- Installing: /home/adminlab/franka_ros2_ws/install/ros2_shared/share/ros2_shared/cmake/ament_cmake_export_targets-extras.cmake
[2.894s] -- Installing: /home/adminlab/franka_ros2_ws/install/ros2_shared/share/ros2_shared/cmake/ament_cmake_export_dependencies-extras.cmake
[2.894s] -- Installing: /home/adminlab/franka_ros2_ws/install/ros2_shared/share/ros2_shared/cmake/ros2_sharedConfig.cmake
[2.894s] -- Installing: /home/adminlab/franka_ros2_ws/install/ros2_shared/share/ros2_shared/cmake/ros2_sharedConfig-version.cmake
[2.894s] -- Installing: /home/adminlab/franka_ros2_ws/install/ros2_shared/share/ros2_shared/package.xml
[2.917s] Invoked command in '/home/adminlab/franka_ros2_ws/build/ros2_shared' returned '0': CMAKE_PREFIX_PATH=${CMAKE_PREFIX_PATH}:/home/adminlab/franka_ros2_ws/install/moveit_configs_utils:/home/adminlab/franka_ros2_ws/install/ros2test:/home/adminlab/franka_ros2_ws/install/generate_parameter_module_example:/home/adminlab/franka_ros2_ws/install/launch_param_builder:/home/adminlab/franka_ros2_ws/install/handcv:/home/adminlab/franka_ros2_ws/install/generate_parameter_library_py:/home/adminlab/franka_ros2_ws/install/camera_publisher:/opt/ros/humble /usr/bin/cmake --install /home/adminlab/franka_ros2_ws/build/ros2_shared
