-- Found moveit_common: 2.5.5 (/home/adminlab/franka_ros2_ws/install/moveit_common/share/moveit_common/cmake)
-- Found ament_cmake: 1.3.9 (/opt/ros/humble/share/ament_cmake/cmake)
-- Could NOT find libbfd (missing: LIBBFD_LIBRARY LIBBFD_INCLUDE_DIR) 
-- BACKWARD_HAS_UNWIND=1
-- BACKWARD_HAS_BACKTRACE=0
-- BACKWARD_HAS_BACKTRACE_SYMBOL=0
-- BACKWARD_HAS_DW=1
-- BACKWARD_HAS_BFD=0
-- Found Backward: /opt/ros/humble/share/backward_ros/cmake  
-- Found ament_cmake_ros: 0.10.0 (/opt/ros/humble/share/ament_cmake_ros/cmake)
-- Found ament_index_cpp: 1.4.0 (/opt/ros/humble/share/ament_index_cpp/cmake)
-- Found moveit_core: 2.5.5 (/home/adminlab/franka_ros2_ws/install/moveit_core/share/moveit_core/cmake)
-- Found Boost: /usr/lib/x86_64-linux-gnu/cmake/Boost-1.74.0/BoostConfig.cmake (found version "1.74.0") found components: chrono date_time filesystem iostreams program_options regex serialization system thread 
-- Found parameter_traits: 0.3.7 (/home/adminlab/franka_ros2_ws/install/parameter_traits/share/parameter_traits/cmake)
-- Found rosidl_generator_c: 3.1.5 (/opt/ros/humble/share/rosidl_generator_c/cmake)
-- Found rosidl_adapter: 3.1.5 (/opt/ros/humble/share/rosidl_adapter/cmake)
-- Found rosidl_generator_cpp: 3.1.5 (/opt/ros/humble/share/rosidl_generator_cpp/cmake)
-- Using all available rosidl_typesupport_c: rosidl_typesupport_fastrtps_c;rosidl_typesupport_introspection_c
-- Using all available rosidl_typesupport_cpp: rosidl_typesupport_fastrtps_cpp;rosidl_typesupport_introspection_cpp
-- Found rmw_implementation_cmake: 6.1.2 (/opt/ros/humble/share/rmw_implementation_cmake/cmake)
-- Found rmw_fastrtps_cpp: 6.2.6 (/opt/ros/humble/share/rmw_fastrtps_cpp/cmake)
-- Using RMW implementation 'rmw_fastrtps_cpp' as default
-- Found rclcpp_lifecycle: 16.0.9 (/opt/ros/humble/share/rclcpp_lifecycle/cmake)
-- Found Boost: /usr/lib/x86_64-linux-gnu/cmake/Boost-1.74.0/BoostConfig.cmake (found version "1.74.0") found components: filesystem 
-- library: /usr/lib/x86_64-linux-gnu/libcurl.so
-- Ensuring Eigen3 include directory is part of orocos-kdl CMake target
-- Found moveit_ros_planning: 2.5.5 (/home/adminlab/franka_ros2_ws/install/moveit_ros_planning/share/moveit_ros_planning/cmake)
-- Found Boost: /usr/lib/x86_64-linux-gnu/cmake/Boost-1.74.0/BoostConfig.cmake (found version "1.74.0") found components: system filesystem date_time program_options thread chrono 
-- Found moveit_ros_visualization: 2.5.5 (/home/adminlab/franka_ros2_ws/install/moveit_ros_visualization/share/moveit_ros_visualization/cmake)
-- Found Boost: /usr/lib/x86_64-linux-gnu/cmake/Boost-1.74.0/BoostConfig.cmake (found version "1.74.0") found components: thread date_time system filesystem 
-- Found Boost: /usr/lib/x86_64-linux-gnu/cmake/Boost-1.74.0/BoostConfig.cmake (found version "1.74.0") found components: date_time filesystem program_options system thread 
-- Found Boost: /usr/lib/x86_64-linux-gnu/cmake/Boost-1.74.0/BoostConfig.cmake (found version "1.74.0") found components: thread system filesystem regex date_time program_options 
-- Found Boost: /usr/lib/x86_64-linux-gnu/cmake/Boost-1.74.0/BoostConfig.cmake (found version "1.74.0") found components: system filesystem date_time program_options thread 
-- Setting OGRE_DIR to: '/opt/ros/humble/share/rviz_ogre_vendor/cmake/../../../opt/rviz_ogre_vendor/lib/OGRE/cmake'
-- Found OGRE
--   static     : OFF
--   components : HLMS;MeshLodGenerator;Overlay;Paging;Property;RTShaderSystem;Terrain;Volume
--   plugins    : Plugin_BSPSceneManager;Plugin_OctreeSceneManager;Plugin_PCZSceneManager;Plugin_ParticleFX;RenderSystem_GL;RenderSystem_GL3Plus;Codec_STBI
--   media      : /opt/ros/humble/opt/rviz_ogre_vendor/share/OGRE/Media
-- OGRE_LIBRARIES: OgreHLMS;OgreMeshLodGenerator;OgreOverlay;OgrePaging;OgreProperty;OgreRTShaderSystem;OgreTerrain;OgreVolume;OgreMain
-- OGRE_LIBRARY_DIRS: /opt/ros/humble/opt/rviz_ogre_vendor/lib
-- OGRE_PLUGINS: Plugin_BSPSceneManager;Plugin_OctreeSceneManager;Plugin_PCZSceneManager;Plugin_ParticleFX;RenderSystem_GL;RenderSystem_GL3Plus;Codec_STBI
-- OGRE_PLUGIN_DIR: /opt/ros/humble/opt/rviz_ogre_vendor/lib/OGRE
-- rviz_ogre_vendor::OgreOverlay for IMPORTED_LOCATION_RELEASE: /opt/ros/humble/opt/rviz_ogre_vendor/lib/libOgreOverlay.so
-- rviz_ogre_vendor::OgreOverlay for IMPORTED_LOCATION_DEBUG: /opt/ros/humble/opt/rviz_ogre_vendor/lib/libOgreOverlay.so
-- rviz_ogre_vendor::OgreMain for IMPORTED_LOCATION_RELEASE: /opt/ros/humble/opt/rviz_ogre_vendor/lib/libOgreMain.so
-- rviz_ogre_vendor::OgreMain for IMPORTED_LOCATION_DEBUG: /opt/ros/humble/opt/rviz_ogre_vendor/lib/libOgreMain.so
-- rviz_ogre_vendor::RenderSystem_GL for IMPORTED_LOCATION_RELEASE: _render_system_gl_static_library_abs-NOTFOUND
-- rviz_ogre_vendor::RenderSystem_GL for IMPORTED_LOCATION_DEBUG: _render_system_gl_static_library_abs-NOTFOUND
-- Found ament_lint_auto: 0.12.11 (/opt/ros/humble/share/ament_lint_auto/cmake)
-- Added test 'lint_cmake' to check CMake code style
-- Added test 'xmllint' to check XML markup files
-- Configuring done
-- Generating done
-- Build files have been written to: /home/adminlab/franka_ros2_ws/build/moveit_setup_framework
[35m[1mConsolidate compiler generated dependencies of target moveit_setup_framework[0m
[100%] Built target moveit_setup_framework
-- Install configuration: "Debug"
-- Up-to-date: /home/adminlab/franka_ros2_ws/install/moveit_setup_framework/include
-- Up-to-date: /home/adminlab/franka_ros2_ws/install/moveit_setup_framework/include/moveit_setup_framework
-- Up-to-date: /home/adminlab/franka_ros2_ws/install/moveit_setup_framework/include/moveit_setup_framework/config.hpp
-- Up-to-date: /home/adminlab/franka_ros2_ws/install/moveit_setup_framework/include/moveit_setup_framework/data_warehouse.hpp
-- Up-to-date: /home/adminlab/franka_ros2_ws/install/moveit_setup_framework/include/moveit_setup_framework/utilities.hpp
-- Up-to-date: /home/adminlab/franka_ros2_ws/install/moveit_setup_framework/include/moveit_setup_framework/setup_step.hpp
-- Up-to-date: /home/adminlab/franka_ros2_ws/install/moveit_setup_framework/include/moveit_setup_framework/generated_file.hpp
-- Up-to-date: /home/adminlab/franka_ros2_ws/install/moveit_setup_framework/include/moveit_setup_framework/generated_time.hpp
-- Up-to-date: /home/adminlab/franka_ros2_ws/install/moveit_setup_framework/include/moveit_setup_framework/templates.hpp
-- Up-to-date: /home/adminlab/franka_ros2_ws/install/moveit_setup_framework/include/moveit_setup_framework/testing_utils.hpp
-- Up-to-date: /home/adminlab/franka_ros2_ws/install/moveit_setup_framework/include/moveit_setup_framework/data
-- Up-to-date: /home/adminlab/franka_ros2_ws/install/moveit_setup_framework/include/moveit_setup_framework/data/urdf_config.hpp
-- Up-to-date: /home/adminlab/franka_ros2_ws/install/moveit_setup_framework/include/moveit_setup_framework/data/package_settings_config.hpp
-- Up-to-date: /home/adminlab/franka_ros2_ws/install/moveit_setup_framework/include/moveit_setup_framework/data/srdf_config.hpp
-- Up-to-date: /home/adminlab/franka_ros2_ws/install/moveit_setup_framework/include/moveit_setup_framework/qt
-- Up-to-date: /home/adminlab/franka_ros2_ws/install/moveit_setup_framework/include/moveit_setup_framework/qt/helper_widgets.hpp
-- Up-to-date: /home/adminlab/franka_ros2_ws/install/moveit_setup_framework/include/moveit_setup_framework/qt/double_list_widget.hpp
-- Up-to-date: /home/adminlab/franka_ros2_ws/install/moveit_setup_framework/include/moveit_setup_framework/qt/setup_step_widget.hpp
-- Up-to-date: /home/adminlab/franka_ros2_ws/install/moveit_setup_framework/include/moveit_setup_framework/qt/rviz_panel.hpp
-- Up-to-date: /home/adminlab/franka_ros2_ws/install/moveit_setup_framework/include/moveit_setup_framework/qt/xml_syntax_highlighter.hpp
-- Up-to-date: /home/adminlab/franka_ros2_ws/install/moveit_setup_framework/share/moveit_setup_framework/moveit_setup_framework_plugins.xml
-- Up-to-date: /home/adminlab/franka_ros2_ws/install/moveit_setup_framework/share/moveit_setup_framework/templates
-- Up-to-date: /home/adminlab/franka_ros2_ws/install/moveit_setup_framework/share/moveit_setup_framework/templates/CMakeLists.txt
-- Up-to-date: /home/adminlab/franka_ros2_ws/install/moveit_setup_framework/share/moveit_setup_framework/templates/config
-- Up-to-date: /home/adminlab/franka_ros2_ws/install/moveit_setup_framework/share/moveit_setup_framework/templates/config/pilz_cartesian_limits.yaml
-- Up-to-date: /home/adminlab/franka_ros2_ws/install/moveit_setup_framework/share/moveit_setup_framework/templates/package.xml.template
-- Up-to-date: /home/adminlab/franka_ros2_ws/install/moveit_setup_framework/share/moveit_setup_framework/environment/library_path.sh
-- Installing: /home/adminlab/franka_ros2_ws/install/moveit_setup_framework/share/moveit_setup_framework/environment/library_path.dsv
-- Up-to-date: /home/adminlab/franka_ros2_ws/install/moveit_setup_framework/lib/libmoveit_setup_framework.so
-- Up-to-date: /home/adminlab/franka_ros2_ws/install/moveit_setup_framework/share/moveit_setup_framework/moveit_setup_framework_plugins.xml
-- Up-to-date: /home/adminlab/franka_ros2_ws/install/moveit_setup_framework/share/ament_index/resource_index/package_run_dependencies/moveit_setup_framework
-- Up-to-date: /home/adminlab/franka_ros2_ws/install/moveit_setup_framework/share/ament_index/resource_index/parent_prefix_path/moveit_setup_framework
-- Up-to-date: /home/adminlab/franka_ros2_ws/install/moveit_setup_framework/share/moveit_setup_framework/environment/ament_prefix_path.sh
-- Installing: /home/adminlab/franka_ros2_ws/install/moveit_setup_framework/share/moveit_setup_framework/environment/ament_prefix_path.dsv
-- Up-to-date: /home/adminlab/franka_ros2_ws/install/moveit_setup_framework/share/moveit_setup_framework/environment/path.sh
-- Installing: /home/adminlab/franka_ros2_ws/install/moveit_setup_framework/share/moveit_setup_framework/environment/path.dsv
-- Up-to-date: /home/adminlab/franka_ros2_ws/install/moveit_setup_framework/share/moveit_setup_framework/local_setup.bash
-- Up-to-date: /home/adminlab/franka_ros2_ws/install/moveit_setup_framework/share/moveit_setup_framework/local_setup.sh
-- Up-to-date: /home/adminlab/franka_ros2_ws/install/moveit_setup_framework/share/moveit_setup_framework/local_setup.zsh
-- Installing: /home/adminlab/franka_ros2_ws/install/moveit_setup_framework/share/moveit_setup_framework/local_setup.dsv
-- Installing: /home/adminlab/franka_ros2_ws/install/moveit_setup_framework/share/moveit_setup_framework/package.dsv
-- Up-to-date: /home/adminlab/franka_ros2_ws/install/moveit_setup_framework/share/ament_index/resource_index/packages/moveit_setup_framework
-- Up-to-date: /home/adminlab/franka_ros2_ws/install/moveit_setup_framework/share/ament_index/resource_index/moveit_setup_framework__pluginlib__plugin/moveit_setup_framework
-- Up-to-date: /home/adminlab/franka_ros2_ws/install/moveit_setup_framework/share/moveit_setup_framework/cmake/export_moveit_setup_frameworkExport.cmake
-- Up-to-date: /home/adminlab/franka_ros2_ws/install/moveit_setup_framework/share/moveit_setup_framework/cmake/export_moveit_setup_frameworkExport-debug.cmake
-- Up-to-date: /home/adminlab/franka_ros2_ws/install/moveit_setup_framework/share/moveit_setup_framework/cmake/ament_cmake_export_targets-extras.cmake
-- Up-to-date: /home/adminlab/franka_ros2_ws/install/moveit_setup_framework/share/moveit_setup_framework/cmake/ament_cmake_export_include_directories-extras.cmake
-- Up-to-date: /home/adminlab/franka_ros2_ws/install/moveit_setup_framework/share/moveit_setup_framework/cmake/ament_cmake_export_dependencies-extras.cmake
-- Up-to-date: /home/adminlab/franka_ros2_ws/install/moveit_setup_framework/share/moveit_setup_framework/cmake/moveit_setup_frameworkConfig.cmake
-- Up-to-date: /home/adminlab/franka_ros2_ws/install/moveit_setup_framework/share/moveit_setup_framework/cmake/moveit_setup_frameworkConfig-version.cmake
-- Up-to-date: /home/adminlab/franka_ros2_ws/install/moveit_setup_framework/share/moveit_setup_framework/package.xml
