-- Found ament_cmake: 1.3.9 (/opt/ros/humble/share/ament_cmake/cmake)
-- Found generate_parameter_library: 0.3.7 (/home/adminlab/franka_ros2_ws/install/generate_parameter_library/share/generate_parameter_library/cmake)
-- Found parameter_traits: 0.3.7 (/home/adminlab/franka_ros2_ws/install/parameter_traits/share/parameter_traits/cmake)
-- Found rosidl_generator_c: 3.1.5 (/opt/ros/humble/share/rosidl_generator_c/cmake)
-- Found rosidl_adapter: 3.1.5 (/opt/ros/humble/share/rosidl_adapter/cmake)
-- Found rosidl_generator_cpp: 3.1.5 (/opt/ros/humble/share/rosidl_generator_cpp/cmake)
-- Using all available rosidl_typesupport_c: rosidl_typesupport_fastrtps_c;rosidl_typesupport_introspection_c
-- Using all available rosidl_typesupport_cpp: rosidl_typesupport_fastrtps_cpp;rosidl_typesupport_introspection_cpp
-- Found rmw_implementation_cmake: 6.1.2 (/opt/ros/humble/share/rmw_implementation_cmake/cmake)
-- Found rmw_fastrtps_cpp: 6.2.6 (/opt/ros/humble/share/rmw_fastrtps_cpp/cmake)
-- Using RMW implementation 'rmw_fastrtps_cpp' as default
-- Found rclcpp_lifecycle: 16.0.9 (/opt/ros/humble/share/rclcpp_lifecycle/cmake)
-- Found rclcpp_components: 16.0.9 (/opt/ros/humble/share/rclcpp_components/cmake)
-- Found rclpy: 3.3.13 (/opt/ros/humble/share/rclpy/cmake)
-- Found ament_lint_auto: 0.12.11 (/opt/ros/humble/share/ament_lint_auto/cmake)
-- Found ament_cmake_gtest: 1.3.9 (/opt/ros/humble/share/ament_cmake_gtest/cmake)
-- Found gtest sources under '/opt/ros/humble/src/gtest_vendor': C++ tests using 'Google Test' will be built
-- Found gtest sources under '/opt/ros/humble/src/gtest_vendor': C++ tests using 'Google Test' will be built
-- Found ament_cmake_gmock: 1.3.9 (/opt/ros/humble/share/ament_cmake_gmock/cmake)
-- Found gmock sources under '/opt/ros/humble/src/gmock_vendor': C++ tests using 'Google Mock' will be built
-- Found gtest sources under '/opt/ros/humble/src/gtest_vendor': C++ tests using 'Google Test' will be built
-- Added test 'copyright' to check source files copyright and LICENSE
-- Added test 'cppcheck' to perform static code analysis on C / C++ code
-- Configured cppcheck include dirs: $<BUILD_INTERFACE:/home/adminlab/franka_ros2_ws/src/generate_parameter_library/example/include>;/home/adminlab/franka_ros2_ws/src/generate_parameter_library/example/include
-- Configured cppcheck exclude dirs and/or files: 
-- Added test 'lint_cmake' to check CMake code style
-- Added test 'xmllint' to check XML markup files
-- Configuring done
-- Generating done
-- Build files have been written to: /home/adminlab/franka_ros2_ws/build/generate_parameter_library_example
[35m[1mConsolidate compiler generated dependencies of target gmock[0m
[35m[1mConsolidate compiler generated dependencies of target test_node[0m
[35m[1mConsolidate compiler generated dependencies of target gtest[0m
[ 11%] Built target test_node
[ 23%] Built target admittance_controller_parameters
[ 35%] Built target gtest
[ 52%] Built target gmock
[35m[1mConsolidate compiler generated dependencies of target minimal_publisher[0m
[35m[1mConsolidate compiler generated dependencies of target test_example_gtest[0m
[35m[1mConsolidate compiler generated dependencies of target test_descriptor_gtest[0m
[35m[1mConsolidate compiler generated dependencies of target test_example_gmock[0m
[ 70%] Built target test_example_gtest
[ 76%] Built target minimal_publisher
[ 88%] Built target test_descriptor_gtest
[100%] Built target test_example_gmock
-- Install configuration: "Debug"
-- Up-to-date: /home/adminlab/franka_ros2_ws/install/generate_parameter_library_example/include/admittance_controller_parameters
-- Up-to-date: /home/adminlab/franka_ros2_ws/install/generate_parameter_library_example/include/admittance_controller_parameters/example_validators.hpp
-- Up-to-date: /home/adminlab/franka_ros2_ws/install/generate_parameter_library_example/include/admittance_controller_parameters/admittance_controller_parameters.hpp
-- Up-to-date: /home/adminlab/franka_ros2_ws/install/generate_parameter_library_example/lib/generate_parameter_library_example/test_node
-- Up-to-date: /home/adminlab/franka_ros2_ws/install/generate_parameter_library_example/include/generate_parameter_library_example
-- Up-to-date: /home/adminlab/franka_ros2_ws/install/generate_parameter_library_example/include/generate_parameter_library_example/generate_parameter_library_example
-- Up-to-date: /home/adminlab/franka_ros2_ws/install/generate_parameter_library_example/include/generate_parameter_library_example/generate_parameter_library_example/example_validators.hpp
-- Up-to-date: /home/adminlab/franka_ros2_ws/install/generate_parameter_library_example/include/generate_parameter_library_example/generate_parameter_library_example/minimal_publisher.hpp
-- Up-to-date: /home/adminlab/franka_ros2_ws/install/generate_parameter_library_example/lib/libminimal_publisher.so
-- Up-to-date: /home/adminlab/franka_ros2_ws/install/generate_parameter_library_example/lib/generate_parameter_library_example/test_node
-- Up-to-date: /home/adminlab/franka_ros2_ws/install/generate_parameter_library_example/share/generate_parameter_library_example/environment/library_path.sh
-- Installing: /home/adminlab/franka_ros2_ws/install/generate_parameter_library_example/share/generate_parameter_library_example/environment/library_path.dsv
-- Up-to-date: /home/adminlab/franka_ros2_ws/install/generate_parameter_library_example/share/ament_index/resource_index/package_run_dependencies/generate_parameter_library_example
-- Up-to-date: /home/adminlab/franka_ros2_ws/install/generate_parameter_library_example/share/ament_index/resource_index/parent_prefix_path/generate_parameter_library_example
-- Up-to-date: /home/adminlab/franka_ros2_ws/install/generate_parameter_library_example/share/generate_parameter_library_example/environment/ament_prefix_path.sh
-- Installing: /home/adminlab/franka_ros2_ws/install/generate_parameter_library_example/share/generate_parameter_library_example/environment/ament_prefix_path.dsv
-- Up-to-date: /home/adminlab/franka_ros2_ws/install/generate_parameter_library_example/share/generate_parameter_library_example/environment/path.sh
-- Installing: /home/adminlab/franka_ros2_ws/install/generate_parameter_library_example/share/generate_parameter_library_example/environment/path.dsv
-- Up-to-date: /home/adminlab/franka_ros2_ws/install/generate_parameter_library_example/share/generate_parameter_library_example/local_setup.bash
-- Up-to-date: /home/adminlab/franka_ros2_ws/install/generate_parameter_library_example/share/generate_parameter_library_example/local_setup.sh
-- Up-to-date: /home/adminlab/franka_ros2_ws/install/generate_parameter_library_example/share/generate_parameter_library_example/local_setup.zsh
-- Installing: /home/adminlab/franka_ros2_ws/install/generate_parameter_library_example/share/generate_parameter_library_example/local_setup.dsv
-- Installing: /home/adminlab/franka_ros2_ws/install/generate_parameter_library_example/share/generate_parameter_library_example/package.dsv
-- Up-to-date: /home/adminlab/franka_ros2_ws/install/generate_parameter_library_example/share/ament_index/resource_index/packages/generate_parameter_library_example
-- Up-to-date: /home/adminlab/franka_ros2_ws/install/generate_parameter_library_example/share/ament_index/resource_index/rclcpp_components/generate_parameter_library_example
-- Up-to-date: /home/adminlab/franka_ros2_ws/install/generate_parameter_library_example/share/generate_parameter_library_example/cmake/export_generate_parameter_library_exampleExport.cmake
-- Up-to-date: /home/adminlab/franka_ros2_ws/install/generate_parameter_library_example/share/generate_parameter_library_example/cmake/export_generate_parameter_library_exampleExport-debug.cmake
-- Up-to-date: /home/adminlab/franka_ros2_ws/install/generate_parameter_library_example/share/generate_parameter_library_example/cmake/ament_cmake_export_targets-extras.cmake
-- Up-to-date: /home/adminlab/franka_ros2_ws/install/generate_parameter_library_example/share/generate_parameter_library_example/cmake/ament_cmake_export_dependencies-extras.cmake
-- Up-to-date: /home/adminlab/franka_ros2_ws/install/generate_parameter_library_example/share/generate_parameter_library_example/cmake/generate_parameter_library_exampleConfig.cmake
-- Up-to-date: /home/adminlab/franka_ros2_ws/install/generate_parameter_library_example/share/generate_parameter_library_example/cmake/generate_parameter_library_exampleConfig-version.cmake
-- Up-to-date: /home/adminlab/franka_ros2_ws/install/generate_parameter_library_example/share/generate_parameter_library_example/package.xml
