[0.208s] Invoking command in '/home/adminlab/franka_ros2_ws/build/parameter_traits': CMAKE_PREFIX_PATH=${CMAKE_PREFIX_PATH}:/home/adminlab/franka_ros2_ws/install/moveit_configs_utils:/home/adminlab/franka_ros2_ws/install/ros2test:/home/adminlab/franka_ros2_ws/install/generate_parameter_module_example:/home/adminlab/franka_ros2_ws/install/launch_param_builder:/home/adminlab/franka_ros2_ws/install/handcv:/home/adminlab/franka_ros2_ws/install/generate_parameter_library_py:/home/adminlab/franka_ros2_ws/install/franka_custom_controller:/home/adminlab/franka_ros2_ws/install/camera_publisher:/opt/ros/humble /usr/bin/cmake --build /home/adminlab/franka_ros2_ws/build/parameter_traits -- -j16 -l16
[0.648s] Invoked command in '/home/adminlab/franka_ros2_ws/build/parameter_traits' returned '0': CMAKE_PREFIX_PATH=${CMAKE_PREFIX_PATH}:/home/adminlab/franka_ros2_ws/install/moveit_configs_utils:/home/adminlab/franka_ros2_ws/install/ros2test:/home/adminlab/franka_ros2_ws/install/generate_parameter_module_example:/home/adminlab/franka_ros2_ws/install/launch_param_builder:/home/adminlab/franka_ros2_ws/install/handcv:/home/adminlab/franka_ros2_ws/install/generate_parameter_library_py:/home/adminlab/franka_ros2_ws/install/franka_custom_controller:/home/adminlab/franka_ros2_ws/install/camera_publisher:/opt/ros/humble /usr/bin/cmake --build /home/adminlab/franka_ros2_ws/build/parameter_traits -- -j16 -l16
[0.738s] Invoking command in '/home/adminlab/franka_ros2_ws/build/parameter_traits': CMAKE_PREFIX_PATH=${CMAKE_PREFIX_PATH}:/home/adminlab/franka_ros2_ws/install/moveit_configs_utils:/home/adminlab/franka_ros2_ws/install/ros2test:/home/adminlab/franka_ros2_ws/install/generate_parameter_module_example:/home/adminlab/franka_ros2_ws/install/launch_param_builder:/home/adminlab/franka_ros2_ws/install/handcv:/home/adminlab/franka_ros2_ws/install/generate_parameter_library_py:/home/adminlab/franka_ros2_ws/install/franka_custom_controller:/home/adminlab/franka_ros2_ws/install/camera_publisher:/opt/ros/humble /usr/bin/cmake --install /home/adminlab/franka_ros2_ws/build/parameter_traits
[0.750s] -- Install configuration: ""
[0.750s] -- Up-to-date: /home/adminlab/franka_ros2_ws/install/parameter_traits/include/parameter_traits
[0.750s] -- Up-to-date: /home/adminlab/franka_ros2_ws/install/parameter_traits/include/parameter_traits/parameter_traits
[0.750s] -- Up-to-date: /home/adminlab/franka_ros2_ws/install/parameter_traits/include/parameter_traits/parameter_traits/parameter_traits.hpp
[0.750s] -- Up-to-date: /home/adminlab/franka_ros2_ws/install/parameter_traits/share/parameter_traits/environment/library_path.sh
[0.750s] -- Up-to-date: /home/adminlab/franka_ros2_ws/install/parameter_traits/share/parameter_traits/environment/library_path.dsv
[0.750s] -- Up-to-date: /home/adminlab/franka_ros2_ws/install/parameter_traits/share/ament_index/resource_index/package_run_dependencies/parameter_traits
[0.750s] -- Up-to-date: /home/adminlab/franka_ros2_ws/install/parameter_traits/share/ament_index/resource_index/parent_prefix_path/parameter_traits
[0.750s] -- Up-to-date: /home/adminlab/franka_ros2_ws/install/parameter_traits/share/parameter_traits/environment/ament_prefix_path.sh
[0.750s] -- Up-to-date: /home/adminlab/franka_ros2_ws/install/parameter_traits/share/parameter_traits/environment/ament_prefix_path.dsv
[0.750s] -- Up-to-date: /home/adminlab/franka_ros2_ws/install/parameter_traits/share/parameter_traits/environment/path.sh
[0.750s] -- Up-to-date: /home/adminlab/franka_ros2_ws/install/parameter_traits/share/parameter_traits/environment/path.dsv
[0.750s] -- Up-to-date: /home/adminlab/franka_ros2_ws/install/parameter_traits/share/parameter_traits/local_setup.bash
[0.750s] -- Up-to-date: /home/adminlab/franka_ros2_ws/install/parameter_traits/share/parameter_traits/local_setup.sh
[0.751s] -- Up-to-date: /home/adminlab/franka_ros2_ws/install/parameter_traits/share/parameter_traits/local_setup.zsh
[0.751s] -- Up-to-date: /home/adminlab/franka_ros2_ws/install/parameter_traits/share/parameter_traits/local_setup.dsv
[0.751s] -- Up-to-date: /home/adminlab/franka_ros2_ws/install/parameter_traits/share/parameter_traits/package.dsv
[0.751s] -- Up-to-date: /home/adminlab/franka_ros2_ws/install/parameter_traits/share/ament_index/resource_index/packages/parameter_traits
[0.751s] -- Up-to-date: /home/adminlab/franka_ros2_ws/install/parameter_traits/share/parameter_traits/cmake/export_parameter_traitsExport.cmake
[0.751s] -- Up-to-date: /home/adminlab/franka_ros2_ws/install/parameter_traits/share/parameter_traits/cmake/ament_cmake_export_targets-extras.cmake
[0.752s] -- Up-to-date: /home/adminlab/franka_ros2_ws/install/parameter_traits/share/parameter_traits/cmake/ament_cmake_export_dependencies-extras.cmake
[0.752s] -- Up-to-date: /home/adminlab/franka_ros2_ws/install/parameter_traits/share/parameter_traits/cmake/parameter_traitsConfig.cmake
[0.753s] -- Up-to-date: /home/adminlab/franka_ros2_ws/install/parameter_traits/share/parameter_traits/cmake/parameter_traitsConfig-version.cmake
[0.753s] -- Up-to-date: /home/adminlab/franka_ros2_ws/install/parameter_traits/share/parameter_traits/package.xml
[0.768s] Invoked command in '/home/adminlab/franka_ros2_ws/build/parameter_traits' returned '0': CMAKE_PREFIX_PATH=${CMAKE_PREFIX_PATH}:/home/adminlab/franka_ros2_ws/install/moveit_configs_utils:/home/adminlab/franka_ros2_ws/install/ros2test:/home/adminlab/franka_ros2_ws/install/generate_parameter_module_example:/home/adminlab/franka_ros2_ws/install/launch_param_builder:/home/adminlab/franka_ros2_ws/install/handcv:/home/adminlab/franka_ros2_ws/install/generate_parameter_library_py:/home/adminlab/franka_ros2_ws/install/franka_custom_controller:/home/adminlab/franka_ros2_ws/install/camera_publisher:/opt/ros/humble /usr/bin/cmake --install /home/adminlab/franka_ros2_ws/build/parameter_traits
