[0.033s] Invoking command in '/home/adminlab/franka_ros2_ws/build/moveit_kinematics': AMENT_PREFIX_PATH=/home/adminlab/franka_ros2_ws/install/moveit_ros_planning:/home/adminlab/franka_ros2_ws/install/moveit_ros_occupancy_map_monitor:/home/adminlab/franka_ros2_ws/install/moveit_core:/home/adminlab/franka_ros2_ws/install/ros_testing:/home/adminlab/franka_ros2_ws/install/moveit_resources_panda_moveit_config:/home/adminlab/franka_ros2_ws/install/moveit_resources_fanuc_moveit_config:/home/adminlab/franka_ros2_ws/install/moveit_configs_utils:/home/adminlab/franka_ros2_ws/install/generate_parameter_library:/home/adminlab/franka_ros2_ws/install/srdfdom:/home/adminlab/franka_ros2_ws/install/ros2test:/home/adminlab/franka_ros2_ws/install/parameter_traits:/home/adminlab/franka_ros2_ws/install/moveit_resources_panda_description:/home/adminlab/franka_ros2_ws/install/moveit_resources_fanuc_description:/home/adminlab/franka_ros2_ws/install/moveit_msgs:/home/adminlab/franka_ros2_ws/install/moveit_common:/home/adminlab/franka_ros2_ws/install/launch_param_builder:/home/adminlab/franka_ros2_ws/install/generate_parameter_library_py:${AMENT_PREFIX_PATH} CMAKE_PREFIX_PATH=/home/adminlab/franka_ros2_ws/install/moveit_ros_planning:/home/adminlab/franka_ros2_ws/install/moveit_ros_occupancy_map_monitor:/home/adminlab/franka_ros2_ws/install/moveit_core:/home/adminlab/franka_ros2_ws/install/ros_testing:/home/adminlab/franka_ros2_ws/install/moveit_resources_panda_moveit_config:/home/adminlab/franka_ros2_ws/install/moveit_resources_fanuc_moveit_config:/home/adminlab/franka_ros2_ws/install/generate_parameter_library:/home/adminlab/franka_ros2_ws/install/srdfdom:/home/adminlab/franka_ros2_ws/install/parameter_traits:/home/adminlab/franka_ros2_ws/install/moveit_resources_panda_description:/home/adminlab/franka_ros2_ws/install/moveit_resources_fanuc_description:/home/adminlab/franka_ros2_ws/install/moveit_msgs:/home/adminlab/franka_ros2_ws/install/moveit_common:/opt/ros/humble LD_LIBRARY_PATH=/home/adminlab/franka_ros2_ws/install/moveit_ros_planning/lib:/home/adminlab/franka_ros2_ws/install/moveit_ros_occupancy_map_monitor/lib:/home/adminlab/franka_ros2_ws/install/moveit_core/lib:/home/adminlab/franka_ros2_ws/install/srdfdom/lib:/home/adminlab/franka_ros2_ws/install/parameter_traits/lib:/home/adminlab/franka_ros2_ws/install/moveit_msgs/lib:${LD_LIBRARY_PATH} PATH=/home/adminlab/franka_ros2_ws/install/moveit_core/bin:/home/adminlab/franka_ros2_ws/install/generate_parameter_library_py/bin:${PATH} PYTHONPATH=/home/adminlab/franka_ros2_ws/install/moveit_configs_utils/lib/python3.10/site-packages:/home/adminlab/franka_ros2_ws/install/srdfdom/local/lib/python3.10/dist-packages:/home/adminlab/franka_ros2_ws/install/ros2test/lib/python3.10/site-packages:/home/adminlab/franka_ros2_ws/install/moveit_msgs/local/lib/python3.10/dist-packages:/home/adminlab/franka_ros2_ws/install/launch_param_builder/lib/python3.10/site-packages:/home/adminlab/franka_ros2_ws/install/generate_parameter_library_py/lib/python3.10/site-packages:${PYTHONPATH} /usr/bin/cmake --build /home/adminlab/franka_ros2_ws/build/moveit_kinematics -- -j16 -l16
[0.073s] [35m[1mConsolidate compiler generated dependencies of target gtest[0m
[0.074s] [35m[1mConsolidate compiler generated dependencies of target moveit_kdl_kinematics_plugin[0m
[0.076s] [35m[1mConsolidate compiler generated dependencies of target moveit_lma_kinematics_plugin[0m
[0.078s] [35m[1mConsolidate compiler generated dependencies of target moveit_cached_ik_kinematics_base[0m
[0.079s] [35m[1mConsolidate compiler generated dependencies of target moveit_srv_kinematics_plugin[0m
[0.079s] [35m[1mConsolidate compiler generated dependencies of target gtest_main[0m
[0.081s] [35m[1mConsolidate compiler generated dependencies of target benchmark_ik[0m
[0.091s] [ 10%] Built target gtest
[0.094s] [ 21%] Built target gtest_main
[0.096s] [ 31%] Built target moveit_cached_ik_kinematics_base
[0.098s] [ 47%] Built target moveit_kdl_kinematics_plugin
[0.099s] [ 57%] Built target moveit_lma_kinematics_plugin
[0.100s] [ 68%] Built target benchmark_ik
[0.105s] [ 78%] Built target moveit_srv_kinematics_plugin
[0.111s] [35m[1mConsolidate compiler generated dependencies of target test_kinematics_plugin[0m
[0.115s] [35m[1mConsolidate compiler generated dependencies of target moveit_cached_ik_kinematics_plugin[0m
[0.127s] [ 89%] Built target test_kinematics_plugin
[0.133s] [100%] Built target moveit_cached_ik_kinematics_plugin
[0.145s] Invoked command in '/home/adminlab/franka_ros2_ws/build/moveit_kinematics' returned '0': AMENT_PREFIX_PATH=/home/adminlab/franka_ros2_ws/install/moveit_ros_planning:/home/adminlab/franka_ros2_ws/install/moveit_ros_occupancy_map_monitor:/home/adminlab/franka_ros2_ws/install/moveit_core:/home/adminlab/franka_ros2_ws/install/ros_testing:/home/adminlab/franka_ros2_ws/install/moveit_resources_panda_moveit_config:/home/adminlab/franka_ros2_ws/install/moveit_resources_fanuc_moveit_config:/home/adminlab/franka_ros2_ws/install/moveit_configs_utils:/home/adminlab/franka_ros2_ws/install/generate_parameter_library:/home/adminlab/franka_ros2_ws/install/srdfdom:/home/adminlab/franka_ros2_ws/install/ros2test:/home/adminlab/franka_ros2_ws/install/parameter_traits:/home/adminlab/franka_ros2_ws/install/moveit_resources_panda_description:/home/adminlab/franka_ros2_ws/install/moveit_resources_fanuc_description:/home/adminlab/franka_ros2_ws/install/moveit_msgs:/home/adminlab/franka_ros2_ws/install/moveit_common:/home/adminlab/franka_ros2_ws/install/launch_param_builder:/home/adminlab/franka_ros2_ws/install/generate_parameter_library_py:${AMENT_PREFIX_PATH} CMAKE_PREFIX_PATH=/home/adminlab/franka_ros2_ws/install/moveit_ros_planning:/home/adminlab/franka_ros2_ws/install/moveit_ros_occupancy_map_monitor:/home/adminlab/franka_ros2_ws/install/moveit_core:/home/adminlab/franka_ros2_ws/install/ros_testing:/home/adminlab/franka_ros2_ws/install/moveit_resources_panda_moveit_config:/home/adminlab/franka_ros2_ws/install/moveit_resources_fanuc_moveit_config:/home/adminlab/franka_ros2_ws/install/generate_parameter_library:/home/adminlab/franka_ros2_ws/install/srdfdom:/home/adminlab/franka_ros2_ws/install/parameter_traits:/home/adminlab/franka_ros2_ws/install/moveit_resources_panda_description:/home/adminlab/franka_ros2_ws/install/moveit_resources_fanuc_description:/home/adminlab/franka_ros2_ws/install/moveit_msgs:/home/adminlab/franka_ros2_ws/install/moveit_common:/opt/ros/humble LD_LIBRARY_PATH=/home/adminlab/franka_ros2_ws/install/moveit_ros_planning/lib:/home/adminlab/franka_ros2_ws/install/moveit_ros_occupancy_map_monitor/lib:/home/adminlab/franka_ros2_ws/install/moveit_core/lib:/home/adminlab/franka_ros2_ws/install/srdfdom/lib:/home/adminlab/franka_ros2_ws/install/parameter_traits/lib:/home/adminlab/franka_ros2_ws/install/moveit_msgs/lib:${LD_LIBRARY_PATH} PATH=/home/adminlab/franka_ros2_ws/install/moveit_core/bin:/home/adminlab/franka_ros2_ws/install/generate_parameter_library_py/bin:${PATH} PYTHONPATH=/home/adminlab/franka_ros2_ws/install/moveit_configs_utils/lib/python3.10/site-packages:/home/adminlab/franka_ros2_ws/install/srdfdom/local/lib/python3.10/dist-packages:/home/adminlab/franka_ros2_ws/install/ros2test/lib/python3.10/site-packages:/home/adminlab/franka_ros2_ws/install/moveit_msgs/local/lib/python3.10/dist-packages:/home/adminlab/franka_ros2_ws/install/launch_param_builder/lib/python3.10/site-packages:/home/adminlab/franka_ros2_ws/install/generate_parameter_library_py/lib/python3.10/site-packages:${PYTHONPATH} /usr/bin/cmake --build /home/adminlab/franka_ros2_ws/build/moveit_kinematics -- -j16 -l16
[0.171s] Invoking command in '/home/adminlab/franka_ros2_ws/build/moveit_kinematics': AMENT_PREFIX_PATH=/home/adminlab/franka_ros2_ws/install/moveit_ros_planning:/home/adminlab/franka_ros2_ws/install/moveit_ros_occupancy_map_monitor:/home/adminlab/franka_ros2_ws/install/moveit_core:/home/adminlab/franka_ros2_ws/install/ros_testing:/home/adminlab/franka_ros2_ws/install/moveit_resources_panda_moveit_config:/home/adminlab/franka_ros2_ws/install/moveit_resources_fanuc_moveit_config:/home/adminlab/franka_ros2_ws/install/moveit_configs_utils:/home/adminlab/franka_ros2_ws/install/generate_parameter_library:/home/adminlab/franka_ros2_ws/install/srdfdom:/home/adminlab/franka_ros2_ws/install/ros2test:/home/adminlab/franka_ros2_ws/install/parameter_traits:/home/adminlab/franka_ros2_ws/install/moveit_resources_panda_description:/home/adminlab/franka_ros2_ws/install/moveit_resources_fanuc_description:/home/adminlab/franka_ros2_ws/install/moveit_msgs:/home/adminlab/franka_ros2_ws/install/moveit_common:/home/adminlab/franka_ros2_ws/install/launch_param_builder:/home/adminlab/franka_ros2_ws/install/generate_parameter_library_py:${AMENT_PREFIX_PATH} CMAKE_PREFIX_PATH=/home/adminlab/franka_ros2_ws/install/moveit_ros_planning:/home/adminlab/franka_ros2_ws/install/moveit_ros_occupancy_map_monitor:/home/adminlab/franka_ros2_ws/install/moveit_core:/home/adminlab/franka_ros2_ws/install/ros_testing:/home/adminlab/franka_ros2_ws/install/moveit_resources_panda_moveit_config:/home/adminlab/franka_ros2_ws/install/moveit_resources_fanuc_moveit_config:/home/adminlab/franka_ros2_ws/install/generate_parameter_library:/home/adminlab/franka_ros2_ws/install/srdfdom:/home/adminlab/franka_ros2_ws/install/parameter_traits:/home/adminlab/franka_ros2_ws/install/moveit_resources_panda_description:/home/adminlab/franka_ros2_ws/install/moveit_resources_fanuc_description:/home/adminlab/franka_ros2_ws/install/moveit_msgs:/home/adminlab/franka_ros2_ws/install/moveit_common:/opt/ros/humble LD_LIBRARY_PATH=/home/adminlab/franka_ros2_ws/install/moveit_ros_planning/lib:/home/adminlab/franka_ros2_ws/install/moveit_ros_occupancy_map_monitor/lib:/home/adminlab/franka_ros2_ws/install/moveit_core/lib:/home/adminlab/franka_ros2_ws/install/srdfdom/lib:/home/adminlab/franka_ros2_ws/install/parameter_traits/lib:/home/adminlab/franka_ros2_ws/install/moveit_msgs/lib:${LD_LIBRARY_PATH} PATH=/home/adminlab/franka_ros2_ws/install/moveit_core/bin:/home/adminlab/franka_ros2_ws/install/generate_parameter_library_py/bin:${PATH} PYTHONPATH=/home/adminlab/franka_ros2_ws/install/moveit_configs_utils/lib/python3.10/site-packages:/home/adminlab/franka_ros2_ws/install/srdfdom/local/lib/python3.10/dist-packages:/home/adminlab/franka_ros2_ws/install/ros2test/lib/python3.10/site-packages:/home/adminlab/franka_ros2_ws/install/moveit_msgs/local/lib/python3.10/dist-packages:/home/adminlab/franka_ros2_ws/install/launch_param_builder/lib/python3.10/site-packages:/home/adminlab/franka_ros2_ws/install/generate_parameter_library_py/lib/python3.10/site-packages:${PYTHONPATH} /usr/bin/cmake --install /home/adminlab/franka_ros2_ws/build/moveit_kinematics
[0.175s] -- Install configuration: "Release"
[0.176s] -- Up-to-date: /home/adminlab/franka_ros2_ws/install/moveit_kinematics/share/moveit_kinematics/kdl_kinematics_plugin_description.xml
[0.176s] -- Up-to-date: /home/adminlab/franka_ros2_ws/install/moveit_kinematics/share/moveit_kinematics/lma_kinematics_plugin_description.xml
[0.176s] -- Up-to-date: /home/adminlab/franka_ros2_ws/install/moveit_kinematics/share/moveit_kinematics/srv_kinematics_plugin_description.xml
[0.176s] -- Up-to-date: /home/adminlab/franka_ros2_ws/install/moveit_kinematics/share/moveit_kinematics/cached_ik_kinematics_plugin_description.xml
[0.176s] -- Up-to-date: /home/adminlab/franka_ros2_ws/install/moveit_kinematics/include
[0.176s] -- Up-to-date: /home/adminlab/franka_ros2_ws/install/moveit_kinematics/include/moveit
[0.177s] -- Up-to-date: /home/adminlab/franka_ros2_ws/install/moveit_kinematics/include/moveit/cached_ik_kinematics_plugin
[0.177s] -- Up-to-date: /home/adminlab/franka_ros2_ws/install/moveit_kinematics/include/moveit/cached_ik_kinematics_plugin/cached_ik_kinematics_plugin-inl.h
[0.177s] -- Up-to-date: /home/adminlab/franka_ros2_ws/install/moveit_kinematics/include/moveit/cached_ik_kinematics_plugin/detail
[0.177s] -- Up-to-date: /home/adminlab/franka_ros2_ws/install/moveit_kinematics/include/moveit/cached_ik_kinematics_plugin/detail/NearestNeighborsGNAT.h
[0.177s] -- Up-to-date: /home/adminlab/franka_ros2_ws/install/moveit_kinematics/include/moveit/cached_ik_kinematics_plugin/detail/GreedyKCenters.h
[0.177s] -- Up-to-date: /home/adminlab/franka_ros2_ws/install/moveit_kinematics/include/moveit/cached_ik_kinematics_plugin/detail/NearestNeighbors.h
[0.177s] -- Up-to-date: /home/adminlab/franka_ros2_ws/install/moveit_kinematics/include/moveit/cached_ik_kinematics_plugin/cached_ik_kinematics_plugin.h
[0.177s] -- Up-to-date: /home/adminlab/franka_ros2_ws/install/moveit_kinematics/share/moveit_kinematics/launch
[0.177s] -- Up-to-date: /home/adminlab/franka_ros2_ws/install/moveit_kinematics/share/moveit_kinematics/launch/measure_ik_call_cost.launch
[0.178s] -- Up-to-date: /home/adminlab/franka_ros2_ws/install/moveit_kinematics/lib/moveit_kinematics/auto_create_ikfast_moveit_plugin.sh
[0.178s] -- Up-to-date: /home/adminlab/franka_ros2_ws/install/moveit_kinematics/lib/moveit_kinematics/create_ikfast_moveit_plugin.py
[0.178s] -- Up-to-date: /home/adminlab/franka_ros2_ws/install/moveit_kinematics/lib/moveit_kinematics/round_collada_numbers.py
[0.178s] -- Up-to-date: /home/adminlab/franka_ros2_ws/install/moveit_kinematics/share/moveit_kinematics/ikfast_kinematics_plugin/templates
[0.178s] -- Up-to-date: /home/adminlab/franka_ros2_ws/install/moveit_kinematics/share/moveit_kinematics/ikfast_kinematics_plugin/templates/CMakeLists.txt
[0.178s] -- Up-to-date: /home/adminlab/franka_ros2_ws/install/moveit_kinematics/share/moveit_kinematics/ikfast_kinematics_plugin/templates/ikfast.h
[0.178s] -- Up-to-date: /home/adminlab/franka_ros2_ws/install/moveit_kinematics/share/moveit_kinematics/ikfast_kinematics_plugin/templates/ikfast61_moveit_plugin_template.cpp
[0.179s] -- Up-to-date: /home/adminlab/franka_ros2_ws/install/moveit_kinematics/include
[0.180s] -- Up-to-date: /home/adminlab/franka_ros2_ws/install/moveit_kinematics/include/moveit
[0.180s] -- Up-to-date: /home/adminlab/franka_ros2_ws/install/moveit_kinematics/include/moveit/kdl_kinematics_plugin
[0.180s] -- Up-to-date: /home/adminlab/franka_ros2_ws/install/moveit_kinematics/include/moveit/kdl_kinematics_plugin/joint_mimic.hpp
[0.180s] -- Up-to-date: /home/adminlab/franka_ros2_ws/install/moveit_kinematics/include/moveit/kdl_kinematics_plugin/chainiksolver_vel_mimic_svd.hpp
[0.181s] -- Up-to-date: /home/adminlab/franka_ros2_ws/install/moveit_kinematics/include/moveit/kdl_kinematics_plugin/kdl_kinematics_plugin.h
[0.181s] -- Up-to-date: /home/adminlab/franka_ros2_ws/install/moveit_kinematics/include
[0.181s] -- Up-to-date: /home/adminlab/franka_ros2_ws/install/moveit_kinematics/include/moveit
[0.181s] -- Up-to-date: /home/adminlab/franka_ros2_ws/install/moveit_kinematics/include/moveit/lma_kinematics_plugin
[0.181s] -- Up-to-date: /home/adminlab/franka_ros2_ws/install/moveit_kinematics/include/moveit/lma_kinematics_plugin/lma_kinematics_plugin.h
[0.181s] -- Up-to-date: /home/adminlab/franka_ros2_ws/install/moveit_kinematics/include
[0.181s] -- Up-to-date: /home/adminlab/franka_ros2_ws/install/moveit_kinematics/include/moveit
[0.181s] -- Up-to-date: /home/adminlab/franka_ros2_ws/install/moveit_kinematics/include/moveit/srv_kinematics_plugin
[0.181s] -- Up-to-date: /home/adminlab/franka_ros2_ws/install/moveit_kinematics/include/moveit/srv_kinematics_plugin/srv_kinematics_plugin.h
[0.181s] -- Up-to-date: /home/adminlab/franka_ros2_ws/install/moveit_kinematics/share/moveit_kinematics/config
[0.181s] -- Up-to-date: /home/adminlab/franka_ros2_ws/install/moveit_kinematics/share/moveit_kinematics/config/panda-lma-test.yaml
[0.181s] -- Up-to-date: /home/adminlab/franka_ros2_ws/install/moveit_kinematics/share/moveit_kinematics/config/panda-kdl-test.yaml
[0.182s] -- Up-to-date: /home/adminlab/franka_ros2_ws/install/moveit_kinematics/share/moveit_kinematics/config/fanuc-kdl-singular-test.yaml
[0.182s] -- Up-to-date: /home/adminlab/franka_ros2_ws/install/moveit_kinematics/share/moveit_kinematics/config/fanuc-kdl-test.yaml
[0.182s] -- Up-to-date: /home/adminlab/franka_ros2_ws/install/moveit_kinematics/share/moveit_kinematics/config/panda-kdl-singular-test.yaml
[0.182s] -- Up-to-date: /home/adminlab/franka_ros2_ws/install/moveit_kinematics/share/moveit_kinematics/config/panda-lma-singular-test.yaml
[0.182s] -- Up-to-date: /home/adminlab/franka_ros2_ws/install/moveit_kinematics/share/moveit_kinematics/config/fanuc-lma-singular-test.yaml
[0.182s] -- Up-to-date: /home/adminlab/franka_ros2_ws/install/moveit_kinematics/share/moveit_kinematics/config/fanuc-lma-test.yaml
[0.182s] -- Up-to-date: /home/adminlab/franka_ros2_ws/install/moveit_kinematics/share/moveit_kinematics/launch
[0.182s] -- Up-to-date: /home/adminlab/franka_ros2_ws/install/moveit_kinematics/share/moveit_kinematics/launch/fanuc-lma.test.py
[0.182s] -- Up-to-date: /home/adminlab/franka_ros2_ws/install/moveit_kinematics/share/moveit_kinematics/launch/panda-kdl-singular.test.py
[0.182s] -- Up-to-date: /home/adminlab/franka_ros2_ws/install/moveit_kinematics/share/moveit_kinematics/launch/panda-kdl.test.py
[0.182s] -- Up-to-date: /home/adminlab/franka_ros2_ws/install/moveit_kinematics/share/moveit_kinematics/launch/fanuc-kdl.test.py
[0.182s] -- Up-to-date: /home/adminlab/franka_ros2_ws/install/moveit_kinematics/share/moveit_kinematics/launch/panda-lma-singular.test.py
[0.182s] -- Up-to-date: /home/adminlab/franka_ros2_ws/install/moveit_kinematics/share/moveit_kinematics/launch/panda-lma.test.py
[0.182s] -- Up-to-date: /home/adminlab/franka_ros2_ws/install/moveit_kinematics/share/moveit_kinematics/launch/fanuc-kdl-singular.test.py
[0.182s] -- Up-to-date: /home/adminlab/franka_ros2_ws/install/moveit_kinematics/share/moveit_kinematics/launch/fanuc-lma-singular.test.py
[0.182s] -- Up-to-date: /home/adminlab/franka_ros2_ws/install/moveit_kinematics/lib/moveit_kinematics/benchmark_ik
[0.182s] -- Up-to-date: /home/adminlab/franka_ros2_ws/install/moveit_kinematics/lib/moveit_kinematics/test_kinematics_plugin
[0.182s] -- Up-to-date: /home/adminlab/franka_ros2_ws/install/moveit_kinematics/lib/libmoveit_cached_ik_kinematics_base.so.2.5.5
[0.182s] -- Up-to-date: /home/adminlab/franka_ros2_ws/install/moveit_kinematics/lib/libmoveit_cached_ik_kinematics_base.so
[0.183s] -- Up-to-date: /home/adminlab/franka_ros2_ws/install/moveit_kinematics/lib/libmoveit_cached_ik_kinematics_plugin.so.2.5.5
[0.183s] -- Up-to-date: /home/adminlab/franka_ros2_ws/install/moveit_kinematics/lib/libmoveit_cached_ik_kinematics_plugin.so
[0.183s] -- Up-to-date: /home/adminlab/franka_ros2_ws/install/moveit_kinematics/lib/libmoveit_kdl_kinematics_plugin.so
[0.184s] -- Up-to-date: /home/adminlab/franka_ros2_ws/install/moveit_kinematics/lib/libmoveit_lma_kinematics_plugin.so.2.5.5
[0.185s] -- Up-to-date: /home/adminlab/franka_ros2_ws/install/moveit_kinematics/lib/libmoveit_lma_kinematics_plugin.so
[0.186s] -- Up-to-date: /home/adminlab/franka_ros2_ws/install/moveit_kinematics/lib/libmoveit_srv_kinematics_plugin.so.2.5.5
[0.187s] -- Up-to-date: /home/adminlab/franka_ros2_ws/install/moveit_kinematics/lib/libmoveit_srv_kinematics_plugin.so
[0.188s] -- Up-to-date: /home/adminlab/franka_ros2_ws/install/moveit_kinematics/share/moveit_kinematics/environment/library_path.sh
[0.188s] -- Up-to-date: /home/adminlab/franka_ros2_ws/install/moveit_kinematics/share/moveit_kinematics/environment/library_path.dsv
[0.188s] -- Up-to-date: /home/adminlab/franka_ros2_ws/install/moveit_kinematics/share/ament_index/resource_index/package_run_dependencies/moveit_kinematics
[0.188s] -- Up-to-date: /home/adminlab/franka_ros2_ws/install/moveit_kinematics/share/ament_index/resource_index/parent_prefix_path/moveit_kinematics
[0.188s] -- Up-to-date: /home/adminlab/franka_ros2_ws/install/moveit_kinematics/share/moveit_kinematics/environment/ament_prefix_path.sh
[0.188s] -- Up-to-date: /home/adminlab/franka_ros2_ws/install/moveit_kinematics/share/moveit_kinematics/environment/ament_prefix_path.dsv
[0.190s] -- Up-to-date: /home/adminlab/franka_ros2_ws/install/moveit_kinematics/share/moveit_kinematics/environment/path.sh
[0.191s] -- Up-to-date: /home/adminlab/franka_ros2_ws/install/moveit_kinematics/share/moveit_kinematics/environment/path.dsv
[0.191s] -- Up-to-date: /home/adminlab/franka_ros2_ws/install/moveit_kinematics/share/moveit_kinematics/local_setup.bash
[0.191s] -- Up-to-date: /home/adminlab/franka_ros2_ws/install/moveit_kinematics/share/moveit_kinematics/local_setup.sh
[0.191s] -- Up-to-date: /home/adminlab/franka_ros2_ws/install/moveit_kinematics/share/moveit_kinematics/local_setup.zsh
[0.191s] -- Up-to-date: /home/adminlab/franka_ros2_ws/install/moveit_kinematics/share/moveit_kinematics/local_setup.dsv
[0.191s] -- Installing: /home/adminlab/franka_ros2_ws/install/moveit_kinematics/share/moveit_kinematics/package.dsv
[0.192s] -- Up-to-date: /home/adminlab/franka_ros2_ws/install/moveit_kinematics/share/ament_index/resource_index/packages/moveit_kinematics
[0.192s] -- Up-to-date: /home/adminlab/franka_ros2_ws/install/moveit_kinematics/share/ament_index/resource_index/moveit_core__pluginlib__plugin/moveit_kinematics
[0.195s] -- Up-to-date: /home/adminlab/franka_ros2_ws/install/moveit_kinematics/share/moveit_kinematics/cmake/export_moveit_kinematicsExport.cmake
[0.195s] -- Up-to-date: /home/adminlab/franka_ros2_ws/install/moveit_kinematics/share/moveit_kinematics/cmake/export_moveit_kinematicsExport-release.cmake
[0.195s] -- Up-to-date: /home/adminlab/franka_ros2_ws/install/moveit_kinematics/share/moveit_kinematics/cmake/ConfigExtras.cmake
[0.195s] -- Up-to-date: /home/adminlab/franka_ros2_ws/install/moveit_kinematics/share/moveit_kinematics/cmake/ament_cmake_export_targets-extras.cmake
[0.196s] -- Up-to-date: /home/adminlab/franka_ros2_ws/install/moveit_kinematics/share/moveit_kinematics/cmake/ament_cmake_export_dependencies-extras.cmake
[0.196s] -- Up-to-date: /home/adminlab/franka_ros2_ws/install/moveit_kinematics/share/moveit_kinematics/cmake/moveit_kinematicsConfig.cmake
[0.196s] -- Up-to-date: /home/adminlab/franka_ros2_ws/install/moveit_kinematics/share/moveit_kinematics/cmake/moveit_kinematicsConfig-version.cmake
[0.196s] -- Up-to-date: /home/adminlab/franka_ros2_ws/install/moveit_kinematics/share/moveit_kinematics/package.xml
[0.205s] Invoked command in '/home/adminlab/franka_ros2_ws/build/moveit_kinematics' returned '0': AMENT_PREFIX_PATH=/home/adminlab/franka_ros2_ws/install/moveit_ros_planning:/home/adminlab/franka_ros2_ws/install/moveit_ros_occupancy_map_monitor:/home/adminlab/franka_ros2_ws/install/moveit_core:/home/adminlab/franka_ros2_ws/install/ros_testing:/home/adminlab/franka_ros2_ws/install/moveit_resources_panda_moveit_config:/home/adminlab/franka_ros2_ws/install/moveit_resources_fanuc_moveit_config:/home/adminlab/franka_ros2_ws/install/moveit_configs_utils:/home/adminlab/franka_ros2_ws/install/generate_parameter_library:/home/adminlab/franka_ros2_ws/install/srdfdom:/home/adminlab/franka_ros2_ws/install/ros2test:/home/adminlab/franka_ros2_ws/install/parameter_traits:/home/adminlab/franka_ros2_ws/install/moveit_resources_panda_description:/home/adminlab/franka_ros2_ws/install/moveit_resources_fanuc_description:/home/adminlab/franka_ros2_ws/install/moveit_msgs:/home/adminlab/franka_ros2_ws/install/moveit_common:/home/adminlab/franka_ros2_ws/install/launch_param_builder:/home/adminlab/franka_ros2_ws/install/generate_parameter_library_py:${AMENT_PREFIX_PATH} CMAKE_PREFIX_PATH=/home/adminlab/franka_ros2_ws/install/moveit_ros_planning:/home/adminlab/franka_ros2_ws/install/moveit_ros_occupancy_map_monitor:/home/adminlab/franka_ros2_ws/install/moveit_core:/home/adminlab/franka_ros2_ws/install/ros_testing:/home/adminlab/franka_ros2_ws/install/moveit_resources_panda_moveit_config:/home/adminlab/franka_ros2_ws/install/moveit_resources_fanuc_moveit_config:/home/adminlab/franka_ros2_ws/install/generate_parameter_library:/home/adminlab/franka_ros2_ws/install/srdfdom:/home/adminlab/franka_ros2_ws/install/parameter_traits:/home/adminlab/franka_ros2_ws/install/moveit_resources_panda_description:/home/adminlab/franka_ros2_ws/install/moveit_resources_fanuc_description:/home/adminlab/franka_ros2_ws/install/moveit_msgs:/home/adminlab/franka_ros2_ws/install/moveit_common:/opt/ros/humble LD_LIBRARY_PATH=/home/adminlab/franka_ros2_ws/install/moveit_ros_planning/lib:/home/adminlab/franka_ros2_ws/install/moveit_ros_occupancy_map_monitor/lib:/home/adminlab/franka_ros2_ws/install/moveit_core/lib:/home/adminlab/franka_ros2_ws/install/srdfdom/lib:/home/adminlab/franka_ros2_ws/install/parameter_traits/lib:/home/adminlab/franka_ros2_ws/install/moveit_msgs/lib:${LD_LIBRARY_PATH} PATH=/home/adminlab/franka_ros2_ws/install/moveit_core/bin:/home/adminlab/franka_ros2_ws/install/generate_parameter_library_py/bin:${PATH} PYTHONPATH=/home/adminlab/franka_ros2_ws/install/moveit_configs_utils/lib/python3.10/site-packages:/home/adminlab/franka_ros2_ws/install/srdfdom/local/lib/python3.10/dist-packages:/home/adminlab/franka_ros2_ws/install/ros2test/lib/python3.10/site-packages:/home/adminlab/franka_ros2_ws/install/moveit_msgs/local/lib/python3.10/dist-packages:/home/adminlab/franka_ros2_ws/install/launch_param_builder/lib/python3.10/site-packages:/home/adminlab/franka_ros2_ws/install/generate_parameter_library_py/lib/python3.10/site-packages:${PYTHONPATH} /usr/bin/cmake --install /home/adminlab/franka_ros2_ws/build/moveit_kinematics
