-- The C compiler identification is GNU 11.4.0
-- The CXX compiler identification is GNU 11.4.0
-- Detecting C compiler ABI info
-- Detecting C compiler ABI info - done
-- Check for working C compiler: /usr/bin/cc - skipped
-- Detecting C compile features
-- Detecting C compile features - done
-- Detecting CXX compiler ABI info
-- Detecting CXX compiler ABI info - done
-- Check for working CXX compiler: /usr/bin/c++ - skipped
-- Detecting CXX compile features
-- Detecting CXX compile features - done
-- Found ament_cmake: 1.3.9 (/opt/ros/humble/share/ament_cmake/cmake)
-- Found Python3: /usr/bin/python3 (found version "3.10.12") found components: Interpreter 
-- Found geometry_msgs: 4.2.3 (/opt/ros/humble/share/geometry_msgs/cmake)
-- Found rosidl_generator_c: 3.1.5 (/opt/ros/humble/share/rosidl_generator_c/cmake)
-- Found rosidl_adapter: 3.1.5 (/opt/ros/humble/share/rosidl_adapter/cmake)
-- Found rosidl_generator_cpp: 3.1.5 (/opt/ros/humble/share/rosidl_generator_cpp/cmake)
-- Using all available rosidl_typesupport_c: rosidl_typesupport_fastrtps_c;rosidl_typesupport_introspection_c
-- Using all available rosidl_typesupport_cpp: rosidl_typesupport_fastrtps_cpp;rosidl_typesupport_introspection_cpp
-- Found rosidl_default_generators: 1.2.0 (/opt/ros/humble/share/rosidl_default_generators/cmake)
-- Found ament_cmake_ros: 0.10.0 (/opt/ros/humble/share/ament_cmake_ros/cmake)
-- Using all available rosidl_typesupport_c: rosidl_typesupport_fastrtps_c;rosidl_typesupport_introspection_c
-- Using all available rosidl_typesupport_cpp: rosidl_typesupport_fastrtps_cpp;rosidl_typesupport_introspection_cpp
-- Found PythonInterp: /usr/bin/python3 (found suitable version "3.10.12", minimum required is "3.6") 
-- Found python_cmake_module: 0.10.0 (/opt/ros/humble/share/python_cmake_module/cmake)
-- Found PythonLibs: /usr/lib/x86_64-linux-gnu/libpython3.10.so (found suitable version "3.10.12", minimum required is "3.5") 
-- Using PYTHON_EXECUTABLE: /usr/bin/python3
-- Using PYTHON_INCLUDE_DIRS: /usr/include/python3.10
-- Using PYTHON_LIBRARIES: /usr/lib/x86_64-linux-gnu/libpython3.10.so
-- Found PythonExtra: .so  
-- Found ament_lint_auto: 0.12.11 (/opt/ros/humble/share/ament_lint_auto/cmake)
-- Added test 'lint_cmake' to check CMake code style
-- Added test 'xmllint' to check XML markup files
-- Configuring done
-- Generating done
-- Build files have been written to: /home/adminlab/franka_ros2_ws/build/hand_interfaces
[  2%] [34m[1mGenerating C++ code for ROS interfaces[0m
[  4%] [34m[1mGenerating C code for ROS interfaces[0m
[  4%] Built target ament_cmake_python_copy_hand_interfaces
running egg_info
creating hand_interfaces.egg-info
writing hand_interfaces.egg-info/PKG-INFO
writing dependency_links to hand_interfaces.egg-info/dependency_links.txt
writing top-level names to hand_interfaces.egg-info/top_level.txt
writing manifest file 'hand_interfaces.egg-info/SOURCES.txt'
reading manifest file 'hand_interfaces.egg-info/SOURCES.txt'
writing manifest file 'hand_interfaces.egg-info/SOURCES.txt'
[  4%] Built target ament_cmake_python_build_hand_interfaces_egg
[  4%] Built target hand_interfaces__cpp
[  6%] [34m[1mGenerating C++ type support dispatch for ROS interfaces[0m
[  8%] [34m[1mGenerating C++ type support for eProsima Fast-RTPS[0m
[ 10%] [34m[1mGenerating C++ introspection for ROS interfaces[0m
[ 12%] [32mBuilding C object CMakeFiles/hand_interfaces__rosidl_generator_c.dir/rosidl_generator_c/hand_interfaces/msg/detail/finger_data__functions.c.o[0m
[ 14%] [32mBuilding C object CMakeFiles/hand_interfaces__rosidl_generator_c.dir/rosidl_generator_c/hand_interfaces/srv/detail/hand_pose__functions.c.o[0m
[ 17%] [32mBuilding C object CMakeFiles/hand_interfaces__rosidl_generator_c.dir/rosidl_generator_c/hand_interfaces/msg/detail/pinch__functions.c.o[0m
[ 19%] [32m[1mLinking C shared library libhand_interfaces__rosidl_generator_c.so[0m
[ 21%] [32mBuilding CXX object CMakeFiles/hand_interfaces__rosidl_typesupport_cpp.dir/rosidl_typesupport_cpp/hand_interfaces/srv/hand_pose__type_support.cpp.o[0m
[ 21%] Built target hand_interfaces__rosidl_generator_c
[ 23%] [32mBuilding CXX object CMakeFiles/hand_interfaces__rosidl_typesupport_cpp.dir/rosidl_typesupport_cpp/hand_interfaces/msg/finger_data__type_support.cpp.o[0m
[ 25%] [34m[1mGenerating C type support for eProsima Fast-RTPS[0m
[ 27%] [34m[1mGenerating C introspection for ROS interfaces[0m
[ 29%] [32mBuilding CXX object CMakeFiles/hand_interfaces__rosidl_typesupport_cpp.dir/rosidl_typesupport_cpp/hand_interfaces/msg/pinch__type_support.cpp.o[0m
[ 31%] [34m[1mGenerating C type support dispatch for ROS interfaces[0m
[ 34%] [32mBuilding CXX object CMakeFiles/hand_interfaces__rosidl_typesupport_introspection_cpp.dir/rosidl_typesupport_introspection_cpp/hand_interfaces/msg/detail/finger_data__type_support.cpp.o[0m
[ 38%] [32mBuilding CXX object CMakeFiles/hand_interfaces__rosidl_typesupport_introspection_cpp.dir/rosidl_typesupport_introspection_cpp/hand_interfaces/srv/detail/hand_pose__type_support.cpp.o[0m
[ 38%] [32mBuilding CXX object CMakeFiles/hand_interfaces__rosidl_typesupport_fastrtps_cpp.dir/rosidl_typesupport_fastrtps_cpp/hand_interfaces/srv/detail/dds_fastrtps/hand_pose__type_support.cpp.o[0m
[ 40%] [32mBuilding CXX object CMakeFiles/hand_interfaces__rosidl_typesupport_fastrtps_cpp.dir/rosidl_typesupport_fastrtps_cpp/hand_interfaces/msg/detail/dds_fastrtps/finger_data__type_support.cpp.o[0m
[ 42%] [32mBuilding CXX object CMakeFiles/hand_interfaces__rosidl_typesupport_fastrtps_cpp.dir/rosidl_typesupport_fastrtps_cpp/hand_interfaces/msg/detail/dds_fastrtps/pinch__type_support.cpp.o[0m
[ 44%] [32mBuilding CXX object CMakeFiles/hand_interfaces__rosidl_typesupport_introspection_cpp.dir/rosidl_typesupport_introspection_cpp/hand_interfaces/msg/detail/pinch__type_support.cpp.o[0m
[ 46%] [32mBuilding CXX object CMakeFiles/hand_interfaces__rosidl_typesupport_c.dir/rosidl_typesupport_c/hand_interfaces/srv/hand_pose__type_support.cpp.o[0m
[ 48%] [32mBuilding CXX object CMakeFiles/hand_interfaces__rosidl_typesupport_c.dir/rosidl_typesupport_c/hand_interfaces/msg/finger_data__type_support.cpp.o[0m
[ 51%] [32m[1mLinking CXX shared library libhand_interfaces__rosidl_typesupport_cpp.so[0m
[ 53%] [32mBuilding CXX object CMakeFiles/hand_interfaces__rosidl_typesupport_c.dir/rosidl_typesupport_c/hand_interfaces/msg/pinch__type_support.cpp.o[0m
[ 55%] [32m[1mLinking CXX shared library libhand_interfaces__rosidl_typesupport_c.so[0m
[ 55%] Built target hand_interfaces__rosidl_typesupport_cpp
[ 57%] [32mBuilding CXX object CMakeFiles/hand_interfaces__rosidl_typesupport_fastrtps_c.dir/rosidl_typesupport_fastrtps_c/hand_interfaces/srv/detail/hand_pose__type_support_c.cpp.o[0m
[ 59%] [32mBuilding C object CMakeFiles/hand_interfaces__rosidl_typesupport_introspection_c.dir/rosidl_typesupport_introspection_c/hand_interfaces/srv/detail/hand_pose__type_support.c.o[0m
[ 61%] [32mBuilding C object CMakeFiles/hand_interfaces__rosidl_typesupport_introspection_c.dir/rosidl_typesupport_introspection_c/hand_interfaces/msg/detail/finger_data__type_support.c.o[0m
[ 63%] [32mBuilding CXX object CMakeFiles/hand_interfaces__rosidl_typesupport_fastrtps_c.dir/rosidl_typesupport_fastrtps_c/hand_interfaces/msg/detail/pinch__type_support_c.cpp.o[0m
[ 65%] [32mBuilding CXX object CMakeFiles/hand_interfaces__rosidl_typesupport_fastrtps_c.dir/rosidl_typesupport_fastrtps_c/hand_interfaces/msg/detail/finger_data__type_support_c.cpp.o[0m
[ 68%] [32mBuilding C object CMakeFiles/hand_interfaces__rosidl_typesupport_introspection_c.dir/rosidl_typesupport_introspection_c/hand_interfaces/msg/detail/pinch__type_support.c.o[0m
[ 68%] Built target hand_interfaces__rosidl_typesupport_c
[ 70%] [32m[1mLinking C shared library libhand_interfaces__rosidl_typesupport_introspection_c.so[0m
[ 72%] [32m[1mLinking CXX shared library libhand_interfaces__rosidl_typesupport_introspection_cpp.so[0m
[ 72%] Built target hand_interfaces__rosidl_typesupport_introspection_c
[ 72%] Built target hand_interfaces__rosidl_typesupport_introspection_cpp
[ 74%] [32m[1mLinking CXX shared library libhand_interfaces__rosidl_typesupport_fastrtps_cpp.so[0m
[ 74%] Built target hand_interfaces__rosidl_typesupport_fastrtps_cpp
[ 76%] [32m[1mLinking CXX shared library libhand_interfaces__rosidl_typesupport_fastrtps_c.so[0m
[ 76%] Built target hand_interfaces__rosidl_typesupport_fastrtps_c
[ 76%] Built target hand_interfaces
[ 78%] [34m[1mGenerating Python code for ROS interfaces[0m
[ 78%] Built target hand_interfaces__py
[ 80%] [32mBuilding C object CMakeFiles/hand_interfaces__rosidl_generator_py.dir/rosidl_generator_py/hand_interfaces/srv/_hand_pose_s.c.o[0m
[ 82%] [32mBuilding C object CMakeFiles/hand_interfaces__rosidl_generator_py.dir/rosidl_generator_py/hand_interfaces/msg/_finger_data_s.c.o[0m
[ 85%] [32mBuilding C object CMakeFiles/hand_interfaces__rosidl_generator_py.dir/rosidl_generator_py/hand_interfaces/msg/_pinch_s.c.o[0m
[ 87%] [32m[1mLinking C shared library rosidl_generator_py/hand_interfaces/libhand_interfaces__rosidl_generator_py.so[0m
[ 87%] Built target hand_interfaces__rosidl_generator_py
[ 89%] [32mBuilding C object CMakeFiles/hand_interfaces__rosidl_typesupport_introspection_c__pyext.dir/rosidl_generator_py/hand_interfaces/_hand_interfaces_s.ep.rosidl_typesupport_introspection_c.c.o[0m
[ 91%] [32mBuilding C object CMakeFiles/hand_interfaces__rosidl_typesupport_c__pyext.dir/rosidl_generator_py/hand_interfaces/_hand_interfaces_s.ep.rosidl_typesupport_c.c.o[0m
[ 93%] [32mBuilding C object CMakeFiles/hand_interfaces__rosidl_typesupport_fastrtps_c__pyext.dir/rosidl_generator_py/hand_interfaces/_hand_interfaces_s.ep.rosidl_typesupport_fastrtps_c.c.o[0m
[ 95%] [32m[1mLinking C shared library rosidl_generator_py/hand_interfaces/hand_interfaces_s__rosidl_typesupport_c.cpython-310-x86_64-linux-gnu.so[0m
[ 97%] [32m[1mLinking C shared library rosidl_generator_py/hand_interfaces/hand_interfaces_s__rosidl_typesupport_introspection_c.cpython-310-x86_64-linux-gnu.so[0m
[100%] [32m[1mLinking C shared library rosidl_generator_py/hand_interfaces/hand_interfaces_s__rosidl_typesupport_fastrtps_c.cpython-310-x86_64-linux-gnu.so[0m
[100%] Built target hand_interfaces__rosidl_typesupport_introspection_c__pyext
[100%] Built target hand_interfaces__rosidl_typesupport_c__pyext
[100%] Built target hand_interfaces__rosidl_typesupport_fastrtps_c__pyext
-- Install configuration: ""
-- Installing: /home/adminlab/franka_ros2_ws/install/hand_interfaces/share/ament_index/resource_index/rosidl_interfaces/hand_interfaces
-- Installing: /home/adminlab/franka_ros2_ws/install/hand_interfaces/include/hand_interfaces/hand_interfaces
-- Installing: /home/adminlab/franka_ros2_ws/install/hand_interfaces/include/hand_interfaces/hand_interfaces/msg
-- Installing: /home/adminlab/franka_ros2_ws/install/hand_interfaces/include/hand_interfaces/hand_interfaces/msg/pinch.h
-- Installing: /home/adminlab/franka_ros2_ws/install/hand_interfaces/include/hand_interfaces/hand_interfaces/msg/detail
-- Installing: /home/adminlab/franka_ros2_ws/install/hand_interfaces/include/hand_interfaces/hand_interfaces/msg/detail/finger_data__functions.h
-- Installing: /home/adminlab/franka_ros2_ws/install/hand_interfaces/include/hand_interfaces/hand_interfaces/msg/detail/pinch__type_support.h
-- Installing: /home/adminlab/franka_ros2_ws/install/hand_interfaces/include/hand_interfaces/hand_interfaces/msg/detail/pinch__functions.c
-- Installing: /home/adminlab/franka_ros2_ws/install/hand_interfaces/include/hand_interfaces/hand_interfaces/msg/detail/finger_data__type_support.h
-- Installing: /home/adminlab/franka_ros2_ws/install/hand_interfaces/include/hand_interfaces/hand_interfaces/msg/detail/finger_data__functions.c
-- Installing: /home/adminlab/franka_ros2_ws/install/hand_interfaces/include/hand_interfaces/hand_interfaces/msg/detail/pinch__struct.h
-- Installing: /home/adminlab/franka_ros2_ws/install/hand_interfaces/include/hand_interfaces/hand_interfaces/msg/detail/pinch__functions.h
-- Installing: /home/adminlab/franka_ros2_ws/install/hand_interfaces/include/hand_interfaces/hand_interfaces/msg/detail/finger_data__struct.h
-- Installing: /home/adminlab/franka_ros2_ws/install/hand_interfaces/include/hand_interfaces/hand_interfaces/msg/rosidl_generator_c__visibility_control.h
-- Installing: /home/adminlab/franka_ros2_ws/install/hand_interfaces/include/hand_interfaces/hand_interfaces/msg/finger_data.h
-- Installing: /home/adminlab/franka_ros2_ws/install/hand_interfaces/include/hand_interfaces/hand_interfaces/srv
-- Installing: /home/adminlab/franka_ros2_ws/install/hand_interfaces/include/hand_interfaces/hand_interfaces/srv/hand_pose.h
-- Installing: /home/adminlab/franka_ros2_ws/install/hand_interfaces/include/hand_interfaces/hand_interfaces/srv/detail
-- Installing: /home/adminlab/franka_ros2_ws/install/hand_interfaces/include/hand_interfaces/hand_interfaces/srv/detail/hand_pose__functions.c
-- Installing: /home/adminlab/franka_ros2_ws/install/hand_interfaces/include/hand_interfaces/hand_interfaces/srv/detail/hand_pose__type_support.h
-- Installing: /home/adminlab/franka_ros2_ws/install/hand_interfaces/include/hand_interfaces/hand_interfaces/srv/detail/hand_pose__functions.h
-- Installing: /home/adminlab/franka_ros2_ws/install/hand_interfaces/include/hand_interfaces/hand_interfaces/srv/detail/hand_pose__struct.h
-- Installing: /home/adminlab/franka_ros2_ws/install/hand_interfaces/share/hand_interfaces/environment/library_path.sh
-- Installing: /home/adminlab/franka_ros2_ws/install/hand_interfaces/share/hand_interfaces/environment/library_path.dsv
-- Installing: /home/adminlab/franka_ros2_ws/install/hand_interfaces/lib/libhand_interfaces__rosidl_generator_c.so
-- Set runtime path of "/home/adminlab/franka_ros2_ws/install/hand_interfaces/lib/libhand_interfaces__rosidl_generator_c.so" to ""
-- Up-to-date: /home/adminlab/franka_ros2_ws/install/hand_interfaces/include/hand_interfaces/hand_interfaces
-- Up-to-date: /home/adminlab/franka_ros2_ws/install/hand_interfaces/include/hand_interfaces/hand_interfaces/msg
-- Up-to-date: /home/adminlab/franka_ros2_ws/install/hand_interfaces/include/hand_interfaces/hand_interfaces/msg/detail
-- Installing: /home/adminlab/franka_ros2_ws/install/hand_interfaces/include/hand_interfaces/hand_interfaces/msg/detail/pinch__rosidl_typesupport_fastrtps_c.h
-- Installing: /home/adminlab/franka_ros2_ws/install/hand_interfaces/include/hand_interfaces/hand_interfaces/msg/detail/finger_data__rosidl_typesupport_fastrtps_c.h
-- Installing: /home/adminlab/franka_ros2_ws/install/hand_interfaces/include/hand_interfaces/hand_interfaces/msg/rosidl_typesupport_fastrtps_c__visibility_control.h
-- Up-to-date: /home/adminlab/franka_ros2_ws/install/hand_interfaces/include/hand_interfaces/hand_interfaces/srv
-- Up-to-date: /home/adminlab/franka_ros2_ws/install/hand_interfaces/include/hand_interfaces/hand_interfaces/srv/detail
-- Installing: /home/adminlab/franka_ros2_ws/install/hand_interfaces/include/hand_interfaces/hand_interfaces/srv/detail/hand_pose__rosidl_typesupport_fastrtps_c.h
-- Installing: /home/adminlab/franka_ros2_ws/install/hand_interfaces/lib/libhand_interfaces__rosidl_typesupport_fastrtps_c.so
-- Set runtime path of "/home/adminlab/franka_ros2_ws/install/hand_interfaces/lib/libhand_interfaces__rosidl_typesupport_fastrtps_c.so" to ""
-- Up-to-date: /home/adminlab/franka_ros2_ws/install/hand_interfaces/include/hand_interfaces/hand_interfaces
-- Up-to-date: /home/adminlab/franka_ros2_ws/install/hand_interfaces/include/hand_interfaces/hand_interfaces/msg
-- Up-to-date: /home/adminlab/franka_ros2_ws/install/hand_interfaces/include/hand_interfaces/hand_interfaces/msg/detail
-- Installing: /home/adminlab/franka_ros2_ws/install/hand_interfaces/include/hand_interfaces/hand_interfaces/msg/detail/finger_data__traits.hpp
-- Installing: /home/adminlab/franka_ros2_ws/install/hand_interfaces/include/hand_interfaces/hand_interfaces/msg/detail/finger_data__builder.hpp
-- Installing: /home/adminlab/franka_ros2_ws/install/hand_interfaces/include/hand_interfaces/hand_interfaces/msg/detail/pinch__struct.hpp
-- Installing: /home/adminlab/franka_ros2_ws/install/hand_interfaces/include/hand_interfaces/hand_interfaces/msg/detail/finger_data__struct.hpp
-- Installing: /home/adminlab/franka_ros2_ws/install/hand_interfaces/include/hand_interfaces/hand_interfaces/msg/detail/pinch__traits.hpp
-- Installing: /home/adminlab/franka_ros2_ws/install/hand_interfaces/include/hand_interfaces/hand_interfaces/msg/detail/pinch__builder.hpp
-- Installing: /home/adminlab/franka_ros2_ws/install/hand_interfaces/include/hand_interfaces/hand_interfaces/msg/pinch.hpp
-- Installing: /home/adminlab/franka_ros2_ws/install/hand_interfaces/include/hand_interfaces/hand_interfaces/msg/finger_data.hpp
-- Up-to-date: /home/adminlab/franka_ros2_ws/install/hand_interfaces/include/hand_interfaces/hand_interfaces/srv
-- Installing: /home/adminlab/franka_ros2_ws/install/hand_interfaces/include/hand_interfaces/hand_interfaces/srv/hand_pose.hpp
-- Up-to-date: /home/adminlab/franka_ros2_ws/install/hand_interfaces/include/hand_interfaces/hand_interfaces/srv/detail
-- Installing: /home/adminlab/franka_ros2_ws/install/hand_interfaces/include/hand_interfaces/hand_interfaces/srv/detail/hand_pose__traits.hpp
-- Installing: /home/adminlab/franka_ros2_ws/install/hand_interfaces/include/hand_interfaces/hand_interfaces/srv/detail/hand_pose__builder.hpp
-- Installing: /home/adminlab/franka_ros2_ws/install/hand_interfaces/include/hand_interfaces/hand_interfaces/srv/detail/hand_pose__struct.hpp
-- Up-to-date: /home/adminlab/franka_ros2_ws/install/hand_interfaces/include/hand_interfaces/hand_interfaces
-- Up-to-date: /home/adminlab/franka_ros2_ws/install/hand_interfaces/include/hand_interfaces/hand_interfaces/msg
-- Up-to-date: /home/adminlab/franka_ros2_ws/install/hand_interfaces/include/hand_interfaces/hand_interfaces/msg/detail
-- Installing: /home/adminlab/franka_ros2_ws/install/hand_interfaces/include/hand_interfaces/hand_interfaces/msg/detail/dds_fastrtps
-- Installing: /home/adminlab/franka_ros2_ws/install/hand_interfaces/include/hand_interfaces/hand_interfaces/msg/detail/finger_data__rosidl_typesupport_fastrtps_cpp.hpp
-- Installing: /home/adminlab/franka_ros2_ws/install/hand_interfaces/include/hand_interfaces/hand_interfaces/msg/detail/pinch__rosidl_typesupport_fastrtps_cpp.hpp
-- Installing: /home/adminlab/franka_ros2_ws/install/hand_interfaces/include/hand_interfaces/hand_interfaces/msg/rosidl_typesupport_fastrtps_cpp__visibility_control.h
-- Up-to-date: /home/adminlab/franka_ros2_ws/install/hand_interfaces/include/hand_interfaces/hand_interfaces/srv
-- Up-to-date: /home/adminlab/franka_ros2_ws/install/hand_interfaces/include/hand_interfaces/hand_interfaces/srv/detail
-- Installing: /home/adminlab/franka_ros2_ws/install/hand_interfaces/include/hand_interfaces/hand_interfaces/srv/detail/dds_fastrtps
-- Installing: /home/adminlab/franka_ros2_ws/install/hand_interfaces/include/hand_interfaces/hand_interfaces/srv/detail/hand_pose__rosidl_typesupport_fastrtps_cpp.hpp
-- Installing: /home/adminlab/franka_ros2_ws/install/hand_interfaces/lib/libhand_interfaces__rosidl_typesupport_fastrtps_cpp.so
-- Set runtime path of "/home/adminlab/franka_ros2_ws/install/hand_interfaces/lib/libhand_interfaces__rosidl_typesupport_fastrtps_cpp.so" to ""
-- Up-to-date: /home/adminlab/franka_ros2_ws/install/hand_interfaces/include/hand_interfaces/hand_interfaces
-- Up-to-date: /home/adminlab/franka_ros2_ws/install/hand_interfaces/include/hand_interfaces/hand_interfaces/msg
-- Up-to-date: /home/adminlab/franka_ros2_ws/install/hand_interfaces/include/hand_interfaces/hand_interfaces/msg/detail
-- Installing: /home/adminlab/franka_ros2_ws/install/hand_interfaces/include/hand_interfaces/hand_interfaces/msg/detail/pinch__rosidl_typesupport_introspection_c.h
-- Installing: /home/adminlab/franka_ros2_ws/install/hand_interfaces/include/hand_interfaces/hand_interfaces/msg/detail/finger_data__rosidl_typesupport_introspection_c.h
-- Installing: /home/adminlab/franka_ros2_ws/install/hand_interfaces/include/hand_interfaces/hand_interfaces/msg/detail/pinch__type_support.c
-- Installing: /home/adminlab/franka_ros2_ws/install/hand_interfaces/include/hand_interfaces/hand_interfaces/msg/detail/finger_data__type_support.c
-- Installing: /home/adminlab/franka_ros2_ws/install/hand_interfaces/include/hand_interfaces/hand_interfaces/msg/rosidl_typesupport_introspection_c__visibility_control.h
-- Up-to-date: /home/adminlab/franka_ros2_ws/install/hand_interfaces/include/hand_interfaces/hand_interfaces/srv
-- Up-to-date: /home/adminlab/franka_ros2_ws/install/hand_interfaces/include/hand_interfaces/hand_interfaces/srv/detail
-- Installing: /home/adminlab/franka_ros2_ws/install/hand_interfaces/include/hand_interfaces/hand_interfaces/srv/detail/hand_pose__rosidl_typesupport_introspection_c.h
-- Installing: /home/adminlab/franka_ros2_ws/install/hand_interfaces/include/hand_interfaces/hand_interfaces/srv/detail/hand_pose__type_support.c
-- Installing: /home/adminlab/franka_ros2_ws/install/hand_interfaces/lib/libhand_interfaces__rosidl_typesupport_introspection_c.so
-- Set runtime path of "/home/adminlab/franka_ros2_ws/install/hand_interfaces/lib/libhand_interfaces__rosidl_typesupport_introspection_c.so" to ""
-- Installing: /home/adminlab/franka_ros2_ws/install/hand_interfaces/lib/libhand_interfaces__rosidl_typesupport_c.so
-- Set runtime path of "/home/adminlab/franka_ros2_ws/install/hand_interfaces/lib/libhand_interfaces__rosidl_typesupport_c.so" to ""
-- Up-to-date: /home/adminlab/franka_ros2_ws/install/hand_interfaces/include/hand_interfaces/hand_interfaces
-- Up-to-date: /home/adminlab/franka_ros2_ws/install/hand_interfaces/include/hand_interfaces/hand_interfaces/msg
-- Up-to-date: /home/adminlab/franka_ros2_ws/install/hand_interfaces/include/hand_interfaces/hand_interfaces/msg/detail
-- Installing: /home/adminlab/franka_ros2_ws/install/hand_interfaces/include/hand_interfaces/hand_interfaces/msg/detail/pinch__type_support.cpp
-- Installing: /home/adminlab/franka_ros2_ws/install/hand_interfaces/include/hand_interfaces/hand_interfaces/msg/detail/finger_data__type_support.cpp
-- Installing: /home/adminlab/franka_ros2_ws/install/hand_interfaces/include/hand_interfaces/hand_interfaces/msg/detail/finger_data__rosidl_typesupport_introspection_cpp.hpp
-- Installing: /home/adminlab/franka_ros2_ws/install/hand_interfaces/include/hand_interfaces/hand_interfaces/msg/detail/pinch__rosidl_typesupport_introspection_cpp.hpp
-- Up-to-date: /home/adminlab/franka_ros2_ws/install/hand_interfaces/include/hand_interfaces/hand_interfaces/srv
-- Up-to-date: /home/adminlab/franka_ros2_ws/install/hand_interfaces/include/hand_interfaces/hand_interfaces/srv/detail
-- Installing: /home/adminlab/franka_ros2_ws/install/hand_interfaces/include/hand_interfaces/hand_interfaces/srv/detail/hand_pose__type_support.cpp
-- Installing: /home/adminlab/franka_ros2_ws/install/hand_interfaces/include/hand_interfaces/hand_interfaces/srv/detail/hand_pose__rosidl_typesupport_introspection_cpp.hpp
-- Installing: /home/adminlab/franka_ros2_ws/install/hand_interfaces/lib/libhand_interfaces__rosidl_typesupport_introspection_cpp.so
-- Set runtime path of "/home/adminlab/franka_ros2_ws/install/hand_interfaces/lib/libhand_interfaces__rosidl_typesupport_introspection_cpp.so" to ""
-- Installing: /home/adminlab/franka_ros2_ws/install/hand_interfaces/lib/libhand_interfaces__rosidl_typesupport_cpp.so
-- Set runtime path of "/home/adminlab/franka_ros2_ws/install/hand_interfaces/lib/libhand_interfaces__rosidl_typesupport_cpp.so" to ""
-- Installing: /home/adminlab/franka_ros2_ws/install/hand_interfaces/share/hand_interfaces/environment/pythonpath.sh
-- Installing: /home/adminlab/franka_ros2_ws/install/hand_interfaces/share/hand_interfaces/environment/pythonpath.dsv
-- Installing: /home/adminlab/franka_ros2_ws/install/hand_interfaces/local/lib/python3.10/dist-packages/hand_interfaces-0.0.1-py3.10.egg-info
-- Installing: /home/adminlab/franka_ros2_ws/install/hand_interfaces/local/lib/python3.10/dist-packages/hand_interfaces-0.0.1-py3.10.egg-info/dependency_links.txt
-- Installing: /home/adminlab/franka_ros2_ws/install/hand_interfaces/local/lib/python3.10/dist-packages/hand_interfaces-0.0.1-py3.10.egg-info/SOURCES.txt
-- Installing: /home/adminlab/franka_ros2_ws/install/hand_interfaces/local/lib/python3.10/dist-packages/hand_interfaces-0.0.1-py3.10.egg-info/top_level.txt
-- Installing: /home/adminlab/franka_ros2_ws/install/hand_interfaces/local/lib/python3.10/dist-packages/hand_interfaces-0.0.1-py3.10.egg-info/PKG-INFO
-- Installing: /home/adminlab/franka_ros2_ws/install/hand_interfaces/local/lib/python3.10/dist-packages/hand_interfaces
-- Installing: /home/adminlab/franka_ros2_ws/install/hand_interfaces/local/lib/python3.10/dist-packages/hand_interfaces/hand_interfaces_s__rosidl_typesupport_c.cpython-310-x86_64-linux-gnu.so
-- Installing: /home/adminlab/franka_ros2_ws/install/hand_interfaces/local/lib/python3.10/dist-packages/hand_interfaces/__init__.py
-- Installing: /home/adminlab/franka_ros2_ws/install/hand_interfaces/local/lib/python3.10/dist-packages/hand_interfaces/hand_interfaces_s__rosidl_typesupport_introspection_c.cpython-310-x86_64-linux-gnu.so
-- Installing: /home/adminlab/franka_ros2_ws/install/hand_interfaces/local/lib/python3.10/dist-packages/hand_interfaces/_hand_interfaces_s.ep.rosidl_typesupport_c.c
-- Installing: /home/adminlab/franka_ros2_ws/install/hand_interfaces/local/lib/python3.10/dist-packages/hand_interfaces/_hand_interfaces_s.ep.rosidl_typesupport_fastrtps_c.c
-- Installing: /home/adminlab/franka_ros2_ws/install/hand_interfaces/local/lib/python3.10/dist-packages/hand_interfaces/_hand_interfaces_s.ep.rosidl_typesupport_introspection_c.c
-- Installing: /home/adminlab/franka_ros2_ws/install/hand_interfaces/local/lib/python3.10/dist-packages/hand_interfaces/hand_interfaces_s__rosidl_typesupport_fastrtps_c.cpython-310-x86_64-linux-gnu.so
-- Installing: /home/adminlab/franka_ros2_ws/install/hand_interfaces/local/lib/python3.10/dist-packages/hand_interfaces/msg
-- Installing: /home/adminlab/franka_ros2_ws/install/hand_interfaces/local/lib/python3.10/dist-packages/hand_interfaces/msg/__init__.py
-- Installing: /home/adminlab/franka_ros2_ws/install/hand_interfaces/local/lib/python3.10/dist-packages/hand_interfaces/msg/_finger_data.py
-- Installing: /home/adminlab/franka_ros2_ws/install/hand_interfaces/local/lib/python3.10/dist-packages/hand_interfaces/msg/_pinch_s.c
-- Installing: /home/adminlab/franka_ros2_ws/install/hand_interfaces/local/lib/python3.10/dist-packages/hand_interfaces/msg/_finger_data_s.c
-- Installing: /home/adminlab/franka_ros2_ws/install/hand_interfaces/local/lib/python3.10/dist-packages/hand_interfaces/msg/_pinch.py
-- Installing: /home/adminlab/franka_ros2_ws/install/hand_interfaces/local/lib/python3.10/dist-packages/hand_interfaces/libhand_interfaces__rosidl_generator_py.so
-- Installing: /home/adminlab/franka_ros2_ws/install/hand_interfaces/local/lib/python3.10/dist-packages/hand_interfaces/srv
-- Installing: /home/adminlab/franka_ros2_ws/install/hand_interfaces/local/lib/python3.10/dist-packages/hand_interfaces/srv/__init__.py
-- Installing: /home/adminlab/franka_ros2_ws/install/hand_interfaces/local/lib/python3.10/dist-packages/hand_interfaces/srv/_hand_pose_s.c
-- Installing: /home/adminlab/franka_ros2_ws/install/hand_interfaces/local/lib/python3.10/dist-packages/hand_interfaces/srv/_hand_pose.py
Listing '/home/adminlab/franka_ros2_ws/install/hand_interfaces/local/lib/python3.10/dist-packages/hand_interfaces'...
Compiling '/home/adminlab/franka_ros2_ws/install/hand_interfaces/local/lib/python3.10/dist-packages/hand_interfaces/__init__.py'...
Listing '/home/adminlab/franka_ros2_ws/install/hand_interfaces/local/lib/python3.10/dist-packages/hand_interfaces/msg'...
Compiling '/home/adminlab/franka_ros2_ws/install/hand_interfaces/local/lib/python3.10/dist-packages/hand_interfaces/msg/__init__.py'...
Compiling '/home/adminlab/franka_ros2_ws/install/hand_interfaces/local/lib/python3.10/dist-packages/hand_interfaces/msg/_finger_data.py'...
Compiling '/home/adminlab/franka_ros2_ws/install/hand_interfaces/local/lib/python3.10/dist-packages/hand_interfaces/msg/_pinch.py'...
Listing '/home/adminlab/franka_ros2_ws/install/hand_interfaces/local/lib/python3.10/dist-packages/hand_interfaces/srv'...
Compiling '/home/adminlab/franka_ros2_ws/install/hand_interfaces/local/lib/python3.10/dist-packages/hand_interfaces/srv/__init__.py'...
Compiling '/home/adminlab/franka_ros2_ws/install/hand_interfaces/local/lib/python3.10/dist-packages/hand_interfaces/srv/_hand_pose.py'...
-- Installing: /home/adminlab/franka_ros2_ws/install/hand_interfaces/local/lib/python3.10/dist-packages/hand_interfaces/hand_interfaces_s__rosidl_typesupport_fastrtps_c.cpython-310-x86_64-linux-gnu.so
-- Set runtime path of "/home/adminlab/franka_ros2_ws/install/hand_interfaces/local/lib/python3.10/dist-packages/hand_interfaces/hand_interfaces_s__rosidl_typesupport_fastrtps_c.cpython-310-x86_64-linux-gnu.so" to ""
-- Installing: /home/adminlab/franka_ros2_ws/install/hand_interfaces/local/lib/python3.10/dist-packages/hand_interfaces/hand_interfaces_s__rosidl_typesupport_introspection_c.cpython-310-x86_64-linux-gnu.so
-- Set runtime path of "/home/adminlab/franka_ros2_ws/install/hand_interfaces/local/lib/python3.10/dist-packages/hand_interfaces/hand_interfaces_s__rosidl_typesupport_introspection_c.cpython-310-x86_64-linux-gnu.so" to ""
-- Installing: /home/adminlab/franka_ros2_ws/install/hand_interfaces/local/lib/python3.10/dist-packages/hand_interfaces/hand_interfaces_s__rosidl_typesupport_c.cpython-310-x86_64-linux-gnu.so
-- Set runtime path of "/home/adminlab/franka_ros2_ws/install/hand_interfaces/local/lib/python3.10/dist-packages/hand_interfaces/hand_interfaces_s__rosidl_typesupport_c.cpython-310-x86_64-linux-gnu.so" to ""
-- Installing: /home/adminlab/franka_ros2_ws/install/hand_interfaces/lib/libhand_interfaces__rosidl_generator_py.so
-- Set runtime path of "/home/adminlab/franka_ros2_ws/install/hand_interfaces/lib/libhand_interfaces__rosidl_generator_py.so" to ""
-- Installing: /home/adminlab/franka_ros2_ws/install/hand_interfaces/share/hand_interfaces/srv/HandPose.idl
-- Installing: /home/adminlab/franka_ros2_ws/install/hand_interfaces/share/hand_interfaces/msg/FingerData.idl
-- Installing: /home/adminlab/franka_ros2_ws/install/hand_interfaces/share/hand_interfaces/msg/Pinch.idl
-- Installing: /home/adminlab/franka_ros2_ws/install/hand_interfaces/share/hand_interfaces/srv/HandPose.srv
-- Installing: /home/adminlab/franka_ros2_ws/install/hand_interfaces/share/hand_interfaces/srv/HandPose_Request.msg
-- Installing: /home/adminlab/franka_ros2_ws/install/hand_interfaces/share/hand_interfaces/srv/HandPose_Response.msg
-- Installing: /home/adminlab/franka_ros2_ws/install/hand_interfaces/share/hand_interfaces/msg/FingerData.msg
-- Installing: /home/adminlab/franka_ros2_ws/install/hand_interfaces/share/hand_interfaces/msg/Pinch.msg
-- Installing: /home/adminlab/franka_ros2_ws/install/hand_interfaces/share/ament_index/resource_index/package_run_dependencies/hand_interfaces
-- Installing: /home/adminlab/franka_ros2_ws/install/hand_interfaces/share/ament_index/resource_index/parent_prefix_path/hand_interfaces
-- Installing: /home/adminlab/franka_ros2_ws/install/hand_interfaces/share/hand_interfaces/environment/ament_prefix_path.sh
-- Installing: /home/adminlab/franka_ros2_ws/install/hand_interfaces/share/hand_interfaces/environment/ament_prefix_path.dsv
-- Installing: /home/adminlab/franka_ros2_ws/install/hand_interfaces/share/hand_interfaces/environment/path.sh
-- Installing: /home/adminlab/franka_ros2_ws/install/hand_interfaces/share/hand_interfaces/environment/path.dsv
-- Installing: /home/adminlab/franka_ros2_ws/install/hand_interfaces/share/hand_interfaces/local_setup.bash
-- Installing: /home/adminlab/franka_ros2_ws/install/hand_interfaces/share/hand_interfaces/local_setup.sh
-- Installing: /home/adminlab/franka_ros2_ws/install/hand_interfaces/share/hand_interfaces/local_setup.zsh
-- Installing: /home/adminlab/franka_ros2_ws/install/hand_interfaces/share/hand_interfaces/local_setup.dsv
-- Installing: /home/adminlab/franka_ros2_ws/install/hand_interfaces/share/hand_interfaces/package.dsv
-- Installing: /home/adminlab/franka_ros2_ws/install/hand_interfaces/share/ament_index/resource_index/packages/hand_interfaces
-- Installing: /home/adminlab/franka_ros2_ws/install/hand_interfaces/share/hand_interfaces/cmake/export_hand_interfaces__rosidl_generator_cExport.cmake
-- Installing: /home/adminlab/franka_ros2_ws/install/hand_interfaces/share/hand_interfaces/cmake/export_hand_interfaces__rosidl_generator_cExport-noconfig.cmake
-- Installing: /home/adminlab/franka_ros2_ws/install/hand_interfaces/share/hand_interfaces/cmake/export_hand_interfaces__rosidl_typesupport_fastrtps_cExport.cmake
-- Installing: /home/adminlab/franka_ros2_ws/install/hand_interfaces/share/hand_interfaces/cmake/export_hand_interfaces__rosidl_typesupport_fastrtps_cExport-noconfig.cmake
-- Installing: /home/adminlab/franka_ros2_ws/install/hand_interfaces/share/hand_interfaces/cmake/export_hand_interfaces__rosidl_generator_cppExport.cmake
-- Installing: /home/adminlab/franka_ros2_ws/install/hand_interfaces/share/hand_interfaces/cmake/export_hand_interfaces__rosidl_typesupport_fastrtps_cppExport.cmake
-- Installing: /home/adminlab/franka_ros2_ws/install/hand_interfaces/share/hand_interfaces/cmake/export_hand_interfaces__rosidl_typesupport_fastrtps_cppExport-noconfig.cmake
-- Installing: /home/adminlab/franka_ros2_ws/install/hand_interfaces/share/hand_interfaces/cmake/hand_interfaces__rosidl_typesupport_introspection_cExport.cmake
-- Installing: /home/adminlab/franka_ros2_ws/install/hand_interfaces/share/hand_interfaces/cmake/hand_interfaces__rosidl_typesupport_introspection_cExport-noconfig.cmake
-- Installing: /home/adminlab/franka_ros2_ws/install/hand_interfaces/share/hand_interfaces/cmake/hand_interfaces__rosidl_typesupport_cExport.cmake
-- Installing: /home/adminlab/franka_ros2_ws/install/hand_interfaces/share/hand_interfaces/cmake/hand_interfaces__rosidl_typesupport_cExport-noconfig.cmake
-- Installing: /home/adminlab/franka_ros2_ws/install/hand_interfaces/share/hand_interfaces/cmake/hand_interfaces__rosidl_typesupport_introspection_cppExport.cmake
-- Installing: /home/adminlab/franka_ros2_ws/install/hand_interfaces/share/hand_interfaces/cmake/hand_interfaces__rosidl_typesupport_introspection_cppExport-noconfig.cmake
-- Installing: /home/adminlab/franka_ros2_ws/install/hand_interfaces/share/hand_interfaces/cmake/hand_interfaces__rosidl_typesupport_cppExport.cmake
-- Installing: /home/adminlab/franka_ros2_ws/install/hand_interfaces/share/hand_interfaces/cmake/hand_interfaces__rosidl_typesupport_cppExport-noconfig.cmake
-- Installing: /home/adminlab/franka_ros2_ws/install/hand_interfaces/share/hand_interfaces/cmake/export_hand_interfaces__rosidl_generator_pyExport.cmake
-- Installing: /home/adminlab/franka_ros2_ws/install/hand_interfaces/share/hand_interfaces/cmake/export_hand_interfaces__rosidl_generator_pyExport-noconfig.cmake
-- Installing: /home/adminlab/franka_ros2_ws/install/hand_interfaces/share/hand_interfaces/cmake/rosidl_cmake-extras.cmake
-- Installing: /home/adminlab/franka_ros2_ws/install/hand_interfaces/share/hand_interfaces/cmake/ament_cmake_export_dependencies-extras.cmake
-- Installing: /home/adminlab/franka_ros2_ws/install/hand_interfaces/share/hand_interfaces/cmake/ament_cmake_export_include_directories-extras.cmake
-- Installing: /home/adminlab/franka_ros2_ws/install/hand_interfaces/share/hand_interfaces/cmake/ament_cmake_export_libraries-extras.cmake
-- Installing: /home/adminlab/franka_ros2_ws/install/hand_interfaces/share/hand_interfaces/cmake/ament_cmake_export_targets-extras.cmake
-- Installing: /home/adminlab/franka_ros2_ws/install/hand_interfaces/share/hand_interfaces/cmake/rosidl_cmake_export_typesupport_targets-extras.cmake
-- Installing: /home/adminlab/franka_ros2_ws/install/hand_interfaces/share/hand_interfaces/cmake/rosidl_cmake_export_typesupport_libraries-extras.cmake
-- Installing: /home/adminlab/franka_ros2_ws/install/hand_interfaces/share/hand_interfaces/cmake/hand_interfacesConfig.cmake
-- Installing: /home/adminlab/franka_ros2_ws/install/hand_interfaces/share/hand_interfaces/cmake/hand_interfacesConfig-version.cmake
-- Installing: /home/adminlab/franka_ros2_ws/install/hand_interfaces/share/hand_interfaces/package.xml
