[1.237s] Invoking command in '/home/adminlab/franka_ros2_ws/src/generate_parameter_library/generate_parameter_library_py': PYTHONPATH=/home/adminlab/franka_ros2_ws/build/generate_parameter_library_py/prefix_override:/home/adminlab/franka_ros2_ws/install/generate_parameter_library_py/lib/python3.10/site-packages:${PYTHONPATH} /usr/bin/python3 -W ignore:setup.py install is deprecated setup.py egg_info --egg-base ../../../build/generate_parameter_library_py build --build-base /home/adminlab/franka_ros2_ws/build/generate_parameter_library_py/build install --record /home/adminlab/franka_ros2_ws/build/generate_parameter_library_py/install.log --single-version-externally-managed install_data
[1.566s] running egg_info
[1.566s] writing ../../../build/generate_parameter_library_py/generate_parameter_library_py.egg-info/PKG-INFO
[1.566s] writing dependency_links to ../../../build/generate_parameter_library_py/generate_parameter_library_py.egg-info/dependency_links.txt
[1.566s] writing entry points to ../../../build/generate_parameter_library_py/generate_parameter_library_py.egg-info/entry_points.txt
[1.566s] writing requirements to ../../../build/generate_parameter_library_py/generate_parameter_library_py.egg-info/requires.txt
[1.566s] writing top-level names to ../../../build/generate_parameter_library_py/generate_parameter_library_py.egg-info/top_level.txt
[1.567s] reading manifest file '../../../build/generate_parameter_library_py/generate_parameter_library_py.egg-info/SOURCES.txt'
[1.568s] writing manifest file '../../../build/generate_parameter_library_py/generate_parameter_library_py.egg-info/SOURCES.txt'
[1.568s] running build
[1.568s] running build_py
[1.570s] running install
[1.570s] running install_lib
[1.572s] running install_data
[1.572s] running install_egg_info
[1.573s] removing '/home/adminlab/franka_ros2_ws/install/generate_parameter_library_py/lib/python3.10/site-packages/generate_parameter_library_py-0.3.7-py3.10.egg-info' (and everything under it)
[1.573s] Copying ../../../build/generate_parameter_library_py/generate_parameter_library_py.egg-info to /home/adminlab/franka_ros2_ws/install/generate_parameter_library_py/lib/python3.10/site-packages/generate_parameter_library_py-0.3.7-py3.10.egg-info
[1.574s] running install_scripts
[1.591s] Installing generate_parameter_library_cpp script to /home/adminlab/franka_ros2_ws/install/generate_parameter_library_py/bin
[1.591s] Installing generate_parameter_library_markdown script to /home/adminlab/franka_ros2_ws/install/generate_parameter_library_py/bin
[1.591s] Installing generate_parameter_library_python script to /home/adminlab/franka_ros2_ws/install/generate_parameter_library_py/bin
[1.591s] writing list of installed files to '/home/adminlab/franka_ros2_ws/build/generate_parameter_library_py/install.log'
[1.814s] Invoked command in '/home/adminlab/franka_ros2_ws/src/generate_parameter_library/generate_parameter_library_py' returned '0': PYTHONPATH=/home/adminlab/franka_ros2_ws/build/generate_parameter_library_py/prefix_override:/home/adminlab/franka_ros2_ws/install/generate_parameter_library_py/lib/python3.10/site-packages:${PYTHONPATH} /usr/bin/python3 -W ignore:setup.py install is deprecated setup.py egg_info --egg-base ../../../build/generate_parameter_library_py build --build-base /home/adminlab/franka_ros2_ws/build/generate_parameter_library_py/build install --record /home/adminlab/franka_ros2_ws/build/generate_parameter_library_py/install.log --single-version-externally-managed install_data
