-- Install configuration: ""
-- Up-to-date: /home/adminlab/franka_ros2_ws/install/franka_bringup/share/franka_bringup/config
-- Up-to-date: /home/adminlab/franka_ros2_ws/install/franka_bringup/share/franka_bringup/config/controllers.yaml
-- Up-to-date: /home/adminlab/franka_ros2_ws/install/franka_bringup/share/franka_bringup/launch
-- Up-to-date: /home/adminlab/franka_ros2_ws/install/franka_bringup/share/franka_bringup/launch/gravity_compensation_example_controller.launch.py
-- Up-to-date: /home/adminlab/franka_ros2_ws/install/franka_bringup/share/franka_bringup/launch/joint_impedance_example_controller.launch.py
-- Up-to-date: /home/adminlab/franka_ros2_ws/install/franka_bringup/share/franka_bringup/launch/cartesian_orientation_example_controller.launch.py
-- Up-to-date: /home/adminlab/franka_ros2_ws/install/franka_bringup/share/franka_bringup/launch/cartesian_velocity_example_controller.launch.py
-- Up-to-date: /home/adminlab/franka_ros2_ws/install/franka_bringup/share/franka_bringup/launch/cartesian_elbow_example_controller.launch.py
-- Up-to-date: /home/adminlab/franka_ros2_ws/install/franka_bringup/share/franka_bringup/launch/joint_position_example_controller.launch.py
-- Up-to-date: /home/adminlab/franka_ros2_ws/install/franka_bringup/share/franka_bringup/launch/joint_impedance_with_ik_example_controller.launch.py
-- Up-to-date: /home/adminlab/franka_ros2_ws/install/franka_bringup/share/franka_bringup/launch/cartesian_pose_example_controller.launch.py
-- Up-to-date: /home/adminlab/franka_ros2_ws/install/franka_bringup/share/franka_bringup/launch/joint_velocity_example_controller.launch.py
-- Up-to-date: /home/adminlab/franka_ros2_ws/install/franka_bringup/share/franka_bringup/launch/franka.launch.py
-- Up-to-date: /home/adminlab/franka_ros2_ws/install/franka_bringup/share/franka_bringup/launch/model_example_controller.launch.py
-- Up-to-date: /home/adminlab/franka_ros2_ws/install/franka_bringup/share/franka_bringup/launch/elbow_example_controller.launch.py
-- Up-to-date: /home/adminlab/franka_ros2_ws/install/franka_bringup/share/franka_bringup/launch/move_to_start_example_controller.launch.py
-- Up-to-date: /home/adminlab/franka_ros2_ws/install/franka_bringup/share/ament_index/resource_index/package_run_dependencies/franka_bringup
-- Up-to-date: /home/adminlab/franka_ros2_ws/install/franka_bringup/share/ament_index/resource_index/parent_prefix_path/franka_bringup
-- Up-to-date: /home/adminlab/franka_ros2_ws/install/franka_bringup/share/franka_bringup/environment/ament_prefix_path.sh
-- Up-to-date: /home/adminlab/franka_ros2_ws/install/franka_bringup/share/franka_bringup/environment/ament_prefix_path.dsv
-- Up-to-date: /home/adminlab/franka_ros2_ws/install/franka_bringup/share/franka_bringup/environment/path.sh
-- Up-to-date: /home/adminlab/franka_ros2_ws/install/franka_bringup/share/franka_bringup/environment/path.dsv
-- Up-to-date: /home/adminlab/franka_ros2_ws/install/franka_bringup/share/franka_bringup/local_setup.bash
-- Up-to-date: /home/adminlab/franka_ros2_ws/install/franka_bringup/share/franka_bringup/local_setup.sh
-- Up-to-date: /home/adminlab/franka_ros2_ws/install/franka_bringup/share/franka_bringup/local_setup.zsh
-- Up-to-date: /home/adminlab/franka_ros2_ws/install/franka_bringup/share/franka_bringup/local_setup.dsv
-- Installing: /home/adminlab/franka_ros2_ws/install/franka_bringup/share/franka_bringup/package.dsv
-- Up-to-date: /home/adminlab/franka_ros2_ws/install/franka_bringup/share/ament_index/resource_index/packages/franka_bringup
-- Up-to-date: /home/adminlab/franka_ros2_ws/install/franka_bringup/share/franka_bringup/cmake/franka_bringupConfig.cmake
-- Up-to-date: /home/adminlab/franka_ros2_ws/install/franka_bringup/share/franka_bringup/cmake/franka_bringupConfig-version.cmake
-- Up-to-date: /home/adminlab/franka_ros2_ws/install/franka_bringup/share/franka_bringup/package.xml
