[0.484s] Invoking command in '/home/adminlab/franka_ros2_ws/build/librealsense2': CMAKE_PREFIX_PATH=/opt/ros/humble /usr/bin/cmake --build /home/adminlab/franka_ros2_ws/build/librealsense2 -- -j16 -l16
[0.553s] [  3%] Built target libcurl
[0.576s] [  3%] Built target fw
[0.577s] [  4%] Built target rs-embed
[0.610s] [ 10%] Built target rsutils
[0.639s] [ 15%] Built target realsense-file
[0.760s] [ 53%] Built target realsense2
[0.786s] [ 57%] Built target realsense2-gl
[0.809s] [ 59%] Built target rs-post-processing
[0.830s] [ 61%] Built target rs-record-playback
[0.854s] [ 62%] Built target rs-motion
[0.876s] [ 63%] Built target rs-gl
[0.897s] [ 64%] Built target rs-hdr
[0.916s] [ 65%] Built target rs-convert
[0.930s] [ 65%] Built target rs-enumerate-devices
[0.949s] [ 66%] Built target rs-fw-logger
[0.971s] [ 66%] Built target rs-terminal
[0.992s] [ 66%] Built target rs-record
[1.011s] [ 66%] Built target rs-fw-update
[1.029s] [ 66%] Built target rs-data-collect
[1.070s] [ 76%] Built target realsense-viewer
[1.112s] [ 86%] Built target rs-depth-quality
[1.132s] [ 88%] Built target rs-rosbag-inspector
[1.154s] [ 89%] Built target rs-benchmark
[1.180s] [ 90%] Built target rs-align-gl
[1.190s] [ 90%] Built target rs-distance
[1.206s] [ 91%] Built target rs-color
[1.219s] [ 92%] Built target rs-depth
[1.237s] [ 92%] Built target rs-measure
[1.255s] [ 92%] Built target rs-sensor-control
[1.275s] [ 93%] Built target rs-align-advanced
[1.290s] [ 95%] Built target rs-align
[1.304s] [ 95%] Built target rs-pointcloud
[1.317s] [ 96%] Built target rs-multicam
[1.330s] [ 97%] Built target rs-save-to-disk
[1.342s] [ 98%] Built target rs-callback
[1.355s] [ 98%] Built target rs-capture
[1.372s] [ 99%] Built target rs-software-device
[1.401s] [100%] Built target rs-hello-realsense
[1.431s] Invoked command in '/home/adminlab/franka_ros2_ws/build/librealsense2' returned '0': CMAKE_PREFIX_PATH=/opt/ros/humble /usr/bin/cmake --build /home/adminlab/franka_ros2_ws/build/librealsense2 -- -j16 -l16
[1.652s] Invoking command in '/home/adminlab/franka_ros2_ws/build/librealsense2': CMAKE_PREFIX_PATH=/opt/ros/humble /usr/bin/cmake --install /home/adminlab/franka_ros2_ws/build/librealsense2
[1.661s] -- Install configuration: "Release"
[1.661s] -- Up-to-date: /home/adminlab/franka_ros2_ws/install/librealsense2/lib/librealsense2.so.2.55.1
[1.661s] -- Up-to-date: /home/adminlab/franka_ros2_ws/install/librealsense2/lib/librealsense2.so.2.55
[1.661s] -- Up-to-date: /home/adminlab/franka_ros2_ws/install/librealsense2/lib/librealsense2.so
[1.661s] -- Up-to-date: /home/adminlab/franka_ros2_ws/install/librealsense2/include/librealsense2
[1.661s] -- Up-to-date: /home/adminlab/franka_ros2_ws/install/librealsense2/include/librealsense2/h
[1.661s] -- Up-to-date: /home/adminlab/franka_ros2_ws/install/librealsense2/include/librealsense2/h/rs_advanced_mode_command.h
[1.662s] -- Up-to-date: /home/adminlab/franka_ros2_ws/install/librealsense2/include/librealsense2/h/rs_processing.h
[1.662s] -- Up-to-date: /home/adminlab/franka_ros2_ws/install/librealsense2/include/librealsense2/h/rs_pipeline.h
[1.662s] -- Up-to-date: /home/adminlab/franka_ros2_ws/install/librealsense2/include/librealsense2/h/rs_config.h
[1.662s] -- Up-to-date: /home/adminlab/franka_ros2_ws/install/librealsense2/include/librealsense2/h/rs_device.h
[1.662s] -- Up-to-date: /home/adminlab/franka_ros2_ws/install/librealsense2/include/librealsense2/h/rs_record_playback.h
[1.662s] -- Up-to-date: /home/adminlab/franka_ros2_ws/install/librealsense2/include/librealsense2/h/rs_internal.h
[1.662s] -- Up-to-date: /home/adminlab/franka_ros2_ws/install/librealsense2/include/librealsense2/h/rs_types.h
[1.662s] -- Up-to-date: /home/adminlab/franka_ros2_ws/install/librealsense2/include/librealsense2/h/rs_option.h
[1.662s] -- Up-to-date: /home/adminlab/franka_ros2_ws/install/librealsense2/include/librealsense2/h/rs_context.h
[1.662s] -- Up-to-date: /home/adminlab/franka_ros2_ws/install/librealsense2/include/librealsense2/h/rs_sensor.h
[1.662s] -- Up-to-date: /home/adminlab/franka_ros2_ws/install/librealsense2/include/librealsense2/h/rs_frame.h
[1.662s] -- Up-to-date: /home/adminlab/franka_ros2_ws/install/librealsense2/include/librealsense2/rs_advanced_mode.h
[1.662s] -- Up-to-date: /home/adminlab/franka_ros2_ws/install/librealsense2/include/librealsense2/rs.hpp
[1.662s] -- Up-to-date: /home/adminlab/franka_ros2_ws/install/librealsense2/include/librealsense2/hpp
[1.662s] -- Up-to-date: /home/adminlab/franka_ros2_ws/install/librealsense2/include/librealsense2/hpp/rs_internal.hpp
[1.662s] -- Up-to-date: /home/adminlab/franka_ros2_ws/install/librealsense2/include/librealsense2/hpp/rs_pipeline.hpp
[1.662s] -- Up-to-date: /home/adminlab/franka_ros2_ws/install/librealsense2/include/librealsense2/hpp/rs_export.hpp
[1.662s] -- Up-to-date: /home/adminlab/franka_ros2_ws/install/librealsense2/include/librealsense2/hpp/rs_types.hpp
[1.662s] -- Up-to-date: /home/adminlab/franka_ros2_ws/install/librealsense2/include/librealsense2/hpp/rs_record_playback.hpp
[1.662s] -- Up-to-date: /home/adminlab/franka_ros2_ws/install/librealsense2/include/librealsense2/hpp/rs_serializable_device.hpp
[1.662s] -- Up-to-date: /home/adminlab/franka_ros2_ws/install/librealsense2/include/librealsense2/hpp/rs_options.hpp
[1.662s] -- Up-to-date: /home/adminlab/franka_ros2_ws/install/librealsense2/include/librealsense2/hpp/rs_processing.hpp
[1.662s] -- Up-to-date: /home/adminlab/franka_ros2_ws/install/librealsense2/include/librealsense2/hpp/rs_sensor.hpp
[1.662s] -- Up-to-date: /home/adminlab/franka_ros2_ws/install/librealsense2/include/librealsense2/hpp/rs_context.hpp
[1.662s] -- Up-to-date: /home/adminlab/franka_ros2_ws/install/librealsense2/include/librealsense2/hpp/rs_frame.hpp
[1.662s] -- Up-to-date: /home/adminlab/franka_ros2_ws/install/librealsense2/include/librealsense2/hpp/rs_device.hpp
[1.662s] -- Up-to-date: /home/adminlab/franka_ros2_ws/install/librealsense2/include/librealsense2/rsutil.h
[1.662s] -- Up-to-date: /home/adminlab/franka_ros2_ws/install/librealsense2/include/librealsense2/rs_advanced_mode.hpp
[1.662s] -- Up-to-date: /home/adminlab/franka_ros2_ws/install/librealsense2/include/librealsense2/rs.h
[1.662s] -- Up-to-date: /home/adminlab/franka_ros2_ws/install/librealsense2/lib/cmake/realsense2/realsense2Targets.cmake
[1.662s] -- Up-to-date: /home/adminlab/franka_ros2_ws/install/librealsense2/lib/cmake/realsense2/realsense2Targets-release.cmake
[1.662s] -- Up-to-date: /home/adminlab/franka_ros2_ws/install/librealsense2/lib/cmake/realsense2/realsense2Config.cmake
[1.662s] -- Up-to-date: /home/adminlab/franka_ros2_ws/install/librealsense2/lib/cmake/realsense2/realsense2ConfigVersion.cmake
[1.663s] -- Up-to-date: /home/adminlab/franka_ros2_ws/install/librealsense2/lib/pkgconfig/realsense2.pc
[2.249s] /sbin/ldconfig.real: Can't create temporary cache file /etc/ld.so.cache~: Permission denied
[2.252s] -- Up-to-date: /home/adminlab/franka_ros2_ws/install/librealsense2/lib/librsutils.a
[2.252s] -- Up-to-date: /home/adminlab/franka_ros2_ws/install/librealsense2/lib/librealsense-file.a
[2.252s] -- Up-to-date: /home/adminlab/franka_ros2_ws/install/librealsense2/lib/librealsense2-gl.so.2.55.1
[2.253s] -- Up-to-date: /home/adminlab/franka_ros2_ws/install/librealsense2/lib/librealsense2-gl.so.2.55
[2.253s] -- Up-to-date: /home/adminlab/franka_ros2_ws/install/librealsense2/lib/librealsense2-gl.so
[2.253s] -- Up-to-date: /home/adminlab/franka_ros2_ws/install/librealsense2/include/librealsense2-gl/rs_processing_gl.h
[2.253s] -- Up-to-date: /home/adminlab/franka_ros2_ws/install/librealsense2/include/librealsense2-gl/rs_processing_gl.hpp
[2.253s] -- Up-to-date: /home/adminlab/franka_ros2_ws/install/librealsense2/lib/cmake/realsense2-gl/realsense2-glTargets.cmake
[2.253s] -- Up-to-date: /home/adminlab/franka_ros2_ws/install/librealsense2/lib/cmake/realsense2-gl/realsense2-glTargets-release.cmake
[2.253s] -- Up-to-date: /home/adminlab/franka_ros2_ws/install/librealsense2/lib/cmake/realsense2-gl/realsense2-glConfig.cmake
[2.253s] -- Up-to-date: /home/adminlab/franka_ros2_ws/install/librealsense2/lib/cmake/realsense2-gl/realsense2-glConfigVersion.cmake
[2.253s] -- Up-to-date: /home/adminlab/franka_ros2_ws/install/librealsense2/lib/pkgconfig/realsense2-gl.pc
[2.308s] /sbin/ldconfig.real: Can't create temporary cache file /etc/ld.so.cache~: Permission denied
[2.309s] -- Up-to-date: /home/adminlab/franka_ros2_ws/install/librealsense2/bin/rs-hello-realsense
[2.310s] -- Up-to-date: /home/adminlab/franka_ros2_ws/install/librealsense2/bin/rs-software-device
[2.310s] -- Up-to-date: /home/adminlab/franka_ros2_ws/install/librealsense2/bin/rs-capture
[2.311s] -- Up-to-date: /home/adminlab/franka_ros2_ws/install/librealsense2/bin/rs-callback
[2.313s] -- Up-to-date: /home/adminlab/franka_ros2_ws/install/librealsense2/bin/rs-save-to-disk
[2.313s] -- Up-to-date: /home/adminlab/franka_ros2_ws/install/librealsense2/bin/rs-multicam
[2.313s] -- Up-to-date: /home/adminlab/franka_ros2_ws/install/librealsense2/bin/rs-pointcloud
[2.314s] -- Up-to-date: /home/adminlab/franka_ros2_ws/install/librealsense2/bin/rs-align
[2.315s] -- Up-to-date: /home/adminlab/franka_ros2_ws/install/librealsense2/bin/rs-align-gl
[2.316s] -- Up-to-date: /home/adminlab/franka_ros2_ws/install/librealsense2/bin/rs-align-advanced
[2.316s] -- Up-to-date: /home/adminlab/franka_ros2_ws/install/librealsense2/bin/rs-sensor-control
[2.317s] -- Up-to-date: /home/adminlab/franka_ros2_ws/install/librealsense2/bin/rs-measure
[2.318s] -- Up-to-date: /home/adminlab/franka_ros2_ws/install/librealsense2/bin/rs-depth
[2.318s] -- Up-to-date: /home/adminlab/franka_ros2_ws/install/librealsense2/bin/rs-color
[2.319s] -- Up-to-date: /home/adminlab/franka_ros2_ws/install/librealsense2/bin/rs-distance
[2.319s] -- Up-to-date: /home/adminlab/franka_ros2_ws/install/librealsense2/bin/rs-post-processing
[2.320s] -- Up-to-date: /home/adminlab/franka_ros2_ws/install/librealsense2/bin/rs-record-playback
[2.321s] -- Up-to-date: /home/adminlab/franka_ros2_ws/install/librealsense2/bin/rs-motion
[2.322s] -- Up-to-date: /home/adminlab/franka_ros2_ws/install/librealsense2/bin/rs-gl
[2.323s] -- Up-to-date: /home/adminlab/franka_ros2_ws/install/librealsense2/bin/rs-hdr
[2.324s] -- Up-to-date: /home/adminlab/franka_ros2_ws/install/librealsense2/bin/rs-convert
[2.324s] -- Up-to-date: /home/adminlab/franka_ros2_ws/install/librealsense2/bin/rs-enumerate-devices
[2.325s] -- Up-to-date: /home/adminlab/franka_ros2_ws/install/librealsense2/bin/rs-fw-logger
[2.326s] -- Up-to-date: /home/adminlab/franka_ros2_ws/install/librealsense2/bin/rs-terminal
[2.326s] -- Up-to-date: /home/adminlab/franka_ros2_ws/install/librealsense2/bin/rs-record
[2.327s] -- Up-to-date: /home/adminlab/franka_ros2_ws/install/librealsense2/bin/rs-fw-update
[2.328s] -- Up-to-date: /home/adminlab/franka_ros2_ws/install/librealsense2/bin/rs-embed
[2.329s] -- Up-to-date: /home/adminlab/franka_ros2_ws/install/librealsense2/bin/rs-data-collect
[2.329s] -- Up-to-date: /home/adminlab/franka_ros2_ws/install/librealsense2/bin/realsense-viewer
[2.330s] -- Up-to-date: /home/adminlab/Documents/librealsense2/presets
[2.330s] -- Up-to-date: /home/adminlab/Documents/librealsense2/presets/sample.preset
[2.331s] -- Up-to-date: /home/adminlab/franka_ros2_ws/install/librealsense2/bin/rs-depth-quality
[2.332s] -- Up-to-date: /home/adminlab/franka_ros2_ws/install/librealsense2/bin/rs-rosbag-inspector
[2.333s] -- Up-to-date: /home/adminlab/franka_ros2_ws/install/librealsense2/bin/rs-benchmark
[2.334s] -- Up-to-date: /home/adminlab/franka_ros2_ws/install/librealsense2/lib/libfw.a
[2.336s] Invoked command in '/home/adminlab/franka_ros2_ws/build/librealsense2' returned '0': CMAKE_PREFIX_PATH=/opt/ros/humble /usr/bin/cmake --install /home/adminlab/franka_ros2_ws/build/librealsense2
