-- The C compiler identification is GNU 11.4.0
-- The CXX compiler identification is GNU 11.4.0
-- Detecting C compiler ABI info
-- Detecting C compiler ABI info - done
-- Check for working C compiler: /usr/bin/cc - skipped
-- Detecting C compile features
-- Detecting C compile features - done
-- Detecting CXX compiler ABI info
-- Detecting CXX compiler ABI info - done
-- Check for working CXX compiler: /usr/bin/c++ - skipped
-- Detecting CXX compile features
-- Detecting CXX compile features - done
-- Found moveit_common: 2.5.5 (/home/adminlab/franka_ros2_ws/install/moveit_common/share/moveit_common/cmake)
-- Found ament_cmake: 1.3.9 (/opt/ros/humble/share/ament_cmake/cmake)
-- Found Python3: /usr/bin/python3 (found version "3.10.12") found components: Interpreter 
-- Found libdw: /usr/lib/x86_64-linux-gnu/libdw.so  
-- Could NOT find libbfd (missing: LIBBFD_LIBRARY LIBBFD_INCLUDE_DIR) 
-- BACKWARD_HAS_UNWIND=1
-- BACKWARD_HAS_BACKTRACE=0
-- BACKWARD_HAS_BACKTRACE_SYMBOL=0
-- BACKWARD_HAS_DW=1
-- BACKWARD_HAS_BFD=0
-- Found Backward: /opt/ros/humble/share/backward_ros/cmake  
[0mmoveit_planners_chomp: You did not request a specific build type: Choosing 'Release' for maximum performance[0m
-- Found moveit_core: 2.5.5 (/home/adminlab/franka_ros2_ws/install/moveit_core/share/moveit_core/cmake)
-- Found Boost: /usr/lib/x86_64-linux-gnu/cmake/Boost-1.74.0/BoostConfig.cmake (found version "1.74.0") found components: chrono date_time filesystem iostreams program_options regex serialization system thread 
-- Found parameter_traits: 0.3.7 (/home/adminlab/franka_ros2_ws/install/parameter_traits/share/parameter_traits/cmake)
-- Found rosidl_generator_c: 3.1.5 (/opt/ros/humble/share/rosidl_generator_c/cmake)
-- Found rosidl_adapter: 3.1.5 (/opt/ros/humble/share/rosidl_adapter/cmake)
-- Found rosidl_generator_cpp: 3.1.5 (/opt/ros/humble/share/rosidl_generator_cpp/cmake)
-- Using all available rosidl_typesupport_c: rosidl_typesupport_fastrtps_c;rosidl_typesupport_introspection_c
-- Using all available rosidl_typesupport_cpp: rosidl_typesupport_fastrtps_cpp;rosidl_typesupport_introspection_cpp
-- Found rmw_implementation_cmake: 6.1.2 (/opt/ros/humble/share/rmw_implementation_cmake/cmake)
-- Found rmw_fastrtps_cpp: 6.2.6 (/opt/ros/humble/share/rmw_fastrtps_cpp/cmake)
-- Found OpenSSL: /usr/lib/x86_64-linux-gnu/libcrypto.so (found version "3.0.2")  
-- Found FastRTPS: /opt/ros/humble/include  
-- Using RMW implementation 'rmw_fastrtps_cpp' as default
-- Found Threads: TRUE  
-- Found Eigen3: TRUE (found version "3.4.0") 
-- Found rclcpp_lifecycle: 16.0.9 (/opt/ros/humble/share/rclcpp_lifecycle/cmake)
-- Found Boost: /usr/lib/x86_64-linux-gnu/cmake/Boost-1.74.0/BoostConfig.cmake (found version "1.74.0") found components: filesystem 
-- library: /usr/lib/x86_64-linux-gnu/libcurl.so
-- Ensuring Eigen3 include directory is part of orocos-kdl CMake target
-- Found chomp_motion_planner: 2.5.5 (/home/adminlab/franka_ros2_ws/install/chomp_motion_planner/share/chomp_motion_planner/cmake)
-- Found ament_lint_auto: 0.12.11 (/opt/ros/humble/share/ament_lint_auto/cmake)
-- Added test 'cppcheck' to perform static code analysis on C / C++ code
-- Configured cppcheck include dirs: /home/adminlab/franka_ros2_ws/src/moveit2/moveit_planners/chomp/chomp_interface/include
-- Configured cppcheck exclude dirs and/or files: 
-- Added test 'xmllint' to check XML markup files
-- Configuring done
-- Generating done
-- Build files have been written to: /home/adminlab/franka_ros2_ws/build/moveit_planners_chomp
[ 20%] [32mBuilding CXX object CMakeFiles/moveit_chomp_interface.dir/src/chomp_interface.cpp.o[0m
[ 40%] [32mBuilding CXX object CMakeFiles/moveit_chomp_interface.dir/src/chomp_planning_context.cpp.o[0m
[ 60%] [32m[1mLinking CXX shared library libmoveit_chomp_interface.so[0m
[ 60%] Built target moveit_chomp_interface
[ 80%] [32mBuilding CXX object CMakeFiles/moveit_chomp_planner_plugin.dir/src/chomp_plugin.cpp.o[0m
[100%] [32m[1mLinking CXX shared library libmoveit_chomp_planner_plugin.so[0m
[100%] Built target moveit_chomp_planner_plugin
-- Install configuration: "Release"
-- Installing: /home/adminlab/franka_ros2_ws/install/moveit_planners_chomp/lib/libmoveit_chomp_interface.so.2.5.5
-- Set runtime path of "/home/adminlab/franka_ros2_ws/install/moveit_planners_chomp/lib/libmoveit_chomp_interface.so.2.5.5" to ""
-- Installing: /home/adminlab/franka_ros2_ws/install/moveit_planners_chomp/lib/libmoveit_chomp_interface.so
-- Installing: /home/adminlab/franka_ros2_ws/install/moveit_planners_chomp/lib/libmoveit_chomp_planner_plugin.so
-- Set runtime path of "/home/adminlab/franka_ros2_ws/install/moveit_planners_chomp/lib/libmoveit_chomp_planner_plugin.so" to ""
-- Installing: /home/adminlab/franka_ros2_ws/install/moveit_planners_chomp/share/moveit_planners_chomp/environment/library_path.sh
-- Installing: /home/adminlab/franka_ros2_ws/install/moveit_planners_chomp/share/moveit_planners_chomp/environment/library_path.dsv
-- Installing: /home/adminlab/franka_ros2_ws/install/moveit_planners_chomp/share/moveit_planners_chomp/chomp_interface_plugin_description.xml
-- Installing: /home/adminlab/franka_ros2_ws/install/moveit_planners_chomp/share/ament_index/resource_index/package_run_dependencies/moveit_planners_chomp
-- Installing: /home/adminlab/franka_ros2_ws/install/moveit_planners_chomp/share/ament_index/resource_index/parent_prefix_path/moveit_planners_chomp
-- Installing: /home/adminlab/franka_ros2_ws/install/moveit_planners_chomp/share/moveit_planners_chomp/environment/ament_prefix_path.sh
-- Installing: /home/adminlab/franka_ros2_ws/install/moveit_planners_chomp/share/moveit_planners_chomp/environment/ament_prefix_path.dsv
-- Installing: /home/adminlab/franka_ros2_ws/install/moveit_planners_chomp/share/moveit_planners_chomp/environment/path.sh
-- Installing: /home/adminlab/franka_ros2_ws/install/moveit_planners_chomp/share/moveit_planners_chomp/environment/path.dsv
-- Installing: /home/adminlab/franka_ros2_ws/install/moveit_planners_chomp/share/moveit_planners_chomp/local_setup.bash
-- Installing: /home/adminlab/franka_ros2_ws/install/moveit_planners_chomp/share/moveit_planners_chomp/local_setup.sh
-- Installing: /home/adminlab/franka_ros2_ws/install/moveit_planners_chomp/share/moveit_planners_chomp/local_setup.zsh
-- Installing: /home/adminlab/franka_ros2_ws/install/moveit_planners_chomp/share/moveit_planners_chomp/local_setup.dsv
-- Installing: /home/adminlab/franka_ros2_ws/install/moveit_planners_chomp/share/moveit_planners_chomp/package.dsv
-- Installing: /home/adminlab/franka_ros2_ws/install/moveit_planners_chomp/share/ament_index/resource_index/packages/moveit_planners_chomp
-- Installing: /home/adminlab/franka_ros2_ws/install/moveit_planners_chomp/share/ament_index/resource_index/moveit_core__pluginlib__plugin/moveit_planners_chomp
-- Installing: /home/adminlab/franka_ros2_ws/install/moveit_planners_chomp/share/moveit_planners_chomp/cmake/moveit_planners_chompTargetsExport.cmake
-- Installing: /home/adminlab/franka_ros2_ws/install/moveit_planners_chomp/share/moveit_planners_chomp/cmake/moveit_planners_chompTargetsExport-release.cmake
-- Installing: /home/adminlab/franka_ros2_ws/install/moveit_planners_chomp/share/moveit_planners_chomp/cmake/ament_cmake_export_targets-extras.cmake
-- Installing: /home/adminlab/franka_ros2_ws/install/moveit_planners_chomp/share/moveit_planners_chomp/cmake/ament_cmake_export_dependencies-extras.cmake
-- Installing: /home/adminlab/franka_ros2_ws/install/moveit_planners_chomp/share/moveit_planners_chomp/cmake/moveit_planners_chompConfig.cmake
-- Installing: /home/adminlab/franka_ros2_ws/install/moveit_planners_chomp/share/moveit_planners_chomp/cmake/moveit_planners_chompConfig-version.cmake
-- Installing: /home/adminlab/franka_ros2_ws/install/moveit_planners_chomp/share/moveit_planners_chomp/package.xml
