[100%] Built target admittance_parameters
[100%] Built target ament_cmake_python_copy_cmake_generate_parameter_module_example
running egg_info
writing cmake_generate_parameter_module_example.egg-info/PKG-INFO
writing dependency_links to cmake_generate_parameter_module_example.egg-info/dependency_links.txt
writing top-level names to cmake_generate_parameter_module_example.egg-info/top_level.txt
reading manifest file 'cmake_generate_parameter_module_example.egg-info/SOURCES.txt'
writing manifest file 'cmake_generate_parameter_module_example.egg-info/SOURCES.txt'
[100%] Built target ament_cmake_python_build_cmake_generate_parameter_module_example_egg
-- Install configuration: "Debug"
-- Up-to-date: /home/adminlab/franka_ros2_ws/install/cmake_generate_parameter_module_example/share/cmake_generate_parameter_module_example/environment/pythonpath.sh
-- Up-to-date: /home/adminlab/franka_ros2_ws/install/cmake_generate_parameter_module_example/share/cmake_generate_parameter_module_example/environment/pythonpath.dsv
-- Up-to-date: /home/adminlab/franka_ros2_ws/install/cmake_generate_parameter_module_example/local/lib/python3.10/dist-packages/cmake_generate_parameter_module_example-0.3.7-py3.10.egg-info
-- Installing: /home/adminlab/franka_ros2_ws/install/cmake_generate_parameter_module_example/local/lib/python3.10/dist-packages/cmake_generate_parameter_module_example-0.3.7-py3.10.egg-info/dependency_links.txt
-- Installing: /home/adminlab/franka_ros2_ws/install/cmake_generate_parameter_module_example/local/lib/python3.10/dist-packages/cmake_generate_parameter_module_example-0.3.7-py3.10.egg-info/SOURCES.txt
-- Installing: /home/adminlab/franka_ros2_ws/install/cmake_generate_parameter_module_example/local/lib/python3.10/dist-packages/cmake_generate_parameter_module_example-0.3.7-py3.10.egg-info/top_level.txt
-- Installing: /home/adminlab/franka_ros2_ws/install/cmake_generate_parameter_module_example/local/lib/python3.10/dist-packages/cmake_generate_parameter_module_example-0.3.7-py3.10.egg-info/PKG-INFO
-- Up-to-date: /home/adminlab/franka_ros2_ws/install/cmake_generate_parameter_module_example/local/lib/python3.10/dist-packages/cmake_generate_parameter_module_example
-- Up-to-date: /home/adminlab/franka_ros2_ws/install/cmake_generate_parameter_module_example/local/lib/python3.10/dist-packages/cmake_generate_parameter_module_example/__init__.py
-- Up-to-date: /home/adminlab/franka_ros2_ws/install/cmake_generate_parameter_module_example/local/lib/python3.10/dist-packages/cmake_generate_parameter_module_example/custom_validation.py
-- Up-to-date: /home/adminlab/franka_ros2_ws/install/cmake_generate_parameter_module_example/local/lib/python3.10/dist-packages/cmake_generate_parameter_module_example/parameters.yaml
-- Up-to-date: /home/adminlab/franka_ros2_ws/install/cmake_generate_parameter_module_example/local/lib/python3.10/dist-packages/cmake_generate_parameter_module_example/minimal_publisher.py
Listing '/home/adminlab/franka_ros2_ws/install/cmake_generate_parameter_module_example/local/lib/python3.10/dist-packages/cmake_generate_parameter_module_example'...
-- Up-to-date: /home/adminlab/franka_ros2_ws/install/cmake_generate_parameter_module_example/share/ament_index/resource_index/package_run_dependencies/cmake_generate_parameter_module_example
-- Up-to-date: /home/adminlab/franka_ros2_ws/install/cmake_generate_parameter_module_example/share/ament_index/resource_index/parent_prefix_path/cmake_generate_parameter_module_example
-- Up-to-date: /home/adminlab/franka_ros2_ws/install/cmake_generate_parameter_module_example/share/cmake_generate_parameter_module_example/environment/ament_prefix_path.sh
-- Up-to-date: /home/adminlab/franka_ros2_ws/install/cmake_generate_parameter_module_example/share/cmake_generate_parameter_module_example/environment/ament_prefix_path.dsv
-- Up-to-date: /home/adminlab/franka_ros2_ws/install/cmake_generate_parameter_module_example/share/cmake_generate_parameter_module_example/environment/path.sh
-- Up-to-date: /home/adminlab/franka_ros2_ws/install/cmake_generate_parameter_module_example/share/cmake_generate_parameter_module_example/environment/path.dsv
-- Up-to-date: /home/adminlab/franka_ros2_ws/install/cmake_generate_parameter_module_example/share/cmake_generate_parameter_module_example/local_setup.bash
-- Up-to-date: /home/adminlab/franka_ros2_ws/install/cmake_generate_parameter_module_example/share/cmake_generate_parameter_module_example/local_setup.sh
-- Up-to-date: /home/adminlab/franka_ros2_ws/install/cmake_generate_parameter_module_example/share/cmake_generate_parameter_module_example/local_setup.zsh
-- Up-to-date: /home/adminlab/franka_ros2_ws/install/cmake_generate_parameter_module_example/share/cmake_generate_parameter_module_example/local_setup.dsv
-- Installing: /home/adminlab/franka_ros2_ws/install/cmake_generate_parameter_module_example/share/cmake_generate_parameter_module_example/package.dsv
-- Up-to-date: /home/adminlab/franka_ros2_ws/install/cmake_generate_parameter_module_example/share/ament_index/resource_index/packages/cmake_generate_parameter_module_example
-- Up-to-date: /home/adminlab/franka_ros2_ws/install/cmake_generate_parameter_module_example/share/cmake_generate_parameter_module_example/cmake/cmake_generate_parameter_module_exampleConfig.cmake
-- Up-to-date: /home/adminlab/franka_ros2_ws/install/cmake_generate_parameter_module_example/share/cmake_generate_parameter_module_example/cmake/cmake_generate_parameter_module_exampleConfig-version.cmake
-- Up-to-date: /home/adminlab/franka_ros2_ws/install/cmake_generate_parameter_module_example/share/cmake_generate_parameter_module_example/package.xml
