[ 10%] Built target moveit_lazy_free_space_updater
[ 20%] Built target moveit_semantic_world
[ 50%] Built target moveit_mesh_filter
[ 60%] Built target moveit_point_containment_filter
[ 70%] Built target moveit_depth_image_octomap_updater_core
[ 80%] Built target moveit_pointcloud_octomap_updater_core
[ 90%] Built target moveit_depth_image_octomap_updater
[100%] Built target moveit_pointcloud_octomap_updater
-- Install configuration: "Release"
-- Up-to-date: /home/adminlab/franka_ros2_ws/install/moveit_ros_perception/include
-- Up-to-date: /home/adminlab/franka_ros2_ws/install/moveit_ros_perception/include/moveit
-- Up-to-date: /home/adminlab/franka_ros2_ws/install/moveit_ros_perception/include/moveit/lazy_free_space_updater
-- Up-to-date: /home/adminlab/franka_ros2_ws/install/moveit_ros_perception/include/moveit/lazy_free_space_updater/lazy_free_space_updater.h
-- Up-to-date: /home/adminlab/franka_ros2_ws/install/moveit_ros_perception/include
-- Up-to-date: /home/adminlab/franka_ros2_ws/install/moveit_ros_perception/include/moveit
-- Up-to-date: /home/adminlab/franka_ros2_ws/install/moveit_ros_perception/include/moveit/point_containment_filter
-- Up-to-date: /home/adminlab/franka_ros2_ws/install/moveit_ros_perception/include/moveit/point_containment_filter/shape_mask.h
-- Up-to-date: /home/adminlab/franka_ros2_ws/install/moveit_ros_perception/include
-- Up-to-date: /home/adminlab/franka_ros2_ws/install/moveit_ros_perception/include/moveit
-- Up-to-date: /home/adminlab/franka_ros2_ws/install/moveit_ros_perception/include/moveit/pointcloud_octomap_updater
-- Up-to-date: /home/adminlab/franka_ros2_ws/install/moveit_ros_perception/include/moveit/pointcloud_octomap_updater/pointcloud_octomap_updater.h
-- Up-to-date: /home/adminlab/franka_ros2_ws/install/moveit_ros_perception/include
-- Up-to-date: /home/adminlab/franka_ros2_ws/install/moveit_ros_perception/include/moveit
-- Up-to-date: /home/adminlab/franka_ros2_ws/install/moveit_ros_perception/include/moveit/mesh_filter
-- Up-to-date: /home/adminlab/franka_ros2_ws/install/moveit_ros_perception/include/moveit/mesh_filter/transform_provider.h
-- Up-to-date: /home/adminlab/franka_ros2_ws/install/moveit_ros_perception/include/moveit/mesh_filter/gl_renderer.h
-- Up-to-date: /home/adminlab/franka_ros2_ws/install/moveit_ros_perception/include/moveit/mesh_filter/filter_job.h
-- Up-to-date: /home/adminlab/franka_ros2_ws/install/moveit_ros_perception/include/moveit/mesh_filter/depth_self_filter_nodelet.h
-- Up-to-date: /home/adminlab/franka_ros2_ws/install/moveit_ros_perception/include/moveit/mesh_filter/mesh_filter.h
-- Up-to-date: /home/adminlab/franka_ros2_ws/install/moveit_ros_perception/include/moveit/mesh_filter/gl_mesh.h
-- Up-to-date: /home/adminlab/franka_ros2_ws/install/moveit_ros_perception/include/moveit/mesh_filter/sensor_model.h
-- Up-to-date: /home/adminlab/franka_ros2_ws/install/moveit_ros_perception/include/moveit/mesh_filter/stereo_camera_model.h
-- Up-to-date: /home/adminlab/franka_ros2_ws/install/moveit_ros_perception/include/moveit/mesh_filter/mesh_filter_base.h
-- Up-to-date: /home/adminlab/franka_ros2_ws/install/moveit_ros_perception/include/moveit_mesh_filter_export.h
-- Up-to-date: /home/adminlab/franka_ros2_ws/install/moveit_ros_perception/include
-- Up-to-date: /home/adminlab/franka_ros2_ws/install/moveit_ros_perception/include/moveit
-- Up-to-date: /home/adminlab/franka_ros2_ws/install/moveit_ros_perception/include/moveit/depth_image_octomap_updater
-- Up-to-date: /home/adminlab/franka_ros2_ws/install/moveit_ros_perception/include/moveit/depth_image_octomap_updater/depth_image_octomap_updater.h
-- Up-to-date: /home/adminlab/franka_ros2_ws/install/moveit_ros_perception/include
-- Up-to-date: /home/adminlab/franka_ros2_ws/install/moveit_ros_perception/include/moveit
-- Up-to-date: /home/adminlab/franka_ros2_ws/install/moveit_ros_perception/include/moveit/semantic_world
-- Up-to-date: /home/adminlab/franka_ros2_ws/install/moveit_ros_perception/include/moveit/semantic_world/semantic_world.h
-- Up-to-date: /home/adminlab/franka_ros2_ws/install/moveit_ros_perception/lib/libmoveit_depth_image_octomap_updater.so.2.5.5
-- Up-to-date: /home/adminlab/franka_ros2_ws/install/moveit_ros_perception/lib/libmoveit_depth_image_octomap_updater.so
-- Up-to-date: /home/adminlab/franka_ros2_ws/install/moveit_ros_perception/lib/libmoveit_depth_image_octomap_updater_core.so.2.5.5
-- Up-to-date: /home/adminlab/franka_ros2_ws/install/moveit_ros_perception/lib/libmoveit_depth_image_octomap_updater_core.so
-- Up-to-date: /home/adminlab/franka_ros2_ws/install/moveit_ros_perception/lib/libmoveit_lazy_free_space_updater.so.2.5.5
-- Up-to-date: /home/adminlab/franka_ros2_ws/install/moveit_ros_perception/lib/libmoveit_lazy_free_space_updater.so
-- Up-to-date: /home/adminlab/franka_ros2_ws/install/moveit_ros_perception/lib/libmoveit_mesh_filter.so.2.5.5
-- Up-to-date: /home/adminlab/franka_ros2_ws/install/moveit_ros_perception/lib/libmoveit_mesh_filter.so
-- Up-to-date: /home/adminlab/franka_ros2_ws/install/moveit_ros_perception/lib/libmoveit_point_containment_filter.so.2.5.5
-- Up-to-date: /home/adminlab/franka_ros2_ws/install/moveit_ros_perception/lib/libmoveit_point_containment_filter.so
-- Up-to-date: /home/adminlab/franka_ros2_ws/install/moveit_ros_perception/lib/libmoveit_pointcloud_octomap_updater.so.2.5.5
-- Up-to-date: /home/adminlab/franka_ros2_ws/install/moveit_ros_perception/lib/libmoveit_pointcloud_octomap_updater.so
-- Up-to-date: /home/adminlab/franka_ros2_ws/install/moveit_ros_perception/lib/libmoveit_pointcloud_octomap_updater_core.so.2.5.5
-- Up-to-date: /home/adminlab/franka_ros2_ws/install/moveit_ros_perception/lib/libmoveit_pointcloud_octomap_updater_core.so
-- Up-to-date: /home/adminlab/franka_ros2_ws/install/moveit_ros_perception/lib/libmoveit_semantic_world.so.2.5.5
-- Up-to-date: /home/adminlab/franka_ros2_ws/install/moveit_ros_perception/lib/libmoveit_semantic_world.so
-- Up-to-date: /home/adminlab/franka_ros2_ws/install/moveit_ros_perception/share/moveit_ros_perception/environment/library_path.sh
-- Up-to-date: /home/adminlab/franka_ros2_ws/install/moveit_ros_perception/share/moveit_ros_perception/environment/library_path.dsv
-- Up-to-date: /home/adminlab/franka_ros2_ws/install/moveit_ros_perception/share/moveit_ros_perception/pointcloud_octomap_updater_plugin_description.xml
-- Up-to-date: /home/adminlab/franka_ros2_ws/install/moveit_ros_perception/share/moveit_ros_perception/depth_image_octomap_updater_plugin_description.xml
-- Up-to-date: /home/adminlab/franka_ros2_ws/install/moveit_ros_perception/share/ament_index/resource_index/package_run_dependencies/moveit_ros_perception
-- Up-to-date: /home/adminlab/franka_ros2_ws/install/moveit_ros_perception/share/ament_index/resource_index/parent_prefix_path/moveit_ros_perception
-- Up-to-date: /home/adminlab/franka_ros2_ws/install/moveit_ros_perception/share/moveit_ros_perception/environment/ament_prefix_path.sh
-- Up-to-date: /home/adminlab/franka_ros2_ws/install/moveit_ros_perception/share/moveit_ros_perception/environment/ament_prefix_path.dsv
-- Up-to-date: /home/adminlab/franka_ros2_ws/install/moveit_ros_perception/share/moveit_ros_perception/environment/path.sh
-- Up-to-date: /home/adminlab/franka_ros2_ws/install/moveit_ros_perception/share/moveit_ros_perception/environment/path.dsv
-- Up-to-date: /home/adminlab/franka_ros2_ws/install/moveit_ros_perception/share/moveit_ros_perception/local_setup.bash
-- Up-to-date: /home/adminlab/franka_ros2_ws/install/moveit_ros_perception/share/moveit_ros_perception/local_setup.sh
-- Up-to-date: /home/adminlab/franka_ros2_ws/install/moveit_ros_perception/share/moveit_ros_perception/local_setup.zsh
-- Up-to-date: /home/adminlab/franka_ros2_ws/install/moveit_ros_perception/share/moveit_ros_perception/local_setup.dsv
-- Installing: /home/adminlab/franka_ros2_ws/install/moveit_ros_perception/share/moveit_ros_perception/package.dsv
-- Up-to-date: /home/adminlab/franka_ros2_ws/install/moveit_ros_perception/share/ament_index/resource_index/packages/moveit_ros_perception
-- Up-to-date: /home/adminlab/franka_ros2_ws/install/moveit_ros_perception/share/ament_index/resource_index/moveit_ros_occupancy_map_monitor__pluginlib__plugin/moveit_ros_perception
-- Up-to-date: /home/adminlab/franka_ros2_ws/install/moveit_ros_perception/share/moveit_ros_perception/cmake/export_moveit_ros_perceptionExport.cmake
-- Up-to-date: /home/adminlab/franka_ros2_ws/install/moveit_ros_perception/share/moveit_ros_perception/cmake/export_moveit_ros_perceptionExport-release.cmake
-- Up-to-date: /home/adminlab/franka_ros2_ws/install/moveit_ros_perception/share/moveit_ros_perception/cmake/ConfigExtras.cmake
-- Up-to-date: /home/adminlab/franka_ros2_ws/install/moveit_ros_perception/share/moveit_ros_perception/cmake/ament_cmake_export_targets-extras.cmake
-- Up-to-date: /home/adminlab/franka_ros2_ws/install/moveit_ros_perception/share/moveit_ros_perception/cmake/ament_cmake_export_dependencies-extras.cmake
-- Up-to-date: /home/adminlab/franka_ros2_ws/install/moveit_ros_perception/share/moveit_ros_perception/cmake/moveit_ros_perceptionConfig.cmake
-- Up-to-date: /home/adminlab/franka_ros2_ws/install/moveit_ros_perception/share/moveit_ros_perception/cmake/moveit_ros_perceptionConfig-version.cmake
-- Up-to-date: /home/adminlab/franka_ros2_ws/install/moveit_ros_perception/share/moveit_ros_perception/package.xml
