[0.020s] Invoking command in '/home/adminlab/franka_ros2_ws/build/moveit_ros_perception': AMENT_PREFIX_PATH=/home/adminlab/franka_ros2_ws/install/moveit_ros_planning:/home/adminlab/franka_ros2_ws/install/moveit_ros_occupancy_map_monitor:/home/adminlab/franka_ros2_ws/install/moveit_core:/home/adminlab/franka_ros2_ws/install/generate_parameter_library:/home/adminlab/franka_ros2_ws/install/srdfdom:/home/adminlab/franka_ros2_ws/install/parameter_traits:/home/adminlab/franka_ros2_ws/install/moveit_msgs:/home/adminlab/franka_ros2_ws/install/moveit_common:/home/adminlab/franka_ros2_ws/install/generate_parameter_library_py:${AMENT_PREFIX_PATH} CMAKE_PREFIX_PATH=/home/adminlab/franka_ros2_ws/install/moveit_ros_planning:/home/adminlab/franka_ros2_ws/install/moveit_ros_occupancy_map_monitor:/home/adminlab/franka_ros2_ws/install/moveit_core:/home/adminlab/franka_ros2_ws/install/generate_parameter_library:/home/adminlab/franka_ros2_ws/install/srdfdom:/home/adminlab/franka_ros2_ws/install/parameter_traits:/home/adminlab/franka_ros2_ws/install/moveit_msgs:/home/adminlab/franka_ros2_ws/install/moveit_common:/opt/ros/humble LD_LIBRARY_PATH=/home/adminlab/franka_ros2_ws/install/moveit_ros_planning/lib:/home/adminlab/franka_ros2_ws/install/moveit_ros_occupancy_map_monitor/lib:/home/adminlab/franka_ros2_ws/install/moveit_core/lib:/home/adminlab/franka_ros2_ws/install/srdfdom/lib:/home/adminlab/franka_ros2_ws/install/parameter_traits/lib:/home/adminlab/franka_ros2_ws/install/moveit_msgs/lib:${LD_LIBRARY_PATH} PATH=/home/adminlab/franka_ros2_ws/install/moveit_core/bin:/home/adminlab/franka_ros2_ws/install/generate_parameter_library_py/bin:${PATH} PYTHONPATH=/home/adminlab/franka_ros2_ws/install/srdfdom/local/lib/python3.10/dist-packages:/home/adminlab/franka_ros2_ws/install/moveit_msgs/local/lib/python3.10/dist-packages:/home/adminlab/franka_ros2_ws/install/generate_parameter_library_py/lib/python3.10/site-packages:${PYTHONPATH} /usr/bin/cmake --build /home/adminlab/franka_ros2_ws/build/moveit_ros_perception -- -j16 -l16
[0.060s] [ 10%] Built target moveit_lazy_free_space_updater
[0.084s] [ 20%] Built target moveit_semantic_world
[0.105s] [ 50%] Built target moveit_mesh_filter
[0.127s] [ 60%] Built target moveit_point_containment_filter
[0.154s] [ 70%] Built target moveit_depth_image_octomap_updater_core
[0.175s] [ 80%] Built target moveit_pointcloud_octomap_updater_core
[0.197s] [ 90%] Built target moveit_depth_image_octomap_updater
[0.215s] [100%] Built target moveit_pointcloud_octomap_updater
[0.223s] Invoked command in '/home/adminlab/franka_ros2_ws/build/moveit_ros_perception' returned '0': AMENT_PREFIX_PATH=/home/adminlab/franka_ros2_ws/install/moveit_ros_planning:/home/adminlab/franka_ros2_ws/install/moveit_ros_occupancy_map_monitor:/home/adminlab/franka_ros2_ws/install/moveit_core:/home/adminlab/franka_ros2_ws/install/generate_parameter_library:/home/adminlab/franka_ros2_ws/install/srdfdom:/home/adminlab/franka_ros2_ws/install/parameter_traits:/home/adminlab/franka_ros2_ws/install/moveit_msgs:/home/adminlab/franka_ros2_ws/install/moveit_common:/home/adminlab/franka_ros2_ws/install/generate_parameter_library_py:${AMENT_PREFIX_PATH} CMAKE_PREFIX_PATH=/home/adminlab/franka_ros2_ws/install/moveit_ros_planning:/home/adminlab/franka_ros2_ws/install/moveit_ros_occupancy_map_monitor:/home/adminlab/franka_ros2_ws/install/moveit_core:/home/adminlab/franka_ros2_ws/install/generate_parameter_library:/home/adminlab/franka_ros2_ws/install/srdfdom:/home/adminlab/franka_ros2_ws/install/parameter_traits:/home/adminlab/franka_ros2_ws/install/moveit_msgs:/home/adminlab/franka_ros2_ws/install/moveit_common:/opt/ros/humble LD_LIBRARY_PATH=/home/adminlab/franka_ros2_ws/install/moveit_ros_planning/lib:/home/adminlab/franka_ros2_ws/install/moveit_ros_occupancy_map_monitor/lib:/home/adminlab/franka_ros2_ws/install/moveit_core/lib:/home/adminlab/franka_ros2_ws/install/srdfdom/lib:/home/adminlab/franka_ros2_ws/install/parameter_traits/lib:/home/adminlab/franka_ros2_ws/install/moveit_msgs/lib:${LD_LIBRARY_PATH} PATH=/home/adminlab/franka_ros2_ws/install/moveit_core/bin:/home/adminlab/franka_ros2_ws/install/generate_parameter_library_py/bin:${PATH} PYTHONPATH=/home/adminlab/franka_ros2_ws/install/srdfdom/local/lib/python3.10/dist-packages:/home/adminlab/franka_ros2_ws/install/moveit_msgs/local/lib/python3.10/dist-packages:/home/adminlab/franka_ros2_ws/install/generate_parameter_library_py/lib/python3.10/site-packages:${PYTHONPATH} /usr/bin/cmake --build /home/adminlab/franka_ros2_ws/build/moveit_ros_perception -- -j16 -l16
[0.239s] Invoking command in '/home/adminlab/franka_ros2_ws/build/moveit_ros_perception': AMENT_PREFIX_PATH=/home/adminlab/franka_ros2_ws/install/moveit_ros_planning:/home/adminlab/franka_ros2_ws/install/moveit_ros_occupancy_map_monitor:/home/adminlab/franka_ros2_ws/install/moveit_core:/home/adminlab/franka_ros2_ws/install/generate_parameter_library:/home/adminlab/franka_ros2_ws/install/srdfdom:/home/adminlab/franka_ros2_ws/install/parameter_traits:/home/adminlab/franka_ros2_ws/install/moveit_msgs:/home/adminlab/franka_ros2_ws/install/moveit_common:/home/adminlab/franka_ros2_ws/install/generate_parameter_library_py:${AMENT_PREFIX_PATH} CMAKE_PREFIX_PATH=/home/adminlab/franka_ros2_ws/install/moveit_ros_planning:/home/adminlab/franka_ros2_ws/install/moveit_ros_occupancy_map_monitor:/home/adminlab/franka_ros2_ws/install/moveit_core:/home/adminlab/franka_ros2_ws/install/generate_parameter_library:/home/adminlab/franka_ros2_ws/install/srdfdom:/home/adminlab/franka_ros2_ws/install/parameter_traits:/home/adminlab/franka_ros2_ws/install/moveit_msgs:/home/adminlab/franka_ros2_ws/install/moveit_common:/opt/ros/humble LD_LIBRARY_PATH=/home/adminlab/franka_ros2_ws/install/moveit_ros_planning/lib:/home/adminlab/franka_ros2_ws/install/moveit_ros_occupancy_map_monitor/lib:/home/adminlab/franka_ros2_ws/install/moveit_core/lib:/home/adminlab/franka_ros2_ws/install/srdfdom/lib:/home/adminlab/franka_ros2_ws/install/parameter_traits/lib:/home/adminlab/franka_ros2_ws/install/moveit_msgs/lib:${LD_LIBRARY_PATH} PATH=/home/adminlab/franka_ros2_ws/install/moveit_core/bin:/home/adminlab/franka_ros2_ws/install/generate_parameter_library_py/bin:${PATH} PYTHONPATH=/home/adminlab/franka_ros2_ws/install/srdfdom/local/lib/python3.10/dist-packages:/home/adminlab/franka_ros2_ws/install/moveit_msgs/local/lib/python3.10/dist-packages:/home/adminlab/franka_ros2_ws/install/generate_parameter_library_py/lib/python3.10/site-packages:${PYTHONPATH} /usr/bin/cmake --install /home/adminlab/franka_ros2_ws/build/moveit_ros_perception
[0.246s] -- Install configuration: "Release"
[0.246s] -- Up-to-date: /home/adminlab/franka_ros2_ws/install/moveit_ros_perception/include
[0.246s] -- Up-to-date: /home/adminlab/franka_ros2_ws/install/moveit_ros_perception/include/moveit
[0.246s] -- Up-to-date: /home/adminlab/franka_ros2_ws/install/moveit_ros_perception/include/moveit/lazy_free_space_updater
[0.246s] -- Up-to-date: /home/adminlab/franka_ros2_ws/install/moveit_ros_perception/include/moveit/lazy_free_space_updater/lazy_free_space_updater.h
[0.246s] -- Up-to-date: /home/adminlab/franka_ros2_ws/install/moveit_ros_perception/include
[0.246s] -- Up-to-date: /home/adminlab/franka_ros2_ws/install/moveit_ros_perception/include/moveit
[0.246s] -- Up-to-date: /home/adminlab/franka_ros2_ws/install/moveit_ros_perception/include/moveit/point_containment_filter
[0.246s] -- Up-to-date: /home/adminlab/franka_ros2_ws/install/moveit_ros_perception/include/moveit/point_containment_filter/shape_mask.h
[0.246s] -- Up-to-date: /home/adminlab/franka_ros2_ws/install/moveit_ros_perception/include
[0.247s] -- Up-to-date: /home/adminlab/franka_ros2_ws/install/moveit_ros_perception/include/moveit
[0.247s] -- Up-to-date: /home/adminlab/franka_ros2_ws/install/moveit_ros_perception/include/moveit/pointcloud_octomap_updater
[0.247s] -- Up-to-date: /home/adminlab/franka_ros2_ws/install/moveit_ros_perception/include/moveit/pointcloud_octomap_updater/pointcloud_octomap_updater.h
[0.247s] -- Up-to-date: /home/adminlab/franka_ros2_ws/install/moveit_ros_perception/include
[0.247s] -- Up-to-date: /home/adminlab/franka_ros2_ws/install/moveit_ros_perception/include/moveit
[0.247s] -- Up-to-date: /home/adminlab/franka_ros2_ws/install/moveit_ros_perception/include/moveit/mesh_filter
[0.247s] -- Up-to-date: /home/adminlab/franka_ros2_ws/install/moveit_ros_perception/include/moveit/mesh_filter/transform_provider.h
[0.247s] -- Up-to-date: /home/adminlab/franka_ros2_ws/install/moveit_ros_perception/include/moveit/mesh_filter/gl_renderer.h
[0.247s] -- Up-to-date: /home/adminlab/franka_ros2_ws/install/moveit_ros_perception/include/moveit/mesh_filter/filter_job.h
[0.247s] -- Up-to-date: /home/adminlab/franka_ros2_ws/install/moveit_ros_perception/include/moveit/mesh_filter/depth_self_filter_nodelet.h
[0.247s] -- Up-to-date: /home/adminlab/franka_ros2_ws/install/moveit_ros_perception/include/moveit/mesh_filter/mesh_filter.h
[0.248s] -- Up-to-date: /home/adminlab/franka_ros2_ws/install/moveit_ros_perception/include/moveit/mesh_filter/gl_mesh.h
[0.248s] -- Up-to-date: /home/adminlab/franka_ros2_ws/install/moveit_ros_perception/include/moveit/mesh_filter/sensor_model.h
[0.248s] -- Up-to-date: /home/adminlab/franka_ros2_ws/install/moveit_ros_perception/include/moveit/mesh_filter/stereo_camera_model.h
[0.248s] -- Up-to-date: /home/adminlab/franka_ros2_ws/install/moveit_ros_perception/include/moveit/mesh_filter/mesh_filter_base.h
[0.248s] -- Up-to-date: /home/adminlab/franka_ros2_ws/install/moveit_ros_perception/include/moveit_mesh_filter_export.h
[0.248s] -- Up-to-date: /home/adminlab/franka_ros2_ws/install/moveit_ros_perception/include
[0.248s] -- Up-to-date: /home/adminlab/franka_ros2_ws/install/moveit_ros_perception/include/moveit
[0.248s] -- Up-to-date: /home/adminlab/franka_ros2_ws/install/moveit_ros_perception/include/moveit/depth_image_octomap_updater
[0.248s] -- Up-to-date: /home/adminlab/franka_ros2_ws/install/moveit_ros_perception/include/moveit/depth_image_octomap_updater/depth_image_octomap_updater.h
[0.248s] -- Up-to-date: /home/adminlab/franka_ros2_ws/install/moveit_ros_perception/include
[0.248s] -- Up-to-date: /home/adminlab/franka_ros2_ws/install/moveit_ros_perception/include/moveit
[0.248s] -- Up-to-date: /home/adminlab/franka_ros2_ws/install/moveit_ros_perception/include/moveit/semantic_world
[0.248s] -- Up-to-date: /home/adminlab/franka_ros2_ws/install/moveit_ros_perception/include/moveit/semantic_world/semantic_world.h
[0.248s] -- Up-to-date: /home/adminlab/franka_ros2_ws/install/moveit_ros_perception/lib/libmoveit_depth_image_octomap_updater.so.2.5.5
[0.249s] -- Up-to-date: /home/adminlab/franka_ros2_ws/install/moveit_ros_perception/lib/libmoveit_depth_image_octomap_updater.so
[0.249s] -- Up-to-date: /home/adminlab/franka_ros2_ws/install/moveit_ros_perception/lib/libmoveit_depth_image_octomap_updater_core.so.2.5.5
[0.249s] -- Up-to-date: /home/adminlab/franka_ros2_ws/install/moveit_ros_perception/lib/libmoveit_depth_image_octomap_updater_core.so
[0.249s] -- Up-to-date: /home/adminlab/franka_ros2_ws/install/moveit_ros_perception/lib/libmoveit_lazy_free_space_updater.so.2.5.5
[0.249s] -- Up-to-date: /home/adminlab/franka_ros2_ws/install/moveit_ros_perception/lib/libmoveit_lazy_free_space_updater.so
[0.249s] -- Up-to-date: /home/adminlab/franka_ros2_ws/install/moveit_ros_perception/lib/libmoveit_mesh_filter.so.2.5.5
[0.249s] -- Up-to-date: /home/adminlab/franka_ros2_ws/install/moveit_ros_perception/lib/libmoveit_mesh_filter.so
[0.249s] -- Up-to-date: /home/adminlab/franka_ros2_ws/install/moveit_ros_perception/lib/libmoveit_point_containment_filter.so.2.5.5
[0.249s] -- Up-to-date: /home/adminlab/franka_ros2_ws/install/moveit_ros_perception/lib/libmoveit_point_containment_filter.so
[0.249s] -- Up-to-date: /home/adminlab/franka_ros2_ws/install/moveit_ros_perception/lib/libmoveit_pointcloud_octomap_updater.so.2.5.5
[0.249s] -- Up-to-date: /home/adminlab/franka_ros2_ws/install/moveit_ros_perception/lib/libmoveit_pointcloud_octomap_updater.so
[0.249s] -- Up-to-date: /home/adminlab/franka_ros2_ws/install/moveit_ros_perception/lib/libmoveit_pointcloud_octomap_updater_core.so.2.5.5
[0.250s] -- Up-to-date: /home/adminlab/franka_ros2_ws/install/moveit_ros_perception/lib/libmoveit_pointcloud_octomap_updater_core.so
[0.250s] -- Up-to-date: /home/adminlab/franka_ros2_ws/install/moveit_ros_perception/lib/libmoveit_semantic_world.so.2.5.5
[0.250s] -- Up-to-date: /home/adminlab/franka_ros2_ws/install/moveit_ros_perception/lib/libmoveit_semantic_world.so
[0.250s] -- Up-to-date: /home/adminlab/franka_ros2_ws/install/moveit_ros_perception/share/moveit_ros_perception/environment/library_path.sh
[0.250s] -- Up-to-date: /home/adminlab/franka_ros2_ws/install/moveit_ros_perception/share/moveit_ros_perception/environment/library_path.dsv
[0.250s] -- Up-to-date: /home/adminlab/franka_ros2_ws/install/moveit_ros_perception/share/moveit_ros_perception/pointcloud_octomap_updater_plugin_description.xml
[0.250s] -- Up-to-date: /home/adminlab/franka_ros2_ws/install/moveit_ros_perception/share/moveit_ros_perception/depth_image_octomap_updater_plugin_description.xml
[0.250s] -- Up-to-date: /home/adminlab/franka_ros2_ws/install/moveit_ros_perception/share/ament_index/resource_index/package_run_dependencies/moveit_ros_perception
[0.250s] -- Up-to-date: /home/adminlab/franka_ros2_ws/install/moveit_ros_perception/share/ament_index/resource_index/parent_prefix_path/moveit_ros_perception
[0.250s] -- Up-to-date: /home/adminlab/franka_ros2_ws/install/moveit_ros_perception/share/moveit_ros_perception/environment/ament_prefix_path.sh
[0.251s] -- Up-to-date: /home/adminlab/franka_ros2_ws/install/moveit_ros_perception/share/moveit_ros_perception/environment/ament_prefix_path.dsv
[0.251s] -- Up-to-date: /home/adminlab/franka_ros2_ws/install/moveit_ros_perception/share/moveit_ros_perception/environment/path.sh
[0.251s] -- Up-to-date: /home/adminlab/franka_ros2_ws/install/moveit_ros_perception/share/moveit_ros_perception/environment/path.dsv
[0.251s] -- Up-to-date: /home/adminlab/franka_ros2_ws/install/moveit_ros_perception/share/moveit_ros_perception/local_setup.bash
[0.251s] -- Up-to-date: /home/adminlab/franka_ros2_ws/install/moveit_ros_perception/share/moveit_ros_perception/local_setup.sh
[0.251s] -- Up-to-date: /home/adminlab/franka_ros2_ws/install/moveit_ros_perception/share/moveit_ros_perception/local_setup.zsh
[0.251s] -- Up-to-date: /home/adminlab/franka_ros2_ws/install/moveit_ros_perception/share/moveit_ros_perception/local_setup.dsv
[0.251s] -- Installing: /home/adminlab/franka_ros2_ws/install/moveit_ros_perception/share/moveit_ros_perception/package.dsv
[0.252s] -- Up-to-date: /home/adminlab/franka_ros2_ws/install/moveit_ros_perception/share/ament_index/resource_index/packages/moveit_ros_perception
[0.252s] -- Up-to-date: /home/adminlab/franka_ros2_ws/install/moveit_ros_perception/share/ament_index/resource_index/moveit_ros_occupancy_map_monitor__pluginlib__plugin/moveit_ros_perception
[0.254s] -- Up-to-date: /home/adminlab/franka_ros2_ws/install/moveit_ros_perception/share/moveit_ros_perception/cmake/export_moveit_ros_perceptionExport.cmake
[0.254s] -- Up-to-date: /home/adminlab/franka_ros2_ws/install/moveit_ros_perception/share/moveit_ros_perception/cmake/export_moveit_ros_perceptionExport-release.cmake
[0.254s] -- Up-to-date: /home/adminlab/franka_ros2_ws/install/moveit_ros_perception/share/moveit_ros_perception/cmake/ConfigExtras.cmake
[0.254s] -- Up-to-date: /home/adminlab/franka_ros2_ws/install/moveit_ros_perception/share/moveit_ros_perception/cmake/ament_cmake_export_targets-extras.cmake
[0.255s] -- Up-to-date: /home/adminlab/franka_ros2_ws/install/moveit_ros_perception/share/moveit_ros_perception/cmake/ament_cmake_export_dependencies-extras.cmake
[0.255s] -- Up-to-date: /home/adminlab/franka_ros2_ws/install/moveit_ros_perception/share/moveit_ros_perception/cmake/moveit_ros_perceptionConfig.cmake
[0.255s] -- Up-to-date: /home/adminlab/franka_ros2_ws/install/moveit_ros_perception/share/moveit_ros_perception/cmake/moveit_ros_perceptionConfig-version.cmake
[0.255s] -- Up-to-date: /home/adminlab/franka_ros2_ws/install/moveit_ros_perception/share/moveit_ros_perception/package.xml
[0.259s] Invoked command in '/home/adminlab/franka_ros2_ws/build/moveit_ros_perception' returned '0': AMENT_PREFIX_PATH=/home/adminlab/franka_ros2_ws/install/moveit_ros_planning:/home/adminlab/franka_ros2_ws/install/moveit_ros_occupancy_map_monitor:/home/adminlab/franka_ros2_ws/install/moveit_core:/home/adminlab/franka_ros2_ws/install/generate_parameter_library:/home/adminlab/franka_ros2_ws/install/srdfdom:/home/adminlab/franka_ros2_ws/install/parameter_traits:/home/adminlab/franka_ros2_ws/install/moveit_msgs:/home/adminlab/franka_ros2_ws/install/moveit_common:/home/adminlab/franka_ros2_ws/install/generate_parameter_library_py:${AMENT_PREFIX_PATH} CMAKE_PREFIX_PATH=/home/adminlab/franka_ros2_ws/install/moveit_ros_planning:/home/adminlab/franka_ros2_ws/install/moveit_ros_occupancy_map_monitor:/home/adminlab/franka_ros2_ws/install/moveit_core:/home/adminlab/franka_ros2_ws/install/generate_parameter_library:/home/adminlab/franka_ros2_ws/install/srdfdom:/home/adminlab/franka_ros2_ws/install/parameter_traits:/home/adminlab/franka_ros2_ws/install/moveit_msgs:/home/adminlab/franka_ros2_ws/install/moveit_common:/opt/ros/humble LD_LIBRARY_PATH=/home/adminlab/franka_ros2_ws/install/moveit_ros_planning/lib:/home/adminlab/franka_ros2_ws/install/moveit_ros_occupancy_map_monitor/lib:/home/adminlab/franka_ros2_ws/install/moveit_core/lib:/home/adminlab/franka_ros2_ws/install/srdfdom/lib:/home/adminlab/franka_ros2_ws/install/parameter_traits/lib:/home/adminlab/franka_ros2_ws/install/moveit_msgs/lib:${LD_LIBRARY_PATH} PATH=/home/adminlab/franka_ros2_ws/install/moveit_core/bin:/home/adminlab/franka_ros2_ws/install/generate_parameter_library_py/bin:${PATH} PYTHONPATH=/home/adminlab/franka_ros2_ws/install/srdfdom/local/lib/python3.10/dist-packages:/home/adminlab/franka_ros2_ws/install/moveit_msgs/local/lib/python3.10/dist-packages:/home/adminlab/franka_ros2_ws/install/generate_parameter_library_py/lib/python3.10/site-packages:${PYTHONPATH} /usr/bin/cmake --install /home/adminlab/franka_ros2_ws/build/moveit_ros_perception
