[0.029s] Invoking command in '/home/adminlab/franka_ros2_ws/build/moveit_hybrid_planning': AMENT_PREFIX_PATH=/home/adminlab/franka_ros2_ws/install/moveit_ros_planning_interface:/home/adminlab/franka_ros2_ws/install/moveit_ros_move_group:/home/adminlab/franka_ros2_ws/install/moveit_ros_warehouse:/home/adminlab/franka_ros2_ws/install/moveit_planners_ompl:/home/adminlab/franka_ros2_ws/install/moveit_kinematics:/home/adminlab/franka_ros2_ws/install/moveit_ros_planning:/home/adminlab/franka_ros2_ws/install/moveit_ros_occupancy_map_monitor:/home/adminlab/franka_ros2_ws/install/moveit_core:/home/adminlab/franka_ros2_ws/install/ros_testing:/home/adminlab/franka_ros2_ws/install/moveit_resources_panda_moveit_config:/home/adminlab/franka_ros2_ws/install/generate_parameter_library:/home/adminlab/franka_ros2_ws/install/srdfdom:/home/adminlab/franka_ros2_ws/install/ros2test:/home/adminlab/franka_ros2_ws/install/parameter_traits:/home/adminlab/franka_ros2_ws/install/moveit_resources_panda_description:/home/adminlab/franka_ros2_ws/install/moveit_msgs:/home/adminlab/franka_ros2_ws/install/moveit_common:/home/adminlab/franka_ros2_ws/install/generate_parameter_library_py:${AMENT_PREFIX_PATH} CMAKE_PREFIX_PATH=/home/adminlab/franka_ros2_ws/install/moveit_ros_planning_interface:/home/adminlab/franka_ros2_ws/install/moveit_ros_move_group:/home/adminlab/franka_ros2_ws/install/moveit_ros_warehouse:/home/adminlab/franka_ros2_ws/install/moveit_planners_ompl:/home/adminlab/franka_ros2_ws/install/moveit_kinematics:/home/adminlab/franka_ros2_ws/install/moveit_ros_planning:/home/adminlab/franka_ros2_ws/install/moveit_ros_occupancy_map_monitor:/home/adminlab/franka_ros2_ws/install/moveit_core:/home/adminlab/franka_ros2_ws/install/ros_testing:/home/adminlab/franka_ros2_ws/install/moveit_resources_panda_moveit_config:/home/adminlab/franka_ros2_ws/install/generate_parameter_library:/home/adminlab/franka_ros2_ws/install/srdfdom:/home/adminlab/franka_ros2_ws/install/parameter_traits:/home/adminlab/franka_ros2_ws/install/moveit_resources_panda_description:/home/adminlab/franka_ros2_ws/install/moveit_msgs:/home/adminlab/franka_ros2_ws/install/moveit_common:/opt/ros/humble LD_LIBRARY_PATH=/home/adminlab/franka_ros2_ws/install/moveit_ros_planning_interface/lib:/home/adminlab/franka_ros2_ws/install/moveit_ros_move_group/lib:/home/adminlab/franka_ros2_ws/install/moveit_ros_warehouse/lib:/home/adminlab/franka_ros2_ws/install/moveit_planners_ompl/lib:/home/adminlab/franka_ros2_ws/install/moveit_kinematics/lib:/home/adminlab/franka_ros2_ws/install/moveit_ros_planning/lib:/home/adminlab/franka_ros2_ws/install/moveit_ros_occupancy_map_monitor/lib:/home/adminlab/franka_ros2_ws/install/moveit_core/lib:/home/adminlab/franka_ros2_ws/install/srdfdom/lib:/home/adminlab/franka_ros2_ws/install/parameter_traits/lib:/home/adminlab/franka_ros2_ws/install/moveit_msgs/lib:${LD_LIBRARY_PATH} PATH=/home/adminlab/franka_ros2_ws/install/moveit_core/bin:/home/adminlab/franka_ros2_ws/install/generate_parameter_library_py/bin:${PATH} PYTHONPATH=/home/adminlab/franka_ros2_ws/install/srdfdom/local/lib/python3.10/dist-packages:/home/adminlab/franka_ros2_ws/install/ros2test/lib/python3.10/site-packages:/home/adminlab/franka_ros2_ws/install/moveit_msgs/local/lib/python3.10/dist-packages:/home/adminlab/franka_ros2_ws/install/generate_parameter_library_py/lib/python3.10/site-packages:${PYTHONPATH} /usr/bin/cmake --build /home/adminlab/franka_ros2_ws/build/moveit_hybrid_planning -- -j16 -l16
[0.073s] [ 10%] Built target moveit_hybrid_planning_manager
[0.097s] [ 20%] Built target forward_trajectory_plugin
[0.118s] [ 30%] Built target single_plan_execution_plugin
[0.142s] [ 40%] Built target simple_sampler_plugin
[0.167s] [ 50%] Built target replan_invalidated_trajectory_plugin
[0.193s] [ 60%] Built target moveit_local_planner_component
[0.218s] [ 70%] Built target motion_planning_pipeline_plugin
[0.244s] [ 80%] Built target moveit_global_planner_component
[0.262s] [ 90%] Built target cancel_action
[0.291s] [100%] Built target hybrid_planning_demo_node
[0.298s] Invoked command in '/home/adminlab/franka_ros2_ws/build/moveit_hybrid_planning' returned '0': AMENT_PREFIX_PATH=/home/adminlab/franka_ros2_ws/install/moveit_ros_planning_interface:/home/adminlab/franka_ros2_ws/install/moveit_ros_move_group:/home/adminlab/franka_ros2_ws/install/moveit_ros_warehouse:/home/adminlab/franka_ros2_ws/install/moveit_planners_ompl:/home/adminlab/franka_ros2_ws/install/moveit_kinematics:/home/adminlab/franka_ros2_ws/install/moveit_ros_planning:/home/adminlab/franka_ros2_ws/install/moveit_ros_occupancy_map_monitor:/home/adminlab/franka_ros2_ws/install/moveit_core:/home/adminlab/franka_ros2_ws/install/ros_testing:/home/adminlab/franka_ros2_ws/install/moveit_resources_panda_moveit_config:/home/adminlab/franka_ros2_ws/install/generate_parameter_library:/home/adminlab/franka_ros2_ws/install/srdfdom:/home/adminlab/franka_ros2_ws/install/ros2test:/home/adminlab/franka_ros2_ws/install/parameter_traits:/home/adminlab/franka_ros2_ws/install/moveit_resources_panda_description:/home/adminlab/franka_ros2_ws/install/moveit_msgs:/home/adminlab/franka_ros2_ws/install/moveit_common:/home/adminlab/franka_ros2_ws/install/generate_parameter_library_py:${AMENT_PREFIX_PATH} CMAKE_PREFIX_PATH=/home/adminlab/franka_ros2_ws/install/moveit_ros_planning_interface:/home/adminlab/franka_ros2_ws/install/moveit_ros_move_group:/home/adminlab/franka_ros2_ws/install/moveit_ros_warehouse:/home/adminlab/franka_ros2_ws/install/moveit_planners_ompl:/home/adminlab/franka_ros2_ws/install/moveit_kinematics:/home/adminlab/franka_ros2_ws/install/moveit_ros_planning:/home/adminlab/franka_ros2_ws/install/moveit_ros_occupancy_map_monitor:/home/adminlab/franka_ros2_ws/install/moveit_core:/home/adminlab/franka_ros2_ws/install/ros_testing:/home/adminlab/franka_ros2_ws/install/moveit_resources_panda_moveit_config:/home/adminlab/franka_ros2_ws/install/generate_parameter_library:/home/adminlab/franka_ros2_ws/install/srdfdom:/home/adminlab/franka_ros2_ws/install/parameter_traits:/home/adminlab/franka_ros2_ws/install/moveit_resources_panda_description:/home/adminlab/franka_ros2_ws/install/moveit_msgs:/home/adminlab/franka_ros2_ws/install/moveit_common:/opt/ros/humble LD_LIBRARY_PATH=/home/adminlab/franka_ros2_ws/install/moveit_ros_planning_interface/lib:/home/adminlab/franka_ros2_ws/install/moveit_ros_move_group/lib:/home/adminlab/franka_ros2_ws/install/moveit_ros_warehouse/lib:/home/adminlab/franka_ros2_ws/install/moveit_planners_ompl/lib:/home/adminlab/franka_ros2_ws/install/moveit_kinematics/lib:/home/adminlab/franka_ros2_ws/install/moveit_ros_planning/lib:/home/adminlab/franka_ros2_ws/install/moveit_ros_occupancy_map_monitor/lib:/home/adminlab/franka_ros2_ws/install/moveit_core/lib:/home/adminlab/franka_ros2_ws/install/srdfdom/lib:/home/adminlab/franka_ros2_ws/install/parameter_traits/lib:/home/adminlab/franka_ros2_ws/install/moveit_msgs/lib:${LD_LIBRARY_PATH} PATH=/home/adminlab/franka_ros2_ws/install/moveit_core/bin:/home/adminlab/franka_ros2_ws/install/generate_parameter_library_py/bin:${PATH} PYTHONPATH=/home/adminlab/franka_ros2_ws/install/srdfdom/local/lib/python3.10/dist-packages:/home/adminlab/franka_ros2_ws/install/ros2test/lib/python3.10/site-packages:/home/adminlab/franka_ros2_ws/install/moveit_msgs/local/lib/python3.10/dist-packages:/home/adminlab/franka_ros2_ws/install/generate_parameter_library_py/lib/python3.10/site-packages:${PYTHONPATH} /usr/bin/cmake --build /home/adminlab/franka_ros2_ws/build/moveit_hybrid_planning -- -j16 -l16
[0.314s] Invoking command in '/home/adminlab/franka_ros2_ws/build/moveit_hybrid_planning': AMENT_PREFIX_PATH=/home/adminlab/franka_ros2_ws/install/moveit_ros_planning_interface:/home/adminlab/franka_ros2_ws/install/moveit_ros_move_group:/home/adminlab/franka_ros2_ws/install/moveit_ros_warehouse:/home/adminlab/franka_ros2_ws/install/moveit_planners_ompl:/home/adminlab/franka_ros2_ws/install/moveit_kinematics:/home/adminlab/franka_ros2_ws/install/moveit_ros_planning:/home/adminlab/franka_ros2_ws/install/moveit_ros_occupancy_map_monitor:/home/adminlab/franka_ros2_ws/install/moveit_core:/home/adminlab/franka_ros2_ws/install/ros_testing:/home/adminlab/franka_ros2_ws/install/moveit_resources_panda_moveit_config:/home/adminlab/franka_ros2_ws/install/generate_parameter_library:/home/adminlab/franka_ros2_ws/install/srdfdom:/home/adminlab/franka_ros2_ws/install/ros2test:/home/adminlab/franka_ros2_ws/install/parameter_traits:/home/adminlab/franka_ros2_ws/install/moveit_resources_panda_description:/home/adminlab/franka_ros2_ws/install/moveit_msgs:/home/adminlab/franka_ros2_ws/install/moveit_common:/home/adminlab/franka_ros2_ws/install/generate_parameter_library_py:${AMENT_PREFIX_PATH} CMAKE_PREFIX_PATH=/home/adminlab/franka_ros2_ws/install/moveit_ros_planning_interface:/home/adminlab/franka_ros2_ws/install/moveit_ros_move_group:/home/adminlab/franka_ros2_ws/install/moveit_ros_warehouse:/home/adminlab/franka_ros2_ws/install/moveit_planners_ompl:/home/adminlab/franka_ros2_ws/install/moveit_kinematics:/home/adminlab/franka_ros2_ws/install/moveit_ros_planning:/home/adminlab/franka_ros2_ws/install/moveit_ros_occupancy_map_monitor:/home/adminlab/franka_ros2_ws/install/moveit_core:/home/adminlab/franka_ros2_ws/install/ros_testing:/home/adminlab/franka_ros2_ws/install/moveit_resources_panda_moveit_config:/home/adminlab/franka_ros2_ws/install/generate_parameter_library:/home/adminlab/franka_ros2_ws/install/srdfdom:/home/adminlab/franka_ros2_ws/install/parameter_traits:/home/adminlab/franka_ros2_ws/install/moveit_resources_panda_description:/home/adminlab/franka_ros2_ws/install/moveit_msgs:/home/adminlab/franka_ros2_ws/install/moveit_common:/opt/ros/humble LD_LIBRARY_PATH=/home/adminlab/franka_ros2_ws/install/moveit_ros_planning_interface/lib:/home/adminlab/franka_ros2_ws/install/moveit_ros_move_group/lib:/home/adminlab/franka_ros2_ws/install/moveit_ros_warehouse/lib:/home/adminlab/franka_ros2_ws/install/moveit_planners_ompl/lib:/home/adminlab/franka_ros2_ws/install/moveit_kinematics/lib:/home/adminlab/franka_ros2_ws/install/moveit_ros_planning/lib:/home/adminlab/franka_ros2_ws/install/moveit_ros_occupancy_map_monitor/lib:/home/adminlab/franka_ros2_ws/install/moveit_core/lib:/home/adminlab/franka_ros2_ws/install/srdfdom/lib:/home/adminlab/franka_ros2_ws/install/parameter_traits/lib:/home/adminlab/franka_ros2_ws/install/moveit_msgs/lib:${LD_LIBRARY_PATH} PATH=/home/adminlab/franka_ros2_ws/install/moveit_core/bin:/home/adminlab/franka_ros2_ws/install/generate_parameter_library_py/bin:${PATH} PYTHONPATH=/home/adminlab/franka_ros2_ws/install/srdfdom/local/lib/python3.10/dist-packages:/home/adminlab/franka_ros2_ws/install/ros2test/lib/python3.10/site-packages:/home/adminlab/franka_ros2_ws/install/moveit_msgs/local/lib/python3.10/dist-packages:/home/adminlab/franka_ros2_ws/install/generate_parameter_library_py/lib/python3.10/site-packages:${PYTHONPATH} /usr/bin/cmake --install /home/adminlab/franka_ros2_ws/build/moveit_hybrid_planning
[0.319s] -- Install configuration: "Release"
[0.320s] -- Up-to-date: /home/adminlab/franka_ros2_ws/install/moveit_hybrid_planning/lib/libmoveit_global_planner_component.so.2.5.5
[0.321s] -- Up-to-date: /home/adminlab/franka_ros2_ws/install/moveit_hybrid_planning/lib/libmoveit_global_planner_component.so
[0.321s] -- Up-to-date: /home/adminlab/franka_ros2_ws/install/moveit_hybrid_planning/lib/libmoveit_hybrid_planning_manager.so.2.5.5
[0.321s] -- Up-to-date: /home/adminlab/franka_ros2_ws/install/moveit_hybrid_planning/lib/libmoveit_hybrid_planning_manager.so
[0.322s] -- Up-to-date: /home/adminlab/franka_ros2_ws/install/moveit_hybrid_planning/lib/libmoveit_local_planner_component.so.2.5.5
[0.322s] -- Up-to-date: /home/adminlab/franka_ros2_ws/install/moveit_hybrid_planning/lib/libmoveit_local_planner_component.so
[0.322s] -- Up-to-date: /home/adminlab/franka_ros2_ws/install/moveit_hybrid_planning/lib/libforward_trajectory_plugin.so.2.5.5
[0.322s] -- Up-to-date: /home/adminlab/franka_ros2_ws/install/moveit_hybrid_planning/lib/libforward_trajectory_plugin.so
[0.323s] -- Up-to-date: /home/adminlab/franka_ros2_ws/install/moveit_hybrid_planning/lib/libmotion_planning_pipeline_plugin.so.2.5.5
[0.323s] -- Up-to-date: /home/adminlab/franka_ros2_ws/install/moveit_hybrid_planning/lib/libmotion_planning_pipeline_plugin.so
[0.323s] -- Up-to-date: /home/adminlab/franka_ros2_ws/install/moveit_hybrid_planning/lib/libreplan_invalidated_trajectory_plugin.so.2.5.5
[0.323s] -- Up-to-date: /home/adminlab/franka_ros2_ws/install/moveit_hybrid_planning/lib/libreplan_invalidated_trajectory_plugin.so
[0.324s] -- Up-to-date: /home/adminlab/franka_ros2_ws/install/moveit_hybrid_planning/lib/libsimple_sampler_plugin.so.2.5.5
[0.324s] -- Up-to-date: /home/adminlab/franka_ros2_ws/install/moveit_hybrid_planning/lib/libsimple_sampler_plugin.so
[0.324s] -- Up-to-date: /home/adminlab/franka_ros2_ws/install/moveit_hybrid_planning/lib/libsingle_plan_execution_plugin.so.2.5.5
[0.324s] -- Up-to-date: /home/adminlab/franka_ros2_ws/install/moveit_hybrid_planning/lib/libsingle_plan_execution_plugin.so
[0.325s] -- Up-to-date: /home/adminlab/franka_ros2_ws/install/moveit_hybrid_planning/lib/moveit_hybrid_planning/cancel_action
[0.325s] -- Up-to-date: /home/adminlab/franka_ros2_ws/install/moveit_hybrid_planning/lib/moveit_hybrid_planning/hybrid_planning_demo_node
[0.325s] -- Up-to-date: /home/adminlab/franka_ros2_ws/install/moveit_hybrid_planning/include
[0.325s] -- Up-to-date: /home/adminlab/franka_ros2_ws/install/moveit_hybrid_planning/include/moveit
[0.326s] -- Up-to-date: /home/adminlab/franka_ros2_ws/install/moveit_hybrid_planning/include/moveit/global_planner
[0.326s] -- Up-to-date: /home/adminlab/franka_ros2_ws/install/moveit_hybrid_planning/include/moveit/global_planner/global_planner_interface.h
[0.326s] -- Up-to-date: /home/adminlab/franka_ros2_ws/install/moveit_hybrid_planning/include/moveit/global_planner/global_planner_component.h
[0.326s] -- Up-to-date: /home/adminlab/franka_ros2_ws/install/moveit_hybrid_planning/include
[0.326s] -- Up-to-date: /home/adminlab/franka_ros2_ws/install/moveit_hybrid_planning/include/moveit
[0.326s] -- Up-to-date: /home/adminlab/franka_ros2_ws/install/moveit_hybrid_planning/include/moveit/global_planner
[0.326s] -- Up-to-date: /home/adminlab/franka_ros2_ws/install/moveit_hybrid_planning/include/moveit/global_planner/moveit_planning_pipeline.h
[0.326s] -- Up-to-date: /home/adminlab/franka_ros2_ws/install/moveit_hybrid_planning/include
[0.326s] -- Up-to-date: /home/adminlab/franka_ros2_ws/install/moveit_hybrid_planning/include/moveit
[0.326s] -- Up-to-date: /home/adminlab/franka_ros2_ws/install/moveit_hybrid_planning/include/moveit/hybrid_planning_manager
[0.326s] -- Up-to-date: /home/adminlab/franka_ros2_ws/install/moveit_hybrid_planning/include/moveit/hybrid_planning_manager/planner_logic_interface.h
[0.326s] -- Up-to-date: /home/adminlab/franka_ros2_ws/install/moveit_hybrid_planning/include/moveit/hybrid_planning_manager/hybrid_planning_events.h
[0.327s] -- Up-to-date: /home/adminlab/franka_ros2_ws/install/moveit_hybrid_planning/include/moveit/hybrid_planning_manager/hybrid_planning_manager.h
[0.327s] -- Up-to-date: /home/adminlab/franka_ros2_ws/install/moveit_hybrid_planning/include/moveit/hybrid_planning_manager/moveit_error_code_interface.h
[0.327s] -- Up-to-date: /home/adminlab/franka_ros2_ws/install/moveit_hybrid_planning/include
[0.327s] -- Up-to-date: /home/adminlab/franka_ros2_ws/install/moveit_hybrid_planning/include/moveit
[0.327s] -- Up-to-date: /home/adminlab/franka_ros2_ws/install/moveit_hybrid_planning/include/moveit/planner_logic_plugins
[0.327s] -- Up-to-date: /home/adminlab/franka_ros2_ws/install/moveit_hybrid_planning/include/moveit/planner_logic_plugins/replan_invalidated_trajectory.h
[0.327s] -- Up-to-date: /home/adminlab/franka_ros2_ws/install/moveit_hybrid_planning/include/moveit/planner_logic_plugins/single_plan_execution.h
[0.327s] -- Up-to-date: /home/adminlab/franka_ros2_ws/install/moveit_hybrid_planning/include
[0.327s] -- Up-to-date: /home/adminlab/franka_ros2_ws/install/moveit_hybrid_planning/include/moveit
[0.327s] -- Up-to-date: /home/adminlab/franka_ros2_ws/install/moveit_hybrid_planning/include/moveit/local_planner
[0.327s] -- Up-to-date: /home/adminlab/franka_ros2_ws/install/moveit_hybrid_planning/include/moveit/local_planner/feedback_types.h
[0.327s] -- Up-to-date: /home/adminlab/franka_ros2_ws/install/moveit_hybrid_planning/include/moveit/local_planner/local_constraint_solver_interface.h
[0.327s] -- Up-to-date: /home/adminlab/franka_ros2_ws/install/moveit_hybrid_planning/include/moveit/local_planner/local_planner_component.h
[0.327s] -- Up-to-date: /home/adminlab/franka_ros2_ws/install/moveit_hybrid_planning/include/moveit/local_planner/trajectory_operator_interface.h
[0.328s] -- Up-to-date: /home/adminlab/franka_ros2_ws/install/moveit_hybrid_planning/include
[0.328s] -- Up-to-date: /home/adminlab/franka_ros2_ws/install/moveit_hybrid_planning/include/moveit
[0.328s] -- Up-to-date: /home/adminlab/franka_ros2_ws/install/moveit_hybrid_planning/include/moveit/trajectory_operator_plugins
[0.328s] -- Up-to-date: /home/adminlab/franka_ros2_ws/install/moveit_hybrid_planning/include/moveit/trajectory_operator_plugins/simple_sampler.h
[0.328s] -- Up-to-date: /home/adminlab/franka_ros2_ws/install/moveit_hybrid_planning/include
[0.328s] -- Up-to-date: /home/adminlab/franka_ros2_ws/install/moveit_hybrid_planning/include/moveit
[0.328s] -- Up-to-date: /home/adminlab/franka_ros2_ws/install/moveit_hybrid_planning/include/moveit/local_constraint_solver_plugins
[0.328s] -- Up-to-date: /home/adminlab/franka_ros2_ws/install/moveit_hybrid_planning/include/moveit/local_constraint_solver_plugins/forward_trajectory.h
[0.328s] -- Up-to-date: /home/adminlab/franka_ros2_ws/install/moveit_hybrid_planning/share/moveit_hybrid_planning/launch
[0.328s] -- Up-to-date: /home/adminlab/franka_ros2_ws/install/moveit_hybrid_planning/share/moveit_hybrid_planning/launch/hybrid_planning_common.py
[0.329s] -- Up-to-date: /home/adminlab/franka_ros2_ws/install/moveit_hybrid_planning/share/moveit_hybrid_planning/launch/hybrid_planning_demo.launch.py
[0.329s] -- Up-to-date: /home/adminlab/franka_ros2_ws/install/moveit_hybrid_planning/share/moveit_hybrid_planning/launch/test_basic_integration.test.py
[0.329s] -- Up-to-date: /home/adminlab/franka_ros2_ws/install/moveit_hybrid_planning/share/moveit_hybrid_planning/config
[0.329s] -- Up-to-date: /home/adminlab/franka_ros2_ws/install/moveit_hybrid_planning/share/moveit_hybrid_planning/config/hybrid_planning_manager.yaml
[0.329s] -- Up-to-date: /home/adminlab/franka_ros2_ws/install/moveit_hybrid_planning/share/moveit_hybrid_planning/config/common_hybrid_planning_params.yaml
[0.329s] -- Up-to-date: /home/adminlab/franka_ros2_ws/install/moveit_hybrid_planning/share/moveit_hybrid_planning/config/local_planner.yaml
[0.329s] -- Up-to-date: /home/adminlab/franka_ros2_ws/install/moveit_hybrid_planning/share/moveit_hybrid_planning/config/global_planner.yaml
[0.329s] -- Up-to-date: /home/adminlab/franka_ros2_ws/install/moveit_hybrid_planning/share/moveit_hybrid_planning/config/hybrid_planning_demo.rviz
[0.329s] -- Up-to-date: /home/adminlab/franka_ros2_ws/install/moveit_hybrid_planning/share/moveit_hybrid_planning/config/demo_controller.yaml
[0.329s] -- Up-to-date: /home/adminlab/franka_ros2_ws/install/moveit_hybrid_planning/share/moveit_hybrid_planning/single_plan_execution_plugin.xml
[0.329s] -- Up-to-date: /home/adminlab/franka_ros2_ws/install/moveit_hybrid_planning/share/moveit_hybrid_planning/moveit_planning_pipeline_plugin.xml
[0.329s] -- Up-to-date: /home/adminlab/franka_ros2_ws/install/moveit_hybrid_planning/share/moveit_hybrid_planning/simple_sampler_plugin.xml
[0.329s] -- Up-to-date: /home/adminlab/franka_ros2_ws/install/moveit_hybrid_planning/share/moveit_hybrid_planning/replan_invalidated_trajectory_plugin.xml
[0.329s] -- Up-to-date: /home/adminlab/franka_ros2_ws/install/moveit_hybrid_planning/share/moveit_hybrid_planning/forward_trajectory_plugin.xml
[0.329s] -- Up-to-date: /home/adminlab/franka_ros2_ws/install/moveit_hybrid_planning/share/moveit_hybrid_planning/environment/library_path.sh
[0.329s] -- Up-to-date: /home/adminlab/franka_ros2_ws/install/moveit_hybrid_planning/share/moveit_hybrid_planning/environment/library_path.dsv
[0.330s] -- Up-to-date: /home/adminlab/franka_ros2_ws/install/moveit_hybrid_planning/share/ament_index/resource_index/package_run_dependencies/moveit_hybrid_planning
[0.330s] -- Up-to-date: /home/adminlab/franka_ros2_ws/install/moveit_hybrid_planning/share/ament_index/resource_index/parent_prefix_path/moveit_hybrid_planning
[0.330s] -- Up-to-date: /home/adminlab/franka_ros2_ws/install/moveit_hybrid_planning/share/moveit_hybrid_planning/environment/ament_prefix_path.sh
[0.330s] -- Up-to-date: /home/adminlab/franka_ros2_ws/install/moveit_hybrid_planning/share/moveit_hybrid_planning/environment/ament_prefix_path.dsv
[0.330s] -- Up-to-date: /home/adminlab/franka_ros2_ws/install/moveit_hybrid_planning/share/moveit_hybrid_planning/environment/path.sh
[0.330s] -- Up-to-date: /home/adminlab/franka_ros2_ws/install/moveit_hybrid_planning/share/moveit_hybrid_planning/environment/path.dsv
[0.330s] -- Up-to-date: /home/adminlab/franka_ros2_ws/install/moveit_hybrid_planning/share/moveit_hybrid_planning/local_setup.bash
[0.330s] -- Up-to-date: /home/adminlab/franka_ros2_ws/install/moveit_hybrid_planning/share/moveit_hybrid_planning/local_setup.sh
[0.330s] -- Up-to-date: /home/adminlab/franka_ros2_ws/install/moveit_hybrid_planning/share/moveit_hybrid_planning/local_setup.zsh
[0.330s] -- Up-to-date: /home/adminlab/franka_ros2_ws/install/moveit_hybrid_planning/share/moveit_hybrid_planning/local_setup.dsv
[0.330s] -- Installing: /home/adminlab/franka_ros2_ws/install/moveit_hybrid_planning/share/moveit_hybrid_planning/package.dsv
[0.330s] -- Up-to-date: /home/adminlab/franka_ros2_ws/install/moveit_hybrid_planning/share/ament_index/resource_index/packages/moveit_hybrid_planning
[0.330s] -- Up-to-date: /home/adminlab/franka_ros2_ws/install/moveit_hybrid_planning/share/ament_index/resource_index/moveit_hybrid_planning__pluginlib__plugin/moveit_hybrid_planning
[0.331s] -- Up-to-date: /home/adminlab/franka_ros2_ws/install/moveit_hybrid_planning/share/ament_index/resource_index/rclcpp_components/moveit_hybrid_planning
[0.331s] -- Up-to-date: /home/adminlab/franka_ros2_ws/install/moveit_hybrid_planning/share/moveit_hybrid_planning/cmake/export_moveit_hybrid_planningExport.cmake
[0.331s] -- Up-to-date: /home/adminlab/franka_ros2_ws/install/moveit_hybrid_planning/share/moveit_hybrid_planning/cmake/export_moveit_hybrid_planningExport-release.cmake
[0.331s] -- Up-to-date: /home/adminlab/franka_ros2_ws/install/moveit_hybrid_planning/share/moveit_hybrid_planning/cmake/ament_cmake_export_include_directories-extras.cmake
[0.331s] -- Up-to-date: /home/adminlab/franka_ros2_ws/install/moveit_hybrid_planning/share/moveit_hybrid_planning/cmake/ament_cmake_export_libraries-extras.cmake
[0.331s] -- Up-to-date: /home/adminlab/franka_ros2_ws/install/moveit_hybrid_planning/share/moveit_hybrid_planning/cmake/ament_cmake_export_dependencies-extras.cmake
[0.331s] -- Up-to-date: /home/adminlab/franka_ros2_ws/install/moveit_hybrid_planning/share/moveit_hybrid_planning/cmake/ament_cmake_export_targets-extras.cmake
[0.331s] -- Up-to-date: /home/adminlab/franka_ros2_ws/install/moveit_hybrid_planning/share/moveit_hybrid_planning/cmake/moveit_hybrid_planningConfig.cmake
[0.331s] -- Up-to-date: /home/adminlab/franka_ros2_ws/install/moveit_hybrid_planning/share/moveit_hybrid_planning/cmake/moveit_hybrid_planningConfig-version.cmake
[0.331s] -- Up-to-date: /home/adminlab/franka_ros2_ws/install/moveit_hybrid_planning/share/moveit_hybrid_planning/package.xml
[0.332s] Invoked command in '/home/adminlab/franka_ros2_ws/build/moveit_hybrid_planning' returned '0': AMENT_PREFIX_PATH=/home/adminlab/franka_ros2_ws/install/moveit_ros_planning_interface:/home/adminlab/franka_ros2_ws/install/moveit_ros_move_group:/home/adminlab/franka_ros2_ws/install/moveit_ros_warehouse:/home/adminlab/franka_ros2_ws/install/moveit_planners_ompl:/home/adminlab/franka_ros2_ws/install/moveit_kinematics:/home/adminlab/franka_ros2_ws/install/moveit_ros_planning:/home/adminlab/franka_ros2_ws/install/moveit_ros_occupancy_map_monitor:/home/adminlab/franka_ros2_ws/install/moveit_core:/home/adminlab/franka_ros2_ws/install/ros_testing:/home/adminlab/franka_ros2_ws/install/moveit_resources_panda_moveit_config:/home/adminlab/franka_ros2_ws/install/generate_parameter_library:/home/adminlab/franka_ros2_ws/install/srdfdom:/home/adminlab/franka_ros2_ws/install/ros2test:/home/adminlab/franka_ros2_ws/install/parameter_traits:/home/adminlab/franka_ros2_ws/install/moveit_resources_panda_description:/home/adminlab/franka_ros2_ws/install/moveit_msgs:/home/adminlab/franka_ros2_ws/install/moveit_common:/home/adminlab/franka_ros2_ws/install/generate_parameter_library_py:${AMENT_PREFIX_PATH} CMAKE_PREFIX_PATH=/home/adminlab/franka_ros2_ws/install/moveit_ros_planning_interface:/home/adminlab/franka_ros2_ws/install/moveit_ros_move_group:/home/adminlab/franka_ros2_ws/install/moveit_ros_warehouse:/home/adminlab/franka_ros2_ws/install/moveit_planners_ompl:/home/adminlab/franka_ros2_ws/install/moveit_kinematics:/home/adminlab/franka_ros2_ws/install/moveit_ros_planning:/home/adminlab/franka_ros2_ws/install/moveit_ros_occupancy_map_monitor:/home/adminlab/franka_ros2_ws/install/moveit_core:/home/adminlab/franka_ros2_ws/install/ros_testing:/home/adminlab/franka_ros2_ws/install/moveit_resources_panda_moveit_config:/home/adminlab/franka_ros2_ws/install/generate_parameter_library:/home/adminlab/franka_ros2_ws/install/srdfdom:/home/adminlab/franka_ros2_ws/install/parameter_traits:/home/adminlab/franka_ros2_ws/install/moveit_resources_panda_description:/home/adminlab/franka_ros2_ws/install/moveit_msgs:/home/adminlab/franka_ros2_ws/install/moveit_common:/opt/ros/humble LD_LIBRARY_PATH=/home/adminlab/franka_ros2_ws/install/moveit_ros_planning_interface/lib:/home/adminlab/franka_ros2_ws/install/moveit_ros_move_group/lib:/home/adminlab/franka_ros2_ws/install/moveit_ros_warehouse/lib:/home/adminlab/franka_ros2_ws/install/moveit_planners_ompl/lib:/home/adminlab/franka_ros2_ws/install/moveit_kinematics/lib:/home/adminlab/franka_ros2_ws/install/moveit_ros_planning/lib:/home/adminlab/franka_ros2_ws/install/moveit_ros_occupancy_map_monitor/lib:/home/adminlab/franka_ros2_ws/install/moveit_core/lib:/home/adminlab/franka_ros2_ws/install/srdfdom/lib:/home/adminlab/franka_ros2_ws/install/parameter_traits/lib:/home/adminlab/franka_ros2_ws/install/moveit_msgs/lib:${LD_LIBRARY_PATH} PATH=/home/adminlab/franka_ros2_ws/install/moveit_core/bin:/home/adminlab/franka_ros2_ws/install/generate_parameter_library_py/bin:${PATH} PYTHONPATH=/home/adminlab/franka_ros2_ws/install/srdfdom/local/lib/python3.10/dist-packages:/home/adminlab/franka_ros2_ws/install/ros2test/lib/python3.10/site-packages:/home/adminlab/franka_ros2_ws/install/moveit_msgs/local/lib/python3.10/dist-packages:/home/adminlab/franka_ros2_ws/install/generate_parameter_library_py/lib/python3.10/site-packages:${PYTHONPATH} /usr/bin/cmake --install /home/adminlab/franka_ros2_ws/build/moveit_hybrid_planning
