-- Found ament_cmake: 1.3.9 (/opt/ros/humble/share/ament_cmake/cmake)
-- Found franka_msgs: 0.1.13 (/home/adminlab/franka_ros2_ws/install/franka_msgs/share/franka_msgs/cmake)
-- Found rosidl_generator_c: 3.1.5 (/opt/ros/humble/share/rosidl_generator_c/cmake)
-- Found rosidl_adapter: 3.1.5 (/opt/ros/humble/share/rosidl_adapter/cmake)
-- Found rosidl_generator_cpp: 3.1.5 (/opt/ros/humble/share/rosidl_generator_cpp/cmake)
-- Using all available rosidl_typesupport_c: rosidl_typesupport_fastrtps_c;rosidl_typesupport_introspection_c
-- Using all available rosidl_typesupport_cpp: rosidl_typesupport_fastrtps_cpp;rosidl_typesupport_introspection_cpp
-- Found rclcpp: 16.0.9 (/opt/ros/humble/share/rclcpp/cmake)
-- Found rmw_implementation_cmake: 6.1.2 (/opt/ros/humble/share/rmw_implementation_cmake/cmake)
-- Found rmw_fastrtps_cpp: 6.2.6 (/opt/ros/humble/share/rmw_fastrtps_cpp/cmake)
-- Using RMW implementation 'rmw_fastrtps_cpp' as default
-- Found rclcpp_action: 16.0.9 (/opt/ros/humble/share/rclcpp_action/cmake)
-- Found rclcpp_components: 16.0.9 (/opt/ros/humble/share/rclcpp_components/cmake)
-- Found std_srvs: 4.2.3 (/opt/ros/humble/share/std_srvs/cmake)
-- Found control_msgs: 4.5.0 (/opt/ros/humble/share/control_msgs/cmake)
-- Found ament_cmake_clang_format: 0.12.11 (/opt/ros/humble/share/ament_cmake_clang_format/cmake)
-- Found ament_cmake_copyright: 0.12.11 (/opt/ros/humble/share/ament_cmake_copyright/cmake)
-- Found ament_cmake_cppcheck: 0.12.11 (/opt/ros/humble/share/ament_cmake_cppcheck/cmake)
-- Found ament_cmake_flake8: 0.12.11 (/opt/ros/humble/share/ament_cmake_flake8/cmake)
-- Found ament_cmake_lint_cmake: 0.12.11 (/opt/ros/humble/share/ament_cmake_lint_cmake/cmake)
-- Found ament_cmake_pep257: 0.12.11 (/opt/ros/humble/share/ament_cmake_pep257/cmake)
-- Found ament_cmake_xmllint: 0.12.11 (/opt/ros/humble/share/ament_cmake_xmllint/cmake)
-- Configuring done
-- Generating done
-- Build files have been written to: /home/adminlab/franka_ros2_ws/build/franka_gripper
[35m[1mConsolidate compiler generated dependencies of target franka_gripper_node[0m
[35m[1mConsolidate compiler generated dependencies of target gripper_server[0m
[ 50%] Built target franka_gripper_node
[100%] Built target gripper_server
[100%] Built target ament_cmake_python_copy_franka_gripper
running egg_info
writing franka_gripper.egg-info/PKG-INFO
writing dependency_links to franka_gripper.egg-info/dependency_links.txt
writing top-level names to franka_gripper.egg-info/top_level.txt
reading manifest file 'franka_gripper.egg-info/SOURCES.txt'
writing manifest file 'franka_gripper.egg-info/SOURCES.txt'
[100%] Built target ament_cmake_python_build_franka_gripper_egg
-- Install configuration: "Debug"
-- Up-to-date: /home/adminlab/franka_ros2_ws/install/franka_gripper/lib/franka_gripper/franka_gripper_node
-- Up-to-date: /home/adminlab/franka_ros2_ws/install/franka_gripper/lib/libgripper_server.so
-- Up-to-date: /home/adminlab/franka_ros2_ws/install/franka_gripper/share/franka_gripper//launch
-- Up-to-date: /home/adminlab/franka_ros2_ws/install/franka_gripper/share/franka_gripper//launch/gripper.launch.py
-- Up-to-date: /home/adminlab/franka_ros2_ws/install/franka_gripper/share/franka_gripper//config
-- Up-to-date: /home/adminlab/franka_ros2_ws/install/franka_gripper/share/franka_gripper//config/franka_gripper_node.yaml
-- Up-to-date: /home/adminlab/franka_ros2_ws/install/franka_gripper/share/franka_gripper/environment/pythonpath.sh
-- Installing: /home/adminlab/franka_ros2_ws/install/franka_gripper/share/franka_gripper/environment/pythonpath.dsv
-- Up-to-date: /home/adminlab/franka_ros2_ws/install/franka_gripper/local/lib/python3.10/dist-packages/franka_gripper-0.1.13-py3.10.egg-info
-- Installing: /home/adminlab/franka_ros2_ws/install/franka_gripper/local/lib/python3.10/dist-packages/franka_gripper-0.1.13-py3.10.egg-info/dependency_links.txt
-- Installing: /home/adminlab/franka_ros2_ws/install/franka_gripper/local/lib/python3.10/dist-packages/franka_gripper-0.1.13-py3.10.egg-info/SOURCES.txt
-- Installing: /home/adminlab/franka_ros2_ws/install/franka_gripper/local/lib/python3.10/dist-packages/franka_gripper-0.1.13-py3.10.egg-info/top_level.txt
-- Installing: /home/adminlab/franka_ros2_ws/install/franka_gripper/local/lib/python3.10/dist-packages/franka_gripper-0.1.13-py3.10.egg-info/PKG-INFO
-- Up-to-date: /home/adminlab/franka_ros2_ws/install/franka_gripper/local/lib/python3.10/dist-packages/franka_gripper
-- Up-to-date: /home/adminlab/franka_ros2_ws/install/franka_gripper/local/lib/python3.10/dist-packages/franka_gripper/__init__.py
Listing '/home/adminlab/franka_ros2_ws/install/franka_gripper/local/lib/python3.10/dist-packages/franka_gripper'...
-- Up-to-date: /home/adminlab/franka_ros2_ws/install/franka_gripper/lib/franka_gripper/fake_gripper_state_publisher.py
-- Up-to-date: /home/adminlab/franka_ros2_ws/install/franka_gripper/share/ament_index/resource_index/package_run_dependencies/franka_gripper
-- Up-to-date: /home/adminlab/franka_ros2_ws/install/franka_gripper/share/ament_index/resource_index/parent_prefix_path/franka_gripper
-- Up-to-date: /home/adminlab/franka_ros2_ws/install/franka_gripper/share/franka_gripper/environment/ament_prefix_path.sh
-- Installing: /home/adminlab/franka_ros2_ws/install/franka_gripper/share/franka_gripper/environment/ament_prefix_path.dsv
-- Up-to-date: /home/adminlab/franka_ros2_ws/install/franka_gripper/share/franka_gripper/environment/path.sh
-- Installing: /home/adminlab/franka_ros2_ws/install/franka_gripper/share/franka_gripper/environment/path.dsv
-- Up-to-date: /home/adminlab/franka_ros2_ws/install/franka_gripper/share/franka_gripper/local_setup.bash
-- Up-to-date: /home/adminlab/franka_ros2_ws/install/franka_gripper/share/franka_gripper/local_setup.sh
-- Up-to-date: /home/adminlab/franka_ros2_ws/install/franka_gripper/share/franka_gripper/local_setup.zsh
-- Installing: /home/adminlab/franka_ros2_ws/install/franka_gripper/share/franka_gripper/local_setup.dsv
-- Installing: /home/adminlab/franka_ros2_ws/install/franka_gripper/share/franka_gripper/package.dsv
-- Up-to-date: /home/adminlab/franka_ros2_ws/install/franka_gripper/share/ament_index/resource_index/packages/franka_gripper
-- Up-to-date: /home/adminlab/franka_ros2_ws/install/franka_gripper/share/ament_index/resource_index/rclcpp_components/franka_gripper
-- Up-to-date: /home/adminlab/franka_ros2_ws/install/franka_gripper/share/franka_gripper/cmake/franka_gripperConfig.cmake
-- Up-to-date: /home/adminlab/franka_ros2_ws/install/franka_gripper/share/franka_gripper/cmake/franka_gripperConfig-version.cmake
-- Up-to-date: /home/adminlab/franka_ros2_ws/install/franka_gripper/share/franka_gripper/package.xml
