-- Found moveit_common: 2.5.5 (/home/adminlab/franka_ros2_ws/install/moveit_common/share/moveit_common/cmake)
-- Found ament_cmake: 1.3.9 (/opt/ros/humble/share/ament_cmake/cmake)
-- Could NOT find libbfd (missing: LIBBFD_LIBRARY LIBBFD_INCLUDE_DIR) 
-- BACKWARD_HAS_UNWIND=1
-- BACKWARD_HAS_BACKTRACE=0
-- BACKWARD_HAS_BACKTRACE_SYMBOL=0
-- BACKWARD_HAS_DW=1
-- BACKWARD_HAS_BFD=0
-- Found Backward: /opt/ros/humble/share/backward_ros/cmake  
-- Found eigen3_cmake_module: 0.1.1 (/opt/ros/humble/share/eigen3_cmake_module/cmake)
-- Found control_msgs: 4.5.0 (/opt/ros/humble/share/control_msgs/cmake)
-- Found rosidl_generator_c: 3.1.5 (/opt/ros/humble/share/rosidl_generator_c/cmake)
-- Found rosidl_adapter: 3.1.5 (/opt/ros/humble/share/rosidl_adapter/cmake)
-- Found rosidl_generator_cpp: 3.1.5 (/opt/ros/humble/share/rosidl_generator_cpp/cmake)
-- Using all available rosidl_typesupport_c: rosidl_typesupport_fastrtps_c;rosidl_typesupport_introspection_c
-- Using all available rosidl_typesupport_cpp: rosidl_typesupport_fastrtps_cpp;rosidl_typesupport_introspection_cpp
-- Found control_toolbox: 3.2.0 (/opt/ros/humble/share/control_toolbox/cmake)
-- Found rmw_implementation_cmake: 6.1.2 (/opt/ros/humble/share/rmw_implementation_cmake/cmake)
-- Found rmw_fastrtps_cpp: 6.2.6 (/opt/ros/humble/share/rmw_fastrtps_cpp/cmake)
-- Using RMW implementation 'rmw_fastrtps_cpp' as default
-- Found parameter_traits: 0.3.7 (/home/adminlab/franka_ros2_ws/install/parameter_traits/share/parameter_traits/cmake)
-- Found rclcpp_lifecycle: 16.0.9 (/opt/ros/humble/share/rclcpp_lifecycle/cmake)
-- Found moveit_core: 2.5.5 (/opt/ros/humble/share/moveit_core/cmake)
-- Found Boost: /usr/lib/x86_64-linux-gnu/cmake/Boost-1.74.0/BoostConfig.cmake (found version "1.74.0") found components: chrono date_time filesystem iostreams program_options regex serialization system thread 
-- Found Boost: /usr/lib/x86_64-linux-gnu/cmake/Boost-1.74.0/BoostConfig.cmake (found version "1.74.0") found components: filesystem 
-- library: /usr/lib/x86_64-linux-gnu/libcurl.so
-- Ensuring Eigen3 include directory is part of orocos-kdl CMake target
-- Found moveit_ros_planning: 2.5.5 (/opt/ros/humble/share/moveit_ros_planning/cmake)
-- Found Boost: /usr/lib/x86_64-linux-gnu/cmake/Boost-1.74.0/BoostConfig.cmake (found version "1.74.0") found components: system filesystem date_time program_options thread chrono 
-- Found std_srvs: 4.2.3 (/opt/ros/humble/share/std_srvs/cmake)
-- Found ament_lint_auto: 0.12.11 (/opt/ros/humble/share/ament_lint_auto/cmake)
-- Found ament_cmake_gtest: 1.3.9 (/opt/ros/humble/share/ament_cmake_gtest/cmake)
-- Found ros_testing: 0.7.0 (/home/adminlab/franka_ros2_ws/install/ros_testing/share/ros_testing/cmake)
-- Found launch_testing_ament_cmake: 1.0.6 (/opt/ros/humble/share/launch_testing_ament_cmake/cmake)
-- Found python_cmake_module: 0.10.0 (/opt/ros/humble/share/python_cmake_module/cmake)
-- Using PYTHON_EXECUTABLE: /usr/bin/python3
-- Using PYTHON_INCLUDE_DIRS: /usr/include/python3.10
-- Using PYTHON_LIBRARIES: /usr/lib/x86_64-linux-gnu/libpython3.10.so
-- Found Boost: /usr/lib/x86_64-linux-gnu/cmake/Boost-1.74.0/BoostConfig.cmake (found version "1.74.0") found components: filesystem 
-- Found gtest sources under '/opt/ros/humble/src/gtest_vendor': C++ tests using 'Google Test' will be built
-- Added test 'cppcheck' to perform static code analysis on C / C++ code
-- Configured cppcheck include dirs: /home/adminlab/franka_ros2_ws/src/moveit2/moveit_ros/moveit_servo/include
-- Configured cppcheck exclude dirs and/or files: 
-- Added test 'lint_cmake' to check CMake code style
-- Added test 'pep257' to check Python code against some of the docstring style conventions in PEP 257
-- Added test 'xmllint' to check XML markup files
-- Configuring done
-- Generating done
-- Build files have been written to: /home/adminlab/franka_ros2_ws/build/moveit_servo
[35m[1mConsolidate compiler generated dependencies of target moveit_servo_lib_parameters[0m
[35m[1mConsolidate compiler generated dependencies of target gtest_main[0m
[35m[1mConsolidate compiler generated dependencies of target fake_command_publisher[0m
[35m[1mConsolidate compiler generated dependencies of target gtest[0m
[35m[1mConsolidate compiler generated dependencies of target servo_controller_input[0m
[  6%] [32mBuilding CXX object gtest/CMakeFiles/gtest_main.dir/src/gtest_main.cc.o[0m
[  6%] [32mBuilding CXX object CMakeFiles/servo_controller_input.dir/src/teleop_demo/joystick_servo_example.cpp.o[0m
[  9%] [32mBuilding CXX object gtest/CMakeFiles/gtest.dir/src/gtest-all.cc.o[0m
[ 12%] [32mBuilding CXX object CMakeFiles/fake_command_publisher.dir/test/publish_fake_jog_commands.cpp.o[0m
[ 18%] [32mBuilding CXX object CMakeFiles/moveit_servo_lib_parameters.dir/src/servo_parameters.cpp.o[0m
[ 18%] [32mBuilding CXX object CMakeFiles/moveit_servo_lib_parameters.dir/src/parameter_descriptor_builder.cpp.o[0m
[ 21%] [32m[1mLinking CXX static library libgtest_main.a[0m
[ 21%] Built target gtest_main
[ 24%] [32m[1mLinking CXX static library libgtest.a[0m
[ 24%] Built target gtest
[ 27%] [32m[1mLinking CXX executable fake_command_publisher[0m
[ 27%] Built target fake_command_publisher
[ 30%] [32m[1mLinking CXX shared library libmoveit_servo_lib_parameters.so[0m
[ 33%] [32m[1mLinking CXX shared library libservo_controller_input.so[0m
[ 33%] Built target moveit_servo_lib_parameters
[ 33%] Built target servo_controller_input
[35m[1mConsolidate compiler generated dependencies of target test_servo_collision[0m
[ 36%] [32mBuilding CXX object CMakeFiles/test_servo_collision.dir/test/test_servo_collision.cpp.o[0m
[ 39%] [32m[1mLinking CXX executable test_servo_collision[0m
[ 39%] Built target test_servo_collision
[35m[1mConsolidate compiler generated dependencies of target test_servo_integration[0m
[35m[1mConsolidate compiler generated dependencies of target moveit_servo_lib[0m
[ 42%] [32mBuilding CXX object CMakeFiles/test_servo_integration.dir/test/test_servo_interface.cpp.o[0m
[ 45%] [32mBuilding CXX object CMakeFiles/moveit_servo_lib.dir/src/enforce_limits.cpp.o[0m
[ 48%] [32mBuilding CXX object CMakeFiles/moveit_servo_lib.dir/src/collision_check.cpp.o[0m
[ 51%] [32mBuilding CXX object CMakeFiles/moveit_servo_lib.dir/src/servo.cpp.o[0m
[ 54%] [32mBuilding CXX object CMakeFiles/moveit_servo_lib.dir/src/utilities.cpp.o[0m
[ 57%] [32mBuilding CXX object CMakeFiles/moveit_servo_lib.dir/src/servo_calcs.cpp.o[0m
[ 60%] [32m[1mLinking CXX executable test_servo_integration[0m
[ 60%] Built target test_servo_integration
[ 63%] [32m[1mLinking CXX shared library libmoveit_servo_lib.so[0m
[ 63%] Built target moveit_servo_lib
[35m[1mConsolidate compiler generated dependencies of target servo_node[0m
[35m[1mConsolidate compiler generated dependencies of target servo_calcs_unit_tests[0m
[35m[1mConsolidate compiler generated dependencies of target pose_tracking[0m
[ 66%] [32mBuilding CXX object CMakeFiles/servo_calcs_unit_tests.dir/test/servo_calcs_unit_tests.cpp.o[0m
[ 72%] [32mBuilding CXX object CMakeFiles/servo_node.dir/src/servo_node.cpp.o[0m
[ 72%] [32mBuilding CXX object CMakeFiles/pose_tracking.dir/src/pose_tracking.cpp.o[0m
[ 75%] [32m[1mLinking CXX shared library libservo_node.so[0m
[ 75%] Built target servo_node
[35m[1mConsolidate compiler generated dependencies of target servo_node_main[0m
[ 78%] [32mBuilding CXX object CMakeFiles/servo_node_main.dir/src/servo_node_main.cpp.o[0m
[ 81%] [32m[1mLinking CXX shared library libpose_tracking.so[0m
[ 81%] Built target pose_tracking
[35m[1mConsolidate compiler generated dependencies of target servo_pose_tracking_demo[0m
[35m[1mConsolidate compiler generated dependencies of target test_servo_pose_tracking[0m
[ 84%] [32mBuilding CXX object CMakeFiles/servo_pose_tracking_demo.dir/src/cpp_interface_demo/pose_tracking_demo.cpp.o[0m
[ 87%] [32mBuilding CXX object CMakeFiles/test_servo_pose_tracking.dir/test/pose_tracking_test.cpp.o[0m
[ 90%] [32m[1mLinking CXX executable servo_node_main[0m
[ 90%] Built target servo_node_main
[ 93%] [32m[1mLinking CXX executable servo_calcs_unit_tests[0m
[ 93%] Built target servo_calcs_unit_tests
[ 96%] [32m[1mLinking CXX executable servo_pose_tracking_demo[0m
[ 96%] Built target servo_pose_tracking_demo
[100%] [32m[1mLinking CXX executable test_servo_pose_tracking[0m
[100%] Built target test_servo_pose_tracking
-- Install configuration: "Debug"
-- Installing: /home/adminlab/franka_ros2_ws/install/moveit_servo/lib/libmoveit_servo_lib.so.2.5.5
-- Set runtime path of "/home/adminlab/franka_ros2_ws/install/moveit_servo/lib/libmoveit_servo_lib.so.2.5.5" to ""
-- Up-to-date: /home/adminlab/franka_ros2_ws/install/moveit_servo/lib/libmoveit_servo_lib.so
-- Installing: /home/adminlab/franka_ros2_ws/install/moveit_servo/lib/libmoveit_servo_lib_parameters.so.2.5.5
-- Set runtime path of "/home/adminlab/franka_ros2_ws/install/moveit_servo/lib/libmoveit_servo_lib_parameters.so.2.5.5" to ""
-- Up-to-date: /home/adminlab/franka_ros2_ws/install/moveit_servo/lib/libmoveit_servo_lib_parameters.so
-- Installing: /home/adminlab/franka_ros2_ws/install/moveit_servo/lib/libpose_tracking.so
-- Set runtime path of "/home/adminlab/franka_ros2_ws/install/moveit_servo/lib/libpose_tracking.so" to ""
-- Installing: /home/adminlab/franka_ros2_ws/install/moveit_servo/lib/libservo_node.so
-- Set runtime path of "/home/adminlab/franka_ros2_ws/install/moveit_servo/lib/libservo_node.so" to ""
-- Installing: /home/adminlab/franka_ros2_ws/install/moveit_servo/lib/libservo_controller_input.so
-- Set runtime path of "/home/adminlab/franka_ros2_ws/install/moveit_servo/lib/libservo_controller_input.so" to ""
-- Installing: /home/adminlab/franka_ros2_ws/install/moveit_servo/lib/moveit_servo/servo_node_main
-- Set runtime path of "/home/adminlab/franka_ros2_ws/install/moveit_servo/lib/moveit_servo/servo_node_main" to ""
-- Installing: /home/adminlab/franka_ros2_ws/install/moveit_servo/lib/moveit_servo/servo_pose_tracking_demo
-- Set runtime path of "/home/adminlab/franka_ros2_ws/install/moveit_servo/lib/moveit_servo/servo_pose_tracking_demo" to ""
-- Installing: /home/adminlab/franka_ros2_ws/install/moveit_servo/lib/moveit_servo/fake_command_publisher
-- Set runtime path of "/home/adminlab/franka_ros2_ws/install/moveit_servo/lib/moveit_servo/fake_command_publisher" to ""
-- Up-to-date: /home/adminlab/franka_ros2_ws/install/moveit_servo/include
-- Up-to-date: /home/adminlab/franka_ros2_ws/install/moveit_servo/include/moveit_servo
-- Up-to-date: /home/adminlab/franka_ros2_ws/install/moveit_servo/include/moveit_servo/servo_calcs.h
-- Up-to-date: /home/adminlab/franka_ros2_ws/install/moveit_servo/include/moveit_servo/pose_tracking.h
-- Up-to-date: /home/adminlab/franka_ros2_ws/install/moveit_servo/include/moveit_servo/make_shared_from_pool.h
-- Up-to-date: /home/adminlab/franka_ros2_ws/install/moveit_servo/include/moveit_servo/servo_server.h
-- Up-to-date: /home/adminlab/franka_ros2_ws/install/moveit_servo/include/moveit_servo/utilities.h
-- Up-to-date: /home/adminlab/franka_ros2_ws/install/moveit_servo/include/moveit_servo/servo.h
-- Up-to-date: /home/adminlab/franka_ros2_ws/install/moveit_servo/include/moveit_servo/collision_check.h
-- Up-to-date: /home/adminlab/franka_ros2_ws/install/moveit_servo/include/moveit_servo/status_codes.h
-- Up-to-date: /home/adminlab/franka_ros2_ws/install/moveit_servo/include/moveit_servo/servo_parameters.h
-- Up-to-date: /home/adminlab/franka_ros2_ws/install/moveit_servo/include/moveit_servo/servo_node.h
-- Up-to-date: /home/adminlab/franka_ros2_ws/install/moveit_servo/include/moveit_servo/enforce_limits.hpp
-- Up-to-date: /home/adminlab/franka_ros2_ws/install/moveit_servo/include/moveit_servo/parameter_descriptor_builder.hpp
-- Up-to-date: /home/adminlab/franka_ros2_ws/install/moveit_servo/share/moveit_servo/launch
-- Up-to-date: /home/adminlab/franka_ros2_ws/install/moveit_servo/share/moveit_servo/launch/pose_tracking_example.launch.py
-- Up-to-date: /home/adminlab/franka_ros2_ws/install/moveit_servo/share/moveit_servo/launch/servo_example.launch.py
-- Up-to-date: /home/adminlab/franka_ros2_ws/install/moveit_servo/share/moveit_servo/config
-- Up-to-date: /home/adminlab/franka_ros2_ws/install/moveit_servo/share/moveit_servo/config/demo_rviz_config.rviz
-- Up-to-date: /home/adminlab/franka_ros2_ws/install/moveit_servo/share/moveit_servo/config/demo_rviz_pose_tracking.rviz
-- Up-to-date: /home/adminlab/franka_ros2_ws/install/moveit_servo/share/moveit_servo/config/panda_simulated_config.yaml
-- Up-to-date: /home/adminlab/franka_ros2_ws/install/moveit_servo/share/moveit_servo/config/pose_tracking_settings.yaml
-- Up-to-date: /home/adminlab/franka_ros2_ws/install/moveit_servo/share/moveit_servo/config/panda_simulated_config_pose_tracking.yaml
-- Up-to-date: /home/adminlab/franka_ros2_ws/install/moveit_servo/share/moveit_servo/environment/library_path.sh
-- Installing: /home/adminlab/franka_ros2_ws/install/moveit_servo/share/moveit_servo/environment/library_path.dsv
-- Up-to-date: /home/adminlab/franka_ros2_ws/install/moveit_servo/share/ament_index/resource_index/package_run_dependencies/moveit_servo
-- Installing: /home/adminlab/franka_ros2_ws/install/moveit_servo/share/ament_index/resource_index/parent_prefix_path/moveit_servo
-- Up-to-date: /home/adminlab/franka_ros2_ws/install/moveit_servo/share/moveit_servo/environment/ament_prefix_path.sh
-- Installing: /home/adminlab/franka_ros2_ws/install/moveit_servo/share/moveit_servo/environment/ament_prefix_path.dsv
-- Up-to-date: /home/adminlab/franka_ros2_ws/install/moveit_servo/share/moveit_servo/environment/path.sh
-- Installing: /home/adminlab/franka_ros2_ws/install/moveit_servo/share/moveit_servo/environment/path.dsv
-- Up-to-date: /home/adminlab/franka_ros2_ws/install/moveit_servo/share/moveit_servo/local_setup.bash
-- Up-to-date: /home/adminlab/franka_ros2_ws/install/moveit_servo/share/moveit_servo/local_setup.sh
-- Up-to-date: /home/adminlab/franka_ros2_ws/install/moveit_servo/share/moveit_servo/local_setup.zsh
-- Installing: /home/adminlab/franka_ros2_ws/install/moveit_servo/share/moveit_servo/local_setup.dsv
-- Installing: /home/adminlab/franka_ros2_ws/install/moveit_servo/share/moveit_servo/package.dsv
-- Up-to-date: /home/adminlab/franka_ros2_ws/install/moveit_servo/share/ament_index/resource_index/packages/moveit_servo
-- Up-to-date: /home/adminlab/franka_ros2_ws/install/moveit_servo/share/ament_index/resource_index/rclcpp_components/moveit_servo
-- Up-to-date: /home/adminlab/franka_ros2_ws/install/moveit_servo/share/moveit_servo/cmake/export_moveit_servoExport.cmake
-- Installing: /home/adminlab/franka_ros2_ws/install/moveit_servo/share/moveit_servo/cmake/export_moveit_servoExport-debug.cmake
-- Up-to-date: /home/adminlab/franka_ros2_ws/install/moveit_servo/share/moveit_servo/cmake/ament_cmake_export_targets-extras.cmake
-- Up-to-date: /home/adminlab/franka_ros2_ws/install/moveit_servo/share/moveit_servo/cmake/ament_cmake_export_dependencies-extras.cmake
-- Up-to-date: /home/adminlab/franka_ros2_ws/install/moveit_servo/share/moveit_servo/cmake/moveit_servoConfig.cmake
-- Up-to-date: /home/adminlab/franka_ros2_ws/install/moveit_servo/share/moveit_servo/cmake/moveit_servoConfig-version.cmake
-- Up-to-date: /home/adminlab/franka_ros2_ws/install/moveit_servo/share/moveit_servo/package.xml
