[0.369s] Invoking command in '/home/adminlab/franka_ros2_ws/build/moveit_resources_fanuc_description': CMAKE_PREFIX_PATH=/home/adminlab/franka_ros2_ws/install/moveit_configs_utils:/home/adminlab/franka_ros2_ws/install/ros2test:/home/adminlab/franka_ros2_ws/install/generate_parameter_module_example:/home/adminlab/franka_ros2_ws/install/launch_param_builder:/home/adminlab/franka_ros2_ws/install/handcv:/home/adminlab/franka_ros2_ws/install/generate_parameter_library_py:/home/adminlab/franka_ros2_ws/install/camera_publisher:/opt/ros/humble:${CMAKE_PREFIX_PATH} /usr/bin/cmake --build /home/adminlab/franka_ros2_ws/build/moveit_resources_fanuc_description -- -j16 -l16
[0.595s] Invoked command in '/home/adminlab/franka_ros2_ws/build/moveit_resources_fanuc_description' returned '0': CMAKE_PREFIX_PATH=/home/adminlab/franka_ros2_ws/install/moveit_configs_utils:/home/adminlab/franka_ros2_ws/install/ros2test:/home/adminlab/franka_ros2_ws/install/generate_parameter_module_example:/home/adminlab/franka_ros2_ws/install/launch_param_builder:/home/adminlab/franka_ros2_ws/install/handcv:/home/adminlab/franka_ros2_ws/install/generate_parameter_library_py:/home/adminlab/franka_ros2_ws/install/camera_publisher:/opt/ros/humble:${CMAKE_PREFIX_PATH} /usr/bin/cmake --build /home/adminlab/franka_ros2_ws/build/moveit_resources_fanuc_description -- -j16 -l16
[0.687s] Invoking command in '/home/adminlab/franka_ros2_ws/build/moveit_resources_fanuc_description': CMAKE_PREFIX_PATH=/home/adminlab/franka_ros2_ws/install/moveit_configs_utils:/home/adminlab/franka_ros2_ws/install/ros2test:/home/adminlab/franka_ros2_ws/install/generate_parameter_module_example:/home/adminlab/franka_ros2_ws/install/launch_param_builder:/home/adminlab/franka_ros2_ws/install/handcv:/home/adminlab/franka_ros2_ws/install/generate_parameter_library_py:/home/adminlab/franka_ros2_ws/install/camera_publisher:/opt/ros/humble:${CMAKE_PREFIX_PATH} /usr/bin/cmake --install /home/adminlab/franka_ros2_ws/build/moveit_resources_fanuc_description
[0.706s] -- Install configuration: ""
[0.707s] -- Up-to-date: /home/adminlab/franka_ros2_ws/install/moveit_resources_fanuc_description/share/ament_index/resource_index/package_run_dependencies/moveit_resources_fanuc_description
[0.707s] -- Up-to-date: /home/adminlab/franka_ros2_ws/install/moveit_resources_fanuc_description/share/ament_index/resource_index/parent_prefix_path/moveit_resources_fanuc_description
[0.707s] -- Up-to-date: /home/adminlab/franka_ros2_ws/install/moveit_resources_fanuc_description/share/moveit_resources_fanuc_description/environment/ament_prefix_path.sh
[0.707s] -- Up-to-date: /home/adminlab/franka_ros2_ws/install/moveit_resources_fanuc_description/share/moveit_resources_fanuc_description/environment/ament_prefix_path.dsv
[0.707s] -- Up-to-date: /home/adminlab/franka_ros2_ws/install/moveit_resources_fanuc_description/share/moveit_resources_fanuc_description/environment/path.sh
[0.707s] -- Up-to-date: /home/adminlab/franka_ros2_ws/install/moveit_resources_fanuc_description/share/moveit_resources_fanuc_description/environment/path.dsv
[0.707s] -- Up-to-date: /home/adminlab/franka_ros2_ws/install/moveit_resources_fanuc_description/share/moveit_resources_fanuc_description/local_setup.bash
[0.707s] -- Up-to-date: /home/adminlab/franka_ros2_ws/install/moveit_resources_fanuc_description/share/moveit_resources_fanuc_description/local_setup.sh
[0.707s] -- Up-to-date: /home/adminlab/franka_ros2_ws/install/moveit_resources_fanuc_description/share/moveit_resources_fanuc_description/local_setup.zsh
[0.707s] -- Up-to-date: /home/adminlab/franka_ros2_ws/install/moveit_resources_fanuc_description/share/moveit_resources_fanuc_description/local_setup.dsv
[0.707s] -- Installing: /home/adminlab/franka_ros2_ws/install/moveit_resources_fanuc_description/share/moveit_resources_fanuc_description/package.dsv
[0.707s] -- Up-to-date: /home/adminlab/franka_ros2_ws/install/moveit_resources_fanuc_description/share/ament_index/resource_index/packages/moveit_resources_fanuc_description
[0.707s] -- Up-to-date: /home/adminlab/franka_ros2_ws/install/moveit_resources_fanuc_description/share/moveit_resources_fanuc_description/cmake/moveit_resources_fanuc_descriptionConfig.cmake
[0.707s] -- Up-to-date: /home/adminlab/franka_ros2_ws/install/moveit_resources_fanuc_description/share/moveit_resources_fanuc_description/cmake/moveit_resources_fanuc_descriptionConfig-version.cmake
[0.707s] -- Up-to-date: /home/adminlab/franka_ros2_ws/install/moveit_resources_fanuc_description/share/moveit_resources_fanuc_description/package.xml
[0.707s] -- Up-to-date: /home/adminlab/franka_ros2_ws/install/moveit_resources_fanuc_description/share/moveit_resources_fanuc_description/meshes
[0.707s] -- Up-to-date: /home/adminlab/franka_ros2_ws/install/moveit_resources_fanuc_description/share/moveit_resources_fanuc_description/meshes/collision
[0.708s] -- Up-to-date: /home/adminlab/franka_ros2_ws/install/moveit_resources_fanuc_description/share/moveit_resources_fanuc_description/meshes/collision/link_2.stl
[0.708s] -- Up-to-date: /home/adminlab/franka_ros2_ws/install/moveit_resources_fanuc_description/share/moveit_resources_fanuc_description/meshes/collision/link_1.stl
[0.708s] -- Up-to-date: /home/adminlab/franka_ros2_ws/install/moveit_resources_fanuc_description/share/moveit_resources_fanuc_description/meshes/collision/link_4.stl
[0.708s] -- Up-to-date: /home/adminlab/franka_ros2_ws/install/moveit_resources_fanuc_description/share/moveit_resources_fanuc_description/meshes/collision/link_6.stl
[0.708s] -- Up-to-date: /home/adminlab/franka_ros2_ws/install/moveit_resources_fanuc_description/share/moveit_resources_fanuc_description/meshes/collision/link_5.stl
[0.708s] -- Up-to-date: /home/adminlab/franka_ros2_ws/install/moveit_resources_fanuc_description/share/moveit_resources_fanuc_description/meshes/collision/base_link.stl
[0.708s] -- Up-to-date: /home/adminlab/franka_ros2_ws/install/moveit_resources_fanuc_description/share/moveit_resources_fanuc_description/meshes/collision/link_3.stl
[0.708s] -- Up-to-date: /home/adminlab/franka_ros2_ws/install/moveit_resources_fanuc_description/share/moveit_resources_fanuc_description/meshes/visual
[0.708s] -- Up-to-date: /home/adminlab/franka_ros2_ws/install/moveit_resources_fanuc_description/share/moveit_resources_fanuc_description/meshes/visual/link_2.stl
[0.710s] -- Up-to-date: /home/adminlab/franka_ros2_ws/install/moveit_resources_fanuc_description/share/moveit_resources_fanuc_description/meshes/visual/link_1.stl
[0.710s] -- Up-to-date: /home/adminlab/franka_ros2_ws/install/moveit_resources_fanuc_description/share/moveit_resources_fanuc_description/meshes/visual/link_4.stl
[0.710s] -- Up-to-date: /home/adminlab/franka_ros2_ws/install/moveit_resources_fanuc_description/share/moveit_resources_fanuc_description/meshes/visual/link_6.stl
[0.710s] -- Up-to-date: /home/adminlab/franka_ros2_ws/install/moveit_resources_fanuc_description/share/moveit_resources_fanuc_description/meshes/visual/link_5.stl
[0.710s] -- Up-to-date: /home/adminlab/franka_ros2_ws/install/moveit_resources_fanuc_description/share/moveit_resources_fanuc_description/meshes/visual/base_link.stl
[0.710s] -- Up-to-date: /home/adminlab/franka_ros2_ws/install/moveit_resources_fanuc_description/share/moveit_resources_fanuc_description/meshes/visual/link_3.stl
[0.710s] -- Up-to-date: /home/adminlab/franka_ros2_ws/install/moveit_resources_fanuc_description/share/moveit_resources_fanuc_description/urdf
[0.710s] -- Up-to-date: /home/adminlab/franka_ros2_ws/install/moveit_resources_fanuc_description/share/moveit_resources_fanuc_description/urdf/fanuc.urdf
[0.763s] Invoked command in '/home/adminlab/franka_ros2_ws/build/moveit_resources_fanuc_description' returned '0': CMAKE_PREFIX_PATH=/home/adminlab/franka_ros2_ws/install/moveit_configs_utils:/home/adminlab/franka_ros2_ws/install/ros2test:/home/adminlab/franka_ros2_ws/install/generate_parameter_module_example:/home/adminlab/franka_ros2_ws/install/launch_param_builder:/home/adminlab/franka_ros2_ws/install/handcv:/home/adminlab/franka_ros2_ws/install/generate_parameter_library_py:/home/adminlab/franka_ros2_ws/install/camera_publisher:/opt/ros/humble:${CMAKE_PREFIX_PATH} /usr/bin/cmake --install /home/adminlab/franka_ros2_ws/build/moveit_resources_fanuc_description
