-- Found moveit_common: 2.5.5 (/home/adminlab/franka_ros2_ws/install/moveit_common/share/moveit_common/cmake)
-- Found ament_cmake: 1.3.9 (/opt/ros/humble/share/ament_cmake/cmake)
-- Could NOT find libbfd (missing: LIBBFD_LIBRARY LIBBFD_INCLUDE_DIR) 
-- BACKWARD_HAS_UNWIND=1
-- BACKWARD_HAS_BACKTRACE=0
-- BACKWARD_HAS_BACKTRACE_SYMBOL=0
-- BACKWARD_HAS_DW=1
-- BACKWARD_HAS_BFD=0
-- Found Backward: /opt/ros/humble/share/backward_ros/cmake  
-- Found moveit_core: 2.5.5 (/home/adminlab/franka_ros2_ws/install/moveit_core/share/moveit_core/cmake)
-- Found Boost: /usr/lib/x86_64-linux-gnu/cmake/Boost-1.74.0/BoostConfig.cmake (found version "1.74.0") found components: chrono date_time filesystem iostreams program_options regex serialization system thread 
-- Found parameter_traits: 0.3.7 (/home/adminlab/franka_ros2_ws/install/parameter_traits/share/parameter_traits/cmake)
-- Found rosidl_generator_c: 3.1.5 (/opt/ros/humble/share/rosidl_generator_c/cmake)
-- Found rosidl_adapter: 3.1.5 (/opt/ros/humble/share/rosidl_adapter/cmake)
-- Found rosidl_generator_cpp: 3.1.5 (/opt/ros/humble/share/rosidl_generator_cpp/cmake)
-- Using all available rosidl_typesupport_c: rosidl_typesupport_fastrtps_c;rosidl_typesupport_introspection_c
-- Using all available rosidl_typesupport_cpp: rosidl_typesupport_fastrtps_cpp;rosidl_typesupport_introspection_cpp
-- Found rmw_implementation_cmake: 6.1.2 (/opt/ros/humble/share/rmw_implementation_cmake/cmake)
-- Found rmw_fastrtps_cpp: 6.2.6 (/opt/ros/humble/share/rmw_fastrtps_cpp/cmake)
-- Using RMW implementation 'rmw_fastrtps_cpp' as default
-- Found rclcpp_lifecycle: 16.0.9 (/opt/ros/humble/share/rclcpp_lifecycle/cmake)
-- Found Boost: /usr/lib/x86_64-linux-gnu/cmake/Boost-1.74.0/BoostConfig.cmake (found version "1.74.0") found components: filesystem 
-- library: /usr/lib/x86_64-linux-gnu/libcurl.so
-- Ensuring Eigen3 include directory is part of orocos-kdl CMake target
-- Found moveit_ros_planning: 2.5.5 (/home/adminlab/franka_ros2_ws/install/moveit_ros_planning/share/moveit_ros_planning/cmake)
-- Found Boost: /usr/lib/x86_64-linux-gnu/cmake/Boost-1.74.0/BoostConfig.cmake (found version "1.74.0") found components: system filesystem date_time program_options thread chrono 
-- Found moveit_ros_planning_interface: 2.5.5 (/home/adminlab/franka_ros2_ws/install/moveit_ros_planning_interface/share/moveit_ros_planning_interface/cmake)
-- Found Boost: /usr/lib/x86_64-linux-gnu/cmake/Boost-1.74.0/BoostConfig.cmake (found version "1.74.0") found components: date_time filesystem program_options system thread 
-- Found Boost: /usr/lib/x86_64-linux-gnu/cmake/Boost-1.74.0/BoostConfig.cmake (found version "1.74.0") found components: thread system filesystem regex date_time program_options 
-- Found Boost: /usr/lib/x86_64-linux-gnu/cmake/Boost-1.74.0/BoostConfig.cmake (found version "1.74.0") found components: system filesystem date_time program_options thread 
-- Found ament_lint_auto: 0.12.11 (/opt/ros/humble/share/ament_lint_auto/cmake)
-- Found ament_cmake_gtest: 1.3.9 (/opt/ros/humble/share/ament_cmake_gtest/cmake)
-- Found ros_testing: 0.7.0 (/home/adminlab/franka_ros2_ws/install/ros_testing/share/ros_testing/cmake)
-- Found launch_testing_ament_cmake: 1.0.6 (/opt/ros/humble/share/launch_testing_ament_cmake/cmake)
-- Found python_cmake_module: 0.10.0 (/opt/ros/humble/share/python_cmake_module/cmake)
-- Using PYTHON_EXECUTABLE: /usr/bin/python3
-- Using PYTHON_INCLUDE_DIRS: /usr/include/python3.10
-- Using PYTHON_LIBRARIES: /usr/lib/x86_64-linux-gnu/libpython3.10.so
-- Found Boost: /usr/lib/x86_64-linux-gnu/cmake/Boost-1.74.0/BoostConfig.cmake (found version "1.74.0") found components: filesystem 
-- Configuring done
-- Generating done
-- Build files have been written to: /home/adminlab/franka_ros2_ws/build/moveit_hybrid_planning
[35m[1mConsolidate compiler generated dependencies of target moveit_global_planner_component[0m
[35m[1mConsolidate compiler generated dependencies of target forward_trajectory_plugin[0m
[35m[1mConsolidate compiler generated dependencies of target moveit_hybrid_planning_manager[0m
[35m[1mConsolidate compiler generated dependencies of target simple_sampler_plugin[0m
[35m[1mConsolidate compiler generated dependencies of target motion_planning_pipeline_plugin[0m
[35m[1mConsolidate compiler generated dependencies of target moveit_local_planner_component[0m
[ 10%] Built target moveit_global_planner_component
[ 20%] Built target forward_trajectory_plugin
[ 30%] Built target moveit_hybrid_planning_manager
[ 40%] Built target simple_sampler_plugin
[ 50%] Built target motion_planning_pipeline_plugin
[35m[1mConsolidate compiler generated dependencies of target single_plan_execution_plugin[0m
[ 60%] Built target moveit_local_planner_component
[ 70%] Built target single_plan_execution_plugin
[35m[1mConsolidate compiler generated dependencies of target replan_invalidated_trajectory_plugin[0m
[ 80%] Built target replan_invalidated_trajectory_plugin
[35m[1mConsolidate compiler generated dependencies of target cancel_action[0m
[35m[1mConsolidate compiler generated dependencies of target hybrid_planning_demo_node[0m
[ 90%] Built target cancel_action
[100%] Built target hybrid_planning_demo_node
-- Install configuration: "Debug"
-- Up-to-date: /home/adminlab/franka_ros2_ws/install/moveit_hybrid_planning/lib/libmoveit_global_planner_component.so.2.5.5
-- Up-to-date: /home/adminlab/franka_ros2_ws/install/moveit_hybrid_planning/lib/libmoveit_global_planner_component.so
-- Up-to-date: /home/adminlab/franka_ros2_ws/install/moveit_hybrid_planning/lib/libmoveit_hybrid_planning_manager.so.2.5.5
-- Up-to-date: /home/adminlab/franka_ros2_ws/install/moveit_hybrid_planning/lib/libmoveit_hybrid_planning_manager.so
-- Up-to-date: /home/adminlab/franka_ros2_ws/install/moveit_hybrid_planning/lib/libmoveit_local_planner_component.so.2.5.5
-- Up-to-date: /home/adminlab/franka_ros2_ws/install/moveit_hybrid_planning/lib/libmoveit_local_planner_component.so
-- Up-to-date: /home/adminlab/franka_ros2_ws/install/moveit_hybrid_planning/lib/libforward_trajectory_plugin.so.2.5.5
-- Up-to-date: /home/adminlab/franka_ros2_ws/install/moveit_hybrid_planning/lib/libforward_trajectory_plugin.so
-- Up-to-date: /home/adminlab/franka_ros2_ws/install/moveit_hybrid_planning/lib/libmotion_planning_pipeline_plugin.so.2.5.5
-- Up-to-date: /home/adminlab/franka_ros2_ws/install/moveit_hybrid_planning/lib/libmotion_planning_pipeline_plugin.so
-- Up-to-date: /home/adminlab/franka_ros2_ws/install/moveit_hybrid_planning/lib/libreplan_invalidated_trajectory_plugin.so.2.5.5
-- Up-to-date: /home/adminlab/franka_ros2_ws/install/moveit_hybrid_planning/lib/libreplan_invalidated_trajectory_plugin.so
-- Up-to-date: /home/adminlab/franka_ros2_ws/install/moveit_hybrid_planning/lib/libsimple_sampler_plugin.so.2.5.5
-- Up-to-date: /home/adminlab/franka_ros2_ws/install/moveit_hybrid_planning/lib/libsimple_sampler_plugin.so
-- Up-to-date: /home/adminlab/franka_ros2_ws/install/moveit_hybrid_planning/lib/libsingle_plan_execution_plugin.so.2.5.5
-- Up-to-date: /home/adminlab/franka_ros2_ws/install/moveit_hybrid_planning/lib/libsingle_plan_execution_plugin.so
-- Up-to-date: /home/adminlab/franka_ros2_ws/install/moveit_hybrid_planning/lib/moveit_hybrid_planning/cancel_action
-- Up-to-date: /home/adminlab/franka_ros2_ws/install/moveit_hybrid_planning/lib/moveit_hybrid_planning/hybrid_planning_demo_node
-- Up-to-date: /home/adminlab/franka_ros2_ws/install/moveit_hybrid_planning/include
-- Up-to-date: /home/adminlab/franka_ros2_ws/install/moveit_hybrid_planning/include/moveit
-- Up-to-date: /home/adminlab/franka_ros2_ws/install/moveit_hybrid_planning/include/moveit/global_planner
-- Up-to-date: /home/adminlab/franka_ros2_ws/install/moveit_hybrid_planning/include/moveit/global_planner/global_planner_interface.h
-- Up-to-date: /home/adminlab/franka_ros2_ws/install/moveit_hybrid_planning/include/moveit/global_planner/global_planner_component.h
-- Up-to-date: /home/adminlab/franka_ros2_ws/install/moveit_hybrid_planning/include
-- Up-to-date: /home/adminlab/franka_ros2_ws/install/moveit_hybrid_planning/include/moveit
-- Up-to-date: /home/adminlab/franka_ros2_ws/install/moveit_hybrid_planning/include/moveit/global_planner
-- Up-to-date: /home/adminlab/franka_ros2_ws/install/moveit_hybrid_planning/include/moveit/global_planner/moveit_planning_pipeline.h
-- Up-to-date: /home/adminlab/franka_ros2_ws/install/moveit_hybrid_planning/include
-- Up-to-date: /home/adminlab/franka_ros2_ws/install/moveit_hybrid_planning/include/moveit
-- Up-to-date: /home/adminlab/franka_ros2_ws/install/moveit_hybrid_planning/include/moveit/hybrid_planning_manager
-- Up-to-date: /home/adminlab/franka_ros2_ws/install/moveit_hybrid_planning/include/moveit/hybrid_planning_manager/planner_logic_interface.h
-- Up-to-date: /home/adminlab/franka_ros2_ws/install/moveit_hybrid_planning/include/moveit/hybrid_planning_manager/hybrid_planning_events.h
-- Up-to-date: /home/adminlab/franka_ros2_ws/install/moveit_hybrid_planning/include/moveit/hybrid_planning_manager/hybrid_planning_manager.h
-- Up-to-date: /home/adminlab/franka_ros2_ws/install/moveit_hybrid_planning/include/moveit/hybrid_planning_manager/moveit_error_code_interface.h
-- Up-to-date: /home/adminlab/franka_ros2_ws/install/moveit_hybrid_planning/include
-- Up-to-date: /home/adminlab/franka_ros2_ws/install/moveit_hybrid_planning/include/moveit
-- Up-to-date: /home/adminlab/franka_ros2_ws/install/moveit_hybrid_planning/include/moveit/planner_logic_plugins
-- Up-to-date: /home/adminlab/franka_ros2_ws/install/moveit_hybrid_planning/include/moveit/planner_logic_plugins/replan_invalidated_trajectory.h
-- Up-to-date: /home/adminlab/franka_ros2_ws/install/moveit_hybrid_planning/include/moveit/planner_logic_plugins/single_plan_execution.h
-- Up-to-date: /home/adminlab/franka_ros2_ws/install/moveit_hybrid_planning/include
-- Up-to-date: /home/adminlab/franka_ros2_ws/install/moveit_hybrid_planning/include/moveit
-- Up-to-date: /home/adminlab/franka_ros2_ws/install/moveit_hybrid_planning/include/moveit/local_planner
-- Up-to-date: /home/adminlab/franka_ros2_ws/install/moveit_hybrid_planning/include/moveit/local_planner/feedback_types.h
-- Up-to-date: /home/adminlab/franka_ros2_ws/install/moveit_hybrid_planning/include/moveit/local_planner/local_constraint_solver_interface.h
-- Up-to-date: /home/adminlab/franka_ros2_ws/install/moveit_hybrid_planning/include/moveit/local_planner/local_planner_component.h
-- Up-to-date: /home/adminlab/franka_ros2_ws/install/moveit_hybrid_planning/include/moveit/local_planner/trajectory_operator_interface.h
-- Up-to-date: /home/adminlab/franka_ros2_ws/install/moveit_hybrid_planning/include
-- Up-to-date: /home/adminlab/franka_ros2_ws/install/moveit_hybrid_planning/include/moveit
-- Up-to-date: /home/adminlab/franka_ros2_ws/install/moveit_hybrid_planning/include/moveit/trajectory_operator_plugins
-- Up-to-date: /home/adminlab/franka_ros2_ws/install/moveit_hybrid_planning/include/moveit/trajectory_operator_plugins/simple_sampler.h
-- Up-to-date: /home/adminlab/franka_ros2_ws/install/moveit_hybrid_planning/include
-- Up-to-date: /home/adminlab/franka_ros2_ws/install/moveit_hybrid_planning/include/moveit
-- Up-to-date: /home/adminlab/franka_ros2_ws/install/moveit_hybrid_planning/include/moveit/local_constraint_solver_plugins
-- Up-to-date: /home/adminlab/franka_ros2_ws/install/moveit_hybrid_planning/include/moveit/local_constraint_solver_plugins/forward_trajectory.h
-- Up-to-date: /home/adminlab/franka_ros2_ws/install/moveit_hybrid_planning/share/moveit_hybrid_planning/launch
-- Up-to-date: /home/adminlab/franka_ros2_ws/install/moveit_hybrid_planning/share/moveit_hybrid_planning/launch/hybrid_planning_common.py
-- Up-to-date: /home/adminlab/franka_ros2_ws/install/moveit_hybrid_planning/share/moveit_hybrid_planning/launch/hybrid_planning_demo.launch.py
-- Up-to-date: /home/adminlab/franka_ros2_ws/install/moveit_hybrid_planning/share/moveit_hybrid_planning/launch/test_basic_integration.test.py
-- Up-to-date: /home/adminlab/franka_ros2_ws/install/moveit_hybrid_planning/share/moveit_hybrid_planning/config
-- Up-to-date: /home/adminlab/franka_ros2_ws/install/moveit_hybrid_planning/share/moveit_hybrid_planning/config/hybrid_planning_manager.yaml
-- Up-to-date: /home/adminlab/franka_ros2_ws/install/moveit_hybrid_planning/share/moveit_hybrid_planning/config/common_hybrid_planning_params.yaml
-- Up-to-date: /home/adminlab/franka_ros2_ws/install/moveit_hybrid_planning/share/moveit_hybrid_planning/config/local_planner.yaml
-- Up-to-date: /home/adminlab/franka_ros2_ws/install/moveit_hybrid_planning/share/moveit_hybrid_planning/config/global_planner.yaml
-- Up-to-date: /home/adminlab/franka_ros2_ws/install/moveit_hybrid_planning/share/moveit_hybrid_planning/config/hybrid_planning_demo.rviz
-- Up-to-date: /home/adminlab/franka_ros2_ws/install/moveit_hybrid_planning/share/moveit_hybrid_planning/config/demo_controller.yaml
-- Up-to-date: /home/adminlab/franka_ros2_ws/install/moveit_hybrid_planning/share/moveit_hybrid_planning/single_plan_execution_plugin.xml
-- Up-to-date: /home/adminlab/franka_ros2_ws/install/moveit_hybrid_planning/share/moveit_hybrid_planning/moveit_planning_pipeline_plugin.xml
-- Up-to-date: /home/adminlab/franka_ros2_ws/install/moveit_hybrid_planning/share/moveit_hybrid_planning/simple_sampler_plugin.xml
-- Up-to-date: /home/adminlab/franka_ros2_ws/install/moveit_hybrid_planning/share/moveit_hybrid_planning/replan_invalidated_trajectory_plugin.xml
-- Up-to-date: /home/adminlab/franka_ros2_ws/install/moveit_hybrid_planning/share/moveit_hybrid_planning/forward_trajectory_plugin.xml
-- Up-to-date: /home/adminlab/franka_ros2_ws/install/moveit_hybrid_planning/share/moveit_hybrid_planning/environment/library_path.sh
-- Installing: /home/adminlab/franka_ros2_ws/install/moveit_hybrid_planning/share/moveit_hybrid_planning/environment/library_path.dsv
-- Up-to-date: /home/adminlab/franka_ros2_ws/install/moveit_hybrid_planning/share/ament_index/resource_index/package_run_dependencies/moveit_hybrid_planning
-- Up-to-date: /home/adminlab/franka_ros2_ws/install/moveit_hybrid_planning/share/ament_index/resource_index/parent_prefix_path/moveit_hybrid_planning
-- Up-to-date: /home/adminlab/franka_ros2_ws/install/moveit_hybrid_planning/share/moveit_hybrid_planning/environment/ament_prefix_path.sh
-- Installing: /home/adminlab/franka_ros2_ws/install/moveit_hybrid_planning/share/moveit_hybrid_planning/environment/ament_prefix_path.dsv
-- Up-to-date: /home/adminlab/franka_ros2_ws/install/moveit_hybrid_planning/share/moveit_hybrid_planning/environment/path.sh
-- Installing: /home/adminlab/franka_ros2_ws/install/moveit_hybrid_planning/share/moveit_hybrid_planning/environment/path.dsv
-- Up-to-date: /home/adminlab/franka_ros2_ws/install/moveit_hybrid_planning/share/moveit_hybrid_planning/local_setup.bash
-- Up-to-date: /home/adminlab/franka_ros2_ws/install/moveit_hybrid_planning/share/moveit_hybrid_planning/local_setup.sh
-- Up-to-date: /home/adminlab/franka_ros2_ws/install/moveit_hybrid_planning/share/moveit_hybrid_planning/local_setup.zsh
-- Installing: /home/adminlab/franka_ros2_ws/install/moveit_hybrid_planning/share/moveit_hybrid_planning/local_setup.dsv
-- Installing: /home/adminlab/franka_ros2_ws/install/moveit_hybrid_planning/share/moveit_hybrid_planning/package.dsv
-- Up-to-date: /home/adminlab/franka_ros2_ws/install/moveit_hybrid_planning/share/ament_index/resource_index/packages/moveit_hybrid_planning
-- Up-to-date: /home/adminlab/franka_ros2_ws/install/moveit_hybrid_planning/share/ament_index/resource_index/moveit_hybrid_planning__pluginlib__plugin/moveit_hybrid_planning
-- Up-to-date: /home/adminlab/franka_ros2_ws/install/moveit_hybrid_planning/share/ament_index/resource_index/rclcpp_components/moveit_hybrid_planning
-- Up-to-date: /home/adminlab/franka_ros2_ws/install/moveit_hybrid_planning/share/moveit_hybrid_planning/cmake/export_moveit_hybrid_planningExport.cmake
-- Up-to-date: /home/adminlab/franka_ros2_ws/install/moveit_hybrid_planning/share/moveit_hybrid_planning/cmake/export_moveit_hybrid_planningExport-debug.cmake
-- Up-to-date: /home/adminlab/franka_ros2_ws/install/moveit_hybrid_planning/share/moveit_hybrid_planning/cmake/ament_cmake_export_include_directories-extras.cmake
-- Up-to-date: /home/adminlab/franka_ros2_ws/install/moveit_hybrid_planning/share/moveit_hybrid_planning/cmake/ament_cmake_export_libraries-extras.cmake
-- Up-to-date: /home/adminlab/franka_ros2_ws/install/moveit_hybrid_planning/share/moveit_hybrid_planning/cmake/ament_cmake_export_dependencies-extras.cmake
-- Up-to-date: /home/adminlab/franka_ros2_ws/install/moveit_hybrid_planning/share/moveit_hybrid_planning/cmake/ament_cmake_export_targets-extras.cmake
-- Up-to-date: /home/adminlab/franka_ros2_ws/install/moveit_hybrid_planning/share/moveit_hybrid_planning/cmake/moveit_hybrid_planningConfig.cmake
-- Up-to-date: /home/adminlab/franka_ros2_ws/install/moveit_hybrid_planning/share/moveit_hybrid_planning/cmake/moveit_hybrid_planningConfig-version.cmake
-- Up-to-date: /home/adminlab/franka_ros2_ws/install/moveit_hybrid_planning/share/moveit_hybrid_planning/package.xml
