[0.206s] Invoking command in '/home/adminlab/franka_ros2_ws/build/moveit_common': CMAKE_PREFIX_PATH=${CMAKE_PREFIX_PATH}:/home/adminlab/franka_ros2_ws/install/moveit_configs_utils:/home/adminlab/franka_ros2_ws/install/ros2test:/home/adminlab/franka_ros2_ws/install/generate_parameter_module_example:/home/adminlab/franka_ros2_ws/install/launch_param_builder:/home/adminlab/franka_ros2_ws/install/handcv:/home/adminlab/franka_ros2_ws/install/generate_parameter_library_py:/home/adminlab/franka_ros2_ws/install/franka_custom_controller:/home/adminlab/franka_ros2_ws/install/camera_publisher:/opt/ros/humble /usr/bin/cmake --build /home/adminlab/franka_ros2_ws/build/moveit_common -- -j16 -l16
[0.645s] Invoked command in '/home/adminlab/franka_ros2_ws/build/moveit_common' returned '0': CMAKE_PREFIX_PATH=${CMAKE_PREFIX_PATH}:/home/adminlab/franka_ros2_ws/install/moveit_configs_utils:/home/adminlab/franka_ros2_ws/install/ros2test:/home/adminlab/franka_ros2_ws/install/generate_parameter_module_example:/home/adminlab/franka_ros2_ws/install/launch_param_builder:/home/adminlab/franka_ros2_ws/install/handcv:/home/adminlab/franka_ros2_ws/install/generate_parameter_library_py:/home/adminlab/franka_ros2_ws/install/franka_custom_controller:/home/adminlab/franka_ros2_ws/install/camera_publisher:/opt/ros/humble /usr/bin/cmake --build /home/adminlab/franka_ros2_ws/build/moveit_common -- -j16 -l16
[0.722s] Invoking command in '/home/adminlab/franka_ros2_ws/build/moveit_common': CMAKE_PREFIX_PATH=${CMAKE_PREFIX_PATH}:/home/adminlab/franka_ros2_ws/install/moveit_configs_utils:/home/adminlab/franka_ros2_ws/install/ros2test:/home/adminlab/franka_ros2_ws/install/generate_parameter_module_example:/home/adminlab/franka_ros2_ws/install/launch_param_builder:/home/adminlab/franka_ros2_ws/install/handcv:/home/adminlab/franka_ros2_ws/install/generate_parameter_library_py:/home/adminlab/franka_ros2_ws/install/franka_custom_controller:/home/adminlab/franka_ros2_ws/install/camera_publisher:/opt/ros/humble /usr/bin/cmake --install /home/adminlab/franka_ros2_ws/build/moveit_common
[0.741s] -- Install configuration: ""
[0.741s] -- Up-to-date: /home/adminlab/franka_ros2_ws/install/moveit_common/share/ament_index/resource_index/package_run_dependencies/moveit_common
[0.741s] -- Up-to-date: /home/adminlab/franka_ros2_ws/install/moveit_common/share/ament_index/resource_index/parent_prefix_path/moveit_common
[0.741s] -- Up-to-date: /home/adminlab/franka_ros2_ws/install/moveit_common/share/moveit_common/environment/ament_prefix_path.sh
[0.741s] -- Up-to-date: /home/adminlab/franka_ros2_ws/install/moveit_common/share/moveit_common/environment/ament_prefix_path.dsv
[0.741s] -- Up-to-date: /home/adminlab/franka_ros2_ws/install/moveit_common/share/moveit_common/environment/path.sh
[0.741s] -- Up-to-date: /home/adminlab/franka_ros2_ws/install/moveit_common/share/moveit_common/environment/path.dsv
[0.741s] -- Up-to-date: /home/adminlab/franka_ros2_ws/install/moveit_common/share/moveit_common/local_setup.bash
[0.741s] -- Up-to-date: /home/adminlab/franka_ros2_ws/install/moveit_common/share/moveit_common/local_setup.sh
[0.741s] -- Up-to-date: /home/adminlab/franka_ros2_ws/install/moveit_common/share/moveit_common/local_setup.zsh
[0.741s] -- Up-to-date: /home/adminlab/franka_ros2_ws/install/moveit_common/share/moveit_common/local_setup.dsv
[0.741s] -- Installing: /home/adminlab/franka_ros2_ws/install/moveit_common/share/moveit_common/package.dsv
[0.741s] -- Up-to-date: /home/adminlab/franka_ros2_ws/install/moveit_common/share/ament_index/resource_index/packages/moveit_common
[0.742s] -- Up-to-date: /home/adminlab/franka_ros2_ws/install/moveit_common/share/moveit_common/cmake/moveit_common-extras.cmake
[0.742s] -- Up-to-date: /home/adminlab/franka_ros2_ws/install/moveit_common/share/moveit_common/cmake/moveit_commonConfig.cmake
[0.742s] -- Up-to-date: /home/adminlab/franka_ros2_ws/install/moveit_common/share/moveit_common/cmake/moveit_commonConfig-version.cmake
[0.742s] -- Up-to-date: /home/adminlab/franka_ros2_ws/install/moveit_common/share/moveit_common/package.xml
[0.742s] -- Up-to-date: /home/adminlab/franka_ros2_ws/install/moveit_common/share/moveit_common/cmake
[0.743s] -- Up-to-date: /home/adminlab/franka_ros2_ws/install/moveit_common/share/moveit_common/cmake/moveit_package.cmake
[0.757s] Invoked command in '/home/adminlab/franka_ros2_ws/build/moveit_common' returned '0': CMAKE_PREFIX_PATH=${CMAKE_PREFIX_PATH}:/home/adminlab/franka_ros2_ws/install/moveit_configs_utils:/home/adminlab/franka_ros2_ws/install/ros2test:/home/adminlab/franka_ros2_ws/install/generate_parameter_module_example:/home/adminlab/franka_ros2_ws/install/launch_param_builder:/home/adminlab/franka_ros2_ws/install/handcv:/home/adminlab/franka_ros2_ws/install/generate_parameter_library_py:/home/adminlab/franka_ros2_ws/install/franka_custom_controller:/home/adminlab/franka_ros2_ws/install/camera_publisher:/opt/ros/humble /usr/bin/cmake --install /home/adminlab/franka_ros2_ws/build/moveit_common
