[0.071s] Invoking command in '/home/adminlab/franka_ros2_ws/build/franka_gripper': AMENT_PREFIX_PATH=/home/adminlab/franka_ros2_ws/install/franka_msgs:${AMENT_PREFIX_PATH} CMAKE_PREFIX_PATH=/home/adminlab/franka_ros2_ws/install/franka_msgs:/opt/ros/humble LD_LIBRARY_PATH=/home/adminlab/franka_ros2_ws/install/franka_msgs/lib:${LD_LIBRARY_PATH} PYTHONPATH=/home/adminlab/franka_ros2_ws/install/franka_msgs/local/lib/python3.10/dist-packages:${PYTHONPATH} /usr/bin/cmake --build /home/adminlab/franka_ros2_ws/build/franka_gripper -- -j16 -l16
[0.157s] [ 50%] Built target franka_gripper_node
[0.164s] [100%] Built target gripper_server
[0.165s] [100%] Built target ament_cmake_python_copy_franka_gripper
[0.474s] running egg_info
[0.474s] writing franka_gripper.egg-info/PKG-INFO
[0.475s] writing dependency_links to franka_gripper.egg-info/dependency_links.txt
[0.475s] writing top-level names to franka_gripper.egg-info/top_level.txt
[0.477s] reading manifest file 'franka_gripper.egg-info/SOURCES.txt'
[0.478s] writing manifest file 'franka_gripper.egg-info/SOURCES.txt'
[0.505s] [100%] Built target ament_cmake_python_build_franka_gripper_egg
[0.511s] Invoked command in '/home/adminlab/franka_ros2_ws/build/franka_gripper' returned '0': AMENT_PREFIX_PATH=/home/adminlab/franka_ros2_ws/install/franka_msgs:${AMENT_PREFIX_PATH} CMAKE_PREFIX_PATH=/home/adminlab/franka_ros2_ws/install/franka_msgs:/opt/ros/humble LD_LIBRARY_PATH=/home/adminlab/franka_ros2_ws/install/franka_msgs/lib:${LD_LIBRARY_PATH} PYTHONPATH=/home/adminlab/franka_ros2_ws/install/franka_msgs/local/lib/python3.10/dist-packages:${PYTHONPATH} /usr/bin/cmake --build /home/adminlab/franka_ros2_ws/build/franka_gripper -- -j16 -l16
[0.534s] Invoking command in '/home/adminlab/franka_ros2_ws/build/franka_gripper': AMENT_PREFIX_PATH=/home/adminlab/franka_ros2_ws/install/franka_msgs:${AMENT_PREFIX_PATH} CMAKE_PREFIX_PATH=/home/adminlab/franka_ros2_ws/install/franka_msgs:/opt/ros/humble LD_LIBRARY_PATH=/home/adminlab/franka_ros2_ws/install/franka_msgs/lib:${LD_LIBRARY_PATH} PYTHONPATH=/home/adminlab/franka_ros2_ws/install/franka_msgs/local/lib/python3.10/dist-packages:${PYTHONPATH} /usr/bin/cmake --install /home/adminlab/franka_ros2_ws/build/franka_gripper
[0.538s] -- Install configuration: ""
[0.539s] -- Up-to-date: /home/adminlab/franka_ros2_ws/install/franka_gripper/lib/franka_gripper/franka_gripper_node
[0.540s] -- Up-to-date: /home/adminlab/franka_ros2_ws/install/franka_gripper/lib/libgripper_server.so
[0.541s] -- Up-to-date: /home/adminlab/franka_ros2_ws/install/franka_gripper/share/franka_gripper//launch
[0.541s] -- Up-to-date: /home/adminlab/franka_ros2_ws/install/franka_gripper/share/franka_gripper//launch/gripper.launch.py
[0.542s] -- Up-to-date: /home/adminlab/franka_ros2_ws/install/franka_gripper/share/franka_gripper//config
[0.542s] -- Up-to-date: /home/adminlab/franka_ros2_ws/install/franka_gripper/share/franka_gripper//config/franka_gripper_node.yaml
[0.542s] -- Up-to-date: /home/adminlab/franka_ros2_ws/install/franka_gripper/share/franka_gripper/environment/pythonpath.sh
[0.542s] -- Up-to-date: /home/adminlab/franka_ros2_ws/install/franka_gripper/share/franka_gripper/environment/pythonpath.dsv
[0.542s] -- Up-to-date: /home/adminlab/franka_ros2_ws/install/franka_gripper/local/lib/python3.10/dist-packages/franka_gripper-0.1.13-py3.10.egg-info
[0.542s] -- Installing: /home/adminlab/franka_ros2_ws/install/franka_gripper/local/lib/python3.10/dist-packages/franka_gripper-0.1.13-py3.10.egg-info/dependency_links.txt
[0.542s] -- Installing: /home/adminlab/franka_ros2_ws/install/franka_gripper/local/lib/python3.10/dist-packages/franka_gripper-0.1.13-py3.10.egg-info/SOURCES.txt
[0.542s] -- Installing: /home/adminlab/franka_ros2_ws/install/franka_gripper/local/lib/python3.10/dist-packages/franka_gripper-0.1.13-py3.10.egg-info/top_level.txt
[0.542s] -- Installing: /home/adminlab/franka_ros2_ws/install/franka_gripper/local/lib/python3.10/dist-packages/franka_gripper-0.1.13-py3.10.egg-info/PKG-INFO
[0.542s] -- Up-to-date: /home/adminlab/franka_ros2_ws/install/franka_gripper/local/lib/python3.10/dist-packages/franka_gripper
[0.542s] -- Up-to-date: /home/adminlab/franka_ros2_ws/install/franka_gripper/local/lib/python3.10/dist-packages/franka_gripper/__init__.py
[0.564s] Listing '/home/adminlab/franka_ros2_ws/install/franka_gripper/local/lib/python3.10/dist-packages/franka_gripper'...
[0.568s] -- Up-to-date: /home/adminlab/franka_ros2_ws/install/franka_gripper/lib/franka_gripper/fake_gripper_state_publisher.py
[0.568s] -- Up-to-date: /home/adminlab/franka_ros2_ws/install/franka_gripper/share/ament_index/resource_index/package_run_dependencies/franka_gripper
[0.568s] -- Up-to-date: /home/adminlab/franka_ros2_ws/install/franka_gripper/share/ament_index/resource_index/parent_prefix_path/franka_gripper
[0.568s] -- Up-to-date: /home/adminlab/franka_ros2_ws/install/franka_gripper/share/franka_gripper/environment/ament_prefix_path.sh
[0.568s] -- Up-to-date: /home/adminlab/franka_ros2_ws/install/franka_gripper/share/franka_gripper/environment/ament_prefix_path.dsv
[0.568s] -- Up-to-date: /home/adminlab/franka_ros2_ws/install/franka_gripper/share/franka_gripper/environment/path.sh
[0.568s] -- Up-to-date: /home/adminlab/franka_ros2_ws/install/franka_gripper/share/franka_gripper/environment/path.dsv
[0.568s] -- Up-to-date: /home/adminlab/franka_ros2_ws/install/franka_gripper/share/franka_gripper/local_setup.bash
[0.568s] -- Up-to-date: /home/adminlab/franka_ros2_ws/install/franka_gripper/share/franka_gripper/local_setup.sh
[0.569s] -- Up-to-date: /home/adminlab/franka_ros2_ws/install/franka_gripper/share/franka_gripper/local_setup.zsh
[0.569s] -- Up-to-date: /home/adminlab/franka_ros2_ws/install/franka_gripper/share/franka_gripper/local_setup.dsv
[0.569s] -- Installing: /home/adminlab/franka_ros2_ws/install/franka_gripper/share/franka_gripper/package.dsv
[0.569s] -- Up-to-date: /home/adminlab/franka_ros2_ws/install/franka_gripper/share/ament_index/resource_index/packages/franka_gripper
[0.569s] -- Up-to-date: /home/adminlab/franka_ros2_ws/install/franka_gripper/share/ament_index/resource_index/rclcpp_components/franka_gripper
[0.569s] -- Up-to-date: /home/adminlab/franka_ros2_ws/install/franka_gripper/share/franka_gripper/cmake/franka_gripperConfig.cmake
[0.569s] -- Up-to-date: /home/adminlab/franka_ros2_ws/install/franka_gripper/share/franka_gripper/cmake/franka_gripperConfig-version.cmake
[0.569s] -- Up-to-date: /home/adminlab/franka_ros2_ws/install/franka_gripper/share/franka_gripper/package.xml
[0.570s] Invoked command in '/home/adminlab/franka_ros2_ws/build/franka_gripper' returned '0': AMENT_PREFIX_PATH=/home/adminlab/franka_ros2_ws/install/franka_msgs:${AMENT_PREFIX_PATH} CMAKE_PREFIX_PATH=/home/adminlab/franka_ros2_ws/install/franka_msgs:/opt/ros/humble LD_LIBRARY_PATH=/home/adminlab/franka_ros2_ws/install/franka_msgs/lib:${LD_LIBRARY_PATH} PYTHONPATH=/home/adminlab/franka_ros2_ws/install/franka_msgs/local/lib/python3.10/dist-packages:${PYTHONPATH} /usr/bin/cmake --install /home/adminlab/franka_ros2_ws/build/franka_gripper
