[0.203s] Invoking command in '/home/adminlab/franka_ros2_ws/build/srdfdom': CMAKE_PREFIX_PATH=/home/adminlab/franka_ros2_ws/install/srdfdom:/home/adminlab/franka_ros2_ws/install/rviz_marker_tools:/home/adminlab/franka_ros2_ws/install/rosparam_shortcuts:/home/adminlab/franka_ros2_ws/install/ros_testing:/home/adminlab/franka_ros2_ws/install/opencv_cam:/home/adminlab/franka_ros2_ws/install/ros2_shared:/home/adminlab/franka_ros2_ws/install/realsense2_description:/home/adminlab/franka_ros2_ws/install/realsense2_camera_msgs:/home/adminlab/franka_ros2_ws/install/joint_trajectory_controller:/home/adminlab/franka_ros2_ws/install/generate_parameter_library_example:/home/adminlab/franka_ros2_ws/install/franka_bringup:/home/adminlab/franka_ros2_ws/install/franka_robot_state_broadcaster:/home/adminlab/franka_ros2_ws/install/cmake_generate_parameter_module_example:/home/adminlab/franka_ros2_ws/install/generate_parameter_library:/home/adminlab/franka_ros2_ws/install/parameter_traits:/home/adminlab/franka_ros2_ws/install/moveit_task_constructor_msgs:/home/adminlab/franka_ros2_ws/install/moveit_resources_prbt_support:/home/adminlab/franka_ros2_ws/install/moveit_resources:/home/adminlab/franka_ros2_ws/install/moveit_resources_pr2_description:/home/adminlab/franka_ros2_ws/install/moveit_resources_panda_moveit_config:/home/adminlab/franka_ros2_ws/install/moveit_resources_panda_description:/home/adminlab/franka_ros2_ws/install/moveit_resources_fanuc_moveit_config:/home/adminlab/franka_ros2_ws/install/moveit_resources_fanuc_description:/home/adminlab/franka_ros2_ws/install/moveit_msgs:/home/adminlab/franka_ros2_ws/install/moveit_common:/home/adminlab/franka_ros2_ws/install/integration_launch_testing:/home/adminlab/franka_ros2_ws/install/franka_example_controllers:/home/adminlab/franka_ros2_ws/install/franka_semantic_components:/home/adminlab/franka_ros2_ws/install/moveit_configs_utils:/home/adminlab/franka_ros2_ws/install/ros2test:/home/adminlab/franka_ros2_ws/install/generate_parameter_module_example:/home/adminlab/franka_ros2_ws/install/launch_param_builder:/home/adminlab/franka_ros2_ws/install/generate_parameter_library_py:/home/adminlab/franka_ros2_ws/install/camera_publisher:/opt/ros/humble:/home/adminlab/franka_ros2_ws/install/franka_custom_controller:/home/adminlab/franka_ros2_ws/install/franka_hardware:/home/adminlab/franka_ros2_ws/install/franka_gripper:/home/adminlab/franka_ros2_ws/install/franka_msgs:/home/adminlab/franka_ros2_ws/install/franka_description /usr/bin/cmake --build /home/adminlab/franka_ros2_ws/build/srdfdom -- -j16 -l16
[0.603s] [35m[1mConsolidate compiler generated dependencies of target gtest_main[0m
[0.603s] [35m[1mConsolidate compiler generated dependencies of target gtest[0m
[0.603s] [35m[1mConsolidate compiler generated dependencies of target srdfdom[0m
[0.603s] [  0%] Built target ament_cmake_python_copy_srdfdom
[0.603s] [ 18%] Built target gtest_main
[0.603s] [ 36%] Built target gtest
[0.603s] [ 63%] Built target srdfdom
[0.603s] [35m[1mConsolidate compiler generated dependencies of target test_cpp_C[0m
[0.603s] [35m[1mConsolidate compiler generated dependencies of target test_cpp_nl_NL.UTF-8[0m
[0.603s] [ 81%] Built target test_cpp_C
[0.603s] [100%] Built target test_cpp_nl_NL.UTF-8
[0.603s] running egg_info
[0.603s] writing srdfdom.egg-info/PKG-INFO
[0.603s] writing dependency_links to srdfdom.egg-info/dependency_links.txt
[0.603s] writing top-level names to srdfdom.egg-info/top_level.txt
[0.603s] reading manifest file 'srdfdom.egg-info/SOURCES.txt'
[0.603s] writing manifest file 'srdfdom.egg-info/SOURCES.txt'
[0.603s] [100%] Built target ament_cmake_python_build_srdfdom_egg
[0.614s] Invoked command in '/home/adminlab/franka_ros2_ws/build/srdfdom' returned '0': CMAKE_PREFIX_PATH=/home/adminlab/franka_ros2_ws/install/srdfdom:/home/adminlab/franka_ros2_ws/install/rviz_marker_tools:/home/adminlab/franka_ros2_ws/install/rosparam_shortcuts:/home/adminlab/franka_ros2_ws/install/ros_testing:/home/adminlab/franka_ros2_ws/install/opencv_cam:/home/adminlab/franka_ros2_ws/install/ros2_shared:/home/adminlab/franka_ros2_ws/install/realsense2_description:/home/adminlab/franka_ros2_ws/install/realsense2_camera_msgs:/home/adminlab/franka_ros2_ws/install/joint_trajectory_controller:/home/adminlab/franka_ros2_ws/install/generate_parameter_library_example:/home/adminlab/franka_ros2_ws/install/franka_bringup:/home/adminlab/franka_ros2_ws/install/franka_robot_state_broadcaster:/home/adminlab/franka_ros2_ws/install/cmake_generate_parameter_module_example:/home/adminlab/franka_ros2_ws/install/generate_parameter_library:/home/adminlab/franka_ros2_ws/install/parameter_traits:/home/adminlab/franka_ros2_ws/install/moveit_task_constructor_msgs:/home/adminlab/franka_ros2_ws/install/moveit_resources_prbt_support:/home/adminlab/franka_ros2_ws/install/moveit_resources:/home/adminlab/franka_ros2_ws/install/moveit_resources_pr2_description:/home/adminlab/franka_ros2_ws/install/moveit_resources_panda_moveit_config:/home/adminlab/franka_ros2_ws/install/moveit_resources_panda_description:/home/adminlab/franka_ros2_ws/install/moveit_resources_fanuc_moveit_config:/home/adminlab/franka_ros2_ws/install/moveit_resources_fanuc_description:/home/adminlab/franka_ros2_ws/install/moveit_msgs:/home/adminlab/franka_ros2_ws/install/moveit_common:/home/adminlab/franka_ros2_ws/install/integration_launch_testing:/home/adminlab/franka_ros2_ws/install/franka_example_controllers:/home/adminlab/franka_ros2_ws/install/franka_semantic_components:/home/adminlab/franka_ros2_ws/install/moveit_configs_utils:/home/adminlab/franka_ros2_ws/install/ros2test:/home/adminlab/franka_ros2_ws/install/generate_parameter_module_example:/home/adminlab/franka_ros2_ws/install/launch_param_builder:/home/adminlab/franka_ros2_ws/install/generate_parameter_library_py:/home/adminlab/franka_ros2_ws/install/camera_publisher:/opt/ros/humble:/home/adminlab/franka_ros2_ws/install/franka_custom_controller:/home/adminlab/franka_ros2_ws/install/franka_hardware:/home/adminlab/franka_ros2_ws/install/franka_gripper:/home/adminlab/franka_ros2_ws/install/franka_msgs:/home/adminlab/franka_ros2_ws/install/franka_description /usr/bin/cmake --build /home/adminlab/franka_ros2_ws/build/srdfdom -- -j16 -l16
[0.692s] Invoking command in '/home/adminlab/franka_ros2_ws/build/srdfdom': CMAKE_PREFIX_PATH=/home/adminlab/franka_ros2_ws/install/srdfdom:/home/adminlab/franka_ros2_ws/install/rviz_marker_tools:/home/adminlab/franka_ros2_ws/install/rosparam_shortcuts:/home/adminlab/franka_ros2_ws/install/ros_testing:/home/adminlab/franka_ros2_ws/install/opencv_cam:/home/adminlab/franka_ros2_ws/install/ros2_shared:/home/adminlab/franka_ros2_ws/install/realsense2_description:/home/adminlab/franka_ros2_ws/install/realsense2_camera_msgs:/home/adminlab/franka_ros2_ws/install/joint_trajectory_controller:/home/adminlab/franka_ros2_ws/install/generate_parameter_library_example:/home/adminlab/franka_ros2_ws/install/franka_bringup:/home/adminlab/franka_ros2_ws/install/franka_robot_state_broadcaster:/home/adminlab/franka_ros2_ws/install/cmake_generate_parameter_module_example:/home/adminlab/franka_ros2_ws/install/generate_parameter_library:/home/adminlab/franka_ros2_ws/install/parameter_traits:/home/adminlab/franka_ros2_ws/install/moveit_task_constructor_msgs:/home/adminlab/franka_ros2_ws/install/moveit_resources_prbt_support:/home/adminlab/franka_ros2_ws/install/moveit_resources:/home/adminlab/franka_ros2_ws/install/moveit_resources_pr2_description:/home/adminlab/franka_ros2_ws/install/moveit_resources_panda_moveit_config:/home/adminlab/franka_ros2_ws/install/moveit_resources_panda_description:/home/adminlab/franka_ros2_ws/install/moveit_resources_fanuc_moveit_config:/home/adminlab/franka_ros2_ws/install/moveit_resources_fanuc_description:/home/adminlab/franka_ros2_ws/install/moveit_msgs:/home/adminlab/franka_ros2_ws/install/moveit_common:/home/adminlab/franka_ros2_ws/install/integration_launch_testing:/home/adminlab/franka_ros2_ws/install/franka_example_controllers:/home/adminlab/franka_ros2_ws/install/franka_semantic_components:/home/adminlab/franka_ros2_ws/install/moveit_configs_utils:/home/adminlab/franka_ros2_ws/install/ros2test:/home/adminlab/franka_ros2_ws/install/generate_parameter_module_example:/home/adminlab/franka_ros2_ws/install/launch_param_builder:/home/adminlab/franka_ros2_ws/install/generate_parameter_library_py:/home/adminlab/franka_ros2_ws/install/camera_publisher:/opt/ros/humble:/home/adminlab/franka_ros2_ws/install/franka_custom_controller:/home/adminlab/franka_ros2_ws/install/franka_hardware:/home/adminlab/franka_ros2_ws/install/franka_gripper:/home/adminlab/franka_ros2_ws/install/franka_msgs:/home/adminlab/franka_ros2_ws/install/franka_description /usr/bin/cmake --install /home/adminlab/franka_ros2_ws/build/srdfdom
[0.704s] -- Install configuration: ""
[0.704s] -- Up-to-date: /home/adminlab/franka_ros2_ws/install/srdfdom/lib/libsrdfdom.so.2.0.4
[0.704s] -- Up-to-date: /home/adminlab/franka_ros2_ws/install/srdfdom/lib/libsrdfdom.so
[0.704s] -- Up-to-date: /home/adminlab/franka_ros2_ws/install/srdfdom/include/srdfdom
[0.704s] -- Up-to-date: /home/adminlab/franka_ros2_ws/install/srdfdom/include/srdfdom/model.h
[0.704s] -- Up-to-date: /home/adminlab/franka_ros2_ws/install/srdfdom/include/srdfdom/srdf_writer.h
[0.704s] -- Up-to-date: /home/adminlab/franka_ros2_ws/install/srdfdom/include/srdfdom/visibility_control.h
[0.704s] -- Up-to-date: /home/adminlab/franka_ros2_ws/install/srdfdom/lib/srdfdom/display_srdf
[0.704s] -- Up-to-date: /home/adminlab/franka_ros2_ws/install/srdfdom/share/srdfdom/environment/pythonpath.sh
[0.704s] -- Up-to-date: /home/adminlab/franka_ros2_ws/install/srdfdom/share/srdfdom/environment/pythonpath.dsv
[0.704s] -- Up-to-date: /home/adminlab/franka_ros2_ws/install/srdfdom/local/lib/python3.10/dist-packages/srdfdom-2.0.4-py3.10.egg-info
[0.704s] -- Installing: /home/adminlab/franka_ros2_ws/install/srdfdom/local/lib/python3.10/dist-packages/srdfdom-2.0.4-py3.10.egg-info/dependency_links.txt
[0.705s] -- Installing: /home/adminlab/franka_ros2_ws/install/srdfdom/local/lib/python3.10/dist-packages/srdfdom-2.0.4-py3.10.egg-info/SOURCES.txt
[0.705s] -- Installing: /home/adminlab/franka_ros2_ws/install/srdfdom/local/lib/python3.10/dist-packages/srdfdom-2.0.4-py3.10.egg-info/top_level.txt
[0.705s] -- Installing: /home/adminlab/franka_ros2_ws/install/srdfdom/local/lib/python3.10/dist-packages/srdfdom-2.0.4-py3.10.egg-info/PKG-INFO
[0.705s] -- Up-to-date: /home/adminlab/franka_ros2_ws/install/srdfdom/local/lib/python3.10/dist-packages/srdfdom
[0.705s] -- Up-to-date: /home/adminlab/franka_ros2_ws/install/srdfdom/local/lib/python3.10/dist-packages/srdfdom/__init__.py
[0.705s] -- Up-to-date: /home/adminlab/franka_ros2_ws/install/srdfdom/local/lib/python3.10/dist-packages/srdfdom/srdf.py
[0.736s] Listing '/home/adminlab/franka_ros2_ws/install/srdfdom/local/lib/python3.10/dist-packages/srdfdom'...
[0.736s] -- Up-to-date: /home/adminlab/franka_ros2_ws/install/srdfdom/share/srdfdom/environment/library_path.sh
[0.737s] -- Up-to-date: /home/adminlab/franka_ros2_ws/install/srdfdom/share/srdfdom/environment/library_path.dsv
[0.737s] -- Up-to-date: /home/adminlab/franka_ros2_ws/install/srdfdom/share/ament_index/resource_index/package_run_dependencies/srdfdom
[0.737s] -- Up-to-date: /home/adminlab/franka_ros2_ws/install/srdfdom/share/ament_index/resource_index/parent_prefix_path/srdfdom
[0.737s] -- Up-to-date: /home/adminlab/franka_ros2_ws/install/srdfdom/share/srdfdom/environment/ament_prefix_path.sh
[0.737s] -- Up-to-date: /home/adminlab/franka_ros2_ws/install/srdfdom/share/srdfdom/environment/ament_prefix_path.dsv
[0.737s] -- Up-to-date: /home/adminlab/franka_ros2_ws/install/srdfdom/share/srdfdom/environment/path.sh
[0.737s] -- Up-to-date: /home/adminlab/franka_ros2_ws/install/srdfdom/share/srdfdom/environment/path.dsv
[0.737s] -- Up-to-date: /home/adminlab/franka_ros2_ws/install/srdfdom/share/srdfdom/local_setup.bash
[0.737s] -- Up-to-date: /home/adminlab/franka_ros2_ws/install/srdfdom/share/srdfdom/local_setup.sh
[0.737s] -- Up-to-date: /home/adminlab/franka_ros2_ws/install/srdfdom/share/srdfdom/local_setup.zsh
[0.738s] -- Up-to-date: /home/adminlab/franka_ros2_ws/install/srdfdom/share/srdfdom/local_setup.dsv
[0.738s] -- Installing: /home/adminlab/franka_ros2_ws/install/srdfdom/share/srdfdom/package.dsv
[0.738s] -- Up-to-date: /home/adminlab/franka_ros2_ws/install/srdfdom/share/ament_index/resource_index/packages/srdfdom
[0.738s] -- Up-to-date: /home/adminlab/franka_ros2_ws/install/srdfdom/share/srdfdom/cmake/srdfdomTargetsExport.cmake
[0.739s] -- Up-to-date: /home/adminlab/franka_ros2_ws/install/srdfdom/share/srdfdom/cmake/srdfdomTargetsExport-noconfig.cmake
[0.739s] -- Up-to-date: /home/adminlab/franka_ros2_ws/install/srdfdom/share/srdfdom/cmake/ament_cmake_export_targets-extras.cmake
[0.739s] -- Up-to-date: /home/adminlab/franka_ros2_ws/install/srdfdom/share/srdfdom/cmake/ament_cmake_export_dependencies-extras.cmake
[0.739s] -- Up-to-date: /home/adminlab/franka_ros2_ws/install/srdfdom/share/srdfdom/cmake/srdfdomConfig.cmake
[0.739s] -- Up-to-date: /home/adminlab/franka_ros2_ws/install/srdfdom/share/srdfdom/cmake/srdfdomConfig-version.cmake
[0.739s] -- Up-to-date: /home/adminlab/franka_ros2_ws/install/srdfdom/share/srdfdom/package.xml
[0.780s] Invoked command in '/home/adminlab/franka_ros2_ws/build/srdfdom' returned '0': CMAKE_PREFIX_PATH=/home/adminlab/franka_ros2_ws/install/srdfdom:/home/adminlab/franka_ros2_ws/install/rviz_marker_tools:/home/adminlab/franka_ros2_ws/install/rosparam_shortcuts:/home/adminlab/franka_ros2_ws/install/ros_testing:/home/adminlab/franka_ros2_ws/install/opencv_cam:/home/adminlab/franka_ros2_ws/install/ros2_shared:/home/adminlab/franka_ros2_ws/install/realsense2_description:/home/adminlab/franka_ros2_ws/install/realsense2_camera_msgs:/home/adminlab/franka_ros2_ws/install/joint_trajectory_controller:/home/adminlab/franka_ros2_ws/install/generate_parameter_library_example:/home/adminlab/franka_ros2_ws/install/franka_bringup:/home/adminlab/franka_ros2_ws/install/franka_robot_state_broadcaster:/home/adminlab/franka_ros2_ws/install/cmake_generate_parameter_module_example:/home/adminlab/franka_ros2_ws/install/generate_parameter_library:/home/adminlab/franka_ros2_ws/install/parameter_traits:/home/adminlab/franka_ros2_ws/install/moveit_task_constructor_msgs:/home/adminlab/franka_ros2_ws/install/moveit_resources_prbt_support:/home/adminlab/franka_ros2_ws/install/moveit_resources:/home/adminlab/franka_ros2_ws/install/moveit_resources_pr2_description:/home/adminlab/franka_ros2_ws/install/moveit_resources_panda_moveit_config:/home/adminlab/franka_ros2_ws/install/moveit_resources_panda_description:/home/adminlab/franka_ros2_ws/install/moveit_resources_fanuc_moveit_config:/home/adminlab/franka_ros2_ws/install/moveit_resources_fanuc_description:/home/adminlab/franka_ros2_ws/install/moveit_msgs:/home/adminlab/franka_ros2_ws/install/moveit_common:/home/adminlab/franka_ros2_ws/install/integration_launch_testing:/home/adminlab/franka_ros2_ws/install/franka_example_controllers:/home/adminlab/franka_ros2_ws/install/franka_semantic_components:/home/adminlab/franka_ros2_ws/install/moveit_configs_utils:/home/adminlab/franka_ros2_ws/install/ros2test:/home/adminlab/franka_ros2_ws/install/generate_parameter_module_example:/home/adminlab/franka_ros2_ws/install/launch_param_builder:/home/adminlab/franka_ros2_ws/install/generate_parameter_library_py:/home/adminlab/franka_ros2_ws/install/camera_publisher:/opt/ros/humble:/home/adminlab/franka_ros2_ws/install/franka_custom_controller:/home/adminlab/franka_ros2_ws/install/franka_hardware:/home/adminlab/franka_ros2_ws/install/franka_gripper:/home/adminlab/franka_ros2_ws/install/franka_msgs:/home/adminlab/franka_ros2_ws/install/franka_description /usr/bin/cmake --install /home/adminlab/franka_ros2_ws/build/srdfdom
