-- Found moveit_common: 2.5.5 (/home/adminlab/franka_ros2_ws/install/moveit_common/share/moveit_common/cmake)
-- Found ament_cmake: 1.3.9 (/opt/ros/humble/share/ament_cmake/cmake)
-- Could NOT find libbfd (missing: LIBBFD_LIBRARY LIBBFD_INCLUDE_DIR) 
-- BACKWARD_HAS_UNWIND=1
-- BACKWARD_HAS_BACKTRACE=0
-- BACKWARD_HAS_BACKTRACE_SYMBOL=0
-- BACKWARD_HAS_DW=1
-- BACKWARD_HAS_BFD=0
-- Found Backward: /opt/ros/humble/share/backward_ros/cmake  
-- Found moveit_msgs: 2.2.1 (/home/adminlab/franka_ros2_ws/install/moveit_msgs/share/moveit_msgs/cmake)
-- Found rosidl_generator_c: 3.1.5 (/opt/ros/humble/share/rosidl_generator_c/cmake)
-- Found rosidl_adapter: 3.1.5 (/opt/ros/humble/share/rosidl_adapter/cmake)
-- Found rosidl_generator_cpp: 3.1.5 (/opt/ros/humble/share/rosidl_generator_cpp/cmake)
-- Using all available rosidl_typesupport_c: rosidl_typesupport_fastrtps_c;rosidl_typesupport_introspection_c
-- Using all available rosidl_typesupport_cpp: rosidl_typesupport_fastrtps_cpp;rosidl_typesupport_introspection_cpp
-- Found pluginlib: 5.1.0 (/opt/ros/humble/share/pluginlib/cmake)
-- Found rclcpp: 16.0.9 (/opt/ros/humble/share/rclcpp/cmake)
-- Found rmw_implementation_cmake: 6.1.2 (/opt/ros/humble/share/rmw_implementation_cmake/cmake)
-- Found rmw_fastrtps_cpp: 6.2.6 (/opt/ros/humble/share/rmw_fastrtps_cpp/cmake)
-- Found TinyXML2 via Config file: TinyXML2_DIR-NOTFOUND
-- Found TinyXML2 via Config file: TinyXML2_DIR-NOTFOUND
-- Found TinyXML2 via Config file: TinyXML2_DIR-NOTFOUND
-- Found TinyXML2 via Config file: TinyXML2_DIR-NOTFOUND
-- Using RMW implementation 'rmw_fastrtps_cpp' as default
-- Found message_filters: 4.3.4 (/opt/ros/humble/share/message_filters/cmake)
-- Found srdfdom: 2.0.4 (/home/adminlab/franka_ros2_ws/install/srdfdom/share/srdfdom/cmake)
-- Found tf2: 0.25.6 (/opt/ros/humble/share/tf2/cmake)
-- Found tf2_geometry_msgs: 0.25.6 (/opt/ros/humble/share/tf2_geometry_msgs/cmake)
-- Found eigen3_cmake_module: 0.1.1 (/opt/ros/humble/share/eigen3_cmake_module/cmake)
-- Ensuring Eigen3 include directory is part of orocos-kdl CMake target
-- Found tf2_eigen: 0.25.6 (/opt/ros/humble/share/tf2_eigen/cmake)
-- Found moveit_core: 2.5.5 (/home/adminlab/franka_ros2_ws/install/moveit_core/share/moveit_core/cmake)
-- Found Boost: /usr/lib/x86_64-linux-gnu/cmake/Boost-1.74.0/BoostConfig.cmake (found version "1.74.0") found components: chrono date_time filesystem iostreams program_options regex serialization system thread 
-- Found parameter_traits: 0.3.7 (/home/adminlab/franka_ros2_ws/install/parameter_traits/share/parameter_traits/cmake)
-- Found rclcpp_lifecycle: 16.0.9 (/opt/ros/humble/share/rclcpp_lifecycle/cmake)
-- Found Boost: /usr/lib/x86_64-linux-gnu/cmake/Boost-1.74.0/BoostConfig.cmake (found version "1.74.0") found components: filesystem 
-- library: /usr/lib/x86_64-linux-gnu/libcurl.so
-- Found moveit_ros_occupancy_map_monitor: 2.5.5 (/home/adminlab/franka_ros2_ws/install/moveit_ros_occupancy_map_monitor/share/moveit_ros_occupancy_map_monitor/cmake)
-- Found Boost: /usr/lib/x86_64-linux-gnu/cmake/Boost-1.74.0/BoostConfig.cmake (found version "1.74.0") found components: system filesystem date_time program_options thread chrono 
-- Found ament_cmake_gtest: 1.3.9 (/opt/ros/humble/share/ament_cmake_gtest/cmake)
-- Found ament_cmake_gmock: 1.3.9 (/opt/ros/humble/share/ament_cmake_gmock/cmake)
-- Found gmock sources under '/opt/ros/humble/src/gmock_vendor': C++ tests using 'Google Mock' will be built
-- Found gtest sources under '/opt/ros/humble/src/gtest_vendor': C++ tests using 'Google Test' will be built
-- Found ament_lint_auto: 0.12.11 (/opt/ros/humble/share/ament_lint_auto/cmake)
-- Found launch_testing_ament_cmake: 1.0.6 (/opt/ros/humble/share/launch_testing_ament_cmake/cmake)
-- Found python_cmake_module: 0.10.0 (/opt/ros/humble/share/python_cmake_module/cmake)
-- Using PYTHON_EXECUTABLE: /usr/bin/python3
-- Using PYTHON_INCLUDE_DIRS: /usr/include/python3.10
-- Using PYTHON_LIBRARIES: /usr/lib/x86_64-linux-gnu/libpython3.10.so
-- Added test 'cppcheck' to perform static code analysis on C / C++ code
-- Configured cppcheck include dirs: /home/adminlab/franka_ros2_ws/src/moveit2/moveit_ros/planning/rdf_loader/include;/home/adminlab/franka_ros2_ws/src/moveit2/moveit_ros/planning/kinematics_plugin_loader/include;/home/adminlab/franka_ros2_ws/src/moveit2/moveit_ros/planning/robot_model_loader/include;/home/adminlab/franka_ros2_ws/src/moveit2/moveit_ros/planning/constraint_sampler_manager_loader/include;/home/adminlab/franka_ros2_ws/src/moveit2/moveit_ros/planning/planning_pipeline/include;/home/adminlab/franka_ros2_ws/src/moveit2/moveit_ros/planning/planning_scene_monitor/include;/home/adminlab/franka_ros2_ws/src/moveit2/moveit_ros/planning/trajectory_execution_manager/include;/home/adminlab/franka_ros2_ws/src/moveit2/moveit_ros/planning/plan_execution/include;/home/adminlab/franka_ros2_ws/src/moveit2/moveit_ros/planning/collision_plugin_loader/include;/home/adminlab/franka_ros2_ws/src/moveit2/moveit_ros/planning/moveit_cpp/include
-- Configured cppcheck exclude dirs and/or files: 
-- Added test 'lint_cmake' to check CMake code style
-- Added test 'pep257' to check Python code against some of the docstring style conventions in PEP 257
-- Added test 'xmllint' to check XML markup files
-- Configuring done
-- Generating done
-- Build files have been written to: /home/adminlab/franka_ros2_ws/build/moveit_ros_planning
[35m[1mConsolidate compiler generated dependencies of target moveit_rdf_loader[0m
[  1%] [32mBuilding CXX object rdf_loader/CMakeFiles/moveit_rdf_loader.dir/src/rdf_loader.cpp.o[0m
[  3%] [32mBuilding CXX object rdf_loader/CMakeFiles/moveit_rdf_loader.dir/src/synchronized_string_parameter.cpp.o[0m
[  4%] [32m[1mLinking CXX shared library libmoveit_rdf_loader.so[0m
[  4%] Built target moveit_rdf_loader
[35m[1mConsolidate compiler generated dependencies of target gmock[0m
[  6%] [32mBuilding CXX object gmock/CMakeFiles/gmock.dir/opt/ros/humble/src/gtest_vendor/src/gtest-all.cc.o[0m
[  8%] [32mBuilding CXX object gmock/CMakeFiles/gmock.dir/src/gmock-all.cc.o[0m
[  9%] [32m[1mLinking CXX static library libgmock.a[0m
[  9%] Built target gmock
[35m[1mConsolidate compiler generated dependencies of target moveit_constraint_sampler_manager_loader[0m
[35m[1mConsolidate compiler generated dependencies of target gmock_main[0m
[35m[1mConsolidate compiler generated dependencies of target moveit_kinematics_plugin_loader[0m
[35m[1mConsolidate compiler generated dependencies of target moveit_list_request_adapter_plugins[0m
[ 11%] [32mBuilding CXX object constraint_sampler_manager_loader/CMakeFiles/moveit_constraint_sampler_manager_loader.dir/src/constraint_sampler_manager_loader.cpp.o[0m
[35m[1mConsolidate compiler generated dependencies of target moveit_default_planning_request_adapter_plugins[0m
[ 12%] [32mBuilding CXX object gmock/CMakeFiles/gmock_main.dir/src/gmock_main.cc.o[0m
[ 16%] [32mBuilding CXX object kinematics_plugin_loader/CMakeFiles/moveit_kinematics_plugin_loader.dir/src/kinematics_plugin_loader.cpp.o[0m
[ 16%] [32mBuilding CXX object planning_request_adapter_plugins/CMakeFiles/moveit_list_request_adapter_plugins.dir/src/list.cpp.o[0m
[ 17%] [32mBuilding CXX object planning_request_adapter_plugins/CMakeFiles/moveit_default_planning_request_adapter_plugins.dir/src/empty.cpp.o[0m
[ 19%] [32mBuilding CXX object planning_request_adapter_plugins/CMakeFiles/moveit_default_planning_request_adapter_plugins.dir/src/fix_start_state_bounds.cpp.o[0m
[ 20%] [32mBuilding CXX object planning_request_adapter_plugins/CMakeFiles/moveit_default_planning_request_adapter_plugins.dir/src/fix_start_state_collision.cpp.o[0m
[ 22%] [32mBuilding CXX object planning_request_adapter_plugins/CMakeFiles/moveit_default_planning_request_adapter_plugins.dir/src/fix_start_state_path_constraints.cpp.o[0m
[ 24%] [32mBuilding CXX object planning_request_adapter_plugins/CMakeFiles/moveit_default_planning_request_adapter_plugins.dir/src/fix_workspace_bounds.cpp.o[0m
[ 25%] [32m[1mLinking CXX static library libgmock_main.a[0m
[ 25%] Built target gmock_main
[35m[1mConsolidate compiler generated dependencies of target moveit_collision_plugin_loader[0m
[35m[1mConsolidate compiler generated dependencies of target moveit_planning_pipeline[0m
[ 27%] [32mBuilding CXX object collision_plugin_loader/CMakeFiles/moveit_collision_plugin_loader.dir/src/collision_plugin_loader.cpp.o[0m
[ 29%] [32mBuilding CXX object planning_pipeline/CMakeFiles/moveit_planning_pipeline.dir/src/planning_pipeline.cpp.o[0m
[ 33%] [32mBuilding CXX object planning_request_adapter_plugins/CMakeFiles/moveit_default_planning_request_adapter_plugins.dir/src/add_time_optimal_parameterization.cpp.o[0m
[ 33%] [32mBuilding CXX object planning_request_adapter_plugins/CMakeFiles/moveit_default_planning_request_adapter_plugins.dir/src/resolve_constraint_frames.cpp.o[0m
[ 33%] [32mBuilding CXX object planning_request_adapter_plugins/CMakeFiles/moveit_default_planning_request_adapter_plugins.dir/src/add_iterative_spline_parameterization.cpp.o[0m
[ 35%] [32mBuilding CXX object planning_request_adapter_plugins/CMakeFiles/moveit_default_planning_request_adapter_plugins.dir/src/add_ruckig_traj_smoothing.cpp.o[0m
[ 37%] [32m[1mLinking CXX shared library libmoveit_collision_plugin_loader.so[0m
[ 37%] Built target moveit_collision_plugin_loader
[ 38%] [32mBuilding CXX object planning_request_adapter_plugins/CMakeFiles/moveit_default_planning_request_adapter_plugins.dir/src/add_time_parameterization.cpp.o[0m
[ 40%] [32m[1mLinking CXX shared library libmoveit_kinematics_plugin_loader.so[0m
[ 41%] [32m[1mLinking CXX shared library libmoveit_constraint_sampler_manager_loader.so[0m
[ 41%] Built target moveit_constraint_sampler_manager_loader
[ 43%] [32m[1mLinking CXX executable moveit_list_request_adapter_plugins[0m
[ 43%] Built target moveit_kinematics_plugin_loader
[35m[1mConsolidate compiler generated dependencies of target moveit_robot_model_loader[0m
[ 45%] [32mBuilding CXX object robot_model_loader/CMakeFiles/moveit_robot_model_loader.dir/src/robot_model_loader.cpp.o[0m
[ 45%] Built target moveit_list_request_adapter_plugins
[ 46%] [32m[1mLinking CXX shared library libmoveit_default_planning_request_adapter_plugins.so[0m
[ 48%] [32m[1mLinking CXX shared library libmoveit_planning_pipeline.so[0m
[ 48%] Built target moveit_planning_pipeline
[ 48%] Built target moveit_default_planning_request_adapter_plugins
[ 50%] [32m[1mLinking CXX shared library libmoveit_robot_model_loader.so[0m
[ 50%] Built target moveit_robot_model_loader
[35m[1mConsolidate compiler generated dependencies of target moveit_print_planning_model_info[0m
[35m[1mConsolidate compiler generated dependencies of target moveit_planning_scene_monitor[0m
[ 51%] [32mBuilding CXX object planning_components_tools/CMakeFiles/moveit_print_planning_model_info.dir/src/print_planning_model_info.cpp.o[0m
[ 53%] [32mBuilding CXX object planning_scene_monitor/CMakeFiles/moveit_planning_scene_monitor.dir/src/planning_scene_monitor.cpp.o[0m
[ 54%] [32mBuilding CXX object planning_scene_monitor/CMakeFiles/moveit_planning_scene_monitor.dir/src/trajectory_monitor_middleware_handle.cpp.o[0m
[ 56%] [32mBuilding CXX object planning_scene_monitor/CMakeFiles/moveit_planning_scene_monitor.dir/src/current_state_monitor.cpp.o[0m
[ 58%] [32mBuilding CXX object planning_scene_monitor/CMakeFiles/moveit_planning_scene_monitor.dir/src/current_state_monitor_middleware_handle.cpp.o[0m
[ 59%] [32mBuilding CXX object planning_scene_monitor/CMakeFiles/moveit_planning_scene_monitor.dir/src/trajectory_monitor.cpp.o[0m
[ 61%] [32m[1mLinking CXX executable moveit_print_planning_model_info[0m
[ 61%] Built target moveit_print_planning_model_info
[ 62%] [32m[1mLinking CXX shared library libmoveit_planning_scene_monitor.so[0m
[ 62%] Built target moveit_planning_scene_monitor
[35m[1mConsolidate compiler generated dependencies of target moveit_print_planning_scene_info[0m
[35m[1mConsolidate compiler generated dependencies of target trajectory_monitor_tests[0m
[35m[1mConsolidate compiler generated dependencies of target demo_scene[0m
[35m[1mConsolidate compiler generated dependencies of target current_state_monitor_tests[0m
[35m[1mConsolidate compiler generated dependencies of target moveit_visualize_robot_collision_volume[0m
[35m[1mConsolidate compiler generated dependencies of target moveit_display_random_state[0m
[35m[1mConsolidate compiler generated dependencies of target moveit_trajectory_execution_manager[0m
[35m[1mConsolidate compiler generated dependencies of target moveit_publish_scene_from_text[0m
[35m[1mConsolidate compiler generated dependencies of target moveit_evaluate_collision_checking_speed[0m
[ 64%] [32mBuilding CXX object planning_scene_monitor/CMakeFiles/trajectory_monitor_tests.dir/test/trajectory_monitor_tests.cpp.o[0m
[ 67%] [32mBuilding CXX object planning_components_tools/CMakeFiles/moveit_print_planning_scene_info.dir/src/print_planning_scene_info.cpp.o[0m
[ 67%] [32mBuilding CXX object planning_scene_monitor/CMakeFiles/demo_scene.dir/demos/demo_scene.cpp.o[0m
[ 69%] [32mBuilding CXX object planning_scene_monitor/CMakeFiles/current_state_monitor_tests.dir/test/current_state_monitor_tests.cpp.o[0m
[ 70%] [32mBuilding CXX object planning_components_tools/CMakeFiles/moveit_visualize_robot_collision_volume.dir/src/visualize_robot_collision_volume.cpp.o[0m
[ 72%] [32mBuilding CXX object planning_components_tools/CMakeFiles/moveit_publish_scene_from_text.dir/src/publish_scene_from_text.cpp.o[0m
[ 74%] [32mBuilding CXX object planning_components_tools/CMakeFiles/moveit_display_random_state.dir/src/display_random_state.cpp.o[0m
[ 75%] [32mBuilding CXX object trajectory_execution_manager/CMakeFiles/moveit_trajectory_execution_manager.dir/src/trajectory_execution_manager.cpp.o[0m
[ 77%] [32mBuilding CXX object planning_components_tools/CMakeFiles/moveit_evaluate_collision_checking_speed.dir/src/evaluate_collision_checking_speed.cpp.o[0m
[ 79%] [32m[1mLinking CXX executable moveit_print_planning_scene_info[0m
[ 80%] [32m[1mLinking CXX executable demo_scene[0m
[ 82%] [32m[1mLinking CXX executable moveit_visualize_robot_collision_volume[0m
[ 82%] Built target demo_scene
[ 83%] [32m[1mLinking CXX executable moveit_display_random_state[0m
[ 83%] Built target moveit_print_planning_scene_info
[ 83%] Built target moveit_visualize_robot_collision_volume
[ 85%] [32m[1mLinking CXX executable trajectory_monitor_tests[0m
[ 85%] Built target moveit_display_random_state
[ 87%] [32m[1mLinking CXX executable current_state_monitor_tests[0m
[ 87%] Built target trajectory_monitor_tests
[ 87%] Built target current_state_monitor_tests
[ 88%] [32m[1mLinking CXX executable moveit_evaluate_collision_checking_speed[0m
[ 90%] [32m[1mLinking CXX executable moveit_publish_scene_from_text[0m
[ 90%] Built target moveit_evaluate_collision_checking_speed
[ 90%] Built target moveit_publish_scene_from_text
[ 91%] [32m[1mLinking CXX shared library libmoveit_trajectory_execution_manager.so[0m
[ 91%] Built target moveit_trajectory_execution_manager
[35m[1mConsolidate compiler generated dependencies of target moveit_plan_execution[0m
[35m[1mConsolidate compiler generated dependencies of target moveit_cpp[0m
[ 93%] [32mBuilding CXX object plan_execution/CMakeFiles/moveit_plan_execution.dir/src/plan_execution.cpp.o[0m
[ 95%] [32mBuilding CXX object moveit_cpp/CMakeFiles/moveit_cpp.dir/src/moveit_cpp.cpp.o[0m
[ 96%] [32mBuilding CXX object moveit_cpp/CMakeFiles/moveit_cpp.dir/src/planning_component.cpp.o[0m
[ 98%] [32m[1mLinking CXX shared library libmoveit_plan_execution.so[0m
[100%] [32m[1mLinking CXX shared library libmoveit_cpp.so[0m
[100%] Built target moveit_plan_execution
[100%] Built target moveit_cpp
-- Install configuration: "Debug"
-- Up-to-date: /home/adminlab/franka_ros2_ws/install/moveit_ros_planning/include
-- Up-to-date: /home/adminlab/franka_ros2_ws/install/moveit_ros_planning/include/moveit
-- Up-to-date: /home/adminlab/franka_ros2_ws/install/moveit_ros_planning/include/moveit/rdf_loader
-- Up-to-date: /home/adminlab/franka_ros2_ws/install/moveit_ros_planning/include/moveit/rdf_loader/rdf_loader.h
-- Up-to-date: /home/adminlab/franka_ros2_ws/install/moveit_ros_planning/include/moveit/rdf_loader/synchronized_string_parameter.h
-- Up-to-date: /home/adminlab/franka_ros2_ws/install/moveit_ros_planning/share/moveit_ros_planning/rdf_loader/test/data
-- Up-to-date: /home/adminlab/franka_ros2_ws/install/moveit_ros_planning/share/moveit_ros_planning/rdf_loader/test/data/robin.srdf.xacro
-- Up-to-date: /home/adminlab/franka_ros2_ws/install/moveit_ros_planning/share/moveit_ros_planning/rdf_loader/test/data/kermit.urdf
-- Up-to-date: /home/adminlab/franka_ros2_ws/install/moveit_ros_planning/share/moveit_ros_planning/rdf_loader/test/data/gonzo.srdf
-- Up-to-date: /home/adminlab/franka_ros2_ws/install/moveit_ros_planning/share/moveit_ros_planning/rdf_loader/test/data/gonzo.urdf
-- Up-to-date: /home/adminlab/franka_ros2_ws/install/moveit_ros_planning/share/moveit_ros_planning/rdf_loader/test/data/kermit.srdf
-- Up-to-date: /home/adminlab/franka_ros2_ws/install/moveit_ros_planning/share/moveit_ros_planning/rdf_loader/test/launch
-- Up-to-date: /home/adminlab/franka_ros2_ws/install/moveit_ros_planning/share/moveit_ros_planning/rdf_loader/test/launch/test_rdf_integration.test.py
-- Up-to-date: /home/adminlab/franka_ros2_ws/install/moveit_ros_planning/include
-- Up-to-date: /home/adminlab/franka_ros2_ws/install/moveit_ros_planning/include/moveit
-- Up-to-date: /home/adminlab/franka_ros2_ws/install/moveit_ros_planning/include/moveit/collision_plugin_loader
-- Up-to-date: /home/adminlab/franka_ros2_ws/install/moveit_ros_planning/include/moveit/collision_plugin_loader/collision_plugin_loader.h
-- Up-to-date: /home/adminlab/franka_ros2_ws/install/moveit_ros_planning/include
-- Up-to-date: /home/adminlab/franka_ros2_ws/install/moveit_ros_planning/include/moveit
-- Up-to-date: /home/adminlab/franka_ros2_ws/install/moveit_ros_planning/include/moveit/kinematics_plugin_loader
-- Up-to-date: /home/adminlab/franka_ros2_ws/install/moveit_ros_planning/include/moveit/kinematics_plugin_loader/kinematics_plugin_loader.h
-- Up-to-date: /home/adminlab/franka_ros2_ws/install/moveit_ros_planning/include
-- Up-to-date: /home/adminlab/franka_ros2_ws/install/moveit_ros_planning/include/moveit
-- Up-to-date: /home/adminlab/franka_ros2_ws/install/moveit_ros_planning/include/moveit/robot_model_loader
-- Up-to-date: /home/adminlab/franka_ros2_ws/install/moveit_ros_planning/include/moveit/robot_model_loader/robot_model_loader.h
-- Up-to-date: /home/adminlab/franka_ros2_ws/install/moveit_ros_planning/include
-- Up-to-date: /home/adminlab/franka_ros2_ws/install/moveit_ros_planning/include/moveit
-- Up-to-date: /home/adminlab/franka_ros2_ws/install/moveit_ros_planning/include/moveit/constraint_sampler_manager_loader
-- Up-to-date: /home/adminlab/franka_ros2_ws/install/moveit_ros_planning/include/moveit/constraint_sampler_manager_loader/constraint_sampler_manager_loader.h
-- Up-to-date: /home/adminlab/franka_ros2_ws/install/moveit_ros_planning/include
-- Up-to-date: /home/adminlab/franka_ros2_ws/install/moveit_ros_planning/include/moveit
-- Up-to-date: /home/adminlab/franka_ros2_ws/install/moveit_ros_planning/include/moveit/planning_pipeline
-- Up-to-date: /home/adminlab/franka_ros2_ws/install/moveit_ros_planning/include/moveit/planning_pipeline/planning_pipeline.h
-- Up-to-date: /home/adminlab/franka_ros2_ws/install/moveit_ros_planning/include/moveit_planning_pipeline_export.h
-- Installing: /home/adminlab/franka_ros2_ws/install/moveit_ros_planning/lib/moveit_ros_planning/moveit_list_request_adapter_plugins
-- Set runtime path of "/home/adminlab/franka_ros2_ws/install/moveit_ros_planning/lib/moveit_ros_planning/moveit_list_request_adapter_plugins" to ""
-- Installing: /home/adminlab/franka_ros2_ws/install/moveit_ros_planning/lib/moveit_ros_planning/demo_scene
-- Set runtime path of "/home/adminlab/franka_ros2_ws/install/moveit_ros_planning/lib/moveit_ros_planning/demo_scene" to ""
-- Up-to-date: /home/adminlab/franka_ros2_ws/install/moveit_ros_planning/include
-- Up-to-date: /home/adminlab/franka_ros2_ws/install/moveit_ros_planning/include/moveit
-- Up-to-date: /home/adminlab/franka_ros2_ws/install/moveit_ros_planning/include/moveit/planning_scene_monitor
-- Up-to-date: /home/adminlab/franka_ros2_ws/install/moveit_ros_planning/include/moveit/planning_scene_monitor/trajectory_monitor_middleware_handle.hpp
-- Up-to-date: /home/adminlab/franka_ros2_ws/install/moveit_ros_planning/include/moveit/planning_scene_monitor/trajectory_monitor.h
-- Up-to-date: /home/adminlab/franka_ros2_ws/install/moveit_ros_planning/include/moveit/planning_scene_monitor/current_state_monitor_middleware_handle.hpp
-- Up-to-date: /home/adminlab/franka_ros2_ws/install/moveit_ros_planning/include/moveit/planning_scene_monitor/planning_scene_monitor.h
-- Up-to-date: /home/adminlab/franka_ros2_ws/install/moveit_ros_planning/include/moveit/planning_scene_monitor/current_state_monitor.h
-- Up-to-date: /home/adminlab/franka_ros2_ws/install/moveit_ros_planning/include/moveit_planning_scene_monitor_export.h
-- Installing: /home/adminlab/franka_ros2_ws/install/moveit_ros_planning/lib/moveit_ros_planning/moveit_print_planning_model_info
-- Set runtime path of "/home/adminlab/franka_ros2_ws/install/moveit_ros_planning/lib/moveit_ros_planning/moveit_print_planning_model_info" to ""
-- Installing: /home/adminlab/franka_ros2_ws/install/moveit_ros_planning/lib/moveit_ros_planning/moveit_print_planning_scene_info
-- Set runtime path of "/home/adminlab/franka_ros2_ws/install/moveit_ros_planning/lib/moveit_ros_planning/moveit_print_planning_scene_info" to ""
-- Installing: /home/adminlab/franka_ros2_ws/install/moveit_ros_planning/lib/moveit_ros_planning/moveit_display_random_state
-- Set runtime path of "/home/adminlab/franka_ros2_ws/install/moveit_ros_planning/lib/moveit_ros_planning/moveit_display_random_state" to ""
-- Installing: /home/adminlab/franka_ros2_ws/install/moveit_ros_planning/lib/moveit_ros_planning/moveit_visualize_robot_collision_volume
-- Set runtime path of "/home/adminlab/franka_ros2_ws/install/moveit_ros_planning/lib/moveit_ros_planning/moveit_visualize_robot_collision_volume" to ""
-- Installing: /home/adminlab/franka_ros2_ws/install/moveit_ros_planning/lib/moveit_ros_planning/moveit_evaluate_collision_checking_speed
-- Set runtime path of "/home/adminlab/franka_ros2_ws/install/moveit_ros_planning/lib/moveit_ros_planning/moveit_evaluate_collision_checking_speed" to ""
-- Installing: /home/adminlab/franka_ros2_ws/install/moveit_ros_planning/lib/moveit_ros_planning/moveit_publish_scene_from_text
-- Set runtime path of "/home/adminlab/franka_ros2_ws/install/moveit_ros_planning/lib/moveit_ros_planning/moveit_publish_scene_from_text" to ""
-- Up-to-date: /home/adminlab/franka_ros2_ws/install/moveit_ros_planning/include
-- Up-to-date: /home/adminlab/franka_ros2_ws/install/moveit_ros_planning/include/moveit
-- Up-to-date: /home/adminlab/franka_ros2_ws/install/moveit_ros_planning/include/moveit/trajectory_execution_manager
-- Up-to-date: /home/adminlab/franka_ros2_ws/install/moveit_ros_planning/include/moveit/trajectory_execution_manager/trajectory_execution_manager.h
-- Up-to-date: /home/adminlab/franka_ros2_ws/install/moveit_ros_planning/include/moveit_trajectory_execution_manager_export.h
-- Up-to-date: /home/adminlab/franka_ros2_ws/install/moveit_ros_planning/include
-- Up-to-date: /home/adminlab/franka_ros2_ws/install/moveit_ros_planning/include/moveit
-- Up-to-date: /home/adminlab/franka_ros2_ws/install/moveit_ros_planning/include/moveit/plan_execution
-- Up-to-date: /home/adminlab/franka_ros2_ws/install/moveit_ros_planning/include/moveit/plan_execution/plan_execution.h
-- Up-to-date: /home/adminlab/franka_ros2_ws/install/moveit_ros_planning/include/moveit/plan_execution/plan_representation.h
-- Up-to-date: /home/adminlab/franka_ros2_ws/install/moveit_ros_planning/include
-- Up-to-date: /home/adminlab/franka_ros2_ws/install/moveit_ros_planning/include/moveit
-- Up-to-date: /home/adminlab/franka_ros2_ws/install/moveit_ros_planning/include/moveit/moveit_cpp
-- Up-to-date: /home/adminlab/franka_ros2_ws/install/moveit_ros_planning/include/moveit/moveit_cpp/planning_component.h
-- Up-to-date: /home/adminlab/franka_ros2_ws/install/moveit_ros_planning/include/moveit/moveit_cpp/moveit_cpp.h
-- Installing: /home/adminlab/franka_ros2_ws/install/moveit_ros_planning/lib/libmoveit_rdf_loader.so.2.5.5
-- Set runtime path of "/home/adminlab/franka_ros2_ws/install/moveit_ros_planning/lib/libmoveit_rdf_loader.so.2.5.5" to ""
-- Up-to-date: /home/adminlab/franka_ros2_ws/install/moveit_ros_planning/lib/libmoveit_rdf_loader.so
-- Installing: /home/adminlab/franka_ros2_ws/install/moveit_ros_planning/lib/libmoveit_kinematics_plugin_loader.so.2.5.5
-- Set runtime path of "/home/adminlab/franka_ros2_ws/install/moveit_ros_planning/lib/libmoveit_kinematics_plugin_loader.so.2.5.5" to ""
-- Up-to-date: /home/adminlab/franka_ros2_ws/install/moveit_ros_planning/lib/libmoveit_kinematics_plugin_loader.so
-- Installing: /home/adminlab/franka_ros2_ws/install/moveit_ros_planning/lib/libmoveit_robot_model_loader.so.2.5.5
-- Set runtime path of "/home/adminlab/franka_ros2_ws/install/moveit_ros_planning/lib/libmoveit_robot_model_loader.so.2.5.5" to ""
-- Up-to-date: /home/adminlab/franka_ros2_ws/install/moveit_ros_planning/lib/libmoveit_robot_model_loader.so
-- Installing: /home/adminlab/franka_ros2_ws/install/moveit_ros_planning/lib/libmoveit_constraint_sampler_manager_loader.so.2.5.5
-- Set runtime path of "/home/adminlab/franka_ros2_ws/install/moveit_ros_planning/lib/libmoveit_constraint_sampler_manager_loader.so.2.5.5" to ""
-- Up-to-date: /home/adminlab/franka_ros2_ws/install/moveit_ros_planning/lib/libmoveit_constraint_sampler_manager_loader.so
-- Installing: /home/adminlab/franka_ros2_ws/install/moveit_ros_planning/lib/libmoveit_planning_pipeline.so.2.5.5
-- Set runtime path of "/home/adminlab/franka_ros2_ws/install/moveit_ros_planning/lib/libmoveit_planning_pipeline.so.2.5.5" to ""
-- Up-to-date: /home/adminlab/franka_ros2_ws/install/moveit_ros_planning/lib/libmoveit_planning_pipeline.so
-- Installing: /home/adminlab/franka_ros2_ws/install/moveit_ros_planning/lib/libmoveit_trajectory_execution_manager.so.2.5.5
-- Set runtime path of "/home/adminlab/franka_ros2_ws/install/moveit_ros_planning/lib/libmoveit_trajectory_execution_manager.so.2.5.5" to ""
-- Up-to-date: /home/adminlab/franka_ros2_ws/install/moveit_ros_planning/lib/libmoveit_trajectory_execution_manager.so
-- Installing: /home/adminlab/franka_ros2_ws/install/moveit_ros_planning/lib/libmoveit_plan_execution.so.2.5.5
-- Set runtime path of "/home/adminlab/franka_ros2_ws/install/moveit_ros_planning/lib/libmoveit_plan_execution.so.2.5.5" to ""
-- Up-to-date: /home/adminlab/franka_ros2_ws/install/moveit_ros_planning/lib/libmoveit_plan_execution.so
-- Installing: /home/adminlab/franka_ros2_ws/install/moveit_ros_planning/lib/libmoveit_planning_scene_monitor.so.2.5.5
-- Set runtime path of "/home/adminlab/franka_ros2_ws/install/moveit_ros_planning/lib/libmoveit_planning_scene_monitor.so.2.5.5" to ""
-- Up-to-date: /home/adminlab/franka_ros2_ws/install/moveit_ros_planning/lib/libmoveit_planning_scene_monitor.so
-- Installing: /home/adminlab/franka_ros2_ws/install/moveit_ros_planning/lib/libmoveit_collision_plugin_loader.so.2.5.5
-- Set runtime path of "/home/adminlab/franka_ros2_ws/install/moveit_ros_planning/lib/libmoveit_collision_plugin_loader.so.2.5.5" to ""
-- Up-to-date: /home/adminlab/franka_ros2_ws/install/moveit_ros_planning/lib/libmoveit_collision_plugin_loader.so
-- Installing: /home/adminlab/franka_ros2_ws/install/moveit_ros_planning/lib/libmoveit_default_planning_request_adapter_plugins.so.2.5.5
-- Set runtime path of "/home/adminlab/franka_ros2_ws/install/moveit_ros_planning/lib/libmoveit_default_planning_request_adapter_plugins.so.2.5.5" to ""
-- Up-to-date: /home/adminlab/franka_ros2_ws/install/moveit_ros_planning/lib/libmoveit_default_planning_request_adapter_plugins.so
-- Installing: /home/adminlab/franka_ros2_ws/install/moveit_ros_planning/lib/libmoveit_cpp.so.2.5.5
-- Set runtime path of "/home/adminlab/franka_ros2_ws/install/moveit_ros_planning/lib/libmoveit_cpp.so.2.5.5" to ""
-- Up-to-date: /home/adminlab/franka_ros2_ws/install/moveit_ros_planning/lib/libmoveit_cpp.so
-- Up-to-date: /home/adminlab/franka_ros2_ws/install/moveit_ros_planning/share/moveit_ros_planning/environment/library_path.sh
-- Installing: /home/adminlab/franka_ros2_ws/install/moveit_ros_planning/share/moveit_ros_planning/environment/library_path.dsv
-- Up-to-date: /home/adminlab/franka_ros2_ws/install/moveit_ros_planning/share/moveit_ros_planning/planning_request_adapters_plugin_description.xml
-- Up-to-date: /home/adminlab/franka_ros2_ws/install/moveit_ros_planning/share/ament_index/resource_index/package_run_dependencies/moveit_ros_planning
-- Installing: /home/adminlab/franka_ros2_ws/install/moveit_ros_planning/share/ament_index/resource_index/parent_prefix_path/moveit_ros_planning
-- Up-to-date: /home/adminlab/franka_ros2_ws/install/moveit_ros_planning/share/moveit_ros_planning/environment/ament_prefix_path.sh
-- Installing: /home/adminlab/franka_ros2_ws/install/moveit_ros_planning/share/moveit_ros_planning/environment/ament_prefix_path.dsv
-- Up-to-date: /home/adminlab/franka_ros2_ws/install/moveit_ros_planning/share/moveit_ros_planning/environment/path.sh
-- Installing: /home/adminlab/franka_ros2_ws/install/moveit_ros_planning/share/moveit_ros_planning/environment/path.dsv
-- Up-to-date: /home/adminlab/franka_ros2_ws/install/moveit_ros_planning/share/moveit_ros_planning/local_setup.bash
-- Up-to-date: /home/adminlab/franka_ros2_ws/install/moveit_ros_planning/share/moveit_ros_planning/local_setup.sh
-- Up-to-date: /home/adminlab/franka_ros2_ws/install/moveit_ros_planning/share/moveit_ros_planning/local_setup.zsh
-- Installing: /home/adminlab/franka_ros2_ws/install/moveit_ros_planning/share/moveit_ros_planning/local_setup.dsv
-- Installing: /home/adminlab/franka_ros2_ws/install/moveit_ros_planning/share/moveit_ros_planning/package.dsv
-- Up-to-date: /home/adminlab/franka_ros2_ws/install/moveit_ros_planning/share/ament_index/resource_index/packages/moveit_ros_planning
-- Up-to-date: /home/adminlab/franka_ros2_ws/install/moveit_ros_planning/share/ament_index/resource_index/moveit_core__pluginlib__plugin/moveit_ros_planning
-- Up-to-date: /home/adminlab/franka_ros2_ws/install/moveit_ros_planning/share/moveit_ros_planning/cmake/export_moveit_ros_planningExport.cmake
-- Installing: /home/adminlab/franka_ros2_ws/install/moveit_ros_planning/share/moveit_ros_planning/cmake/export_moveit_ros_planningExport-debug.cmake
-- Up-to-date: /home/adminlab/franka_ros2_ws/install/moveit_ros_planning/share/moveit_ros_planning/cmake/ConfigExtras.cmake
-- Up-to-date: /home/adminlab/franka_ros2_ws/install/moveit_ros_planning/share/moveit_ros_planning/cmake/ament_cmake_export_targets-extras.cmake
-- Up-to-date: /home/adminlab/franka_ros2_ws/install/moveit_ros_planning/share/moveit_ros_planning/cmake/ament_cmake_export_dependencies-extras.cmake
-- Up-to-date: /home/adminlab/franka_ros2_ws/install/moveit_ros_planning/share/moveit_ros_planning/cmake/moveit_ros_planningConfig.cmake
-- Up-to-date: /home/adminlab/franka_ros2_ws/install/moveit_ros_planning/share/moveit_ros_planning/cmake/moveit_ros_planningConfig-version.cmake
-- Up-to-date: /home/adminlab/franka_ros2_ws/install/moveit_ros_planning/share/moveit_ros_planning/package.xml
