[  3%] Built target franka_example_controllers_parameters
[ 10%] Built target gmock_main
[ 21%] Built target gmock
[ 28%] Built target franka_example_controllers_test
[ 35%] Built target franka_example_controllers_test_load_move_to_start
[ 85%] Built target franka_example_controllers
[ 92%] Built target franka_example_controllers_move_to_start_test
[100%] Built target franka_example_controllers_gravity_test
-- Install configuration: ""
-- Up-to-date: /home/adminlab/franka_ros2_ws/install/franka_example_controllers/include/franka_example_controllers_parameters
-- Up-to-date: /home/adminlab/franka_ros2_ws/install/franka_example_controllers/include/franka_example_controllers_parameters/franka_example_controllers_parameters.hpp
-- Up-to-date: /home/adminlab/franka_ros2_ws/install/franka_example_controllers/share/franka_example_controllers/franka_example_controllers.xml
-- Up-to-date: /home/adminlab/franka_ros2_ws/install/franka_example_controllers/lib/libfranka_example_controllers.so
-- Up-to-date: /home/adminlab/franka_ros2_ws/install/franka_example_controllers/include
-- Up-to-date: /home/adminlab/franka_ros2_ws/install/franka_example_controllers/include/franka_example_controllers
-- Up-to-date: /home/adminlab/franka_ros2_ws/install/franka_example_controllers/include/franka_example_controllers/motion_generator.hpp
-- Up-to-date: /home/adminlab/franka_ros2_ws/install/franka_example_controllers/include/franka_example_controllers/cartesian_elbow_example_controller.hpp
-- Up-to-date: /home/adminlab/franka_ros2_ws/install/franka_example_controllers/include/franka_example_controllers/cartesian_pose_example_controller.hpp
-- Up-to-date: /home/adminlab/franka_ros2_ws/install/franka_example_controllers/include/franka_example_controllers/model_example_controller.hpp
-- Up-to-date: /home/adminlab/franka_ros2_ws/install/franka_example_controllers/include/franka_example_controllers/cartesian_velocity_example_controller.hpp
-- Up-to-date: /home/adminlab/franka_ros2_ws/install/franka_example_controllers/include/franka_example_controllers/elbow_example_controller.hpp
-- Up-to-date: /home/adminlab/franka_ros2_ws/install/franka_example_controllers/include/franka_example_controllers/cartesian_orientation_example_controller.hpp
-- Up-to-date: /home/adminlab/franka_ros2_ws/install/franka_example_controllers/include/franka_example_controllers/joint_impedance_example_controller.hpp
-- Up-to-date: /home/adminlab/franka_ros2_ws/install/franka_example_controllers/include/franka_example_controllers/move_to_start_example_controller.hpp
-- Up-to-date: /home/adminlab/franka_ros2_ws/install/franka_example_controllers/include/franka_example_controllers/joint_impedance_with_ik_example_controller.hpp
-- Up-to-date: /home/adminlab/franka_ros2_ws/install/franka_example_controllers/include/franka_example_controllers/joint_position_example_controller.hpp
-- Up-to-date: /home/adminlab/franka_ros2_ws/install/franka_example_controllers/include/franka_example_controllers/visibility_control.h
-- Up-to-date: /home/adminlab/franka_ros2_ws/install/franka_example_controllers/include/franka_example_controllers/gravity_compensation_example_controller.hpp
-- Up-to-date: /home/adminlab/franka_ros2_ws/install/franka_example_controllers/include/franka_example_controllers/default_robot_behavior_utils.hpp
-- Up-to-date: /home/adminlab/franka_ros2_ws/install/franka_example_controllers/include/franka_example_controllers/joint_velocity_example_controller.hpp
-- Up-to-date: /home/adminlab/franka_ros2_ws/install/franka_example_controllers/share/franka_example_controllers/environment/library_path.sh
-- Up-to-date: /home/adminlab/franka_ros2_ws/install/franka_example_controllers/share/franka_example_controllers/environment/library_path.dsv
-- Up-to-date: /home/adminlab/franka_ros2_ws/install/franka_example_controllers/share/ament_index/resource_index/package_run_dependencies/franka_example_controllers
-- Up-to-date: /home/adminlab/franka_ros2_ws/install/franka_example_controllers/share/ament_index/resource_index/parent_prefix_path/franka_example_controllers
-- Up-to-date: /home/adminlab/franka_ros2_ws/install/franka_example_controllers/share/franka_example_controllers/environment/ament_prefix_path.sh
-- Up-to-date: /home/adminlab/franka_ros2_ws/install/franka_example_controllers/share/franka_example_controllers/environment/ament_prefix_path.dsv
-- Up-to-date: /home/adminlab/franka_ros2_ws/install/franka_example_controllers/share/franka_example_controllers/environment/path.sh
-- Up-to-date: /home/adminlab/franka_ros2_ws/install/franka_example_controllers/share/franka_example_controllers/environment/path.dsv
-- Up-to-date: /home/adminlab/franka_ros2_ws/install/franka_example_controllers/share/franka_example_controllers/local_setup.bash
-- Up-to-date: /home/adminlab/franka_ros2_ws/install/franka_example_controllers/share/franka_example_controllers/local_setup.sh
-- Up-to-date: /home/adminlab/franka_ros2_ws/install/franka_example_controllers/share/franka_example_controllers/local_setup.zsh
-- Up-to-date: /home/adminlab/franka_ros2_ws/install/franka_example_controllers/share/franka_example_controllers/local_setup.dsv
-- Installing: /home/adminlab/franka_ros2_ws/install/franka_example_controllers/share/franka_example_controllers/package.dsv
-- Up-to-date: /home/adminlab/franka_ros2_ws/install/franka_example_controllers/share/ament_index/resource_index/packages/franka_example_controllers
-- Up-to-date: /home/adminlab/franka_ros2_ws/install/franka_example_controllers/share/ament_index/resource_index/controller_interface__pluginlib__plugin/franka_example_controllers
-- Up-to-date: /home/adminlab/franka_ros2_ws/install/franka_example_controllers/share/franka_example_controllers/cmake/ament_cmake_export_include_directories-extras.cmake
-- Up-to-date: /home/adminlab/franka_ros2_ws/install/franka_example_controllers/share/franka_example_controllers/cmake/ament_cmake_export_libraries-extras.cmake
-- Up-to-date: /home/adminlab/franka_ros2_ws/install/franka_example_controllers/share/franka_example_controllers/cmake/ament_cmake_export_dependencies-extras.cmake
-- Up-to-date: /home/adminlab/franka_ros2_ws/install/franka_example_controllers/share/franka_example_controllers/cmake/franka_example_controllersConfig.cmake
-- Up-to-date: /home/adminlab/franka_ros2_ws/install/franka_example_controllers/share/franka_example_controllers/cmake/franka_example_controllersConfig-version.cmake
-- Up-to-date: /home/adminlab/franka_ros2_ws/install/franka_example_controllers/share/franka_example_controllers/package.xml
