[0.021s] Invoking command in '/home/adminlab/franka_ros2_ws/build/moveit_ros_warehouse': AMENT_PREFIX_PATH=/home/adminlab/franka_ros2_ws/install/moveit_ros_planning:/home/adminlab/franka_ros2_ws/install/moveit_ros_occupancy_map_monitor:/home/adminlab/franka_ros2_ws/install/moveit_core:/home/adminlab/franka_ros2_ws/install/generate_parameter_library:/home/adminlab/franka_ros2_ws/install/srdfdom:/home/adminlab/franka_ros2_ws/install/parameter_traits:/home/adminlab/franka_ros2_ws/install/moveit_msgs:/home/adminlab/franka_ros2_ws/install/moveit_common:/home/adminlab/franka_ros2_ws/install/generate_parameter_library_py:${AMENT_PREFIX_PATH} CMAKE_PREFIX_PATH=/home/adminlab/franka_ros2_ws/install/moveit_ros_planning:/home/adminlab/franka_ros2_ws/install/moveit_ros_occupancy_map_monitor:/home/adminlab/franka_ros2_ws/install/moveit_core:/home/adminlab/franka_ros2_ws/install/generate_parameter_library:/home/adminlab/franka_ros2_ws/install/srdfdom:/home/adminlab/franka_ros2_ws/install/parameter_traits:/home/adminlab/franka_ros2_ws/install/moveit_msgs:/home/adminlab/franka_ros2_ws/install/moveit_common:/opt/ros/humble LD_LIBRARY_PATH=/home/adminlab/franka_ros2_ws/install/moveit_ros_planning/lib:/home/adminlab/franka_ros2_ws/install/moveit_ros_occupancy_map_monitor/lib:/home/adminlab/franka_ros2_ws/install/moveit_core/lib:/home/adminlab/franka_ros2_ws/install/srdfdom/lib:/home/adminlab/franka_ros2_ws/install/parameter_traits/lib:/home/adminlab/franka_ros2_ws/install/moveit_msgs/lib:${LD_LIBRARY_PATH} PATH=/home/adminlab/franka_ros2_ws/install/moveit_core/bin:/home/adminlab/franka_ros2_ws/install/generate_parameter_library_py/bin:${PATH} PYTHONPATH=/home/adminlab/franka_ros2_ws/install/srdfdom/local/lib/python3.10/dist-packages:/home/adminlab/franka_ros2_ws/install/moveit_msgs/local/lib/python3.10/dist-packages:/home/adminlab/franka_ros2_ws/install/generate_parameter_library_py/lib/python3.10/site-packages:${PYTHONPATH} /usr/bin/cmake --build /home/adminlab/franka_ros2_ws/build/moveit_ros_warehouse -- -j16 -l16
[0.074s] [ 40%] Built target moveit_warehouse
[0.101s] [ 50%] Built target moveit_warehouse_broadcast
[0.121s] [ 60%] Built target moveit_warehouse_services
[0.150s] [ 70%] Built target moveit_init_demo_warehouse
[0.175s] [ 80%] Built target moveit_warehouse_save_as_text
[0.198s] [ 90%] Built target moveit_warehouse_import_from_text
[0.224s] [100%] Built target moveit_save_to_warehouse
[0.233s] Invoked command in '/home/adminlab/franka_ros2_ws/build/moveit_ros_warehouse' returned '0': AMENT_PREFIX_PATH=/home/adminlab/franka_ros2_ws/install/moveit_ros_planning:/home/adminlab/franka_ros2_ws/install/moveit_ros_occupancy_map_monitor:/home/adminlab/franka_ros2_ws/install/moveit_core:/home/adminlab/franka_ros2_ws/install/generate_parameter_library:/home/adminlab/franka_ros2_ws/install/srdfdom:/home/adminlab/franka_ros2_ws/install/parameter_traits:/home/adminlab/franka_ros2_ws/install/moveit_msgs:/home/adminlab/franka_ros2_ws/install/moveit_common:/home/adminlab/franka_ros2_ws/install/generate_parameter_library_py:${AMENT_PREFIX_PATH} CMAKE_PREFIX_PATH=/home/adminlab/franka_ros2_ws/install/moveit_ros_planning:/home/adminlab/franka_ros2_ws/install/moveit_ros_occupancy_map_monitor:/home/adminlab/franka_ros2_ws/install/moveit_core:/home/adminlab/franka_ros2_ws/install/generate_parameter_library:/home/adminlab/franka_ros2_ws/install/srdfdom:/home/adminlab/franka_ros2_ws/install/parameter_traits:/home/adminlab/franka_ros2_ws/install/moveit_msgs:/home/adminlab/franka_ros2_ws/install/moveit_common:/opt/ros/humble LD_LIBRARY_PATH=/home/adminlab/franka_ros2_ws/install/moveit_ros_planning/lib:/home/adminlab/franka_ros2_ws/install/moveit_ros_occupancy_map_monitor/lib:/home/adminlab/franka_ros2_ws/install/moveit_core/lib:/home/adminlab/franka_ros2_ws/install/srdfdom/lib:/home/adminlab/franka_ros2_ws/install/parameter_traits/lib:/home/adminlab/franka_ros2_ws/install/moveit_msgs/lib:${LD_LIBRARY_PATH} PATH=/home/adminlab/franka_ros2_ws/install/moveit_core/bin:/home/adminlab/franka_ros2_ws/install/generate_parameter_library_py/bin:${PATH} PYTHONPATH=/home/adminlab/franka_ros2_ws/install/srdfdom/local/lib/python3.10/dist-packages:/home/adminlab/franka_ros2_ws/install/moveit_msgs/local/lib/python3.10/dist-packages:/home/adminlab/franka_ros2_ws/install/generate_parameter_library_py/lib/python3.10/site-packages:${PYTHONPATH} /usr/bin/cmake --build /home/adminlab/franka_ros2_ws/build/moveit_ros_warehouse -- -j16 -l16
[0.266s] Invoking command in '/home/adminlab/franka_ros2_ws/build/moveit_ros_warehouse': AMENT_PREFIX_PATH=/home/adminlab/franka_ros2_ws/install/moveit_ros_planning:/home/adminlab/franka_ros2_ws/install/moveit_ros_occupancy_map_monitor:/home/adminlab/franka_ros2_ws/install/moveit_core:/home/adminlab/franka_ros2_ws/install/generate_parameter_library:/home/adminlab/franka_ros2_ws/install/srdfdom:/home/adminlab/franka_ros2_ws/install/parameter_traits:/home/adminlab/franka_ros2_ws/install/moveit_msgs:/home/adminlab/franka_ros2_ws/install/moveit_common:/home/adminlab/franka_ros2_ws/install/generate_parameter_library_py:${AMENT_PREFIX_PATH} CMAKE_PREFIX_PATH=/home/adminlab/franka_ros2_ws/install/moveit_ros_planning:/home/adminlab/franka_ros2_ws/install/moveit_ros_occupancy_map_monitor:/home/adminlab/franka_ros2_ws/install/moveit_core:/home/adminlab/franka_ros2_ws/install/generate_parameter_library:/home/adminlab/franka_ros2_ws/install/srdfdom:/home/adminlab/franka_ros2_ws/install/parameter_traits:/home/adminlab/franka_ros2_ws/install/moveit_msgs:/home/adminlab/franka_ros2_ws/install/moveit_common:/opt/ros/humble LD_LIBRARY_PATH=/home/adminlab/franka_ros2_ws/install/moveit_ros_planning/lib:/home/adminlab/franka_ros2_ws/install/moveit_ros_occupancy_map_monitor/lib:/home/adminlab/franka_ros2_ws/install/moveit_core/lib:/home/adminlab/franka_ros2_ws/install/srdfdom/lib:/home/adminlab/franka_ros2_ws/install/parameter_traits/lib:/home/adminlab/franka_ros2_ws/install/moveit_msgs/lib:${LD_LIBRARY_PATH} PATH=/home/adminlab/franka_ros2_ws/install/moveit_core/bin:/home/adminlab/franka_ros2_ws/install/generate_parameter_library_py/bin:${PATH} PYTHONPATH=/home/adminlab/franka_ros2_ws/install/srdfdom/local/lib/python3.10/dist-packages:/home/adminlab/franka_ros2_ws/install/moveit_msgs/local/lib/python3.10/dist-packages:/home/adminlab/franka_ros2_ws/install/generate_parameter_library_py/lib/python3.10/site-packages:${PYTHONPATH} /usr/bin/cmake --install /home/adminlab/franka_ros2_ws/build/moveit_ros_warehouse
[0.270s] -- Install configuration: "Release"
[0.270s] -- Up-to-date: /home/adminlab/franka_ros2_ws/install/moveit_ros_warehouse/lib/moveit_ros_warehouse/moveit_save_to_warehouse
[0.271s] -- Up-to-date: /home/adminlab/franka_ros2_ws/install/moveit_ros_warehouse/lib/moveit_ros_warehouse/moveit_warehouse_broadcast
[0.271s] -- Up-to-date: /home/adminlab/franka_ros2_ws/install/moveit_ros_warehouse/lib/moveit_ros_warehouse/moveit_warehouse_import_from_text
[0.271s] -- Up-to-date: /home/adminlab/franka_ros2_ws/install/moveit_ros_warehouse/lib/moveit_ros_warehouse/moveit_warehouse_save_as_text
[0.271s] -- Up-to-date: /home/adminlab/franka_ros2_ws/install/moveit_ros_warehouse/lib/moveit_ros_warehouse/moveit_init_demo_warehouse
[0.271s] -- Up-to-date: /home/adminlab/franka_ros2_ws/install/moveit_ros_warehouse/lib/moveit_ros_warehouse/moveit_warehouse_services
[0.271s] -- Up-to-date: /home/adminlab/franka_ros2_ws/install/moveit_ros_warehouse/include
[0.271s] -- Up-to-date: /home/adminlab/franka_ros2_ws/install/moveit_ros_warehouse/include/moveit
[0.271s] -- Up-to-date: /home/adminlab/franka_ros2_ws/install/moveit_ros_warehouse/include/moveit/warehouse
[0.272s] -- Up-to-date: /home/adminlab/franka_ros2_ws/install/moveit_ros_warehouse/include/moveit/warehouse/state_storage.h
[0.272s] -- Up-to-date: /home/adminlab/franka_ros2_ws/install/moveit_ros_warehouse/include/moveit/warehouse/planning_scene_world_storage.h
[0.272s] -- Up-to-date: /home/adminlab/franka_ros2_ws/install/moveit_ros_warehouse/include/moveit/warehouse/warehouse_connector.h
[0.272s] -- Up-to-date: /home/adminlab/franka_ros2_ws/install/moveit_ros_warehouse/include/moveit/warehouse/moveit_message_storage.h
[0.272s] -- Up-to-date: /home/adminlab/franka_ros2_ws/install/moveit_ros_warehouse/include/moveit/warehouse/constraints_storage.h
[0.272s] -- Up-to-date: /home/adminlab/franka_ros2_ws/install/moveit_ros_warehouse/include/moveit/warehouse/trajectory_constraints_storage.h
[0.272s] -- Up-to-date: /home/adminlab/franka_ros2_ws/install/moveit_ros_warehouse/include/moveit/warehouse/planning_scene_storage.h
[0.272s] -- Up-to-date: /home/adminlab/franka_ros2_ws/install/moveit_ros_warehouse/include/moveit_warehouse_export.h
[0.272s] -- Up-to-date: /home/adminlab/franka_ros2_ws/install/moveit_ros_warehouse/lib/libmoveit_warehouse.so.2.5.5
[0.272s] -- Up-to-date: /home/adminlab/franka_ros2_ws/install/moveit_ros_warehouse/lib/libmoveit_warehouse.so
[0.272s] -- Up-to-date: /home/adminlab/franka_ros2_ws/install/moveit_ros_warehouse/share/moveit_ros_warehouse/environment/library_path.sh
[0.272s] -- Up-to-date: /home/adminlab/franka_ros2_ws/install/moveit_ros_warehouse/share/moveit_ros_warehouse/environment/library_path.dsv
[0.272s] -- Up-to-date: /home/adminlab/franka_ros2_ws/install/moveit_ros_warehouse/share/ament_index/resource_index/package_run_dependencies/moveit_ros_warehouse
[0.273s] -- Up-to-date: /home/adminlab/franka_ros2_ws/install/moveit_ros_warehouse/share/ament_index/resource_index/parent_prefix_path/moveit_ros_warehouse
[0.273s] -- Up-to-date: /home/adminlab/franka_ros2_ws/install/moveit_ros_warehouse/share/moveit_ros_warehouse/environment/ament_prefix_path.sh
[0.273s] -- Up-to-date: /home/adminlab/franka_ros2_ws/install/moveit_ros_warehouse/share/moveit_ros_warehouse/environment/ament_prefix_path.dsv
[0.273s] -- Up-to-date: /home/adminlab/franka_ros2_ws/install/moveit_ros_warehouse/share/moveit_ros_warehouse/environment/path.sh
[0.273s] -- Up-to-date: /home/adminlab/franka_ros2_ws/install/moveit_ros_warehouse/share/moveit_ros_warehouse/environment/path.dsv
[0.273s] -- Up-to-date: /home/adminlab/franka_ros2_ws/install/moveit_ros_warehouse/share/moveit_ros_warehouse/local_setup.bash
[0.273s] -- Up-to-date: /home/adminlab/franka_ros2_ws/install/moveit_ros_warehouse/share/moveit_ros_warehouse/local_setup.sh
[0.273s] -- Up-to-date: /home/adminlab/franka_ros2_ws/install/moveit_ros_warehouse/share/moveit_ros_warehouse/local_setup.zsh
[0.273s] -- Up-to-date: /home/adminlab/franka_ros2_ws/install/moveit_ros_warehouse/share/moveit_ros_warehouse/local_setup.dsv
[0.273s] -- Installing: /home/adminlab/franka_ros2_ws/install/moveit_ros_warehouse/share/moveit_ros_warehouse/package.dsv
[0.273s] -- Up-to-date: /home/adminlab/franka_ros2_ws/install/moveit_ros_warehouse/share/ament_index/resource_index/packages/moveit_ros_warehouse
[0.273s] -- Up-to-date: /home/adminlab/franka_ros2_ws/install/moveit_ros_warehouse/share/moveit_ros_warehouse/cmake/export_moveit_ros_warehouseExport.cmake
[0.273s] -- Up-to-date: /home/adminlab/franka_ros2_ws/install/moveit_ros_warehouse/share/moveit_ros_warehouse/cmake/export_moveit_ros_warehouseExport-release.cmake
[0.273s] -- Up-to-date: /home/adminlab/franka_ros2_ws/install/moveit_ros_warehouse/share/moveit_ros_warehouse/cmake/ConfigExtras.cmake
[0.273s] -- Up-to-date: /home/adminlab/franka_ros2_ws/install/moveit_ros_warehouse/share/moveit_ros_warehouse/cmake/ament_cmake_export_targets-extras.cmake
[0.274s] -- Up-to-date: /home/adminlab/franka_ros2_ws/install/moveit_ros_warehouse/share/moveit_ros_warehouse/cmake/ament_cmake_export_dependencies-extras.cmake
[0.274s] -- Up-to-date: /home/adminlab/franka_ros2_ws/install/moveit_ros_warehouse/share/moveit_ros_warehouse/cmake/moveit_ros_warehouseConfig.cmake
[0.274s] -- Up-to-date: /home/adminlab/franka_ros2_ws/install/moveit_ros_warehouse/share/moveit_ros_warehouse/cmake/moveit_ros_warehouseConfig-version.cmake
[0.274s] -- Up-to-date: /home/adminlab/franka_ros2_ws/install/moveit_ros_warehouse/share/moveit_ros_warehouse/package.xml
[0.281s] Invoked command in '/home/adminlab/franka_ros2_ws/build/moveit_ros_warehouse' returned '0': AMENT_PREFIX_PATH=/home/adminlab/franka_ros2_ws/install/moveit_ros_planning:/home/adminlab/franka_ros2_ws/install/moveit_ros_occupancy_map_monitor:/home/adminlab/franka_ros2_ws/install/moveit_core:/home/adminlab/franka_ros2_ws/install/generate_parameter_library:/home/adminlab/franka_ros2_ws/install/srdfdom:/home/adminlab/franka_ros2_ws/install/parameter_traits:/home/adminlab/franka_ros2_ws/install/moveit_msgs:/home/adminlab/franka_ros2_ws/install/moveit_common:/home/adminlab/franka_ros2_ws/install/generate_parameter_library_py:${AMENT_PREFIX_PATH} CMAKE_PREFIX_PATH=/home/adminlab/franka_ros2_ws/install/moveit_ros_planning:/home/adminlab/franka_ros2_ws/install/moveit_ros_occupancy_map_monitor:/home/adminlab/franka_ros2_ws/install/moveit_core:/home/adminlab/franka_ros2_ws/install/generate_parameter_library:/home/adminlab/franka_ros2_ws/install/srdfdom:/home/adminlab/franka_ros2_ws/install/parameter_traits:/home/adminlab/franka_ros2_ws/install/moveit_msgs:/home/adminlab/franka_ros2_ws/install/moveit_common:/opt/ros/humble LD_LIBRARY_PATH=/home/adminlab/franka_ros2_ws/install/moveit_ros_planning/lib:/home/adminlab/franka_ros2_ws/install/moveit_ros_occupancy_map_monitor/lib:/home/adminlab/franka_ros2_ws/install/moveit_core/lib:/home/adminlab/franka_ros2_ws/install/srdfdom/lib:/home/adminlab/franka_ros2_ws/install/parameter_traits/lib:/home/adminlab/franka_ros2_ws/install/moveit_msgs/lib:${LD_LIBRARY_PATH} PATH=/home/adminlab/franka_ros2_ws/install/moveit_core/bin:/home/adminlab/franka_ros2_ws/install/generate_parameter_library_py/bin:${PATH} PYTHONPATH=/home/adminlab/franka_ros2_ws/install/srdfdom/local/lib/python3.10/dist-packages:/home/adminlab/franka_ros2_ws/install/moveit_msgs/local/lib/python3.10/dist-packages:/home/adminlab/franka_ros2_ws/install/generate_parameter_library_py/lib/python3.10/site-packages:${PYTHONPATH} /usr/bin/cmake --install /home/adminlab/franka_ros2_ws/build/moveit_ros_warehouse
