[0.575s] Invoking command in '/home/adminlab/franka_ros2_ws/build/realsense2_camera_msgs': CMAKE_PREFIX_PATH=/home/adminlab/franka_ros2_ws/install/pilz_industrial_motion_planner_testutils:/home/adminlab/franka_ros2_ws/install/moveit_runtime:/home/adminlab/franka_ros2_ws/install/moveit2_tutorials:/home/adminlab/franka_ros2_ws/install/moveit:/home/adminlab/franka_ros2_ws/install/moveit_planners:/home/adminlab/franka_ros2_ws/install/pilz_industrial_motion_planner:/home/adminlab/franka_ros2_ws/install/mtc_tutorial:/home/adminlab/franka_ros2_ws/install/moveit_visual_tools:/home/adminlab/franka_ros2_ws/install/moveit_task_constructor_visualization:/home/adminlab/franka_ros2_ws/install/moveit_task_constructor_demo:/home/adminlab/franka_ros2_ws/install/moveit_task_constructor_capabilities:/home/adminlab/franka_ros2_ws/install/moveit_task_constructor_core:/home/adminlab/franka_ros2_ws/install/moveit_ros_control_interface:/home/adminlab/franka_ros2_ws/install/moveit_plugins:/home/adminlab/franka_ros2_ws/install/moveit_simple_controller_manager:/home/adminlab/franka_ros2_ws/install/moveit_setup_assistant:/home/adminlab/franka_ros2_ws/install/moveit_setup_srdf_plugins:/home/adminlab/franka_ros2_ws/install/moveit_setup_core_plugins:/home/adminlab/franka_ros2_ws/install/moveit_setup_controllers:/home/adminlab/franka_ros2_ws/install/moveit_setup_app_plugins:/home/adminlab/franka_ros2_ws/install/moveit_setup_framework:/home/adminlab/franka_ros2_ws/install/moveit_servo:/home/adminlab/franka_ros2_ws/install/moveit_ros:/home/adminlab/franka_ros2_ws/install/franka_moveit_config:/home/adminlab/franka_ros2_ws/install/moveit_ros_visualization:/home/adminlab/franka_ros2_ws/install/moveit_hybrid_planning:/home/adminlab/franka_ros2_ws/install/moveit2_scripts:/home/adminlab/franka_ros2_ws/install/hello_moveit:/home/adminlab/franka_ros2_ws/install/moveit_ros_planning_interface:/home/adminlab/franka_ros2_ws/install/moveit_ros_benchmarks:/home/adminlab/franka_ros2_ws/install/moveit_ros_warehouse:/home/adminlab/franka_ros2_ws/install/moveit_ros_robot_interaction:/home/adminlab/franka_ros2_ws/install/moveit_ros_perception:/home/adminlab/franka_ros2_ws/install/moveit_resources_prbt_pg70_support:/home/adminlab/franka_ros2_ws/install/moveit_resources_prbt_moveit_config:/home/adminlab/franka_ros2_ws/install/moveit_ros_move_group:/home/adminlab/franka_ros2_ws/install/moveit_planners_ompl:/home/adminlab/franka_ros2_ws/install/moveit_ros_planning:/home/adminlab/franka_ros2_ws/install/moveit_ros_occupancy_map_monitor:/home/adminlab/franka_ros2_ws/install/moveit_resources_prbt_ikfast_manipulator_plugin:/home/adminlab/franka_ros2_ws/install/moveit_planners_chomp:/home/adminlab/franka_ros2_ws/install/moveit_kinematics:/home/adminlab/franka_ros2_ws/install/moveit_chomp_optimizer_adapter:/home/adminlab/franka_ros2_ws/install/chomp_motion_planner:/home/adminlab/franka_ros2_ws/install/moveit_core:/home/adminlab/franka_ros2_ws/install/srdfdom:/home/adminlab/franka_ros2_ws/install/rviz_marker_tools:/home/adminlab/franka_ros2_ws/install/rosparam_shortcuts:/home/adminlab/franka_ros2_ws/install/ros_testing:/home/adminlab/franka_ros2_ws/install/realsense2_description:/home/adminlab/franka_ros2_ws/install/realsense2_camera:/home/adminlab/franka_ros2_ws/install/realsense2_camera_msgs:/home/adminlab/franka_ros2_ws/install/joint_trajectory_controller:/home/adminlab/franka_ros2_ws/install/generate_parameter_library_example:/home/adminlab/franka_ros2_ws/install/franka_bringup:/home/adminlab/franka_ros2_ws/install/franka_robot_state_broadcaster:/home/adminlab/franka_ros2_ws/install/cmake_generate_parameter_module_example:/home/adminlab/franka_ros2_ws/install/generate_parameter_library:/home/adminlab/franka_ros2_ws/install/parameter_traits:/home/adminlab/franka_ros2_ws/install/moveit_task_constructor_msgs:/home/adminlab/franka_ros2_ws/install/moveit_resources_prbt_support:/home/adminlab/franka_ros2_ws/install/moveit_resources:/home/adminlab/franka_ros2_ws/install/moveit_resources_pr2_description:/home/adminlab/franka_ros2_ws/install/moveit_resources_panda_moveit_config:/home/adminlab/franka_ros2_ws/install/moveit_resources_panda_description:/home/adminlab/franka_ros2_ws/install/moveit_resources_fanuc_moveit_config:/home/adminlab/franka_ros2_ws/install/moveit_resources_fanuc_description:/home/adminlab/franka_ros2_ws/install/moveit_msgs:/home/adminlab/franka_ros2_ws/install/moveit_common:/home/adminlab/franka_ros2_ws/install/librealsense2:/home/adminlab/franka_ros2_ws/install/integration_launch_testing:/home/adminlab/franka_ros2_ws/install/hand_interfaces:/home/adminlab/franka_ros2_ws/install/franka_example_controllers:/home/adminlab/franka_ros2_ws/install/franka_semantic_components:/home/adminlab/franka_ros2_ws/install/moveit_configs_utils:/home/adminlab/franka_ros2_ws/install/ros2test:/home/adminlab/franka_ros2_ws/install/generate_parameter_module_example:/home/adminlab/franka_ros2_ws/install/launch_param_builder:/home/adminlab/franka_ros2_ws/install/handcv:/home/adminlab/franka_ros2_ws/install/generate_parameter_library_py:/home/adminlab/franka_ros2_ws/install/camera_publisher:/opt/ros/humble:/home/adminlab/franka_ros2_ws/install/franka_custom_controller:/home/adminlab/franka_ros2_ws/install/franka_hardware:/home/adminlab/franka_ros2_ws/install/franka_gripper:/home/adminlab/franka_ros2_ws/install/franka_msgs:/home/adminlab/franka_ros2_ws/install/franka_description:/home/adminlab/franka_ros2_ws/install/OpenCV /usr/bin/cmake --build /home/adminlab/franka_ros2_ws/build/realsense2_camera_msgs -- -j16 -l16
[0.647s] [ 11%] Built target realsense2_camera_msgs__rosidl_generator_c
[0.680s] [ 12%] Built target realsense2_camera_msgs__cpp
[0.703s] [ 12%] Built target ament_cmake_python_copy_realsense2_camera_msgs
[0.730s] [ 23%] Built target realsense2_camera_msgs__rosidl_typesupport_fastrtps_c
[0.731s] [ 34%] Built target realsense2_camera_msgs__rosidl_typesupport_introspection_c
[0.748s] [ 53%] Built target realsense2_camera_msgs__rosidl_typesupport_c
[0.748s] [ 57%] Built target realsense2_camera_msgs__rosidl_typesupport_fastrtps_cpp
[0.748s] [ 68%] Built target realsense2_camera_msgs__rosidl_typesupport_introspection_cpp
[0.748s] [ 79%] Built target realsense2_camera_msgs__rosidl_typesupport_cpp
[0.772s] [ 79%] Built target realsense2_camera_msgs
[0.803s] [ 80%] Built target realsense2_camera_msgs__py
[0.834s] [ 90%] Built target realsense2_camera_msgs__rosidl_generator_py
[0.863s] [ 93%] Built target realsense2_camera_msgs__rosidl_typesupport_c__pyext
[0.866s] [ 96%] Built target realsense2_camera_msgs__rosidl_typesupport_introspection_c__pyext
[0.871s] [100%] Built target realsense2_camera_msgs__rosidl_typesupport_fastrtps_c__pyext
[1.010s] running egg_info
[1.010s] writing realsense2_camera_msgs.egg-info/PKG-INFO
[1.010s] writing dependency_links to realsense2_camera_msgs.egg-info/dependency_links.txt
[1.010s] writing top-level names to realsense2_camera_msgs.egg-info/top_level.txt
[1.012s] reading manifest file 'realsense2_camera_msgs.egg-info/SOURCES.txt'
[1.013s] writing manifest file 'realsense2_camera_msgs.egg-info/SOURCES.txt'
[1.064s] [100%] Built target ament_cmake_python_build_realsense2_camera_msgs_egg
[1.286s] Invoked command in '/home/adminlab/franka_ros2_ws/build/realsense2_camera_msgs' returned '0': CMAKE_PREFIX_PATH=/home/adminlab/franka_ros2_ws/install/pilz_industrial_motion_planner_testutils:/home/adminlab/franka_ros2_ws/install/moveit_runtime:/home/adminlab/franka_ros2_ws/install/moveit2_tutorials:/home/adminlab/franka_ros2_ws/install/moveit:/home/adminlab/franka_ros2_ws/install/moveit_planners:/home/adminlab/franka_ros2_ws/install/pilz_industrial_motion_planner:/home/adminlab/franka_ros2_ws/install/mtc_tutorial:/home/adminlab/franka_ros2_ws/install/moveit_visual_tools:/home/adminlab/franka_ros2_ws/install/moveit_task_constructor_visualization:/home/adminlab/franka_ros2_ws/install/moveit_task_constructor_demo:/home/adminlab/franka_ros2_ws/install/moveit_task_constructor_capabilities:/home/adminlab/franka_ros2_ws/install/moveit_task_constructor_core:/home/adminlab/franka_ros2_ws/install/moveit_ros_control_interface:/home/adminlab/franka_ros2_ws/install/moveit_plugins:/home/adminlab/franka_ros2_ws/install/moveit_simple_controller_manager:/home/adminlab/franka_ros2_ws/install/moveit_setup_assistant:/home/adminlab/franka_ros2_ws/install/moveit_setup_srdf_plugins:/home/adminlab/franka_ros2_ws/install/moveit_setup_core_plugins:/home/adminlab/franka_ros2_ws/install/moveit_setup_controllers:/home/adminlab/franka_ros2_ws/install/moveit_setup_app_plugins:/home/adminlab/franka_ros2_ws/install/moveit_setup_framework:/home/adminlab/franka_ros2_ws/install/moveit_servo:/home/adminlab/franka_ros2_ws/install/moveit_ros:/home/adminlab/franka_ros2_ws/install/franka_moveit_config:/home/adminlab/franka_ros2_ws/install/moveit_ros_visualization:/home/adminlab/franka_ros2_ws/install/moveit_hybrid_planning:/home/adminlab/franka_ros2_ws/install/moveit2_scripts:/home/adminlab/franka_ros2_ws/install/hello_moveit:/home/adminlab/franka_ros2_ws/install/moveit_ros_planning_interface:/home/adminlab/franka_ros2_ws/install/moveit_ros_benchmarks:/home/adminlab/franka_ros2_ws/install/moveit_ros_warehouse:/home/adminlab/franka_ros2_ws/install/moveit_ros_robot_interaction:/home/adminlab/franka_ros2_ws/install/moveit_ros_perception:/home/adminlab/franka_ros2_ws/install/moveit_resources_prbt_pg70_support:/home/adminlab/franka_ros2_ws/install/moveit_resources_prbt_moveit_config:/home/adminlab/franka_ros2_ws/install/moveit_ros_move_group:/home/adminlab/franka_ros2_ws/install/moveit_planners_ompl:/home/adminlab/franka_ros2_ws/install/moveit_ros_planning:/home/adminlab/franka_ros2_ws/install/moveit_ros_occupancy_map_monitor:/home/adminlab/franka_ros2_ws/install/moveit_resources_prbt_ikfast_manipulator_plugin:/home/adminlab/franka_ros2_ws/install/moveit_planners_chomp:/home/adminlab/franka_ros2_ws/install/moveit_kinematics:/home/adminlab/franka_ros2_ws/install/moveit_chomp_optimizer_adapter:/home/adminlab/franka_ros2_ws/install/chomp_motion_planner:/home/adminlab/franka_ros2_ws/install/moveit_core:/home/adminlab/franka_ros2_ws/install/srdfdom:/home/adminlab/franka_ros2_ws/install/rviz_marker_tools:/home/adminlab/franka_ros2_ws/install/rosparam_shortcuts:/home/adminlab/franka_ros2_ws/install/ros_testing:/home/adminlab/franka_ros2_ws/install/realsense2_description:/home/adminlab/franka_ros2_ws/install/realsense2_camera:/home/adminlab/franka_ros2_ws/install/realsense2_camera_msgs:/home/adminlab/franka_ros2_ws/install/joint_trajectory_controller:/home/adminlab/franka_ros2_ws/install/generate_parameter_library_example:/home/adminlab/franka_ros2_ws/install/franka_bringup:/home/adminlab/franka_ros2_ws/install/franka_robot_state_broadcaster:/home/adminlab/franka_ros2_ws/install/cmake_generate_parameter_module_example:/home/adminlab/franka_ros2_ws/install/generate_parameter_library:/home/adminlab/franka_ros2_ws/install/parameter_traits:/home/adminlab/franka_ros2_ws/install/moveit_task_constructor_msgs:/home/adminlab/franka_ros2_ws/install/moveit_resources_prbt_support:/home/adminlab/franka_ros2_ws/install/moveit_resources:/home/adminlab/franka_ros2_ws/install/moveit_resources_pr2_description:/home/adminlab/franka_ros2_ws/install/moveit_resources_panda_moveit_config:/home/adminlab/franka_ros2_ws/install/moveit_resources_panda_description:/home/adminlab/franka_ros2_ws/install/moveit_resources_fanuc_moveit_config:/home/adminlab/franka_ros2_ws/install/moveit_resources_fanuc_description:/home/adminlab/franka_ros2_ws/install/moveit_msgs:/home/adminlab/franka_ros2_ws/install/moveit_common:/home/adminlab/franka_ros2_ws/install/librealsense2:/home/adminlab/franka_ros2_ws/install/integration_launch_testing:/home/adminlab/franka_ros2_ws/install/hand_interfaces:/home/adminlab/franka_ros2_ws/install/franka_example_controllers:/home/adminlab/franka_ros2_ws/install/franka_semantic_components:/home/adminlab/franka_ros2_ws/install/moveit_configs_utils:/home/adminlab/franka_ros2_ws/install/ros2test:/home/adminlab/franka_ros2_ws/install/generate_parameter_module_example:/home/adminlab/franka_ros2_ws/install/launch_param_builder:/home/adminlab/franka_ros2_ws/install/handcv:/home/adminlab/franka_ros2_ws/install/generate_parameter_library_py:/home/adminlab/franka_ros2_ws/install/camera_publisher:/opt/ros/humble:/home/adminlab/franka_ros2_ws/install/franka_custom_controller:/home/adminlab/franka_ros2_ws/install/franka_hardware:/home/adminlab/franka_ros2_ws/install/franka_gripper:/home/adminlab/franka_ros2_ws/install/franka_msgs:/home/adminlab/franka_ros2_ws/install/franka_description:/home/adminlab/franka_ros2_ws/install/OpenCV /usr/bin/cmake --build /home/adminlab/franka_ros2_ws/build/realsense2_camera_msgs -- -j16 -l16
[1.682s] Invoking command in '/home/adminlab/franka_ros2_ws/build/realsense2_camera_msgs': CMAKE_PREFIX_PATH=/home/adminlab/franka_ros2_ws/install/pilz_industrial_motion_planner_testutils:/home/adminlab/franka_ros2_ws/install/moveit_runtime:/home/adminlab/franka_ros2_ws/install/moveit2_tutorials:/home/adminlab/franka_ros2_ws/install/moveit:/home/adminlab/franka_ros2_ws/install/moveit_planners:/home/adminlab/franka_ros2_ws/install/pilz_industrial_motion_planner:/home/adminlab/franka_ros2_ws/install/mtc_tutorial:/home/adminlab/franka_ros2_ws/install/moveit_visual_tools:/home/adminlab/franka_ros2_ws/install/moveit_task_constructor_visualization:/home/adminlab/franka_ros2_ws/install/moveit_task_constructor_demo:/home/adminlab/franka_ros2_ws/install/moveit_task_constructor_capabilities:/home/adminlab/franka_ros2_ws/install/moveit_task_constructor_core:/home/adminlab/franka_ros2_ws/install/moveit_ros_control_interface:/home/adminlab/franka_ros2_ws/install/moveit_plugins:/home/adminlab/franka_ros2_ws/install/moveit_simple_controller_manager:/home/adminlab/franka_ros2_ws/install/moveit_setup_assistant:/home/adminlab/franka_ros2_ws/install/moveit_setup_srdf_plugins:/home/adminlab/franka_ros2_ws/install/moveit_setup_core_plugins:/home/adminlab/franka_ros2_ws/install/moveit_setup_controllers:/home/adminlab/franka_ros2_ws/install/moveit_setup_app_plugins:/home/adminlab/franka_ros2_ws/install/moveit_setup_framework:/home/adminlab/franka_ros2_ws/install/moveit_servo:/home/adminlab/franka_ros2_ws/install/moveit_ros:/home/adminlab/franka_ros2_ws/install/franka_moveit_config:/home/adminlab/franka_ros2_ws/install/moveit_ros_visualization:/home/adminlab/franka_ros2_ws/install/moveit_hybrid_planning:/home/adminlab/franka_ros2_ws/install/moveit2_scripts:/home/adminlab/franka_ros2_ws/install/hello_moveit:/home/adminlab/franka_ros2_ws/install/moveit_ros_planning_interface:/home/adminlab/franka_ros2_ws/install/moveit_ros_benchmarks:/home/adminlab/franka_ros2_ws/install/moveit_ros_warehouse:/home/adminlab/franka_ros2_ws/install/moveit_ros_robot_interaction:/home/adminlab/franka_ros2_ws/install/moveit_ros_perception:/home/adminlab/franka_ros2_ws/install/moveit_resources_prbt_pg70_support:/home/adminlab/franka_ros2_ws/install/moveit_resources_prbt_moveit_config:/home/adminlab/franka_ros2_ws/install/moveit_ros_move_group:/home/adminlab/franka_ros2_ws/install/moveit_planners_ompl:/home/adminlab/franka_ros2_ws/install/moveit_ros_planning:/home/adminlab/franka_ros2_ws/install/moveit_ros_occupancy_map_monitor:/home/adminlab/franka_ros2_ws/install/moveit_resources_prbt_ikfast_manipulator_plugin:/home/adminlab/franka_ros2_ws/install/moveit_planners_chomp:/home/adminlab/franka_ros2_ws/install/moveit_kinematics:/home/adminlab/franka_ros2_ws/install/moveit_chomp_optimizer_adapter:/home/adminlab/franka_ros2_ws/install/chomp_motion_planner:/home/adminlab/franka_ros2_ws/install/moveit_core:/home/adminlab/franka_ros2_ws/install/srdfdom:/home/adminlab/franka_ros2_ws/install/rviz_marker_tools:/home/adminlab/franka_ros2_ws/install/rosparam_shortcuts:/home/adminlab/franka_ros2_ws/install/ros_testing:/home/adminlab/franka_ros2_ws/install/realsense2_description:/home/adminlab/franka_ros2_ws/install/realsense2_camera:/home/adminlab/franka_ros2_ws/install/realsense2_camera_msgs:/home/adminlab/franka_ros2_ws/install/joint_trajectory_controller:/home/adminlab/franka_ros2_ws/install/generate_parameter_library_example:/home/adminlab/franka_ros2_ws/install/franka_bringup:/home/adminlab/franka_ros2_ws/install/franka_robot_state_broadcaster:/home/adminlab/franka_ros2_ws/install/cmake_generate_parameter_module_example:/home/adminlab/franka_ros2_ws/install/generate_parameter_library:/home/adminlab/franka_ros2_ws/install/parameter_traits:/home/adminlab/franka_ros2_ws/install/moveit_task_constructor_msgs:/home/adminlab/franka_ros2_ws/install/moveit_resources_prbt_support:/home/adminlab/franka_ros2_ws/install/moveit_resources:/home/adminlab/franka_ros2_ws/install/moveit_resources_pr2_description:/home/adminlab/franka_ros2_ws/install/moveit_resources_panda_moveit_config:/home/adminlab/franka_ros2_ws/install/moveit_resources_panda_description:/home/adminlab/franka_ros2_ws/install/moveit_resources_fanuc_moveit_config:/home/adminlab/franka_ros2_ws/install/moveit_resources_fanuc_description:/home/adminlab/franka_ros2_ws/install/moveit_msgs:/home/adminlab/franka_ros2_ws/install/moveit_common:/home/adminlab/franka_ros2_ws/install/librealsense2:/home/adminlab/franka_ros2_ws/install/integration_launch_testing:/home/adminlab/franka_ros2_ws/install/hand_interfaces:/home/adminlab/franka_ros2_ws/install/franka_example_controllers:/home/adminlab/franka_ros2_ws/install/franka_semantic_components:/home/adminlab/franka_ros2_ws/install/moveit_configs_utils:/home/adminlab/franka_ros2_ws/install/ros2test:/home/adminlab/franka_ros2_ws/install/generate_parameter_module_example:/home/adminlab/franka_ros2_ws/install/launch_param_builder:/home/adminlab/franka_ros2_ws/install/handcv:/home/adminlab/franka_ros2_ws/install/generate_parameter_library_py:/home/adminlab/franka_ros2_ws/install/camera_publisher:/opt/ros/humble:/home/adminlab/franka_ros2_ws/install/franka_custom_controller:/home/adminlab/franka_ros2_ws/install/franka_hardware:/home/adminlab/franka_ros2_ws/install/franka_gripper:/home/adminlab/franka_ros2_ws/install/franka_msgs:/home/adminlab/franka_ros2_ws/install/franka_description:/home/adminlab/franka_ros2_ws/install/OpenCV /usr/bin/cmake --install /home/adminlab/franka_ros2_ws/build/realsense2_camera_msgs
[1.686s] -- Install configuration: "Debug"
[1.687s] -- Up-to-date: /home/adminlab/franka_ros2_ws/install/realsense2_camera_msgs/share/ament_index/resource_index/rosidl_interfaces/realsense2_camera_msgs
[1.687s] -- Up-to-date: /home/adminlab/franka_ros2_ws/install/realsense2_camera_msgs/include/realsense2_camera_msgs/realsense2_camera_msgs
[1.687s] -- Up-to-date: /home/adminlab/franka_ros2_ws/install/realsense2_camera_msgs/include/realsense2_camera_msgs/realsense2_camera_msgs/msg
[1.687s] -- Up-to-date: /home/adminlab/franka_ros2_ws/install/realsense2_camera_msgs/include/realsense2_camera_msgs/realsense2_camera_msgs/msg/rgbd.h
[1.687s] -- Up-to-date: /home/adminlab/franka_ros2_ws/install/realsense2_camera_msgs/include/realsense2_camera_msgs/realsense2_camera_msgs/msg/metadata.h
[1.687s] -- Up-to-date: /home/adminlab/franka_ros2_ws/install/realsense2_camera_msgs/include/realsense2_camera_msgs/realsense2_camera_msgs/msg/extrinsics.h
[1.687s] -- Up-to-date: /home/adminlab/franka_ros2_ws/install/realsense2_camera_msgs/include/realsense2_camera_msgs/realsense2_camera_msgs/msg/imu_info.h
[1.687s] -- Up-to-date: /home/adminlab/franka_ros2_ws/install/realsense2_camera_msgs/include/realsense2_camera_msgs/realsense2_camera_msgs/msg/detail
[1.687s] -- Up-to-date: /home/adminlab/franka_ros2_ws/install/realsense2_camera_msgs/include/realsense2_camera_msgs/realsense2_camera_msgs/msg/detail/rgbd__type_support.h
[1.687s] -- Up-to-date: /home/adminlab/franka_ros2_ws/install/realsense2_camera_msgs/include/realsense2_camera_msgs/realsense2_camera_msgs/msg/detail/metadata__struct.h
[1.687s] -- Up-to-date: /home/adminlab/franka_ros2_ws/install/realsense2_camera_msgs/include/realsense2_camera_msgs/realsense2_camera_msgs/msg/detail/rgbd__functions.h
[1.687s] -- Up-to-date: /home/adminlab/franka_ros2_ws/install/realsense2_camera_msgs/include/realsense2_camera_msgs/realsense2_camera_msgs/msg/detail/extrinsics__functions.c
[1.687s] -- Up-to-date: /home/adminlab/franka_ros2_ws/install/realsense2_camera_msgs/include/realsense2_camera_msgs/realsense2_camera_msgs/msg/detail/metadata__functions.c
[1.687s] -- Up-to-date: /home/adminlab/franka_ros2_ws/install/realsense2_camera_msgs/include/realsense2_camera_msgs/realsense2_camera_msgs/msg/detail/metadata__type_support.h
[1.688s] -- Up-to-date: /home/adminlab/franka_ros2_ws/install/realsense2_camera_msgs/include/realsense2_camera_msgs/realsense2_camera_msgs/msg/detail/imu_info__type_support.h
[1.688s] -- Up-to-date: /home/adminlab/franka_ros2_ws/install/realsense2_camera_msgs/include/realsense2_camera_msgs/realsense2_camera_msgs/msg/detail/imu_info__struct.h
[1.693s] -- Up-to-date: /home/adminlab/franka_ros2_ws/install/realsense2_camera_msgs/include/realsense2_camera_msgs/realsense2_camera_msgs/msg/detail/extrinsics__functions.h
[1.694s] -- Up-to-date: /home/adminlab/franka_ros2_ws/install/realsense2_camera_msgs/include/realsense2_camera_msgs/realsense2_camera_msgs/msg/detail/extrinsics__type_support.h
[1.694s] -- Up-to-date: /home/adminlab/franka_ros2_ws/install/realsense2_camera_msgs/include/realsense2_camera_msgs/realsense2_camera_msgs/msg/detail/rgbd__struct.h
[1.694s] -- Up-to-date: /home/adminlab/franka_ros2_ws/install/realsense2_camera_msgs/include/realsense2_camera_msgs/realsense2_camera_msgs/msg/detail/extrinsics__struct.h
[1.694s] -- Up-to-date: /home/adminlab/franka_ros2_ws/install/realsense2_camera_msgs/include/realsense2_camera_msgs/realsense2_camera_msgs/msg/detail/metadata__functions.h
[1.694s] -- Up-to-date: /home/adminlab/franka_ros2_ws/install/realsense2_camera_msgs/include/realsense2_camera_msgs/realsense2_camera_msgs/msg/detail/imu_info__functions.c
[1.694s] -- Up-to-date: /home/adminlab/franka_ros2_ws/install/realsense2_camera_msgs/include/realsense2_camera_msgs/realsense2_camera_msgs/msg/detail/rgbd__functions.c
[1.694s] -- Up-to-date: /home/adminlab/franka_ros2_ws/install/realsense2_camera_msgs/include/realsense2_camera_msgs/realsense2_camera_msgs/msg/detail/imu_info__functions.h
[1.694s] -- Up-to-date: /home/adminlab/franka_ros2_ws/install/realsense2_camera_msgs/include/realsense2_camera_msgs/realsense2_camera_msgs/msg/rosidl_generator_c__visibility_control.h
[1.694s] -- Up-to-date: /home/adminlab/franka_ros2_ws/install/realsense2_camera_msgs/include/realsense2_camera_msgs/realsense2_camera_msgs/srv
[1.694s] -- Up-to-date: /home/adminlab/franka_ros2_ws/install/realsense2_camera_msgs/include/realsense2_camera_msgs/realsense2_camera_msgs/srv/device_info.h
[1.694s] -- Up-to-date: /home/adminlab/franka_ros2_ws/install/realsense2_camera_msgs/include/realsense2_camera_msgs/realsense2_camera_msgs/srv/detail
[1.694s] -- Up-to-date: /home/adminlab/franka_ros2_ws/install/realsense2_camera_msgs/include/realsense2_camera_msgs/realsense2_camera_msgs/srv/detail/device_info__functions.h
[1.695s] -- Up-to-date: /home/adminlab/franka_ros2_ws/install/realsense2_camera_msgs/include/realsense2_camera_msgs/realsense2_camera_msgs/srv/detail/device_info__struct.h
[1.695s] -- Up-to-date: /home/adminlab/franka_ros2_ws/install/realsense2_camera_msgs/include/realsense2_camera_msgs/realsense2_camera_msgs/srv/detail/device_info__type_support.h
[1.695s] -- Up-to-date: /home/adminlab/franka_ros2_ws/install/realsense2_camera_msgs/include/realsense2_camera_msgs/realsense2_camera_msgs/srv/detail/device_info__functions.c
[1.695s] -- Up-to-date: /home/adminlab/franka_ros2_ws/install/realsense2_camera_msgs/share/realsense2_camera_msgs/environment/library_path.sh
[1.695s] -- Up-to-date: /home/adminlab/franka_ros2_ws/install/realsense2_camera_msgs/share/realsense2_camera_msgs/environment/library_path.dsv
[1.696s] -- Up-to-date: /home/adminlab/franka_ros2_ws/install/realsense2_camera_msgs/lib/librealsense2_camera_msgs__rosidl_generator_c.so
[1.696s] -- Up-to-date: /home/adminlab/franka_ros2_ws/install/realsense2_camera_msgs/include/realsense2_camera_msgs/realsense2_camera_msgs
[1.697s] -- Up-to-date: /home/adminlab/franka_ros2_ws/install/realsense2_camera_msgs/include/realsense2_camera_msgs/realsense2_camera_msgs/msg
[1.697s] -- Up-to-date: /home/adminlab/franka_ros2_ws/install/realsense2_camera_msgs/include/realsense2_camera_msgs/realsense2_camera_msgs/msg/detail
[1.697s] -- Up-to-date: /home/adminlab/franka_ros2_ws/install/realsense2_camera_msgs/include/realsense2_camera_msgs/realsense2_camera_msgs/msg/detail/rgbd__rosidl_typesupport_fastrtps_c.h
[1.697s] -- Up-to-date: /home/adminlab/franka_ros2_ws/install/realsense2_camera_msgs/include/realsense2_camera_msgs/realsense2_camera_msgs/msg/detail/extrinsics__rosidl_typesupport_fastrtps_c.h
[1.697s] -- Up-to-date: /home/adminlab/franka_ros2_ws/install/realsense2_camera_msgs/include/realsense2_camera_msgs/realsense2_camera_msgs/msg/detail/metadata__rosidl_typesupport_fastrtps_c.h
[1.697s] -- Up-to-date: /home/adminlab/franka_ros2_ws/install/realsense2_camera_msgs/include/realsense2_camera_msgs/realsense2_camera_msgs/msg/detail/imu_info__rosidl_typesupport_fastrtps_c.h
[1.697s] -- Up-to-date: /home/adminlab/franka_ros2_ws/install/realsense2_camera_msgs/include/realsense2_camera_msgs/realsense2_camera_msgs/msg/rosidl_typesupport_fastrtps_c__visibility_control.h
[1.697s] -- Up-to-date: /home/adminlab/franka_ros2_ws/install/realsense2_camera_msgs/include/realsense2_camera_msgs/realsense2_camera_msgs/srv
[1.697s] -- Up-to-date: /home/adminlab/franka_ros2_ws/install/realsense2_camera_msgs/include/realsense2_camera_msgs/realsense2_camera_msgs/srv/detail
[1.698s] -- Up-to-date: /home/adminlab/franka_ros2_ws/install/realsense2_camera_msgs/include/realsense2_camera_msgs/realsense2_camera_msgs/srv/detail/device_info__rosidl_typesupport_fastrtps_c.h
[1.699s] -- Up-to-date: /home/adminlab/franka_ros2_ws/install/realsense2_camera_msgs/lib/librealsense2_camera_msgs__rosidl_typesupport_fastrtps_c.so
[1.699s] -- Up-to-date: /home/adminlab/franka_ros2_ws/install/realsense2_camera_msgs/include/realsense2_camera_msgs/realsense2_camera_msgs
[1.699s] -- Up-to-date: /home/adminlab/franka_ros2_ws/install/realsense2_camera_msgs/include/realsense2_camera_msgs/realsense2_camera_msgs/msg
[1.699s] -- Up-to-date: /home/adminlab/franka_ros2_ws/install/realsense2_camera_msgs/include/realsense2_camera_msgs/realsense2_camera_msgs/msg/detail
[1.700s] -- Up-to-date: /home/adminlab/franka_ros2_ws/install/realsense2_camera_msgs/include/realsense2_camera_msgs/realsense2_camera_msgs/msg/detail/imu_info__type_support.c
[1.700s] -- Up-to-date: /home/adminlab/franka_ros2_ws/install/realsense2_camera_msgs/include/realsense2_camera_msgs/realsense2_camera_msgs/msg/detail/metadata__type_support.c
[1.700s] -- Up-to-date: /home/adminlab/franka_ros2_ws/install/realsense2_camera_msgs/include/realsense2_camera_msgs/realsense2_camera_msgs/msg/detail/rgbd__type_support.c
[1.700s] -- Up-to-date: /home/adminlab/franka_ros2_ws/install/realsense2_camera_msgs/include/realsense2_camera_msgs/realsense2_camera_msgs/msg/detail/metadata__rosidl_typesupport_introspection_c.h
[1.700s] -- Up-to-date: /home/adminlab/franka_ros2_ws/install/realsense2_camera_msgs/include/realsense2_camera_msgs/realsense2_camera_msgs/msg/detail/imu_info__rosidl_typesupport_introspection_c.h
[1.700s] -- Up-to-date: /home/adminlab/franka_ros2_ws/install/realsense2_camera_msgs/include/realsense2_camera_msgs/realsense2_camera_msgs/msg/detail/extrinsics__rosidl_typesupport_introspection_c.h
[1.700s] -- Up-to-date: /home/adminlab/franka_ros2_ws/install/realsense2_camera_msgs/include/realsense2_camera_msgs/realsense2_camera_msgs/msg/detail/rgbd__rosidl_typesupport_introspection_c.h
[1.700s] -- Up-to-date: /home/adminlab/franka_ros2_ws/install/realsense2_camera_msgs/include/realsense2_camera_msgs/realsense2_camera_msgs/msg/detail/extrinsics__type_support.c
[1.700s] -- Up-to-date: /home/adminlab/franka_ros2_ws/install/realsense2_camera_msgs/include/realsense2_camera_msgs/realsense2_camera_msgs/msg/rosidl_typesupport_introspection_c__visibility_control.h
[1.700s] -- Up-to-date: /home/adminlab/franka_ros2_ws/install/realsense2_camera_msgs/include/realsense2_camera_msgs/realsense2_camera_msgs/srv
[1.700s] -- Up-to-date: /home/adminlab/franka_ros2_ws/install/realsense2_camera_msgs/include/realsense2_camera_msgs/realsense2_camera_msgs/srv/detail
[1.700s] -- Up-to-date: /home/adminlab/franka_ros2_ws/install/realsense2_camera_msgs/include/realsense2_camera_msgs/realsense2_camera_msgs/srv/detail/device_info__type_support.c
[1.700s] -- Up-to-date: /home/adminlab/franka_ros2_ws/install/realsense2_camera_msgs/include/realsense2_camera_msgs/realsense2_camera_msgs/srv/detail/device_info__rosidl_typesupport_introspection_c.h
[1.700s] -- Up-to-date: /home/adminlab/franka_ros2_ws/install/realsense2_camera_msgs/lib/librealsense2_camera_msgs__rosidl_typesupport_introspection_c.so
[1.700s] -- Up-to-date: /home/adminlab/franka_ros2_ws/install/realsense2_camera_msgs/lib/librealsense2_camera_msgs__rosidl_typesupport_c.so
[1.700s] -- Up-to-date: /home/adminlab/franka_ros2_ws/install/realsense2_camera_msgs/include/realsense2_camera_msgs/realsense2_camera_msgs
[1.700s] -- Up-to-date: /home/adminlab/franka_ros2_ws/install/realsense2_camera_msgs/include/realsense2_camera_msgs/realsense2_camera_msgs/msg
[1.700s] -- Up-to-date: /home/adminlab/franka_ros2_ws/install/realsense2_camera_msgs/include/realsense2_camera_msgs/realsense2_camera_msgs/msg/rgbd.hpp
[1.700s] -- Up-to-date: /home/adminlab/franka_ros2_ws/install/realsense2_camera_msgs/include/realsense2_camera_msgs/realsense2_camera_msgs/msg/imu_info.hpp
[1.701s] -- Up-to-date: /home/adminlab/franka_ros2_ws/install/realsense2_camera_msgs/include/realsense2_camera_msgs/realsense2_camera_msgs/msg/detail
[1.701s] -- Up-to-date: /home/adminlab/franka_ros2_ws/install/realsense2_camera_msgs/include/realsense2_camera_msgs/realsense2_camera_msgs/msg/detail/metadata__builder.hpp
[1.701s] -- Up-to-date: /home/adminlab/franka_ros2_ws/install/realsense2_camera_msgs/include/realsense2_camera_msgs/realsense2_camera_msgs/msg/detail/imu_info__traits.hpp
[1.701s] -- Up-to-date: /home/adminlab/franka_ros2_ws/install/realsense2_camera_msgs/include/realsense2_camera_msgs/realsense2_camera_msgs/msg/detail/metadata__traits.hpp
[1.701s] -- Up-to-date: /home/adminlab/franka_ros2_ws/install/realsense2_camera_msgs/include/realsense2_camera_msgs/realsense2_camera_msgs/msg/detail/extrinsics__builder.hpp
[1.701s] -- Up-to-date: /home/adminlab/franka_ros2_ws/install/realsense2_camera_msgs/include/realsense2_camera_msgs/realsense2_camera_msgs/msg/detail/imu_info__builder.hpp
[1.701s] -- Up-to-date: /home/adminlab/franka_ros2_ws/install/realsense2_camera_msgs/include/realsense2_camera_msgs/realsense2_camera_msgs/msg/detail/metadata__struct.hpp
[1.701s] -- Up-to-date: /home/adminlab/franka_ros2_ws/install/realsense2_camera_msgs/include/realsense2_camera_msgs/realsense2_camera_msgs/msg/detail/extrinsics__struct.hpp
[1.701s] -- Up-to-date: /home/adminlab/franka_ros2_ws/install/realsense2_camera_msgs/include/realsense2_camera_msgs/realsense2_camera_msgs/msg/detail/rgbd__builder.hpp
[1.701s] -- Up-to-date: /home/adminlab/franka_ros2_ws/install/realsense2_camera_msgs/include/realsense2_camera_msgs/realsense2_camera_msgs/msg/detail/imu_info__struct.hpp
[1.701s] -- Up-to-date: /home/adminlab/franka_ros2_ws/install/realsense2_camera_msgs/include/realsense2_camera_msgs/realsense2_camera_msgs/msg/detail/extrinsics__traits.hpp
[1.701s] -- Up-to-date: /home/adminlab/franka_ros2_ws/install/realsense2_camera_msgs/include/realsense2_camera_msgs/realsense2_camera_msgs/msg/detail/rgbd__struct.hpp
[1.701s] -- Up-to-date: /home/adminlab/franka_ros2_ws/install/realsense2_camera_msgs/include/realsense2_camera_msgs/realsense2_camera_msgs/msg/detail/rgbd__traits.hpp
[1.701s] -- Up-to-date: /home/adminlab/franka_ros2_ws/install/realsense2_camera_msgs/include/realsense2_camera_msgs/realsense2_camera_msgs/msg/extrinsics.hpp
[1.701s] -- Up-to-date: /home/adminlab/franka_ros2_ws/install/realsense2_camera_msgs/include/realsense2_camera_msgs/realsense2_camera_msgs/msg/metadata.hpp
[1.701s] -- Up-to-date: /home/adminlab/franka_ros2_ws/install/realsense2_camera_msgs/include/realsense2_camera_msgs/realsense2_camera_msgs/srv
[1.701s] -- Up-to-date: /home/adminlab/franka_ros2_ws/install/realsense2_camera_msgs/include/realsense2_camera_msgs/realsense2_camera_msgs/srv/device_info.hpp
[1.701s] -- Up-to-date: /home/adminlab/franka_ros2_ws/install/realsense2_camera_msgs/include/realsense2_camera_msgs/realsense2_camera_msgs/srv/detail
[1.701s] -- Up-to-date: /home/adminlab/franka_ros2_ws/install/realsense2_camera_msgs/include/realsense2_camera_msgs/realsense2_camera_msgs/srv/detail/device_info__traits.hpp
[1.702s] -- Up-to-date: /home/adminlab/franka_ros2_ws/install/realsense2_camera_msgs/include/realsense2_camera_msgs/realsense2_camera_msgs/srv/detail/device_info__builder.hpp
[1.702s] -- Up-to-date: /home/adminlab/franka_ros2_ws/install/realsense2_camera_msgs/include/realsense2_camera_msgs/realsense2_camera_msgs/srv/detail/device_info__struct.hpp
[1.702s] -- Up-to-date: /home/adminlab/franka_ros2_ws/install/realsense2_camera_msgs/include/realsense2_camera_msgs/realsense2_camera_msgs
[1.702s] -- Up-to-date: /home/adminlab/franka_ros2_ws/install/realsense2_camera_msgs/include/realsense2_camera_msgs/realsense2_camera_msgs/msg
[1.702s] -- Up-to-date: /home/adminlab/franka_ros2_ws/install/realsense2_camera_msgs/include/realsense2_camera_msgs/realsense2_camera_msgs/msg/detail
[1.702s] -- Up-to-date: /home/adminlab/franka_ros2_ws/install/realsense2_camera_msgs/include/realsense2_camera_msgs/realsense2_camera_msgs/msg/detail/dds_fastrtps
[1.702s] -- Up-to-date: /home/adminlab/franka_ros2_ws/install/realsense2_camera_msgs/include/realsense2_camera_msgs/realsense2_camera_msgs/msg/detail/metadata__rosidl_typesupport_fastrtps_cpp.hpp
[1.702s] -- Up-to-date: /home/adminlab/franka_ros2_ws/install/realsense2_camera_msgs/include/realsense2_camera_msgs/realsense2_camera_msgs/msg/detail/imu_info__rosidl_typesupport_fastrtps_cpp.hpp
[1.702s] -- Up-to-date: /home/adminlab/franka_ros2_ws/install/realsense2_camera_msgs/include/realsense2_camera_msgs/realsense2_camera_msgs/msg/detail/rgbd__rosidl_typesupport_fastrtps_cpp.hpp
[1.702s] -- Up-to-date: /home/adminlab/franka_ros2_ws/install/realsense2_camera_msgs/include/realsense2_camera_msgs/realsense2_camera_msgs/msg/detail/extrinsics__rosidl_typesupport_fastrtps_cpp.hpp
[1.702s] -- Up-to-date: /home/adminlab/franka_ros2_ws/install/realsense2_camera_msgs/include/realsense2_camera_msgs/realsense2_camera_msgs/msg/rosidl_typesupport_fastrtps_cpp__visibility_control.h
[1.702s] -- Up-to-date: /home/adminlab/franka_ros2_ws/install/realsense2_camera_msgs/include/realsense2_camera_msgs/realsense2_camera_msgs/srv
[1.702s] -- Up-to-date: /home/adminlab/franka_ros2_ws/install/realsense2_camera_msgs/include/realsense2_camera_msgs/realsense2_camera_msgs/srv/detail
[1.702s] -- Up-to-date: /home/adminlab/franka_ros2_ws/install/realsense2_camera_msgs/include/realsense2_camera_msgs/realsense2_camera_msgs/srv/detail/dds_fastrtps
[1.702s] -- Up-to-date: /home/adminlab/franka_ros2_ws/install/realsense2_camera_msgs/include/realsense2_camera_msgs/realsense2_camera_msgs/srv/detail/device_info__rosidl_typesupport_fastrtps_cpp.hpp
[1.702s] -- Up-to-date: /home/adminlab/franka_ros2_ws/install/realsense2_camera_msgs/lib/librealsense2_camera_msgs__rosidl_typesupport_fastrtps_cpp.so
[1.702s] -- Up-to-date: /home/adminlab/franka_ros2_ws/install/realsense2_camera_msgs/include/realsense2_camera_msgs/realsense2_camera_msgs
[1.704s] -- Up-to-date: /home/adminlab/franka_ros2_ws/install/realsense2_camera_msgs/include/realsense2_camera_msgs/realsense2_camera_msgs/msg
[1.704s] -- Up-to-date: /home/adminlab/franka_ros2_ws/install/realsense2_camera_msgs/include/realsense2_camera_msgs/realsense2_camera_msgs/msg/detail
[1.704s] -- Up-to-date: /home/adminlab/franka_ros2_ws/install/realsense2_camera_msgs/include/realsense2_camera_msgs/realsense2_camera_msgs/msg/detail/imu_info__type_support.cpp
[1.704s] -- Up-to-date: /home/adminlab/franka_ros2_ws/install/realsense2_camera_msgs/include/realsense2_camera_msgs/realsense2_camera_msgs/msg/detail/metadata__rosidl_typesupport_introspection_cpp.hpp
[1.705s] -- Up-to-date: /home/adminlab/franka_ros2_ws/install/realsense2_camera_msgs/include/realsense2_camera_msgs/realsense2_camera_msgs/msg/detail/extrinsics__rosidl_typesupport_introspection_cpp.hpp
[1.705s] -- Up-to-date: /home/adminlab/franka_ros2_ws/install/realsense2_camera_msgs/include/realsense2_camera_msgs/realsense2_camera_msgs/msg/detail/metadata__type_support.cpp
[1.705s] -- Up-to-date: /home/adminlab/franka_ros2_ws/install/realsense2_camera_msgs/include/realsense2_camera_msgs/realsense2_camera_msgs/msg/detail/extrinsics__type_support.cpp
[1.705s] -- Up-to-date: /home/adminlab/franka_ros2_ws/install/realsense2_camera_msgs/include/realsense2_camera_msgs/realsense2_camera_msgs/msg/detail/rgbd__type_support.cpp
[1.705s] -- Up-to-date: /home/adminlab/franka_ros2_ws/install/realsense2_camera_msgs/include/realsense2_camera_msgs/realsense2_camera_msgs/msg/detail/rgbd__rosidl_typesupport_introspection_cpp.hpp
[1.705s] -- Up-to-date: /home/adminlab/franka_ros2_ws/install/realsense2_camera_msgs/include/realsense2_camera_msgs/realsense2_camera_msgs/msg/detail/imu_info__rosidl_typesupport_introspection_cpp.hpp
[1.705s] -- Up-to-date: /home/adminlab/franka_ros2_ws/install/realsense2_camera_msgs/include/realsense2_camera_msgs/realsense2_camera_msgs/srv
[1.705s] -- Up-to-date: /home/adminlab/franka_ros2_ws/install/realsense2_camera_msgs/include/realsense2_camera_msgs/realsense2_camera_msgs/srv/detail
[1.705s] -- Up-to-date: /home/adminlab/franka_ros2_ws/install/realsense2_camera_msgs/include/realsense2_camera_msgs/realsense2_camera_msgs/srv/detail/device_info__type_support.cpp
[1.705s] -- Up-to-date: /home/adminlab/franka_ros2_ws/install/realsense2_camera_msgs/include/realsense2_camera_msgs/realsense2_camera_msgs/srv/detail/device_info__rosidl_typesupport_introspection_cpp.hpp
[1.705s] -- Up-to-date: /home/adminlab/franka_ros2_ws/install/realsense2_camera_msgs/lib/librealsense2_camera_msgs__rosidl_typesupport_introspection_cpp.so
[1.705s] -- Up-to-date: /home/adminlab/franka_ros2_ws/install/realsense2_camera_msgs/lib/librealsense2_camera_msgs__rosidl_typesupport_cpp.so
[1.705s] -- Up-to-date: /home/adminlab/franka_ros2_ws/install/realsense2_camera_msgs/share/realsense2_camera_msgs/environment/pythonpath.sh
[1.705s] -- Up-to-date: /home/adminlab/franka_ros2_ws/install/realsense2_camera_msgs/share/realsense2_camera_msgs/environment/pythonpath.dsv
[1.705s] -- Up-to-date: /home/adminlab/franka_ros2_ws/install/realsense2_camera_msgs/local/lib/python3.10/dist-packages/realsense2_camera_msgs-4.55.1-py3.10.egg-info
[1.705s] -- Installing: /home/adminlab/franka_ros2_ws/install/realsense2_camera_msgs/local/lib/python3.10/dist-packages/realsense2_camera_msgs-4.55.1-py3.10.egg-info/dependency_links.txt
[1.705s] -- Installing: /home/adminlab/franka_ros2_ws/install/realsense2_camera_msgs/local/lib/python3.10/dist-packages/realsense2_camera_msgs-4.55.1-py3.10.egg-info/SOURCES.txt
[1.705s] -- Installing: /home/adminlab/franka_ros2_ws/install/realsense2_camera_msgs/local/lib/python3.10/dist-packages/realsense2_camera_msgs-4.55.1-py3.10.egg-info/top_level.txt
[1.705s] -- Installing: /home/adminlab/franka_ros2_ws/install/realsense2_camera_msgs/local/lib/python3.10/dist-packages/realsense2_camera_msgs-4.55.1-py3.10.egg-info/PKG-INFO
[1.705s] -- Up-to-date: /home/adminlab/franka_ros2_ws/install/realsense2_camera_msgs/local/lib/python3.10/dist-packages/realsense2_camera_msgs
[1.705s] -- Up-to-date: /home/adminlab/franka_ros2_ws/install/realsense2_camera_msgs/local/lib/python3.10/dist-packages/realsense2_camera_msgs/_realsense2_camera_msgs_s.ep.rosidl_typesupport_introspection_c.c
[1.706s] -- Up-to-date: /home/adminlab/franka_ros2_ws/install/realsense2_camera_msgs/local/lib/python3.10/dist-packages/realsense2_camera_msgs/__init__.py
[1.706s] -- Up-to-date: /home/adminlab/franka_ros2_ws/install/realsense2_camera_msgs/local/lib/python3.10/dist-packages/realsense2_camera_msgs/realsense2_camera_msgs_s__rosidl_typesupport_c.cpython-310-x86_64-linux-gnu.so
[1.706s] -- Up-to-date: /home/adminlab/franka_ros2_ws/install/realsense2_camera_msgs/local/lib/python3.10/dist-packages/realsense2_camera_msgs/realsense2_camera_msgs_s__rosidl_typesupport_fastrtps_c.cpython-310-x86_64-linux-gnu.so
[1.706s] -- Up-to-date: /home/adminlab/franka_ros2_ws/install/realsense2_camera_msgs/local/lib/python3.10/dist-packages/realsense2_camera_msgs/_realsense2_camera_msgs_s.ep.rosidl_typesupport_fastrtps_c.c
[1.706s] -- Up-to-date: /home/adminlab/franka_ros2_ws/install/realsense2_camera_msgs/local/lib/python3.10/dist-packages/realsense2_camera_msgs/msg
[1.706s] -- Up-to-date: /home/adminlab/franka_ros2_ws/install/realsense2_camera_msgs/local/lib/python3.10/dist-packages/realsense2_camera_msgs/msg/__init__.py
[1.706s] -- Up-to-date: /home/adminlab/franka_ros2_ws/install/realsense2_camera_msgs/local/lib/python3.10/dist-packages/realsense2_camera_msgs/msg/_metadata_s.c
[1.706s] -- Up-to-date: /home/adminlab/franka_ros2_ws/install/realsense2_camera_msgs/local/lib/python3.10/dist-packages/realsense2_camera_msgs/msg/_imu_info_s.c
[1.706s] -- Up-to-date: /home/adminlab/franka_ros2_ws/install/realsense2_camera_msgs/local/lib/python3.10/dist-packages/realsense2_camera_msgs/msg/_rgbd.py
[1.706s] -- Up-to-date: /home/adminlab/franka_ros2_ws/install/realsense2_camera_msgs/local/lib/python3.10/dist-packages/realsense2_camera_msgs/msg/_imu_info.py
[1.706s] -- Up-to-date: /home/adminlab/franka_ros2_ws/install/realsense2_camera_msgs/local/lib/python3.10/dist-packages/realsense2_camera_msgs/msg/_extrinsics.py
[1.706s] -- Up-to-date: /home/adminlab/franka_ros2_ws/install/realsense2_camera_msgs/local/lib/python3.10/dist-packages/realsense2_camera_msgs/msg/_rgbd_s.c
[1.706s] -- Up-to-date: /home/adminlab/franka_ros2_ws/install/realsense2_camera_msgs/local/lib/python3.10/dist-packages/realsense2_camera_msgs/msg/_metadata.py
[1.706s] -- Up-to-date: /home/adminlab/franka_ros2_ws/install/realsense2_camera_msgs/local/lib/python3.10/dist-packages/realsense2_camera_msgs/msg/_extrinsics_s.c
[1.706s] -- Up-to-date: /home/adminlab/franka_ros2_ws/install/realsense2_camera_msgs/local/lib/python3.10/dist-packages/realsense2_camera_msgs/realsense2_camera_msgs_s__rosidl_typesupport_introspection_c.cpython-310-x86_64-linux-gnu.so
[1.706s] -- Up-to-date: /home/adminlab/franka_ros2_ws/install/realsense2_camera_msgs/local/lib/python3.10/dist-packages/realsense2_camera_msgs/_realsense2_camera_msgs_s.ep.rosidl_typesupport_c.c
[1.706s] -- Up-to-date: /home/adminlab/franka_ros2_ws/install/realsense2_camera_msgs/local/lib/python3.10/dist-packages/realsense2_camera_msgs/srv
[1.706s] -- Up-to-date: /home/adminlab/franka_ros2_ws/install/realsense2_camera_msgs/local/lib/python3.10/dist-packages/realsense2_camera_msgs/srv/__init__.py
[1.710s] -- Up-to-date: /home/adminlab/franka_ros2_ws/install/realsense2_camera_msgs/local/lib/python3.10/dist-packages/realsense2_camera_msgs/srv/_device_info.py
[1.710s] -- Up-to-date: /home/adminlab/franka_ros2_ws/install/realsense2_camera_msgs/local/lib/python3.10/dist-packages/realsense2_camera_msgs/srv/_device_info_s.c
[1.710s] -- Up-to-date: /home/adminlab/franka_ros2_ws/install/realsense2_camera_msgs/local/lib/python3.10/dist-packages/realsense2_camera_msgs/librealsense2_camera_msgs__rosidl_generator_py.so
[1.725s] Listing '/home/adminlab/franka_ros2_ws/install/realsense2_camera_msgs/local/lib/python3.10/dist-packages/realsense2_camera_msgs'...
[1.728s] Listing '/home/adminlab/franka_ros2_ws/install/realsense2_camera_msgs/local/lib/python3.10/dist-packages/realsense2_camera_msgs/msg'...
[1.728s] Listing '/home/adminlab/franka_ros2_ws/install/realsense2_camera_msgs/local/lib/python3.10/dist-packages/realsense2_camera_msgs/srv'...
[1.729s] -- Up-to-date: /home/adminlab/franka_ros2_ws/install/realsense2_camera_msgs/local/lib/python3.10/dist-packages/realsense2_camera_msgs/realsense2_camera_msgs_s__rosidl_typesupport_fastrtps_c.cpython-310-x86_64-linux-gnu.so
[1.729s] -- Up-to-date: /home/adminlab/franka_ros2_ws/install/realsense2_camera_msgs/local/lib/python3.10/dist-packages/realsense2_camera_msgs/realsense2_camera_msgs_s__rosidl_typesupport_introspection_c.cpython-310-x86_64-linux-gnu.so
[1.730s] -- Up-to-date: /home/adminlab/franka_ros2_ws/install/realsense2_camera_msgs/local/lib/python3.10/dist-packages/realsense2_camera_msgs/realsense2_camera_msgs_s__rosidl_typesupport_c.cpython-310-x86_64-linux-gnu.so
[1.730s] -- Up-to-date: /home/adminlab/franka_ros2_ws/install/realsense2_camera_msgs/lib/librealsense2_camera_msgs__rosidl_generator_py.so
[1.730s] -- Up-to-date: /home/adminlab/franka_ros2_ws/install/realsense2_camera_msgs/share/realsense2_camera_msgs/msg/IMUInfo.idl
[1.730s] -- Up-to-date: /home/adminlab/franka_ros2_ws/install/realsense2_camera_msgs/share/realsense2_camera_msgs/msg/Extrinsics.idl
[1.731s] -- Up-to-date: /home/adminlab/franka_ros2_ws/install/realsense2_camera_msgs/share/realsense2_camera_msgs/msg/Metadata.idl
[1.731s] -- Up-to-date: /home/adminlab/franka_ros2_ws/install/realsense2_camera_msgs/share/realsense2_camera_msgs/msg/RGBD.idl
[1.731s] -- Up-to-date: /home/adminlab/franka_ros2_ws/install/realsense2_camera_msgs/share/realsense2_camera_msgs/srv/DeviceInfo.idl
[1.731s] -- Up-to-date: /home/adminlab/franka_ros2_ws/install/realsense2_camera_msgs/share/realsense2_camera_msgs/msg/IMUInfo.msg
[1.731s] -- Up-to-date: /home/adminlab/franka_ros2_ws/install/realsense2_camera_msgs/share/realsense2_camera_msgs/msg/Extrinsics.msg
[1.731s] -- Up-to-date: /home/adminlab/franka_ros2_ws/install/realsense2_camera_msgs/share/realsense2_camera_msgs/msg/Metadata.msg
[1.731s] -- Up-to-date: /home/adminlab/franka_ros2_ws/install/realsense2_camera_msgs/share/realsense2_camera_msgs/msg/RGBD.msg
[1.731s] -- Up-to-date: /home/adminlab/franka_ros2_ws/install/realsense2_camera_msgs/share/realsense2_camera_msgs/srv/DeviceInfo.srv
[1.733s] -- Up-to-date: /home/adminlab/franka_ros2_ws/install/realsense2_camera_msgs/share/realsense2_camera_msgs/srv/DeviceInfo_Request.msg
[1.734s] -- Up-to-date: /home/adminlab/franka_ros2_ws/install/realsense2_camera_msgs/share/realsense2_camera_msgs/srv/DeviceInfo_Response.msg
[1.734s] -- Up-to-date: /home/adminlab/franka_ros2_ws/install/realsense2_camera_msgs/share/ament_index/resource_index/package_run_dependencies/realsense2_camera_msgs
[1.734s] -- Up-to-date: /home/adminlab/franka_ros2_ws/install/realsense2_camera_msgs/share/ament_index/resource_index/parent_prefix_path/realsense2_camera_msgs
[1.734s] -- Up-to-date: /home/adminlab/franka_ros2_ws/install/realsense2_camera_msgs/share/realsense2_camera_msgs/environment/ament_prefix_path.sh
[1.734s] -- Up-to-date: /home/adminlab/franka_ros2_ws/install/realsense2_camera_msgs/share/realsense2_camera_msgs/environment/ament_prefix_path.dsv
[1.734s] -- Up-to-date: /home/adminlab/franka_ros2_ws/install/realsense2_camera_msgs/share/realsense2_camera_msgs/environment/path.sh
[1.734s] -- Up-to-date: /home/adminlab/franka_ros2_ws/install/realsense2_camera_msgs/share/realsense2_camera_msgs/environment/path.dsv
[1.734s] -- Up-to-date: /home/adminlab/franka_ros2_ws/install/realsense2_camera_msgs/share/realsense2_camera_msgs/local_setup.bash
[1.734s] -- Up-to-date: /home/adminlab/franka_ros2_ws/install/realsense2_camera_msgs/share/realsense2_camera_msgs/local_setup.sh
[1.734s] -- Up-to-date: /home/adminlab/franka_ros2_ws/install/realsense2_camera_msgs/share/realsense2_camera_msgs/local_setup.zsh
[1.734s] -- Up-to-date: /home/adminlab/franka_ros2_ws/install/realsense2_camera_msgs/share/realsense2_camera_msgs/local_setup.dsv
[1.734s] -- Installing: /home/adminlab/franka_ros2_ws/install/realsense2_camera_msgs/share/realsense2_camera_msgs/package.dsv
[1.734s] -- Up-to-date: /home/adminlab/franka_ros2_ws/install/realsense2_camera_msgs/share/ament_index/resource_index/packages/realsense2_camera_msgs
[1.734s] -- Up-to-date: /home/adminlab/franka_ros2_ws/install/realsense2_camera_msgs/share/realsense2_camera_msgs/cmake/export_realsense2_camera_msgs__rosidl_generator_cExport.cmake
[1.734s] -- Up-to-date: /home/adminlab/franka_ros2_ws/install/realsense2_camera_msgs/share/realsense2_camera_msgs/cmake/export_realsense2_camera_msgs__rosidl_generator_cExport-debug.cmake
[1.734s] -- Up-to-date: /home/adminlab/franka_ros2_ws/install/realsense2_camera_msgs/share/realsense2_camera_msgs/cmake/export_realsense2_camera_msgs__rosidl_typesupport_fastrtps_cExport.cmake
[1.734s] -- Up-to-date: /home/adminlab/franka_ros2_ws/install/realsense2_camera_msgs/share/realsense2_camera_msgs/cmake/export_realsense2_camera_msgs__rosidl_typesupport_fastrtps_cExport-debug.cmake
[1.734s] -- Up-to-date: /home/adminlab/franka_ros2_ws/install/realsense2_camera_msgs/share/realsense2_camera_msgs/cmake/realsense2_camera_msgs__rosidl_typesupport_introspection_cExport.cmake
[1.734s] -- Up-to-date: /home/adminlab/franka_ros2_ws/install/realsense2_camera_msgs/share/realsense2_camera_msgs/cmake/realsense2_camera_msgs__rosidl_typesupport_introspection_cExport-debug.cmake
[1.735s] -- Up-to-date: /home/adminlab/franka_ros2_ws/install/realsense2_camera_msgs/share/realsense2_camera_msgs/cmake/realsense2_camera_msgs__rosidl_typesupport_cExport.cmake
[1.735s] -- Up-to-date: /home/adminlab/franka_ros2_ws/install/realsense2_camera_msgs/share/realsense2_camera_msgs/cmake/realsense2_camera_msgs__rosidl_typesupport_cExport-debug.cmake
[1.735s] -- Up-to-date: /home/adminlab/franka_ros2_ws/install/realsense2_camera_msgs/share/realsense2_camera_msgs/cmake/export_realsense2_camera_msgs__rosidl_generator_cppExport.cmake
[1.735s] -- Up-to-date: /home/adminlab/franka_ros2_ws/install/realsense2_camera_msgs/share/realsense2_camera_msgs/cmake/export_realsense2_camera_msgs__rosidl_typesupport_fastrtps_cppExport.cmake
[1.735s] -- Up-to-date: /home/adminlab/franka_ros2_ws/install/realsense2_camera_msgs/share/realsense2_camera_msgs/cmake/export_realsense2_camera_msgs__rosidl_typesupport_fastrtps_cppExport-debug.cmake
[1.735s] -- Up-to-date: /home/adminlab/franka_ros2_ws/install/realsense2_camera_msgs/share/realsense2_camera_msgs/cmake/realsense2_camera_msgs__rosidl_typesupport_introspection_cppExport.cmake
[1.735s] -- Up-to-date: /home/adminlab/franka_ros2_ws/install/realsense2_camera_msgs/share/realsense2_camera_msgs/cmake/realsense2_camera_msgs__rosidl_typesupport_introspection_cppExport-debug.cmake
[1.735s] -- Up-to-date: /home/adminlab/franka_ros2_ws/install/realsense2_camera_msgs/share/realsense2_camera_msgs/cmake/realsense2_camera_msgs__rosidl_typesupport_cppExport.cmake
[1.735s] -- Up-to-date: /home/adminlab/franka_ros2_ws/install/realsense2_camera_msgs/share/realsense2_camera_msgs/cmake/realsense2_camera_msgs__rosidl_typesupport_cppExport-debug.cmake
[1.735s] -- Up-to-date: /home/adminlab/franka_ros2_ws/install/realsense2_camera_msgs/share/realsense2_camera_msgs/cmake/export_realsense2_camera_msgs__rosidl_generator_pyExport.cmake
[1.735s] -- Up-to-date: /home/adminlab/franka_ros2_ws/install/realsense2_camera_msgs/share/realsense2_camera_msgs/cmake/export_realsense2_camera_msgs__rosidl_generator_pyExport-debug.cmake
[1.735s] -- Up-to-date: /home/adminlab/franka_ros2_ws/install/realsense2_camera_msgs/share/realsense2_camera_msgs/cmake/rosidl_cmake-extras.cmake
[1.735s] -- Up-to-date: /home/adminlab/franka_ros2_ws/install/realsense2_camera_msgs/share/realsense2_camera_msgs/cmake/ament_cmake_export_dependencies-extras.cmake
[1.735s] -- Up-to-date: /home/adminlab/franka_ros2_ws/install/realsense2_camera_msgs/share/realsense2_camera_msgs/cmake/ament_cmake_export_include_directories-extras.cmake
[1.735s] -- Up-to-date: /home/adminlab/franka_ros2_ws/install/realsense2_camera_msgs/share/realsense2_camera_msgs/cmake/ament_cmake_export_libraries-extras.cmake
[1.735s] -- Up-to-date: /home/adminlab/franka_ros2_ws/install/realsense2_camera_msgs/share/realsense2_camera_msgs/cmake/ament_cmake_export_targets-extras.cmake
[1.735s] -- Up-to-date: /home/adminlab/franka_ros2_ws/install/realsense2_camera_msgs/share/realsense2_camera_msgs/cmake/rosidl_cmake_export_typesupport_targets-extras.cmake
[1.735s] -- Up-to-date: /home/adminlab/franka_ros2_ws/install/realsense2_camera_msgs/share/realsense2_camera_msgs/cmake/rosidl_cmake_export_typesupport_libraries-extras.cmake
[1.735s] -- Up-to-date: /home/adminlab/franka_ros2_ws/install/realsense2_camera_msgs/share/realsense2_camera_msgs/cmake/realsense2_camera_msgsConfig.cmake
[1.735s] -- Up-to-date: /home/adminlab/franka_ros2_ws/install/realsense2_camera_msgs/share/realsense2_camera_msgs/cmake/realsense2_camera_msgsConfig-version.cmake
[1.735s] -- Up-to-date: /home/adminlab/franka_ros2_ws/install/realsense2_camera_msgs/share/realsense2_camera_msgs/package.xml
[1.748s] Invoked command in '/home/adminlab/franka_ros2_ws/build/realsense2_camera_msgs' returned '0': CMAKE_PREFIX_PATH=/home/adminlab/franka_ros2_ws/install/pilz_industrial_motion_planner_testutils:/home/adminlab/franka_ros2_ws/install/moveit_runtime:/home/adminlab/franka_ros2_ws/install/moveit2_tutorials:/home/adminlab/franka_ros2_ws/install/moveit:/home/adminlab/franka_ros2_ws/install/moveit_planners:/home/adminlab/franka_ros2_ws/install/pilz_industrial_motion_planner:/home/adminlab/franka_ros2_ws/install/mtc_tutorial:/home/adminlab/franka_ros2_ws/install/moveit_visual_tools:/home/adminlab/franka_ros2_ws/install/moveit_task_constructor_visualization:/home/adminlab/franka_ros2_ws/install/moveit_task_constructor_demo:/home/adminlab/franka_ros2_ws/install/moveit_task_constructor_capabilities:/home/adminlab/franka_ros2_ws/install/moveit_task_constructor_core:/home/adminlab/franka_ros2_ws/install/moveit_ros_control_interface:/home/adminlab/franka_ros2_ws/install/moveit_plugins:/home/adminlab/franka_ros2_ws/install/moveit_simple_controller_manager:/home/adminlab/franka_ros2_ws/install/moveit_setup_assistant:/home/adminlab/franka_ros2_ws/install/moveit_setup_srdf_plugins:/home/adminlab/franka_ros2_ws/install/moveit_setup_core_plugins:/home/adminlab/franka_ros2_ws/install/moveit_setup_controllers:/home/adminlab/franka_ros2_ws/install/moveit_setup_app_plugins:/home/adminlab/franka_ros2_ws/install/moveit_setup_framework:/home/adminlab/franka_ros2_ws/install/moveit_servo:/home/adminlab/franka_ros2_ws/install/moveit_ros:/home/adminlab/franka_ros2_ws/install/franka_moveit_config:/home/adminlab/franka_ros2_ws/install/moveit_ros_visualization:/home/adminlab/franka_ros2_ws/install/moveit_hybrid_planning:/home/adminlab/franka_ros2_ws/install/moveit2_scripts:/home/adminlab/franka_ros2_ws/install/hello_moveit:/home/adminlab/franka_ros2_ws/install/moveit_ros_planning_interface:/home/adminlab/franka_ros2_ws/install/moveit_ros_benchmarks:/home/adminlab/franka_ros2_ws/install/moveit_ros_warehouse:/home/adminlab/franka_ros2_ws/install/moveit_ros_robot_interaction:/home/adminlab/franka_ros2_ws/install/moveit_ros_perception:/home/adminlab/franka_ros2_ws/install/moveit_resources_prbt_pg70_support:/home/adminlab/franka_ros2_ws/install/moveit_resources_prbt_moveit_config:/home/adminlab/franka_ros2_ws/install/moveit_ros_move_group:/home/adminlab/franka_ros2_ws/install/moveit_planners_ompl:/home/adminlab/franka_ros2_ws/install/moveit_ros_planning:/home/adminlab/franka_ros2_ws/install/moveit_ros_occupancy_map_monitor:/home/adminlab/franka_ros2_ws/install/moveit_resources_prbt_ikfast_manipulator_plugin:/home/adminlab/franka_ros2_ws/install/moveit_planners_chomp:/home/adminlab/franka_ros2_ws/install/moveit_kinematics:/home/adminlab/franka_ros2_ws/install/moveit_chomp_optimizer_adapter:/home/adminlab/franka_ros2_ws/install/chomp_motion_planner:/home/adminlab/franka_ros2_ws/install/moveit_core:/home/adminlab/franka_ros2_ws/install/srdfdom:/home/adminlab/franka_ros2_ws/install/rviz_marker_tools:/home/adminlab/franka_ros2_ws/install/rosparam_shortcuts:/home/adminlab/franka_ros2_ws/install/ros_testing:/home/adminlab/franka_ros2_ws/install/realsense2_description:/home/adminlab/franka_ros2_ws/install/realsense2_camera:/home/adminlab/franka_ros2_ws/install/realsense2_camera_msgs:/home/adminlab/franka_ros2_ws/install/joint_trajectory_controller:/home/adminlab/franka_ros2_ws/install/generate_parameter_library_example:/home/adminlab/franka_ros2_ws/install/franka_bringup:/home/adminlab/franka_ros2_ws/install/franka_robot_state_broadcaster:/home/adminlab/franka_ros2_ws/install/cmake_generate_parameter_module_example:/home/adminlab/franka_ros2_ws/install/generate_parameter_library:/home/adminlab/franka_ros2_ws/install/parameter_traits:/home/adminlab/franka_ros2_ws/install/moveit_task_constructor_msgs:/home/adminlab/franka_ros2_ws/install/moveit_resources_prbt_support:/home/adminlab/franka_ros2_ws/install/moveit_resources:/home/adminlab/franka_ros2_ws/install/moveit_resources_pr2_description:/home/adminlab/franka_ros2_ws/install/moveit_resources_panda_moveit_config:/home/adminlab/franka_ros2_ws/install/moveit_resources_panda_description:/home/adminlab/franka_ros2_ws/install/moveit_resources_fanuc_moveit_config:/home/adminlab/franka_ros2_ws/install/moveit_resources_fanuc_description:/home/adminlab/franka_ros2_ws/install/moveit_msgs:/home/adminlab/franka_ros2_ws/install/moveit_common:/home/adminlab/franka_ros2_ws/install/librealsense2:/home/adminlab/franka_ros2_ws/install/integration_launch_testing:/home/adminlab/franka_ros2_ws/install/hand_interfaces:/home/adminlab/franka_ros2_ws/install/franka_example_controllers:/home/adminlab/franka_ros2_ws/install/franka_semantic_components:/home/adminlab/franka_ros2_ws/install/moveit_configs_utils:/home/adminlab/franka_ros2_ws/install/ros2test:/home/adminlab/franka_ros2_ws/install/generate_parameter_module_example:/home/adminlab/franka_ros2_ws/install/launch_param_builder:/home/adminlab/franka_ros2_ws/install/handcv:/home/adminlab/franka_ros2_ws/install/generate_parameter_library_py:/home/adminlab/franka_ros2_ws/install/camera_publisher:/opt/ros/humble:/home/adminlab/franka_ros2_ws/install/franka_custom_controller:/home/adminlab/franka_ros2_ws/install/franka_hardware:/home/adminlab/franka_ros2_ws/install/franka_gripper:/home/adminlab/franka_ros2_ws/install/franka_msgs:/home/adminlab/franka_ros2_ws/install/franka_description:/home/adminlab/franka_ros2_ws/install/OpenCV /usr/bin/cmake --install /home/adminlab/franka_ros2_ws/build/realsense2_camera_msgs
