[1.130s] Invoking command in '/home/adminlab/franka_ros2_ws/src/moveit2/moveit_configs_utils': AMENT_PREFIX_PATH=/home/adminlab/franka_ros2_ws/install/srdfdom:/home/adminlab/franka_ros2_ws/install/launch_param_builder:${AMENT_PREFIX_PATH} CMAKE_PREFIX_PATH=/home/adminlab/franka_ros2_ws/install/srdfdom LD_LIBRARY_PATH=/home/adminlab/franka_ros2_ws/install/srdfdom/lib:${LD_LIBRARY_PATH} PYTHONPATH=/home/adminlab/franka_ros2_ws/build/moveit_configs_utils/prefix_override:/home/adminlab/franka_ros2_ws/install/moveit_configs_utils/lib/python3.10/site-packages:/home/adminlab/franka_ros2_ws/install/srdfdom/local/lib/python3.10/dist-packages:/home/adminlab/franka_ros2_ws/install/launch_param_builder/lib/python3.10/site-packages:${PYTHONPATH} /usr/bin/python3 -W ignore:setup.py install is deprecated setup.py egg_info --egg-base ../../../build/moveit_configs_utils build --build-base /home/adminlab/franka_ros2_ws/build/moveit_configs_utils/build install --record /home/adminlab/franka_ros2_ws/build/moveit_configs_utils/install.log --single-version-externally-managed install_data
[1.450s] running egg_info
[1.451s] writing ../../../build/moveit_configs_utils/moveit_configs_utils.egg-info/PKG-INFO
[1.452s] writing dependency_links to ../../../build/moveit_configs_utils/moveit_configs_utils.egg-info/dependency_links.txt
[1.452s] writing entry points to ../../../build/moveit_configs_utils/moveit_configs_utils.egg-info/entry_points.txt
[1.452s] writing requirements to ../../../build/moveit_configs_utils/moveit_configs_utils.egg-info/requires.txt
[1.452s] writing top-level names to ../../../build/moveit_configs_utils/moveit_configs_utils.egg-info/top_level.txt
[1.455s] reading manifest file '../../../build/moveit_configs_utils/moveit_configs_utils.egg-info/SOURCES.txt'
[1.456s] writing manifest file '../../../build/moveit_configs_utils/moveit_configs_utils.egg-info/SOURCES.txt'
[1.456s] running build
[1.456s] running build_py
[1.458s] running install
[1.458s] running install_lib
[1.461s] running install_data
[1.461s] running install_egg_info
[1.463s] removing '/home/adminlab/franka_ros2_ws/install/moveit_configs_utils/lib/python3.10/site-packages/moveit_configs_utils-2.5.5-py3.10.egg-info' (and everything under it)
[1.463s] Copying ../../../build/moveit_configs_utils/moveit_configs_utils.egg-info to /home/adminlab/franka_ros2_ws/install/moveit_configs_utils/lib/python3.10/site-packages/moveit_configs_utils-2.5.5-py3.10.egg-info
[1.464s] running install_scripts
[1.485s] writing list of installed files to '/home/adminlab/franka_ros2_ws/build/moveit_configs_utils/install.log'
[1.522s] Invoked command in '/home/adminlab/franka_ros2_ws/src/moveit2/moveit_configs_utils' returned '0': AMENT_PREFIX_PATH=/home/adminlab/franka_ros2_ws/install/srdfdom:/home/adminlab/franka_ros2_ws/install/launch_param_builder:${AMENT_PREFIX_PATH} CMAKE_PREFIX_PATH=/home/adminlab/franka_ros2_ws/install/srdfdom LD_LIBRARY_PATH=/home/adminlab/franka_ros2_ws/install/srdfdom/lib:${LD_LIBRARY_PATH} PYTHONPATH=/home/adminlab/franka_ros2_ws/build/moveit_configs_utils/prefix_override:/home/adminlab/franka_ros2_ws/install/moveit_configs_utils/lib/python3.10/site-packages:/home/adminlab/franka_ros2_ws/install/srdfdom/local/lib/python3.10/dist-packages:/home/adminlab/franka_ros2_ws/install/launch_param_builder/lib/python3.10/site-packages:${PYTHONPATH} /usr/bin/python3 -W ignore:setup.py install is deprecated setup.py egg_info --egg-base ../../../build/moveit_configs_utils build --build-base /home/adminlab/franka_ros2_ws/build/moveit_configs_utils/build install --record /home/adminlab/franka_ros2_ws/build/moveit_configs_utils/install.log --single-version-externally-managed install_data
