[0.336s] Invoking command in '/home/adminlab/franka_ros2_ws/build/moveit_resources_fanuc_description': CMAKE_PREFIX_PATH=${CMAKE_PREFIX_PATH}:/home/adminlab/franka_ros2_ws/install/moveit_configs_utils:/home/adminlab/franka_ros2_ws/install/ros2test:/home/adminlab/franka_ros2_ws/install/generate_parameter_module_example:/home/adminlab/franka_ros2_ws/install/launch_param_builder:/home/adminlab/franka_ros2_ws/install/handcv:/home/adminlab/franka_ros2_ws/install/generate_parameter_library_py:/home/adminlab/franka_ros2_ws/install/franka_custom_controller:/home/adminlab/franka_ros2_ws/install/camera_publisher:/opt/ros/humble /usr/bin/cmake /home/adminlab/franka_ros2_ws/src/moveit_resources/fanuc_description -DCMAKE_INSTALL_PREFIX=/home/adminlab/franka_ros2_ws/install/moveit_resources_fanuc_description
[0.622s] -- The C compiler identification is GNU 11.4.0
[0.623s] -- The CXX compiler identification is GNU 11.4.0
[0.623s] -- Detecting C compiler ABI info
[0.623s] -- Detecting C compiler ABI info - done
[0.623s] -- Check for working C compiler: /usr/bin/cc - skipped
[0.623s] -- Detecting C compile features
[0.623s] -- Detecting C compile features - done
[0.623s] -- Detecting CXX compiler ABI info
[0.623s] -- Detecting CXX compiler ABI info - done
[0.623s] -- Check for working CXX compiler: /usr/bin/c++ - skipped
[0.623s] -- Detecting CXX compile features
[0.623s] -- Detecting CXX compile features - done
[0.623s] -- Found ament_cmake: 1.3.9 (/opt/ros/humble/share/ament_cmake/cmake)
[0.650s] -- Found Python3: /usr/bin/python3 (found version "3.10.12") found components: Interpreter 
[0.824s] -- Configuring done
[0.824s] -- Generating done
[0.825s] -- Build files have been written to: /home/adminlab/franka_ros2_ws/build/moveit_resources_fanuc_description
[0.825s] Invoked command in '/home/adminlab/franka_ros2_ws/build/moveit_resources_fanuc_description' returned '0': CMAKE_PREFIX_PATH=${CMAKE_PREFIX_PATH}:/home/adminlab/franka_ros2_ws/install/moveit_configs_utils:/home/adminlab/franka_ros2_ws/install/ros2test:/home/adminlab/franka_ros2_ws/install/generate_parameter_module_example:/home/adminlab/franka_ros2_ws/install/launch_param_builder:/home/adminlab/franka_ros2_ws/install/handcv:/home/adminlab/franka_ros2_ws/install/generate_parameter_library_py:/home/adminlab/franka_ros2_ws/install/franka_custom_controller:/home/adminlab/franka_ros2_ws/install/camera_publisher:/opt/ros/humble /usr/bin/cmake /home/adminlab/franka_ros2_ws/src/moveit_resources/fanuc_description -DCMAKE_INSTALL_PREFIX=/home/adminlab/franka_ros2_ws/install/moveit_resources_fanuc_description
[0.825s] Invoking command in '/home/adminlab/franka_ros2_ws/build/moveit_resources_fanuc_description': CMAKE_PREFIX_PATH=${CMAKE_PREFIX_PATH}:/home/adminlab/franka_ros2_ws/install/moveit_configs_utils:/home/adminlab/franka_ros2_ws/install/ros2test:/home/adminlab/franka_ros2_ws/install/generate_parameter_module_example:/home/adminlab/franka_ros2_ws/install/launch_param_builder:/home/adminlab/franka_ros2_ws/install/handcv:/home/adminlab/franka_ros2_ws/install/generate_parameter_library_py:/home/adminlab/franka_ros2_ws/install/franka_custom_controller:/home/adminlab/franka_ros2_ws/install/camera_publisher:/opt/ros/humble /usr/bin/cmake --build /home/adminlab/franka_ros2_ws/build/moveit_resources_fanuc_description -- -j16 -l16
[1.216s] Invoked command in '/home/adminlab/franka_ros2_ws/build/moveit_resources_fanuc_description' returned '0': CMAKE_PREFIX_PATH=${CMAKE_PREFIX_PATH}:/home/adminlab/franka_ros2_ws/install/moveit_configs_utils:/home/adminlab/franka_ros2_ws/install/ros2test:/home/adminlab/franka_ros2_ws/install/generate_parameter_module_example:/home/adminlab/franka_ros2_ws/install/launch_param_builder:/home/adminlab/franka_ros2_ws/install/handcv:/home/adminlab/franka_ros2_ws/install/generate_parameter_library_py:/home/adminlab/franka_ros2_ws/install/franka_custom_controller:/home/adminlab/franka_ros2_ws/install/camera_publisher:/opt/ros/humble /usr/bin/cmake --build /home/adminlab/franka_ros2_ws/build/moveit_resources_fanuc_description -- -j16 -l16
[1.244s] Invoking command in '/home/adminlab/franka_ros2_ws/build/moveit_resources_fanuc_description': CMAKE_PREFIX_PATH=${CMAKE_PREFIX_PATH}:/home/adminlab/franka_ros2_ws/install/moveit_configs_utils:/home/adminlab/franka_ros2_ws/install/ros2test:/home/adminlab/franka_ros2_ws/install/generate_parameter_module_example:/home/adminlab/franka_ros2_ws/install/launch_param_builder:/home/adminlab/franka_ros2_ws/install/handcv:/home/adminlab/franka_ros2_ws/install/generate_parameter_library_py:/home/adminlab/franka_ros2_ws/install/franka_custom_controller:/home/adminlab/franka_ros2_ws/install/camera_publisher:/opt/ros/humble /usr/bin/cmake --install /home/adminlab/franka_ros2_ws/build/moveit_resources_fanuc_description
[1.401s] -- Install configuration: ""
[1.401s] -- Installing: /home/adminlab/franka_ros2_ws/install/moveit_resources_fanuc_description/share/ament_index/resource_index/package_run_dependencies/moveit_resources_fanuc_description
[1.401s] -- Installing: /home/adminlab/franka_ros2_ws/install/moveit_resources_fanuc_description/share/ament_index/resource_index/parent_prefix_path/moveit_resources_fanuc_description
[1.401s] -- Installing: /home/adminlab/franka_ros2_ws/install/moveit_resources_fanuc_description/share/moveit_resources_fanuc_description/environment/ament_prefix_path.sh
[1.401s] -- Installing: /home/adminlab/franka_ros2_ws/install/moveit_resources_fanuc_description/share/moveit_resources_fanuc_description/environment/ament_prefix_path.dsv
[1.401s] -- Installing: /home/adminlab/franka_ros2_ws/install/moveit_resources_fanuc_description/share/moveit_resources_fanuc_description/environment/path.sh
[1.401s] -- Installing: /home/adminlab/franka_ros2_ws/install/moveit_resources_fanuc_description/share/moveit_resources_fanuc_description/environment/path.dsv
[1.401s] -- Installing: /home/adminlab/franka_ros2_ws/install/moveit_resources_fanuc_description/share/moveit_resources_fanuc_description/local_setup.bash
[1.401s] -- Installing: /home/adminlab/franka_ros2_ws/install/moveit_resources_fanuc_description/share/moveit_resources_fanuc_description/local_setup.sh
[1.401s] -- Installing: /home/adminlab/franka_ros2_ws/install/moveit_resources_fanuc_description/share/moveit_resources_fanuc_description/local_setup.zsh
[1.401s] -- Installing: /home/adminlab/franka_ros2_ws/install/moveit_resources_fanuc_description/share/moveit_resources_fanuc_description/local_setup.dsv
[1.401s] -- Installing: /home/adminlab/franka_ros2_ws/install/moveit_resources_fanuc_description/share/moveit_resources_fanuc_description/package.dsv
[1.401s] -- Installing: /home/adminlab/franka_ros2_ws/install/moveit_resources_fanuc_description/share/ament_index/resource_index/packages/moveit_resources_fanuc_description
[1.402s] -- Installing: /home/adminlab/franka_ros2_ws/install/moveit_resources_fanuc_description/share/moveit_resources_fanuc_description/cmake/moveit_resources_fanuc_descriptionConfig.cmake
[1.402s] -- Installing: /home/adminlab/franka_ros2_ws/install/moveit_resources_fanuc_description/share/moveit_resources_fanuc_description/cmake/moveit_resources_fanuc_descriptionConfig-version.cmake
[1.402s] -- Installing: /home/adminlab/franka_ros2_ws/install/moveit_resources_fanuc_description/share/moveit_resources_fanuc_description/package.xml
[1.402s] -- Installing: /home/adminlab/franka_ros2_ws/install/moveit_resources_fanuc_description/share/moveit_resources_fanuc_description/meshes
[1.402s] -- Installing: /home/adminlab/franka_ros2_ws/install/moveit_resources_fanuc_description/share/moveit_resources_fanuc_description/meshes/collision
[1.402s] -- Installing: /home/adminlab/franka_ros2_ws/install/moveit_resources_fanuc_description/share/moveit_resources_fanuc_description/meshes/collision/link_2.stl
[1.402s] -- Installing: /home/adminlab/franka_ros2_ws/install/moveit_resources_fanuc_description/share/moveit_resources_fanuc_description/meshes/collision/link_1.stl
[1.402s] -- Installing: /home/adminlab/franka_ros2_ws/install/moveit_resources_fanuc_description/share/moveit_resources_fanuc_description/meshes/collision/link_4.stl
[1.402s] -- Installing: /home/adminlab/franka_ros2_ws/install/moveit_resources_fanuc_description/share/moveit_resources_fanuc_description/meshes/collision/link_6.stl
[1.402s] -- Installing: /home/adminlab/franka_ros2_ws/install/moveit_resources_fanuc_description/share/moveit_resources_fanuc_description/meshes/collision/link_5.stl
[1.402s] -- Installing: /home/adminlab/franka_ros2_ws/install/moveit_resources_fanuc_description/share/moveit_resources_fanuc_description/meshes/collision/base_link.stl
[1.402s] -- Installing: /home/adminlab/franka_ros2_ws/install/moveit_resources_fanuc_description/share/moveit_resources_fanuc_description/meshes/collision/link_3.stl
[1.402s] -- Installing: /home/adminlab/franka_ros2_ws/install/moveit_resources_fanuc_description/share/moveit_resources_fanuc_description/meshes/visual
[1.402s] -- Installing: /home/adminlab/franka_ros2_ws/install/moveit_resources_fanuc_description/share/moveit_resources_fanuc_description/meshes/visual/link_2.stl
[1.403s] -- Installing: /home/adminlab/franka_ros2_ws/install/moveit_resources_fanuc_description/share/moveit_resources_fanuc_description/meshes/visual/link_1.stl
[1.403s] -- Installing: /home/adminlab/franka_ros2_ws/install/moveit_resources_fanuc_description/share/moveit_resources_fanuc_description/meshes/visual/link_4.stl
[1.403s] -- Installing: /home/adminlab/franka_ros2_ws/install/moveit_resources_fanuc_description/share/moveit_resources_fanuc_description/meshes/visual/link_6.stl
[1.403s] -- Installing: /home/adminlab/franka_ros2_ws/install/moveit_resources_fanuc_description/share/moveit_resources_fanuc_description/meshes/visual/link_5.stl
[1.403s] -- Installing: /home/adminlab/franka_ros2_ws/install/moveit_resources_fanuc_description/share/moveit_resources_fanuc_description/meshes/visual/base_link.stl
[1.403s] -- Installing: /home/adminlab/franka_ros2_ws/install/moveit_resources_fanuc_description/share/moveit_resources_fanuc_description/meshes/visual/link_3.stl
[1.403s] -- Installing: /home/adminlab/franka_ros2_ws/install/moveit_resources_fanuc_description/share/moveit_resources_fanuc_description/urdf
[1.403s] -- Installing: /home/adminlab/franka_ros2_ws/install/moveit_resources_fanuc_description/share/moveit_resources_fanuc_description/urdf/fanuc.urdf
[1.443s] Invoked command in '/home/adminlab/franka_ros2_ws/build/moveit_resources_fanuc_description' returned '0': CMAKE_PREFIX_PATH=${CMAKE_PREFIX_PATH}:/home/adminlab/franka_ros2_ws/install/moveit_configs_utils:/home/adminlab/franka_ros2_ws/install/ros2test:/home/adminlab/franka_ros2_ws/install/generate_parameter_module_example:/home/adminlab/franka_ros2_ws/install/launch_param_builder:/home/adminlab/franka_ros2_ws/install/handcv:/home/adminlab/franka_ros2_ws/install/generate_parameter_library_py:/home/adminlab/franka_ros2_ws/install/franka_custom_controller:/home/adminlab/franka_ros2_ws/install/camera_publisher:/opt/ros/humble /usr/bin/cmake --install /home/adminlab/franka_ros2_ws/build/moveit_resources_fanuc_description
