[100%] Built target chomp_motion_planner
-- Install configuration: "Debug"
-- Up-to-date: /home/adminlab/franka_ros2_ws/install/chomp_motion_planner/lib/libchomp_motion_planner.so.2.5.5
-- Up-to-date: /home/adminlab/franka_ros2_ws/install/chomp_motion_planner/lib/libchomp_motion_planner.so
-- Up-to-date: /home/adminlab/franka_ros2_ws/install/chomp_motion_planner/include
-- Up-to-date: /home/adminlab/franka_ros2_ws/install/chomp_motion_planner/include/chomp_motion_planner
-- Up-to-date: /home/adminlab/franka_ros2_ws/install/chomp_motion_planner/include/chomp_motion_planner/chomp_optimizer.h
-- Up-to-date: /home/adminlab/franka_ros2_ws/install/chomp_motion_planner/include/chomp_motion_planner/multivariate_gaussian.h
-- Up-to-date: /home/adminlab/franka_ros2_ws/install/chomp_motion_planner/include/chomp_motion_planner/chomp_trajectory.h
-- Up-to-date: /home/adminlab/franka_ros2_ws/install/chomp_motion_planner/include/chomp_motion_planner/chomp_parameters.h
-- Up-to-date: /home/adminlab/franka_ros2_ws/install/chomp_motion_planner/include/chomp_motion_planner/chomp_utils.h
-- Up-to-date: /home/adminlab/franka_ros2_ws/install/chomp_motion_planner/include/chomp_motion_planner/chomp_planner.h
-- Up-to-date: /home/adminlab/franka_ros2_ws/install/chomp_motion_planner/include/chomp_motion_planner/chomp_cost.h
-- Up-to-date: /home/adminlab/franka_ros2_ws/install/chomp_motion_planner/share/chomp_motion_planner/environment/library_path.sh
-- Up-to-date: /home/adminlab/franka_ros2_ws/install/chomp_motion_planner/share/chomp_motion_planner/environment/library_path.dsv
-- Up-to-date: /home/adminlab/franka_ros2_ws/install/chomp_motion_planner/share/ament_index/resource_index/package_run_dependencies/chomp_motion_planner
-- Up-to-date: /home/adminlab/franka_ros2_ws/install/chomp_motion_planner/share/ament_index/resource_index/parent_prefix_path/chomp_motion_planner
-- Up-to-date: /home/adminlab/franka_ros2_ws/install/chomp_motion_planner/share/chomp_motion_planner/environment/ament_prefix_path.sh
-- Up-to-date: /home/adminlab/franka_ros2_ws/install/chomp_motion_planner/share/chomp_motion_planner/environment/ament_prefix_path.dsv
-- Up-to-date: /home/adminlab/franka_ros2_ws/install/chomp_motion_planner/share/chomp_motion_planner/environment/path.sh
-- Up-to-date: /home/adminlab/franka_ros2_ws/install/chomp_motion_planner/share/chomp_motion_planner/environment/path.dsv
-- Up-to-date: /home/adminlab/franka_ros2_ws/install/chomp_motion_planner/share/chomp_motion_planner/local_setup.bash
-- Up-to-date: /home/adminlab/franka_ros2_ws/install/chomp_motion_planner/share/chomp_motion_planner/local_setup.sh
-- Up-to-date: /home/adminlab/franka_ros2_ws/install/chomp_motion_planner/share/chomp_motion_planner/local_setup.zsh
-- Up-to-date: /home/adminlab/franka_ros2_ws/install/chomp_motion_planner/share/chomp_motion_planner/local_setup.dsv
-- Up-to-date: /home/adminlab/franka_ros2_ws/install/chomp_motion_planner/share/chomp_motion_planner/package.dsv
-- Up-to-date: /home/adminlab/franka_ros2_ws/install/chomp_motion_planner/share/ament_index/resource_index/packages/chomp_motion_planner
-- Up-to-date: /home/adminlab/franka_ros2_ws/install/chomp_motion_planner/share/chomp_motion_planner/cmake/chomp_motion_plannerTargetsExport.cmake
-- Up-to-date: /home/adminlab/franka_ros2_ws/install/chomp_motion_planner/share/chomp_motion_planner/cmake/chomp_motion_plannerTargetsExport-debug.cmake
-- Up-to-date: /home/adminlab/franka_ros2_ws/install/chomp_motion_planner/share/chomp_motion_planner/cmake/ament_cmake_export_targets-extras.cmake
-- Up-to-date: /home/adminlab/franka_ros2_ws/install/chomp_motion_planner/share/chomp_motion_planner/cmake/chomp_motion_plannerConfig.cmake
-- Up-to-date: /home/adminlab/franka_ros2_ws/install/chomp_motion_planner/share/chomp_motion_planner/cmake/chomp_motion_plannerConfig-version.cmake
-- Up-to-date: /home/adminlab/franka_ros2_ws/install/chomp_motion_planner/share/chomp_motion_planner/package.xml
