[0.008s] Invoking command in '/home/adminlab/franka_ros2_ws/build/realsense2_camera': AMENT_PREFIX_PATH=/home/adminlab/franka_ros2_ws/install/realsense2_camera_msgs:${AMENT_PREFIX_PATH} CMAKE_PREFIX_PATH=/home/adminlab/franka_ros2_ws/install/realsense2_camera_msgs:/home/adminlab/franka_ros2_ws/install/librealsense2:/opt/ros/humble LD_LIBRARY_PATH=/home/adminlab/franka_ros2_ws/install/realsense2_camera_msgs/lib:/home/adminlab/franka_ros2_ws/install/librealsense2/lib:${LD_LIBRARY_PATH} PATH=/home/adminlab/franka_ros2_ws/install/librealsense2/bin:${PATH} PKG_CONFIG_PATH=/home/adminlab/franka_ros2_ws/install/librealsense2/lib/x86_64-linux-gnu/pkgconfig:/home/adminlab/franka_ros2_ws/install/librealsense2/lib/pkgconfig PYTHONPATH=/home/adminlab/franka_ros2_ws/install/realsense2_camera_msgs/local/lib/python3.10/dist-packages:${PYTHONPATH} /usr/bin/cmake --build /home/adminlab/franka_ros2_ws/build/realsense2_camera -- -j16 -l16
[0.039s] [35m[1mConsolidate compiler generated dependencies of target gtest_main[0m
[0.039s] [35m[1mConsolidate compiler generated dependencies of target realsense2_camera_node[0m
[0.040s] [35m[1mConsolidate compiler generated dependencies of target gtest[0m
[0.048s] [  9%] Built target gtest_main
[0.049s] [ 18%] Built target gtest
[0.050s] [ 27%] Built target realsense2_camera_node
[0.051s] [35m[1mConsolidate compiler generated dependencies of target realsense2_camera[0m
[0.056s] [35m[1mConsolidate compiler generated dependencies of target gtest_template[0m
[0.065s] [ 36%] Built target gtest_template
[0.079s] [100%] Built target realsense2_camera
[0.089s] Invoked command in '/home/adminlab/franka_ros2_ws/build/realsense2_camera' returned '0': AMENT_PREFIX_PATH=/home/adminlab/franka_ros2_ws/install/realsense2_camera_msgs:${AMENT_PREFIX_PATH} CMAKE_PREFIX_PATH=/home/adminlab/franka_ros2_ws/install/realsense2_camera_msgs:/home/adminlab/franka_ros2_ws/install/librealsense2:/opt/ros/humble LD_LIBRARY_PATH=/home/adminlab/franka_ros2_ws/install/realsense2_camera_msgs/lib:/home/adminlab/franka_ros2_ws/install/librealsense2/lib:${LD_LIBRARY_PATH} PATH=/home/adminlab/franka_ros2_ws/install/librealsense2/bin:${PATH} PKG_CONFIG_PATH=/home/adminlab/franka_ros2_ws/install/librealsense2/lib/x86_64-linux-gnu/pkgconfig:/home/adminlab/franka_ros2_ws/install/librealsense2/lib/pkgconfig PYTHONPATH=/home/adminlab/franka_ros2_ws/install/realsense2_camera_msgs/local/lib/python3.10/dist-packages:${PYTHONPATH} /usr/bin/cmake --build /home/adminlab/franka_ros2_ws/build/realsense2_camera -- -j16 -l16
[0.132s] Invoking command in '/home/adminlab/franka_ros2_ws/build/realsense2_camera': AMENT_PREFIX_PATH=/home/adminlab/franka_ros2_ws/install/realsense2_camera_msgs:${AMENT_PREFIX_PATH} CMAKE_PREFIX_PATH=/home/adminlab/franka_ros2_ws/install/realsense2_camera_msgs:/home/adminlab/franka_ros2_ws/install/librealsense2:/opt/ros/humble LD_LIBRARY_PATH=/home/adminlab/franka_ros2_ws/install/realsense2_camera_msgs/lib:/home/adminlab/franka_ros2_ws/install/librealsense2/lib:${LD_LIBRARY_PATH} PATH=/home/adminlab/franka_ros2_ws/install/librealsense2/bin:${PATH} PKG_CONFIG_PATH=/home/adminlab/franka_ros2_ws/install/librealsense2/lib/x86_64-linux-gnu/pkgconfig:/home/adminlab/franka_ros2_ws/install/librealsense2/lib/pkgconfig PYTHONPATH=/home/adminlab/franka_ros2_ws/install/realsense2_camera_msgs/local/lib/python3.10/dist-packages:${PYTHONPATH} /usr/bin/cmake --install /home/adminlab/franka_ros2_ws/build/realsense2_camera
[0.138s] -- Install configuration: "Release"
[0.139s] -- Up-to-date: /home/adminlab/franka_ros2_ws/install/realsense2_camera/lib/realsense2_camera/realsense2_camera_node
[0.140s] -- Up-to-date: /home/adminlab/franka_ros2_ws/install/realsense2_camera/lib/librealsense2_camera.so
[0.140s] -- Up-to-date: /home/adminlab/franka_ros2_ws/install/realsense2_camera/include
[0.140s] -- Up-to-date: /home/adminlab/franka_ros2_ws/install/realsense2_camera/include/ros_utils.h
[0.140s] -- Up-to-date: /home/adminlab/franka_ros2_ws/install/realsense2_camera/include/constants.h
[0.140s] -- Up-to-date: /home/adminlab/franka_ros2_ws/install/realsense2_camera/include/realsense_node_factory.h
[0.140s] -- Up-to-date: /home/adminlab/franka_ros2_ws/install/realsense2_camera/include/named_filter.h
[0.141s] -- Up-to-date: /home/adminlab/franka_ros2_ws/install/realsense2_camera/include/ros_sensor.h
[0.141s] -- Up-to-date: /home/adminlab/franka_ros2_ws/install/realsense2_camera/include/sensor_params.h
[0.141s] -- Up-to-date: /home/adminlab/franka_ros2_ws/install/realsense2_camera/include/base_realsense_node.h
[0.141s] -- Up-to-date: /home/adminlab/franka_ros2_ws/install/realsense2_camera/include/ros_param_backend.h
[0.141s] -- Up-to-date: /home/adminlab/franka_ros2_ws/install/realsense2_camera/include/gl_window.h
[0.141s] -- Up-to-date: /home/adminlab/franka_ros2_ws/install/realsense2_camera/include/image_publisher.h
[0.141s] -- Up-to-date: /home/adminlab/franka_ros2_ws/install/realsense2_camera/include/dynamic_params.h
[0.141s] -- Up-to-date: /home/adminlab/franka_ros2_ws/install/realsense2_camera/include/profile_manager.h
[0.141s] -- Up-to-date: /home/adminlab/franka_ros2_ws/install/realsense2_camera/share/realsense2_camera/launch
[0.141s] -- Up-to-date: /home/adminlab/franka_ros2_ws/install/realsense2_camera/share/realsense2_camera/launch/rs_launch.py
[0.141s] -- Up-to-date: /home/adminlab/franka_ros2_ws/install/realsense2_camera/share/realsense2_camera/launch/rs_multi_camera_launch_sync.py
[0.141s] -- Up-to-date: /home/adminlab/franka_ros2_ws/install/realsense2_camera/share/realsense2_camera/launch/rs_multi_camera_launch.py
[0.142s] -- Up-to-date: /home/adminlab/franka_ros2_ws/install/realsense2_camera/share/realsense2_camera/launch/default.rviz
[0.142s] -- Up-to-date: /home/adminlab/franka_ros2_ws/install/realsense2_camera/share/realsense2_camera/launch/rs_intra_process_demo_launch.py
[0.142s] -- Up-to-date: /home/adminlab/franka_ros2_ws/install/realsense2_camera/share/realsense2_camera/examples
[0.142s] -- Up-to-date: /home/adminlab/franka_ros2_ws/install/realsense2_camera/share/realsense2_camera/examples/dual_camera
[0.142s] -- Up-to-date: /home/adminlab/franka_ros2_ws/install/realsense2_camera/share/realsense2_camera/examples/dual_camera/rs_dual_camera_launch.py
[0.142s] -- Up-to-date: /home/adminlab/franka_ros2_ws/install/realsense2_camera/share/realsense2_camera/examples/dual_camera/README.md
[0.142s] -- Up-to-date: /home/adminlab/franka_ros2_ws/install/realsense2_camera/share/realsense2_camera/examples/dual_camera/rviz
[0.142s] -- Up-to-date: /home/adminlab/franka_ros2_ws/install/realsense2_camera/share/realsense2_camera/examples/dual_camera/rviz/dual_camera_pointcloud.rviz
[0.142s] -- Up-to-date: /home/adminlab/franka_ros2_ws/install/realsense2_camera/share/realsense2_camera/examples/pointcloud
[0.142s] -- Up-to-date: /home/adminlab/franka_ros2_ws/install/realsense2_camera/share/realsense2_camera/examples/pointcloud/rs_d455_pointcloud_launch.py
[0.142s] -- Up-to-date: /home/adminlab/franka_ros2_ws/install/realsense2_camera/share/realsense2_camera/examples/pointcloud/rs_d405_pointcloud_launch.py
[0.142s] -- Up-to-date: /home/adminlab/franka_ros2_ws/install/realsense2_camera/share/realsense2_camera/examples/pointcloud/rs_pointcloud_launch.py
[0.142s] -- Up-to-date: /home/adminlab/franka_ros2_ws/install/realsense2_camera/share/realsense2_camera/examples/pointcloud/README.md
[0.142s] -- Up-to-date: /home/adminlab/franka_ros2_ws/install/realsense2_camera/share/realsense2_camera/examples/pointcloud/rviz
[0.143s] -- Up-to-date: /home/adminlab/franka_ros2_ws/install/realsense2_camera/share/realsense2_camera/examples/pointcloud/rviz/pointcloud.rviz
[0.143s] -- Up-to-date: /home/adminlab/franka_ros2_ws/install/realsense2_camera/share/realsense2_camera/examples/pointcloud/rviz/urdf_pointcloud.rviz
[0.143s] -- Up-to-date: /home/adminlab/franka_ros2_ws/install/realsense2_camera/share/realsense2_camera/examples/launch_from_rosbag
[0.143s] -- Up-to-date: /home/adminlab/franka_ros2_ws/install/realsense2_camera/share/realsense2_camera/examples/launch_from_rosbag/rs_launch_from_rosbag.py
[0.143s] -- Up-to-date: /home/adminlab/franka_ros2_ws/install/realsense2_camera/share/realsense2_camera/examples/launch_from_rosbag/README.md
[0.143s] -- Up-to-date: /home/adminlab/franka_ros2_ws/install/realsense2_camera/share/realsense2_camera/examples/align_depth
[0.143s] -- Up-to-date: /home/adminlab/franka_ros2_ws/install/realsense2_camera/share/realsense2_camera/examples/align_depth/rs_align_depth_launch.py
[0.143s] -- Up-to-date: /home/adminlab/franka_ros2_ws/install/realsense2_camera/share/realsense2_camera/examples/align_depth/README.md
[0.143s] -- Up-to-date: /home/adminlab/franka_ros2_ws/install/realsense2_camera/share/realsense2_camera/examples/launch_params_from_file
[0.143s] -- Up-to-date: /home/adminlab/franka_ros2_ws/install/realsense2_camera/share/realsense2_camera/examples/launch_params_from_file/config
[0.143s] -- Up-to-date: /home/adminlab/franka_ros2_ws/install/realsense2_camera/share/realsense2_camera/examples/launch_params_from_file/config/config.yaml
[0.143s] -- Up-to-date: /home/adminlab/franka_ros2_ws/install/realsense2_camera/share/realsense2_camera/examples/launch_params_from_file/README.md
[0.143s] -- Up-to-date: /home/adminlab/franka_ros2_ws/install/realsense2_camera/share/realsense2_camera/examples/launch_params_from_file/rs_launch_get_params_from_yaml.py
[0.143s] -- Up-to-date: /home/adminlab/franka_ros2_ws/install/realsense2_camera/share/realsense2_camera/environment/library_path.sh
[0.143s] -- Up-to-date: /home/adminlab/franka_ros2_ws/install/realsense2_camera/share/realsense2_camera/environment/library_path.dsv
[0.143s] -- Up-to-date: /home/adminlab/franka_ros2_ws/install/realsense2_camera/share/ament_index/resource_index/package_run_dependencies/realsense2_camera
[0.143s] -- Up-to-date: /home/adminlab/franka_ros2_ws/install/realsense2_camera/share/ament_index/resource_index/parent_prefix_path/realsense2_camera
[0.143s] -- Up-to-date: /home/adminlab/franka_ros2_ws/install/realsense2_camera/share/realsense2_camera/environment/ament_prefix_path.sh
[0.143s] -- Up-to-date: /home/adminlab/franka_ros2_ws/install/realsense2_camera/share/realsense2_camera/environment/ament_prefix_path.dsv
[0.144s] -- Up-to-date: /home/adminlab/franka_ros2_ws/install/realsense2_camera/share/realsense2_camera/environment/path.sh
[0.144s] -- Up-to-date: /home/adminlab/franka_ros2_ws/install/realsense2_camera/share/realsense2_camera/environment/path.dsv
[0.144s] -- Up-to-date: /home/adminlab/franka_ros2_ws/install/realsense2_camera/share/realsense2_camera/local_setup.bash
[0.144s] -- Up-to-date: /home/adminlab/franka_ros2_ws/install/realsense2_camera/share/realsense2_camera/local_setup.sh
[0.144s] -- Up-to-date: /home/adminlab/franka_ros2_ws/install/realsense2_camera/share/realsense2_camera/local_setup.zsh
[0.144s] -- Up-to-date: /home/adminlab/franka_ros2_ws/install/realsense2_camera/share/realsense2_camera/local_setup.dsv
[0.144s] -- Installing: /home/adminlab/franka_ros2_ws/install/realsense2_camera/share/realsense2_camera/package.dsv
[0.144s] -- Up-to-date: /home/adminlab/franka_ros2_ws/install/realsense2_camera/share/ament_index/resource_index/packages/realsense2_camera
[0.144s] -- Up-to-date: /home/adminlab/franka_ros2_ws/install/realsense2_camera/share/ament_index/resource_index/rclcpp_components/realsense2_camera
[0.144s] -- Up-to-date: /home/adminlab/franka_ros2_ws/install/realsense2_camera/share/realsense2_camera/cmake/ament_cmake_export_include_directories-extras.cmake
[0.144s] -- Up-to-date: /home/adminlab/franka_ros2_ws/install/realsense2_camera/share/realsense2_camera/cmake/ament_cmake_export_libraries-extras.cmake
[0.144s] -- Up-to-date: /home/adminlab/franka_ros2_ws/install/realsense2_camera/share/realsense2_camera/cmake/ament_cmake_export_dependencies-extras.cmake
[0.144s] -- Up-to-date: /home/adminlab/franka_ros2_ws/install/realsense2_camera/share/realsense2_camera/cmake/realsense2_cameraConfig.cmake
[0.144s] -- Up-to-date: /home/adminlab/franka_ros2_ws/install/realsense2_camera/share/realsense2_camera/cmake/realsense2_cameraConfig-version.cmake
[0.145s] -- Up-to-date: /home/adminlab/franka_ros2_ws/install/realsense2_camera/share/realsense2_camera/package.xml
[0.146s] Invoked command in '/home/adminlab/franka_ros2_ws/build/realsense2_camera' returned '0': AMENT_PREFIX_PATH=/home/adminlab/franka_ros2_ws/install/realsense2_camera_msgs:${AMENT_PREFIX_PATH} CMAKE_PREFIX_PATH=/home/adminlab/franka_ros2_ws/install/realsense2_camera_msgs:/home/adminlab/franka_ros2_ws/install/librealsense2:/opt/ros/humble LD_LIBRARY_PATH=/home/adminlab/franka_ros2_ws/install/realsense2_camera_msgs/lib:/home/adminlab/franka_ros2_ws/install/librealsense2/lib:${LD_LIBRARY_PATH} PATH=/home/adminlab/franka_ros2_ws/install/librealsense2/bin:${PATH} PKG_CONFIG_PATH=/home/adminlab/franka_ros2_ws/install/librealsense2/lib/x86_64-linux-gnu/pkgconfig:/home/adminlab/franka_ros2_ws/install/librealsense2/lib/pkgconfig PYTHONPATH=/home/adminlab/franka_ros2_ws/install/realsense2_camera_msgs/local/lib/python3.10/dist-packages:${PYTHONPATH} /usr/bin/cmake --install /home/adminlab/franka_ros2_ws/build/realsense2_camera
