running egg_info
creating ../../../build/generate_parameter_module_example/generate_parameter_module_example.egg-info
writing ../../../build/generate_parameter_module_example/generate_parameter_module_example.egg-info/PKG-INFO
writing dependency_links to ../../../build/generate_parameter_module_example/generate_parameter_module_example.egg-info/dependency_links.txt
writing entry points to ../../../build/generate_parameter_module_example/generate_parameter_module_example.egg-info/entry_points.txt
writing requirements to ../../../build/generate_parameter_module_example/generate_parameter_module_example.egg-info/requires.txt
writing top-level names to ../../../build/generate_parameter_module_example/generate_parameter_module_example.egg-info/top_level.txt
writing manifest file '../../../build/generate_parameter_module_example/generate_parameter_module_example.egg-info/SOURCES.txt'
reading manifest file '../../../build/generate_parameter_module_example/generate_parameter_module_example.egg-info/SOURCES.txt'
writing manifest file '../../../build/generate_parameter_module_example/generate_parameter_module_example.egg-info/SOURCES.txt'
running build
running build_py
creating /home/adminlab/franka_ros2_ws/build/generate_parameter_module_example/build
creating /home/adminlab/franka_ros2_ws/build/generate_parameter_module_example/build/lib
creating /home/adminlab/franka_ros2_ws/build/generate_parameter_module_example/build/lib/generate_parameter_module_example
copying generate_parameter_module_example/__init__.py -> /home/adminlab/franka_ros2_ws/build/generate_parameter_module_example/build/lib/generate_parameter_module_example
copying generate_parameter_module_example/custom_validation.py -> /home/adminlab/franka_ros2_ws/build/generate_parameter_module_example/build/lib/generate_parameter_module_example
copying generate_parameter_module_example/minimal_publisher.py -> /home/adminlab/franka_ros2_ws/build/generate_parameter_module_example/build/lib/generate_parameter_module_example
running install
running install_lib
copying /home/adminlab/franka_ros2_ws/build/generate_parameter_module_example/build/lib/generate_parameter_module_example/__init__.py -> /home/adminlab/franka_ros2_ws/install/generate_parameter_module_example/lib/python3.10/site-packages/generate_parameter_module_example
copying /home/adminlab/franka_ros2_ws/build/generate_parameter_module_example/build/lib/generate_parameter_module_example/custom_validation.py -> /home/adminlab/franka_ros2_ws/install/generate_parameter_module_example/lib/python3.10/site-packages/generate_parameter_module_example
copying /home/adminlab/franka_ros2_ws/build/generate_parameter_module_example/build/lib/generate_parameter_module_example/minimal_publisher.py -> /home/adminlab/franka_ros2_ws/install/generate_parameter_module_example/lib/python3.10/site-packages/generate_parameter_module_example
byte-compiling /home/adminlab/franka_ros2_ws/install/generate_parameter_module_example/lib/python3.10/site-packages/generate_parameter_module_example/__init__.py to __init__.cpython-310.pyc
byte-compiling /home/adminlab/franka_ros2_ws/install/generate_parameter_module_example/lib/python3.10/site-packages/generate_parameter_module_example/custom_validation.py to custom_validation.cpython-310.pyc
byte-compiling /home/adminlab/franka_ros2_ws/install/generate_parameter_module_example/lib/python3.10/site-packages/generate_parameter_module_example/minimal_publisher.py to minimal_publisher.cpython-310.pyc
running install_data
creating /home/adminlab/franka_ros2_ws/install/generate_parameter_module_example/share/ament_index
creating /home/adminlab/franka_ros2_ws/install/generate_parameter_module_example/share/ament_index/resource_index
creating /home/adminlab/franka_ros2_ws/install/generate_parameter_module_example/share/ament_index/resource_index/packages
copying resource/generate_parameter_module_example -> /home/adminlab/franka_ros2_ws/install/generate_parameter_module_example/share/ament_index/resource_index/packages
copying package.xml -> /home/adminlab/franka_ros2_ws/install/generate_parameter_module_example/share/generate_parameter_module_example
running install_egg_info
Copying ../../../build/generate_parameter_module_example/generate_parameter_module_example.egg-info to /home/adminlab/franka_ros2_ws/install/generate_parameter_module_example/lib/python3.10/site-packages/generate_parameter_module_example-0.3.7-py3.10.egg-info
running install_scripts
Installing test_node script to /home/adminlab/franka_ros2_ws/install/generate_parameter_module_example/lib/generate_parameter_module_example
writing list of installed files to '/home/adminlab/franka_ros2_ws/build/generate_parameter_module_example/install.log'
