[ 10%] Built target moveit_hybrid_planning_manager
[ 20%] Built target simple_sampler_plugin
[ 30%] Built target moveit_local_planner_component
[ 40%] Built target moveit_global_planner_component
[ 50%] Built target motion_planning_pipeline_plugin
[ 60%] Built target forward_trajectory_plugin
[ 70%] Built target single_plan_execution_plugin
[ 80%] Built target replan_invalidated_trajectory_plugin
[ 90%] Built target cancel_action
[100%] Built target hybrid_planning_demo_node
-- Install configuration: "Release"
-- Up-to-date: /home/adminlab/franka_ros2_ws/install/moveit_hybrid_planning/lib/libmoveit_global_planner_component.so.2.5.5
-- Up-to-date: /home/adminlab/franka_ros2_ws/install/moveit_hybrid_planning/lib/libmoveit_global_planner_component.so
-- Up-to-date: /home/adminlab/franka_ros2_ws/install/moveit_hybrid_planning/lib/libmoveit_hybrid_planning_manager.so.2.5.5
-- Up-to-date: /home/adminlab/franka_ros2_ws/install/moveit_hybrid_planning/lib/libmoveit_hybrid_planning_manager.so
-- Up-to-date: /home/adminlab/franka_ros2_ws/install/moveit_hybrid_planning/lib/libmoveit_local_planner_component.so.2.5.5
-- Up-to-date: /home/adminlab/franka_ros2_ws/install/moveit_hybrid_planning/lib/libmoveit_local_planner_component.so
-- Up-to-date: /home/adminlab/franka_ros2_ws/install/moveit_hybrid_planning/lib/libforward_trajectory_plugin.so.2.5.5
-- Up-to-date: /home/adminlab/franka_ros2_ws/install/moveit_hybrid_planning/lib/libforward_trajectory_plugin.so
-- Up-to-date: /home/adminlab/franka_ros2_ws/install/moveit_hybrid_planning/lib/libmotion_planning_pipeline_plugin.so.2.5.5
-- Up-to-date: /home/adminlab/franka_ros2_ws/install/moveit_hybrid_planning/lib/libmotion_planning_pipeline_plugin.so
-- Up-to-date: /home/adminlab/franka_ros2_ws/install/moveit_hybrid_planning/lib/libreplan_invalidated_trajectory_plugin.so.2.5.5
-- Up-to-date: /home/adminlab/franka_ros2_ws/install/moveit_hybrid_planning/lib/libreplan_invalidated_trajectory_plugin.so
-- Up-to-date: /home/adminlab/franka_ros2_ws/install/moveit_hybrid_planning/lib/libsimple_sampler_plugin.so.2.5.5
-- Up-to-date: /home/adminlab/franka_ros2_ws/install/moveit_hybrid_planning/lib/libsimple_sampler_plugin.so
-- Up-to-date: /home/adminlab/franka_ros2_ws/install/moveit_hybrid_planning/lib/libsingle_plan_execution_plugin.so.2.5.5
-- Up-to-date: /home/adminlab/franka_ros2_ws/install/moveit_hybrid_planning/lib/libsingle_plan_execution_plugin.so
-- Up-to-date: /home/adminlab/franka_ros2_ws/install/moveit_hybrid_planning/lib/moveit_hybrid_planning/cancel_action
-- Up-to-date: /home/adminlab/franka_ros2_ws/install/moveit_hybrid_planning/lib/moveit_hybrid_planning/hybrid_planning_demo_node
-- Up-to-date: /home/adminlab/franka_ros2_ws/install/moveit_hybrid_planning/include
-- Up-to-date: /home/adminlab/franka_ros2_ws/install/moveit_hybrid_planning/include/moveit
-- Up-to-date: /home/adminlab/franka_ros2_ws/install/moveit_hybrid_planning/include/moveit/global_planner
-- Up-to-date: /home/adminlab/franka_ros2_ws/install/moveit_hybrid_planning/include/moveit/global_planner/global_planner_interface.h
-- Up-to-date: /home/adminlab/franka_ros2_ws/install/moveit_hybrid_planning/include/moveit/global_planner/global_planner_component.h
-- Up-to-date: /home/adminlab/franka_ros2_ws/install/moveit_hybrid_planning/include
-- Up-to-date: /home/adminlab/franka_ros2_ws/install/moveit_hybrid_planning/include/moveit
-- Up-to-date: /home/adminlab/franka_ros2_ws/install/moveit_hybrid_planning/include/moveit/global_planner
-- Up-to-date: /home/adminlab/franka_ros2_ws/install/moveit_hybrid_planning/include/moveit/global_planner/moveit_planning_pipeline.h
-- Up-to-date: /home/adminlab/franka_ros2_ws/install/moveit_hybrid_planning/include
-- Up-to-date: /home/adminlab/franka_ros2_ws/install/moveit_hybrid_planning/include/moveit
-- Up-to-date: /home/adminlab/franka_ros2_ws/install/moveit_hybrid_planning/include/moveit/hybrid_planning_manager
-- Up-to-date: /home/adminlab/franka_ros2_ws/install/moveit_hybrid_planning/include/moveit/hybrid_planning_manager/planner_logic_interface.h
-- Up-to-date: /home/adminlab/franka_ros2_ws/install/moveit_hybrid_planning/include/moveit/hybrid_planning_manager/hybrid_planning_events.h
-- Up-to-date: /home/adminlab/franka_ros2_ws/install/moveit_hybrid_planning/include/moveit/hybrid_planning_manager/hybrid_planning_manager.h
-- Up-to-date: /home/adminlab/franka_ros2_ws/install/moveit_hybrid_planning/include/moveit/hybrid_planning_manager/moveit_error_code_interface.h
-- Up-to-date: /home/adminlab/franka_ros2_ws/install/moveit_hybrid_planning/include
-- Up-to-date: /home/adminlab/franka_ros2_ws/install/moveit_hybrid_planning/include/moveit
-- Up-to-date: /home/adminlab/franka_ros2_ws/install/moveit_hybrid_planning/include/moveit/planner_logic_plugins
-- Up-to-date: /home/adminlab/franka_ros2_ws/install/moveit_hybrid_planning/include/moveit/planner_logic_plugins/replan_invalidated_trajectory.h
-- Up-to-date: /home/adminlab/franka_ros2_ws/install/moveit_hybrid_planning/include/moveit/planner_logic_plugins/single_plan_execution.h
-- Up-to-date: /home/adminlab/franka_ros2_ws/install/moveit_hybrid_planning/include
-- Up-to-date: /home/adminlab/franka_ros2_ws/install/moveit_hybrid_planning/include/moveit
-- Up-to-date: /home/adminlab/franka_ros2_ws/install/moveit_hybrid_planning/include/moveit/local_planner
-- Up-to-date: /home/adminlab/franka_ros2_ws/install/moveit_hybrid_planning/include/moveit/local_planner/feedback_types.h
-- Up-to-date: /home/adminlab/franka_ros2_ws/install/moveit_hybrid_planning/include/moveit/local_planner/local_constraint_solver_interface.h
-- Up-to-date: /home/adminlab/franka_ros2_ws/install/moveit_hybrid_planning/include/moveit/local_planner/local_planner_component.h
-- Up-to-date: /home/adminlab/franka_ros2_ws/install/moveit_hybrid_planning/include/moveit/local_planner/trajectory_operator_interface.h
-- Up-to-date: /home/adminlab/franka_ros2_ws/install/moveit_hybrid_planning/include
-- Up-to-date: /home/adminlab/franka_ros2_ws/install/moveit_hybrid_planning/include/moveit
-- Up-to-date: /home/adminlab/franka_ros2_ws/install/moveit_hybrid_planning/include/moveit/trajectory_operator_plugins
-- Up-to-date: /home/adminlab/franka_ros2_ws/install/moveit_hybrid_planning/include/moveit/trajectory_operator_plugins/simple_sampler.h
-- Up-to-date: /home/adminlab/franka_ros2_ws/install/moveit_hybrid_planning/include
-- Up-to-date: /home/adminlab/franka_ros2_ws/install/moveit_hybrid_planning/include/moveit
-- Up-to-date: /home/adminlab/franka_ros2_ws/install/moveit_hybrid_planning/include/moveit/local_constraint_solver_plugins
-- Up-to-date: /home/adminlab/franka_ros2_ws/install/moveit_hybrid_planning/include/moveit/local_constraint_solver_plugins/forward_trajectory.h
-- Up-to-date: /home/adminlab/franka_ros2_ws/install/moveit_hybrid_planning/share/moveit_hybrid_planning/launch
-- Up-to-date: /home/adminlab/franka_ros2_ws/install/moveit_hybrid_planning/share/moveit_hybrid_planning/launch/hybrid_planning_common.py
-- Up-to-date: /home/adminlab/franka_ros2_ws/install/moveit_hybrid_planning/share/moveit_hybrid_planning/launch/hybrid_planning_demo.launch.py
-- Up-to-date: /home/adminlab/franka_ros2_ws/install/moveit_hybrid_planning/share/moveit_hybrid_planning/launch/test_basic_integration.test.py
-- Up-to-date: /home/adminlab/franka_ros2_ws/install/moveit_hybrid_planning/share/moveit_hybrid_planning/config
-- Up-to-date: /home/adminlab/franka_ros2_ws/install/moveit_hybrid_planning/share/moveit_hybrid_planning/config/hybrid_planning_manager.yaml
-- Up-to-date: /home/adminlab/franka_ros2_ws/install/moveit_hybrid_planning/share/moveit_hybrid_planning/config/common_hybrid_planning_params.yaml
-- Up-to-date: /home/adminlab/franka_ros2_ws/install/moveit_hybrid_planning/share/moveit_hybrid_planning/config/local_planner.yaml
-- Up-to-date: /home/adminlab/franka_ros2_ws/install/moveit_hybrid_planning/share/moveit_hybrid_planning/config/global_planner.yaml
-- Up-to-date: /home/adminlab/franka_ros2_ws/install/moveit_hybrid_planning/share/moveit_hybrid_planning/config/hybrid_planning_demo.rviz
-- Up-to-date: /home/adminlab/franka_ros2_ws/install/moveit_hybrid_planning/share/moveit_hybrid_planning/config/demo_controller.yaml
-- Up-to-date: /home/adminlab/franka_ros2_ws/install/moveit_hybrid_planning/share/moveit_hybrid_planning/single_plan_execution_plugin.xml
-- Up-to-date: /home/adminlab/franka_ros2_ws/install/moveit_hybrid_planning/share/moveit_hybrid_planning/moveit_planning_pipeline_plugin.xml
-- Up-to-date: /home/adminlab/franka_ros2_ws/install/moveit_hybrid_planning/share/moveit_hybrid_planning/simple_sampler_plugin.xml
-- Up-to-date: /home/adminlab/franka_ros2_ws/install/moveit_hybrid_planning/share/moveit_hybrid_planning/replan_invalidated_trajectory_plugin.xml
-- Up-to-date: /home/adminlab/franka_ros2_ws/install/moveit_hybrid_planning/share/moveit_hybrid_planning/forward_trajectory_plugin.xml
-- Up-to-date: /home/adminlab/franka_ros2_ws/install/moveit_hybrid_planning/share/moveit_hybrid_planning/environment/library_path.sh
-- Up-to-date: /home/adminlab/franka_ros2_ws/install/moveit_hybrid_planning/share/moveit_hybrid_planning/environment/library_path.dsv
-- Up-to-date: /home/adminlab/franka_ros2_ws/install/moveit_hybrid_planning/share/ament_index/resource_index/package_run_dependencies/moveit_hybrid_planning
-- Up-to-date: /home/adminlab/franka_ros2_ws/install/moveit_hybrid_planning/share/ament_index/resource_index/parent_prefix_path/moveit_hybrid_planning
-- Up-to-date: /home/adminlab/franka_ros2_ws/install/moveit_hybrid_planning/share/moveit_hybrid_planning/environment/ament_prefix_path.sh
-- Up-to-date: /home/adminlab/franka_ros2_ws/install/moveit_hybrid_planning/share/moveit_hybrid_planning/environment/ament_prefix_path.dsv
-- Up-to-date: /home/adminlab/franka_ros2_ws/install/moveit_hybrid_planning/share/moveit_hybrid_planning/environment/path.sh
-- Up-to-date: /home/adminlab/franka_ros2_ws/install/moveit_hybrid_planning/share/moveit_hybrid_planning/environment/path.dsv
-- Up-to-date: /home/adminlab/franka_ros2_ws/install/moveit_hybrid_planning/share/moveit_hybrid_planning/local_setup.bash
-- Up-to-date: /home/adminlab/franka_ros2_ws/install/moveit_hybrid_planning/share/moveit_hybrid_planning/local_setup.sh
-- Up-to-date: /home/adminlab/franka_ros2_ws/install/moveit_hybrid_planning/share/moveit_hybrid_planning/local_setup.zsh
-- Up-to-date: /home/adminlab/franka_ros2_ws/install/moveit_hybrid_planning/share/moveit_hybrid_planning/local_setup.dsv
-- Installing: /home/adminlab/franka_ros2_ws/install/moveit_hybrid_planning/share/moveit_hybrid_planning/package.dsv
-- Up-to-date: /home/adminlab/franka_ros2_ws/install/moveit_hybrid_planning/share/ament_index/resource_index/packages/moveit_hybrid_planning
-- Up-to-date: /home/adminlab/franka_ros2_ws/install/moveit_hybrid_planning/share/ament_index/resource_index/moveit_hybrid_planning__pluginlib__plugin/moveit_hybrid_planning
-- Up-to-date: /home/adminlab/franka_ros2_ws/install/moveit_hybrid_planning/share/ament_index/resource_index/rclcpp_components/moveit_hybrid_planning
-- Up-to-date: /home/adminlab/franka_ros2_ws/install/moveit_hybrid_planning/share/moveit_hybrid_planning/cmake/export_moveit_hybrid_planningExport.cmake
-- Up-to-date: /home/adminlab/franka_ros2_ws/install/moveit_hybrid_planning/share/moveit_hybrid_planning/cmake/export_moveit_hybrid_planningExport-release.cmake
-- Up-to-date: /home/adminlab/franka_ros2_ws/install/moveit_hybrid_planning/share/moveit_hybrid_planning/cmake/ament_cmake_export_include_directories-extras.cmake
-- Up-to-date: /home/adminlab/franka_ros2_ws/install/moveit_hybrid_planning/share/moveit_hybrid_planning/cmake/ament_cmake_export_libraries-extras.cmake
-- Up-to-date: /home/adminlab/franka_ros2_ws/install/moveit_hybrid_planning/share/moveit_hybrid_planning/cmake/ament_cmake_export_dependencies-extras.cmake
-- Up-to-date: /home/adminlab/franka_ros2_ws/install/moveit_hybrid_planning/share/moveit_hybrid_planning/cmake/ament_cmake_export_targets-extras.cmake
-- Up-to-date: /home/adminlab/franka_ros2_ws/install/moveit_hybrid_planning/share/moveit_hybrid_planning/cmake/moveit_hybrid_planningConfig.cmake
-- Up-to-date: /home/adminlab/franka_ros2_ws/install/moveit_hybrid_planning/share/moveit_hybrid_planning/cmake/moveit_hybrid_planningConfig-version.cmake
-- Up-to-date: /home/adminlab/franka_ros2_ws/install/moveit_hybrid_planning/share/moveit_hybrid_planning/package.xml
