[0.026s] Invoking command in '/home/adminlab/franka_ros2_ws/build/cmake_generate_parameter_module_example': AMENT_PREFIX_PATH=/home/adminlab/franka_ros2_ws/install/generate_parameter_library:/home/adminlab/franka_ros2_ws/install/parameter_traits:/home/adminlab/franka_ros2_ws/install/generate_parameter_library_py:${AMENT_PREFIX_PATH} CMAKE_PREFIX_PATH=/home/adminlab/franka_ros2_ws/install/generate_parameter_library:/home/adminlab/franka_ros2_ws/install/parameter_traits:/opt/ros/humble LD_LIBRARY_PATH=/home/adminlab/franka_ros2_ws/install/parameter_traits/lib:${LD_LIBRARY_PATH} PATH=/home/adminlab/franka_ros2_ws/install/generate_parameter_library_py/bin:${PATH} PYTHONPATH=/home/adminlab/franka_ros2_ws/install/generate_parameter_library_py/lib/python3.10/site-packages:${PYTHONPATH} /usr/bin/cmake --build /home/adminlab/franka_ros2_ws/build/cmake_generate_parameter_module_example -- -j16 -l16
[0.063s] [100%] Built target admittance_parameters
[0.089s] [100%] Built target ament_cmake_python_copy_cmake_generate_parameter_module_example
[0.255s] running egg_info
[0.255s] writing cmake_generate_parameter_module_example.egg-info/PKG-INFO
[0.255s] writing dependency_links to cmake_generate_parameter_module_example.egg-info/dependency_links.txt
[0.255s] writing top-level names to cmake_generate_parameter_module_example.egg-info/top_level.txt
[0.256s] reading manifest file 'cmake_generate_parameter_module_example.egg-info/SOURCES.txt'
[0.257s] writing manifest file 'cmake_generate_parameter_module_example.egg-info/SOURCES.txt'
[0.273s] [100%] Built target ament_cmake_python_build_cmake_generate_parameter_module_example_egg
[0.342s] Invoked command in '/home/adminlab/franka_ros2_ws/build/cmake_generate_parameter_module_example' returned '0': AMENT_PREFIX_PATH=/home/adminlab/franka_ros2_ws/install/generate_parameter_library:/home/adminlab/franka_ros2_ws/install/parameter_traits:/home/adminlab/franka_ros2_ws/install/generate_parameter_library_py:${AMENT_PREFIX_PATH} CMAKE_PREFIX_PATH=/home/adminlab/franka_ros2_ws/install/generate_parameter_library:/home/adminlab/franka_ros2_ws/install/parameter_traits:/opt/ros/humble LD_LIBRARY_PATH=/home/adminlab/franka_ros2_ws/install/parameter_traits/lib:${LD_LIBRARY_PATH} PATH=/home/adminlab/franka_ros2_ws/install/generate_parameter_library_py/bin:${PATH} PYTHONPATH=/home/adminlab/franka_ros2_ws/install/generate_parameter_library_py/lib/python3.10/site-packages:${PYTHONPATH} /usr/bin/cmake --build /home/adminlab/franka_ros2_ws/build/cmake_generate_parameter_module_example -- -j16 -l16
[0.425s] Invoking command in '/home/adminlab/franka_ros2_ws/build/cmake_generate_parameter_module_example': AMENT_PREFIX_PATH=/home/adminlab/franka_ros2_ws/install/generate_parameter_library:/home/adminlab/franka_ros2_ws/install/parameter_traits:/home/adminlab/franka_ros2_ws/install/generate_parameter_library_py:${AMENT_PREFIX_PATH} CMAKE_PREFIX_PATH=/home/adminlab/franka_ros2_ws/install/generate_parameter_library:/home/adminlab/franka_ros2_ws/install/parameter_traits:/opt/ros/humble LD_LIBRARY_PATH=/home/adminlab/franka_ros2_ws/install/parameter_traits/lib:${LD_LIBRARY_PATH} PATH=/home/adminlab/franka_ros2_ws/install/generate_parameter_library_py/bin:${PATH} PYTHONPATH=/home/adminlab/franka_ros2_ws/install/generate_parameter_library_py/lib/python3.10/site-packages:${PYTHONPATH} /usr/bin/cmake --install /home/adminlab/franka_ros2_ws/build/cmake_generate_parameter_module_example
[0.441s] -- Install configuration: ""
[0.441s] -- Up-to-date: /home/adminlab/franka_ros2_ws/install/cmake_generate_parameter_module_example/share/cmake_generate_parameter_module_example/environment/pythonpath.sh
[0.441s] -- Up-to-date: /home/adminlab/franka_ros2_ws/install/cmake_generate_parameter_module_example/share/cmake_generate_parameter_module_example/environment/pythonpath.dsv
[0.441s] -- Up-to-date: /home/adminlab/franka_ros2_ws/install/cmake_generate_parameter_module_example/local/lib/python3.10/dist-packages/cmake_generate_parameter_module_example-0.3.7-py3.10.egg-info
[0.441s] -- Installing: /home/adminlab/franka_ros2_ws/install/cmake_generate_parameter_module_example/local/lib/python3.10/dist-packages/cmake_generate_parameter_module_example-0.3.7-py3.10.egg-info/dependency_links.txt
[0.442s] -- Installing: /home/adminlab/franka_ros2_ws/install/cmake_generate_parameter_module_example/local/lib/python3.10/dist-packages/cmake_generate_parameter_module_example-0.3.7-py3.10.egg-info/SOURCES.txt
[0.442s] -- Installing: /home/adminlab/franka_ros2_ws/install/cmake_generate_parameter_module_example/local/lib/python3.10/dist-packages/cmake_generate_parameter_module_example-0.3.7-py3.10.egg-info/top_level.txt
[0.442s] -- Installing: /home/adminlab/franka_ros2_ws/install/cmake_generate_parameter_module_example/local/lib/python3.10/dist-packages/cmake_generate_parameter_module_example-0.3.7-py3.10.egg-info/PKG-INFO
[0.442s] -- Up-to-date: /home/adminlab/franka_ros2_ws/install/cmake_generate_parameter_module_example/local/lib/python3.10/dist-packages/cmake_generate_parameter_module_example
[0.442s] -- Up-to-date: /home/adminlab/franka_ros2_ws/install/cmake_generate_parameter_module_example/local/lib/python3.10/dist-packages/cmake_generate_parameter_module_example/__init__.py
[0.442s] -- Up-to-date: /home/adminlab/franka_ros2_ws/install/cmake_generate_parameter_module_example/local/lib/python3.10/dist-packages/cmake_generate_parameter_module_example/custom_validation.py
[0.442s] -- Up-to-date: /home/adminlab/franka_ros2_ws/install/cmake_generate_parameter_module_example/local/lib/python3.10/dist-packages/cmake_generate_parameter_module_example/parameters.yaml
[0.442s] -- Up-to-date: /home/adminlab/franka_ros2_ws/install/cmake_generate_parameter_module_example/local/lib/python3.10/dist-packages/cmake_generate_parameter_module_example/minimal_publisher.py
[0.468s] Listing '/home/adminlab/franka_ros2_ws/install/cmake_generate_parameter_module_example/local/lib/python3.10/dist-packages/cmake_generate_parameter_module_example'...
[0.471s] -- Up-to-date: /home/adminlab/franka_ros2_ws/install/cmake_generate_parameter_module_example/share/ament_index/resource_index/package_run_dependencies/cmake_generate_parameter_module_example
[0.472s] -- Up-to-date: /home/adminlab/franka_ros2_ws/install/cmake_generate_parameter_module_example/share/ament_index/resource_index/parent_prefix_path/cmake_generate_parameter_module_example
[0.472s] -- Up-to-date: /home/adminlab/franka_ros2_ws/install/cmake_generate_parameter_module_example/share/cmake_generate_parameter_module_example/environment/ament_prefix_path.sh
[0.472s] -- Up-to-date: /home/adminlab/franka_ros2_ws/install/cmake_generate_parameter_module_example/share/cmake_generate_parameter_module_example/environment/ament_prefix_path.dsv
[0.472s] -- Up-to-date: /home/adminlab/franka_ros2_ws/install/cmake_generate_parameter_module_example/share/cmake_generate_parameter_module_example/environment/path.sh
[0.472s] -- Up-to-date: /home/adminlab/franka_ros2_ws/install/cmake_generate_parameter_module_example/share/cmake_generate_parameter_module_example/environment/path.dsv
[0.472s] -- Up-to-date: /home/adminlab/franka_ros2_ws/install/cmake_generate_parameter_module_example/share/cmake_generate_parameter_module_example/local_setup.bash
[0.472s] -- Up-to-date: /home/adminlab/franka_ros2_ws/install/cmake_generate_parameter_module_example/share/cmake_generate_parameter_module_example/local_setup.sh
[0.472s] -- Up-to-date: /home/adminlab/franka_ros2_ws/install/cmake_generate_parameter_module_example/share/cmake_generate_parameter_module_example/local_setup.zsh
[0.472s] -- Up-to-date: /home/adminlab/franka_ros2_ws/install/cmake_generate_parameter_module_example/share/cmake_generate_parameter_module_example/local_setup.dsv
[0.472s] -- Installing: /home/adminlab/franka_ros2_ws/install/cmake_generate_parameter_module_example/share/cmake_generate_parameter_module_example/package.dsv
[0.473s] -- Up-to-date: /home/adminlab/franka_ros2_ws/install/cmake_generate_parameter_module_example/share/ament_index/resource_index/packages/cmake_generate_parameter_module_example
[0.473s] -- Up-to-date: /home/adminlab/franka_ros2_ws/install/cmake_generate_parameter_module_example/share/cmake_generate_parameter_module_example/cmake/cmake_generate_parameter_module_exampleConfig.cmake
[0.473s] -- Up-to-date: /home/adminlab/franka_ros2_ws/install/cmake_generate_parameter_module_example/share/cmake_generate_parameter_module_example/cmake/cmake_generate_parameter_module_exampleConfig-version.cmake
[0.473s] -- Up-to-date: /home/adminlab/franka_ros2_ws/install/cmake_generate_parameter_module_example/share/cmake_generate_parameter_module_example/package.xml
[0.501s] Invoked command in '/home/adminlab/franka_ros2_ws/build/cmake_generate_parameter_module_example' returned '0': AMENT_PREFIX_PATH=/home/adminlab/franka_ros2_ws/install/generate_parameter_library:/home/adminlab/franka_ros2_ws/install/parameter_traits:/home/adminlab/franka_ros2_ws/install/generate_parameter_library_py:${AMENT_PREFIX_PATH} CMAKE_PREFIX_PATH=/home/adminlab/franka_ros2_ws/install/generate_parameter_library:/home/adminlab/franka_ros2_ws/install/parameter_traits:/opt/ros/humble LD_LIBRARY_PATH=/home/adminlab/franka_ros2_ws/install/parameter_traits/lib:${LD_LIBRARY_PATH} PATH=/home/adminlab/franka_ros2_ws/install/generate_parameter_library_py/bin:${PATH} PYTHONPATH=/home/adminlab/franka_ros2_ws/install/generate_parameter_library_py/lib/python3.10/site-packages:${PYTHONPATH} /usr/bin/cmake --install /home/adminlab/franka_ros2_ws/build/cmake_generate_parameter_module_example
