[0.030s] Invoking command in '/home/adminlab/franka_ros2_ws/build/moveit_ros_visualization': AMENT_PREFIX_PATH=/home/adminlab/franka_ros2_ws/install/moveit_ros_planning_interface:/home/adminlab/franka_ros2_ws/install/moveit_ros_move_group:/home/adminlab/franka_ros2_ws/install/moveit_ros_warehouse:/home/adminlab/franka_ros2_ws/install/moveit_ros_robot_interaction:/home/adminlab/franka_ros2_ws/install/moveit_kinematics:/home/adminlab/franka_ros2_ws/install/moveit_ros_planning:/home/adminlab/franka_ros2_ws/install/moveit_ros_occupancy_map_monitor:/home/adminlab/franka_ros2_ws/install/moveit_core:/home/adminlab/franka_ros2_ws/install/generate_parameter_library:/home/adminlab/franka_ros2_ws/install/srdfdom:/home/adminlab/franka_ros2_ws/install/parameter_traits:/home/adminlab/franka_ros2_ws/install/moveit_msgs:/home/adminlab/franka_ros2_ws/install/moveit_common:/home/adminlab/franka_ros2_ws/install/generate_parameter_library_py:${AMENT_PREFIX_PATH} CMAKE_PREFIX_PATH=/home/adminlab/franka_ros2_ws/install/moveit_ros_planning_interface:/home/adminlab/franka_ros2_ws/install/moveit_ros_move_group:/home/adminlab/franka_ros2_ws/install/moveit_ros_warehouse:/home/adminlab/franka_ros2_ws/install/moveit_ros_robot_interaction:/home/adminlab/franka_ros2_ws/install/moveit_kinematics:/home/adminlab/franka_ros2_ws/install/moveit_ros_planning:/home/adminlab/franka_ros2_ws/install/moveit_ros_occupancy_map_monitor:/home/adminlab/franka_ros2_ws/install/moveit_core:/home/adminlab/franka_ros2_ws/install/generate_parameter_library:/home/adminlab/franka_ros2_ws/install/srdfdom:/home/adminlab/franka_ros2_ws/install/parameter_traits:/home/adminlab/franka_ros2_ws/install/moveit_msgs:/home/adminlab/franka_ros2_ws/install/moveit_common:/opt/ros/humble LD_LIBRARY_PATH=/home/adminlab/franka_ros2_ws/install/moveit_ros_planning_interface/lib:/home/adminlab/franka_ros2_ws/install/moveit_ros_move_group/lib:/home/adminlab/franka_ros2_ws/install/moveit_ros_warehouse/lib:/home/adminlab/franka_ros2_ws/install/moveit_ros_robot_interaction/lib:/home/adminlab/franka_ros2_ws/install/moveit_kinematics/lib:/home/adminlab/franka_ros2_ws/install/moveit_ros_planning/lib:/home/adminlab/franka_ros2_ws/install/moveit_ros_occupancy_map_monitor/lib:/home/adminlab/franka_ros2_ws/install/moveit_core/lib:/home/adminlab/franka_ros2_ws/install/srdfdom/lib:/home/adminlab/franka_ros2_ws/install/parameter_traits/lib:/home/adminlab/franka_ros2_ws/install/moveit_msgs/lib:${LD_LIBRARY_PATH} PATH=/home/adminlab/franka_ros2_ws/install/moveit_core/bin:/home/adminlab/franka_ros2_ws/install/generate_parameter_library_py/bin:${PATH} PYTHONPATH=/home/adminlab/franka_ros2_ws/install/srdfdom/local/lib/python3.10/dist-packages:/home/adminlab/franka_ros2_ws/install/moveit_msgs/local/lib/python3.10/dist-packages:/home/adminlab/franka_ros2_ws/install/generate_parameter_library_py/lib/python3.10/site-packages:${PYTHONPATH} /usr/bin/cmake --build /home/adminlab/franka_ros2_ws/build/moveit_ros_visualization -- -j16 -l16
[0.081s] [  1%] [34m[1mAutomatic MOC for target moveit_rviz_plugin_render_tools[0m
[0.113s] [  1%] Built target moveit_rviz_plugin_render_tools_autogen
[0.133s] [35m[1mConsolidate compiler generated dependencies of target moveit_rviz_plugin_render_tools[0m
[0.180s] [ 18%] Built target moveit_rviz_plugin_render_tools
[0.205s] [ 20%] [34m[1mAutomatic MOC for target moveit_robot_state_rviz_plugin_core[0m
[0.210s] [ 22%] [34m[1mAutomatic MOC for target moveit_planning_scene_rviz_plugin_core[0m
[0.228s] [ 22%] Built target moveit_robot_state_rviz_plugin_core_autogen
[0.229s] [ 22%] Built target moveit_planning_scene_rviz_plugin_core_autogen
[0.247s] [35m[1mConsolidate compiler generated dependencies of target moveit_robot_state_rviz_plugin_core[0m
[0.252s] [35m[1mConsolidate compiler generated dependencies of target moveit_planning_scene_rviz_plugin_core[0m
[0.280s] [ 34%] Built target moveit_robot_state_rviz_plugin_core
[0.280s] [ 34%] Built target moveit_planning_scene_rviz_plugin_core
[0.294s] [ 37%] [34m[1mAutomatic MOC for target moveit_planning_scene_rviz_plugin[0m
[0.294s] [ 37%] [34m[1mAutomatic MOC for target moveit_trajectory_rviz_plugin_core[0m
[0.296s] [ 39%] [34m[1mAutomatic MOC for target moveit_robot_state_rviz_plugin[0m
[0.309s] [ 39%] Built target moveit_robot_state_rviz_plugin_autogen
[0.310s] [ 39%] Built target moveit_planning_scene_rviz_plugin_autogen
[0.312s] [ 39%] Built target moveit_trajectory_rviz_plugin_core_autogen
[0.318s] [35m[1mConsolidate compiler generated dependencies of target moveit_robot_state_rviz_plugin[0m
[0.322s] [35m[1mConsolidate compiler generated dependencies of target moveit_planning_scene_rviz_plugin[0m
[0.323s] [35m[1mConsolidate compiler generated dependencies of target moveit_trajectory_rviz_plugin_core[0m
[0.335s] [ 44%] Built target moveit_robot_state_rviz_plugin
[0.340s] [ 50%] Built target moveit_planning_scene_rviz_plugin
[0.341s] [ 55%] Built target moveit_trajectory_rviz_plugin_core
[0.356s] [ 56%] [34m[1mAutomatic MOC for target moveit_trajectory_rviz_plugin[0m
[0.358s] [ 58%] [34m[1mAutomatic MOC for target moveit_motion_planning_rviz_plugin_core[0m
[0.369s] [ 58%] Built target moveit_trajectory_rviz_plugin_autogen
[0.376s] [ 58%] Built target moveit_motion_planning_rviz_plugin_core_autogen
[0.380s] [35m[1mConsolidate compiler generated dependencies of target moveit_trajectory_rviz_plugin[0m
[0.393s] [ 63%] Built target moveit_trajectory_rviz_plugin
[0.406s] [35m[1mConsolidate compiler generated dependencies of target moveit_motion_planning_rviz_plugin_core[0m
[0.461s] [ 93%] Built target moveit_motion_planning_rviz_plugin_core
[0.476s] [ 94%] [34m[1mAutomatic MOC for target moveit_motion_planning_rviz_plugin[0m
[0.489s] [ 94%] Built target moveit_motion_planning_rviz_plugin_autogen
[0.499s] [35m[1mConsolidate compiler generated dependencies of target moveit_motion_planning_rviz_plugin[0m
[0.519s] [100%] Built target moveit_motion_planning_rviz_plugin
[0.528s] Invoked command in '/home/adminlab/franka_ros2_ws/build/moveit_ros_visualization' returned '0': AMENT_PREFIX_PATH=/home/adminlab/franka_ros2_ws/install/moveit_ros_planning_interface:/home/adminlab/franka_ros2_ws/install/moveit_ros_move_group:/home/adminlab/franka_ros2_ws/install/moveit_ros_warehouse:/home/adminlab/franka_ros2_ws/install/moveit_ros_robot_interaction:/home/adminlab/franka_ros2_ws/install/moveit_kinematics:/home/adminlab/franka_ros2_ws/install/moveit_ros_planning:/home/adminlab/franka_ros2_ws/install/moveit_ros_occupancy_map_monitor:/home/adminlab/franka_ros2_ws/install/moveit_core:/home/adminlab/franka_ros2_ws/install/generate_parameter_library:/home/adminlab/franka_ros2_ws/install/srdfdom:/home/adminlab/franka_ros2_ws/install/parameter_traits:/home/adminlab/franka_ros2_ws/install/moveit_msgs:/home/adminlab/franka_ros2_ws/install/moveit_common:/home/adminlab/franka_ros2_ws/install/generate_parameter_library_py:${AMENT_PREFIX_PATH} CMAKE_PREFIX_PATH=/home/adminlab/franka_ros2_ws/install/moveit_ros_planning_interface:/home/adminlab/franka_ros2_ws/install/moveit_ros_move_group:/home/adminlab/franka_ros2_ws/install/moveit_ros_warehouse:/home/adminlab/franka_ros2_ws/install/moveit_ros_robot_interaction:/home/adminlab/franka_ros2_ws/install/moveit_kinematics:/home/adminlab/franka_ros2_ws/install/moveit_ros_planning:/home/adminlab/franka_ros2_ws/install/moveit_ros_occupancy_map_monitor:/home/adminlab/franka_ros2_ws/install/moveit_core:/home/adminlab/franka_ros2_ws/install/generate_parameter_library:/home/adminlab/franka_ros2_ws/install/srdfdom:/home/adminlab/franka_ros2_ws/install/parameter_traits:/home/adminlab/franka_ros2_ws/install/moveit_msgs:/home/adminlab/franka_ros2_ws/install/moveit_common:/opt/ros/humble LD_LIBRARY_PATH=/home/adminlab/franka_ros2_ws/install/moveit_ros_planning_interface/lib:/home/adminlab/franka_ros2_ws/install/moveit_ros_move_group/lib:/home/adminlab/franka_ros2_ws/install/moveit_ros_warehouse/lib:/home/adminlab/franka_ros2_ws/install/moveit_ros_robot_interaction/lib:/home/adminlab/franka_ros2_ws/install/moveit_kinematics/lib:/home/adminlab/franka_ros2_ws/install/moveit_ros_planning/lib:/home/adminlab/franka_ros2_ws/install/moveit_ros_occupancy_map_monitor/lib:/home/adminlab/franka_ros2_ws/install/moveit_core/lib:/home/adminlab/franka_ros2_ws/install/srdfdom/lib:/home/adminlab/franka_ros2_ws/install/parameter_traits/lib:/home/adminlab/franka_ros2_ws/install/moveit_msgs/lib:${LD_LIBRARY_PATH} PATH=/home/adminlab/franka_ros2_ws/install/moveit_core/bin:/home/adminlab/franka_ros2_ws/install/generate_parameter_library_py/bin:${PATH} PYTHONPATH=/home/adminlab/franka_ros2_ws/install/srdfdom/local/lib/python3.10/dist-packages:/home/adminlab/franka_ros2_ws/install/moveit_msgs/local/lib/python3.10/dist-packages:/home/adminlab/franka_ros2_ws/install/generate_parameter_library_py/lib/python3.10/site-packages:${PYTHONPATH} /usr/bin/cmake --build /home/adminlab/franka_ros2_ws/build/moveit_ros_visualization -- -j16 -l16
[0.556s] Invoking command in '/home/adminlab/franka_ros2_ws/build/moveit_ros_visualization': AMENT_PREFIX_PATH=/home/adminlab/franka_ros2_ws/install/moveit_ros_planning_interface:/home/adminlab/franka_ros2_ws/install/moveit_ros_move_group:/home/adminlab/franka_ros2_ws/install/moveit_ros_warehouse:/home/adminlab/franka_ros2_ws/install/moveit_ros_robot_interaction:/home/adminlab/franka_ros2_ws/install/moveit_kinematics:/home/adminlab/franka_ros2_ws/install/moveit_ros_planning:/home/adminlab/franka_ros2_ws/install/moveit_ros_occupancy_map_monitor:/home/adminlab/franka_ros2_ws/install/moveit_core:/home/adminlab/franka_ros2_ws/install/generate_parameter_library:/home/adminlab/franka_ros2_ws/install/srdfdom:/home/adminlab/franka_ros2_ws/install/parameter_traits:/home/adminlab/franka_ros2_ws/install/moveit_msgs:/home/adminlab/franka_ros2_ws/install/moveit_common:/home/adminlab/franka_ros2_ws/install/generate_parameter_library_py:${AMENT_PREFIX_PATH} CMAKE_PREFIX_PATH=/home/adminlab/franka_ros2_ws/install/moveit_ros_planning_interface:/home/adminlab/franka_ros2_ws/install/moveit_ros_move_group:/home/adminlab/franka_ros2_ws/install/moveit_ros_warehouse:/home/adminlab/franka_ros2_ws/install/moveit_ros_robot_interaction:/home/adminlab/franka_ros2_ws/install/moveit_kinematics:/home/adminlab/franka_ros2_ws/install/moveit_ros_planning:/home/adminlab/franka_ros2_ws/install/moveit_ros_occupancy_map_monitor:/home/adminlab/franka_ros2_ws/install/moveit_core:/home/adminlab/franka_ros2_ws/install/generate_parameter_library:/home/adminlab/franka_ros2_ws/install/srdfdom:/home/adminlab/franka_ros2_ws/install/parameter_traits:/home/adminlab/franka_ros2_ws/install/moveit_msgs:/home/adminlab/franka_ros2_ws/install/moveit_common:/opt/ros/humble LD_LIBRARY_PATH=/home/adminlab/franka_ros2_ws/install/moveit_ros_planning_interface/lib:/home/adminlab/franka_ros2_ws/install/moveit_ros_move_group/lib:/home/adminlab/franka_ros2_ws/install/moveit_ros_warehouse/lib:/home/adminlab/franka_ros2_ws/install/moveit_ros_robot_interaction/lib:/home/adminlab/franka_ros2_ws/install/moveit_kinematics/lib:/home/adminlab/franka_ros2_ws/install/moveit_ros_planning/lib:/home/adminlab/franka_ros2_ws/install/moveit_ros_occupancy_map_monitor/lib:/home/adminlab/franka_ros2_ws/install/moveit_core/lib:/home/adminlab/franka_ros2_ws/install/srdfdom/lib:/home/adminlab/franka_ros2_ws/install/parameter_traits/lib:/home/adminlab/franka_ros2_ws/install/moveit_msgs/lib:${LD_LIBRARY_PATH} PATH=/home/adminlab/franka_ros2_ws/install/moveit_core/bin:/home/adminlab/franka_ros2_ws/install/generate_parameter_library_py/bin:${PATH} PYTHONPATH=/home/adminlab/franka_ros2_ws/install/srdfdom/local/lib/python3.10/dist-packages:/home/adminlab/franka_ros2_ws/install/moveit_msgs/local/lib/python3.10/dist-packages:/home/adminlab/franka_ros2_ws/install/generate_parameter_library_py/lib/python3.10/site-packages:${PYTHONPATH} /usr/bin/cmake --install /home/adminlab/franka_ros2_ws/build/moveit_ros_visualization
[0.561s] -- Install configuration: "Release"
[0.561s] -- Up-to-date: /home/adminlab/franka_ros2_ws/install/moveit_ros_visualization/include
[0.561s] -- Up-to-date: /home/adminlab/franka_ros2_ws/install/moveit_ros_visualization/include/moveit
[0.561s] -- Up-to-date: /home/adminlab/franka_ros2_ws/install/moveit_ros_visualization/include/moveit/rviz_plugin_render_tools
[0.561s] -- Up-to-date: /home/adminlab/franka_ros2_ws/install/moveit_ros_visualization/include/moveit/rviz_plugin_render_tools/robot_state_visualization.h
[0.561s] -- Up-to-date: /home/adminlab/franka_ros2_ws/install/moveit_ros_visualization/include/moveit/rviz_plugin_render_tools/octomap_render.h
[0.562s] -- Up-to-date: /home/adminlab/franka_ros2_ws/install/moveit_ros_visualization/include/moveit/rviz_plugin_render_tools/planning_scene_render.h
[0.562s] -- Up-to-date: /home/adminlab/franka_ros2_ws/install/moveit_ros_visualization/include/moveit/rviz_plugin_render_tools/planning_link_updater.h
[0.562s] -- Up-to-date: /home/adminlab/franka_ros2_ws/install/moveit_ros_visualization/include/moveit/rviz_plugin_render_tools/render_shapes.h
[0.562s] -- Up-to-date: /home/adminlab/franka_ros2_ws/install/moveit_ros_visualization/include/moveit/rviz_plugin_render_tools/trajectory_panel.h
[0.562s] -- Up-to-date: /home/adminlab/franka_ros2_ws/install/moveit_ros_visualization/include/moveit/rviz_plugin_render_tools/trajectory_visualization.h
[0.562s] -- Up-to-date: /home/adminlab/franka_ros2_ws/install/moveit_ros_visualization/include/ogre_helpers
[0.562s] -- Up-to-date: /home/adminlab/franka_ros2_ws/install/moveit_ros_visualization/include/ogre_helpers/mesh_shape.hpp
[0.562s] -- Up-to-date: /home/adminlab/franka_ros2_ws/install/moveit_ros_visualization/include
[0.562s] -- Up-to-date: /home/adminlab/franka_ros2_ws/install/moveit_ros_visualization/include/moveit
[0.562s] -- Up-to-date: /home/adminlab/franka_ros2_ws/install/moveit_ros_visualization/include/moveit/robot_state_rviz_plugin
[0.562s] -- Up-to-date: /home/adminlab/franka_ros2_ws/install/moveit_ros_visualization/include/moveit/robot_state_rviz_plugin/robot_state_display.h
[0.562s] -- Up-to-date: /home/adminlab/franka_ros2_ws/install/moveit_ros_visualization/include
[0.562s] -- Up-to-date: /home/adminlab/franka_ros2_ws/install/moveit_ros_visualization/include/moveit
[0.562s] -- Up-to-date: /home/adminlab/franka_ros2_ws/install/moveit_ros_visualization/include/moveit/planning_scene_rviz_plugin
[0.562s] -- Up-to-date: /home/adminlab/franka_ros2_ws/install/moveit_ros_visualization/include/moveit/planning_scene_rviz_plugin/background_processing.hpp
[0.562s] -- Up-to-date: /home/adminlab/franka_ros2_ws/install/moveit_ros_visualization/include/moveit/planning_scene_rviz_plugin/planning_scene_display.h
[0.562s] -- Up-to-date: /home/adminlab/franka_ros2_ws/install/moveit_ros_visualization/include/moveit_planning_scene_rviz_plugin_core_export.h
[0.562s] -- Up-to-date: /home/adminlab/franka_ros2_ws/install/moveit_ros_visualization/include
[0.562s] -- Up-to-date: /home/adminlab/franka_ros2_ws/install/moveit_ros_visualization/include/moveit
[0.562s] -- Up-to-date: /home/adminlab/franka_ros2_ws/install/moveit_ros_visualization/include/moveit/motion_planning_rviz_plugin
[0.562s] -- Up-to-date: /home/adminlab/franka_ros2_ws/install/moveit_ros_visualization/include/moveit/motion_planning_rviz_plugin/motion_planning_frame_joints_widget.h
[0.562s] -- Up-to-date: /home/adminlab/franka_ros2_ws/install/moveit_ros_visualization/include/moveit/motion_planning_rviz_plugin/motion_planning_frame.h
[0.562s] -- Up-to-date: /home/adminlab/franka_ros2_ws/install/moveit_ros_visualization/include/moveit/motion_planning_rviz_plugin/interactive_marker_display.h
[0.562s] -- Up-to-date: /home/adminlab/franka_ros2_ws/install/moveit_ros_visualization/include/moveit/motion_planning_rviz_plugin/motion_planning_param_widget.h
[0.562s] -- Up-to-date: /home/adminlab/franka_ros2_ws/install/moveit_ros_visualization/include/moveit/motion_planning_rviz_plugin/motion_planning_display.h
[0.562s] -- Up-to-date: /home/adminlab/franka_ros2_ws/install/moveit_ros_visualization/include
[0.562s] -- Up-to-date: /home/adminlab/franka_ros2_ws/install/moveit_ros_visualization/include/moveit
[0.562s] -- Up-to-date: /home/adminlab/franka_ros2_ws/install/moveit_ros_visualization/include/moveit/trajectory_rviz_plugin
[0.563s] -- Up-to-date: /home/adminlab/franka_ros2_ws/install/moveit_ros_visualization/include/moveit/trajectory_rviz_plugin/trajectory_display.h
[0.563s] -- Up-to-date: /home/adminlab/franka_ros2_ws/install/moveit_ros_visualization/share/moveit_ros_visualization/icons
[0.563s] -- Up-to-date: /home/adminlab/franka_ros2_ws/install/moveit_ros_visualization/share/moveit_ros_visualization/icons/classes
[0.563s] -- Up-to-date: /home/adminlab/franka_ros2_ws/install/moveit_ros_visualization/share/moveit_ros_visualization/icons/classes/RobotState.png
[0.563s] -- Up-to-date: /home/adminlab/franka_ros2_ws/install/moveit_ros_visualization/share/moveit_ros_visualization/icons/classes/MotionPlanning.png
[0.563s] -- Up-to-date: /home/adminlab/franka_ros2_ws/install/moveit_ros_visualization/share/moveit_ros_visualization/icons/classes/PlanningScene.png
[0.563s] -- Up-to-date: /home/adminlab/franka_ros2_ws/install/moveit_ros_visualization/share/moveit_ros_visualization/icons/classes/Trajectory.png
[0.563s] -- Up-to-date: /home/adminlab/franka_ros2_ws/install/moveit_ros_visualization/share/moveit_ros_visualization/motion_planning_rviz_plugin_description.xml
[0.563s] -- Up-to-date: /home/adminlab/franka_ros2_ws/install/moveit_ros_visualization/share/moveit_ros_visualization/trajectory_rviz_plugin_description.xml
[0.563s] -- Up-to-date: /home/adminlab/franka_ros2_ws/install/moveit_ros_visualization/share/moveit_ros_visualization/planning_scene_rviz_plugin_description.xml
[0.563s] -- Up-to-date: /home/adminlab/franka_ros2_ws/install/moveit_ros_visualization/share/moveit_ros_visualization/robot_state_rviz_plugin_description.xml
[0.563s] -- Up-to-date: /home/adminlab/franka_ros2_ws/install/moveit_ros_visualization/lib/libmoveit_motion_planning_rviz_plugin.so.2.5.5
[0.563s] -- Up-to-date: /home/adminlab/franka_ros2_ws/install/moveit_ros_visualization/lib/libmoveit_motion_planning_rviz_plugin.so
[0.564s] -- Up-to-date: /home/adminlab/franka_ros2_ws/install/moveit_ros_visualization/lib/libmoveit_motion_planning_rviz_plugin_core.so.2.5.5
[0.564s] -- Up-to-date: /home/adminlab/franka_ros2_ws/install/moveit_ros_visualization/lib/libmoveit_motion_planning_rviz_plugin_core.so
[0.564s] -- Up-to-date: /home/adminlab/franka_ros2_ws/install/moveit_ros_visualization/lib/libmoveit_planning_scene_rviz_plugin.so.2.5.5
[0.564s] -- Up-to-date: /home/adminlab/franka_ros2_ws/install/moveit_ros_visualization/lib/libmoveit_planning_scene_rviz_plugin.so
[0.565s] -- Up-to-date: /home/adminlab/franka_ros2_ws/install/moveit_ros_visualization/lib/libmoveit_planning_scene_rviz_plugin_core.so.2.5.5
[0.565s] -- Up-to-date: /home/adminlab/franka_ros2_ws/install/moveit_ros_visualization/lib/libmoveit_planning_scene_rviz_plugin_core.so
[0.565s] -- Up-to-date: /home/adminlab/franka_ros2_ws/install/moveit_ros_visualization/lib/libmoveit_robot_state_rviz_plugin.so.2.5.5
[0.565s] -- Up-to-date: /home/adminlab/franka_ros2_ws/install/moveit_ros_visualization/lib/libmoveit_robot_state_rviz_plugin.so
[0.566s] -- Up-to-date: /home/adminlab/franka_ros2_ws/install/moveit_ros_visualization/lib/libmoveit_robot_state_rviz_plugin_core.so.2.5.5
[0.566s] -- Up-to-date: /home/adminlab/franka_ros2_ws/install/moveit_ros_visualization/lib/libmoveit_robot_state_rviz_plugin_core.so
[0.566s] -- Up-to-date: /home/adminlab/franka_ros2_ws/install/moveit_ros_visualization/lib/libmoveit_rviz_plugin_render_tools.so.2.5.5
[0.566s] -- Up-to-date: /home/adminlab/franka_ros2_ws/install/moveit_ros_visualization/lib/libmoveit_rviz_plugin_render_tools.so
[0.567s] -- Up-to-date: /home/adminlab/franka_ros2_ws/install/moveit_ros_visualization/lib/libmoveit_trajectory_rviz_plugin.so.2.5.5
[0.567s] -- Up-to-date: /home/adminlab/franka_ros2_ws/install/moveit_ros_visualization/lib/libmoveit_trajectory_rviz_plugin.so
[0.568s] -- Up-to-date: /home/adminlab/franka_ros2_ws/install/moveit_ros_visualization/lib/libmoveit_trajectory_rviz_plugin_core.so.2.5.5
[0.568s] -- Up-to-date: /home/adminlab/franka_ros2_ws/install/moveit_ros_visualization/lib/libmoveit_trajectory_rviz_plugin_core.so
[0.568s] -- Up-to-date: /home/adminlab/franka_ros2_ws/install/moveit_ros_visualization/share/moveit_ros_visualization/environment/library_path.sh
[0.568s] -- Up-to-date: /home/adminlab/franka_ros2_ws/install/moveit_ros_visualization/share/moveit_ros_visualization/environment/library_path.dsv
[0.568s] -- Up-to-date: /home/adminlab/franka_ros2_ws/install/moveit_ros_visualization/share/ament_index/resource_index/package_run_dependencies/moveit_ros_visualization
[0.568s] -- Up-to-date: /home/adminlab/franka_ros2_ws/install/moveit_ros_visualization/share/ament_index/resource_index/parent_prefix_path/moveit_ros_visualization
[0.568s] -- Up-to-date: /home/adminlab/franka_ros2_ws/install/moveit_ros_visualization/share/moveit_ros_visualization/environment/ament_prefix_path.sh
[0.568s] -- Up-to-date: /home/adminlab/franka_ros2_ws/install/moveit_ros_visualization/share/moveit_ros_visualization/environment/ament_prefix_path.dsv
[0.568s] -- Up-to-date: /home/adminlab/franka_ros2_ws/install/moveit_ros_visualization/share/moveit_ros_visualization/environment/path.sh
[0.568s] -- Up-to-date: /home/adminlab/franka_ros2_ws/install/moveit_ros_visualization/share/moveit_ros_visualization/environment/path.dsv
[0.568s] -- Up-to-date: /home/adminlab/franka_ros2_ws/install/moveit_ros_visualization/share/moveit_ros_visualization/local_setup.bash
[0.568s] -- Up-to-date: /home/adminlab/franka_ros2_ws/install/moveit_ros_visualization/share/moveit_ros_visualization/local_setup.sh
[0.568s] -- Up-to-date: /home/adminlab/franka_ros2_ws/install/moveit_ros_visualization/share/moveit_ros_visualization/local_setup.zsh
[0.568s] -- Up-to-date: /home/adminlab/franka_ros2_ws/install/moveit_ros_visualization/share/moveit_ros_visualization/local_setup.dsv
[0.568s] -- Installing: /home/adminlab/franka_ros2_ws/install/moveit_ros_visualization/share/moveit_ros_visualization/package.dsv
[0.568s] -- Up-to-date: /home/adminlab/franka_ros2_ws/install/moveit_ros_visualization/share/ament_index/resource_index/packages/moveit_ros_visualization
[0.569s] -- Up-to-date: /home/adminlab/franka_ros2_ws/install/moveit_ros_visualization/share/ament_index/resource_index/rviz_common__pluginlib__plugin/moveit_ros_visualization
[0.569s] -- Up-to-date: /home/adminlab/franka_ros2_ws/install/moveit_ros_visualization/share/moveit_ros_visualization/cmake/export_moveit_ros_visualizationExport.cmake
[0.569s] -- Up-to-date: /home/adminlab/franka_ros2_ws/install/moveit_ros_visualization/share/moveit_ros_visualization/cmake/export_moveit_ros_visualizationExport-release.cmake
[0.569s] -- Up-to-date: /home/adminlab/franka_ros2_ws/install/moveit_ros_visualization/share/moveit_ros_visualization/cmake/ConfigExtras.cmake
[0.569s] -- Up-to-date: /home/adminlab/franka_ros2_ws/install/moveit_ros_visualization/share/moveit_ros_visualization/cmake/ament_cmake_export_targets-extras.cmake
[0.569s] -- Up-to-date: /home/adminlab/franka_ros2_ws/install/moveit_ros_visualization/share/moveit_ros_visualization/cmake/ament_cmake_export_dependencies-extras.cmake
[0.569s] -- Up-to-date: /home/adminlab/franka_ros2_ws/install/moveit_ros_visualization/share/moveit_ros_visualization/cmake/moveit_ros_visualizationConfig.cmake
[0.569s] -- Up-to-date: /home/adminlab/franka_ros2_ws/install/moveit_ros_visualization/share/moveit_ros_visualization/cmake/moveit_ros_visualizationConfig-version.cmake
[0.569s] -- Up-to-date: /home/adminlab/franka_ros2_ws/install/moveit_ros_visualization/share/moveit_ros_visualization/package.xml
[0.578s] Invoked command in '/home/adminlab/franka_ros2_ws/build/moveit_ros_visualization' returned '0': AMENT_PREFIX_PATH=/home/adminlab/franka_ros2_ws/install/moveit_ros_planning_interface:/home/adminlab/franka_ros2_ws/install/moveit_ros_move_group:/home/adminlab/franka_ros2_ws/install/moveit_ros_warehouse:/home/adminlab/franka_ros2_ws/install/moveit_ros_robot_interaction:/home/adminlab/franka_ros2_ws/install/moveit_kinematics:/home/adminlab/franka_ros2_ws/install/moveit_ros_planning:/home/adminlab/franka_ros2_ws/install/moveit_ros_occupancy_map_monitor:/home/adminlab/franka_ros2_ws/install/moveit_core:/home/adminlab/franka_ros2_ws/install/generate_parameter_library:/home/adminlab/franka_ros2_ws/install/srdfdom:/home/adminlab/franka_ros2_ws/install/parameter_traits:/home/adminlab/franka_ros2_ws/install/moveit_msgs:/home/adminlab/franka_ros2_ws/install/moveit_common:/home/adminlab/franka_ros2_ws/install/generate_parameter_library_py:${AMENT_PREFIX_PATH} CMAKE_PREFIX_PATH=/home/adminlab/franka_ros2_ws/install/moveit_ros_planning_interface:/home/adminlab/franka_ros2_ws/install/moveit_ros_move_group:/home/adminlab/franka_ros2_ws/install/moveit_ros_warehouse:/home/adminlab/franka_ros2_ws/install/moveit_ros_robot_interaction:/home/adminlab/franka_ros2_ws/install/moveit_kinematics:/home/adminlab/franka_ros2_ws/install/moveit_ros_planning:/home/adminlab/franka_ros2_ws/install/moveit_ros_occupancy_map_monitor:/home/adminlab/franka_ros2_ws/install/moveit_core:/home/adminlab/franka_ros2_ws/install/generate_parameter_library:/home/adminlab/franka_ros2_ws/install/srdfdom:/home/adminlab/franka_ros2_ws/install/parameter_traits:/home/adminlab/franka_ros2_ws/install/moveit_msgs:/home/adminlab/franka_ros2_ws/install/moveit_common:/opt/ros/humble LD_LIBRARY_PATH=/home/adminlab/franka_ros2_ws/install/moveit_ros_planning_interface/lib:/home/adminlab/franka_ros2_ws/install/moveit_ros_move_group/lib:/home/adminlab/franka_ros2_ws/install/moveit_ros_warehouse/lib:/home/adminlab/franka_ros2_ws/install/moveit_ros_robot_interaction/lib:/home/adminlab/franka_ros2_ws/install/moveit_kinematics/lib:/home/adminlab/franka_ros2_ws/install/moveit_ros_planning/lib:/home/adminlab/franka_ros2_ws/install/moveit_ros_occupancy_map_monitor/lib:/home/adminlab/franka_ros2_ws/install/moveit_core/lib:/home/adminlab/franka_ros2_ws/install/srdfdom/lib:/home/adminlab/franka_ros2_ws/install/parameter_traits/lib:/home/adminlab/franka_ros2_ws/install/moveit_msgs/lib:${LD_LIBRARY_PATH} PATH=/home/adminlab/franka_ros2_ws/install/moveit_core/bin:/home/adminlab/franka_ros2_ws/install/generate_parameter_library_py/bin:${PATH} PYTHONPATH=/home/adminlab/franka_ros2_ws/install/srdfdom/local/lib/python3.10/dist-packages:/home/adminlab/franka_ros2_ws/install/moveit_msgs/local/lib/python3.10/dist-packages:/home/adminlab/franka_ros2_ws/install/generate_parameter_library_py/lib/python3.10/site-packages:${PYTHONPATH} /usr/bin/cmake --install /home/adminlab/franka_ros2_ws/build/moveit_ros_visualization
