[  2%] Built target hand_interfaces__cpp
[ 12%] Built target hand_interfaces__rosidl_generator_c
[ 12%] Built target ament_cmake_python_copy_hand_interfaces
[ 23%] Built target hand_interfaces__rosidl_typesupport_cpp
[ 34%] Built target hand_interfaces__rosidl_typesupport_fastrtps_cpp
[ 44%] Built target hand_interfaces__rosidl_typesupport_c
[ 55%] Built target hand_interfaces__rosidl_typesupport_fastrtps_c
[ 65%] Built target hand_interfaces__rosidl_typesupport_introspection_cpp
[ 76%] Built target hand_interfaces__rosidl_typesupport_introspection_c
[ 76%] Built target hand_interfaces
[ 78%] Built target hand_interfaces__py
[ 87%] Built target hand_interfaces__rosidl_generator_py
[ 91%] Built target hand_interfaces__rosidl_typesupport_introspection_c__pyext
[ 95%] Built target hand_interfaces__rosidl_typesupport_fastrtps_c__pyext
[100%] Built target hand_interfaces__rosidl_typesupport_c__pyext
running egg_info
writing hand_interfaces.egg-info/PKG-INFO
writing dependency_links to hand_interfaces.egg-info/dependency_links.txt
writing top-level names to hand_interfaces.egg-info/top_level.txt
reading manifest file 'hand_interfaces.egg-info/SOURCES.txt'
writing manifest file 'hand_interfaces.egg-info/SOURCES.txt'
[100%] Built target ament_cmake_python_build_hand_interfaces_egg
-- Install configuration: ""
-- Up-to-date: /home/adminlab/franka_ros2_ws/install/hand_interfaces/share/ament_index/resource_index/rosidl_interfaces/hand_interfaces
-- Up-to-date: /home/adminlab/franka_ros2_ws/install/hand_interfaces/include/hand_interfaces/hand_interfaces
-- Up-to-date: /home/adminlab/franka_ros2_ws/install/hand_interfaces/include/hand_interfaces/hand_interfaces/msg
-- Up-to-date: /home/adminlab/franka_ros2_ws/install/hand_interfaces/include/hand_interfaces/hand_interfaces/msg/pinch.h
-- Up-to-date: /home/adminlab/franka_ros2_ws/install/hand_interfaces/include/hand_interfaces/hand_interfaces/msg/detail
-- Up-to-date: /home/adminlab/franka_ros2_ws/install/hand_interfaces/include/hand_interfaces/hand_interfaces/msg/detail/finger_data__functions.h
-- Up-to-date: /home/adminlab/franka_ros2_ws/install/hand_interfaces/include/hand_interfaces/hand_interfaces/msg/detail/pinch__type_support.h
-- Up-to-date: /home/adminlab/franka_ros2_ws/install/hand_interfaces/include/hand_interfaces/hand_interfaces/msg/detail/pinch__functions.c
-- Up-to-date: /home/adminlab/franka_ros2_ws/install/hand_interfaces/include/hand_interfaces/hand_interfaces/msg/detail/finger_data__type_support.h
-- Up-to-date: /home/adminlab/franka_ros2_ws/install/hand_interfaces/include/hand_interfaces/hand_interfaces/msg/detail/finger_data__functions.c
-- Up-to-date: /home/adminlab/franka_ros2_ws/install/hand_interfaces/include/hand_interfaces/hand_interfaces/msg/detail/pinch__struct.h
-- Up-to-date: /home/adminlab/franka_ros2_ws/install/hand_interfaces/include/hand_interfaces/hand_interfaces/msg/detail/pinch__functions.h
-- Up-to-date: /home/adminlab/franka_ros2_ws/install/hand_interfaces/include/hand_interfaces/hand_interfaces/msg/detail/finger_data__struct.h
-- Up-to-date: /home/adminlab/franka_ros2_ws/install/hand_interfaces/include/hand_interfaces/hand_interfaces/msg/rosidl_generator_c__visibility_control.h
-- Up-to-date: /home/adminlab/franka_ros2_ws/install/hand_interfaces/include/hand_interfaces/hand_interfaces/msg/finger_data.h
-- Up-to-date: /home/adminlab/franka_ros2_ws/install/hand_interfaces/include/hand_interfaces/hand_interfaces/srv
-- Up-to-date: /home/adminlab/franka_ros2_ws/install/hand_interfaces/include/hand_interfaces/hand_interfaces/srv/hand_pose.h
-- Up-to-date: /home/adminlab/franka_ros2_ws/install/hand_interfaces/include/hand_interfaces/hand_interfaces/srv/detail
-- Up-to-date: /home/adminlab/franka_ros2_ws/install/hand_interfaces/include/hand_interfaces/hand_interfaces/srv/detail/hand_pose__functions.c
-- Up-to-date: /home/adminlab/franka_ros2_ws/install/hand_interfaces/include/hand_interfaces/hand_interfaces/srv/detail/hand_pose__type_support.h
-- Up-to-date: /home/adminlab/franka_ros2_ws/install/hand_interfaces/include/hand_interfaces/hand_interfaces/srv/detail/hand_pose__functions.h
-- Up-to-date: /home/adminlab/franka_ros2_ws/install/hand_interfaces/include/hand_interfaces/hand_interfaces/srv/detail/hand_pose__struct.h
-- Up-to-date: /home/adminlab/franka_ros2_ws/install/hand_interfaces/share/hand_interfaces/environment/library_path.sh
-- Up-to-date: /home/adminlab/franka_ros2_ws/install/hand_interfaces/share/hand_interfaces/environment/library_path.dsv
-- Up-to-date: /home/adminlab/franka_ros2_ws/install/hand_interfaces/lib/libhand_interfaces__rosidl_generator_c.so
-- Up-to-date: /home/adminlab/franka_ros2_ws/install/hand_interfaces/include/hand_interfaces/hand_interfaces
-- Up-to-date: /home/adminlab/franka_ros2_ws/install/hand_interfaces/include/hand_interfaces/hand_interfaces/msg
-- Up-to-date: /home/adminlab/franka_ros2_ws/install/hand_interfaces/include/hand_interfaces/hand_interfaces/msg/detail
-- Up-to-date: /home/adminlab/franka_ros2_ws/install/hand_interfaces/include/hand_interfaces/hand_interfaces/msg/detail/pinch__rosidl_typesupport_fastrtps_c.h
-- Up-to-date: /home/adminlab/franka_ros2_ws/install/hand_interfaces/include/hand_interfaces/hand_interfaces/msg/detail/finger_data__rosidl_typesupport_fastrtps_c.h
-- Up-to-date: /home/adminlab/franka_ros2_ws/install/hand_interfaces/include/hand_interfaces/hand_interfaces/msg/rosidl_typesupport_fastrtps_c__visibility_control.h
-- Up-to-date: /home/adminlab/franka_ros2_ws/install/hand_interfaces/include/hand_interfaces/hand_interfaces/srv
-- Up-to-date: /home/adminlab/franka_ros2_ws/install/hand_interfaces/include/hand_interfaces/hand_interfaces/srv/detail
-- Up-to-date: /home/adminlab/franka_ros2_ws/install/hand_interfaces/include/hand_interfaces/hand_interfaces/srv/detail/hand_pose__rosidl_typesupport_fastrtps_c.h
-- Up-to-date: /home/adminlab/franka_ros2_ws/install/hand_interfaces/lib/libhand_interfaces__rosidl_typesupport_fastrtps_c.so
-- Up-to-date: /home/adminlab/franka_ros2_ws/install/hand_interfaces/include/hand_interfaces/hand_interfaces
-- Up-to-date: /home/adminlab/franka_ros2_ws/install/hand_interfaces/include/hand_interfaces/hand_interfaces/msg
-- Up-to-date: /home/adminlab/franka_ros2_ws/install/hand_interfaces/include/hand_interfaces/hand_interfaces/msg/detail
-- Up-to-date: /home/adminlab/franka_ros2_ws/install/hand_interfaces/include/hand_interfaces/hand_interfaces/msg/detail/finger_data__traits.hpp
-- Up-to-date: /home/adminlab/franka_ros2_ws/install/hand_interfaces/include/hand_interfaces/hand_interfaces/msg/detail/finger_data__builder.hpp
-- Up-to-date: /home/adminlab/franka_ros2_ws/install/hand_interfaces/include/hand_interfaces/hand_interfaces/msg/detail/pinch__struct.hpp
-- Up-to-date: /home/adminlab/franka_ros2_ws/install/hand_interfaces/include/hand_interfaces/hand_interfaces/msg/detail/finger_data__struct.hpp
-- Up-to-date: /home/adminlab/franka_ros2_ws/install/hand_interfaces/include/hand_interfaces/hand_interfaces/msg/detail/pinch__traits.hpp
-- Up-to-date: /home/adminlab/franka_ros2_ws/install/hand_interfaces/include/hand_interfaces/hand_interfaces/msg/detail/pinch__builder.hpp
-- Up-to-date: /home/adminlab/franka_ros2_ws/install/hand_interfaces/include/hand_interfaces/hand_interfaces/msg/pinch.hpp
-- Up-to-date: /home/adminlab/franka_ros2_ws/install/hand_interfaces/include/hand_interfaces/hand_interfaces/msg/finger_data.hpp
-- Up-to-date: /home/adminlab/franka_ros2_ws/install/hand_interfaces/include/hand_interfaces/hand_interfaces/srv
-- Up-to-date: /home/adminlab/franka_ros2_ws/install/hand_interfaces/include/hand_interfaces/hand_interfaces/srv/hand_pose.hpp
-- Up-to-date: /home/adminlab/franka_ros2_ws/install/hand_interfaces/include/hand_interfaces/hand_interfaces/srv/detail
-- Up-to-date: /home/adminlab/franka_ros2_ws/install/hand_interfaces/include/hand_interfaces/hand_interfaces/srv/detail/hand_pose__traits.hpp
-- Up-to-date: /home/adminlab/franka_ros2_ws/install/hand_interfaces/include/hand_interfaces/hand_interfaces/srv/detail/hand_pose__builder.hpp
-- Up-to-date: /home/adminlab/franka_ros2_ws/install/hand_interfaces/include/hand_interfaces/hand_interfaces/srv/detail/hand_pose__struct.hpp
-- Up-to-date: /home/adminlab/franka_ros2_ws/install/hand_interfaces/include/hand_interfaces/hand_interfaces
-- Up-to-date: /home/adminlab/franka_ros2_ws/install/hand_interfaces/include/hand_interfaces/hand_interfaces/msg
-- Up-to-date: /home/adminlab/franka_ros2_ws/install/hand_interfaces/include/hand_interfaces/hand_interfaces/msg/detail
-- Up-to-date: /home/adminlab/franka_ros2_ws/install/hand_interfaces/include/hand_interfaces/hand_interfaces/msg/detail/dds_fastrtps
-- Up-to-date: /home/adminlab/franka_ros2_ws/install/hand_interfaces/include/hand_interfaces/hand_interfaces/msg/detail/finger_data__rosidl_typesupport_fastrtps_cpp.hpp
-- Up-to-date: /home/adminlab/franka_ros2_ws/install/hand_interfaces/include/hand_interfaces/hand_interfaces/msg/detail/pinch__rosidl_typesupport_fastrtps_cpp.hpp
-- Up-to-date: /home/adminlab/franka_ros2_ws/install/hand_interfaces/include/hand_interfaces/hand_interfaces/msg/rosidl_typesupport_fastrtps_cpp__visibility_control.h
-- Up-to-date: /home/adminlab/franka_ros2_ws/install/hand_interfaces/include/hand_interfaces/hand_interfaces/srv
-- Up-to-date: /home/adminlab/franka_ros2_ws/install/hand_interfaces/include/hand_interfaces/hand_interfaces/srv/detail
-- Up-to-date: /home/adminlab/franka_ros2_ws/install/hand_interfaces/include/hand_interfaces/hand_interfaces/srv/detail/dds_fastrtps
-- Up-to-date: /home/adminlab/franka_ros2_ws/install/hand_interfaces/include/hand_interfaces/hand_interfaces/srv/detail/hand_pose__rosidl_typesupport_fastrtps_cpp.hpp
-- Up-to-date: /home/adminlab/franka_ros2_ws/install/hand_interfaces/lib/libhand_interfaces__rosidl_typesupport_fastrtps_cpp.so
-- Up-to-date: /home/adminlab/franka_ros2_ws/install/hand_interfaces/include/hand_interfaces/hand_interfaces
-- Up-to-date: /home/adminlab/franka_ros2_ws/install/hand_interfaces/include/hand_interfaces/hand_interfaces/msg
-- Up-to-date: /home/adminlab/franka_ros2_ws/install/hand_interfaces/include/hand_interfaces/hand_interfaces/msg/detail
-- Up-to-date: /home/adminlab/franka_ros2_ws/install/hand_interfaces/include/hand_interfaces/hand_interfaces/msg/detail/pinch__rosidl_typesupport_introspection_c.h
-- Up-to-date: /home/adminlab/franka_ros2_ws/install/hand_interfaces/include/hand_interfaces/hand_interfaces/msg/detail/finger_data__rosidl_typesupport_introspection_c.h
-- Up-to-date: /home/adminlab/franka_ros2_ws/install/hand_interfaces/include/hand_interfaces/hand_interfaces/msg/detail/pinch__type_support.c
-- Up-to-date: /home/adminlab/franka_ros2_ws/install/hand_interfaces/include/hand_interfaces/hand_interfaces/msg/detail/finger_data__type_support.c
-- Up-to-date: /home/adminlab/franka_ros2_ws/install/hand_interfaces/include/hand_interfaces/hand_interfaces/msg/rosidl_typesupport_introspection_c__visibility_control.h
-- Up-to-date: /home/adminlab/franka_ros2_ws/install/hand_interfaces/include/hand_interfaces/hand_interfaces/srv
-- Up-to-date: /home/adminlab/franka_ros2_ws/install/hand_interfaces/include/hand_interfaces/hand_interfaces/srv/detail
-- Up-to-date: /home/adminlab/franka_ros2_ws/install/hand_interfaces/include/hand_interfaces/hand_interfaces/srv/detail/hand_pose__rosidl_typesupport_introspection_c.h
-- Up-to-date: /home/adminlab/franka_ros2_ws/install/hand_interfaces/include/hand_interfaces/hand_interfaces/srv/detail/hand_pose__type_support.c
-- Up-to-date: /home/adminlab/franka_ros2_ws/install/hand_interfaces/lib/libhand_interfaces__rosidl_typesupport_introspection_c.so
-- Up-to-date: /home/adminlab/franka_ros2_ws/install/hand_interfaces/lib/libhand_interfaces__rosidl_typesupport_c.so
-- Up-to-date: /home/adminlab/franka_ros2_ws/install/hand_interfaces/include/hand_interfaces/hand_interfaces
-- Up-to-date: /home/adminlab/franka_ros2_ws/install/hand_interfaces/include/hand_interfaces/hand_interfaces/msg
-- Up-to-date: /home/adminlab/franka_ros2_ws/install/hand_interfaces/include/hand_interfaces/hand_interfaces/msg/detail
-- Up-to-date: /home/adminlab/franka_ros2_ws/install/hand_interfaces/include/hand_interfaces/hand_interfaces/msg/detail/pinch__type_support.cpp
-- Up-to-date: /home/adminlab/franka_ros2_ws/install/hand_interfaces/include/hand_interfaces/hand_interfaces/msg/detail/finger_data__type_support.cpp
-- Up-to-date: /home/adminlab/franka_ros2_ws/install/hand_interfaces/include/hand_interfaces/hand_interfaces/msg/detail/finger_data__rosidl_typesupport_introspection_cpp.hpp
-- Up-to-date: /home/adminlab/franka_ros2_ws/install/hand_interfaces/include/hand_interfaces/hand_interfaces/msg/detail/pinch__rosidl_typesupport_introspection_cpp.hpp
-- Up-to-date: /home/adminlab/franka_ros2_ws/install/hand_interfaces/include/hand_interfaces/hand_interfaces/srv
-- Up-to-date: /home/adminlab/franka_ros2_ws/install/hand_interfaces/include/hand_interfaces/hand_interfaces/srv/detail
-- Up-to-date: /home/adminlab/franka_ros2_ws/install/hand_interfaces/include/hand_interfaces/hand_interfaces/srv/detail/hand_pose__type_support.cpp
-- Up-to-date: /home/adminlab/franka_ros2_ws/install/hand_interfaces/include/hand_interfaces/hand_interfaces/srv/detail/hand_pose__rosidl_typesupport_introspection_cpp.hpp
-- Up-to-date: /home/adminlab/franka_ros2_ws/install/hand_interfaces/lib/libhand_interfaces__rosidl_typesupport_introspection_cpp.so
-- Up-to-date: /home/adminlab/franka_ros2_ws/install/hand_interfaces/lib/libhand_interfaces__rosidl_typesupport_cpp.so
-- Up-to-date: /home/adminlab/franka_ros2_ws/install/hand_interfaces/share/hand_interfaces/environment/pythonpath.sh
-- Up-to-date: /home/adminlab/franka_ros2_ws/install/hand_interfaces/share/hand_interfaces/environment/pythonpath.dsv
-- Up-to-date: /home/adminlab/franka_ros2_ws/install/hand_interfaces/local/lib/python3.10/dist-packages/hand_interfaces-0.0.1-py3.10.egg-info
-- Installing: /home/adminlab/franka_ros2_ws/install/hand_interfaces/local/lib/python3.10/dist-packages/hand_interfaces-0.0.1-py3.10.egg-info/dependency_links.txt
-- Installing: /home/adminlab/franka_ros2_ws/install/hand_interfaces/local/lib/python3.10/dist-packages/hand_interfaces-0.0.1-py3.10.egg-info/SOURCES.txt
-- Installing: /home/adminlab/franka_ros2_ws/install/hand_interfaces/local/lib/python3.10/dist-packages/hand_interfaces-0.0.1-py3.10.egg-info/top_level.txt
-- Installing: /home/adminlab/franka_ros2_ws/install/hand_interfaces/local/lib/python3.10/dist-packages/hand_interfaces-0.0.1-py3.10.egg-info/PKG-INFO
-- Up-to-date: /home/adminlab/franka_ros2_ws/install/hand_interfaces/local/lib/python3.10/dist-packages/hand_interfaces
-- Up-to-date: /home/adminlab/franka_ros2_ws/install/hand_interfaces/local/lib/python3.10/dist-packages/hand_interfaces/hand_interfaces_s__rosidl_typesupport_c.cpython-310-x86_64-linux-gnu.so
-- Up-to-date: /home/adminlab/franka_ros2_ws/install/hand_interfaces/local/lib/python3.10/dist-packages/hand_interfaces/__init__.py
-- Up-to-date: /home/adminlab/franka_ros2_ws/install/hand_interfaces/local/lib/python3.10/dist-packages/hand_interfaces/hand_interfaces_s__rosidl_typesupport_introspection_c.cpython-310-x86_64-linux-gnu.so
-- Up-to-date: /home/adminlab/franka_ros2_ws/install/hand_interfaces/local/lib/python3.10/dist-packages/hand_interfaces/_hand_interfaces_s.ep.rosidl_typesupport_c.c
-- Up-to-date: /home/adminlab/franka_ros2_ws/install/hand_interfaces/local/lib/python3.10/dist-packages/hand_interfaces/_hand_interfaces_s.ep.rosidl_typesupport_fastrtps_c.c
-- Up-to-date: /home/adminlab/franka_ros2_ws/install/hand_interfaces/local/lib/python3.10/dist-packages/hand_interfaces/_hand_interfaces_s.ep.rosidl_typesupport_introspection_c.c
-- Up-to-date: /home/adminlab/franka_ros2_ws/install/hand_interfaces/local/lib/python3.10/dist-packages/hand_interfaces/hand_interfaces_s__rosidl_typesupport_fastrtps_c.cpython-310-x86_64-linux-gnu.so
-- Up-to-date: /home/adminlab/franka_ros2_ws/install/hand_interfaces/local/lib/python3.10/dist-packages/hand_interfaces/msg
-- Up-to-date: /home/adminlab/franka_ros2_ws/install/hand_interfaces/local/lib/python3.10/dist-packages/hand_interfaces/msg/__init__.py
-- Up-to-date: /home/adminlab/franka_ros2_ws/install/hand_interfaces/local/lib/python3.10/dist-packages/hand_interfaces/msg/_finger_data.py
-- Up-to-date: /home/adminlab/franka_ros2_ws/install/hand_interfaces/local/lib/python3.10/dist-packages/hand_interfaces/msg/_pinch_s.c
-- Up-to-date: /home/adminlab/franka_ros2_ws/install/hand_interfaces/local/lib/python3.10/dist-packages/hand_interfaces/msg/_finger_data_s.c
-- Up-to-date: /home/adminlab/franka_ros2_ws/install/hand_interfaces/local/lib/python3.10/dist-packages/hand_interfaces/msg/_pinch.py
-- Up-to-date: /home/adminlab/franka_ros2_ws/install/hand_interfaces/local/lib/python3.10/dist-packages/hand_interfaces/libhand_interfaces__rosidl_generator_py.so
-- Up-to-date: /home/adminlab/franka_ros2_ws/install/hand_interfaces/local/lib/python3.10/dist-packages/hand_interfaces/srv
-- Up-to-date: /home/adminlab/franka_ros2_ws/install/hand_interfaces/local/lib/python3.10/dist-packages/hand_interfaces/srv/__init__.py
-- Up-to-date: /home/adminlab/franka_ros2_ws/install/hand_interfaces/local/lib/python3.10/dist-packages/hand_interfaces/srv/_hand_pose_s.c
-- Up-to-date: /home/adminlab/franka_ros2_ws/install/hand_interfaces/local/lib/python3.10/dist-packages/hand_interfaces/srv/_hand_pose.py
Listing '/home/adminlab/franka_ros2_ws/install/hand_interfaces/local/lib/python3.10/dist-packages/hand_interfaces'...
Listing '/home/adminlab/franka_ros2_ws/install/hand_interfaces/local/lib/python3.10/dist-packages/hand_interfaces/msg'...
Listing '/home/adminlab/franka_ros2_ws/install/hand_interfaces/local/lib/python3.10/dist-packages/hand_interfaces/srv'...
-- Up-to-date: /home/adminlab/franka_ros2_ws/install/hand_interfaces/local/lib/python3.10/dist-packages/hand_interfaces/hand_interfaces_s__rosidl_typesupport_fastrtps_c.cpython-310-x86_64-linux-gnu.so
-- Up-to-date: /home/adminlab/franka_ros2_ws/install/hand_interfaces/local/lib/python3.10/dist-packages/hand_interfaces/hand_interfaces_s__rosidl_typesupport_introspection_c.cpython-310-x86_64-linux-gnu.so
-- Up-to-date: /home/adminlab/franka_ros2_ws/install/hand_interfaces/local/lib/python3.10/dist-packages/hand_interfaces/hand_interfaces_s__rosidl_typesupport_c.cpython-310-x86_64-linux-gnu.so
-- Up-to-date: /home/adminlab/franka_ros2_ws/install/hand_interfaces/lib/libhand_interfaces__rosidl_generator_py.so
-- Up-to-date: /home/adminlab/franka_ros2_ws/install/hand_interfaces/share/hand_interfaces/srv/HandPose.idl
-- Up-to-date: /home/adminlab/franka_ros2_ws/install/hand_interfaces/share/hand_interfaces/msg/FingerData.idl
-- Up-to-date: /home/adminlab/franka_ros2_ws/install/hand_interfaces/share/hand_interfaces/msg/Pinch.idl
-- Up-to-date: /home/adminlab/franka_ros2_ws/install/hand_interfaces/share/hand_interfaces/srv/HandPose.srv
-- Up-to-date: /home/adminlab/franka_ros2_ws/install/hand_interfaces/share/hand_interfaces/srv/HandPose_Request.msg
-- Up-to-date: /home/adminlab/franka_ros2_ws/install/hand_interfaces/share/hand_interfaces/srv/HandPose_Response.msg
-- Up-to-date: /home/adminlab/franka_ros2_ws/install/hand_interfaces/share/hand_interfaces/msg/FingerData.msg
-- Up-to-date: /home/adminlab/franka_ros2_ws/install/hand_interfaces/share/hand_interfaces/msg/Pinch.msg
-- Up-to-date: /home/adminlab/franka_ros2_ws/install/hand_interfaces/share/ament_index/resource_index/package_run_dependencies/hand_interfaces
-- Up-to-date: /home/adminlab/franka_ros2_ws/install/hand_interfaces/share/ament_index/resource_index/parent_prefix_path/hand_interfaces
-- Up-to-date: /home/adminlab/franka_ros2_ws/install/hand_interfaces/share/hand_interfaces/environment/ament_prefix_path.sh
-- Up-to-date: /home/adminlab/franka_ros2_ws/install/hand_interfaces/share/hand_interfaces/environment/ament_prefix_path.dsv
-- Up-to-date: /home/adminlab/franka_ros2_ws/install/hand_interfaces/share/hand_interfaces/environment/path.sh
-- Up-to-date: /home/adminlab/franka_ros2_ws/install/hand_interfaces/share/hand_interfaces/environment/path.dsv
-- Up-to-date: /home/adminlab/franka_ros2_ws/install/hand_interfaces/share/hand_interfaces/local_setup.bash
-- Up-to-date: /home/adminlab/franka_ros2_ws/install/hand_interfaces/share/hand_interfaces/local_setup.sh
-- Up-to-date: /home/adminlab/franka_ros2_ws/install/hand_interfaces/share/hand_interfaces/local_setup.zsh
-- Up-to-date: /home/adminlab/franka_ros2_ws/install/hand_interfaces/share/hand_interfaces/local_setup.dsv
-- Installing: /home/adminlab/franka_ros2_ws/install/hand_interfaces/share/hand_interfaces/package.dsv
-- Up-to-date: /home/adminlab/franka_ros2_ws/install/hand_interfaces/share/ament_index/resource_index/packages/hand_interfaces
-- Up-to-date: /home/adminlab/franka_ros2_ws/install/hand_interfaces/share/hand_interfaces/cmake/export_hand_interfaces__rosidl_generator_cExport.cmake
-- Up-to-date: /home/adminlab/franka_ros2_ws/install/hand_interfaces/share/hand_interfaces/cmake/export_hand_interfaces__rosidl_generator_cExport-noconfig.cmake
-- Up-to-date: /home/adminlab/franka_ros2_ws/install/hand_interfaces/share/hand_interfaces/cmake/export_hand_interfaces__rosidl_typesupport_fastrtps_cExport.cmake
-- Up-to-date: /home/adminlab/franka_ros2_ws/install/hand_interfaces/share/hand_interfaces/cmake/export_hand_interfaces__rosidl_typesupport_fastrtps_cExport-noconfig.cmake
-- Up-to-date: /home/adminlab/franka_ros2_ws/install/hand_interfaces/share/hand_interfaces/cmake/export_hand_interfaces__rosidl_generator_cppExport.cmake
-- Up-to-date: /home/adminlab/franka_ros2_ws/install/hand_interfaces/share/hand_interfaces/cmake/export_hand_interfaces__rosidl_typesupport_fastrtps_cppExport.cmake
-- Up-to-date: /home/adminlab/franka_ros2_ws/install/hand_interfaces/share/hand_interfaces/cmake/export_hand_interfaces__rosidl_typesupport_fastrtps_cppExport-noconfig.cmake
-- Up-to-date: /home/adminlab/franka_ros2_ws/install/hand_interfaces/share/hand_interfaces/cmake/hand_interfaces__rosidl_typesupport_introspection_cExport.cmake
-- Up-to-date: /home/adminlab/franka_ros2_ws/install/hand_interfaces/share/hand_interfaces/cmake/hand_interfaces__rosidl_typesupport_introspection_cExport-noconfig.cmake
-- Up-to-date: /home/adminlab/franka_ros2_ws/install/hand_interfaces/share/hand_interfaces/cmake/hand_interfaces__rosidl_typesupport_cExport.cmake
-- Up-to-date: /home/adminlab/franka_ros2_ws/install/hand_interfaces/share/hand_interfaces/cmake/hand_interfaces__rosidl_typesupport_cExport-noconfig.cmake
-- Up-to-date: /home/adminlab/franka_ros2_ws/install/hand_interfaces/share/hand_interfaces/cmake/hand_interfaces__rosidl_typesupport_introspection_cppExport.cmake
-- Up-to-date: /home/adminlab/franka_ros2_ws/install/hand_interfaces/share/hand_interfaces/cmake/hand_interfaces__rosidl_typesupport_introspection_cppExport-noconfig.cmake
-- Up-to-date: /home/adminlab/franka_ros2_ws/install/hand_interfaces/share/hand_interfaces/cmake/hand_interfaces__rosidl_typesupport_cppExport.cmake
-- Up-to-date: /home/adminlab/franka_ros2_ws/install/hand_interfaces/share/hand_interfaces/cmake/hand_interfaces__rosidl_typesupport_cppExport-noconfig.cmake
-- Up-to-date: /home/adminlab/franka_ros2_ws/install/hand_interfaces/share/hand_interfaces/cmake/export_hand_interfaces__rosidl_generator_pyExport.cmake
-- Up-to-date: /home/adminlab/franka_ros2_ws/install/hand_interfaces/share/hand_interfaces/cmake/export_hand_interfaces__rosidl_generator_pyExport-noconfig.cmake
-- Up-to-date: /home/adminlab/franka_ros2_ws/install/hand_interfaces/share/hand_interfaces/cmake/rosidl_cmake-extras.cmake
-- Up-to-date: /home/adminlab/franka_ros2_ws/install/hand_interfaces/share/hand_interfaces/cmake/ament_cmake_export_dependencies-extras.cmake
-- Up-to-date: /home/adminlab/franka_ros2_ws/install/hand_interfaces/share/hand_interfaces/cmake/ament_cmake_export_include_directories-extras.cmake
-- Up-to-date: /home/adminlab/franka_ros2_ws/install/hand_interfaces/share/hand_interfaces/cmake/ament_cmake_export_libraries-extras.cmake
-- Up-to-date: /home/adminlab/franka_ros2_ws/install/hand_interfaces/share/hand_interfaces/cmake/ament_cmake_export_targets-extras.cmake
-- Up-to-date: /home/adminlab/franka_ros2_ws/install/hand_interfaces/share/hand_interfaces/cmake/rosidl_cmake_export_typesupport_targets-extras.cmake
-- Up-to-date: /home/adminlab/franka_ros2_ws/install/hand_interfaces/share/hand_interfaces/cmake/rosidl_cmake_export_typesupport_libraries-extras.cmake
-- Up-to-date: /home/adminlab/franka_ros2_ws/install/hand_interfaces/share/hand_interfaces/cmake/hand_interfacesConfig.cmake
-- Up-to-date: /home/adminlab/franka_ros2_ws/install/hand_interfaces/share/hand_interfaces/cmake/hand_interfacesConfig-version.cmake
-- Up-to-date: /home/adminlab/franka_ros2_ws/install/hand_interfaces/share/hand_interfaces/package.xml
