[0.647s] Invoking command in '/home/adminlab/franka_ros2_ws/src/moveit2/moveit_configs_utils': AMENT_PREFIX_PATH=/home/adminlab/franka_ros2_ws/install/srdfdom:/home/adminlab/franka_ros2_ws/install/launch_param_builder:${AMENT_PREFIX_PATH} CMAKE_PREFIX_PATH=/home/adminlab/franka_ros2_ws/install/srdfdom LD_LIBRARY_PATH=/home/adminlab/franka_ros2_ws/install/srdfdom/lib:${LD_LIBRARY_PATH} PYTHONPATH=/home/adminlab/franka_ros2_ws/build/moveit_configs_utils/prefix_override:/home/adminlab/franka_ros2_ws/install/moveit_configs_utils/lib/python3.10/site-packages:/home/adminlab/franka_ros2_ws/install/srdfdom/local/lib/python3.10/dist-packages:/home/adminlab/franka_ros2_ws/install/launch_param_builder/lib/python3.10/site-packages:${PYTHONPATH} /usr/bin/python3 -W ignore:setup.py install is deprecated setup.py egg_info --egg-base ../../../build/moveit_configs_utils build --build-base /home/adminlab/franka_ros2_ws/build/moveit_configs_utils/build install --record /home/adminlab/franka_ros2_ws/build/moveit_configs_utils/install.log --single-version-externally-managed install_data
[0.820s] running egg_info
[0.821s] writing ../../../build/moveit_configs_utils/moveit_configs_utils.egg-info/PKG-INFO
[0.821s] writing dependency_links to ../../../build/moveit_configs_utils/moveit_configs_utils.egg-info/dependency_links.txt
[0.821s] writing entry points to ../../../build/moveit_configs_utils/moveit_configs_utils.egg-info/entry_points.txt
[0.821s] writing requirements to ../../../build/moveit_configs_utils/moveit_configs_utils.egg-info/requires.txt
[0.821s] writing top-level names to ../../../build/moveit_configs_utils/moveit_configs_utils.egg-info/top_level.txt
[0.822s] reading manifest file '../../../build/moveit_configs_utils/moveit_configs_utils.egg-info/SOURCES.txt'
[0.823s] writing manifest file '../../../build/moveit_configs_utils/moveit_configs_utils.egg-info/SOURCES.txt'
[0.823s] running build
[0.823s] running build_py
[0.824s] running install
[0.824s] running install_lib
[0.826s] running install_data
[0.829s] running install_egg_info
[0.829s] removing '/home/adminlab/franka_ros2_ws/install/moveit_configs_utils/lib/python3.10/site-packages/moveit_configs_utils-2.5.5-py3.10.egg-info' (and everything under it)
[0.830s] Copying ../../../build/moveit_configs_utils/moveit_configs_utils.egg-info to /home/adminlab/franka_ros2_ws/install/moveit_configs_utils/lib/python3.10/site-packages/moveit_configs_utils-2.5.5-py3.10.egg-info
[0.830s] running install_scripts
[0.850s] writing list of installed files to '/home/adminlab/franka_ros2_ws/build/moveit_configs_utils/install.log'
[0.884s] Invoked command in '/home/adminlab/franka_ros2_ws/src/moveit2/moveit_configs_utils' returned '0': AMENT_PREFIX_PATH=/home/adminlab/franka_ros2_ws/install/srdfdom:/home/adminlab/franka_ros2_ws/install/launch_param_builder:${AMENT_PREFIX_PATH} CMAKE_PREFIX_PATH=/home/adminlab/franka_ros2_ws/install/srdfdom LD_LIBRARY_PATH=/home/adminlab/franka_ros2_ws/install/srdfdom/lib:${LD_LIBRARY_PATH} PYTHONPATH=/home/adminlab/franka_ros2_ws/build/moveit_configs_utils/prefix_override:/home/adminlab/franka_ros2_ws/install/moveit_configs_utils/lib/python3.10/site-packages:/home/adminlab/franka_ros2_ws/install/srdfdom/local/lib/python3.10/dist-packages:/home/adminlab/franka_ros2_ws/install/launch_param_builder/lib/python3.10/site-packages:${PYTHONPATH} /usr/bin/python3 -W ignore:setup.py install is deprecated setup.py egg_info --egg-base ../../../build/moveit_configs_utils build --build-base /home/adminlab/franka_ros2_ws/build/moveit_configs_utils/build install --record /home/adminlab/franka_ros2_ws/build/moveit_configs_utils/install.log --single-version-externally-managed install_data
