-- Found moveit_common: 2.5.5 (/home/adminlab/franka_ros2_ws/install/moveit_common/share/moveit_common/cmake)
-- Found ament_cmake: 1.3.9 (/opt/ros/humble/share/ament_cmake/cmake)
-- Could NOT find libbfd (missing: LIBBFD_LIBRARY LIBBFD_INCLUDE_DIR) 
-- BACKWARD_HAS_UNWIND=1
-- BACKWARD_HAS_BACKTRACE=0
-- BACKWARD_HAS_BACKTRACE_SYMBOL=0
-- BACKWARD_HAS_DW=1
-- BACKWARD_HAS_BFD=0
-- Found Backward: /opt/ros/humble/share/backward_ros/cmake  
-- Found Boost: /usr/lib/x86_64-linux-gnu/cmake/Boost-1.74.0/BoostConfig.cmake (found version "1.74.0") found components: system filesystem date_time thread serialization 
-- Found moveit_core: 2.5.5 (/home/adminlab/franka_ros2_ws/install/moveit_core/share/moveit_core/cmake)
-- Found Boost: /usr/lib/x86_64-linux-gnu/cmake/Boost-1.74.0/BoostConfig.cmake (found version "1.74.0") found components: chrono date_time filesystem iostreams program_options regex serialization system thread 
-- Found parameter_traits: 0.3.7 (/home/adminlab/franka_ros2_ws/install/parameter_traits/share/parameter_traits/cmake)
-- Found rosidl_generator_c: 3.1.5 (/opt/ros/humble/share/rosidl_generator_c/cmake)
-- Found rosidl_adapter: 3.1.5 (/opt/ros/humble/share/rosidl_adapter/cmake)
-- Found rosidl_generator_cpp: 3.1.5 (/opt/ros/humble/share/rosidl_generator_cpp/cmake)
-- Using all available rosidl_typesupport_c: rosidl_typesupport_fastrtps_c;rosidl_typesupport_introspection_c
-- Using all available rosidl_typesupport_cpp: rosidl_typesupport_fastrtps_cpp;rosidl_typesupport_introspection_cpp
-- Found rmw_implementation_cmake: 6.1.2 (/opt/ros/humble/share/rmw_implementation_cmake/cmake)
-- Found rmw_fastrtps_cpp: 6.2.6 (/opt/ros/humble/share/rmw_fastrtps_cpp/cmake)
-- Using RMW implementation 'rmw_fastrtps_cpp' as default
-- Found rclcpp_lifecycle: 16.0.9 (/opt/ros/humble/share/rclcpp_lifecycle/cmake)
-- Found Boost: /usr/lib/x86_64-linux-gnu/cmake/Boost-1.74.0/BoostConfig.cmake (found version "1.74.0") found components: filesystem 
-- library: /usr/lib/x86_64-linux-gnu/libcurl.so
-- Ensuring Eigen3 include directory is part of orocos-kdl CMake target
-- Found moveit_ros_planning: 2.5.5 (/home/adminlab/franka_ros2_ws/install/moveit_ros_planning/share/moveit_ros_planning/cmake)
-- Found Boost: /usr/lib/x86_64-linux-gnu/cmake/Boost-1.74.0/BoostConfig.cmake (found version "1.74.0") found components: system filesystem date_time program_options thread chrono 
-- Found ament_cmake_gtest: 1.3.9 (/opt/ros/humble/share/ament_cmake_gtest/cmake)
-- Found gtest sources under '/opt/ros/humble/src/gtest_vendor': C++ tests using 'Google Test' will be built
-- Found ament_lint_auto: 0.12.11 (/opt/ros/humble/share/ament_lint_auto/cmake)
-- Added test 'cppcheck' to perform static code analysis on C / C++ code
-- Configured cppcheck include dirs: /home/adminlab/franka_ros2_ws/src/moveit2/moveit_planners/ompl/ompl_interface/include
-- Configured cppcheck exclude dirs and/or files: 
-- Added test 'lint_cmake' to check CMake code style
-- Added test 'xmllint' to check XML markup files
-- Configuring done
-- Generating done
-- Build files have been written to: /home/adminlab/franka_ros2_ws/build/moveit_planners_ompl
[35m[1mConsolidate compiler generated dependencies of target gtest_main[0m
[35m[1mConsolidate compiler generated dependencies of target gtest[0m
[35m[1mConsolidate compiler generated dependencies of target moveit_ompl_interface[0m
[  7%] Built target gtest
[  9%] Built target gtest_main
[ 60%] Built target moveit_ompl_interface
[35m[1mConsolidate compiler generated dependencies of target moveit_generate_state_database[0m
[35m[1mConsolidate compiler generated dependencies of target test_state_space[0m
[35m[1mConsolidate compiler generated dependencies of target test_threadsafe_state_storage[0m
[35m[1mConsolidate compiler generated dependencies of target test_constrained_planning_state_space[0m
[35m[1mConsolidate compiler generated dependencies of target moveit_ompl_planner_plugin[0m
[35m[1mConsolidate compiler generated dependencies of target test_planning_context_manager[0m
[35m[1mConsolidate compiler generated dependencies of target test_state_validity_checker[0m
[35m[1mConsolidate compiler generated dependencies of target test_constrained_state_validity_checker[0m
[ 65%] Built target moveit_generate_state_database
[ 70%] Built target test_threadsafe_state_storage
[ 75%] Built target test_constrained_planning_state_space
[ 80%] Built target test_state_space
[ 85%] Built target test_planning_context_manager
[ 90%] Built target test_state_validity_checker
[ 95%] Built target moveit_ompl_planner_plugin
[100%] Built target test_constrained_state_validity_checker
-- Install configuration: "Debug"
-- Up-to-date: /home/adminlab/franka_ros2_ws/install/moveit_planners_ompl/lib/moveit_planners_ompl/generate_state_database
-- Up-to-date: /home/adminlab/franka_ros2_ws/install/moveit_planners_ompl/include
-- Up-to-date: /home/adminlab/franka_ros2_ws/install/moveit_planners_ompl/include/moveit
-- Up-to-date: /home/adminlab/franka_ros2_ws/install/moveit_planners_ompl/include/moveit/ompl_interface
-- Up-to-date: /home/adminlab/franka_ros2_ws/install/moveit_planners_ompl/include/moveit/ompl_interface/parameterization
-- Up-to-date: /home/adminlab/franka_ros2_ws/install/moveit_planners_ompl/include/moveit/ompl_interface/parameterization/joint_space
-- Up-to-date: /home/adminlab/franka_ros2_ws/install/moveit_planners_ompl/include/moveit/ompl_interface/parameterization/joint_space/constrained_planning_state_space_factory.h
-- Up-to-date: /home/adminlab/franka_ros2_ws/install/moveit_planners_ompl/include/moveit/ompl_interface/parameterization/joint_space/joint_model_state_space_factory.h
-- Up-to-date: /home/adminlab/franka_ros2_ws/install/moveit_planners_ompl/include/moveit/ompl_interface/parameterization/joint_space/joint_model_state_space.h
-- Up-to-date: /home/adminlab/franka_ros2_ws/install/moveit_planners_ompl/include/moveit/ompl_interface/parameterization/joint_space/constrained_planning_state_space.h
-- Up-to-date: /home/adminlab/franka_ros2_ws/install/moveit_planners_ompl/include/moveit/ompl_interface/parameterization/work_space
-- Up-to-date: /home/adminlab/franka_ros2_ws/install/moveit_planners_ompl/include/moveit/ompl_interface/parameterization/work_space/pose_model_state_space_factory.h
-- Up-to-date: /home/adminlab/franka_ros2_ws/install/moveit_planners_ompl/include/moveit/ompl_interface/parameterization/work_space/pose_model_state_space.h
-- Up-to-date: /home/adminlab/franka_ros2_ws/install/moveit_planners_ompl/include/moveit/ompl_interface/parameterization/model_based_state_space_factory.h
-- Up-to-date: /home/adminlab/franka_ros2_ws/install/moveit_planners_ompl/include/moveit/ompl_interface/parameterization/model_based_state_space.h
-- Up-to-date: /home/adminlab/franka_ros2_ws/install/moveit_planners_ompl/include/moveit/ompl_interface/planning_context_manager.h
-- Up-to-date: /home/adminlab/franka_ros2_ws/install/moveit_planners_ompl/include/moveit/ompl_interface/ompl_interface.h
-- Up-to-date: /home/adminlab/franka_ros2_ws/install/moveit_planners_ompl/include/moveit/ompl_interface/model_based_planning_context.h
-- Up-to-date: /home/adminlab/franka_ros2_ws/install/moveit_planners_ompl/include/moveit/ompl_interface/detail
-- Up-to-date: /home/adminlab/franka_ros2_ws/install/moveit_planners_ompl/include/moveit/ompl_interface/detail/state_validity_checker.h
-- Up-to-date: /home/adminlab/franka_ros2_ws/install/moveit_planners_ompl/include/moveit/ompl_interface/detail/constraint_approximations.h
-- Up-to-date: /home/adminlab/franka_ros2_ws/install/moveit_planners_ompl/include/moveit/ompl_interface/detail/ompl_constraints.h
-- Up-to-date: /home/adminlab/franka_ros2_ws/install/moveit_planners_ompl/include/moveit/ompl_interface/detail/constraints_library.h
-- Up-to-date: /home/adminlab/franka_ros2_ws/install/moveit_planners_ompl/include/moveit/ompl_interface/detail/goal_union.h
-- Up-to-date: /home/adminlab/franka_ros2_ws/install/moveit_planners_ompl/include/moveit/ompl_interface/detail/constrained_goal_sampler.h
-- Up-to-date: /home/adminlab/franka_ros2_ws/install/moveit_planners_ompl/include/moveit/ompl_interface/detail/threadsafe_state_storage.h
-- Up-to-date: /home/adminlab/franka_ros2_ws/install/moveit_planners_ompl/include/moveit/ompl_interface/detail/constrained_valid_state_sampler.h
-- Up-to-date: /home/adminlab/franka_ros2_ws/install/moveit_planners_ompl/include/moveit/ompl_interface/detail/projection_evaluators.h
-- Up-to-date: /home/adminlab/franka_ros2_ws/install/moveit_planners_ompl/include/moveit/ompl_interface/detail/constrained_sampler.h
-- Up-to-date: /home/adminlab/franka_ros2_ws/install/moveit_planners_ompl/lib/libmoveit_ompl_interface.so.2.5.5
-- Up-to-date: /home/adminlab/franka_ros2_ws/install/moveit_planners_ompl/lib/libmoveit_ompl_interface.so
-- Up-to-date: /home/adminlab/franka_ros2_ws/install/moveit_planners_ompl/lib/libmoveit_ompl_planner_plugin.so.2.5.5
-- Up-to-date: /home/adminlab/franka_ros2_ws/install/moveit_planners_ompl/lib/libmoveit_ompl_planner_plugin.so
-- Up-to-date: /home/adminlab/franka_ros2_ws/install/moveit_planners_ompl/share/moveit_planners_ompl/environment/library_path.sh
-- Installing: /home/adminlab/franka_ros2_ws/install/moveit_planners_ompl/share/moveit_planners_ompl/environment/library_path.dsv
-- Up-to-date: /home/adminlab/franka_ros2_ws/install/moveit_planners_ompl/share/moveit_planners_ompl/ompl_interface_plugin_description.xml
-- Up-to-date: /home/adminlab/franka_ros2_ws/install/moveit_planners_ompl/share/ament_index/resource_index/package_run_dependencies/moveit_planners_ompl
-- Up-to-date: /home/adminlab/franka_ros2_ws/install/moveit_planners_ompl/share/ament_index/resource_index/parent_prefix_path/moveit_planners_ompl
-- Up-to-date: /home/adminlab/franka_ros2_ws/install/moveit_planners_ompl/share/moveit_planners_ompl/environment/ament_prefix_path.sh
-- Installing: /home/adminlab/franka_ros2_ws/install/moveit_planners_ompl/share/moveit_planners_ompl/environment/ament_prefix_path.dsv
-- Up-to-date: /home/adminlab/franka_ros2_ws/install/moveit_planners_ompl/share/moveit_planners_ompl/environment/path.sh
-- Installing: /home/adminlab/franka_ros2_ws/install/moveit_planners_ompl/share/moveit_planners_ompl/environment/path.dsv
-- Up-to-date: /home/adminlab/franka_ros2_ws/install/moveit_planners_ompl/share/moveit_planners_ompl/local_setup.bash
-- Up-to-date: /home/adminlab/franka_ros2_ws/install/moveit_planners_ompl/share/moveit_planners_ompl/local_setup.sh
-- Up-to-date: /home/adminlab/franka_ros2_ws/install/moveit_planners_ompl/share/moveit_planners_ompl/local_setup.zsh
-- Installing: /home/adminlab/franka_ros2_ws/install/moveit_planners_ompl/share/moveit_planners_ompl/local_setup.dsv
-- Installing: /home/adminlab/franka_ros2_ws/install/moveit_planners_ompl/share/moveit_planners_ompl/package.dsv
-- Up-to-date: /home/adminlab/franka_ros2_ws/install/moveit_planners_ompl/share/ament_index/resource_index/packages/moveit_planners_ompl
-- Up-to-date: /home/adminlab/franka_ros2_ws/install/moveit_planners_ompl/share/ament_index/resource_index/moveit_core__pluginlib__plugin/moveit_planners_ompl
-- Up-to-date: /home/adminlab/franka_ros2_ws/install/moveit_planners_ompl/share/moveit_planners_ompl/cmake/export_moveit_planners_omplExport.cmake
-- Up-to-date: /home/adminlab/franka_ros2_ws/install/moveit_planners_ompl/share/moveit_planners_ompl/cmake/export_moveit_planners_omplExport-debug.cmake
-- Up-to-date: /home/adminlab/franka_ros2_ws/install/moveit_planners_ompl/share/moveit_planners_ompl/cmake/ament_cmake_export_targets-extras.cmake
-- Up-to-date: /home/adminlab/franka_ros2_ws/install/moveit_planners_ompl/share/moveit_planners_ompl/cmake/ament_cmake_export_dependencies-extras.cmake
-- Up-to-date: /home/adminlab/franka_ros2_ws/install/moveit_planners_ompl/share/moveit_planners_ompl/cmake/moveit_planners_omplConfig.cmake
-- Up-to-date: /home/adminlab/franka_ros2_ws/install/moveit_planners_ompl/share/moveit_planners_ompl/cmake/moveit_planners_omplConfig-version.cmake
-- Up-to-date: /home/adminlab/franka_ros2_ws/install/moveit_planners_ompl/share/moveit_planners_ompl/package.xml
