[0.026s] Invoking command in '/home/adminlab/franka_ros2_ws/build/generate_parameter_library': AMENT_PREFIX_PATH=/home/adminlab/franka_ros2_ws/install/parameter_traits:/home/adminlab/franka_ros2_ws/install/generate_parameter_library_py:${AMENT_PREFIX_PATH} CMAKE_PREFIX_PATH=/home/adminlab/franka_ros2_ws/install/parameter_traits:/opt/ros/humble LD_LIBRARY_PATH=/home/adminlab/franka_ros2_ws/install/parameter_traits/lib:${LD_LIBRARY_PATH} PATH=/home/adminlab/franka_ros2_ws/install/generate_parameter_library_py/bin:${PATH} PYTHONPATH=/home/adminlab/franka_ros2_ws/install/generate_parameter_library_py/lib/python3.10/site-packages:${PYTHONPATH} /usr/bin/cmake --build /home/adminlab/franka_ros2_ws/build/generate_parameter_library -- -j16 -l16
[0.214s] Invoked command in '/home/adminlab/franka_ros2_ws/build/generate_parameter_library' returned '0': AMENT_PREFIX_PATH=/home/adminlab/franka_ros2_ws/install/parameter_traits:/home/adminlab/franka_ros2_ws/install/generate_parameter_library_py:${AMENT_PREFIX_PATH} CMAKE_PREFIX_PATH=/home/adminlab/franka_ros2_ws/install/parameter_traits:/opt/ros/humble LD_LIBRARY_PATH=/home/adminlab/franka_ros2_ws/install/parameter_traits/lib:${LD_LIBRARY_PATH} PATH=/home/adminlab/franka_ros2_ws/install/generate_parameter_library_py/bin:${PATH} PYTHONPATH=/home/adminlab/franka_ros2_ws/install/generate_parameter_library_py/lib/python3.10/site-packages:${PYTHONPATH} /usr/bin/cmake --build /home/adminlab/franka_ros2_ws/build/generate_parameter_library -- -j16 -l16
[0.236s] Invoking command in '/home/adminlab/franka_ros2_ws/build/generate_parameter_library': AMENT_PREFIX_PATH=/home/adminlab/franka_ros2_ws/install/parameter_traits:/home/adminlab/franka_ros2_ws/install/generate_parameter_library_py:${AMENT_PREFIX_PATH} CMAKE_PREFIX_PATH=/home/adminlab/franka_ros2_ws/install/parameter_traits:/opt/ros/humble LD_LIBRARY_PATH=/home/adminlab/franka_ros2_ws/install/parameter_traits/lib:${LD_LIBRARY_PATH} PATH=/home/adminlab/franka_ros2_ws/install/generate_parameter_library_py/bin:${PATH} PYTHONPATH=/home/adminlab/franka_ros2_ws/install/generate_parameter_library_py/lib/python3.10/site-packages:${PYTHONPATH} /usr/bin/cmake --install /home/adminlab/franka_ros2_ws/build/generate_parameter_library
[0.246s] -- Install configuration: ""
[0.246s] -- Up-to-date: /home/adminlab/franka_ros2_ws/install/generate_parameter_library/share/generate_parameter_library/cmake
[0.246s] -- Up-to-date: /home/adminlab/franka_ros2_ws/install/generate_parameter_library/share/generate_parameter_library/cmake/generate_parameter_library.cmake
[0.246s] -- Up-to-date: /home/adminlab/franka_ros2_ws/install/generate_parameter_library/share/ament_index/resource_index/package_run_dependencies/generate_parameter_library
[0.246s] -- Up-to-date: /home/adminlab/franka_ros2_ws/install/generate_parameter_library/share/ament_index/resource_index/parent_prefix_path/generate_parameter_library
[0.246s] -- Up-to-date: /home/adminlab/franka_ros2_ws/install/generate_parameter_library/share/generate_parameter_library/environment/ament_prefix_path.sh
[0.246s] -- Up-to-date: /home/adminlab/franka_ros2_ws/install/generate_parameter_library/share/generate_parameter_library/environment/ament_prefix_path.dsv
[0.246s] -- Up-to-date: /home/adminlab/franka_ros2_ws/install/generate_parameter_library/share/generate_parameter_library/environment/path.sh
[0.246s] -- Up-to-date: /home/adminlab/franka_ros2_ws/install/generate_parameter_library/share/generate_parameter_library/environment/path.dsv
[0.246s] -- Up-to-date: /home/adminlab/franka_ros2_ws/install/generate_parameter_library/share/generate_parameter_library/local_setup.bash
[0.246s] -- Up-to-date: /home/adminlab/franka_ros2_ws/install/generate_parameter_library/share/generate_parameter_library/local_setup.sh
[0.246s] -- Up-to-date: /home/adminlab/franka_ros2_ws/install/generate_parameter_library/share/generate_parameter_library/local_setup.zsh
[0.246s] -- Up-to-date: /home/adminlab/franka_ros2_ws/install/generate_parameter_library/share/generate_parameter_library/local_setup.dsv
[0.246s] -- Installing: /home/adminlab/franka_ros2_ws/install/generate_parameter_library/share/generate_parameter_library/package.dsv
[0.246s] -- Up-to-date: /home/adminlab/franka_ros2_ws/install/generate_parameter_library/share/ament_index/resource_index/packages/generate_parameter_library
[0.246s] -- Up-to-date: /home/adminlab/franka_ros2_ws/install/generate_parameter_library/share/generate_parameter_library/cmake/generate_parameter_library-extras.cmake
[0.246s] -- Up-to-date: /home/adminlab/franka_ros2_ws/install/generate_parameter_library/share/generate_parameter_library/cmake/generate_parameter_libraryConfig.cmake
[0.246s] -- Up-to-date: /home/adminlab/franka_ros2_ws/install/generate_parameter_library/share/generate_parameter_library/cmake/generate_parameter_libraryConfig-version.cmake
[0.246s] -- Up-to-date: /home/adminlab/franka_ros2_ws/install/generate_parameter_library/share/generate_parameter_library/package.xml
[0.259s] Invoked command in '/home/adminlab/franka_ros2_ws/build/generate_parameter_library' returned '0': AMENT_PREFIX_PATH=/home/adminlab/franka_ros2_ws/install/parameter_traits:/home/adminlab/franka_ros2_ws/install/generate_parameter_library_py:${AMENT_PREFIX_PATH} CMAKE_PREFIX_PATH=/home/adminlab/franka_ros2_ws/install/parameter_traits:/opt/ros/humble LD_LIBRARY_PATH=/home/adminlab/franka_ros2_ws/install/parameter_traits/lib:${LD_LIBRARY_PATH} PATH=/home/adminlab/franka_ros2_ws/install/generate_parameter_library_py/bin:${PATH} PYTHONPATH=/home/adminlab/franka_ros2_ws/install/generate_parameter_library_py/lib/python3.10/site-packages:${PYTHONPATH} /usr/bin/cmake --install /home/adminlab/franka_ros2_ws/build/generate_parameter_library
