[ 25%] Built target opencv_cam_node
[ 50%] Built target subscriber_node
[100%] Built target ipc_test_main
[100%] Built target opencv_cam_main
-- Install configuration: ""
-- Up-to-date: /home/adminlab/franka_ros2_ws/install/opencv_cam/share/opencv_cam/environment/library_path.sh
-- Up-to-date: /home/adminlab/franka_ros2_ws/install/opencv_cam/share/opencv_cam/environment/library_path.dsv
-- Up-to-date: /home/adminlab/franka_ros2_ws/install/opencv_cam/share/ament_index/resource_index/package_run_dependencies/opencv_cam
-- Up-to-date: /home/adminlab/franka_ros2_ws/install/opencv_cam/share/ament_index/resource_index/parent_prefix_path/opencv_cam
-- Up-to-date: /home/adminlab/franka_ros2_ws/install/opencv_cam/share/opencv_cam/environment/ament_prefix_path.sh
-- Up-to-date: /home/adminlab/franka_ros2_ws/install/opencv_cam/share/opencv_cam/environment/ament_prefix_path.dsv
-- Up-to-date: /home/adminlab/franka_ros2_ws/install/opencv_cam/share/opencv_cam/environment/path.sh
-- Up-to-date: /home/adminlab/franka_ros2_ws/install/opencv_cam/share/opencv_cam/environment/path.dsv
-- Up-to-date: /home/adminlab/franka_ros2_ws/install/opencv_cam/share/opencv_cam/local_setup.bash
-- Up-to-date: /home/adminlab/franka_ros2_ws/install/opencv_cam/share/opencv_cam/local_setup.sh
-- Up-to-date: /home/adminlab/franka_ros2_ws/install/opencv_cam/share/opencv_cam/local_setup.zsh
-- Up-to-date: /home/adminlab/franka_ros2_ws/install/opencv_cam/share/opencv_cam/local_setup.dsv
-- Installing: /home/adminlab/franka_ros2_ws/install/opencv_cam/share/opencv_cam/package.dsv
-- Up-to-date: /home/adminlab/franka_ros2_ws/install/opencv_cam/share/ament_index/resource_index/packages/opencv_cam
-- Up-to-date: /home/adminlab/franka_ros2_ws/install/opencv_cam/share/ament_index/resource_index/rclcpp_components/opencv_cam
-- Up-to-date: /home/adminlab/franka_ros2_ws/install/opencv_cam/share/opencv_cam/cmake/export_opencv_cam_nodeExport.cmake
-- Up-to-date: /home/adminlab/franka_ros2_ws/install/opencv_cam/share/opencv_cam/cmake/export_opencv_cam_nodeExport-noconfig.cmake
-- Up-to-date: /home/adminlab/franka_ros2_ws/install/opencv_cam/share/opencv_cam/cmake/export_subscriber_nodeExport.cmake
-- Up-to-date: /home/adminlab/franka_ros2_ws/install/opencv_cam/share/opencv_cam/cmake/export_subscriber_nodeExport-noconfig.cmake
-- Up-to-date: /home/adminlab/franka_ros2_ws/install/opencv_cam/share/opencv_cam/cmake/ament_cmake_export_dependencies-extras.cmake
-- Up-to-date: /home/adminlab/franka_ros2_ws/install/opencv_cam/share/opencv_cam/cmake/ament_cmake_export_include_directories-extras.cmake
-- Up-to-date: /home/adminlab/franka_ros2_ws/install/opencv_cam/share/opencv_cam/cmake/ament_cmake_export_targets-extras.cmake
-- Up-to-date: /home/adminlab/franka_ros2_ws/install/opencv_cam/share/opencv_cam/cmake/ament_cmake_export_libraries-extras.cmake
-- Up-to-date: /home/adminlab/franka_ros2_ws/install/opencv_cam/share/opencv_cam/cmake/opencv_camConfig.cmake
-- Up-to-date: /home/adminlab/franka_ros2_ws/install/opencv_cam/share/opencv_cam/cmake/opencv_camConfig-version.cmake
-- Up-to-date: /home/adminlab/franka_ros2_ws/install/opencv_cam/share/opencv_cam/package.xml
-- Up-to-date: /home/adminlab/franka_ros2_ws/install/opencv_cam/lib/libopencv_cam_node.so
-- Up-to-date: /home/adminlab/franka_ros2_ws/install/opencv_cam/lib/libsubscriber_node.so
-- Up-to-date: /home/adminlab/franka_ros2_ws/install/opencv_cam/lib/opencv_cam/opencv_cam_main
-- Up-to-date: /home/adminlab/franka_ros2_ws/install/opencv_cam/lib/opencv_cam/ipc_test_main
-- Up-to-date: /home/adminlab/franka_ros2_ws/install/opencv_cam/share/opencv_cam/launch
-- Up-to-date: /home/adminlab/franka_ros2_ws/install/opencv_cam/share/opencv_cam/launch/composition_launch.py
