running egg_info
creating ../../../build/generate_parameter_library_py/generate_parameter_library_py.egg-info
writing ../../../build/generate_parameter_library_py/generate_parameter_library_py.egg-info/PKG-INFO
writing dependency_links to ../../../build/generate_parameter_library_py/generate_parameter_library_py.egg-info/dependency_links.txt
writing entry points to ../../../build/generate_parameter_library_py/generate_parameter_library_py.egg-info/entry_points.txt
writing requirements to ../../../build/generate_parameter_library_py/generate_parameter_library_py.egg-info/requires.txt
writing top-level names to ../../../build/generate_parameter_library_py/generate_parameter_library_py.egg-info/top_level.txt
writing manifest file '../../../build/generate_parameter_library_py/generate_parameter_library_py.egg-info/SOURCES.txt'
reading manifest file '../../../build/generate_parameter_library_py/generate_parameter_library_py.egg-info/SOURCES.txt'
writing manifest file '../../../build/generate_parameter_library_py/generate_parameter_library_py.egg-info/SOURCES.txt'
running build
running build_py
creating /home/adminlab/franka_ros2_ws/build/generate_parameter_library_py/build
creating /home/adminlab/franka_ros2_ws/build/generate_parameter_library_py/build/lib
creating /home/adminlab/franka_ros2_ws/build/generate_parameter_library_py/build/lib/generate_parameter_library_py
copying generate_parameter_library_py/python_convertions.py -> /home/adminlab/franka_ros2_ws/build/generate_parameter_library_py/build/lib/generate_parameter_library_py
copying generate_parameter_library_py/__init__.py -> /home/adminlab/franka_ros2_ws/build/generate_parameter_library_py/build/lib/generate_parameter_library_py
copying generate_parameter_library_py/python_validators.py -> /home/adminlab/franka_ros2_ws/build/generate_parameter_library_py/build/lib/generate_parameter_library_py
copying generate_parameter_library_py/cpp_convertions.py -> /home/adminlab/franka_ros2_ws/build/generate_parameter_library_py/build/lib/generate_parameter_library_py
copying generate_parameter_library_py/generate_markdown.py -> /home/adminlab/franka_ros2_ws/build/generate_parameter_library_py/build/lib/generate_parameter_library_py
copying generate_parameter_library_py/setup_helper.py -> /home/adminlab/franka_ros2_ws/build/generate_parameter_library_py/build/lib/generate_parameter_library_py
copying generate_parameter_library_py/parse_yaml.py -> /home/adminlab/franka_ros2_ws/build/generate_parameter_library_py/build/lib/generate_parameter_library_py
copying generate_parameter_library_py/generate_cpp_header.py -> /home/adminlab/franka_ros2_ws/build/generate_parameter_library_py/build/lib/generate_parameter_library_py
copying generate_parameter_library_py/string_filters_cpp.py -> /home/adminlab/franka_ros2_ws/build/generate_parameter_library_py/build/lib/generate_parameter_library_py
copying generate_parameter_library_py/generate_python_module.py -> /home/adminlab/franka_ros2_ws/build/generate_parameter_library_py/build/lib/generate_parameter_library_py
creating /home/adminlab/franka_ros2_ws/build/generate_parameter_library_py/build/lib/generate_parameter_library_py/jinja_templates
creating /home/adminlab/franka_ros2_ws/build/generate_parameter_library_py/build/lib/generate_parameter_library_py/jinja_templates/cpp
copying generate_parameter_library_py/jinja_templates/cpp/declare_parameter -> /home/adminlab/franka_ros2_ws/build/generate_parameter_library_py/build/lib/generate_parameter_library_py/jinja_templates/cpp
copying generate_parameter_library_py/jinja_templates/cpp/declare_runtime_parameter -> /home/adminlab/franka_ros2_ws/build/generate_parameter_library_py/build/lib/generate_parameter_library_py/jinja_templates/cpp
copying generate_parameter_library_py/jinja_templates/cpp/declare_struct -> /home/adminlab/franka_ros2_ws/build/generate_parameter_library_py/build/lib/generate_parameter_library_py/jinja_templates/cpp
copying generate_parameter_library_py/jinja_templates/cpp/declare_variable -> /home/adminlab/franka_ros2_ws/build/generate_parameter_library_py/build/lib/generate_parameter_library_py/jinja_templates/cpp
copying generate_parameter_library_py/jinja_templates/cpp/parameter_library_header -> /home/adminlab/franka_ros2_ws/build/generate_parameter_library_py/build/lib/generate_parameter_library_py/jinja_templates/cpp
copying generate_parameter_library_py/jinja_templates/cpp/parameter_validation -> /home/adminlab/franka_ros2_ws/build/generate_parameter_library_py/build/lib/generate_parameter_library_py/jinja_templates/cpp
copying generate_parameter_library_py/jinja_templates/cpp/remove_runtime_parameter -> /home/adminlab/franka_ros2_ws/build/generate_parameter_library_py/build/lib/generate_parameter_library_py/jinja_templates/cpp
copying generate_parameter_library_py/jinja_templates/cpp/set_parameter -> /home/adminlab/franka_ros2_ws/build/generate_parameter_library_py/build/lib/generate_parameter_library_py/jinja_templates/cpp
copying generate_parameter_library_py/jinja_templates/cpp/set_runtime_parameter -> /home/adminlab/franka_ros2_ws/build/generate_parameter_library_py/build/lib/generate_parameter_library_py/jinja_templates/cpp
copying generate_parameter_library_py/jinja_templates/cpp/set_stack_params -> /home/adminlab/franka_ros2_ws/build/generate_parameter_library_py/build/lib/generate_parameter_library_py/jinja_templates/cpp
copying generate_parameter_library_py/jinja_templates/cpp/update_parameter -> /home/adminlab/franka_ros2_ws/build/generate_parameter_library_py/build/lib/generate_parameter_library_py/jinja_templates/cpp
copying generate_parameter_library_py/jinja_templates/cpp/update_runtime_parameter -> /home/adminlab/franka_ros2_ws/build/generate_parameter_library_py/build/lib/generate_parameter_library_py/jinja_templates/cpp
creating /home/adminlab/franka_ros2_ws/build/generate_parameter_library_py/build/lib/generate_parameter_library_py/jinja_templates/markdown
copying generate_parameter_library_py/jinja_templates/markdown/default_config -> /home/adminlab/franka_ros2_ws/build/generate_parameter_library_py/build/lib/generate_parameter_library_py/jinja_templates/markdown
copying generate_parameter_library_py/jinja_templates/markdown/documentation -> /home/adminlab/franka_ros2_ws/build/generate_parameter_library_py/build/lib/generate_parameter_library_py/jinja_templates/markdown
copying generate_parameter_library_py/jinja_templates/markdown/parameter_detail -> /home/adminlab/franka_ros2_ws/build/generate_parameter_library_py/build/lib/generate_parameter_library_py/jinja_templates/markdown
creating /home/adminlab/franka_ros2_ws/build/generate_parameter_library_py/build/lib/generate_parameter_library_py/jinja_templates/rst
copying generate_parameter_library_py/jinja_templates/rst/default_config -> /home/adminlab/franka_ros2_ws/build/generate_parameter_library_py/build/lib/generate_parameter_library_py/jinja_templates/rst
copying generate_parameter_library_py/jinja_templates/rst/documentation -> /home/adminlab/franka_ros2_ws/build/generate_parameter_library_py/build/lib/generate_parameter_library_py/jinja_templates/rst
copying generate_parameter_library_py/jinja_templates/rst/parameter_detail -> /home/adminlab/franka_ros2_ws/build/generate_parameter_library_py/build/lib/generate_parameter_library_py/jinja_templates/rst
creating /home/adminlab/franka_ros2_ws/build/generate_parameter_library_py/build/lib/generate_parameter_library_py/jinja_templates/python
copying generate_parameter_library_py/jinja_templates/python/declare_parameter -> /home/adminlab/franka_ros2_ws/build/generate_parameter_library_py/build/lib/generate_parameter_library_py/jinja_templates/python
copying generate_parameter_library_py/jinja_templates/python/declare_runtime_parameter -> /home/adminlab/franka_ros2_ws/build/generate_parameter_library_py/build/lib/generate_parameter_library_py/jinja_templates/python
copying generate_parameter_library_py/jinja_templates/python/declare_struct -> /home/adminlab/franka_ros2_ws/build/generate_parameter_library_py/build/lib/generate_parameter_library_py/jinja_templates/python
copying generate_parameter_library_py/jinja_templates/python/declare_variable -> /home/adminlab/franka_ros2_ws/build/generate_parameter_library_py/build/lib/generate_parameter_library_py/jinja_templates/python
copying generate_parameter_library_py/jinja_templates/python/parameter_library_header -> /home/adminlab/franka_ros2_ws/build/generate_parameter_library_py/build/lib/generate_parameter_library_py/jinja_templates/python
copying generate_parameter_library_py/jinja_templates/python/parameter_validation -> /home/adminlab/franka_ros2_ws/build/generate_parameter_library_py/build/lib/generate_parameter_library_py/jinja_templates/python
copying generate_parameter_library_py/jinja_templates/python/remove_runtime_parameter -> /home/adminlab/franka_ros2_ws/build/generate_parameter_library_py/build/lib/generate_parameter_library_py/jinja_templates/python
copying generate_parameter_library_py/jinja_templates/python/set_parameter -> /home/adminlab/franka_ros2_ws/build/generate_parameter_library_py/build/lib/generate_parameter_library_py/jinja_templates/python
copying generate_parameter_library_py/jinja_templates/python/set_runtime_parameter -> /home/adminlab/franka_ros2_ws/build/generate_parameter_library_py/build/lib/generate_parameter_library_py/jinja_templates/python
copying generate_parameter_library_py/jinja_templates/python/set_stack_params -> /home/adminlab/franka_ros2_ws/build/generate_parameter_library_py/build/lib/generate_parameter_library_py/jinja_templates/python
copying generate_parameter_library_py/jinja_templates/python/update_parameter -> /home/adminlab/franka_ros2_ws/build/generate_parameter_library_py/build/lib/generate_parameter_library_py/jinja_templates/python
copying generate_parameter_library_py/jinja_templates/python/update_runtime_parameter -> /home/adminlab/franka_ros2_ws/build/generate_parameter_library_py/build/lib/generate_parameter_library_py/jinja_templates/python
running install
running install_lib
creating /home/adminlab/franka_ros2_ws/install/generate_parameter_library_py/lib/python3.10/site-packages/generate_parameter_library_py
copying /home/adminlab/franka_ros2_ws/build/generate_parameter_library_py/build/lib/generate_parameter_library_py/python_convertions.py -> /home/adminlab/franka_ros2_ws/install/generate_parameter_library_py/lib/python3.10/site-packages/generate_parameter_library_py
copying /home/adminlab/franka_ros2_ws/build/generate_parameter_library_py/build/lib/generate_parameter_library_py/__init__.py -> /home/adminlab/franka_ros2_ws/install/generate_parameter_library_py/lib/python3.10/site-packages/generate_parameter_library_py
copying /home/adminlab/franka_ros2_ws/build/generate_parameter_library_py/build/lib/generate_parameter_library_py/python_validators.py -> /home/adminlab/franka_ros2_ws/install/generate_parameter_library_py/lib/python3.10/site-packages/generate_parameter_library_py
copying /home/adminlab/franka_ros2_ws/build/generate_parameter_library_py/build/lib/generate_parameter_library_py/cpp_convertions.py -> /home/adminlab/franka_ros2_ws/install/generate_parameter_library_py/lib/python3.10/site-packages/generate_parameter_library_py
copying /home/adminlab/franka_ros2_ws/build/generate_parameter_library_py/build/lib/generate_parameter_library_py/generate_markdown.py -> /home/adminlab/franka_ros2_ws/install/generate_parameter_library_py/lib/python3.10/site-packages/generate_parameter_library_py
copying /home/adminlab/franka_ros2_ws/build/generate_parameter_library_py/build/lib/generate_parameter_library_py/setup_helper.py -> /home/adminlab/franka_ros2_ws/install/generate_parameter_library_py/lib/python3.10/site-packages/generate_parameter_library_py
copying /home/adminlab/franka_ros2_ws/build/generate_parameter_library_py/build/lib/generate_parameter_library_py/parse_yaml.py -> /home/adminlab/franka_ros2_ws/install/generate_parameter_library_py/lib/python3.10/site-packages/generate_parameter_library_py
copying /home/adminlab/franka_ros2_ws/build/generate_parameter_library_py/build/lib/generate_parameter_library_py/generate_cpp_header.py -> /home/adminlab/franka_ros2_ws/install/generate_parameter_library_py/lib/python3.10/site-packages/generate_parameter_library_py
copying /home/adminlab/franka_ros2_ws/build/generate_parameter_library_py/build/lib/generate_parameter_library_py/string_filters_cpp.py -> /home/adminlab/franka_ros2_ws/install/generate_parameter_library_py/lib/python3.10/site-packages/generate_parameter_library_py
copying /home/adminlab/franka_ros2_ws/build/generate_parameter_library_py/build/lib/generate_parameter_library_py/generate_python_module.py -> /home/adminlab/franka_ros2_ws/install/generate_parameter_library_py/lib/python3.10/site-packages/generate_parameter_library_py
creating /home/adminlab/franka_ros2_ws/install/generate_parameter_library_py/lib/python3.10/site-packages/generate_parameter_library_py/jinja_templates
creating /home/adminlab/franka_ros2_ws/install/generate_parameter_library_py/lib/python3.10/site-packages/generate_parameter_library_py/jinja_templates/python
copying /home/adminlab/franka_ros2_ws/build/generate_parameter_library_py/build/lib/generate_parameter_library_py/jinja_templates/python/set_stack_params -> /home/adminlab/franka_ros2_ws/install/generate_parameter_library_py/lib/python3.10/site-packages/generate_parameter_library_py/jinja_templates/python
copying /home/adminlab/franka_ros2_ws/build/generate_parameter_library_py/build/lib/generate_parameter_library_py/jinja_templates/python/set_parameter -> /home/adminlab/franka_ros2_ws/install/generate_parameter_library_py/lib/python3.10/site-packages/generate_parameter_library_py/jinja_templates/python
copying /home/adminlab/franka_ros2_ws/build/generate_parameter_library_py/build/lib/generate_parameter_library_py/jinja_templates/python/declare_parameter -> /home/adminlab/franka_ros2_ws/install/generate_parameter_library_py/lib/python3.10/site-packages/generate_parameter_library_py/jinja_templates/python
copying /home/adminlab/franka_ros2_ws/build/generate_parameter_library_py/build/lib/generate_parameter_library_py/jinja_templates/python/declare_variable -> /home/adminlab/franka_ros2_ws/install/generate_parameter_library_py/lib/python3.10/site-packages/generate_parameter_library_py/jinja_templates/python
copying /home/adminlab/franka_ros2_ws/build/generate_parameter_library_py/build/lib/generate_parameter_library_py/jinja_templates/python/parameter_validation -> /home/adminlab/franka_ros2_ws/install/generate_parameter_library_py/lib/python3.10/site-packages/generate_parameter_library_py/jinja_templates/python
copying /home/adminlab/franka_ros2_ws/build/generate_parameter_library_py/build/lib/generate_parameter_library_py/jinja_templates/python/update_parameter -> /home/adminlab/franka_ros2_ws/install/generate_parameter_library_py/lib/python3.10/site-packages/generate_parameter_library_py/jinja_templates/python
copying /home/adminlab/franka_ros2_ws/build/generate_parameter_library_py/build/lib/generate_parameter_library_py/jinja_templates/python/update_runtime_parameter -> /home/adminlab/franka_ros2_ws/install/generate_parameter_library_py/lib/python3.10/site-packages/generate_parameter_library_py/jinja_templates/python
copying /home/adminlab/franka_ros2_ws/build/generate_parameter_library_py/build/lib/generate_parameter_library_py/jinja_templates/python/declare_runtime_parameter -> /home/adminlab/franka_ros2_ws/install/generate_parameter_library_py/lib/python3.10/site-packages/generate_parameter_library_py/jinja_templates/python
copying /home/adminlab/franka_ros2_ws/build/generate_parameter_library_py/build/lib/generate_parameter_library_py/jinja_templates/python/set_runtime_parameter -> /home/adminlab/franka_ros2_ws/install/generate_parameter_library_py/lib/python3.10/site-packages/generate_parameter_library_py/jinja_templates/python
copying /home/adminlab/franka_ros2_ws/build/generate_parameter_library_py/build/lib/generate_parameter_library_py/jinja_templates/python/parameter_library_header -> /home/adminlab/franka_ros2_ws/install/generate_parameter_library_py/lib/python3.10/site-packages/generate_parameter_library_py/jinja_templates/python
copying /home/adminlab/franka_ros2_ws/build/generate_parameter_library_py/build/lib/generate_parameter_library_py/jinja_templates/python/declare_struct -> /home/adminlab/franka_ros2_ws/install/generate_parameter_library_py/lib/python3.10/site-packages/generate_parameter_library_py/jinja_templates/python
copying /home/adminlab/franka_ros2_ws/build/generate_parameter_library_py/build/lib/generate_parameter_library_py/jinja_templates/python/remove_runtime_parameter -> /home/adminlab/franka_ros2_ws/install/generate_parameter_library_py/lib/python3.10/site-packages/generate_parameter_library_py/jinja_templates/python
creating /home/adminlab/franka_ros2_ws/install/generate_parameter_library_py/lib/python3.10/site-packages/generate_parameter_library_py/jinja_templates/markdown
copying /home/adminlab/franka_ros2_ws/build/generate_parameter_library_py/build/lib/generate_parameter_library_py/jinja_templates/markdown/default_config -> /home/adminlab/franka_ros2_ws/install/generate_parameter_library_py/lib/python3.10/site-packages/generate_parameter_library_py/jinja_templates/markdown
copying /home/adminlab/franka_ros2_ws/build/generate_parameter_library_py/build/lib/generate_parameter_library_py/jinja_templates/markdown/parameter_detail -> /home/adminlab/franka_ros2_ws/install/generate_parameter_library_py/lib/python3.10/site-packages/generate_parameter_library_py/jinja_templates/markdown
copying /home/adminlab/franka_ros2_ws/build/generate_parameter_library_py/build/lib/generate_parameter_library_py/jinja_templates/markdown/documentation -> /home/adminlab/franka_ros2_ws/install/generate_parameter_library_py/lib/python3.10/site-packages/generate_parameter_library_py/jinja_templates/markdown
creating /home/adminlab/franka_ros2_ws/install/generate_parameter_library_py/lib/python3.10/site-packages/generate_parameter_library_py/jinja_templates/rst
copying /home/adminlab/franka_ros2_ws/build/generate_parameter_library_py/build/lib/generate_parameter_library_py/jinja_templates/rst/default_config -> /home/adminlab/franka_ros2_ws/install/generate_parameter_library_py/lib/python3.10/site-packages/generate_parameter_library_py/jinja_templates/rst
copying /home/adminlab/franka_ros2_ws/build/generate_parameter_library_py/build/lib/generate_parameter_library_py/jinja_templates/rst/parameter_detail -> /home/adminlab/franka_ros2_ws/install/generate_parameter_library_py/lib/python3.10/site-packages/generate_parameter_library_py/jinja_templates/rst
copying /home/adminlab/franka_ros2_ws/build/generate_parameter_library_py/build/lib/generate_parameter_library_py/jinja_templates/rst/documentation -> /home/adminlab/franka_ros2_ws/install/generate_parameter_library_py/lib/python3.10/site-packages/generate_parameter_library_py/jinja_templates/rst
creating /home/adminlab/franka_ros2_ws/install/generate_parameter_library_py/lib/python3.10/site-packages/generate_parameter_library_py/jinja_templates/cpp
copying /home/adminlab/franka_ros2_ws/build/generate_parameter_library_py/build/lib/generate_parameter_library_py/jinja_templates/cpp/set_stack_params -> /home/adminlab/franka_ros2_ws/install/generate_parameter_library_py/lib/python3.10/site-packages/generate_parameter_library_py/jinja_templates/cpp
copying /home/adminlab/franka_ros2_ws/build/generate_parameter_library_py/build/lib/generate_parameter_library_py/jinja_templates/cpp/set_parameter -> /home/adminlab/franka_ros2_ws/install/generate_parameter_library_py/lib/python3.10/site-packages/generate_parameter_library_py/jinja_templates/cpp
copying /home/adminlab/franka_ros2_ws/build/generate_parameter_library_py/build/lib/generate_parameter_library_py/jinja_templates/cpp/declare_parameter -> /home/adminlab/franka_ros2_ws/install/generate_parameter_library_py/lib/python3.10/site-packages/generate_parameter_library_py/jinja_templates/cpp
copying /home/adminlab/franka_ros2_ws/build/generate_parameter_library_py/build/lib/generate_parameter_library_py/jinja_templates/cpp/declare_variable -> /home/adminlab/franka_ros2_ws/install/generate_parameter_library_py/lib/python3.10/site-packages/generate_parameter_library_py/jinja_templates/cpp
copying /home/adminlab/franka_ros2_ws/build/generate_parameter_library_py/build/lib/generate_parameter_library_py/jinja_templates/cpp/parameter_validation -> /home/adminlab/franka_ros2_ws/install/generate_parameter_library_py/lib/python3.10/site-packages/generate_parameter_library_py/jinja_templates/cpp
copying /home/adminlab/franka_ros2_ws/build/generate_parameter_library_py/build/lib/generate_parameter_library_py/jinja_templates/cpp/update_parameter -> /home/adminlab/franka_ros2_ws/install/generate_parameter_library_py/lib/python3.10/site-packages/generate_parameter_library_py/jinja_templates/cpp
copying /home/adminlab/franka_ros2_ws/build/generate_parameter_library_py/build/lib/generate_parameter_library_py/jinja_templates/cpp/update_runtime_parameter -> /home/adminlab/franka_ros2_ws/install/generate_parameter_library_py/lib/python3.10/site-packages/generate_parameter_library_py/jinja_templates/cpp
copying /home/adminlab/franka_ros2_ws/build/generate_parameter_library_py/build/lib/generate_parameter_library_py/jinja_templates/cpp/declare_runtime_parameter -> /home/adminlab/franka_ros2_ws/install/generate_parameter_library_py/lib/python3.10/site-packages/generate_parameter_library_py/jinja_templates/cpp
copying /home/adminlab/franka_ros2_ws/build/generate_parameter_library_py/build/lib/generate_parameter_library_py/jinja_templates/cpp/set_runtime_parameter -> /home/adminlab/franka_ros2_ws/install/generate_parameter_library_py/lib/python3.10/site-packages/generate_parameter_library_py/jinja_templates/cpp
copying /home/adminlab/franka_ros2_ws/build/generate_parameter_library_py/build/lib/generate_parameter_library_py/jinja_templates/cpp/parameter_library_header -> /home/adminlab/franka_ros2_ws/install/generate_parameter_library_py/lib/python3.10/site-packages/generate_parameter_library_py/jinja_templates/cpp
copying /home/adminlab/franka_ros2_ws/build/generate_parameter_library_py/build/lib/generate_parameter_library_py/jinja_templates/cpp/declare_struct -> /home/adminlab/franka_ros2_ws/install/generate_parameter_library_py/lib/python3.10/site-packages/generate_parameter_library_py/jinja_templates/cpp
copying /home/adminlab/franka_ros2_ws/build/generate_parameter_library_py/build/lib/generate_parameter_library_py/jinja_templates/cpp/remove_runtime_parameter -> /home/adminlab/franka_ros2_ws/install/generate_parameter_library_py/lib/python3.10/site-packages/generate_parameter_library_py/jinja_templates/cpp
byte-compiling /home/adminlab/franka_ros2_ws/install/generate_parameter_library_py/lib/python3.10/site-packages/generate_parameter_library_py/python_convertions.py to python_convertions.cpython-310.pyc
byte-compiling /home/adminlab/franka_ros2_ws/install/generate_parameter_library_py/lib/python3.10/site-packages/generate_parameter_library_py/__init__.py to __init__.cpython-310.pyc
byte-compiling /home/adminlab/franka_ros2_ws/install/generate_parameter_library_py/lib/python3.10/site-packages/generate_parameter_library_py/python_validators.py to python_validators.cpython-310.pyc
byte-compiling /home/adminlab/franka_ros2_ws/install/generate_parameter_library_py/lib/python3.10/site-packages/generate_parameter_library_py/cpp_convertions.py to cpp_convertions.cpython-310.pyc
byte-compiling /home/adminlab/franka_ros2_ws/install/generate_parameter_library_py/lib/python3.10/site-packages/generate_parameter_library_py/generate_markdown.py to generate_markdown.cpython-310.pyc
byte-compiling /home/adminlab/franka_ros2_ws/install/generate_parameter_library_py/lib/python3.10/site-packages/generate_parameter_library_py/setup_helper.py to setup_helper.cpython-310.pyc
byte-compiling /home/adminlab/franka_ros2_ws/install/generate_parameter_library_py/lib/python3.10/site-packages/generate_parameter_library_py/parse_yaml.py to parse_yaml.cpython-310.pyc
byte-compiling /home/adminlab/franka_ros2_ws/install/generate_parameter_library_py/lib/python3.10/site-packages/generate_parameter_library_py/generate_cpp_header.py to generate_cpp_header.cpython-310.pyc
byte-compiling /home/adminlab/franka_ros2_ws/install/generate_parameter_library_py/lib/python3.10/site-packages/generate_parameter_library_py/string_filters_cpp.py to string_filters_cpp.cpython-310.pyc
byte-compiling /home/adminlab/franka_ros2_ws/install/generate_parameter_library_py/lib/python3.10/site-packages/generate_parameter_library_py/generate_python_module.py to generate_python_module.cpython-310.pyc
running install_data
copying package.xml -> /home/adminlab/franka_ros2_ws/install/generate_parameter_library_py/share/generate_parameter_library_py
creating /home/adminlab/franka_ros2_ws/install/generate_parameter_library_py/share/generate_parameter_library_py/test
copying generate_parameter_library_py/test/wrong_default_type.yaml -> /home/adminlab/franka_ros2_ws/install/generate_parameter_library_py/share/generate_parameter_library_py/test
copying generate_parameter_library_py/test/missing_type.yaml -> /home/adminlab/franka_ros2_ws/install/generate_parameter_library_py/share/generate_parameter_library_py/test
copying generate_parameter_library_py/test/invalid_syntax.yaml -> /home/adminlab/franka_ros2_ws/install/generate_parameter_library_py/share/generate_parameter_library_py/test
copying generate_parameter_library_py/test/invalid_parameter_type.yaml -> /home/adminlab/franka_ros2_ws/install/generate_parameter_library_py/share/generate_parameter_library_py/test
copying generate_parameter_library_py/test/valid_parameters.yaml -> /home/adminlab/franka_ros2_ws/install/generate_parameter_library_py/share/generate_parameter_library_py/test
copying generate_parameter_library_py/test/valid_parameters_with_none_type.yaml -> /home/adminlab/franka_ros2_ws/install/generate_parameter_library_py/share/generate_parameter_library_py/test
creating /home/adminlab/franka_ros2_ws/install/generate_parameter_library_py/share/ament_index
creating /home/adminlab/franka_ros2_ws/install/generate_parameter_library_py/share/ament_index/resource_index
creating /home/adminlab/franka_ros2_ws/install/generate_parameter_library_py/share/ament_index/resource_index/packages
copying resource/generate_parameter_library_py -> /home/adminlab/franka_ros2_ws/install/generate_parameter_library_py/share/ament_index/resource_index/packages
running install_egg_info
Copying ../../../build/generate_parameter_library_py/generate_parameter_library_py.egg-info to /home/adminlab/franka_ros2_ws/install/generate_parameter_library_py/lib/python3.10/site-packages/generate_parameter_library_py-0.3.7-py3.10.egg-info
running install_scripts
Installing generate_parameter_library_cpp script to /home/adminlab/franka_ros2_ws/install/generate_parameter_library_py/bin
Installing generate_parameter_library_markdown script to /home/adminlab/franka_ros2_ws/install/generate_parameter_library_py/bin
Installing generate_parameter_library_python script to /home/adminlab/franka_ros2_ws/install/generate_parameter_library_py/bin
writing list of installed files to '/home/adminlab/franka_ros2_ws/build/generate_parameter_library_py/install.log'
