[1.127s] Invoking command in '/home/adminlab/franka_ros2_ws/src/generate_parameter_library/generate_parameter_library_py': PYTHONPATH=/home/adminlab/franka_ros2_ws/build/generate_parameter_library_py/prefix_override:/home/adminlab/franka_ros2_ws/install/generate_parameter_library_py/lib/python3.10/site-packages:${PYTHONPATH} /usr/bin/python3 -W ignore:setup.py install is deprecated setup.py egg_info --egg-base ../../../build/generate_parameter_library_py build --build-base /home/adminlab/franka_ros2_ws/build/generate_parameter_library_py/build install --record /home/adminlab/franka_ros2_ws/build/generate_parameter_library_py/install.log --single-version-externally-managed install_data
[1.373s] running egg_info
[1.373s] creating ../../../build/generate_parameter_library_py/generate_parameter_library_py.egg-info
[1.373s] writing ../../../build/generate_parameter_library_py/generate_parameter_library_py.egg-info/PKG-INFO
[1.373s] writing dependency_links to ../../../build/generate_parameter_library_py/generate_parameter_library_py.egg-info/dependency_links.txt
[1.373s] writing entry points to ../../../build/generate_parameter_library_py/generate_parameter_library_py.egg-info/entry_points.txt
[1.373s] writing requirements to ../../../build/generate_parameter_library_py/generate_parameter_library_py.egg-info/requires.txt
[1.373s] writing top-level names to ../../../build/generate_parameter_library_py/generate_parameter_library_py.egg-info/top_level.txt
[1.373s] writing manifest file '../../../build/generate_parameter_library_py/generate_parameter_library_py.egg-info/SOURCES.txt'
[1.375s] reading manifest file '../../../build/generate_parameter_library_py/generate_parameter_library_py.egg-info/SOURCES.txt'
[1.376s] writing manifest file '../../../build/generate_parameter_library_py/generate_parameter_library_py.egg-info/SOURCES.txt'
[1.377s] running build
[1.377s] running build_py
[1.377s] creating /home/adminlab/franka_ros2_ws/build/generate_parameter_library_py/build
[1.377s] creating /home/adminlab/franka_ros2_ws/build/generate_parameter_library_py/build/lib
[1.377s] creating /home/adminlab/franka_ros2_ws/build/generate_parameter_library_py/build/lib/generate_parameter_library_py
[1.377s] copying generate_parameter_library_py/python_convertions.py -> /home/adminlab/franka_ros2_ws/build/generate_parameter_library_py/build/lib/generate_parameter_library_py
[1.378s] copying generate_parameter_library_py/__init__.py -> /home/adminlab/franka_ros2_ws/build/generate_parameter_library_py/build/lib/generate_parameter_library_py
[1.378s] copying generate_parameter_library_py/python_validators.py -> /home/adminlab/franka_ros2_ws/build/generate_parameter_library_py/build/lib/generate_parameter_library_py
[1.378s] copying generate_parameter_library_py/cpp_convertions.py -> /home/adminlab/franka_ros2_ws/build/generate_parameter_library_py/build/lib/generate_parameter_library_py
[1.379s] copying generate_parameter_library_py/generate_markdown.py -> /home/adminlab/franka_ros2_ws/build/generate_parameter_library_py/build/lib/generate_parameter_library_py
[1.379s] copying generate_parameter_library_py/setup_helper.py -> /home/adminlab/franka_ros2_ws/build/generate_parameter_library_py/build/lib/generate_parameter_library_py
[1.379s] copying generate_parameter_library_py/parse_yaml.py -> /home/adminlab/franka_ros2_ws/build/generate_parameter_library_py/build/lib/generate_parameter_library_py
[1.379s] copying generate_parameter_library_py/generate_cpp_header.py -> /home/adminlab/franka_ros2_ws/build/generate_parameter_library_py/build/lib/generate_parameter_library_py
[1.379s] copying generate_parameter_library_py/string_filters_cpp.py -> /home/adminlab/franka_ros2_ws/build/generate_parameter_library_py/build/lib/generate_parameter_library_py
[1.379s] copying generate_parameter_library_py/generate_python_module.py -> /home/adminlab/franka_ros2_ws/build/generate_parameter_library_py/build/lib/generate_parameter_library_py
[1.381s] creating /home/adminlab/franka_ros2_ws/build/generate_parameter_library_py/build/lib/generate_parameter_library_py/jinja_templates
[1.381s] creating /home/adminlab/franka_ros2_ws/build/generate_parameter_library_py/build/lib/generate_parameter_library_py/jinja_templates/cpp
[1.381s] copying generate_parameter_library_py/jinja_templates/cpp/declare_parameter -> /home/adminlab/franka_ros2_ws/build/generate_parameter_library_py/build/lib/generate_parameter_library_py/jinja_templates/cpp
[1.381s] copying generate_parameter_library_py/jinja_templates/cpp/declare_runtime_parameter -> /home/adminlab/franka_ros2_ws/build/generate_parameter_library_py/build/lib/generate_parameter_library_py/jinja_templates/cpp
[1.381s] copying generate_parameter_library_py/jinja_templates/cpp/declare_struct -> /home/adminlab/franka_ros2_ws/build/generate_parameter_library_py/build/lib/generate_parameter_library_py/jinja_templates/cpp
[1.381s] copying generate_parameter_library_py/jinja_templates/cpp/declare_variable -> /home/adminlab/franka_ros2_ws/build/generate_parameter_library_py/build/lib/generate_parameter_library_py/jinja_templates/cpp
[1.381s] copying generate_parameter_library_py/jinja_templates/cpp/parameter_library_header -> /home/adminlab/franka_ros2_ws/build/generate_parameter_library_py/build/lib/generate_parameter_library_py/jinja_templates/cpp
[1.383s] copying generate_parameter_library_py/jinja_templates/cpp/parameter_validation -> /home/adminlab/franka_ros2_ws/build/generate_parameter_library_py/build/lib/generate_parameter_library_py/jinja_templates/cpp
[1.383s] copying generate_parameter_library_py/jinja_templates/cpp/remove_runtime_parameter -> /home/adminlab/franka_ros2_ws/build/generate_parameter_library_py/build/lib/generate_parameter_library_py/jinja_templates/cpp
[1.385s] copying generate_parameter_library_py/jinja_templates/cpp/set_parameter -> /home/adminlab/franka_ros2_ws/build/generate_parameter_library_py/build/lib/generate_parameter_library_py/jinja_templates/cpp
[1.385s] copying generate_parameter_library_py/jinja_templates/cpp/set_runtime_parameter -> /home/adminlab/franka_ros2_ws/build/generate_parameter_library_py/build/lib/generate_parameter_library_py/jinja_templates/cpp
[1.385s] copying generate_parameter_library_py/jinja_templates/cpp/set_stack_params -> /home/adminlab/franka_ros2_ws/build/generate_parameter_library_py/build/lib/generate_parameter_library_py/jinja_templates/cpp
[1.385s] copying generate_parameter_library_py/jinja_templates/cpp/update_parameter -> /home/adminlab/franka_ros2_ws/build/generate_parameter_library_py/build/lib/generate_parameter_library_py/jinja_templates/cpp
[1.386s] copying generate_parameter_library_py/jinja_templates/cpp/update_runtime_parameter -> /home/adminlab/franka_ros2_ws/build/generate_parameter_library_py/build/lib/generate_parameter_library_py/jinja_templates/cpp
[1.386s] creating /home/adminlab/franka_ros2_ws/build/generate_parameter_library_py/build/lib/generate_parameter_library_py/jinja_templates/markdown
[1.387s] copying generate_parameter_library_py/jinja_templates/markdown/default_config -> /home/adminlab/franka_ros2_ws/build/generate_parameter_library_py/build/lib/generate_parameter_library_py/jinja_templates/markdown
[1.387s] copying generate_parameter_library_py/jinja_templates/markdown/documentation -> /home/adminlab/franka_ros2_ws/build/generate_parameter_library_py/build/lib/generate_parameter_library_py/jinja_templates/markdown
[1.387s] copying generate_parameter_library_py/jinja_templates/markdown/parameter_detail -> /home/adminlab/franka_ros2_ws/build/generate_parameter_library_py/build/lib/generate_parameter_library_py/jinja_templates/markdown
[1.387s] creating /home/adminlab/franka_ros2_ws/build/generate_parameter_library_py/build/lib/generate_parameter_library_py/jinja_templates/rst
[1.387s] copying generate_parameter_library_py/jinja_templates/rst/default_config -> /home/adminlab/franka_ros2_ws/build/generate_parameter_library_py/build/lib/generate_parameter_library_py/jinja_templates/rst
[1.387s] copying generate_parameter_library_py/jinja_templates/rst/documentation -> /home/adminlab/franka_ros2_ws/build/generate_parameter_library_py/build/lib/generate_parameter_library_py/jinja_templates/rst
[1.387s] copying generate_parameter_library_py/jinja_templates/rst/parameter_detail -> /home/adminlab/franka_ros2_ws/build/generate_parameter_library_py/build/lib/generate_parameter_library_py/jinja_templates/rst
[1.387s] creating /home/adminlab/franka_ros2_ws/build/generate_parameter_library_py/build/lib/generate_parameter_library_py/jinja_templates/python
[1.387s] copying generate_parameter_library_py/jinja_templates/python/declare_parameter -> /home/adminlab/franka_ros2_ws/build/generate_parameter_library_py/build/lib/generate_parameter_library_py/jinja_templates/python
[1.387s] copying generate_parameter_library_py/jinja_templates/python/declare_runtime_parameter -> /home/adminlab/franka_ros2_ws/build/generate_parameter_library_py/build/lib/generate_parameter_library_py/jinja_templates/python
[1.387s] copying generate_parameter_library_py/jinja_templates/python/declare_struct -> /home/adminlab/franka_ros2_ws/build/generate_parameter_library_py/build/lib/generate_parameter_library_py/jinja_templates/python
[1.387s] copying generate_parameter_library_py/jinja_templates/python/declare_variable -> /home/adminlab/franka_ros2_ws/build/generate_parameter_library_py/build/lib/generate_parameter_library_py/jinja_templates/python
[1.387s] copying generate_parameter_library_py/jinja_templates/python/parameter_library_header -> /home/adminlab/franka_ros2_ws/build/generate_parameter_library_py/build/lib/generate_parameter_library_py/jinja_templates/python
[1.388s] copying generate_parameter_library_py/jinja_templates/python/parameter_validation -> /home/adminlab/franka_ros2_ws/build/generate_parameter_library_py/build/lib/generate_parameter_library_py/jinja_templates/python
[1.388s] copying generate_parameter_library_py/jinja_templates/python/remove_runtime_parameter -> /home/adminlab/franka_ros2_ws/build/generate_parameter_library_py/build/lib/generate_parameter_library_py/jinja_templates/python
[1.388s] copying generate_parameter_library_py/jinja_templates/python/set_parameter -> /home/adminlab/franka_ros2_ws/build/generate_parameter_library_py/build/lib/generate_parameter_library_py/jinja_templates/python
[1.389s] copying generate_parameter_library_py/jinja_templates/python/set_runtime_parameter -> /home/adminlab/franka_ros2_ws/build/generate_parameter_library_py/build/lib/generate_parameter_library_py/jinja_templates/python
[1.395s] copying generate_parameter_library_py/jinja_templates/python/set_stack_params -> /home/adminlab/franka_ros2_ws/build/generate_parameter_library_py/build/lib/generate_parameter_library_py/jinja_templates/python
[1.395s] copying generate_parameter_library_py/jinja_templates/python/update_parameter -> /home/adminlab/franka_ros2_ws/build/generate_parameter_library_py/build/lib/generate_parameter_library_py/jinja_templates/python
[1.396s] copying generate_parameter_library_py/jinja_templates/python/update_runtime_parameter -> /home/adminlab/franka_ros2_ws/build/generate_parameter_library_py/build/lib/generate_parameter_library_py/jinja_templates/python
[1.396s] running install
[1.396s] running install_lib
[1.397s] creating /home/adminlab/franka_ros2_ws/install/generate_parameter_library_py/lib/python3.10/site-packages/generate_parameter_library_py
[1.397s] copying /home/adminlab/franka_ros2_ws/build/generate_parameter_library_py/build/lib/generate_parameter_library_py/python_convertions.py -> /home/adminlab/franka_ros2_ws/install/generate_parameter_library_py/lib/python3.10/site-packages/generate_parameter_library_py
[1.397s] copying /home/adminlab/franka_ros2_ws/build/generate_parameter_library_py/build/lib/generate_parameter_library_py/__init__.py -> /home/adminlab/franka_ros2_ws/install/generate_parameter_library_py/lib/python3.10/site-packages/generate_parameter_library_py
[1.397s] copying /home/adminlab/franka_ros2_ws/build/generate_parameter_library_py/build/lib/generate_parameter_library_py/python_validators.py -> /home/adminlab/franka_ros2_ws/install/generate_parameter_library_py/lib/python3.10/site-packages/generate_parameter_library_py
[1.397s] copying /home/adminlab/franka_ros2_ws/build/generate_parameter_library_py/build/lib/generate_parameter_library_py/cpp_convertions.py -> /home/adminlab/franka_ros2_ws/install/generate_parameter_library_py/lib/python3.10/site-packages/generate_parameter_library_py
[1.397s] copying /home/adminlab/franka_ros2_ws/build/generate_parameter_library_py/build/lib/generate_parameter_library_py/generate_markdown.py -> /home/adminlab/franka_ros2_ws/install/generate_parameter_library_py/lib/python3.10/site-packages/generate_parameter_library_py
[1.397s] copying /home/adminlab/franka_ros2_ws/build/generate_parameter_library_py/build/lib/generate_parameter_library_py/setup_helper.py -> /home/adminlab/franka_ros2_ws/install/generate_parameter_library_py/lib/python3.10/site-packages/generate_parameter_library_py
[1.397s] copying /home/adminlab/franka_ros2_ws/build/generate_parameter_library_py/build/lib/generate_parameter_library_py/parse_yaml.py -> /home/adminlab/franka_ros2_ws/install/generate_parameter_library_py/lib/python3.10/site-packages/generate_parameter_library_py
[1.397s] copying /home/adminlab/franka_ros2_ws/build/generate_parameter_library_py/build/lib/generate_parameter_library_py/generate_cpp_header.py -> /home/adminlab/franka_ros2_ws/install/generate_parameter_library_py/lib/python3.10/site-packages/generate_parameter_library_py
[1.397s] copying /home/adminlab/franka_ros2_ws/build/generate_parameter_library_py/build/lib/generate_parameter_library_py/string_filters_cpp.py -> /home/adminlab/franka_ros2_ws/install/generate_parameter_library_py/lib/python3.10/site-packages/generate_parameter_library_py
[1.397s] copying /home/adminlab/franka_ros2_ws/build/generate_parameter_library_py/build/lib/generate_parameter_library_py/generate_python_module.py -> /home/adminlab/franka_ros2_ws/install/generate_parameter_library_py/lib/python3.10/site-packages/generate_parameter_library_py
[1.398s] creating /home/adminlab/franka_ros2_ws/install/generate_parameter_library_py/lib/python3.10/site-packages/generate_parameter_library_py/jinja_templates
[1.398s] creating /home/adminlab/franka_ros2_ws/install/generate_parameter_library_py/lib/python3.10/site-packages/generate_parameter_library_py/jinja_templates/python
[1.398s] copying /home/adminlab/franka_ros2_ws/build/generate_parameter_library_py/build/lib/generate_parameter_library_py/jinja_templates/python/set_stack_params -> /home/adminlab/franka_ros2_ws/install/generate_parameter_library_py/lib/python3.10/site-packages/generate_parameter_library_py/jinja_templates/python
[1.398s] copying /home/adminlab/franka_ros2_ws/build/generate_parameter_library_py/build/lib/generate_parameter_library_py/jinja_templates/python/set_parameter -> /home/adminlab/franka_ros2_ws/install/generate_parameter_library_py/lib/python3.10/site-packages/generate_parameter_library_py/jinja_templates/python
[1.398s] copying /home/adminlab/franka_ros2_ws/build/generate_parameter_library_py/build/lib/generate_parameter_library_py/jinja_templates/python/declare_parameter -> /home/adminlab/franka_ros2_ws/install/generate_parameter_library_py/lib/python3.10/site-packages/generate_parameter_library_py/jinja_templates/python
[1.398s] copying /home/adminlab/franka_ros2_ws/build/generate_parameter_library_py/build/lib/generate_parameter_library_py/jinja_templates/python/declare_variable -> /home/adminlab/franka_ros2_ws/install/generate_parameter_library_py/lib/python3.10/site-packages/generate_parameter_library_py/jinja_templates/python
[1.398s] copying /home/adminlab/franka_ros2_ws/build/generate_parameter_library_py/build/lib/generate_parameter_library_py/jinja_templates/python/parameter_validation -> /home/adminlab/franka_ros2_ws/install/generate_parameter_library_py/lib/python3.10/site-packages/generate_parameter_library_py/jinja_templates/python
[1.398s] copying /home/adminlab/franka_ros2_ws/build/generate_parameter_library_py/build/lib/generate_parameter_library_py/jinja_templates/python/update_parameter -> /home/adminlab/franka_ros2_ws/install/generate_parameter_library_py/lib/python3.10/site-packages/generate_parameter_library_py/jinja_templates/python
[1.398s] copying /home/adminlab/franka_ros2_ws/build/generate_parameter_library_py/build/lib/generate_parameter_library_py/jinja_templates/python/update_runtime_parameter -> /home/adminlab/franka_ros2_ws/install/generate_parameter_library_py/lib/python3.10/site-packages/generate_parameter_library_py/jinja_templates/python
[1.398s] copying /home/adminlab/franka_ros2_ws/build/generate_parameter_library_py/build/lib/generate_parameter_library_py/jinja_templates/python/declare_runtime_parameter -> /home/adminlab/franka_ros2_ws/install/generate_parameter_library_py/lib/python3.10/site-packages/generate_parameter_library_py/jinja_templates/python
[1.398s] copying /home/adminlab/franka_ros2_ws/build/generate_parameter_library_py/build/lib/generate_parameter_library_py/jinja_templates/python/set_runtime_parameter -> /home/adminlab/franka_ros2_ws/install/generate_parameter_library_py/lib/python3.10/site-packages/generate_parameter_library_py/jinja_templates/python
[1.398s] copying /home/adminlab/franka_ros2_ws/build/generate_parameter_library_py/build/lib/generate_parameter_library_py/jinja_templates/python/parameter_library_header -> /home/adminlab/franka_ros2_ws/install/generate_parameter_library_py/lib/python3.10/site-packages/generate_parameter_library_py/jinja_templates/python
[1.399s] copying /home/adminlab/franka_ros2_ws/build/generate_parameter_library_py/build/lib/generate_parameter_library_py/jinja_templates/python/declare_struct -> /home/adminlab/franka_ros2_ws/install/generate_parameter_library_py/lib/python3.10/site-packages/generate_parameter_library_py/jinja_templates/python
[1.399s] copying /home/adminlab/franka_ros2_ws/build/generate_parameter_library_py/build/lib/generate_parameter_library_py/jinja_templates/python/remove_runtime_parameter -> /home/adminlab/franka_ros2_ws/install/generate_parameter_library_py/lib/python3.10/site-packages/generate_parameter_library_py/jinja_templates/python
[1.399s] creating /home/adminlab/franka_ros2_ws/install/generate_parameter_library_py/lib/python3.10/site-packages/generate_parameter_library_py/jinja_templates/markdown
[1.399s] copying /home/adminlab/franka_ros2_ws/build/generate_parameter_library_py/build/lib/generate_parameter_library_py/jinja_templates/markdown/default_config -> /home/adminlab/franka_ros2_ws/install/generate_parameter_library_py/lib/python3.10/site-packages/generate_parameter_library_py/jinja_templates/markdown
[1.399s] copying /home/adminlab/franka_ros2_ws/build/generate_parameter_library_py/build/lib/generate_parameter_library_py/jinja_templates/markdown/parameter_detail -> /home/adminlab/franka_ros2_ws/install/generate_parameter_library_py/lib/python3.10/site-packages/generate_parameter_library_py/jinja_templates/markdown
[1.399s] copying /home/adminlab/franka_ros2_ws/build/generate_parameter_library_py/build/lib/generate_parameter_library_py/jinja_templates/markdown/documentation -> /home/adminlab/franka_ros2_ws/install/generate_parameter_library_py/lib/python3.10/site-packages/generate_parameter_library_py/jinja_templates/markdown
[1.399s] creating /home/adminlab/franka_ros2_ws/install/generate_parameter_library_py/lib/python3.10/site-packages/generate_parameter_library_py/jinja_templates/rst
[1.399s] copying /home/adminlab/franka_ros2_ws/build/generate_parameter_library_py/build/lib/generate_parameter_library_py/jinja_templates/rst/default_config -> /home/adminlab/franka_ros2_ws/install/generate_parameter_library_py/lib/python3.10/site-packages/generate_parameter_library_py/jinja_templates/rst
[1.399s] copying /home/adminlab/franka_ros2_ws/build/generate_parameter_library_py/build/lib/generate_parameter_library_py/jinja_templates/rst/parameter_detail -> /home/adminlab/franka_ros2_ws/install/generate_parameter_library_py/lib/python3.10/site-packages/generate_parameter_library_py/jinja_templates/rst
[1.400s] copying /home/adminlab/franka_ros2_ws/build/generate_parameter_library_py/build/lib/generate_parameter_library_py/jinja_templates/rst/documentation -> /home/adminlab/franka_ros2_ws/install/generate_parameter_library_py/lib/python3.10/site-packages/generate_parameter_library_py/jinja_templates/rst
[1.400s] creating /home/adminlab/franka_ros2_ws/install/generate_parameter_library_py/lib/python3.10/site-packages/generate_parameter_library_py/jinja_templates/cpp
[1.400s] copying /home/adminlab/franka_ros2_ws/build/generate_parameter_library_py/build/lib/generate_parameter_library_py/jinja_templates/cpp/set_stack_params -> /home/adminlab/franka_ros2_ws/install/generate_parameter_library_py/lib/python3.10/site-packages/generate_parameter_library_py/jinja_templates/cpp
[1.400s] copying /home/adminlab/franka_ros2_ws/build/generate_parameter_library_py/build/lib/generate_parameter_library_py/jinja_templates/cpp/set_parameter -> /home/adminlab/franka_ros2_ws/install/generate_parameter_library_py/lib/python3.10/site-packages/generate_parameter_library_py/jinja_templates/cpp
[1.400s] copying /home/adminlab/franka_ros2_ws/build/generate_parameter_library_py/build/lib/generate_parameter_library_py/jinja_templates/cpp/declare_parameter -> /home/adminlab/franka_ros2_ws/install/generate_parameter_library_py/lib/python3.10/site-packages/generate_parameter_library_py/jinja_templates/cpp
[1.400s] copying /home/adminlab/franka_ros2_ws/build/generate_parameter_library_py/build/lib/generate_parameter_library_py/jinja_templates/cpp/declare_variable -> /home/adminlab/franka_ros2_ws/install/generate_parameter_library_py/lib/python3.10/site-packages/generate_parameter_library_py/jinja_templates/cpp
[1.400s] copying /home/adminlab/franka_ros2_ws/build/generate_parameter_library_py/build/lib/generate_parameter_library_py/jinja_templates/cpp/parameter_validation -> /home/adminlab/franka_ros2_ws/install/generate_parameter_library_py/lib/python3.10/site-packages/generate_parameter_library_py/jinja_templates/cpp
[1.400s] copying /home/adminlab/franka_ros2_ws/build/generate_parameter_library_py/build/lib/generate_parameter_library_py/jinja_templates/cpp/update_parameter -> /home/adminlab/franka_ros2_ws/install/generate_parameter_library_py/lib/python3.10/site-packages/generate_parameter_library_py/jinja_templates/cpp
[1.400s] copying /home/adminlab/franka_ros2_ws/build/generate_parameter_library_py/build/lib/generate_parameter_library_py/jinja_templates/cpp/update_runtime_parameter -> /home/adminlab/franka_ros2_ws/install/generate_parameter_library_py/lib/python3.10/site-packages/generate_parameter_library_py/jinja_templates/cpp
[1.400s] copying /home/adminlab/franka_ros2_ws/build/generate_parameter_library_py/build/lib/generate_parameter_library_py/jinja_templates/cpp/declare_runtime_parameter -> /home/adminlab/franka_ros2_ws/install/generate_parameter_library_py/lib/python3.10/site-packages/generate_parameter_library_py/jinja_templates/cpp
[1.400s] copying /home/adminlab/franka_ros2_ws/build/generate_parameter_library_py/build/lib/generate_parameter_library_py/jinja_templates/cpp/set_runtime_parameter -> /home/adminlab/franka_ros2_ws/install/generate_parameter_library_py/lib/python3.10/site-packages/generate_parameter_library_py/jinja_templates/cpp
[1.400s] copying /home/adminlab/franka_ros2_ws/build/generate_parameter_library_py/build/lib/generate_parameter_library_py/jinja_templates/cpp/parameter_library_header -> /home/adminlab/franka_ros2_ws/install/generate_parameter_library_py/lib/python3.10/site-packages/generate_parameter_library_py/jinja_templates/cpp
[1.400s] copying /home/adminlab/franka_ros2_ws/build/generate_parameter_library_py/build/lib/generate_parameter_library_py/jinja_templates/cpp/declare_struct -> /home/adminlab/franka_ros2_ws/install/generate_parameter_library_py/lib/python3.10/site-packages/generate_parameter_library_py/jinja_templates/cpp
[1.401s] copying /home/adminlab/franka_ros2_ws/build/generate_parameter_library_py/build/lib/generate_parameter_library_py/jinja_templates/cpp/remove_runtime_parameter -> /home/adminlab/franka_ros2_ws/install/generate_parameter_library_py/lib/python3.10/site-packages/generate_parameter_library_py/jinja_templates/cpp
[1.401s] byte-compiling /home/adminlab/franka_ros2_ws/install/generate_parameter_library_py/lib/python3.10/site-packages/generate_parameter_library_py/python_convertions.py to python_convertions.cpython-310.pyc
[1.401s] byte-compiling /home/adminlab/franka_ros2_ws/install/generate_parameter_library_py/lib/python3.10/site-packages/generate_parameter_library_py/__init__.py to __init__.cpython-310.pyc
[1.401s] byte-compiling /home/adminlab/franka_ros2_ws/install/generate_parameter_library_py/lib/python3.10/site-packages/generate_parameter_library_py/python_validators.py to python_validators.cpython-310.pyc
[1.401s] byte-compiling /home/adminlab/franka_ros2_ws/install/generate_parameter_library_py/lib/python3.10/site-packages/generate_parameter_library_py/cpp_convertions.py to cpp_convertions.cpython-310.pyc
[1.401s] byte-compiling /home/adminlab/franka_ros2_ws/install/generate_parameter_library_py/lib/python3.10/site-packages/generate_parameter_library_py/generate_markdown.py to generate_markdown.cpython-310.pyc
[1.402s] byte-compiling /home/adminlab/franka_ros2_ws/install/generate_parameter_library_py/lib/python3.10/site-packages/generate_parameter_library_py/setup_helper.py to setup_helper.cpython-310.pyc
[1.402s] byte-compiling /home/adminlab/franka_ros2_ws/install/generate_parameter_library_py/lib/python3.10/site-packages/generate_parameter_library_py/parse_yaml.py to parse_yaml.cpython-310.pyc
[1.408s] byte-compiling /home/adminlab/franka_ros2_ws/install/generate_parameter_library_py/lib/python3.10/site-packages/generate_parameter_library_py/generate_cpp_header.py to generate_cpp_header.cpython-310.pyc
[1.408s] byte-compiling /home/adminlab/franka_ros2_ws/install/generate_parameter_library_py/lib/python3.10/site-packages/generate_parameter_library_py/string_filters_cpp.py to string_filters_cpp.cpython-310.pyc
[1.408s] byte-compiling /home/adminlab/franka_ros2_ws/install/generate_parameter_library_py/lib/python3.10/site-packages/generate_parameter_library_py/generate_python_module.py to generate_python_module.cpython-310.pyc
[1.409s] running install_data
[1.409s] copying package.xml -> /home/adminlab/franka_ros2_ws/install/generate_parameter_library_py/share/generate_parameter_library_py
[1.409s] creating /home/adminlab/franka_ros2_ws/install/generate_parameter_library_py/share/generate_parameter_library_py/test
[1.409s] copying generate_parameter_library_py/test/wrong_default_type.yaml -> /home/adminlab/franka_ros2_ws/install/generate_parameter_library_py/share/generate_parameter_library_py/test
[1.409s] copying generate_parameter_library_py/test/missing_type.yaml -> /home/adminlab/franka_ros2_ws/install/generate_parameter_library_py/share/generate_parameter_library_py/test
[1.410s] copying generate_parameter_library_py/test/invalid_syntax.yaml -> /home/adminlab/franka_ros2_ws/install/generate_parameter_library_py/share/generate_parameter_library_py/test
[1.410s] copying generate_parameter_library_py/test/invalid_parameter_type.yaml -> /home/adminlab/franka_ros2_ws/install/generate_parameter_library_py/share/generate_parameter_library_py/test
[1.412s] copying generate_parameter_library_py/test/valid_parameters.yaml -> /home/adminlab/franka_ros2_ws/install/generate_parameter_library_py/share/generate_parameter_library_py/test
[1.412s] copying generate_parameter_library_py/test/valid_parameters_with_none_type.yaml -> /home/adminlab/franka_ros2_ws/install/generate_parameter_library_py/share/generate_parameter_library_py/test
[1.412s] creating /home/adminlab/franka_ros2_ws/install/generate_parameter_library_py/share/ament_index
[1.412s] creating /home/adminlab/franka_ros2_ws/install/generate_parameter_library_py/share/ament_index/resource_index
[1.412s] creating /home/adminlab/franka_ros2_ws/install/generate_parameter_library_py/share/ament_index/resource_index/packages
[1.412s] copying resource/generate_parameter_library_py -> /home/adminlab/franka_ros2_ws/install/generate_parameter_library_py/share/ament_index/resource_index/packages
[1.412s] running install_egg_info
[1.413s] Copying ../../../build/generate_parameter_library_py/generate_parameter_library_py.egg-info to /home/adminlab/franka_ros2_ws/install/generate_parameter_library_py/lib/python3.10/site-packages/generate_parameter_library_py-0.3.7-py3.10.egg-info
[1.414s] running install_scripts
[1.438s] Installing generate_parameter_library_cpp script to /home/adminlab/franka_ros2_ws/install/generate_parameter_library_py/bin
[1.439s] Installing generate_parameter_library_markdown script to /home/adminlab/franka_ros2_ws/install/generate_parameter_library_py/bin
[1.439s] Installing generate_parameter_library_python script to /home/adminlab/franka_ros2_ws/install/generate_parameter_library_py/bin
[1.439s] writing list of installed files to '/home/adminlab/franka_ros2_ws/build/generate_parameter_library_py/install.log'
[1.497s] Invoked command in '/home/adminlab/franka_ros2_ws/src/generate_parameter_library/generate_parameter_library_py' returned '0': PYTHONPATH=/home/adminlab/franka_ros2_ws/build/generate_parameter_library_py/prefix_override:/home/adminlab/franka_ros2_ws/install/generate_parameter_library_py/lib/python3.10/site-packages:${PYTHONPATH} /usr/bin/python3 -W ignore:setup.py install is deprecated setup.py egg_info --egg-base ../../../build/generate_parameter_library_py build --build-base /home/adminlab/franka_ros2_ws/build/generate_parameter_library_py/build install --record /home/adminlab/franka_ros2_ws/build/generate_parameter_library_py/install.log --single-version-externally-managed install_data
