[0.010s] Invoking command in '/home/adminlab/franka_ros2_ws/build/realsense2_camera': AMENT_PREFIX_PATH=/home/adminlab/franka_ros2_ws/install/realsense2_camera_msgs:${AMENT_PREFIX_PATH} CMAKE_PREFIX_PATH=/home/adminlab/franka_ros2_ws/install/realsense2_camera_msgs:/home/adminlab/franka_ros2_ws/install/librealsense2:/opt/ros/humble LD_LIBRARY_PATH=/home/adminlab/franka_ros2_ws/install/realsense2_camera_msgs/lib:/home/adminlab/franka_ros2_ws/install/librealsense2/lib:${LD_LIBRARY_PATH} PATH=/home/adminlab/franka_ros2_ws/install/librealsense2/bin:${PATH} PKG_CONFIG_PATH=/home/adminlab/franka_ros2_ws/install/librealsense2/lib/x86_64-linux-gnu/pkgconfig:/home/adminlab/franka_ros2_ws/install/librealsense2/lib/pkgconfig PYTHONPATH=/home/adminlab/franka_ros2_ws/install/realsense2_camera_msgs/local/lib/python3.10/dist-packages:${PYTHONPATH} /usr/bin/cmake --build /home/adminlab/franka_ros2_ws/build/realsense2_camera -- -j16 -l16
[0.071s] [ 63%] Built target realsense2_camera
[0.086s] [ 72%] Built target gtest
[0.099s] [ 81%] Built target gtest_main
[0.119s] [ 90%] Built target realsense2_camera_node
[0.135s] [100%] Built target gtest_template
[0.141s] Invoked command in '/home/adminlab/franka_ros2_ws/build/realsense2_camera' returned '0': AMENT_PREFIX_PATH=/home/adminlab/franka_ros2_ws/install/realsense2_camera_msgs:${AMENT_PREFIX_PATH} CMAKE_PREFIX_PATH=/home/adminlab/franka_ros2_ws/install/realsense2_camera_msgs:/home/adminlab/franka_ros2_ws/install/librealsense2:/opt/ros/humble LD_LIBRARY_PATH=/home/adminlab/franka_ros2_ws/install/realsense2_camera_msgs/lib:/home/adminlab/franka_ros2_ws/install/librealsense2/lib:${LD_LIBRARY_PATH} PATH=/home/adminlab/franka_ros2_ws/install/librealsense2/bin:${PATH} PKG_CONFIG_PATH=/home/adminlab/franka_ros2_ws/install/librealsense2/lib/x86_64-linux-gnu/pkgconfig:/home/adminlab/franka_ros2_ws/install/librealsense2/lib/pkgconfig PYTHONPATH=/home/adminlab/franka_ros2_ws/install/realsense2_camera_msgs/local/lib/python3.10/dist-packages:${PYTHONPATH} /usr/bin/cmake --build /home/adminlab/franka_ros2_ws/build/realsense2_camera -- -j16 -l16
[0.179s] Invoking command in '/home/adminlab/franka_ros2_ws/build/realsense2_camera': AMENT_PREFIX_PATH=/home/adminlab/franka_ros2_ws/install/realsense2_camera_msgs:${AMENT_PREFIX_PATH} CMAKE_PREFIX_PATH=/home/adminlab/franka_ros2_ws/install/realsense2_camera_msgs:/home/adminlab/franka_ros2_ws/install/librealsense2:/opt/ros/humble LD_LIBRARY_PATH=/home/adminlab/franka_ros2_ws/install/realsense2_camera_msgs/lib:/home/adminlab/franka_ros2_ws/install/librealsense2/lib:${LD_LIBRARY_PATH} PATH=/home/adminlab/franka_ros2_ws/install/librealsense2/bin:${PATH} PKG_CONFIG_PATH=/home/adminlab/franka_ros2_ws/install/librealsense2/lib/x86_64-linux-gnu/pkgconfig:/home/adminlab/franka_ros2_ws/install/librealsense2/lib/pkgconfig PYTHONPATH=/home/adminlab/franka_ros2_ws/install/realsense2_camera_msgs/local/lib/python3.10/dist-packages:${PYTHONPATH} /usr/bin/cmake --install /home/adminlab/franka_ros2_ws/build/realsense2_camera
[0.183s] -- Install configuration: "Release"
[0.184s] -- Up-to-date: /home/adminlab/franka_ros2_ws/install/realsense2_camera/lib/realsense2_camera/realsense2_camera_node
[0.184s] -- Up-to-date: /home/adminlab/franka_ros2_ws/install/realsense2_camera/lib/librealsense2_camera.so
[0.184s] -- Up-to-date: /home/adminlab/franka_ros2_ws/install/realsense2_camera/include
[0.185s] -- Up-to-date: /home/adminlab/franka_ros2_ws/install/realsense2_camera/include/ros_utils.h
[0.185s] -- Up-to-date: /home/adminlab/franka_ros2_ws/install/realsense2_camera/include/constants.h
[0.186s] -- Up-to-date: /home/adminlab/franka_ros2_ws/install/realsense2_camera/include/realsense_node_factory.h
[0.186s] -- Up-to-date: /home/adminlab/franka_ros2_ws/install/realsense2_camera/include/named_filter.h
[0.186s] -- Up-to-date: /home/adminlab/franka_ros2_ws/install/realsense2_camera/include/ros_sensor.h
[0.186s] -- Up-to-date: /home/adminlab/franka_ros2_ws/install/realsense2_camera/include/sensor_params.h
[0.186s] -- Up-to-date: /home/adminlab/franka_ros2_ws/install/realsense2_camera/include/base_realsense_node.h
[0.186s] -- Up-to-date: /home/adminlab/franka_ros2_ws/install/realsense2_camera/include/ros_param_backend.h
[0.186s] -- Up-to-date: /home/adminlab/franka_ros2_ws/install/realsense2_camera/include/gl_window.h
[0.186s] -- Up-to-date: /home/adminlab/franka_ros2_ws/install/realsense2_camera/include/image_publisher.h
[0.186s] -- Up-to-date: /home/adminlab/franka_ros2_ws/install/realsense2_camera/include/dynamic_params.h
[0.187s] -- Up-to-date: /home/adminlab/franka_ros2_ws/install/realsense2_camera/include/profile_manager.h
[0.187s] -- Up-to-date: /home/adminlab/franka_ros2_ws/install/realsense2_camera/share/realsense2_camera/launch
[0.187s] -- Up-to-date: /home/adminlab/franka_ros2_ws/install/realsense2_camera/share/realsense2_camera/launch/rs_launch.py
[0.187s] -- Up-to-date: /home/adminlab/franka_ros2_ws/install/realsense2_camera/share/realsense2_camera/launch/rs_multi_camera_launch_sync.py
[0.187s] -- Up-to-date: /home/adminlab/franka_ros2_ws/install/realsense2_camera/share/realsense2_camera/launch/rs_multi_camera_launch.py
[0.187s] -- Up-to-date: /home/adminlab/franka_ros2_ws/install/realsense2_camera/share/realsense2_camera/launch/default.rviz
[0.187s] -- Up-to-date: /home/adminlab/franka_ros2_ws/install/realsense2_camera/share/realsense2_camera/launch/rs_intra_process_demo_launch.py
[0.187s] -- Up-to-date: /home/adminlab/franka_ros2_ws/install/realsense2_camera/share/realsense2_camera/examples
[0.187s] -- Up-to-date: /home/adminlab/franka_ros2_ws/install/realsense2_camera/share/realsense2_camera/examples/dual_camera
[0.187s] -- Up-to-date: /home/adminlab/franka_ros2_ws/install/realsense2_camera/share/realsense2_camera/examples/dual_camera/rs_dual_camera_launch.py
[0.187s] -- Up-to-date: /home/adminlab/franka_ros2_ws/install/realsense2_camera/share/realsense2_camera/examples/dual_camera/README.md
[0.188s] -- Up-to-date: /home/adminlab/franka_ros2_ws/install/realsense2_camera/share/realsense2_camera/examples/dual_camera/rviz
[0.188s] -- Up-to-date: /home/adminlab/franka_ros2_ws/install/realsense2_camera/share/realsense2_camera/examples/dual_camera/rviz/dual_camera_pointcloud.rviz
[0.188s] -- Up-to-date: /home/adminlab/franka_ros2_ws/install/realsense2_camera/share/realsense2_camera/examples/pointcloud
[0.188s] -- Up-to-date: /home/adminlab/franka_ros2_ws/install/realsense2_camera/share/realsense2_camera/examples/pointcloud/rs_d455_pointcloud_launch.py
[0.188s] -- Up-to-date: /home/adminlab/franka_ros2_ws/install/realsense2_camera/share/realsense2_camera/examples/pointcloud/rs_d405_pointcloud_launch.py
[0.188s] -- Up-to-date: /home/adminlab/franka_ros2_ws/install/realsense2_camera/share/realsense2_camera/examples/pointcloud/rs_pointcloud_launch.py
[0.188s] -- Up-to-date: /home/adminlab/franka_ros2_ws/install/realsense2_camera/share/realsense2_camera/examples/pointcloud/README.md
[0.188s] -- Up-to-date: /home/adminlab/franka_ros2_ws/install/realsense2_camera/share/realsense2_camera/examples/pointcloud/rviz
[0.189s] -- Up-to-date: /home/adminlab/franka_ros2_ws/install/realsense2_camera/share/realsense2_camera/examples/pointcloud/rviz/pointcloud.rviz
[0.189s] -- Up-to-date: /home/adminlab/franka_ros2_ws/install/realsense2_camera/share/realsense2_camera/examples/pointcloud/rviz/urdf_pointcloud.rviz
[0.189s] -- Up-to-date: /home/adminlab/franka_ros2_ws/install/realsense2_camera/share/realsense2_camera/examples/launch_from_rosbag
[0.189s] -- Up-to-date: /home/adminlab/franka_ros2_ws/install/realsense2_camera/share/realsense2_camera/examples/launch_from_rosbag/rs_launch_from_rosbag.py
[0.189s] -- Up-to-date: /home/adminlab/franka_ros2_ws/install/realsense2_camera/share/realsense2_camera/examples/launch_from_rosbag/README.md
[0.189s] -- Up-to-date: /home/adminlab/franka_ros2_ws/install/realsense2_camera/share/realsense2_camera/examples/align_depth
[0.189s] -- Up-to-date: /home/adminlab/franka_ros2_ws/install/realsense2_camera/share/realsense2_camera/examples/align_depth/rs_align_depth_launch.py
[0.189s] -- Up-to-date: /home/adminlab/franka_ros2_ws/install/realsense2_camera/share/realsense2_camera/examples/align_depth/README.md
[0.190s] -- Up-to-date: /home/adminlab/franka_ros2_ws/install/realsense2_camera/share/realsense2_camera/examples/launch_params_from_file
[0.190s] -- Up-to-date: /home/adminlab/franka_ros2_ws/install/realsense2_camera/share/realsense2_camera/examples/launch_params_from_file/config
[0.190s] -- Up-to-date: /home/adminlab/franka_ros2_ws/install/realsense2_camera/share/realsense2_camera/examples/launch_params_from_file/config/config.yaml
[0.190s] -- Up-to-date: /home/adminlab/franka_ros2_ws/install/realsense2_camera/share/realsense2_camera/examples/launch_params_from_file/README.md
[0.190s] -- Up-to-date: /home/adminlab/franka_ros2_ws/install/realsense2_camera/share/realsense2_camera/examples/launch_params_from_file/rs_launch_get_params_from_yaml.py
[0.190s] -- Up-to-date: /home/adminlab/franka_ros2_ws/install/realsense2_camera/share/realsense2_camera/environment/library_path.sh
[0.190s] -- Up-to-date: /home/adminlab/franka_ros2_ws/install/realsense2_camera/share/realsense2_camera/environment/library_path.dsv
[0.190s] -- Up-to-date: /home/adminlab/franka_ros2_ws/install/realsense2_camera/share/ament_index/resource_index/package_run_dependencies/realsense2_camera
[0.190s] -- Up-to-date: /home/adminlab/franka_ros2_ws/install/realsense2_camera/share/ament_index/resource_index/parent_prefix_path/realsense2_camera
[0.190s] -- Up-to-date: /home/adminlab/franka_ros2_ws/install/realsense2_camera/share/realsense2_camera/environment/ament_prefix_path.sh
[0.190s] -- Up-to-date: /home/adminlab/franka_ros2_ws/install/realsense2_camera/share/realsense2_camera/environment/ament_prefix_path.dsv
[0.190s] -- Up-to-date: /home/adminlab/franka_ros2_ws/install/realsense2_camera/share/realsense2_camera/environment/path.sh
[0.191s] -- Up-to-date: /home/adminlab/franka_ros2_ws/install/realsense2_camera/share/realsense2_camera/environment/path.dsv
[0.191s] -- Up-to-date: /home/adminlab/franka_ros2_ws/install/realsense2_camera/share/realsense2_camera/local_setup.bash
[0.191s] -- Up-to-date: /home/adminlab/franka_ros2_ws/install/realsense2_camera/share/realsense2_camera/local_setup.sh
[0.191s] -- Up-to-date: /home/adminlab/franka_ros2_ws/install/realsense2_camera/share/realsense2_camera/local_setup.zsh
[0.191s] -- Up-to-date: /home/adminlab/franka_ros2_ws/install/realsense2_camera/share/realsense2_camera/local_setup.dsv
[0.191s] -- Installing: /home/adminlab/franka_ros2_ws/install/realsense2_camera/share/realsense2_camera/package.dsv
[0.191s] -- Up-to-date: /home/adminlab/franka_ros2_ws/install/realsense2_camera/share/ament_index/resource_index/packages/realsense2_camera
[0.191s] -- Up-to-date: /home/adminlab/franka_ros2_ws/install/realsense2_camera/share/ament_index/resource_index/rclcpp_components/realsense2_camera
[0.191s] -- Up-to-date: /home/adminlab/franka_ros2_ws/install/realsense2_camera/share/realsense2_camera/cmake/ament_cmake_export_include_directories-extras.cmake
[0.191s] -- Up-to-date: /home/adminlab/franka_ros2_ws/install/realsense2_camera/share/realsense2_camera/cmake/ament_cmake_export_libraries-extras.cmake
[0.191s] -- Up-to-date: /home/adminlab/franka_ros2_ws/install/realsense2_camera/share/realsense2_camera/cmake/ament_cmake_export_dependencies-extras.cmake
[0.191s] -- Up-to-date: /home/adminlab/franka_ros2_ws/install/realsense2_camera/share/realsense2_camera/cmake/realsense2_cameraConfig.cmake
[0.192s] -- Up-to-date: /home/adminlab/franka_ros2_ws/install/realsense2_camera/share/realsense2_camera/cmake/realsense2_cameraConfig-version.cmake
[0.192s] -- Up-to-date: /home/adminlab/franka_ros2_ws/install/realsense2_camera/share/realsense2_camera/package.xml
[0.194s] Invoked command in '/home/adminlab/franka_ros2_ws/build/realsense2_camera' returned '0': AMENT_PREFIX_PATH=/home/adminlab/franka_ros2_ws/install/realsense2_camera_msgs:${AMENT_PREFIX_PATH} CMAKE_PREFIX_PATH=/home/adminlab/franka_ros2_ws/install/realsense2_camera_msgs:/home/adminlab/franka_ros2_ws/install/librealsense2:/opt/ros/humble LD_LIBRARY_PATH=/home/adminlab/franka_ros2_ws/install/realsense2_camera_msgs/lib:/home/adminlab/franka_ros2_ws/install/librealsense2/lib:${LD_LIBRARY_PATH} PATH=/home/adminlab/franka_ros2_ws/install/librealsense2/bin:${PATH} PKG_CONFIG_PATH=/home/adminlab/franka_ros2_ws/install/librealsense2/lib/x86_64-linux-gnu/pkgconfig:/home/adminlab/franka_ros2_ws/install/librealsense2/lib/pkgconfig PYTHONPATH=/home/adminlab/franka_ros2_ws/install/realsense2_camera_msgs/local/lib/python3.10/dist-packages:${PYTHONPATH} /usr/bin/cmake --install /home/adminlab/franka_ros2_ws/build/realsense2_camera
