[0.028s] Invoking command in '/home/adminlab/franka_ros2_ws/build/franka_custom_controller': AMENT_PREFIX_PATH=/home/adminlab/franka_ros2_ws/install/franka_hardware:/home/adminlab/franka_ros2_ws/install/franka_msgs:${AMENT_PREFIX_PATH} CMAKE_PREFIX_PATH=/home/adminlab/franka_ros2_ws/install/franka_hardware:/home/adminlab/franka_ros2_ws/install/franka_msgs LD_LIBRARY_PATH=/home/adminlab/franka_ros2_ws/install/franka_hardware/lib:/home/adminlab/franka_ros2_ws/install/franka_msgs/lib:${LD_LIBRARY_PATH} PYTHONPATH=/home/adminlab/franka_ros2_ws/install/franka_msgs/local/lib/python3.10/dist-packages:${PYTHONPATH} /usr/bin/cmake --build /home/adminlab/franka_ros2_ws/build/franka_custom_controller -- -j16 -l16
[0.072s] [100%] Built target franka_custom_controller
[0.082s] Invoked command in '/home/adminlab/franka_ros2_ws/build/franka_custom_controller' returned '0': AMENT_PREFIX_PATH=/home/adminlab/franka_ros2_ws/install/franka_hardware:/home/adminlab/franka_ros2_ws/install/franka_msgs:${AMENT_PREFIX_PATH} CMAKE_PREFIX_PATH=/home/adminlab/franka_ros2_ws/install/franka_hardware:/home/adminlab/franka_ros2_ws/install/franka_msgs LD_LIBRARY_PATH=/home/adminlab/franka_ros2_ws/install/franka_hardware/lib:/home/adminlab/franka_ros2_ws/install/franka_msgs/lib:${LD_LIBRARY_PATH} PYTHONPATH=/home/adminlab/franka_ros2_ws/install/franka_msgs/local/lib/python3.10/dist-packages:${PYTHONPATH} /usr/bin/cmake --build /home/adminlab/franka_ros2_ws/build/franka_custom_controller -- -j16 -l16
[0.109s] Invoking command in '/home/adminlab/franka_ros2_ws/build/franka_custom_controller': AMENT_PREFIX_PATH=/home/adminlab/franka_ros2_ws/install/franka_hardware:/home/adminlab/franka_ros2_ws/install/franka_msgs:${AMENT_PREFIX_PATH} CMAKE_PREFIX_PATH=/home/adminlab/franka_ros2_ws/install/franka_hardware:/home/adminlab/franka_ros2_ws/install/franka_msgs LD_LIBRARY_PATH=/home/adminlab/franka_ros2_ws/install/franka_hardware/lib:/home/adminlab/franka_ros2_ws/install/franka_msgs/lib:${LD_LIBRARY_PATH} PYTHONPATH=/home/adminlab/franka_ros2_ws/install/franka_msgs/local/lib/python3.10/dist-packages:${PYTHONPATH} /usr/bin/cmake --install /home/adminlab/franka_ros2_ws/build/franka_custom_controller
[0.114s] -- Install configuration: ""
[0.114s] -- Up-to-date: /home/adminlab/franka_ros2_ws/install/franka_custom_controller/share/franka_custom_controller/custom_position_controller.xml
[0.115s] -- Up-to-date: /home/adminlab/franka_ros2_ws/install/franka_custom_controller/lib/libfranka_custom_controller.so
[0.115s] -- Up-to-date: /home/adminlab/franka_ros2_ws/install/franka_custom_controller/include
[0.115s] -- Up-to-date: /home/adminlab/franka_ros2_ws/install/franka_custom_controller/include/franka_custom_controller
[0.115s] -- Up-to-date: /home/adminlab/franka_ros2_ws/install/franka_custom_controller/share/ament_index/resource_index/package_run_dependencies/franka_custom_controller
[0.116s] -- Up-to-date: /home/adminlab/franka_ros2_ws/install/franka_custom_controller/share/ament_index/resource_index/parent_prefix_path/franka_custom_controller
[0.116s] -- Up-to-date: /home/adminlab/franka_ros2_ws/install/franka_custom_controller/share/franka_custom_controller/environment/ament_prefix_path.sh
[0.116s] -- Up-to-date: /home/adminlab/franka_ros2_ws/install/franka_custom_controller/share/franka_custom_controller/environment/ament_prefix_path.dsv
[0.116s] -- Up-to-date: /home/adminlab/franka_ros2_ws/install/franka_custom_controller/share/franka_custom_controller/environment/path.sh
[0.116s] -- Up-to-date: /home/adminlab/franka_ros2_ws/install/franka_custom_controller/share/franka_custom_controller/environment/path.dsv
[0.116s] -- Up-to-date: /home/adminlab/franka_ros2_ws/install/franka_custom_controller/share/franka_custom_controller/local_setup.bash
[0.116s] -- Up-to-date: /home/adminlab/franka_ros2_ws/install/franka_custom_controller/share/franka_custom_controller/local_setup.sh
[0.116s] -- Up-to-date: /home/adminlab/franka_ros2_ws/install/franka_custom_controller/share/franka_custom_controller/local_setup.zsh
[0.116s] -- Up-to-date: /home/adminlab/franka_ros2_ws/install/franka_custom_controller/share/franka_custom_controller/local_setup.dsv
[0.117s] -- Installing: /home/adminlab/franka_ros2_ws/install/franka_custom_controller/share/franka_custom_controller/package.dsv
[0.117s] -- Up-to-date: /home/adminlab/franka_ros2_ws/install/franka_custom_controller/share/ament_index/resource_index/packages/franka_custom_controller
[0.117s] -- Up-to-date: /home/adminlab/franka_ros2_ws/install/franka_custom_controller/share/ament_index/resource_index/controller_interface__pluginlib__plugin/franka_custom_controller
[0.117s] -- Up-to-date: /home/adminlab/franka_ros2_ws/install/franka_custom_controller/share/franka_custom_controller/cmake/franka_custom_controllerConfig.cmake
[0.117s] -- Up-to-date: /home/adminlab/franka_ros2_ws/install/franka_custom_controller/share/franka_custom_controller/cmake/franka_custom_controllerConfig-version.cmake
[0.117s] -- Up-to-date: /home/adminlab/franka_ros2_ws/install/franka_custom_controller/share/franka_custom_controller/package.xml
[0.118s] Invoked command in '/home/adminlab/franka_ros2_ws/build/franka_custom_controller' returned '0': AMENT_PREFIX_PATH=/home/adminlab/franka_ros2_ws/install/franka_hardware:/home/adminlab/franka_ros2_ws/install/franka_msgs:${AMENT_PREFIX_PATH} CMAKE_PREFIX_PATH=/home/adminlab/franka_ros2_ws/install/franka_hardware:/home/adminlab/franka_ros2_ws/install/franka_msgs LD_LIBRARY_PATH=/home/adminlab/franka_ros2_ws/install/franka_hardware/lib:/home/adminlab/franka_ros2_ws/install/franka_msgs/lib:${LD_LIBRARY_PATH} PYTHONPATH=/home/adminlab/franka_ros2_ws/install/franka_msgs/local/lib/python3.10/dist-packages:${PYTHONPATH} /usr/bin/cmake --install /home/adminlab/franka_ros2_ws/build/franka_custom_controller
