[0.015s] Invoking command in '/home/adminlab/franka_ros2_ws/build/franka_robot_state_broadcaster': AMENT_PREFIX_PATH=/home/adminlab/franka_ros2_ws/install/franka_semantic_components:/home/adminlab/franka_ros2_ws/install/generate_parameter_library:/home/adminlab/franka_ros2_ws/install/franka_hardware:/home/adminlab/franka_ros2_ws/install/parameter_traits:/home/adminlab/franka_ros2_ws/install/generate_parameter_library_py:/home/adminlab/franka_ros2_ws/install/franka_msgs:${AMENT_PREFIX_PATH} CMAKE_PREFIX_PATH=/home/adminlab/franka_ros2_ws/install/franka_semantic_components:/home/adminlab/franka_ros2_ws/install/generate_parameter_library:/home/adminlab/franka_ros2_ws/install/franka_hardware:/home/adminlab/franka_ros2_ws/install/parameter_traits:/home/adminlab/franka_ros2_ws/install/franka_msgs:/opt/ros/humble LD_LIBRARY_PATH=/home/adminlab/franka_ros2_ws/install/franka_semantic_components/lib:/home/adminlab/franka_ros2_ws/install/franka_hardware/lib:/home/adminlab/franka_ros2_ws/install/parameter_traits/lib:/home/adminlab/franka_ros2_ws/install/franka_msgs/lib:${LD_LIBRARY_PATH} PATH=/home/adminlab/franka_ros2_ws/install/generate_parameter_library_py/bin:${PATH} PYTHONPATH=/home/adminlab/franka_ros2_ws/install/generate_parameter_library_py/lib/python3.10/site-packages:/home/adminlab/franka_ros2_ws/install/franka_msgs/local/lib/python3.10/dist-packages:${PYTHONPATH} /usr/bin/cmake --build /home/adminlab/franka_ros2_ws/build/franka_robot_state_broadcaster -- -j16 -l16
[0.058s] [  8%] Built target franka_robot_state_broadcaster_parameters
[0.058s] [ 25%] Built target gmock_main
[0.058s] [ 50%] Built target gmock
[0.094s] [ 66%] Built target franka_robot_state_broadcaster
[0.115s] [ 83%] Built target test_load_franka_robot_state_broadcaster
[0.117s] [100%] Built target franka_robot_state_broadcaster_test
[0.127s] Invoked command in '/home/adminlab/franka_ros2_ws/build/franka_robot_state_broadcaster' returned '0': AMENT_PREFIX_PATH=/home/adminlab/franka_ros2_ws/install/franka_semantic_components:/home/adminlab/franka_ros2_ws/install/generate_parameter_library:/home/adminlab/franka_ros2_ws/install/franka_hardware:/home/adminlab/franka_ros2_ws/install/parameter_traits:/home/adminlab/franka_ros2_ws/install/generate_parameter_library_py:/home/adminlab/franka_ros2_ws/install/franka_msgs:${AMENT_PREFIX_PATH} CMAKE_PREFIX_PATH=/home/adminlab/franka_ros2_ws/install/franka_semantic_components:/home/adminlab/franka_ros2_ws/install/generate_parameter_library:/home/adminlab/franka_ros2_ws/install/franka_hardware:/home/adminlab/franka_ros2_ws/install/parameter_traits:/home/adminlab/franka_ros2_ws/install/franka_msgs:/opt/ros/humble LD_LIBRARY_PATH=/home/adminlab/franka_ros2_ws/install/franka_semantic_components/lib:/home/adminlab/franka_ros2_ws/install/franka_hardware/lib:/home/adminlab/franka_ros2_ws/install/parameter_traits/lib:/home/adminlab/franka_ros2_ws/install/franka_msgs/lib:${LD_LIBRARY_PATH} PATH=/home/adminlab/franka_ros2_ws/install/generate_parameter_library_py/bin:${PATH} PYTHONPATH=/home/adminlab/franka_ros2_ws/install/generate_parameter_library_py/lib/python3.10/site-packages:/home/adminlab/franka_ros2_ws/install/franka_msgs/local/lib/python3.10/dist-packages:${PYTHONPATH} /usr/bin/cmake --build /home/adminlab/franka_ros2_ws/build/franka_robot_state_broadcaster -- -j16 -l16
[0.141s] Invoking command in '/home/adminlab/franka_ros2_ws/build/franka_robot_state_broadcaster': AMENT_PREFIX_PATH=/home/adminlab/franka_ros2_ws/install/franka_semantic_components:/home/adminlab/franka_ros2_ws/install/generate_parameter_library:/home/adminlab/franka_ros2_ws/install/franka_hardware:/home/adminlab/franka_ros2_ws/install/parameter_traits:/home/adminlab/franka_ros2_ws/install/generate_parameter_library_py:/home/adminlab/franka_ros2_ws/install/franka_msgs:${AMENT_PREFIX_PATH} CMAKE_PREFIX_PATH=/home/adminlab/franka_ros2_ws/install/franka_semantic_components:/home/adminlab/franka_ros2_ws/install/generate_parameter_library:/home/adminlab/franka_ros2_ws/install/franka_hardware:/home/adminlab/franka_ros2_ws/install/parameter_traits:/home/adminlab/franka_ros2_ws/install/franka_msgs:/opt/ros/humble LD_LIBRARY_PATH=/home/adminlab/franka_ros2_ws/install/franka_semantic_components/lib:/home/adminlab/franka_ros2_ws/install/franka_hardware/lib:/home/adminlab/franka_ros2_ws/install/parameter_traits/lib:/home/adminlab/franka_ros2_ws/install/franka_msgs/lib:${LD_LIBRARY_PATH} PATH=/home/adminlab/franka_ros2_ws/install/generate_parameter_library_py/bin:${PATH} PYTHONPATH=/home/adminlab/franka_ros2_ws/install/generate_parameter_library_py/lib/python3.10/site-packages:/home/adminlab/franka_ros2_ws/install/franka_msgs/local/lib/python3.10/dist-packages:${PYTHONPATH} /usr/bin/cmake --install /home/adminlab/franka_ros2_ws/build/franka_robot_state_broadcaster
[0.145s] -- Install configuration: ""
[0.145s] -- Up-to-date: /home/adminlab/franka_ros2_ws/install/franka_robot_state_broadcaster/include/franka_robot_state_broadcaster_parameters
[0.146s] -- Up-to-date: /home/adminlab/franka_ros2_ws/install/franka_robot_state_broadcaster/include/franka_robot_state_broadcaster_parameters/franka_robot_state_broadcaster_parameters.hpp
[0.146s] -- Up-to-date: /home/adminlab/franka_ros2_ws/install/franka_robot_state_broadcaster/share/franka_robot_state_broadcaster/franka_robot_state_broadcaster.xml
[0.146s] -- Up-to-date: /home/adminlab/franka_ros2_ws/install/franka_robot_state_broadcaster/lib/libfranka_robot_state_broadcaster.so
[0.146s] -- Up-to-date: /home/adminlab/franka_ros2_ws/install/franka_robot_state_broadcaster/include
[0.146s] -- Up-to-date: /home/adminlab/franka_ros2_ws/install/franka_robot_state_broadcaster/include/franka_robot_state_broadcaster
[0.147s] -- Up-to-date: /home/adminlab/franka_ros2_ws/install/franka_robot_state_broadcaster/include/franka_robot_state_broadcaster/franka_robot_state_broadcaster.hpp
[0.147s] -- Up-to-date: /home/adminlab/franka_ros2_ws/install/franka_robot_state_broadcaster/share/franka_robot_state_broadcaster/environment/library_path.sh
[0.147s] -- Up-to-date: /home/adminlab/franka_ros2_ws/install/franka_robot_state_broadcaster/share/franka_robot_state_broadcaster/environment/library_path.dsv
[0.147s] -- Up-to-date: /home/adminlab/franka_ros2_ws/install/franka_robot_state_broadcaster/share/ament_index/resource_index/package_run_dependencies/franka_robot_state_broadcaster
[0.147s] -- Up-to-date: /home/adminlab/franka_ros2_ws/install/franka_robot_state_broadcaster/share/ament_index/resource_index/parent_prefix_path/franka_robot_state_broadcaster
[0.147s] -- Up-to-date: /home/adminlab/franka_ros2_ws/install/franka_robot_state_broadcaster/share/franka_robot_state_broadcaster/environment/ament_prefix_path.sh
[0.147s] -- Up-to-date: /home/adminlab/franka_ros2_ws/install/franka_robot_state_broadcaster/share/franka_robot_state_broadcaster/environment/ament_prefix_path.dsv
[0.148s] -- Up-to-date: /home/adminlab/franka_ros2_ws/install/franka_robot_state_broadcaster/share/franka_robot_state_broadcaster/environment/path.sh
[0.148s] -- Up-to-date: /home/adminlab/franka_ros2_ws/install/franka_robot_state_broadcaster/share/franka_robot_state_broadcaster/environment/path.dsv
[0.148s] -- Up-to-date: /home/adminlab/franka_ros2_ws/install/franka_robot_state_broadcaster/share/franka_robot_state_broadcaster/local_setup.bash
[0.148s] -- Up-to-date: /home/adminlab/franka_ros2_ws/install/franka_robot_state_broadcaster/share/franka_robot_state_broadcaster/local_setup.sh
[0.148s] -- Up-to-date: /home/adminlab/franka_ros2_ws/install/franka_robot_state_broadcaster/share/franka_robot_state_broadcaster/local_setup.zsh
[0.148s] -- Up-to-date: /home/adminlab/franka_ros2_ws/install/franka_robot_state_broadcaster/share/franka_robot_state_broadcaster/local_setup.dsv
[0.148s] -- Installing: /home/adminlab/franka_ros2_ws/install/franka_robot_state_broadcaster/share/franka_robot_state_broadcaster/package.dsv
[0.148s] -- Up-to-date: /home/adminlab/franka_ros2_ws/install/franka_robot_state_broadcaster/share/ament_index/resource_index/packages/franka_robot_state_broadcaster
[0.148s] -- Up-to-date: /home/adminlab/franka_ros2_ws/install/franka_robot_state_broadcaster/share/ament_index/resource_index/controller_interface__pluginlib__plugin/franka_robot_state_broadcaster
[0.148s] -- Up-to-date: /home/adminlab/franka_ros2_ws/install/franka_robot_state_broadcaster/share/franka_robot_state_broadcaster/cmake/ament_cmake_export_include_directories-extras.cmake
[0.148s] -- Up-to-date: /home/adminlab/franka_ros2_ws/install/franka_robot_state_broadcaster/share/franka_robot_state_broadcaster/cmake/ament_cmake_export_libraries-extras.cmake
[0.148s] -- Up-to-date: /home/adminlab/franka_ros2_ws/install/franka_robot_state_broadcaster/share/franka_robot_state_broadcaster/cmake/ament_cmake_export_dependencies-extras.cmake
[0.148s] -- Up-to-date: /home/adminlab/franka_ros2_ws/install/franka_robot_state_broadcaster/share/franka_robot_state_broadcaster/cmake/franka_robot_state_broadcasterConfig.cmake
[0.148s] -- Up-to-date: /home/adminlab/franka_ros2_ws/install/franka_robot_state_broadcaster/share/franka_robot_state_broadcaster/cmake/franka_robot_state_broadcasterConfig-version.cmake
[0.148s] -- Up-to-date: /home/adminlab/franka_ros2_ws/install/franka_robot_state_broadcaster/share/franka_robot_state_broadcaster/package.xml
[0.154s] Invoked command in '/home/adminlab/franka_ros2_ws/build/franka_robot_state_broadcaster' returned '0': AMENT_PREFIX_PATH=/home/adminlab/franka_ros2_ws/install/franka_semantic_components:/home/adminlab/franka_ros2_ws/install/generate_parameter_library:/home/adminlab/franka_ros2_ws/install/franka_hardware:/home/adminlab/franka_ros2_ws/install/parameter_traits:/home/adminlab/franka_ros2_ws/install/generate_parameter_library_py:/home/adminlab/franka_ros2_ws/install/franka_msgs:${AMENT_PREFIX_PATH} CMAKE_PREFIX_PATH=/home/adminlab/franka_ros2_ws/install/franka_semantic_components:/home/adminlab/franka_ros2_ws/install/generate_parameter_library:/home/adminlab/franka_ros2_ws/install/franka_hardware:/home/adminlab/franka_ros2_ws/install/parameter_traits:/home/adminlab/franka_ros2_ws/install/franka_msgs:/opt/ros/humble LD_LIBRARY_PATH=/home/adminlab/franka_ros2_ws/install/franka_semantic_components/lib:/home/adminlab/franka_ros2_ws/install/franka_hardware/lib:/home/adminlab/franka_ros2_ws/install/parameter_traits/lib:/home/adminlab/franka_ros2_ws/install/franka_msgs/lib:${LD_LIBRARY_PATH} PATH=/home/adminlab/franka_ros2_ws/install/generate_parameter_library_py/bin:${PATH} PYTHONPATH=/home/adminlab/franka_ros2_ws/install/generate_parameter_library_py/lib/python3.10/site-packages:/home/adminlab/franka_ros2_ws/install/franka_msgs/local/lib/python3.10/dist-packages:${PYTHONPATH} /usr/bin/cmake --install /home/adminlab/franka_ros2_ws/build/franka_robot_state_broadcaster
