[0.021s] Invoking command in '/home/adminlab/franka_ros2_ws/build/moveit_kinematics': AMENT_PREFIX_PATH=/home/adminlab/franka_ros2_ws/install/moveit_ros_planning:/home/adminlab/franka_ros2_ws/install/moveit_ros_occupancy_map_monitor:/home/adminlab/franka_ros2_ws/install/moveit_core:/home/adminlab/franka_ros2_ws/install/ros_testing:/home/adminlab/franka_ros2_ws/install/moveit_resources_panda_moveit_config:/home/adminlab/franka_ros2_ws/install/moveit_resources_fanuc_moveit_config:/home/adminlab/franka_ros2_ws/install/moveit_configs_utils:/home/adminlab/franka_ros2_ws/install/generate_parameter_library:/home/adminlab/franka_ros2_ws/install/srdfdom:/home/adminlab/franka_ros2_ws/install/ros2test:/home/adminlab/franka_ros2_ws/install/parameter_traits:/home/adminlab/franka_ros2_ws/install/moveit_resources_panda_description:/home/adminlab/franka_ros2_ws/install/moveit_resources_fanuc_description:/home/adminlab/franka_ros2_ws/install/moveit_msgs:/home/adminlab/franka_ros2_ws/install/moveit_common:/home/adminlab/franka_ros2_ws/install/launch_param_builder:/home/adminlab/franka_ros2_ws/install/generate_parameter_library_py:${AMENT_PREFIX_PATH} CMAKE_PREFIX_PATH=/home/adminlab/franka_ros2_ws/install/moveit_ros_planning:/home/adminlab/franka_ros2_ws/install/moveit_ros_occupancy_map_monitor:/home/adminlab/franka_ros2_ws/install/moveit_core:/home/adminlab/franka_ros2_ws/install/ros_testing:/home/adminlab/franka_ros2_ws/install/moveit_resources_panda_moveit_config:/home/adminlab/franka_ros2_ws/install/moveit_resources_fanuc_moveit_config:/home/adminlab/franka_ros2_ws/install/generate_parameter_library:/home/adminlab/franka_ros2_ws/install/srdfdom:/home/adminlab/franka_ros2_ws/install/parameter_traits:/home/adminlab/franka_ros2_ws/install/moveit_resources_panda_description:/home/adminlab/franka_ros2_ws/install/moveit_resources_fanuc_description:/home/adminlab/franka_ros2_ws/install/moveit_msgs:/home/adminlab/franka_ros2_ws/install/moveit_common:/opt/ros/humble LD_LIBRARY_PATH=/home/adminlab/franka_ros2_ws/install/moveit_ros_planning/lib:/home/adminlab/franka_ros2_ws/install/moveit_ros_occupancy_map_monitor/lib:/home/adminlab/franka_ros2_ws/install/moveit_core/lib:/home/adminlab/franka_ros2_ws/install/srdfdom/lib:/home/adminlab/franka_ros2_ws/install/parameter_traits/lib:/home/adminlab/franka_ros2_ws/install/moveit_msgs/lib:${LD_LIBRARY_PATH} PATH=/home/adminlab/franka_ros2_ws/install/moveit_core/bin:/home/adminlab/franka_ros2_ws/install/generate_parameter_library_py/bin:${PATH} PYTHONPATH=/home/adminlab/franka_ros2_ws/install/moveit_configs_utils/lib/python3.10/site-packages:/home/adminlab/franka_ros2_ws/install/srdfdom/local/lib/python3.10/dist-packages:/home/adminlab/franka_ros2_ws/install/ros2test/lib/python3.10/site-packages:/home/adminlab/franka_ros2_ws/install/moveit_msgs/local/lib/python3.10/dist-packages:/home/adminlab/franka_ros2_ws/install/launch_param_builder/lib/python3.10/site-packages:/home/adminlab/franka_ros2_ws/install/generate_parameter_library_py/lib/python3.10/site-packages:${PYTHONPATH} /usr/bin/cmake --build /home/adminlab/franka_ros2_ws/build/moveit_kinematics -- -j16 -l16
[0.071s] [ 10%] Built target moveit_cached_ik_kinematics_base
[0.093s] [ 21%] Built target benchmark_ik
[0.109s] [ 31%] Built target gtest
[0.128s] [ 42%] Built target gtest_main
[0.152s] [ 52%] Built target moveit_lma_kinematics_plugin
[0.172s] [ 68%] Built target moveit_kdl_kinematics_plugin
[0.193s] [ 78%] Built target moveit_srv_kinematics_plugin
[0.213s] [ 89%] Built target test_kinematics_plugin
[0.234s] [100%] Built target moveit_cached_ik_kinematics_plugin
[0.240s] Invoked command in '/home/adminlab/franka_ros2_ws/build/moveit_kinematics' returned '0': AMENT_PREFIX_PATH=/home/adminlab/franka_ros2_ws/install/moveit_ros_planning:/home/adminlab/franka_ros2_ws/install/moveit_ros_occupancy_map_monitor:/home/adminlab/franka_ros2_ws/install/moveit_core:/home/adminlab/franka_ros2_ws/install/ros_testing:/home/adminlab/franka_ros2_ws/install/moveit_resources_panda_moveit_config:/home/adminlab/franka_ros2_ws/install/moveit_resources_fanuc_moveit_config:/home/adminlab/franka_ros2_ws/install/moveit_configs_utils:/home/adminlab/franka_ros2_ws/install/generate_parameter_library:/home/adminlab/franka_ros2_ws/install/srdfdom:/home/adminlab/franka_ros2_ws/install/ros2test:/home/adminlab/franka_ros2_ws/install/parameter_traits:/home/adminlab/franka_ros2_ws/install/moveit_resources_panda_description:/home/adminlab/franka_ros2_ws/install/moveit_resources_fanuc_description:/home/adminlab/franka_ros2_ws/install/moveit_msgs:/home/adminlab/franka_ros2_ws/install/moveit_common:/home/adminlab/franka_ros2_ws/install/launch_param_builder:/home/adminlab/franka_ros2_ws/install/generate_parameter_library_py:${AMENT_PREFIX_PATH} CMAKE_PREFIX_PATH=/home/adminlab/franka_ros2_ws/install/moveit_ros_planning:/home/adminlab/franka_ros2_ws/install/moveit_ros_occupancy_map_monitor:/home/adminlab/franka_ros2_ws/install/moveit_core:/home/adminlab/franka_ros2_ws/install/ros_testing:/home/adminlab/franka_ros2_ws/install/moveit_resources_panda_moveit_config:/home/adminlab/franka_ros2_ws/install/moveit_resources_fanuc_moveit_config:/home/adminlab/franka_ros2_ws/install/generate_parameter_library:/home/adminlab/franka_ros2_ws/install/srdfdom:/home/adminlab/franka_ros2_ws/install/parameter_traits:/home/adminlab/franka_ros2_ws/install/moveit_resources_panda_description:/home/adminlab/franka_ros2_ws/install/moveit_resources_fanuc_description:/home/adminlab/franka_ros2_ws/install/moveit_msgs:/home/adminlab/franka_ros2_ws/install/moveit_common:/opt/ros/humble LD_LIBRARY_PATH=/home/adminlab/franka_ros2_ws/install/moveit_ros_planning/lib:/home/adminlab/franka_ros2_ws/install/moveit_ros_occupancy_map_monitor/lib:/home/adminlab/franka_ros2_ws/install/moveit_core/lib:/home/adminlab/franka_ros2_ws/install/srdfdom/lib:/home/adminlab/franka_ros2_ws/install/parameter_traits/lib:/home/adminlab/franka_ros2_ws/install/moveit_msgs/lib:${LD_LIBRARY_PATH} PATH=/home/adminlab/franka_ros2_ws/install/moveit_core/bin:/home/adminlab/franka_ros2_ws/install/generate_parameter_library_py/bin:${PATH} PYTHONPATH=/home/adminlab/franka_ros2_ws/install/moveit_configs_utils/lib/python3.10/site-packages:/home/adminlab/franka_ros2_ws/install/srdfdom/local/lib/python3.10/dist-packages:/home/adminlab/franka_ros2_ws/install/ros2test/lib/python3.10/site-packages:/home/adminlab/franka_ros2_ws/install/moveit_msgs/local/lib/python3.10/dist-packages:/home/adminlab/franka_ros2_ws/install/launch_param_builder/lib/python3.10/site-packages:/home/adminlab/franka_ros2_ws/install/generate_parameter_library_py/lib/python3.10/site-packages:${PYTHONPATH} /usr/bin/cmake --build /home/adminlab/franka_ros2_ws/build/moveit_kinematics -- -j16 -l16
[0.255s] Invoking command in '/home/adminlab/franka_ros2_ws/build/moveit_kinematics': AMENT_PREFIX_PATH=/home/adminlab/franka_ros2_ws/install/moveit_ros_planning:/home/adminlab/franka_ros2_ws/install/moveit_ros_occupancy_map_monitor:/home/adminlab/franka_ros2_ws/install/moveit_core:/home/adminlab/franka_ros2_ws/install/ros_testing:/home/adminlab/franka_ros2_ws/install/moveit_resources_panda_moveit_config:/home/adminlab/franka_ros2_ws/install/moveit_resources_fanuc_moveit_config:/home/adminlab/franka_ros2_ws/install/moveit_configs_utils:/home/adminlab/franka_ros2_ws/install/generate_parameter_library:/home/adminlab/franka_ros2_ws/install/srdfdom:/home/adminlab/franka_ros2_ws/install/ros2test:/home/adminlab/franka_ros2_ws/install/parameter_traits:/home/adminlab/franka_ros2_ws/install/moveit_resources_panda_description:/home/adminlab/franka_ros2_ws/install/moveit_resources_fanuc_description:/home/adminlab/franka_ros2_ws/install/moveit_msgs:/home/adminlab/franka_ros2_ws/install/moveit_common:/home/adminlab/franka_ros2_ws/install/launch_param_builder:/home/adminlab/franka_ros2_ws/install/generate_parameter_library_py:${AMENT_PREFIX_PATH} CMAKE_PREFIX_PATH=/home/adminlab/franka_ros2_ws/install/moveit_ros_planning:/home/adminlab/franka_ros2_ws/install/moveit_ros_occupancy_map_monitor:/home/adminlab/franka_ros2_ws/install/moveit_core:/home/adminlab/franka_ros2_ws/install/ros_testing:/home/adminlab/franka_ros2_ws/install/moveit_resources_panda_moveit_config:/home/adminlab/franka_ros2_ws/install/moveit_resources_fanuc_moveit_config:/home/adminlab/franka_ros2_ws/install/generate_parameter_library:/home/adminlab/franka_ros2_ws/install/srdfdom:/home/adminlab/franka_ros2_ws/install/parameter_traits:/home/adminlab/franka_ros2_ws/install/moveit_resources_panda_description:/home/adminlab/franka_ros2_ws/install/moveit_resources_fanuc_description:/home/adminlab/franka_ros2_ws/install/moveit_msgs:/home/adminlab/franka_ros2_ws/install/moveit_common:/opt/ros/humble LD_LIBRARY_PATH=/home/adminlab/franka_ros2_ws/install/moveit_ros_planning/lib:/home/adminlab/franka_ros2_ws/install/moveit_ros_occupancy_map_monitor/lib:/home/adminlab/franka_ros2_ws/install/moveit_core/lib:/home/adminlab/franka_ros2_ws/install/srdfdom/lib:/home/adminlab/franka_ros2_ws/install/parameter_traits/lib:/home/adminlab/franka_ros2_ws/install/moveit_msgs/lib:${LD_LIBRARY_PATH} PATH=/home/adminlab/franka_ros2_ws/install/moveit_core/bin:/home/adminlab/franka_ros2_ws/install/generate_parameter_library_py/bin:${PATH} PYTHONPATH=/home/adminlab/franka_ros2_ws/install/moveit_configs_utils/lib/python3.10/site-packages:/home/adminlab/franka_ros2_ws/install/srdfdom/local/lib/python3.10/dist-packages:/home/adminlab/franka_ros2_ws/install/ros2test/lib/python3.10/site-packages:/home/adminlab/franka_ros2_ws/install/moveit_msgs/local/lib/python3.10/dist-packages:/home/adminlab/franka_ros2_ws/install/launch_param_builder/lib/python3.10/site-packages:/home/adminlab/franka_ros2_ws/install/generate_parameter_library_py/lib/python3.10/site-packages:${PYTHONPATH} /usr/bin/cmake --install /home/adminlab/franka_ros2_ws/build/moveit_kinematics
[0.260s] -- Install configuration: "Release"
[0.262s] -- Up-to-date: /home/adminlab/franka_ros2_ws/install/moveit_kinematics/share/moveit_kinematics/kdl_kinematics_plugin_description.xml
[0.262s] -- Up-to-date: /home/adminlab/franka_ros2_ws/install/moveit_kinematics/share/moveit_kinematics/lma_kinematics_plugin_description.xml
[0.262s] -- Up-to-date: /home/adminlab/franka_ros2_ws/install/moveit_kinematics/share/moveit_kinematics/srv_kinematics_plugin_description.xml
[0.262s] -- Up-to-date: /home/adminlab/franka_ros2_ws/install/moveit_kinematics/share/moveit_kinematics/cached_ik_kinematics_plugin_description.xml
[0.263s] -- Up-to-date: /home/adminlab/franka_ros2_ws/install/moveit_kinematics/include
[0.263s] -- Up-to-date: /home/adminlab/franka_ros2_ws/install/moveit_kinematics/include/moveit
[0.263s] -- Up-to-date: /home/adminlab/franka_ros2_ws/install/moveit_kinematics/include/moveit/cached_ik_kinematics_plugin
[0.263s] -- Up-to-date: /home/adminlab/franka_ros2_ws/install/moveit_kinematics/include/moveit/cached_ik_kinematics_plugin/cached_ik_kinematics_plugin-inl.h
[0.263s] -- Up-to-date: /home/adminlab/franka_ros2_ws/install/moveit_kinematics/include/moveit/cached_ik_kinematics_plugin/detail
[0.263s] -- Up-to-date: /home/adminlab/franka_ros2_ws/install/moveit_kinematics/include/moveit/cached_ik_kinematics_plugin/detail/NearestNeighborsGNAT.h
[0.263s] -- Up-to-date: /home/adminlab/franka_ros2_ws/install/moveit_kinematics/include/moveit/cached_ik_kinematics_plugin/detail/GreedyKCenters.h
[0.263s] -- Up-to-date: /home/adminlab/franka_ros2_ws/install/moveit_kinematics/include/moveit/cached_ik_kinematics_plugin/detail/NearestNeighbors.h
[0.264s] -- Up-to-date: /home/adminlab/franka_ros2_ws/install/moveit_kinematics/include/moveit/cached_ik_kinematics_plugin/cached_ik_kinematics_plugin.h
[0.265s] -- Up-to-date: /home/adminlab/franka_ros2_ws/install/moveit_kinematics/share/moveit_kinematics/launch
[0.266s] -- Up-to-date: /home/adminlab/franka_ros2_ws/install/moveit_kinematics/share/moveit_kinematics/launch/measure_ik_call_cost.launch
[0.266s] -- Up-to-date: /home/adminlab/franka_ros2_ws/install/moveit_kinematics/lib/moveit_kinematics/auto_create_ikfast_moveit_plugin.sh
[0.266s] -- Up-to-date: /home/adminlab/franka_ros2_ws/install/moveit_kinematics/lib/moveit_kinematics/create_ikfast_moveit_plugin.py
[0.266s] -- Up-to-date: /home/adminlab/franka_ros2_ws/install/moveit_kinematics/lib/moveit_kinematics/round_collada_numbers.py
[0.266s] -- Up-to-date: /home/adminlab/franka_ros2_ws/install/moveit_kinematics/share/moveit_kinematics/ikfast_kinematics_plugin/templates
[0.266s] -- Up-to-date: /home/adminlab/franka_ros2_ws/install/moveit_kinematics/share/moveit_kinematics/ikfast_kinematics_plugin/templates/CMakeLists.txt
[0.266s] -- Up-to-date: /home/adminlab/franka_ros2_ws/install/moveit_kinematics/share/moveit_kinematics/ikfast_kinematics_plugin/templates/ikfast.h
[0.266s] -- Up-to-date: /home/adminlab/franka_ros2_ws/install/moveit_kinematics/share/moveit_kinematics/ikfast_kinematics_plugin/templates/ikfast61_moveit_plugin_template.cpp
[0.266s] -- Up-to-date: /home/adminlab/franka_ros2_ws/install/moveit_kinematics/include
[0.266s] -- Up-to-date: /home/adminlab/franka_ros2_ws/install/moveit_kinematics/include/moveit
[0.266s] -- Up-to-date: /home/adminlab/franka_ros2_ws/install/moveit_kinematics/include/moveit/kdl_kinematics_plugin
[0.266s] -- Up-to-date: /home/adminlab/franka_ros2_ws/install/moveit_kinematics/include/moveit/kdl_kinematics_plugin/joint_mimic.hpp
[0.266s] -- Up-to-date: /home/adminlab/franka_ros2_ws/install/moveit_kinematics/include/moveit/kdl_kinematics_plugin/chainiksolver_vel_mimic_svd.hpp
[0.267s] -- Up-to-date: /home/adminlab/franka_ros2_ws/install/moveit_kinematics/include/moveit/kdl_kinematics_plugin/kdl_kinematics_plugin.h
[0.267s] -- Up-to-date: /home/adminlab/franka_ros2_ws/install/moveit_kinematics/include
[0.267s] -- Up-to-date: /home/adminlab/franka_ros2_ws/install/moveit_kinematics/include/moveit
[0.267s] -- Up-to-date: /home/adminlab/franka_ros2_ws/install/moveit_kinematics/include/moveit/lma_kinematics_plugin
[0.267s] -- Up-to-date: /home/adminlab/franka_ros2_ws/install/moveit_kinematics/include/moveit/lma_kinematics_plugin/lma_kinematics_plugin.h
[0.267s] -- Up-to-date: /home/adminlab/franka_ros2_ws/install/moveit_kinematics/include
[0.267s] -- Up-to-date: /home/adminlab/franka_ros2_ws/install/moveit_kinematics/include/moveit
[0.267s] -- Up-to-date: /home/adminlab/franka_ros2_ws/install/moveit_kinematics/include/moveit/srv_kinematics_plugin
[0.267s] -- Up-to-date: /home/adminlab/franka_ros2_ws/install/moveit_kinematics/include/moveit/srv_kinematics_plugin/srv_kinematics_plugin.h
[0.267s] -- Up-to-date: /home/adminlab/franka_ros2_ws/install/moveit_kinematics/share/moveit_kinematics/config
[0.268s] -- Up-to-date: /home/adminlab/franka_ros2_ws/install/moveit_kinematics/share/moveit_kinematics/config/panda-lma-test.yaml
[0.268s] -- Up-to-date: /home/adminlab/franka_ros2_ws/install/moveit_kinematics/share/moveit_kinematics/config/panda-kdl-test.yaml
[0.268s] -- Up-to-date: /home/adminlab/franka_ros2_ws/install/moveit_kinematics/share/moveit_kinematics/config/fanuc-kdl-singular-test.yaml
[0.268s] -- Up-to-date: /home/adminlab/franka_ros2_ws/install/moveit_kinematics/share/moveit_kinematics/config/fanuc-kdl-test.yaml
[0.268s] -- Up-to-date: /home/adminlab/franka_ros2_ws/install/moveit_kinematics/share/moveit_kinematics/config/panda-kdl-singular-test.yaml
[0.268s] -- Up-to-date: /home/adminlab/franka_ros2_ws/install/moveit_kinematics/share/moveit_kinematics/config/panda-lma-singular-test.yaml
[0.268s] -- Up-to-date: /home/adminlab/franka_ros2_ws/install/moveit_kinematics/share/moveit_kinematics/config/fanuc-lma-singular-test.yaml
[0.268s] -- Up-to-date: /home/adminlab/franka_ros2_ws/install/moveit_kinematics/share/moveit_kinematics/config/fanuc-lma-test.yaml
[0.268s] -- Up-to-date: /home/adminlab/franka_ros2_ws/install/moveit_kinematics/share/moveit_kinematics/launch
[0.269s] -- Up-to-date: /home/adminlab/franka_ros2_ws/install/moveit_kinematics/share/moveit_kinematics/launch/fanuc-lma.test.py
[0.269s] -- Up-to-date: /home/adminlab/franka_ros2_ws/install/moveit_kinematics/share/moveit_kinematics/launch/panda-kdl-singular.test.py
[0.269s] -- Up-to-date: /home/adminlab/franka_ros2_ws/install/moveit_kinematics/share/moveit_kinematics/launch/panda-kdl.test.py
[0.269s] -- Up-to-date: /home/adminlab/franka_ros2_ws/install/moveit_kinematics/share/moveit_kinematics/launch/fanuc-kdl.test.py
[0.269s] -- Up-to-date: /home/adminlab/franka_ros2_ws/install/moveit_kinematics/share/moveit_kinematics/launch/panda-lma-singular.test.py
[0.269s] -- Up-to-date: /home/adminlab/franka_ros2_ws/install/moveit_kinematics/share/moveit_kinematics/launch/panda-lma.test.py
[0.269s] -- Up-to-date: /home/adminlab/franka_ros2_ws/install/moveit_kinematics/share/moveit_kinematics/launch/fanuc-kdl-singular.test.py
[0.269s] -- Up-to-date: /home/adminlab/franka_ros2_ws/install/moveit_kinematics/share/moveit_kinematics/launch/fanuc-lma-singular.test.py
[0.269s] -- Up-to-date: /home/adminlab/franka_ros2_ws/install/moveit_kinematics/lib/moveit_kinematics/benchmark_ik
[0.270s] -- Up-to-date: /home/adminlab/franka_ros2_ws/install/moveit_kinematics/lib/moveit_kinematics/test_kinematics_plugin
[0.270s] -- Up-to-date: /home/adminlab/franka_ros2_ws/install/moveit_kinematics/lib/libmoveit_cached_ik_kinematics_base.so.2.5.5
[0.270s] -- Up-to-date: /home/adminlab/franka_ros2_ws/install/moveit_kinematics/lib/libmoveit_cached_ik_kinematics_base.so
[0.270s] -- Up-to-date: /home/adminlab/franka_ros2_ws/install/moveit_kinematics/lib/libmoveit_cached_ik_kinematics_plugin.so.2.5.5
[0.270s] -- Up-to-date: /home/adminlab/franka_ros2_ws/install/moveit_kinematics/lib/libmoveit_cached_ik_kinematics_plugin.so
[0.270s] -- Up-to-date: /home/adminlab/franka_ros2_ws/install/moveit_kinematics/lib/libmoveit_kdl_kinematics_plugin.so
[0.270s] -- Up-to-date: /home/adminlab/franka_ros2_ws/install/moveit_kinematics/lib/libmoveit_lma_kinematics_plugin.so.2.5.5
[0.270s] -- Up-to-date: /home/adminlab/franka_ros2_ws/install/moveit_kinematics/lib/libmoveit_lma_kinematics_plugin.so
[0.271s] -- Up-to-date: /home/adminlab/franka_ros2_ws/install/moveit_kinematics/lib/libmoveit_srv_kinematics_plugin.so.2.5.5
[0.271s] -- Up-to-date: /home/adminlab/franka_ros2_ws/install/moveit_kinematics/lib/libmoveit_srv_kinematics_plugin.so
[0.271s] -- Up-to-date: /home/adminlab/franka_ros2_ws/install/moveit_kinematics/share/moveit_kinematics/environment/library_path.sh
[0.271s] -- Up-to-date: /home/adminlab/franka_ros2_ws/install/moveit_kinematics/share/moveit_kinematics/environment/library_path.dsv
[0.271s] -- Up-to-date: /home/adminlab/franka_ros2_ws/install/moveit_kinematics/share/ament_index/resource_index/package_run_dependencies/moveit_kinematics
[0.271s] -- Up-to-date: /home/adminlab/franka_ros2_ws/install/moveit_kinematics/share/ament_index/resource_index/parent_prefix_path/moveit_kinematics
[0.271s] -- Up-to-date: /home/adminlab/franka_ros2_ws/install/moveit_kinematics/share/moveit_kinematics/environment/ament_prefix_path.sh
[0.272s] -- Up-to-date: /home/adminlab/franka_ros2_ws/install/moveit_kinematics/share/moveit_kinematics/environment/ament_prefix_path.dsv
[0.272s] -- Up-to-date: /home/adminlab/franka_ros2_ws/install/moveit_kinematics/share/moveit_kinematics/environment/path.sh
[0.272s] -- Up-to-date: /home/adminlab/franka_ros2_ws/install/moveit_kinematics/share/moveit_kinematics/environment/path.dsv
[0.272s] -- Up-to-date: /home/adminlab/franka_ros2_ws/install/moveit_kinematics/share/moveit_kinematics/local_setup.bash
[0.272s] -- Up-to-date: /home/adminlab/franka_ros2_ws/install/moveit_kinematics/share/moveit_kinematics/local_setup.sh
[0.272s] -- Up-to-date: /home/adminlab/franka_ros2_ws/install/moveit_kinematics/share/moveit_kinematics/local_setup.zsh
[0.272s] -- Up-to-date: /home/adminlab/franka_ros2_ws/install/moveit_kinematics/share/moveit_kinematics/local_setup.dsv
[0.272s] -- Installing: /home/adminlab/franka_ros2_ws/install/moveit_kinematics/share/moveit_kinematics/package.dsv
[0.272s] -- Up-to-date: /home/adminlab/franka_ros2_ws/install/moveit_kinematics/share/ament_index/resource_index/packages/moveit_kinematics
[0.272s] -- Up-to-date: /home/adminlab/franka_ros2_ws/install/moveit_kinematics/share/ament_index/resource_index/moveit_core__pluginlib__plugin/moveit_kinematics
[0.273s] -- Up-to-date: /home/adminlab/franka_ros2_ws/install/moveit_kinematics/share/moveit_kinematics/cmake/export_moveit_kinematicsExport.cmake
[0.273s] -- Up-to-date: /home/adminlab/franka_ros2_ws/install/moveit_kinematics/share/moveit_kinematics/cmake/export_moveit_kinematicsExport-release.cmake
[0.273s] -- Up-to-date: /home/adminlab/franka_ros2_ws/install/moveit_kinematics/share/moveit_kinematics/cmake/ConfigExtras.cmake
[0.273s] -- Up-to-date: /home/adminlab/franka_ros2_ws/install/moveit_kinematics/share/moveit_kinematics/cmake/ament_cmake_export_targets-extras.cmake
[0.273s] -- Up-to-date: /home/adminlab/franka_ros2_ws/install/moveit_kinematics/share/moveit_kinematics/cmake/ament_cmake_export_dependencies-extras.cmake
[0.273s] -- Up-to-date: /home/adminlab/franka_ros2_ws/install/moveit_kinematics/share/moveit_kinematics/cmake/moveit_kinematicsConfig.cmake
[0.273s] -- Up-to-date: /home/adminlab/franka_ros2_ws/install/moveit_kinematics/share/moveit_kinematics/cmake/moveit_kinematicsConfig-version.cmake
[0.273s] -- Up-to-date: /home/adminlab/franka_ros2_ws/install/moveit_kinematics/share/moveit_kinematics/package.xml
[0.290s] Invoked command in '/home/adminlab/franka_ros2_ws/build/moveit_kinematics' returned '0': AMENT_PREFIX_PATH=/home/adminlab/franka_ros2_ws/install/moveit_ros_planning:/home/adminlab/franka_ros2_ws/install/moveit_ros_occupancy_map_monitor:/home/adminlab/franka_ros2_ws/install/moveit_core:/home/adminlab/franka_ros2_ws/install/ros_testing:/home/adminlab/franka_ros2_ws/install/moveit_resources_panda_moveit_config:/home/adminlab/franka_ros2_ws/install/moveit_resources_fanuc_moveit_config:/home/adminlab/franka_ros2_ws/install/moveit_configs_utils:/home/adminlab/franka_ros2_ws/install/generate_parameter_library:/home/adminlab/franka_ros2_ws/install/srdfdom:/home/adminlab/franka_ros2_ws/install/ros2test:/home/adminlab/franka_ros2_ws/install/parameter_traits:/home/adminlab/franka_ros2_ws/install/moveit_resources_panda_description:/home/adminlab/franka_ros2_ws/install/moveit_resources_fanuc_description:/home/adminlab/franka_ros2_ws/install/moveit_msgs:/home/adminlab/franka_ros2_ws/install/moveit_common:/home/adminlab/franka_ros2_ws/install/launch_param_builder:/home/adminlab/franka_ros2_ws/install/generate_parameter_library_py:${AMENT_PREFIX_PATH} CMAKE_PREFIX_PATH=/home/adminlab/franka_ros2_ws/install/moveit_ros_planning:/home/adminlab/franka_ros2_ws/install/moveit_ros_occupancy_map_monitor:/home/adminlab/franka_ros2_ws/install/moveit_core:/home/adminlab/franka_ros2_ws/install/ros_testing:/home/adminlab/franka_ros2_ws/install/moveit_resources_panda_moveit_config:/home/adminlab/franka_ros2_ws/install/moveit_resources_fanuc_moveit_config:/home/adminlab/franka_ros2_ws/install/generate_parameter_library:/home/adminlab/franka_ros2_ws/install/srdfdom:/home/adminlab/franka_ros2_ws/install/parameter_traits:/home/adminlab/franka_ros2_ws/install/moveit_resources_panda_description:/home/adminlab/franka_ros2_ws/install/moveit_resources_fanuc_description:/home/adminlab/franka_ros2_ws/install/moveit_msgs:/home/adminlab/franka_ros2_ws/install/moveit_common:/opt/ros/humble LD_LIBRARY_PATH=/home/adminlab/franka_ros2_ws/install/moveit_ros_planning/lib:/home/adminlab/franka_ros2_ws/install/moveit_ros_occupancy_map_monitor/lib:/home/adminlab/franka_ros2_ws/install/moveit_core/lib:/home/adminlab/franka_ros2_ws/install/srdfdom/lib:/home/adminlab/franka_ros2_ws/install/parameter_traits/lib:/home/adminlab/franka_ros2_ws/install/moveit_msgs/lib:${LD_LIBRARY_PATH} PATH=/home/adminlab/franka_ros2_ws/install/moveit_core/bin:/home/adminlab/franka_ros2_ws/install/generate_parameter_library_py/bin:${PATH} PYTHONPATH=/home/adminlab/franka_ros2_ws/install/moveit_configs_utils/lib/python3.10/site-packages:/home/adminlab/franka_ros2_ws/install/srdfdom/local/lib/python3.10/dist-packages:/home/adminlab/franka_ros2_ws/install/ros2test/lib/python3.10/site-packages:/home/adminlab/franka_ros2_ws/install/moveit_msgs/local/lib/python3.10/dist-packages:/home/adminlab/franka_ros2_ws/install/launch_param_builder/lib/python3.10/site-packages:/home/adminlab/franka_ros2_ws/install/generate_parameter_library_py/lib/python3.10/site-packages:${PYTHONPATH} /usr/bin/cmake --install /home/adminlab/franka_ros2_ws/build/moveit_kinematics
