-- Install configuration: ""
-- Up-to-date: /home/adminlab/franka_ros2_ws/install/moveit_resources_prbt_pg70_support/share/ament_index/resource_index/package_run_dependencies/moveit_resources_prbt_pg70_support
-- Up-to-date: /home/adminlab/franka_ros2_ws/install/moveit_resources_prbt_pg70_support/share/ament_index/resource_index/parent_prefix_path/moveit_resources_prbt_pg70_support
-- Up-to-date: /home/adminlab/franka_ros2_ws/install/moveit_resources_prbt_pg70_support/share/moveit_resources_prbt_pg70_support/environment/ament_prefix_path.sh
-- Up-to-date: /home/adminlab/franka_ros2_ws/install/moveit_resources_prbt_pg70_support/share/moveit_resources_prbt_pg70_support/environment/ament_prefix_path.dsv
-- Up-to-date: /home/adminlab/franka_ros2_ws/install/moveit_resources_prbt_pg70_support/share/moveit_resources_prbt_pg70_support/environment/path.sh
-- Up-to-date: /home/adminlab/franka_ros2_ws/install/moveit_resources_prbt_pg70_support/share/moveit_resources_prbt_pg70_support/environment/path.dsv
-- Up-to-date: /home/adminlab/franka_ros2_ws/install/moveit_resources_prbt_pg70_support/share/moveit_resources_prbt_pg70_support/local_setup.bash
-- Up-to-date: /home/adminlab/franka_ros2_ws/install/moveit_resources_prbt_pg70_support/share/moveit_resources_prbt_pg70_support/local_setup.sh
-- Up-to-date: /home/adminlab/franka_ros2_ws/install/moveit_resources_prbt_pg70_support/share/moveit_resources_prbt_pg70_support/local_setup.zsh
-- Up-to-date: /home/adminlab/franka_ros2_ws/install/moveit_resources_prbt_pg70_support/share/moveit_resources_prbt_pg70_support/local_setup.dsv
-- Installing: /home/adminlab/franka_ros2_ws/install/moveit_resources_prbt_pg70_support/share/moveit_resources_prbt_pg70_support/package.dsv
-- Up-to-date: /home/adminlab/franka_ros2_ws/install/moveit_resources_prbt_pg70_support/share/ament_index/resource_index/packages/moveit_resources_prbt_pg70_support
-- Up-to-date: /home/adminlab/franka_ros2_ws/install/moveit_resources_prbt_pg70_support/share/moveit_resources_prbt_pg70_support/cmake/moveit_resources_prbt_pg70_supportConfig.cmake
-- Up-to-date: /home/adminlab/franka_ros2_ws/install/moveit_resources_prbt_pg70_support/share/moveit_resources_prbt_pg70_support/cmake/moveit_resources_prbt_pg70_supportConfig-version.cmake
-- Up-to-date: /home/adminlab/franka_ros2_ws/install/moveit_resources_prbt_pg70_support/share/moveit_resources_prbt_pg70_support/package.xml
-- Up-to-date: /home/adminlab/franka_ros2_ws/install/moveit_resources_prbt_pg70_support/share/moveit_resources_prbt_pg70_support/config
-- Up-to-date: /home/adminlab/franka_ros2_ws/install/moveit_resources_prbt_pg70_support/share/moveit_resources_prbt_pg70_support/config/pg70.srdf.xacro
-- Up-to-date: /home/adminlab/franka_ros2_ws/install/moveit_resources_prbt_pg70_support/share/moveit_resources_prbt_pg70_support/config/controllers_manipulator_gripper.yaml
-- Up-to-date: /home/adminlab/franka_ros2_ws/install/moveit_resources_prbt_pg70_support/share/moveit_resources_prbt_pg70_support/config/gripper_driver_canopen_motor_node.yaml
-- Up-to-date: /home/adminlab/franka_ros2_ws/install/moveit_resources_prbt_pg70_support/share/moveit_resources_prbt_pg70_support/config/fake_controllers.yaml
-- Up-to-date: /home/adminlab/franka_ros2_ws/install/moveit_resources_prbt_pg70_support/share/moveit_resources_prbt_pg70_support/config/pg70_tcp_offset.xacro
-- Up-to-date: /home/adminlab/franka_ros2_ws/install/moveit_resources_prbt_pg70_support/share/moveit_resources_prbt_pg70_support/config/gripper_controller.yaml
-- Up-to-date: /home/adminlab/franka_ros2_ws/install/moveit_resources_prbt_pg70_support/share/moveit_resources_prbt_pg70_support/config/joint_limits.yaml
-- Up-to-date: /home/adminlab/franka_ros2_ws/install/moveit_resources_prbt_pg70_support/share/moveit_resources_prbt_pg70_support/meshes
-- Up-to-date: /home/adminlab/franka_ros2_ws/install/moveit_resources_prbt_pg70_support/share/moveit_resources_prbt_pg70_support/meshes/pg70
-- Up-to-date: /home/adminlab/franka_ros2_ws/install/moveit_resources_prbt_pg70_support/share/moveit_resources_prbt_pg70_support/meshes/pg70/pg70.dae
-- Up-to-date: /home/adminlab/franka_ros2_ws/install/moveit_resources_prbt_pg70_support/share/moveit_resources_prbt_pg70_support/meshes/pg70/pg70.stl
-- Up-to-date: /home/adminlab/franka_ros2_ws/install/moveit_resources_prbt_pg70_support/share/moveit_resources_prbt_pg70_support/urdf
-- Up-to-date: /home/adminlab/franka_ros2_ws/install/moveit_resources_prbt_pg70_support/share/moveit_resources_prbt_pg70_support/urdf/pg70.urdf.xacro
-- Up-to-date: /home/adminlab/franka_ros2_ws/install/moveit_resources_prbt_pg70_support/share/moveit_resources_prbt_pg70_support/urdf/common.xacro
-- Up-to-date: /home/adminlab/franka_ros2_ws/install/moveit_resources_prbt_pg70_support/share/moveit_resources_prbt_pg70_support/urdf/pg70
-- Up-to-date: /home/adminlab/franka_ros2_ws/install/moveit_resources_prbt_pg70_support/share/moveit_resources_prbt_pg70_support/urdf/pg70/pg70.urdf.xacro
-- Up-to-date: /home/adminlab/franka_ros2_ws/install/moveit_resources_prbt_pg70_support/share/moveit_resources_prbt_pg70_support/urdf/pg70/pg70.gazebo.xacro
-- Up-to-date: /home/adminlab/franka_ros2_ws/install/moveit_resources_prbt_pg70_support/share/moveit_resources_prbt_pg70_support/urdf/pg70/pg70.transmission.xacro
