[1.563s] Invoking command in '/home/adminlab/franka_ros2_ws/src/FrankaTeleop/handcv': CMAKE_PREFIX_PATH=/home/adminlab/franka_ros2_ws/install/hand_interfaces:/home/adminlab/franka_ros2_ws/install/srdfdom:/home/adminlab/franka_ros2_ws/install/rviz_marker_tools:/home/adminlab/franka_ros2_ws/install/rosparam_shortcuts:/home/adminlab/franka_ros2_ws/install/ros_testing:/home/adminlab/franka_ros2_ws/install/realsense2_description:/home/adminlab/franka_ros2_ws/install/realsense2_camera_msgs:/home/adminlab/franka_ros2_ws/install/joint_trajectory_controller:/home/adminlab/franka_ros2_ws/install/generate_parameter_library_example:/home/adminlab/franka_ros2_ws/install/franka_bringup:/home/adminlab/franka_ros2_ws/install/franka_robot_state_broadcaster:/home/adminlab/franka_ros2_ws/install/cmake_generate_parameter_module_example:/home/adminlab/franka_ros2_ws/install/generate_parameter_library:/home/adminlab/franka_ros2_ws/install/parameter_traits:/home/adminlab/franka_ros2_ws/install/moveit_task_constructor_msgs:/home/adminlab/franka_ros2_ws/install/moveit_resources_prbt_support:/home/adminlab/franka_ros2_ws/install/moveit_resources:/home/adminlab/franka_ros2_ws/install/moveit_resources_pr2_description:/home/adminlab/franka_ros2_ws/install/moveit_resources_panda_moveit_config:/home/adminlab/franka_ros2_ws/install/moveit_resources_panda_description:/home/adminlab/franka_ros2_ws/install/moveit_resources_fanuc_moveit_config:/home/adminlab/franka_ros2_ws/install/moveit_resources_fanuc_description:/home/adminlab/franka_ros2_ws/install/moveit_msgs:/home/adminlab/franka_ros2_ws/install/moveit_common:/home/adminlab/franka_ros2_ws/install/librealsense2:/home/adminlab/franka_ros2_ws/install/integration_launch_testing:/home/adminlab/franka_ros2_ws/install/franka_example_controllers:/home/adminlab/franka_ros2_ws/install/franka_semantic_components:/home/adminlab/franka_ros2_ws/install/franka_moveit_config:/home/adminlab/franka_ros2_ws/install/franka_hardware:/home/adminlab/franka_ros2_ws/install/franka_gripper:/home/adminlab/franka_ros2_ws/install/franka_msgs:/home/adminlab/franka_ros2_ws/install/franka_description:/home/adminlab/franka_ros2_ws/install/OpenCV LD_LIBRARY_PATH=/home/adminlab/franka_ros2_ws/install/hand_interfaces/lib:/home/adminlab/franka_ros2_ws/install/srdfdom/lib:/home/adminlab/franka_ros2_ws/install/rviz_marker_tools/lib:/home/adminlab/franka_ros2_ws/install/rosparam_shortcuts/lib:/home/adminlab/franka_ros2_ws/install/realsense2_camera_msgs/lib:/home/adminlab/franka_ros2_ws/install/joint_trajectory_controller/lib:/home/adminlab/franka_ros2_ws/install/generate_parameter_library_example/lib:/home/adminlab/franka_ros2_ws/install/franka_robot_state_broadcaster/lib:/home/adminlab/franka_ros2_ws/install/parameter_traits/lib:/home/adminlab/franka_ros2_ws/install/moveit_task_constructor_msgs/lib:/home/adminlab/franka_ros2_ws/install/moveit_msgs/lib:/home/adminlab/franka_ros2_ws/install/librealsense2/lib:/home/adminlab/franka_ros2_ws/install/integration_launch_testing/lib:/home/adminlab/franka_ros2_ws/install/franka_example_controllers/lib:/home/adminlab/franka_ros2_ws/install/franka_semantic_components/lib:/home/adminlab/franka_ros2_ws/install/franka_hardware/lib:/home/adminlab/franka_ros2_ws/install/franka_gripper/lib:/home/adminlab/franka_ros2_ws/install/franka_msgs/lib:/home/adminlab/franka_ros2_ws/install/OpenCV/lib:/opt/ros/humble/opt/rviz_ogre_vendor/lib:/opt/ros/humble/lib/x86_64-linux-gnu:/opt/ros/humble/lib PYTHONPATH=/home/adminlab/franka_ros2_ws/build/handcv/prefix_override:/home/adminlab/franka_ros2_ws/install/handcv/lib/python3.10/site-packages:${PYTHONPATH} /usr/bin/python3 -W ignore:setup.py install is deprecated setup.py egg_info --egg-base ../../../build/handcv build --build-base /home/adminlab/franka_ros2_ws/build/handcv/build install --record /home/adminlab/franka_ros2_ws/build/handcv/install.log --single-version-externally-managed install_data
[2.089s] running egg_info
[2.089s] creating ../../../build/handcv/handcv.egg-info
[2.089s] writing ../../../build/handcv/handcv.egg-info/PKG-INFO
[2.089s] writing dependency_links to ../../../build/handcv/handcv.egg-info/dependency_links.txt
[2.089s] writing entry points to ../../../build/handcv/handcv.egg-info/entry_points.txt
[2.089s] writing requirements to ../../../build/handcv/handcv.egg-info/requires.txt
[2.089s] writing top-level names to ../../../build/handcv/handcv.egg-info/top_level.txt
[2.089s] writing manifest file '../../../build/handcv/handcv.egg-info/SOURCES.txt'
[2.093s] reading manifest file '../../../build/handcv/handcv.egg-info/SOURCES.txt'
[2.100s] writing manifest file '../../../build/handcv/handcv.egg-info/SOURCES.txt'
[2.100s] running build
[2.100s] running build_py
[2.100s] creating /home/adminlab/franka_ros2_ws/build/handcv/build
[2.100s] creating /home/adminlab/franka_ros2_ws/build/handcv/build/lib
[2.100s] creating /home/adminlab/franka_ros2_ws/build/handcv/build/lib/handcv
[2.100s] copying handcv/__init__.py -> /home/adminlab/franka_ros2_ws/build/handcv/build/lib/handcv
[2.100s] copying handcv/mediapipehelper.py -> /home/adminlab/franka_ros2_ws/build/handcv/build/lib/handcv
[2.100s] copying handcv/handcv.py -> /home/adminlab/franka_ros2_ws/build/handcv/build/lib/handcv
[2.100s] running install
[2.100s] running install_lib
[2.104s] creating /home/adminlab/franka_ros2_ws/install/handcv/lib/python3.10/site-packages/handcv
[2.104s] copying /home/adminlab/franka_ros2_ws/build/handcv/build/lib/handcv/__init__.py -> /home/adminlab/franka_ros2_ws/install/handcv/lib/python3.10/site-packages/handcv
[2.104s] copying /home/adminlab/franka_ros2_ws/build/handcv/build/lib/handcv/mediapipehelper.py -> /home/adminlab/franka_ros2_ws/install/handcv/lib/python3.10/site-packages/handcv
[2.104s] copying /home/adminlab/franka_ros2_ws/build/handcv/build/lib/handcv/handcv.py -> /home/adminlab/franka_ros2_ws/install/handcv/lib/python3.10/site-packages/handcv
[2.104s] byte-compiling /home/adminlab/franka_ros2_ws/install/handcv/lib/python3.10/site-packages/handcv/__init__.py to __init__.cpython-310.pyc
[2.104s] byte-compiling /home/adminlab/franka_ros2_ws/install/handcv/lib/python3.10/site-packages/handcv/mediapipehelper.py to mediapipehelper.cpython-310.pyc
[2.107s] byte-compiling /home/adminlab/franka_ros2_ws/install/handcv/lib/python3.10/site-packages/handcv/handcv.py to handcv.cpython-310.pyc
[2.107s] running install_data
[2.107s] creating /home/adminlab/franka_ros2_ws/install/handcv/share/ament_index
[2.107s] creating /home/adminlab/franka_ros2_ws/install/handcv/share/ament_index/resource_index
[2.107s] creating /home/adminlab/franka_ros2_ws/install/handcv/share/ament_index/resource_index/packages
[2.107s] copying resource/handcv -> /home/adminlab/franka_ros2_ws/install/handcv/share/ament_index/resource_index/packages
[2.107s] copying package.xml -> /home/adminlab/franka_ros2_ws/install/handcv/share/handcv
[2.107s] creating /home/adminlab/franka_ros2_ws/install/handcv/share/handcv/config
[2.107s] copying config/handcv.rviz -> /home/adminlab/franka_ros2_ws/install/handcv/share/handcv/config
[2.107s] copying config/hand_landmarker.task -> /home/adminlab/franka_ros2_ws/install/handcv/share/handcv/config
[2.124s] copying config/gesture_recognizer.task -> /home/adminlab/franka_ros2_ws/install/handcv/share/handcv/config
[2.152s] copying config/high_density_preset.json -> /home/adminlab/franka_ros2_ws/install/handcv/share/handcv/config
[2.152s] creating /home/adminlab/franka_ros2_ws/install/handcv/share/handcv/launch
[2.152s] copying launch/camera.launch.py -> /home/adminlab/franka_ros2_ws/install/handcv/share/handcv/launch
[2.152s] running install_egg_info
[2.152s] Copying ../../../build/handcv/handcv.egg-info to /home/adminlab/franka_ros2_ws/install/handcv/lib/python3.10/site-packages/handcv-0.0.1-py3.10.egg-info
[2.156s] running install_scripts
[2.212s] Installing handcv script to /home/adminlab/franka_ros2_ws/install/handcv/lib/handcv
[2.220s] writing list of installed files to '/home/adminlab/franka_ros2_ws/build/handcv/install.log'
[2.348s] Invoked command in '/home/adminlab/franka_ros2_ws/src/FrankaTeleop/handcv' returned '0': CMAKE_PREFIX_PATH=/home/adminlab/franka_ros2_ws/install/hand_interfaces:/home/adminlab/franka_ros2_ws/install/srdfdom:/home/adminlab/franka_ros2_ws/install/rviz_marker_tools:/home/adminlab/franka_ros2_ws/install/rosparam_shortcuts:/home/adminlab/franka_ros2_ws/install/ros_testing:/home/adminlab/franka_ros2_ws/install/realsense2_description:/home/adminlab/franka_ros2_ws/install/realsense2_camera_msgs:/home/adminlab/franka_ros2_ws/install/joint_trajectory_controller:/home/adminlab/franka_ros2_ws/install/generate_parameter_library_example:/home/adminlab/franka_ros2_ws/install/franka_bringup:/home/adminlab/franka_ros2_ws/install/franka_robot_state_broadcaster:/home/adminlab/franka_ros2_ws/install/cmake_generate_parameter_module_example:/home/adminlab/franka_ros2_ws/install/generate_parameter_library:/home/adminlab/franka_ros2_ws/install/parameter_traits:/home/adminlab/franka_ros2_ws/install/moveit_task_constructor_msgs:/home/adminlab/franka_ros2_ws/install/moveit_resources_prbt_support:/home/adminlab/franka_ros2_ws/install/moveit_resources:/home/adminlab/franka_ros2_ws/install/moveit_resources_pr2_description:/home/adminlab/franka_ros2_ws/install/moveit_resources_panda_moveit_config:/home/adminlab/franka_ros2_ws/install/moveit_resources_panda_description:/home/adminlab/franka_ros2_ws/install/moveit_resources_fanuc_moveit_config:/home/adminlab/franka_ros2_ws/install/moveit_resources_fanuc_description:/home/adminlab/franka_ros2_ws/install/moveit_msgs:/home/adminlab/franka_ros2_ws/install/moveit_common:/home/adminlab/franka_ros2_ws/install/librealsense2:/home/adminlab/franka_ros2_ws/install/integration_launch_testing:/home/adminlab/franka_ros2_ws/install/franka_example_controllers:/home/adminlab/franka_ros2_ws/install/franka_semantic_components:/home/adminlab/franka_ros2_ws/install/franka_moveit_config:/home/adminlab/franka_ros2_ws/install/franka_hardware:/home/adminlab/franka_ros2_ws/install/franka_gripper:/home/adminlab/franka_ros2_ws/install/franka_msgs:/home/adminlab/franka_ros2_ws/install/franka_description:/home/adminlab/franka_ros2_ws/install/OpenCV LD_LIBRARY_PATH=/home/adminlab/franka_ros2_ws/install/hand_interfaces/lib:/home/adminlab/franka_ros2_ws/install/srdfdom/lib:/home/adminlab/franka_ros2_ws/install/rviz_marker_tools/lib:/home/adminlab/franka_ros2_ws/install/rosparam_shortcuts/lib:/home/adminlab/franka_ros2_ws/install/realsense2_camera_msgs/lib:/home/adminlab/franka_ros2_ws/install/joint_trajectory_controller/lib:/home/adminlab/franka_ros2_ws/install/generate_parameter_library_example/lib:/home/adminlab/franka_ros2_ws/install/franka_robot_state_broadcaster/lib:/home/adminlab/franka_ros2_ws/install/parameter_traits/lib:/home/adminlab/franka_ros2_ws/install/moveit_task_constructor_msgs/lib:/home/adminlab/franka_ros2_ws/install/moveit_msgs/lib:/home/adminlab/franka_ros2_ws/install/librealsense2/lib:/home/adminlab/franka_ros2_ws/install/integration_launch_testing/lib:/home/adminlab/franka_ros2_ws/install/franka_example_controllers/lib:/home/adminlab/franka_ros2_ws/install/franka_semantic_components/lib:/home/adminlab/franka_ros2_ws/install/franka_hardware/lib:/home/adminlab/franka_ros2_ws/install/franka_gripper/lib:/home/adminlab/franka_ros2_ws/install/franka_msgs/lib:/home/adminlab/franka_ros2_ws/install/OpenCV/lib:/opt/ros/humble/opt/rviz_ogre_vendor/lib:/opt/ros/humble/lib/x86_64-linux-gnu:/opt/ros/humble/lib PYTHONPATH=/home/adminlab/franka_ros2_ws/build/handcv/prefix_override:/home/adminlab/franka_ros2_ws/install/handcv/lib/python3.10/site-packages:${PYTHONPATH} /usr/bin/python3 -W ignore:setup.py install is deprecated setup.py egg_info --egg-base ../../../build/handcv build --build-base /home/adminlab/franka_ros2_ws/build/handcv/build install --record /home/adminlab/franka_ros2_ws/build/handcv/install.log --single-version-externally-managed install_data
