[0.025s] Invoking command in '/home/adminlab/franka_ros2_ws/build/moveit_ros_control_interface': AMENT_PREFIX_PATH=/home/adminlab/franka_ros2_ws/install/moveit_simple_controller_manager:/home/adminlab/franka_ros2_ws/install/moveit_core:/home/adminlab/franka_ros2_ws/install/generate_parameter_library:/home/adminlab/franka_ros2_ws/install/srdfdom:/home/adminlab/franka_ros2_ws/install/parameter_traits:/home/adminlab/franka_ros2_ws/install/moveit_msgs:/home/adminlab/franka_ros2_ws/install/moveit_common:/home/adminlab/franka_ros2_ws/install/generate_parameter_library_py:${AMENT_PREFIX_PATH} CMAKE_PREFIX_PATH=/home/adminlab/franka_ros2_ws/install/moveit_simple_controller_manager:/home/adminlab/franka_ros2_ws/install/moveit_core:/home/adminlab/franka_ros2_ws/install/generate_parameter_library:/home/adminlab/franka_ros2_ws/install/srdfdom:/home/adminlab/franka_ros2_ws/install/parameter_traits:/home/adminlab/franka_ros2_ws/install/moveit_msgs:/home/adminlab/franka_ros2_ws/install/moveit_common:/opt/ros/humble LD_LIBRARY_PATH=/home/adminlab/franka_ros2_ws/install/moveit_simple_controller_manager/lib:/home/adminlab/franka_ros2_ws/install/moveit_core/lib:/home/adminlab/franka_ros2_ws/install/srdfdom/lib:/home/adminlab/franka_ros2_ws/install/parameter_traits/lib:/home/adminlab/franka_ros2_ws/install/moveit_msgs/lib:${LD_LIBRARY_PATH} PATH=/home/adminlab/franka_ros2_ws/install/moveit_core/bin:/home/adminlab/franka_ros2_ws/install/generate_parameter_library_py/bin:${PATH} PYTHONPATH=/home/adminlab/franka_ros2_ws/install/srdfdom/local/lib/python3.10/dist-packages:/home/adminlab/franka_ros2_ws/install/moveit_msgs/local/lib/python3.10/dist-packages:/home/adminlab/franka_ros2_ws/install/generate_parameter_library_py/lib/python3.10/site-packages:${PYTHONPATH} /usr/bin/cmake --build /home/adminlab/franka_ros2_ws/build/moveit_ros_control_interface -- -j16 -l16
[0.068s] [35m[1mConsolidate compiler generated dependencies of target moveit_ros_control_interface_gripper_plugin[0m
[0.068s] [35m[1mConsolidate compiler generated dependencies of target moveit_ros_control_interface_trajectory_plugin[0m
[0.069s] [35m[1mConsolidate compiler generated dependencies of target moveit_ros_control_interface_empty_plugin[0m
[0.069s] [35m[1mConsolidate compiler generated dependencies of target moveit_ros_control_interface_plugin[0m
[0.079s] [ 25%] Built target moveit_ros_control_interface_gripper_plugin
[0.080s] [ 50%] Built target moveit_ros_control_interface_trajectory_plugin
[0.084s] [ 75%] Built target moveit_ros_control_interface_empty_plugin
[0.091s] [100%] Built target moveit_ros_control_interface_plugin
[0.102s] Invoked command in '/home/adminlab/franka_ros2_ws/build/moveit_ros_control_interface' returned '0': AMENT_PREFIX_PATH=/home/adminlab/franka_ros2_ws/install/moveit_simple_controller_manager:/home/adminlab/franka_ros2_ws/install/moveit_core:/home/adminlab/franka_ros2_ws/install/generate_parameter_library:/home/adminlab/franka_ros2_ws/install/srdfdom:/home/adminlab/franka_ros2_ws/install/parameter_traits:/home/adminlab/franka_ros2_ws/install/moveit_msgs:/home/adminlab/franka_ros2_ws/install/moveit_common:/home/adminlab/franka_ros2_ws/install/generate_parameter_library_py:${AMENT_PREFIX_PATH} CMAKE_PREFIX_PATH=/home/adminlab/franka_ros2_ws/install/moveit_simple_controller_manager:/home/adminlab/franka_ros2_ws/install/moveit_core:/home/adminlab/franka_ros2_ws/install/generate_parameter_library:/home/adminlab/franka_ros2_ws/install/srdfdom:/home/adminlab/franka_ros2_ws/install/parameter_traits:/home/adminlab/franka_ros2_ws/install/moveit_msgs:/home/adminlab/franka_ros2_ws/install/moveit_common:/opt/ros/humble LD_LIBRARY_PATH=/home/adminlab/franka_ros2_ws/install/moveit_simple_controller_manager/lib:/home/adminlab/franka_ros2_ws/install/moveit_core/lib:/home/adminlab/franka_ros2_ws/install/srdfdom/lib:/home/adminlab/franka_ros2_ws/install/parameter_traits/lib:/home/adminlab/franka_ros2_ws/install/moveit_msgs/lib:${LD_LIBRARY_PATH} PATH=/home/adminlab/franka_ros2_ws/install/moveit_core/bin:/home/adminlab/franka_ros2_ws/install/generate_parameter_library_py/bin:${PATH} PYTHONPATH=/home/adminlab/franka_ros2_ws/install/srdfdom/local/lib/python3.10/dist-packages:/home/adminlab/franka_ros2_ws/install/moveit_msgs/local/lib/python3.10/dist-packages:/home/adminlab/franka_ros2_ws/install/generate_parameter_library_py/lib/python3.10/site-packages:${PYTHONPATH} /usr/bin/cmake --build /home/adminlab/franka_ros2_ws/build/moveit_ros_control_interface -- -j16 -l16
[0.129s] Invoking command in '/home/adminlab/franka_ros2_ws/build/moveit_ros_control_interface': AMENT_PREFIX_PATH=/home/adminlab/franka_ros2_ws/install/moveit_simple_controller_manager:/home/adminlab/franka_ros2_ws/install/moveit_core:/home/adminlab/franka_ros2_ws/install/generate_parameter_library:/home/adminlab/franka_ros2_ws/install/srdfdom:/home/adminlab/franka_ros2_ws/install/parameter_traits:/home/adminlab/franka_ros2_ws/install/moveit_msgs:/home/adminlab/franka_ros2_ws/install/moveit_common:/home/adminlab/franka_ros2_ws/install/generate_parameter_library_py:${AMENT_PREFIX_PATH} CMAKE_PREFIX_PATH=/home/adminlab/franka_ros2_ws/install/moveit_simple_controller_manager:/home/adminlab/franka_ros2_ws/install/moveit_core:/home/adminlab/franka_ros2_ws/install/generate_parameter_library:/home/adminlab/franka_ros2_ws/install/srdfdom:/home/adminlab/franka_ros2_ws/install/parameter_traits:/home/adminlab/franka_ros2_ws/install/moveit_msgs:/home/adminlab/franka_ros2_ws/install/moveit_common:/opt/ros/humble LD_LIBRARY_PATH=/home/adminlab/franka_ros2_ws/install/moveit_simple_controller_manager/lib:/home/adminlab/franka_ros2_ws/install/moveit_core/lib:/home/adminlab/franka_ros2_ws/install/srdfdom/lib:/home/adminlab/franka_ros2_ws/install/parameter_traits/lib:/home/adminlab/franka_ros2_ws/install/moveit_msgs/lib:${LD_LIBRARY_PATH} PATH=/home/adminlab/franka_ros2_ws/install/moveit_core/bin:/home/adminlab/franka_ros2_ws/install/generate_parameter_library_py/bin:${PATH} PYTHONPATH=/home/adminlab/franka_ros2_ws/install/srdfdom/local/lib/python3.10/dist-packages:/home/adminlab/franka_ros2_ws/install/moveit_msgs/local/lib/python3.10/dist-packages:/home/adminlab/franka_ros2_ws/install/generate_parameter_library_py/lib/python3.10/site-packages:${PYTHONPATH} /usr/bin/cmake --install /home/adminlab/franka_ros2_ws/build/moveit_ros_control_interface
[0.134s] -- Install configuration: "Release"
[0.134s] -- Up-to-date: /home/adminlab/franka_ros2_ws/install/moveit_ros_control_interface/lib/libmoveit_ros_control_interface_plugin.so.2.5.5
[0.134s] -- Up-to-date: /home/adminlab/franka_ros2_ws/install/moveit_ros_control_interface/lib/libmoveit_ros_control_interface_plugin.so
[0.135s] -- Up-to-date: /home/adminlab/franka_ros2_ws/install/moveit_ros_control_interface/lib/libmoveit_ros_control_interface_trajectory_plugin.so.2.5.5
[0.136s] -- Up-to-date: /home/adminlab/franka_ros2_ws/install/moveit_ros_control_interface/lib/libmoveit_ros_control_interface_trajectory_plugin.so
[0.136s] -- Up-to-date: /home/adminlab/franka_ros2_ws/install/moveit_ros_control_interface/lib/libmoveit_ros_control_interface_gripper_plugin.so.2.5.5
[0.136s] -- Up-to-date: /home/adminlab/franka_ros2_ws/install/moveit_ros_control_interface/lib/libmoveit_ros_control_interface_gripper_plugin.so
[0.137s] -- Up-to-date: /home/adminlab/franka_ros2_ws/install/moveit_ros_control_interface/lib/libmoveit_ros_control_interface_empty_plugin.so.2.5.5
[0.137s] -- Up-to-date: /home/adminlab/franka_ros2_ws/install/moveit_ros_control_interface/lib/libmoveit_ros_control_interface_empty_plugin.so
[0.137s] -- Up-to-date: /home/adminlab/franka_ros2_ws/install/moveit_ros_control_interface/include
[0.137s] -- Up-to-date: /home/adminlab/franka_ros2_ws/install/moveit_ros_control_interface/include/moveit_ros_control_interface
[0.137s] -- Up-to-date: /home/adminlab/franka_ros2_ws/install/moveit_ros_control_interface/include/moveit_ros_control_interface/ControllerHandle.h
[0.137s] -- Up-to-date: /home/adminlab/franka_ros2_ws/install/moveit_ros_control_interface/share/moveit_ros_control_interface/moveit_core_plugins.xml
[0.138s] -- Up-to-date: /home/adminlab/franka_ros2_ws/install/moveit_ros_control_interface/share/moveit_ros_control_interface/moveit_ros_control_interface_plugins.xml
[0.138s] -- Up-to-date: /home/adminlab/franka_ros2_ws/install/moveit_ros_control_interface/share/moveit_ros_control_interface/environment/library_path.sh
[0.138s] -- Up-to-date: /home/adminlab/franka_ros2_ws/install/moveit_ros_control_interface/share/moveit_ros_control_interface/environment/library_path.dsv
[0.138s] -- Up-to-date: /home/adminlab/franka_ros2_ws/install/moveit_ros_control_interface/share/ament_index/resource_index/package_run_dependencies/moveit_ros_control_interface
[0.138s] -- Up-to-date: /home/adminlab/franka_ros2_ws/install/moveit_ros_control_interface/share/ament_index/resource_index/parent_prefix_path/moveit_ros_control_interface
[0.138s] -- Up-to-date: /home/adminlab/franka_ros2_ws/install/moveit_ros_control_interface/share/moveit_ros_control_interface/environment/ament_prefix_path.sh
[0.138s] -- Up-to-date: /home/adminlab/franka_ros2_ws/install/moveit_ros_control_interface/share/moveit_ros_control_interface/environment/ament_prefix_path.dsv
[0.138s] -- Up-to-date: /home/adminlab/franka_ros2_ws/install/moveit_ros_control_interface/share/moveit_ros_control_interface/environment/path.sh
[0.138s] -- Up-to-date: /home/adminlab/franka_ros2_ws/install/moveit_ros_control_interface/share/moveit_ros_control_interface/environment/path.dsv
[0.138s] -- Up-to-date: /home/adminlab/franka_ros2_ws/install/moveit_ros_control_interface/share/moveit_ros_control_interface/local_setup.bash
[0.138s] -- Up-to-date: /home/adminlab/franka_ros2_ws/install/moveit_ros_control_interface/share/moveit_ros_control_interface/local_setup.sh
[0.138s] -- Up-to-date: /home/adminlab/franka_ros2_ws/install/moveit_ros_control_interface/share/moveit_ros_control_interface/local_setup.zsh
[0.138s] -- Up-to-date: /home/adminlab/franka_ros2_ws/install/moveit_ros_control_interface/share/moveit_ros_control_interface/local_setup.dsv
[0.138s] -- Installing: /home/adminlab/franka_ros2_ws/install/moveit_ros_control_interface/share/moveit_ros_control_interface/package.dsv
[0.138s] -- Up-to-date: /home/adminlab/franka_ros2_ws/install/moveit_ros_control_interface/share/ament_index/resource_index/packages/moveit_ros_control_interface
[0.138s] -- Up-to-date: /home/adminlab/franka_ros2_ws/install/moveit_ros_control_interface/share/ament_index/resource_index/moveit_core__pluginlib__plugin/moveit_ros_control_interface
[0.139s] -- Up-to-date: /home/adminlab/franka_ros2_ws/install/moveit_ros_control_interface/share/ament_index/resource_index/moveit_ros_control_interface__pluginlib__plugin/moveit_ros_control_interface
[0.139s] -- Up-to-date: /home/adminlab/franka_ros2_ws/install/moveit_ros_control_interface/share/moveit_ros_control_interface/cmake/export_moveit_ros_control_interfaceExport.cmake
[0.139s] -- Up-to-date: /home/adminlab/franka_ros2_ws/install/moveit_ros_control_interface/share/moveit_ros_control_interface/cmake/export_moveit_ros_control_interfaceExport-release.cmake
[0.139s] -- Up-to-date: /home/adminlab/franka_ros2_ws/install/moveit_ros_control_interface/share/moveit_ros_control_interface/cmake/ConfigExtras.cmake
[0.139s] -- Up-to-date: /home/adminlab/franka_ros2_ws/install/moveit_ros_control_interface/share/moveit_ros_control_interface/cmake/ament_cmake_export_targets-extras.cmake
[0.139s] -- Up-to-date: /home/adminlab/franka_ros2_ws/install/moveit_ros_control_interface/share/moveit_ros_control_interface/cmake/ament_cmake_export_dependencies-extras.cmake
[0.139s] -- Up-to-date: /home/adminlab/franka_ros2_ws/install/moveit_ros_control_interface/share/moveit_ros_control_interface/cmake/moveit_ros_control_interfaceConfig.cmake
[0.139s] -- Up-to-date: /home/adminlab/franka_ros2_ws/install/moveit_ros_control_interface/share/moveit_ros_control_interface/cmake/moveit_ros_control_interfaceConfig-version.cmake
[0.139s] -- Up-to-date: /home/adminlab/franka_ros2_ws/install/moveit_ros_control_interface/share/moveit_ros_control_interface/package.xml
[0.141s] Invoked command in '/home/adminlab/franka_ros2_ws/build/moveit_ros_control_interface' returned '0': AMENT_PREFIX_PATH=/home/adminlab/franka_ros2_ws/install/moveit_simple_controller_manager:/home/adminlab/franka_ros2_ws/install/moveit_core:/home/adminlab/franka_ros2_ws/install/generate_parameter_library:/home/adminlab/franka_ros2_ws/install/srdfdom:/home/adminlab/franka_ros2_ws/install/parameter_traits:/home/adminlab/franka_ros2_ws/install/moveit_msgs:/home/adminlab/franka_ros2_ws/install/moveit_common:/home/adminlab/franka_ros2_ws/install/generate_parameter_library_py:${AMENT_PREFIX_PATH} CMAKE_PREFIX_PATH=/home/adminlab/franka_ros2_ws/install/moveit_simple_controller_manager:/home/adminlab/franka_ros2_ws/install/moveit_core:/home/adminlab/franka_ros2_ws/install/generate_parameter_library:/home/adminlab/franka_ros2_ws/install/srdfdom:/home/adminlab/franka_ros2_ws/install/parameter_traits:/home/adminlab/franka_ros2_ws/install/moveit_msgs:/home/adminlab/franka_ros2_ws/install/moveit_common:/opt/ros/humble LD_LIBRARY_PATH=/home/adminlab/franka_ros2_ws/install/moveit_simple_controller_manager/lib:/home/adminlab/franka_ros2_ws/install/moveit_core/lib:/home/adminlab/franka_ros2_ws/install/srdfdom/lib:/home/adminlab/franka_ros2_ws/install/parameter_traits/lib:/home/adminlab/franka_ros2_ws/install/moveit_msgs/lib:${LD_LIBRARY_PATH} PATH=/home/adminlab/franka_ros2_ws/install/moveit_core/bin:/home/adminlab/franka_ros2_ws/install/generate_parameter_library_py/bin:${PATH} PYTHONPATH=/home/adminlab/franka_ros2_ws/install/srdfdom/local/lib/python3.10/dist-packages:/home/adminlab/franka_ros2_ws/install/moveit_msgs/local/lib/python3.10/dist-packages:/home/adminlab/franka_ros2_ws/install/generate_parameter_library_py/lib/python3.10/site-packages:${PYTHONPATH} /usr/bin/cmake --install /home/adminlab/franka_ros2_ws/build/moveit_ros_control_interface
