[0.000000] (-) TimerEvent: {}
[0.000078] (-) JobUnselected: {'identifier': 'OpenCV'}
[0.000092] (-) JobUnselected: {'identifier': 'camera_publisher'}
[0.000101] (-) JobUnselected: {'identifier': 'chomp_motion_planner'}
[0.000108] (-) JobUnselected: {'identifier': 'cmake_generate_parameter_module_example'}
[0.000115] (-) JobUnselected: {'identifier': 'cv_franka_bridge'}
[0.000122] (-) JobUnselected: {'identifier': 'franka_bringup'}
[0.000129] (-) JobUnselected: {'identifier': 'franka_custom_controller'}
[0.000136] (-) JobUnselected: {'identifier': 'franka_description'}
[0.000142] (-) JobUnselected: {'identifier': 'franka_example_controllers'}
[0.000149] (-) JobUnselected: {'identifier': 'franka_gripper'}
[0.000156] (-) JobUnselected: {'identifier': 'franka_hardware'}
[0.000162] (-) JobUnselected: {'identifier': 'franka_moveit_config'}
[0.000169] (-) JobUnselected: {'identifier': 'franka_msgs'}
[0.000176] (-) JobUnselected: {'identifier': 'franka_robot_state_broadcaster'}
[0.000182] (-) JobUnselected: {'identifier': 'franka_semantic_components'}
[0.000189] (-) JobUnselected: {'identifier': 'franka_teleop'}
[0.000196] (-) JobUnselected: {'identifier': 'generate_parameter_library'}
[0.000203] (-) JobUnselected: {'identifier': 'generate_parameter_library_example'}
[0.000209] (-) JobUnselected: {'identifier': 'generate_parameter_library_py'}
[0.000216] (-) JobUnselected: {'identifier': 'generate_parameter_module_example'}
[0.000223] (-) JobUnselected: {'identifier': 'hand_interfaces'}
[0.000230] (-) JobUnselected: {'identifier': 'handcv'}
[0.000237] (-) JobUnselected: {'identifier': 'hello_moveit'}
[0.000243] (-) JobUnselected: {'identifier': 'integration_launch_testing'}
[0.000250] (-) JobUnselected: {'identifier': 'joint_trajectory_controller'}
[0.000256] (-) JobUnselected: {'identifier': 'launch_param_builder'}
[0.000262] (-) JobUnselected: {'identifier': 'librealsense2'}
[0.000269] (-) JobUnselected: {'identifier': 'moveit'}
[0.000275] (-) JobUnselected: {'identifier': 'moveit2_scripts'}
[0.000282] (-) JobUnselected: {'identifier': 'moveit2_tutorials'}
[0.000289] (-) JobUnselected: {'identifier': 'moveit_chomp_optimizer_adapter'}
[0.000295] (-) JobUnselected: {'identifier': 'moveit_common'}
[0.000302] (-) JobUnselected: {'identifier': 'moveit_configs_utils'}
[0.000308] (-) JobUnselected: {'identifier': 'moveit_core'}
[0.000315] (-) JobUnselected: {'identifier': 'moveit_hybrid_planning'}
[0.000321] (-) JobUnselected: {'identifier': 'moveit_kinematics'}
[0.000328] (-) JobUnselected: {'identifier': 'moveit_msgs'}
[0.000334] (-) JobUnselected: {'identifier': 'moveit_planners'}
[0.000341] (-) JobUnselected: {'identifier': 'moveit_planners_chomp'}
[0.000347] (-) JobUnselected: {'identifier': 'moveit_planners_ompl'}
[0.000354] (-) JobUnselected: {'identifier': 'moveit_plugins'}
[0.000360] (-) JobUnselected: {'identifier': 'moveit_resources'}
[0.000367] (-) JobUnselected: {'identifier': 'moveit_resources_fanuc_description'}
[0.000374] (-) JobUnselected: {'identifier': 'moveit_resources_fanuc_moveit_config'}
[0.000380] (-) JobUnselected: {'identifier': 'moveit_resources_panda_description'}
[0.000387] (-) JobUnselected: {'identifier': 'moveit_resources_panda_moveit_config'}
[0.000394] (-) JobUnselected: {'identifier': 'moveit_resources_pr2_description'}
[0.000400] (-) JobUnselected: {'identifier': 'moveit_resources_prbt_ikfast_manipulator_plugin'}
[0.000407] (-) JobUnselected: {'identifier': 'moveit_resources_prbt_moveit_config'}
[0.000413] (-) JobUnselected: {'identifier': 'moveit_resources_prbt_pg70_support'}
[0.000419] (-) JobUnselected: {'identifier': 'moveit_resources_prbt_support'}
[0.000426] (-) JobUnselected: {'identifier': 'moveit_ros'}
[0.000433] (-) JobUnselected: {'identifier': 'moveit_ros_benchmarks'}
[0.000439] (-) JobUnselected: {'identifier': 'moveit_ros_control_interface'}
[0.000446] (-) JobUnselected: {'identifier': 'moveit_ros_move_group'}
[0.000453] (-) JobUnselected: {'identifier': 'moveit_ros_occupancy_map_monitor'}
[0.000460] (-) JobUnselected: {'identifier': 'moveit_ros_perception'}
[0.000466] (-) JobUnselected: {'identifier': 'moveit_ros_planning'}
[0.000476] (-) JobUnselected: {'identifier': 'moveit_ros_planning_interface'}
[0.000482] (-) JobUnselected: {'identifier': 'moveit_ros_robot_interaction'}
[0.000489] (-) JobUnselected: {'identifier': 'moveit_ros_visualization'}
[0.000496] (-) JobUnselected: {'identifier': 'moveit_ros_warehouse'}
[0.000502] (-) JobUnselected: {'identifier': 'moveit_runtime'}
[0.000509] (-) JobUnselected: {'identifier': 'moveit_servo'}
[0.000515] (-) JobUnselected: {'identifier': 'moveit_setup_app_plugins'}
[0.000522] (-) JobUnselected: {'identifier': 'moveit_setup_assistant'}
[0.000528] (-) JobUnselected: {'identifier': 'moveit_setup_controllers'}
[0.000535] (-) JobUnselected: {'identifier': 'moveit_setup_core_plugins'}
[0.000541] (-) JobUnselected: {'identifier': 'moveit_setup_framework'}
[0.000548] (-) JobUnselected: {'identifier': 'moveit_setup_srdf_plugins'}
[0.000554] (-) JobUnselected: {'identifier': 'moveit_simple_controller_manager'}
[0.000561] (-) JobUnselected: {'identifier': 'moveit_task_constructor_capabilities'}
[0.000567] (-) JobUnselected: {'identifier': 'moveit_task_constructor_core'}
[0.000573] (-) JobUnselected: {'identifier': 'moveit_task_constructor_demo'}
[0.000580] (-) JobUnselected: {'identifier': 'moveit_task_constructor_msgs'}
[0.000587] (-) JobUnselected: {'identifier': 'moveit_task_constructor_visualization'}
[0.000594] (-) JobUnselected: {'identifier': 'moveit_visual_tools'}
[0.000603] (-) JobUnselected: {'identifier': 'mtc_tutorial'}
[0.000610] (-) JobUnselected: {'identifier': 'numsr_franka_moveit_config'}
[0.000617] (-) JobUnselected: {'identifier': 'parameter_traits'}
[0.000624] (-) JobUnselected: {'identifier': 'pilz_industrial_motion_planner'}
[0.000630] (-) JobUnselected: {'identifier': 'pilz_industrial_motion_planner_testutils'}
[0.000637] (-) JobUnselected: {'identifier': 'realsense2_camera'}
[0.000643] (-) JobUnselected: {'identifier': 'realsense2_camera_msgs'}
[0.000650] (-) JobUnselected: {'identifier': 'realsense2_description'}
[0.000657] (-) JobUnselected: {'identifier': 'ros2test'}
[0.000664] (-) JobUnselected: {'identifier': 'ros_testing'}
[0.000670] (-) JobUnselected: {'identifier': 'rosparam_shortcuts'}
[0.000676] (-) JobUnselected: {'identifier': 'rviz_marker_tools'}
[0.000683] (-) JobUnselected: {'identifier': 'srdfdom'}
[0.000690] (-) EventReactorShutdown: {}
