[0.481s] Invoking command in '/home/adminlab/franka_ros2_ws/build/franka_description': CMAKE_PREFIX_PATH=/opt/ros/humble /usr/bin/cmake --build /home/adminlab/franka_ros2_ws/build/franka_description -- -j16 -l16
[0.519s] Invoked command in '/home/adminlab/franka_ros2_ws/build/franka_description' returned '0': CMAKE_PREFIX_PATH=/opt/ros/humble /usr/bin/cmake --build /home/adminlab/franka_ros2_ws/build/franka_description -- -j16 -l16
[0.558s] Invoking command in '/home/adminlab/franka_ros2_ws/build/franka_description': CMAKE_PREFIX_PATH=/opt/ros/humble /usr/bin/cmake --install /home/adminlab/franka_ros2_ws/build/franka_description
[0.601s] -- Install configuration: ""
[0.601s] -- Up-to-date: /home/adminlab/franka_ros2_ws/install/franka_description/share/franka_description//launch
[0.601s] -- Up-to-date: /home/adminlab/franka_ros2_ws/install/franka_description/share/franka_description//launch/visualize_franka.launch.py
[0.601s] -- Up-to-date: /home/adminlab/franka_ros2_ws/install/franka_description/share/franka_description//robots
[0.601s] -- Up-to-date: /home/adminlab/franka_ros2_ws/install/franka_description/share/franka_description//robots/panda_arm.urdf.xacro
[0.601s] -- Up-to-date: /home/adminlab/franka_ros2_ws/install/franka_description/share/franka_description//robots/panda_arm.xacro
[0.602s] -- Up-to-date: /home/adminlab/franka_ros2_ws/install/franka_description/share/franka_description//robots/panda_arm.ros2_control.xacro
[0.602s] -- Up-to-date: /home/adminlab/franka_ros2_ws/install/franka_description/share/franka_description//robots/hand.urdf.xacro
[0.602s] -- Up-to-date: /home/adminlab/franka_ros2_ws/install/franka_description/share/franka_description//robots/hand.xacro
[0.602s] -- Up-to-date: /home/adminlab/franka_ros2_ws/install/franka_description/share/franka_description//meshes
[0.602s] -- Up-to-date: /home/adminlab/franka_ros2_ws/install/franka_description/share/franka_description//meshes/visual
[0.602s] -- Up-to-date: /home/adminlab/franka_ros2_ws/install/franka_description/share/franka_description//meshes/visual/link6.dae
[0.602s] -- Up-to-date: /home/adminlab/franka_ros2_ws/install/franka_description/share/franka_description//meshes/visual/link2.dae
[0.602s] -- Up-to-date: /home/adminlab/franka_ros2_ws/install/franka_description/share/franka_description//meshes/visual/link7.dae
[0.602s] -- Up-to-date: /home/adminlab/franka_ros2_ws/install/franka_description/share/franka_description//meshes/visual/finger.dae
[0.602s] -- Up-to-date: /home/adminlab/franka_ros2_ws/install/franka_description/share/franka_description//meshes/visual/link1.dae
[0.602s] -- Up-to-date: /home/adminlab/franka_ros2_ws/install/franka_description/share/franka_description//meshes/visual/hand.dae
[0.602s] -- Up-to-date: /home/adminlab/franka_ros2_ws/install/franka_description/share/franka_description//meshes/visual/link5.dae
[0.602s] -- Up-to-date: /home/adminlab/franka_ros2_ws/install/franka_description/share/franka_description//meshes/visual/link3.dae
[0.602s] -- Up-to-date: /home/adminlab/franka_ros2_ws/install/franka_description/share/franka_description//meshes/visual/link4.dae
[0.602s] -- Up-to-date: /home/adminlab/franka_ros2_ws/install/franka_description/share/franka_description//meshes/visual/link0.dae
[0.603s] -- Up-to-date: /home/adminlab/franka_ros2_ws/install/franka_description/share/franka_description//rviz
[0.603s] -- Up-to-date: /home/adminlab/franka_ros2_ws/install/franka_description/share/franka_description//rviz/visualize_franka.rviz
[0.603s] -- Up-to-date: /home/adminlab/franka_ros2_ws/install/franka_description/share/ament_index/resource_index/package_run_dependencies/franka_description
[0.603s] -- Up-to-date: /home/adminlab/franka_ros2_ws/install/franka_description/share/ament_index/resource_index/parent_prefix_path/franka_description
[0.603s] -- Up-to-date: /home/adminlab/franka_ros2_ws/install/franka_description/share/franka_description/environment/ament_prefix_path.sh
[0.603s] -- Up-to-date: /home/adminlab/franka_ros2_ws/install/franka_description/share/franka_description/environment/ament_prefix_path.dsv
[0.603s] -- Up-to-date: /home/adminlab/franka_ros2_ws/install/franka_description/share/franka_description/environment/path.sh
[0.603s] -- Up-to-date: /home/adminlab/franka_ros2_ws/install/franka_description/share/franka_description/environment/path.dsv
[0.603s] -- Up-to-date: /home/adminlab/franka_ros2_ws/install/franka_description/share/franka_description/local_setup.bash
[0.603s] -- Up-to-date: /home/adminlab/franka_ros2_ws/install/franka_description/share/franka_description/local_setup.sh
[0.603s] -- Up-to-date: /home/adminlab/franka_ros2_ws/install/franka_description/share/franka_description/local_setup.zsh
[0.603s] -- Up-to-date: /home/adminlab/franka_ros2_ws/install/franka_description/share/franka_description/local_setup.dsv
[0.603s] -- Installing: /home/adminlab/franka_ros2_ws/install/franka_description/share/franka_description/package.dsv
[0.604s] -- Up-to-date: /home/adminlab/franka_ros2_ws/install/franka_description/share/ament_index/resource_index/packages/franka_description
[0.604s] -- Up-to-date: /home/adminlab/franka_ros2_ws/install/franka_description/share/franka_description/cmake/franka_descriptionConfig.cmake
[0.604s] -- Up-to-date: /home/adminlab/franka_ros2_ws/install/franka_description/share/franka_description/cmake/franka_descriptionConfig-version.cmake
[0.604s] -- Up-to-date: /home/adminlab/franka_ros2_ws/install/franka_description/share/franka_description/package.xml
[0.619s] Invoked command in '/home/adminlab/franka_ros2_ws/build/franka_description' returned '0': CMAKE_PREFIX_PATH=/opt/ros/humble /usr/bin/cmake --install /home/adminlab/franka_ros2_ws/build/franka_description
