-- Found moveit_common: 2.5.5 (/home/adminlab/franka_ros2_ws/install/moveit_common/share/moveit_common/cmake)
-- Found ament_cmake: 1.3.9 (/opt/ros/humble/share/ament_cmake/cmake)
-- Could NOT find libbfd (missing: LIBBFD_LIBRARY LIBBFD_INCLUDE_DIR) 
-- BACKWARD_HAS_UNWIND=1
-- BACKWARD_HAS_BACKTRACE=0
-- BACKWARD_HAS_BACKTRACE_SYMBOL=0
-- BACKWARD_HAS_DW=1
-- BACKWARD_HAS_BFD=0
-- Found Backward: /opt/ros/humble/share/backward_ros/cmake  
-- Checking for module 'glut'
--   No package 'glut' found
-- Found cv_bridge: 3.2.1 (/opt/ros/humble/share/cv_bridge/cmake)
-- Found rosidl_generator_c: 3.1.5 (/opt/ros/humble/share/rosidl_generator_c/cmake)
-- Found rosidl_adapter: 3.1.5 (/opt/ros/humble/share/rosidl_adapter/cmake)
-- Found rosidl_generator_cpp: 3.1.5 (/opt/ros/humble/share/rosidl_generator_cpp/cmake)
-- Using all available rosidl_typesupport_c: rosidl_typesupport_fastrtps_c;rosidl_typesupport_introspection_c
-- Using all available rosidl_typesupport_cpp: rosidl_typesupport_fastrtps_cpp;rosidl_typesupport_introspection_cpp
-- Found moveit_core: 2.5.5 (/home/adminlab/franka_ros2_ws/install/moveit_core/share/moveit_core/cmake)
-- Found Boost: /usr/lib/x86_64-linux-gnu/cmake/Boost-1.74.0/BoostConfig.cmake (found version "1.74.0") found components: chrono date_time filesystem iostreams program_options regex serialization system thread 
-- Found parameter_traits: 0.3.7 (/home/adminlab/franka_ros2_ws/install/parameter_traits/share/parameter_traits/cmake)
-- Found rmw_implementation_cmake: 6.1.2 (/opt/ros/humble/share/rmw_implementation_cmake/cmake)
-- Found rmw_fastrtps_cpp: 6.2.6 (/opt/ros/humble/share/rmw_fastrtps_cpp/cmake)
-- Using RMW implementation 'rmw_fastrtps_cpp' as default
-- Found rclcpp_lifecycle: 16.0.9 (/opt/ros/humble/share/rclcpp_lifecycle/cmake)
-- Found Boost: /usr/lib/x86_64-linux-gnu/cmake/Boost-1.74.0/BoostConfig.cmake (found version "1.74.0") found components: filesystem 
-- library: /usr/lib/x86_64-linux-gnu/libcurl.so
-- Ensuring Eigen3 include directory is part of orocos-kdl CMake target
-- Found image_transport: 3.1.9 (/opt/ros/humble/share/image_transport/cmake)
-- Found moveit_ros_occupancy_map_monitor: 2.5.5 (/home/adminlab/franka_ros2_ws/install/moveit_ros_occupancy_map_monitor/share/moveit_ros_occupancy_map_monitor/cmake)
-- Found Boost: /usr/lib/x86_64-linux-gnu/cmake/Boost-1.74.0/BoostConfig.cmake (found version "1.74.0") found components: thread 
-- Found ament_lint_auto: 0.12.11 (/opt/ros/humble/share/ament_lint_auto/cmake)
-- Added test 'cppcheck' to perform static code analysis on C / C++ code
-- Configured cppcheck include dirs: /home/adminlab/franka_ros2_ws/src/moveit2/moveit_ros/perception/depth_image_octomap_updater/include;/home/adminlab/franka_ros2_ws/src/moveit2/moveit_ros/perception/lazy_free_space_updater/include;/home/adminlab/franka_ros2_ws/src/moveit2/moveit_ros/perception/mesh_filter/include;/home/adminlab/franka_ros2_ws/src/moveit2/moveit_ros/perception/point_containment_filter/include;/home/adminlab/franka_ros2_ws/src/moveit2/moveit_ros/perception/pointcloud_octomap_updater/include;/home/adminlab/franka_ros2_ws/src/moveit2/moveit_ros/perception/semantic_world/include
-- Configured cppcheck exclude dirs and/or files: 
-- Added test 'lint_cmake' to check CMake code style
-- Added test 'xmllint' to check XML markup files
-- Configuring done
-- Generating done
-- Build files have been written to: /home/adminlab/franka_ros2_ws/build/moveit_ros_perception
[35m[1mConsolidate compiler generated dependencies of target moveit_lazy_free_space_updater[0m
[35m[1mConsolidate compiler generated dependencies of target moveit_point_containment_filter[0m
[35m[1mConsolidate compiler generated dependencies of target moveit_semantic_world[0m
[35m[1mConsolidate compiler generated dependencies of target moveit_mesh_filter[0m
[  5%] [32mBuilding CXX object lazy_free_space_updater/CMakeFiles/moveit_lazy_free_space_updater.dir/src/lazy_free_space_updater.cpp.o[0m
[ 10%] [32mBuilding CXX object point_containment_filter/CMakeFiles/moveit_point_containment_filter.dir/src/shape_mask.cpp.o[0m
[ 15%] [32mBuilding CXX object semantic_world/CMakeFiles/moveit_semantic_world.dir/src/semantic_world.cpp.o[0m
[ 20%] [32mBuilding CXX object mesh_filter/CMakeFiles/moveit_mesh_filter.dir/src/sensor_model.cpp.o[0m
[ 25%] [32mBuilding CXX object mesh_filter/CMakeFiles/moveit_mesh_filter.dir/src/stereo_camera_model.cpp.o[0m
[ 30%] [32mBuilding CXX object mesh_filter/CMakeFiles/moveit_mesh_filter.dir/src/mesh_filter_base.cpp.o[0m
[ 35%] [32mBuilding CXX object mesh_filter/CMakeFiles/moveit_mesh_filter.dir/src/gl_renderer.cpp.o[0m
[ 40%] [32mBuilding CXX object mesh_filter/CMakeFiles/moveit_mesh_filter.dir/src/gl_mesh.cpp.o[0m
[ 45%] [32m[1mLinking CXX shared library libmoveit_lazy_free_space_updater.so[0m
[ 45%] Built target moveit_lazy_free_space_updater
[ 50%] [32m[1mLinking CXX shared library libmoveit_point_containment_filter.so[0m
[ 50%] Built target moveit_point_containment_filter
[35m[1mConsolidate compiler generated dependencies of target moveit_pointcloud_octomap_updater_core[0m
[ 55%] [32mBuilding CXX object pointcloud_octomap_updater/CMakeFiles/moveit_pointcloud_octomap_updater_core.dir/src/pointcloud_octomap_updater.cpp.o[0m
[ 60%] [32m[1mLinking CXX shared library libmoveit_mesh_filter.so[0m
[ 60%] Built target moveit_mesh_filter
[ 65%] [32m[1mLinking CXX shared library libmoveit_pointcloud_octomap_updater_core.so[0m
[ 65%] Built target moveit_pointcloud_octomap_updater_core
[ 70%] [32m[1mLinking CXX shared library libmoveit_semantic_world.so[0m
[ 70%] Built target moveit_semantic_world
[35m[1mConsolidate compiler generated dependencies of target moveit_pointcloud_octomap_updater[0m
[ 75%] [32mBuilding CXX object pointcloud_octomap_updater/CMakeFiles/moveit_pointcloud_octomap_updater.dir/src/plugin_init.cpp.o[0m
[ 80%] [32m[1mLinking CXX shared library libmoveit_pointcloud_octomap_updater.so[0m
[ 80%] Built target moveit_pointcloud_octomap_updater
[35m[1mConsolidate compiler generated dependencies of target moveit_depth_image_octomap_updater_core[0m
[ 85%] [32mBuilding CXX object depth_image_octomap_updater/CMakeFiles/moveit_depth_image_octomap_updater_core.dir/src/depth_image_octomap_updater.cpp.o[0m
[ 90%] [32m[1mLinking CXX shared library libmoveit_depth_image_octomap_updater_core.so[0m
[ 90%] Built target moveit_depth_image_octomap_updater_core
[35m[1mConsolidate compiler generated dependencies of target moveit_depth_image_octomap_updater[0m
[ 95%] [32mBuilding CXX object depth_image_octomap_updater/CMakeFiles/moveit_depth_image_octomap_updater.dir/src/updater_plugin.cpp.o[0m
[100%] [32m[1mLinking CXX shared library libmoveit_depth_image_octomap_updater.so[0m
[100%] Built target moveit_depth_image_octomap_updater
-- Install configuration: "Debug"
-- Up-to-date: /home/adminlab/franka_ros2_ws/install/moveit_ros_perception/include
-- Up-to-date: /home/adminlab/franka_ros2_ws/install/moveit_ros_perception/include/moveit
-- Up-to-date: /home/adminlab/franka_ros2_ws/install/moveit_ros_perception/include/moveit/lazy_free_space_updater
-- Up-to-date: /home/adminlab/franka_ros2_ws/install/moveit_ros_perception/include/moveit/lazy_free_space_updater/lazy_free_space_updater.h
-- Up-to-date: /home/adminlab/franka_ros2_ws/install/moveit_ros_perception/include
-- Up-to-date: /home/adminlab/franka_ros2_ws/install/moveit_ros_perception/include/moveit
-- Up-to-date: /home/adminlab/franka_ros2_ws/install/moveit_ros_perception/include/moveit/point_containment_filter
-- Up-to-date: /home/adminlab/franka_ros2_ws/install/moveit_ros_perception/include/moveit/point_containment_filter/shape_mask.h
-- Up-to-date: /home/adminlab/franka_ros2_ws/install/moveit_ros_perception/include
-- Up-to-date: /home/adminlab/franka_ros2_ws/install/moveit_ros_perception/include/moveit
-- Up-to-date: /home/adminlab/franka_ros2_ws/install/moveit_ros_perception/include/moveit/pointcloud_octomap_updater
-- Up-to-date: /home/adminlab/franka_ros2_ws/install/moveit_ros_perception/include/moveit/pointcloud_octomap_updater/pointcloud_octomap_updater.h
-- Up-to-date: /home/adminlab/franka_ros2_ws/install/moveit_ros_perception/include
-- Up-to-date: /home/adminlab/franka_ros2_ws/install/moveit_ros_perception/include/moveit
-- Up-to-date: /home/adminlab/franka_ros2_ws/install/moveit_ros_perception/include/moveit/mesh_filter
-- Up-to-date: /home/adminlab/franka_ros2_ws/install/moveit_ros_perception/include/moveit/mesh_filter/transform_provider.h
-- Up-to-date: /home/adminlab/franka_ros2_ws/install/moveit_ros_perception/include/moveit/mesh_filter/gl_renderer.h
-- Up-to-date: /home/adminlab/franka_ros2_ws/install/moveit_ros_perception/include/moveit/mesh_filter/filter_job.h
-- Up-to-date: /home/adminlab/franka_ros2_ws/install/moveit_ros_perception/include/moveit/mesh_filter/depth_self_filter_nodelet.h
-- Up-to-date: /home/adminlab/franka_ros2_ws/install/moveit_ros_perception/include/moveit/mesh_filter/mesh_filter.h
-- Up-to-date: /home/adminlab/franka_ros2_ws/install/moveit_ros_perception/include/moveit/mesh_filter/gl_mesh.h
-- Up-to-date: /home/adminlab/franka_ros2_ws/install/moveit_ros_perception/include/moveit/mesh_filter/sensor_model.h
-- Up-to-date: /home/adminlab/franka_ros2_ws/install/moveit_ros_perception/include/moveit/mesh_filter/stereo_camera_model.h
-- Up-to-date: /home/adminlab/franka_ros2_ws/install/moveit_ros_perception/include/moveit/mesh_filter/mesh_filter_base.h
-- Up-to-date: /home/adminlab/franka_ros2_ws/install/moveit_ros_perception/include/moveit_mesh_filter_export.h
-- Up-to-date: /home/adminlab/franka_ros2_ws/install/moveit_ros_perception/include
-- Up-to-date: /home/adminlab/franka_ros2_ws/install/moveit_ros_perception/include/moveit
-- Up-to-date: /home/adminlab/franka_ros2_ws/install/moveit_ros_perception/include/moveit/depth_image_octomap_updater
-- Up-to-date: /home/adminlab/franka_ros2_ws/install/moveit_ros_perception/include/moveit/depth_image_octomap_updater/depth_image_octomap_updater.h
-- Up-to-date: /home/adminlab/franka_ros2_ws/install/moveit_ros_perception/include
-- Up-to-date: /home/adminlab/franka_ros2_ws/install/moveit_ros_perception/include/moveit
-- Up-to-date: /home/adminlab/franka_ros2_ws/install/moveit_ros_perception/include/moveit/semantic_world
-- Up-to-date: /home/adminlab/franka_ros2_ws/install/moveit_ros_perception/include/moveit/semantic_world/semantic_world.h
-- Installing: /home/adminlab/franka_ros2_ws/install/moveit_ros_perception/lib/libmoveit_depth_image_octomap_updater.so.2.5.5
-- Set runtime path of "/home/adminlab/franka_ros2_ws/install/moveit_ros_perception/lib/libmoveit_depth_image_octomap_updater.so.2.5.5" to ""
-- Up-to-date: /home/adminlab/franka_ros2_ws/install/moveit_ros_perception/lib/libmoveit_depth_image_octomap_updater.so
-- Installing: /home/adminlab/franka_ros2_ws/install/moveit_ros_perception/lib/libmoveit_depth_image_octomap_updater_core.so.2.5.5
-- Set runtime path of "/home/adminlab/franka_ros2_ws/install/moveit_ros_perception/lib/libmoveit_depth_image_octomap_updater_core.so.2.5.5" to ""
-- Up-to-date: /home/adminlab/franka_ros2_ws/install/moveit_ros_perception/lib/libmoveit_depth_image_octomap_updater_core.so
-- Installing: /home/adminlab/franka_ros2_ws/install/moveit_ros_perception/lib/libmoveit_lazy_free_space_updater.so.2.5.5
-- Set runtime path of "/home/adminlab/franka_ros2_ws/install/moveit_ros_perception/lib/libmoveit_lazy_free_space_updater.so.2.5.5" to ""
-- Up-to-date: /home/adminlab/franka_ros2_ws/install/moveit_ros_perception/lib/libmoveit_lazy_free_space_updater.so
-- Installing: /home/adminlab/franka_ros2_ws/install/moveit_ros_perception/lib/libmoveit_mesh_filter.so.2.5.5
-- Set runtime path of "/home/adminlab/franka_ros2_ws/install/moveit_ros_perception/lib/libmoveit_mesh_filter.so.2.5.5" to ""
-- Up-to-date: /home/adminlab/franka_ros2_ws/install/moveit_ros_perception/lib/libmoveit_mesh_filter.so
-- Installing: /home/adminlab/franka_ros2_ws/install/moveit_ros_perception/lib/libmoveit_point_containment_filter.so.2.5.5
-- Set runtime path of "/home/adminlab/franka_ros2_ws/install/moveit_ros_perception/lib/libmoveit_point_containment_filter.so.2.5.5" to ""
-- Up-to-date: /home/adminlab/franka_ros2_ws/install/moveit_ros_perception/lib/libmoveit_point_containment_filter.so
-- Installing: /home/adminlab/franka_ros2_ws/install/moveit_ros_perception/lib/libmoveit_pointcloud_octomap_updater.so.2.5.5
-- Set runtime path of "/home/adminlab/franka_ros2_ws/install/moveit_ros_perception/lib/libmoveit_pointcloud_octomap_updater.so.2.5.5" to ""
-- Up-to-date: /home/adminlab/franka_ros2_ws/install/moveit_ros_perception/lib/libmoveit_pointcloud_octomap_updater.so
-- Installing: /home/adminlab/franka_ros2_ws/install/moveit_ros_perception/lib/libmoveit_pointcloud_octomap_updater_core.so.2.5.5
-- Set runtime path of "/home/adminlab/franka_ros2_ws/install/moveit_ros_perception/lib/libmoveit_pointcloud_octomap_updater_core.so.2.5.5" to ""
-- Up-to-date: /home/adminlab/franka_ros2_ws/install/moveit_ros_perception/lib/libmoveit_pointcloud_octomap_updater_core.so
-- Installing: /home/adminlab/franka_ros2_ws/install/moveit_ros_perception/lib/libmoveit_semantic_world.so.2.5.5
-- Set runtime path of "/home/adminlab/franka_ros2_ws/install/moveit_ros_perception/lib/libmoveit_semantic_world.so.2.5.5" to ""
-- Up-to-date: /home/adminlab/franka_ros2_ws/install/moveit_ros_perception/lib/libmoveit_semantic_world.so
-- Up-to-date: /home/adminlab/franka_ros2_ws/install/moveit_ros_perception/share/moveit_ros_perception/environment/library_path.sh
-- Installing: /home/adminlab/franka_ros2_ws/install/moveit_ros_perception/share/moveit_ros_perception/environment/library_path.dsv
-- Up-to-date: /home/adminlab/franka_ros2_ws/install/moveit_ros_perception/share/moveit_ros_perception/pointcloud_octomap_updater_plugin_description.xml
-- Up-to-date: /home/adminlab/franka_ros2_ws/install/moveit_ros_perception/share/moveit_ros_perception/depth_image_octomap_updater_plugin_description.xml
-- Up-to-date: /home/adminlab/franka_ros2_ws/install/moveit_ros_perception/share/ament_index/resource_index/package_run_dependencies/moveit_ros_perception
-- Installing: /home/adminlab/franka_ros2_ws/install/moveit_ros_perception/share/ament_index/resource_index/parent_prefix_path/moveit_ros_perception
-- Up-to-date: /home/adminlab/franka_ros2_ws/install/moveit_ros_perception/share/moveit_ros_perception/environment/ament_prefix_path.sh
-- Installing: /home/adminlab/franka_ros2_ws/install/moveit_ros_perception/share/moveit_ros_perception/environment/ament_prefix_path.dsv
-- Up-to-date: /home/adminlab/franka_ros2_ws/install/moveit_ros_perception/share/moveit_ros_perception/environment/path.sh
-- Installing: /home/adminlab/franka_ros2_ws/install/moveit_ros_perception/share/moveit_ros_perception/environment/path.dsv
-- Up-to-date: /home/adminlab/franka_ros2_ws/install/moveit_ros_perception/share/moveit_ros_perception/local_setup.bash
-- Up-to-date: /home/adminlab/franka_ros2_ws/install/moveit_ros_perception/share/moveit_ros_perception/local_setup.sh
-- Up-to-date: /home/adminlab/franka_ros2_ws/install/moveit_ros_perception/share/moveit_ros_perception/local_setup.zsh
-- Installing: /home/adminlab/franka_ros2_ws/install/moveit_ros_perception/share/moveit_ros_perception/local_setup.dsv
-- Installing: /home/adminlab/franka_ros2_ws/install/moveit_ros_perception/share/moveit_ros_perception/package.dsv
-- Up-to-date: /home/adminlab/franka_ros2_ws/install/moveit_ros_perception/share/ament_index/resource_index/packages/moveit_ros_perception
-- Up-to-date: /home/adminlab/franka_ros2_ws/install/moveit_ros_perception/share/ament_index/resource_index/moveit_ros_occupancy_map_monitor__pluginlib__plugin/moveit_ros_perception
-- Up-to-date: /home/adminlab/franka_ros2_ws/install/moveit_ros_perception/share/moveit_ros_perception/cmake/export_moveit_ros_perceptionExport.cmake
-- Installing: /home/adminlab/franka_ros2_ws/install/moveit_ros_perception/share/moveit_ros_perception/cmake/export_moveit_ros_perceptionExport-debug.cmake
-- Up-to-date: /home/adminlab/franka_ros2_ws/install/moveit_ros_perception/share/moveit_ros_perception/cmake/ConfigExtras.cmake
-- Up-to-date: /home/adminlab/franka_ros2_ws/install/moveit_ros_perception/share/moveit_ros_perception/cmake/ament_cmake_export_targets-extras.cmake
-- Up-to-date: /home/adminlab/franka_ros2_ws/install/moveit_ros_perception/share/moveit_ros_perception/cmake/ament_cmake_export_dependencies-extras.cmake
-- Up-to-date: /home/adminlab/franka_ros2_ws/install/moveit_ros_perception/share/moveit_ros_perception/cmake/moveit_ros_perceptionConfig.cmake
-- Up-to-date: /home/adminlab/franka_ros2_ws/install/moveit_ros_perception/share/moveit_ros_perception/cmake/moveit_ros_perceptionConfig-version.cmake
-- Up-to-date: /home/adminlab/franka_ros2_ws/install/moveit_ros_perception/share/moveit_ros_perception/package.xml
