[0.982s] Invoking command in '/home/adminlab/franka_ros2_ws/src/generate_parameter_library/example_python': AMENT_PREFIX_PATH=/home/adminlab/franka_ros2_ws/install/generate_parameter_library:/home/adminlab/franka_ros2_ws/install/parameter_traits:/home/adminlab/franka_ros2_ws/install/generate_parameter_library_py:${AMENT_PREFIX_PATH} CMAKE_PREFIX_PATH=/home/adminlab/franka_ros2_ws/install/generate_parameter_library:/home/adminlab/franka_ros2_ws/install/parameter_traits LD_LIBRARY_PATH=/home/adminlab/franka_ros2_ws/install/parameter_traits/lib:${LD_LIBRARY_PATH} PATH=/home/adminlab/franka_ros2_ws/install/generate_parameter_library_py/bin:${PATH} PYTHONPATH=/home/adminlab/franka_ros2_ws/build/generate_parameter_module_example/prefix_override:/home/adminlab/franka_ros2_ws/install/generate_parameter_module_example/lib/python3.10/site-packages:/home/adminlab/franka_ros2_ws/install/generate_parameter_library_py/lib/python3.10/site-packages:${PYTHONPATH} /usr/bin/python3 -W ignore:setup.py install is deprecated setup.py egg_info --egg-base ../../../build/generate_parameter_module_example build --build-base /home/adminlab/franka_ros2_ws/build/generate_parameter_module_example/build install --record /home/adminlab/franka_ros2_ws/build/generate_parameter_module_example/install.log --single-version-externally-managed install_data
[2.320s] running egg_info
[2.320s] writing ../../../build/generate_parameter_module_example/generate_parameter_module_example.egg-info/PKG-INFO
[2.320s] writing dependency_links to ../../../build/generate_parameter_module_example/generate_parameter_module_example.egg-info/dependency_links.txt
[2.320s] writing entry points to ../../../build/generate_parameter_module_example/generate_parameter_module_example.egg-info/entry_points.txt
[2.320s] writing requirements to ../../../build/generate_parameter_module_example/generate_parameter_module_example.egg-info/requires.txt
[2.321s] writing top-level names to ../../../build/generate_parameter_module_example/generate_parameter_module_example.egg-info/top_level.txt
[2.323s] reading manifest file '../../../build/generate_parameter_module_example/generate_parameter_module_example.egg-info/SOURCES.txt'
[2.324s] writing manifest file '../../../build/generate_parameter_module_example/generate_parameter_module_example.egg-info/SOURCES.txt'
[2.324s] running build
[2.324s] running build_py
[2.325s] running install
[2.325s] running install_lib
[2.326s] running install_data
[2.327s] running install_egg_info
[2.328s] removing '/home/adminlab/franka_ros2_ws/install/generate_parameter_module_example/lib/python3.10/site-packages/generate_parameter_module_example-0.3.7-py3.10.egg-info' (and everything under it)
[2.328s] Copying ../../../build/generate_parameter_module_example/generate_parameter_module_example.egg-info to /home/adminlab/franka_ros2_ws/install/generate_parameter_module_example/lib/python3.10/site-packages/generate_parameter_module_example-0.3.7-py3.10.egg-info
[2.329s] running install_scripts
[2.347s] Installing test_node script to /home/adminlab/franka_ros2_ws/install/generate_parameter_module_example/lib/generate_parameter_module_example
[2.347s] writing list of installed files to '/home/adminlab/franka_ros2_ws/build/generate_parameter_module_example/install.log'
[2.375s] Invoked command in '/home/adminlab/franka_ros2_ws/src/generate_parameter_library/example_python' returned '0': AMENT_PREFIX_PATH=/home/adminlab/franka_ros2_ws/install/generate_parameter_library:/home/adminlab/franka_ros2_ws/install/parameter_traits:/home/adminlab/franka_ros2_ws/install/generate_parameter_library_py:${AMENT_PREFIX_PATH} CMAKE_PREFIX_PATH=/home/adminlab/franka_ros2_ws/install/generate_parameter_library:/home/adminlab/franka_ros2_ws/install/parameter_traits LD_LIBRARY_PATH=/home/adminlab/franka_ros2_ws/install/parameter_traits/lib:${LD_LIBRARY_PATH} PATH=/home/adminlab/franka_ros2_ws/install/generate_parameter_library_py/bin:${PATH} PYTHONPATH=/home/adminlab/franka_ros2_ws/build/generate_parameter_module_example/prefix_override:/home/adminlab/franka_ros2_ws/install/generate_parameter_module_example/lib/python3.10/site-packages:/home/adminlab/franka_ros2_ws/install/generate_parameter_library_py/lib/python3.10/site-packages:${PYTHONPATH} /usr/bin/python3 -W ignore:setup.py install is deprecated setup.py egg_info --egg-base ../../../build/generate_parameter_module_example build --build-base /home/adminlab/franka_ros2_ws/build/generate_parameter_module_example/build install --record /home/adminlab/franka_ros2_ws/build/generate_parameter_module_example/install.log --single-version-externally-managed install_data
