-- Found ament_cmake: 1.3.9 (/opt/ros/humble/share/ament_cmake/cmake)
-- Found Boost: /usr/lib/x86_64-linux-gnu/cmake/Boost-1.74.0/BoostConfig.cmake (found version "1.74.0")  
-- Found geometry_msgs: 4.2.3 (/opt/ros/humble/share/geometry_msgs/cmake)
-- Found rosidl_generator_c: 3.1.5 (/opt/ros/humble/share/rosidl_generator_c/cmake)
-- Found rosidl_adapter: 3.1.5 (/opt/ros/humble/share/rosidl_adapter/cmake)
-- Found rosidl_generator_cpp: 3.1.5 (/opt/ros/humble/share/rosidl_generator_cpp/cmake)
-- Using all available rosidl_typesupport_c: rosidl_typesupport_fastrtps_c;rosidl_typesupport_introspection_c
-- Using all available rosidl_typesupport_cpp: rosidl_typesupport_fastrtps_cpp;rosidl_typesupport_introspection_cpp
-- Found moveit_common: 2.5.5 (/home/adminlab/franka_ros2_ws/install/moveit_common/share/moveit_common/cmake)
-- Could NOT find libbfd (missing: LIBBFD_LIBRARY LIBBFD_INCLUDE_DIR) 
-- BACKWARD_HAS_UNWIND=1
-- BACKWARD_HAS_BACKTRACE=0
-- BACKWARD_HAS_BACKTRACE_SYMBOL=0
-- BACKWARD_HAS_DW=1
-- BACKWARD_HAS_BFD=0
-- Found Backward: /opt/ros/humble/share/backward_ros/cmake  
-- Found moveit_core: 2.5.5 (/home/adminlab/franka_ros2_ws/install/moveit_core/share/moveit_core/cmake)
-- Found Boost: /usr/lib/x86_64-linux-gnu/cmake/Boost-1.74.0/BoostConfig.cmake (found version "1.74.0") found components: chrono date_time filesystem iostreams program_options regex serialization system thread 
-- Found parameter_traits: 0.3.7 (/home/adminlab/franka_ros2_ws/install/parameter_traits/share/parameter_traits/cmake)
-- Found rmw_implementation_cmake: 6.1.2 (/opt/ros/humble/share/rmw_implementation_cmake/cmake)
-- Found rmw_fastrtps_cpp: 6.2.6 (/opt/ros/humble/share/rmw_fastrtps_cpp/cmake)
-- Using RMW implementation 'rmw_fastrtps_cpp' as default
-- Found rclcpp_lifecycle: 16.0.9 (/opt/ros/humble/share/rclcpp_lifecycle/cmake)
-- Found Boost: /usr/lib/x86_64-linux-gnu/cmake/Boost-1.74.0/BoostConfig.cmake (found version "1.74.0") found components: filesystem 
-- library: /usr/lib/x86_64-linux-gnu/libcurl.so
-- Ensuring Eigen3 include directory is part of orocos-kdl CMake target
-- Found moveit_ros_planning: 2.5.5 (/home/adminlab/franka_ros2_ws/install/moveit_ros_planning/share/moveit_ros_planning/cmake)
-- Found Boost: /usr/lib/x86_64-linux-gnu/cmake/Boost-1.74.0/BoostConfig.cmake (found version "1.74.0") found components: system filesystem date_time program_options thread chrono 
-- Found moveit_ros_planning_interface: 2.5.5 (/home/adminlab/franka_ros2_ws/install/moveit_ros_planning_interface/share/moveit_ros_planning_interface/cmake)
-- Found Boost: /usr/lib/x86_64-linux-gnu/cmake/Boost-1.74.0/BoostConfig.cmake (found version "1.74.0") found components: date_time filesystem program_options system thread 
-- Found Boost: /usr/lib/x86_64-linux-gnu/cmake/Boost-1.74.0/BoostConfig.cmake (found version "1.74.0") found components: thread system filesystem regex date_time program_options 
-- Found Boost: /usr/lib/x86_64-linux-gnu/cmake/Boost-1.74.0/BoostConfig.cmake (found version "1.74.0") found components: system filesystem date_time program_options thread 
-- Found moveit_task_constructor_msgs: 0.1.3 (/home/adminlab/franka_ros2_ws/install/moveit_task_constructor_msgs/share/moveit_task_constructor_msgs/cmake)
-- Found rviz_marker_tools: 0.1.3 (/home/adminlab/franka_ros2_ws/install/rviz_marker_tools/share/rviz_marker_tools/cmake)
-- Found ament_cmake_gtest: 1.3.9 (/opt/ros/humble/share/ament_cmake_gtest/cmake)
-- Found ament_cmake_gmock: 1.3.9 (/opt/ros/humble/share/ament_cmake_gmock/cmake)
-- Found launch_testing_ament_cmake: 1.0.6 (/opt/ros/humble/share/launch_testing_ament_cmake/cmake)
-- Found python_cmake_module: 0.10.0 (/opt/ros/humble/share/python_cmake_module/cmake)
-- Using PYTHON_EXECUTABLE: /usr/bin/python3
-- Using PYTHON_INCLUDE_DIRS: /usr/include/python3.10
-- Using PYTHON_LIBRARIES: /usr/lib/x86_64-linux-gnu/libpython3.10.so
-- Found gmock sources under '/opt/ros/humble/src/gmock_vendor': C++ tests using 'Google Mock' will be built
-- Found gtest sources under '/opt/ros/humble/src/gtest_vendor': C++ tests using 'Google Test' will be built
-- Configuring done
-- Generating done
-- Build files have been written to: /home/adminlab/franka_ros2_ws/build/moveit_task_constructor_core
[35m[1mConsolidate compiler generated dependencies of target gtest_main[0m
[35m[1mConsolidate compiler generated dependencies of target gmock[0m
[35m[1mConsolidate compiler generated dependencies of target gmock_main[0m
[35m[1mConsolidate compiler generated dependencies of target gtest[0m
[  2%] Built target gtest_main
[  6%] Built target gmock
[35m[1mConsolidate compiler generated dependencies of target moveit_task_constructor_core[0m
[  8%] Built target gmock_main
[ 11%] Built target gtest
[ 31%] Built target moveit_task_constructor_core
[35m[1mConsolidate compiler generated dependencies of target gtest_utils[0m
[35m[1mConsolidate compiler generated dependencies of target moveit_task_constructor_core_stages[0m
[ 36%] Built target gtest_utils
[ 59%] Built target moveit_task_constructor_core_stages
[35m[1mConsolidate compiler generated dependencies of target moveit_task_constructor_core_stage_plugins[0m
[35m[1mConsolidate compiler generated dependencies of target moveit_task_constructor_core-test-stage[0m
[35m[1mConsolidate compiler generated dependencies of target moveit_task_constructor_core-test-mockups[0m
[35m[1mConsolidate compiler generated dependencies of target moveit_task_constructor_core-test-properties[0m
[35m[1mConsolidate compiler generated dependencies of target pick_ur5[0m
[35m[1mConsolidate compiler generated dependencies of target moveit_task_constructor_core-test-cost-queue[0m
[35m[1mConsolidate compiler generated dependencies of target moveit_task_constructor_core-test-move-relative[0m
[35m[1mConsolidate compiler generated dependencies of target moveit_task_constructor_core-test-move-to[0m
[35m[1mConsolidate compiler generated dependencies of target moveit_task_constructor_core-test-container[0m
[35m[1mConsolidate compiler generated dependencies of target moveit_task_constructor_core-test-fallback[0m
[35m[1mConsolidate compiler generated dependencies of target moveit_task_constructor_core-test-pruning[0m
[35m[1mConsolidate compiler generated dependencies of target moveit_task_constructor_core-test-cost-terms[0m
[35m[1mConsolidate compiler generated dependencies of target moveit_task_constructor_core-test-serial[0m
[35m[1mConsolidate compiler generated dependencies of target pick_pr2[0m
[35m[1mConsolidate compiler generated dependencies of target pick_pa10[0m
[35m[1mConsolidate compiler generated dependencies of target moveit_task_constructor_core-test-interface-state[0m
[ 62%] Built target moveit_task_constructor_core_stage_plugins
[ 64%] Built target moveit_task_constructor_core-test-properties
[ 67%] Built target moveit_task_constructor_core-test-stage
[ 69%] Built target moveit_task_constructor_core-test-move-to
[ 72%] Built target moveit_task_constructor_core-test-cost-queue
[ 74%] Built target moveit_task_constructor_core-test-move-relative
[ 77%] Built target pick_ur5
[ 79%] Built target pick_pr2
[ 82%] Built target moveit_task_constructor_core-test-serial
[ 84%] Built target moveit_task_constructor_core-test-pruning
[ 87%] Built target moveit_task_constructor_core-test-cost-terms
[ 89%] Built target moveit_task_constructor_core-test-interface-state
[ 92%] Built target pick_pa10
[ 94%] Built target moveit_task_constructor_core-test-mockups
[ 97%] Built target moveit_task_constructor_core-test-container
[100%] Built target moveit_task_constructor_core-test-fallback
-- Install configuration: "Debug"
-- Up-to-date: /home/adminlab/franka_ros2_ws/install/moveit_task_constructor_core/include
-- Up-to-date: /home/adminlab/franka_ros2_ws/install/moveit_task_constructor_core/include/moveit
-- Up-to-date: /home/adminlab/franka_ros2_ws/install/moveit_task_constructor_core/include/moveit/task_constructor
-- Up-to-date: /home/adminlab/franka_ros2_ws/install/moveit_task_constructor_core/include/moveit/task_constructor/utils.h
-- Up-to-date: /home/adminlab/franka_ros2_ws/install/moveit_task_constructor_core/include/moveit/task_constructor/container.h
-- Up-to-date: /home/adminlab/franka_ros2_ws/install/moveit_task_constructor_core/include/moveit/task_constructor/cost_terms.h
-- Up-to-date: /home/adminlab/franka_ros2_ws/install/moveit_task_constructor_core/include/moveit/task_constructor/trajectory_execution_info.h
-- Up-to-date: /home/adminlab/franka_ros2_ws/install/moveit_task_constructor_core/include/moveit/task_constructor/stages
-- Up-to-date: /home/adminlab/franka_ros2_ws/install/moveit_task_constructor_core/include/moveit/task_constructor/stages/generate_place_pose.h
-- Up-to-date: /home/adminlab/franka_ros2_ws/install/moveit_task_constructor_core/include/moveit/task_constructor/stages/fix_collision_objects.h
-- Up-to-date: /home/adminlab/franka_ros2_ws/install/moveit_task_constructor_core/include/moveit/task_constructor/stages/generate_grasp_pose.h
-- Up-to-date: /home/adminlab/franka_ros2_ws/install/moveit_task_constructor_core/include/moveit/task_constructor/stages/fixed_cartesian_poses.h
-- Up-to-date: /home/adminlab/franka_ros2_ws/install/moveit_task_constructor_core/include/moveit/task_constructor/stages/simple_grasp.h
-- Up-to-date: /home/adminlab/franka_ros2_ws/install/moveit_task_constructor_core/include/moveit/task_constructor/stages/move_to.h
-- Up-to-date: /home/adminlab/franka_ros2_ws/install/moveit_task_constructor_core/include/moveit/task_constructor/stages/compute_ik.h
-- Up-to-date: /home/adminlab/franka_ros2_ws/install/moveit_task_constructor_core/include/moveit/task_constructor/stages/modify_planning_scene.h
-- Up-to-date: /home/adminlab/franka_ros2_ws/install/moveit_task_constructor_core/include/moveit/task_constructor/stages/passthrough.h
-- Up-to-date: /home/adminlab/franka_ros2_ws/install/moveit_task_constructor_core/include/moveit/task_constructor/stages/move_relative.h
-- Up-to-date: /home/adminlab/franka_ros2_ws/install/moveit_task_constructor_core/include/moveit/task_constructor/stages/fixed_state.h
-- Up-to-date: /home/adminlab/franka_ros2_ws/install/moveit_task_constructor_core/include/moveit/task_constructor/stages/noop.h
-- Up-to-date: /home/adminlab/franka_ros2_ws/install/moveit_task_constructor_core/include/moveit/task_constructor/stages/generate_pose.h
-- Up-to-date: /home/adminlab/franka_ros2_ws/install/moveit_task_constructor_core/include/moveit/task_constructor/stages/predicate_filter.h
-- Up-to-date: /home/adminlab/franka_ros2_ws/install/moveit_task_constructor_core/include/moveit/task_constructor/stages/pick.h
-- Up-to-date: /home/adminlab/franka_ros2_ws/install/moveit_task_constructor_core/include/moveit/task_constructor/stages/generate_random_pose.h
-- Up-to-date: /home/adminlab/franka_ros2_ws/install/moveit_task_constructor_core/include/moveit/task_constructor/stages/connect.h
-- Up-to-date: /home/adminlab/franka_ros2_ws/install/moveit_task_constructor_core/include/moveit/task_constructor/stages/current_state.h
-- Up-to-date: /home/adminlab/franka_ros2_ws/install/moveit_task_constructor_core/include/moveit/task_constructor/marker_tools.h
-- Up-to-date: /home/adminlab/franka_ros2_ws/install/moveit_task_constructor_core/include/moveit/task_constructor/moveit_compat.h
-- Up-to-date: /home/adminlab/franka_ros2_ws/install/moveit_task_constructor_core/include/moveit/task_constructor/type_traits.h
-- Up-to-date: /home/adminlab/franka_ros2_ws/install/moveit_task_constructor_core/include/moveit/task_constructor/task.h
-- Up-to-date: /home/adminlab/franka_ros2_ws/install/moveit_task_constructor_core/include/moveit/task_constructor/stage.h
-- Up-to-date: /home/adminlab/franka_ros2_ws/install/moveit_task_constructor_core/include/moveit/task_constructor/solvers
-- Up-to-date: /home/adminlab/franka_ros2_ws/install/moveit_task_constructor_core/include/moveit/task_constructor/solvers/planner_interface.h
-- Up-to-date: /home/adminlab/franka_ros2_ws/install/moveit_task_constructor_core/include/moveit/task_constructor/solvers/pipeline_planner.h
-- Up-to-date: /home/adminlab/franka_ros2_ws/install/moveit_task_constructor_core/include/moveit/task_constructor/solvers/cartesian_path.h
-- Up-to-date: /home/adminlab/franka_ros2_ws/install/moveit_task_constructor_core/include/moveit/task_constructor/solvers/multi_planner.h
-- Up-to-date: /home/adminlab/franka_ros2_ws/install/moveit_task_constructor_core/include/moveit/task_constructor/solvers/joint_interpolation.h
-- Up-to-date: /home/adminlab/franka_ros2_ws/install/moveit_task_constructor_core/include/moveit/task_constructor/merge.h
-- Up-to-date: /home/adminlab/franka_ros2_ws/install/moveit_task_constructor_core/include/moveit/task_constructor/storage.h
-- Up-to-date: /home/adminlab/franka_ros2_ws/install/moveit_task_constructor_core/include/moveit/task_constructor/solvers.h
-- Up-to-date: /home/adminlab/franka_ros2_ws/install/moveit_task_constructor_core/include/moveit/task_constructor/introspection.h
-- Up-to-date: /home/adminlab/franka_ros2_ws/install/moveit_task_constructor_core/include/moveit/task_constructor/cost_queue.h
-- Up-to-date: /home/adminlab/franka_ros2_ws/install/moveit_task_constructor_core/include/moveit/task_constructor/stages.h
-- Up-to-date: /home/adminlab/franka_ros2_ws/install/moveit_task_constructor_core/include/moveit/task_constructor/properties.h
-- Up-to-date: /home/adminlab/franka_ros2_ws/install/moveit_task_constructor_core/include/moveit/python
-- Up-to-date: /home/adminlab/franka_ros2_ws/install/moveit_task_constructor_core/include/moveit/python/task_constructor
-- Up-to-date: /home/adminlab/franka_ros2_ws/install/moveit_task_constructor_core/include/moveit/python/task_constructor/properties.h
-- Up-to-date: /home/adminlab/franka_ros2_ws/install/moveit_task_constructor_core/include/moveit/python/python_tools
-- Up-to-date: /home/adminlab/franka_ros2_ws/install/moveit_task_constructor_core/include/moveit/python/python_tools/ros_types.h
-- Up-to-date: /home/adminlab/franka_ros2_ws/install/moveit_task_constructor_core/share/moveit_task_constructor_core/motion_planning_stages_plugin_description.xml
-- Up-to-date: /home/adminlab/franka_ros2_ws/install/moveit_task_constructor_core/share/moveit_task_constructor_core/environment/library_path.sh
-- Installing: /home/adminlab/franka_ros2_ws/install/moveit_task_constructor_core/share/moveit_task_constructor_core/environment/library_path.dsv
-- Up-to-date: /home/adminlab/franka_ros2_ws/install/moveit_task_constructor_core/share/ament_index/resource_index/package_run_dependencies/moveit_task_constructor_core
-- Up-to-date: /home/adminlab/franka_ros2_ws/install/moveit_task_constructor_core/share/ament_index/resource_index/parent_prefix_path/moveit_task_constructor_core
-- Up-to-date: /home/adminlab/franka_ros2_ws/install/moveit_task_constructor_core/share/moveit_task_constructor_core/environment/ament_prefix_path.sh
-- Installing: /home/adminlab/franka_ros2_ws/install/moveit_task_constructor_core/share/moveit_task_constructor_core/environment/ament_prefix_path.dsv
-- Up-to-date: /home/adminlab/franka_ros2_ws/install/moveit_task_constructor_core/share/moveit_task_constructor_core/environment/path.sh
-- Installing: /home/adminlab/franka_ros2_ws/install/moveit_task_constructor_core/share/moveit_task_constructor_core/environment/path.dsv
-- Up-to-date: /home/adminlab/franka_ros2_ws/install/moveit_task_constructor_core/share/moveit_task_constructor_core/local_setup.bash
-- Up-to-date: /home/adminlab/franka_ros2_ws/install/moveit_task_constructor_core/share/moveit_task_constructor_core/local_setup.sh
-- Up-to-date: /home/adminlab/franka_ros2_ws/install/moveit_task_constructor_core/share/moveit_task_constructor_core/local_setup.zsh
-- Installing: /home/adminlab/franka_ros2_ws/install/moveit_task_constructor_core/share/moveit_task_constructor_core/local_setup.dsv
-- Installing: /home/adminlab/franka_ros2_ws/install/moveit_task_constructor_core/share/moveit_task_constructor_core/package.dsv
-- Up-to-date: /home/adminlab/franka_ros2_ws/install/moveit_task_constructor_core/share/ament_index/resource_index/packages/moveit_task_constructor_core
-- Up-to-date: /home/adminlab/franka_ros2_ws/install/moveit_task_constructor_core/share/ament_index/resource_index/moveit_task_constructor_core__pluginlib__plugin/moveit_task_constructor_core
-- Up-to-date: /home/adminlab/franka_ros2_ws/install/moveit_task_constructor_core/share/moveit_task_constructor_core/cmake/moveit_task_constructor_coreTargetsExport.cmake
-- Up-to-date: /home/adminlab/franka_ros2_ws/install/moveit_task_constructor_core/share/moveit_task_constructor_core/cmake/moveit_task_constructor_coreTargetsExport-debug.cmake
-- Up-to-date: /home/adminlab/franka_ros2_ws/install/moveit_task_constructor_core/share/moveit_task_constructor_core/cmake/ament_cmake_export_targets-extras.cmake
-- Up-to-date: /home/adminlab/franka_ros2_ws/install/moveit_task_constructor_core/share/moveit_task_constructor_core/cmake/ament_cmake_export_dependencies-extras.cmake
-- Up-to-date: /home/adminlab/franka_ros2_ws/install/moveit_task_constructor_core/share/moveit_task_constructor_core/cmake/moveit_task_constructor_coreConfig.cmake
-- Up-to-date: /home/adminlab/franka_ros2_ws/install/moveit_task_constructor_core/share/moveit_task_constructor_core/cmake/moveit_task_constructor_coreConfig-version.cmake
-- Up-to-date: /home/adminlab/franka_ros2_ws/install/moveit_task_constructor_core/share/moveit_task_constructor_core/package.xml
-- Up-to-date: /home/adminlab/franka_ros2_ws/install/moveit_task_constructor_core/lib/libmoveit_task_constructor_core.so
-- Up-to-date: /home/adminlab/franka_ros2_ws/install/moveit_task_constructor_core/lib/libmoveit_task_constructor_core_stages.so
-- Up-to-date: /home/adminlab/franka_ros2_ws/install/moveit_task_constructor_core/lib/libmoveit_task_constructor_core_stage_plugins.so
