-- The CXX compiler identification is GNU 11.4.0
-- The C compiler identification is GNU 11.4.0
-- Detecting CXX compiler ABI info
-- Detecting CXX compiler ABI info - done
-- Check for working CXX compiler: /usr/bin/c++ - skipped
-- Detecting CXX compile features
-- Detecting CXX compile features - done
-- Detecting C compiler ABI info
-- Detecting C compiler ABI info - done
-- Check for working C compiler: /usr/bin/cc - skipped
-- Detecting C compile features
-- Detecting C compile features - done
-- Checking internet connection...
-- Internet connection identified
-- Info: REALSENSE_VERSION_STRING=2.55.1
-- Setting Unix configurations
-- No output directory set; using /home/adminlab/franka_ros2_ws/build/librealsense2/Release/
-- Building libcurl enabled
-- Found OpenSSL: /usr/lib/x86_64-linux-gnu/libcrypto.so (found version "3.0.2")  
-- Performing Test SUPPORTS_CXX14
-- Performing Test SUPPORTS_CXX14 - Success
-- using RS2_USE_V4L2_BACKEND
-- Found usb: /usr/lib/x86_64-linux-gnu/libusb-1.0.so  
-- Found PkgConfig: /usr/bin/pkg-config (found version "0.29.2") 
-- Checking for module 'libudev'
--   Found libudev, version 249
-- Found Udev: /usr/include  
-- Fetching nlohmann/json...
-- Configuring incomplete, errors occurred!
See also "/home/adminlab/franka_ros2_ws/build/librealsense2/CMakeFiles/CMakeOutput.log".
