[1.349s] Invoking command in '/home/adminlab/franka_ros2_ws/src/launch_param_builder': PYTHONPATH=/home/adminlab/franka_ros2_ws/build/launch_param_builder/prefix_override:/home/adminlab/franka_ros2_ws/install/launch_param_builder/lib/python3.10/site-packages:${PYTHONPATH} /usr/bin/python3 -W ignore:setup.py install is deprecated setup.py egg_info --egg-base ../../build/launch_param_builder build --build-base /home/adminlab/franka_ros2_ws/build/launch_param_builder/build install --record /home/adminlab/franka_ros2_ws/build/launch_param_builder/install.log --single-version-externally-managed install_data
[1.648s] running egg_info
[1.648s] writing ../../build/launch_param_builder/launch_param_builder.egg-info/PKG-INFO
[1.648s] writing dependency_links to ../../build/launch_param_builder/launch_param_builder.egg-info/dependency_links.txt
[1.649s] writing entry points to ../../build/launch_param_builder/launch_param_builder.egg-info/entry_points.txt
[1.649s] writing requirements to ../../build/launch_param_builder/launch_param_builder.egg-info/requires.txt
[1.649s] writing top-level names to ../../build/launch_param_builder/launch_param_builder.egg-info/top_level.txt
[1.650s] reading manifest file '../../build/launch_param_builder/launch_param_builder.egg-info/SOURCES.txt'
[1.651s] adding license file 'LICENSE'
[1.651s] writing manifest file '../../build/launch_param_builder/launch_param_builder.egg-info/SOURCES.txt'
[1.652s] running build
[1.652s] running build_py
[1.653s] running install
[1.653s] running install_lib
[1.654s] running install_data
[1.655s] running install_egg_info
[1.656s] removing '/home/adminlab/franka_ros2_ws/install/launch_param_builder/lib/python3.10/site-packages/launch_param_builder-0.1.1-py3.10.egg-info' (and everything under it)
[1.657s] Copying ../../build/launch_param_builder/launch_param_builder.egg-info to /home/adminlab/franka_ros2_ws/install/launch_param_builder/lib/python3.10/site-packages/launch_param_builder-0.1.1-py3.10.egg-info
[1.658s] running install_scripts
[1.683s] writing list of installed files to '/home/adminlab/franka_ros2_ws/build/launch_param_builder/install.log'
[1.715s] Invoked command in '/home/adminlab/franka_ros2_ws/src/launch_param_builder' returned '0': PYTHONPATH=/home/adminlab/franka_ros2_ws/build/launch_param_builder/prefix_override:/home/adminlab/franka_ros2_ws/install/launch_param_builder/lib/python3.10/site-packages:${PYTHONPATH} /usr/bin/python3 -W ignore:setup.py install is deprecated setup.py egg_info --egg-base ../../build/launch_param_builder build --build-base /home/adminlab/franka_ros2_ws/build/launch_param_builder/build install --record /home/adminlab/franka_ros2_ws/build/launch_param_builder/install.log --single-version-externally-managed install_data
