[1.590s] Invoking command in '/home/adminlab/franka_ros2_ws/src/moveit2/moveit_configs_utils': AMENT_PREFIX_PATH=/home/adminlab/franka_ros2_ws/install/launch_param_builder:/home/adminlab/franka_ros2_ws/install/moveit_configs_utils:/home/adminlab/franka_ros2_ws/install/srdfdom:/home/adminlab/franka_ros2_ws/install/rviz_marker_tools:/home/adminlab/franka_ros2_ws/install/rosparam_shortcuts:/home/adminlab/franka_ros2_ws/install/ros_testing:/home/adminlab/franka_ros2_ws/install/ros2test:/home/adminlab/franka_ros2_ws/install/realsense2_description:/home/adminlab/franka_ros2_ws/install/realsense2_camera_msgs:/home/adminlab/franka_ros2_ws/install/joint_trajectory_controller:/home/adminlab/franka_ros2_ws/install/generate_parameter_module_example:/home/adminlab/franka_ros2_ws/install/generate_parameter_library_example:/home/adminlab/franka_ros2_ws/install/franka_bringup:/home/adminlab/franka_ros2_ws/install/franka_robot_state_broadcaster:/home/adminlab/franka_ros2_ws/install/generate_parameter_library:/home/adminlab/franka_ros2_ws/install/parameter_traits:/home/adminlab/franka_ros2_ws/install/moveit_task_constructor_msgs:/home/adminlab/franka_ros2_ws/install/moveit_resources_prbt_support:/home/adminlab/franka_ros2_ws/install/moveit_resources:/home/adminlab/franka_ros2_ws/install/moveit_resources_pr2_description:/home/adminlab/franka_ros2_ws/install/moveit_resources_panda_moveit_config:/home/adminlab/franka_ros2_ws/install/moveit_resources_panda_description:/home/adminlab/franka_ros2_ws/install/moveit_resources_fanuc_moveit_config:/home/adminlab/franka_ros2_ws/install/moveit_resources_fanuc_description:/home/adminlab/franka_ros2_ws/install/moveit_msgs:/home/adminlab/franka_ros2_ws/install/moveit_common:/home/adminlab/franka_ros2_ws/install/integration_launch_testing:/home/adminlab/franka_ros2_ws/install/handcv:/home/adminlab/franka_ros2_ws/install/hand_interfaces:/home/adminlab/franka_ros2_ws/install/generate_parameter_library_py:/home/adminlab/franka_ros2_ws/install/franka_example_controllers:/home/adminlab/franka_ros2_ws/install/franka_semantic_components:/home/adminlab/franka_ros2_ws/install/franka_moveit_config:/home/adminlab/franka_ros2_ws/install/franka_custom_controller:/home/adminlab/franka_ros2_ws/install/franka_hardware:/home/adminlab/franka_ros2_ws/install/franka_gripper:/home/adminlab/franka_ros2_ws/install/franka_msgs:/home/adminlab/franka_ros2_ws/install/franka_description:/home/adminlab/franka_ros2_ws/install/camera_publisher:/opt/ros/humble PYTHONPATH=/home/adminlab/franka_ros2_ws/build/moveit_configs_utils/prefix_override:/home/adminlab/franka_ros2_ws/install/moveit_configs_utils/lib/python3.10/site-packages:/home/adminlab/franka_ros2_ws/install/launch_param_builder/lib/python3.10/site-packages:/home/adminlab/franka_ros2_ws/install/moveit_configs_utils/lib/python3.10/site-packages:/home/adminlab/franka_ros2_ws/install/srdfdom/local/lib/python3.10/dist-packages:/home/adminlab/franka_ros2_ws/install/ros2test/lib/python3.10/site-packages:/home/adminlab/franka_ros2_ws/install/realsense2_camera_msgs/local/lib/python3.10/dist-packages:/home/adminlab/franka_ros2_ws/install/generate_parameter_module_example/lib/python3.10/site-packages:/home/adminlab/franka_ros2_ws/install/moveit_task_constructor_msgs/local/lib/python3.10/dist-packages:/home/adminlab/franka_ros2_ws/install/moveit_msgs/local/lib/python3.10/dist-packages:/home/adminlab/franka_ros2_ws/install/handcv/lib/python3.10/site-packages:/home/adminlab/franka_ros2_ws/install/hand_interfaces/local/lib/python3.10/dist-packages:/home/adminlab/franka_ros2_ws/install/generate_parameter_library_py/lib/python3.10/site-packages:/home/adminlab/franka_ros2_ws/install/franka_gripper/local/lib/python3.10/dist-packages:/home/adminlab/franka_ros2_ws/install/franka_msgs/local/lib/python3.10/dist-packages:/home/adminlab/franka_ros2_ws/install/camera_publisher/lib/python3.10/site-packages:/opt/ros/humble/lib/python3.10/site-packages:/opt/ros/humble/local/lib/python3.10/dist-packages /usr/bin/python3 -W ignore:setup.py install is deprecated setup.py egg_info --egg-base ../../../build/moveit_configs_utils build --build-base /home/adminlab/franka_ros2_ws/build/moveit_configs_utils/build install --record /home/adminlab/franka_ros2_ws/build/moveit_configs_utils/install.log --single-version-externally-managed install_data
[1.956s] running egg_info
[1.957s] creating ../../../build/moveit_configs_utils/moveit_configs_utils.egg-info
[1.961s] writing ../../../build/moveit_configs_utils/moveit_configs_utils.egg-info/PKG-INFO
[1.961s] writing dependency_links to ../../../build/moveit_configs_utils/moveit_configs_utils.egg-info/dependency_links.txt
[1.961s] writing entry points to ../../../build/moveit_configs_utils/moveit_configs_utils.egg-info/entry_points.txt
[1.961s] writing requirements to ../../../build/moveit_configs_utils/moveit_configs_utils.egg-info/requires.txt
[1.961s] writing top-level names to ../../../build/moveit_configs_utils/moveit_configs_utils.egg-info/top_level.txt
[1.961s] writing manifest file '../../../build/moveit_configs_utils/moveit_configs_utils.egg-info/SOURCES.txt'
[1.965s] reading manifest file '../../../build/moveit_configs_utils/moveit_configs_utils.egg-info/SOURCES.txt'
[1.965s] writing manifest file '../../../build/moveit_configs_utils/moveit_configs_utils.egg-info/SOURCES.txt'
[1.965s] running build
[1.965s] running build_py
[1.965s] creating /home/adminlab/franka_ros2_ws/build/moveit_configs_utils/build
[1.965s] creating /home/adminlab/franka_ros2_ws/build/moveit_configs_utils/build/lib
[1.965s] creating /home/adminlab/franka_ros2_ws/build/moveit_configs_utils/build/lib/moveit_configs_utils
[1.965s] copying moveit_configs_utils/__init__.py -> /home/adminlab/franka_ros2_ws/build/moveit_configs_utils/build/lib/moveit_configs_utils
[1.965s] copying moveit_configs_utils/launches.py -> /home/adminlab/franka_ros2_ws/build/moveit_configs_utils/build/lib/moveit_configs_utils
[1.965s] copying moveit_configs_utils/moveit_configs_builder.py -> /home/adminlab/franka_ros2_ws/build/moveit_configs_utils/build/lib/moveit_configs_utils
[1.966s] copying moveit_configs_utils/launch_utils.py -> /home/adminlab/franka_ros2_ws/build/moveit_configs_utils/build/lib/moveit_configs_utils
[1.966s] creating /home/adminlab/franka_ros2_ws/build/moveit_configs_utils/build/lib/moveit_configs_utils/substitutions
[1.966s] copying moveit_configs_utils/substitutions/__init__.py -> /home/adminlab/franka_ros2_ws/build/moveit_configs_utils/build/lib/moveit_configs_utils/substitutions
[1.966s] copying moveit_configs_utils/substitutions/xacro.py -> /home/adminlab/franka_ros2_ws/build/moveit_configs_utils/build/lib/moveit_configs_utils/substitutions
[1.967s] running install
[1.967s] running install_lib
[1.967s] creating /home/adminlab/franka_ros2_ws/install/moveit_configs_utils/lib/python3.10/site-packages/moveit_configs_utils
[1.968s] copying /home/adminlab/franka_ros2_ws/build/moveit_configs_utils/build/lib/moveit_configs_utils/__init__.py -> /home/adminlab/franka_ros2_ws/install/moveit_configs_utils/lib/python3.10/site-packages/moveit_configs_utils
[1.969s] copying /home/adminlab/franka_ros2_ws/build/moveit_configs_utils/build/lib/moveit_configs_utils/launches.py -> /home/adminlab/franka_ros2_ws/install/moveit_configs_utils/lib/python3.10/site-packages/moveit_configs_utils
[1.969s] copying /home/adminlab/franka_ros2_ws/build/moveit_configs_utils/build/lib/moveit_configs_utils/moveit_configs_builder.py -> /home/adminlab/franka_ros2_ws/install/moveit_configs_utils/lib/python3.10/site-packages/moveit_configs_utils
[1.972s] creating /home/adminlab/franka_ros2_ws/install/moveit_configs_utils/lib/python3.10/site-packages/moveit_configs_utils/substitutions
[1.972s] copying /home/adminlab/franka_ros2_ws/build/moveit_configs_utils/build/lib/moveit_configs_utils/substitutions/__init__.py -> /home/adminlab/franka_ros2_ws/install/moveit_configs_utils/lib/python3.10/site-packages/moveit_configs_utils/substitutions
[1.972s] copying /home/adminlab/franka_ros2_ws/build/moveit_configs_utils/build/lib/moveit_configs_utils/substitutions/xacro.py -> /home/adminlab/franka_ros2_ws/install/moveit_configs_utils/lib/python3.10/site-packages/moveit_configs_utils/substitutions
[1.972s] copying /home/adminlab/franka_ros2_ws/build/moveit_configs_utils/build/lib/moveit_configs_utils/launch_utils.py -> /home/adminlab/franka_ros2_ws/install/moveit_configs_utils/lib/python3.10/site-packages/moveit_configs_utils
[1.976s] byte-compiling /home/adminlab/franka_ros2_ws/install/moveit_configs_utils/lib/python3.10/site-packages/moveit_configs_utils/__init__.py to __init__.cpython-310.pyc
[1.976s] byte-compiling /home/adminlab/franka_ros2_ws/install/moveit_configs_utils/lib/python3.10/site-packages/moveit_configs_utils/launches.py to launches.cpython-310.pyc
[1.979s] byte-compiling /home/adminlab/franka_ros2_ws/install/moveit_configs_utils/lib/python3.10/site-packages/moveit_configs_utils/moveit_configs_builder.py to moveit_configs_builder.cpython-310.pyc
[1.979s] byte-compiling /home/adminlab/franka_ros2_ws/install/moveit_configs_utils/lib/python3.10/site-packages/moveit_configs_utils/substitutions/__init__.py to __init__.cpython-310.pyc
[1.981s] byte-compiling /home/adminlab/franka_ros2_ws/install/moveit_configs_utils/lib/python3.10/site-packages/moveit_configs_utils/substitutions/xacro.py to xacro.cpython-310.pyc
[1.984s] byte-compiling /home/adminlab/franka_ros2_ws/install/moveit_configs_utils/lib/python3.10/site-packages/moveit_configs_utils/launch_utils.py to launch_utils.cpython-310.pyc
[1.984s] running install_data
[1.985s] creating /home/adminlab/franka_ros2_ws/install/moveit_configs_utils/share/ament_index
[1.985s] creating /home/adminlab/franka_ros2_ws/install/moveit_configs_utils/share/ament_index/resource_index
[1.985s] creating /home/adminlab/franka_ros2_ws/install/moveit_configs_utils/share/ament_index/resource_index/packages
[1.985s] copying resource/moveit_configs_utils -> /home/adminlab/franka_ros2_ws/install/moveit_configs_utils/share/ament_index/resource_index/packages
[1.986s] copying package.xml -> /home/adminlab/franka_ros2_ws/install/moveit_configs_utils/share/moveit_configs_utils
[1.986s] creating /home/adminlab/franka_ros2_ws/install/moveit_configs_utils/share/moveit_configs_utils/default_configs
[1.986s] copying default_configs/pilz_industrial_motion_planner_planning.yaml -> /home/adminlab/franka_ros2_ws/install/moveit_configs_utils/share/moveit_configs_utils/default_configs
[1.986s] copying default_configs/chomp_planning.yaml -> /home/adminlab/franka_ros2_ws/install/moveit_configs_utils/share/moveit_configs_utils/default_configs
[1.987s] copying default_configs/ompl_defaults.yaml -> /home/adminlab/franka_ros2_ws/install/moveit_configs_utils/share/moveit_configs_utils/default_configs
[1.987s] copying default_configs/ompl_planning.yaml -> /home/adminlab/franka_ros2_ws/install/moveit_configs_utils/share/moveit_configs_utils/default_configs
[1.988s] running install_egg_info
[1.990s] Copying ../../../build/moveit_configs_utils/moveit_configs_utils.egg-info to /home/adminlab/franka_ros2_ws/install/moveit_configs_utils/lib/python3.10/site-packages/moveit_configs_utils-2.5.5-py3.10.egg-info
[1.991s] running install_scripts
[2.024s] writing list of installed files to '/home/adminlab/franka_ros2_ws/build/moveit_configs_utils/install.log'
[2.090s] Invoked command in '/home/adminlab/franka_ros2_ws/src/moveit2/moveit_configs_utils' returned '0': AMENT_PREFIX_PATH=/home/adminlab/franka_ros2_ws/install/launch_param_builder:/home/adminlab/franka_ros2_ws/install/moveit_configs_utils:/home/adminlab/franka_ros2_ws/install/srdfdom:/home/adminlab/franka_ros2_ws/install/rviz_marker_tools:/home/adminlab/franka_ros2_ws/install/rosparam_shortcuts:/home/adminlab/franka_ros2_ws/install/ros_testing:/home/adminlab/franka_ros2_ws/install/ros2test:/home/adminlab/franka_ros2_ws/install/realsense2_description:/home/adminlab/franka_ros2_ws/install/realsense2_camera_msgs:/home/adminlab/franka_ros2_ws/install/joint_trajectory_controller:/home/adminlab/franka_ros2_ws/install/generate_parameter_module_example:/home/adminlab/franka_ros2_ws/install/generate_parameter_library_example:/home/adminlab/franka_ros2_ws/install/franka_bringup:/home/adminlab/franka_ros2_ws/install/franka_robot_state_broadcaster:/home/adminlab/franka_ros2_ws/install/generate_parameter_library:/home/adminlab/franka_ros2_ws/install/parameter_traits:/home/adminlab/franka_ros2_ws/install/moveit_task_constructor_msgs:/home/adminlab/franka_ros2_ws/install/moveit_resources_prbt_support:/home/adminlab/franka_ros2_ws/install/moveit_resources:/home/adminlab/franka_ros2_ws/install/moveit_resources_pr2_description:/home/adminlab/franka_ros2_ws/install/moveit_resources_panda_moveit_config:/home/adminlab/franka_ros2_ws/install/moveit_resources_panda_description:/home/adminlab/franka_ros2_ws/install/moveit_resources_fanuc_moveit_config:/home/adminlab/franka_ros2_ws/install/moveit_resources_fanuc_description:/home/adminlab/franka_ros2_ws/install/moveit_msgs:/home/adminlab/franka_ros2_ws/install/moveit_common:/home/adminlab/franka_ros2_ws/install/integration_launch_testing:/home/adminlab/franka_ros2_ws/install/handcv:/home/adminlab/franka_ros2_ws/install/hand_interfaces:/home/adminlab/franka_ros2_ws/install/generate_parameter_library_py:/home/adminlab/franka_ros2_ws/install/franka_example_controllers:/home/adminlab/franka_ros2_ws/install/franka_semantic_components:/home/adminlab/franka_ros2_ws/install/franka_moveit_config:/home/adminlab/franka_ros2_ws/install/franka_custom_controller:/home/adminlab/franka_ros2_ws/install/franka_hardware:/home/adminlab/franka_ros2_ws/install/franka_gripper:/home/adminlab/franka_ros2_ws/install/franka_msgs:/home/adminlab/franka_ros2_ws/install/franka_description:/home/adminlab/franka_ros2_ws/install/camera_publisher:/opt/ros/humble PYTHONPATH=/home/adminlab/franka_ros2_ws/build/moveit_configs_utils/prefix_override:/home/adminlab/franka_ros2_ws/install/moveit_configs_utils/lib/python3.10/site-packages:/home/adminlab/franka_ros2_ws/install/launch_param_builder/lib/python3.10/site-packages:/home/adminlab/franka_ros2_ws/install/moveit_configs_utils/lib/python3.10/site-packages:/home/adminlab/franka_ros2_ws/install/srdfdom/local/lib/python3.10/dist-packages:/home/adminlab/franka_ros2_ws/install/ros2test/lib/python3.10/site-packages:/home/adminlab/franka_ros2_ws/install/realsense2_camera_msgs/local/lib/python3.10/dist-packages:/home/adminlab/franka_ros2_ws/install/generate_parameter_module_example/lib/python3.10/site-packages:/home/adminlab/franka_ros2_ws/install/moveit_task_constructor_msgs/local/lib/python3.10/dist-packages:/home/adminlab/franka_ros2_ws/install/moveit_msgs/local/lib/python3.10/dist-packages:/home/adminlab/franka_ros2_ws/install/handcv/lib/python3.10/site-packages:/home/adminlab/franka_ros2_ws/install/hand_interfaces/local/lib/python3.10/dist-packages:/home/adminlab/franka_ros2_ws/install/generate_parameter_library_py/lib/python3.10/site-packages:/home/adminlab/franka_ros2_ws/install/franka_gripper/local/lib/python3.10/dist-packages:/home/adminlab/franka_ros2_ws/install/franka_msgs/local/lib/python3.10/dist-packages:/home/adminlab/franka_ros2_ws/install/camera_publisher/lib/python3.10/site-packages:/opt/ros/humble/lib/python3.10/site-packages:/opt/ros/humble/local/lib/python3.10/dist-packages /usr/bin/python3 -W ignore:setup.py install is deprecated setup.py egg_info --egg-base ../../../build/moveit_configs_utils build --build-base /home/adminlab/franka_ros2_ws/build/moveit_configs_utils/build install --record /home/adminlab/franka_ros2_ws/build/moveit_configs_utils/install.log --single-version-externally-managed install_data
