[  0%] Built target moveit_msgs__cpp
[ 12%] Built target moveit_msgs__rosidl_generator_c
[ 12%] Built target ament_cmake_python_copy_moveit_msgs
[ 24%] Built target moveit_msgs__rosidl_typesupport_cpp
[ 37%] Built target moveit_msgs__rosidl_typesupport_introspection_cpp
[ 49%] Built target moveit_msgs__rosidl_typesupport_fastrtps_cpp
[ 62%] Built target moveit_msgs__rosidl_typesupport_c
[ 75%] Built target moveit_msgs__rosidl_typesupport_introspection_c
[ 88%] Built target moveit_msgs__rosidl_typesupport_fastrtps_c
[ 88%] Built target moveit_msgs
[ 88%] Built target moveit_msgs__py
[100%] Built target moveit_msgs__rosidl_generator_py
[100%] Built target moveit_msgs__rosidl_typesupport_introspection_c__pyext
[100%] Built target moveit_msgs__rosidl_typesupport_c__pyext
[100%] Built target moveit_msgs__rosidl_typesupport_fastrtps_c__pyext
running egg_info
writing moveit_msgs.egg-info/PKG-INFO
writing dependency_links to moveit_msgs.egg-info/dependency_links.txt
writing top-level names to moveit_msgs.egg-info/top_level.txt
reading manifest file 'moveit_msgs.egg-info/SOURCES.txt'
writing manifest file 'moveit_msgs.egg-info/SOURCES.txt'
[100%] Built target ament_cmake_python_build_moveit_msgs_egg
