[0.541s] Invoking command in '/home/adminlab/franka_ros2_ws/build/librealsense2': CMAKE_PREFIX_PATH=/opt/ros/humble /usr/bin/cmake --build /home/adminlab/franka_ros2_ws/build/librealsense2 -- -j16 -l16
[0.596s] [35m[1mConsolidate compiler generated dependencies of target rs-embed[0m
[0.599s] [35m[1mConsolidate compiler generated dependencies of target fw[0m
[0.604s] [35m[1mConsolidate compiler generated dependencies of target realsense-file[0m
[0.607s] [35m[1mConsolidate compiler generated dependencies of target rsutils[0m
[0.627s] [  3%] Built target libcurl
[0.627s] [  4%] Built target rs-embed
[0.627s] [  4%] Built target fw
[0.635s] [ 15%] Built target realsense-file
[0.636s] [ 15%] Built target rsutils
[0.727s] [35m[1mConsolidate compiler generated dependencies of target realsense2[0m
[0.875s] [ 53%] Built target realsense2
[0.889s] [35m[1mConsolidate compiler generated dependencies of target rs-software-device[0m
[0.889s] [35m[1mConsolidate compiler generated dependencies of target rs-hello-realsense[0m
[0.890s] [35m[1mConsolidate compiler generated dependencies of target rs-capture[0m
[0.892s] [35m[1mConsolidate compiler generated dependencies of target rs-callback[0m
[0.895s] [35m[1mConsolidate compiler generated dependencies of target rs-save-to-disk[0m
[0.899s] [35m[1mConsolidate compiler generated dependencies of target realsense2-gl[0m
[0.899s] [35m[1mConsolidate compiler generated dependencies of target rs-measure[0m
[0.899s] [35m[1mConsolidate compiler generated dependencies of target rs-pointcloud[0m
[0.899s] [35m[1mConsolidate compiler generated dependencies of target rs-sensor-control[0m
[0.900s] [35m[1mConsolidate compiler generated dependencies of target rs-color[0m
[0.900s] [35m[1mConsolidate compiler generated dependencies of target rs-depth[0m
[0.900s] [35m[1mConsolidate compiler generated dependencies of target rs-multicam[0m
[0.900s] [35m[1mConsolidate compiler generated dependencies of target rs-align[0m
[0.901s] [35m[1mConsolidate compiler generated dependencies of target rs-align-advanced[0m
[0.904s] [35m[1mConsolidate compiler generated dependencies of target rs-distance[0m
[0.908s] [35m[1mConsolidate compiler generated dependencies of target rs-post-processing[0m
[0.920s] [ 54%] Built target rs-software-device
[0.920s] [ 55%] Built target rs-hello-realsense
[0.920s] [ 55%] Built target rs-pointcloud
[0.920s] [ 55%] Built target rs-capture
[0.921s] [ 56%] Built target rs-callback
[0.921s] [ 57%] Built target rs-save-to-disk
[0.921s] [ 58%] Built target rs-depth
[0.922s] [ 58%] Built target rs-measure
[0.924s] [ 61%] Built target rs-color
[0.924s] [ 61%] Built target rs-align
[0.930s] [ 61%] Built target rs-sensor-control
[0.930s] [ 62%] Built target rs-distance
[0.930s] [ 62%] Built target rs-multicam
[0.930s] [ 63%] Built target rs-align-advanced
[0.931s] [ 67%] Built target realsense2-gl
[0.934s] [ 69%] Built target rs-post-processing
[0.938s] [35m[1mConsolidate compiler generated dependencies of target rs-motion[0m
[0.938s] [35m[1mConsolidate compiler generated dependencies of target rs-hdr[0m
[0.938s] [35m[1mConsolidate compiler generated dependencies of target rs-record-playback[0m
[0.938s] [35m[1mConsolidate compiler generated dependencies of target rs-enumerate-devices[0m
[0.940s] [35m[1mConsolidate compiler generated dependencies of target rs-record[0m
[0.941s] [35m[1mConsolidate compiler generated dependencies of target rs-convert[0m
[0.944s] [35m[1mConsolidate compiler generated dependencies of target rs-fw-update[0m
[0.945s] [35m[1mConsolidate compiler generated dependencies of target rs-fw-logger[0m
[0.946s] [35m[1mConsolidate compiler generated dependencies of target rs-align-gl[0m
[0.948s] [35m[1mConsolidate compiler generated dependencies of target rs-terminal[0m
[0.952s] [35m[1mConsolidate compiler generated dependencies of target rs-gl[0m
[0.954s] [35m[1mConsolidate compiler generated dependencies of target rs-data-collect[0m
[0.961s] [35m[1mConsolidate compiler generated dependencies of target rs-benchmark[0m
[0.964s] [35m[1mConsolidate compiler generated dependencies of target rs-rosbag-inspector[0m
[0.964s] [ 70%] Built target rs-motion
[0.964s] [ 70%] Built target rs-enumerate-devices
[0.965s] [ 71%] Built target rs-hdr
[0.965s] [ 73%] Built target rs-record-playback
[0.967s] [ 73%] Built target rs-record
[0.970s] [ 74%] Built target rs-convert
[0.971s] [ 75%] Built target rs-fw-logger
[0.973s] [ 75%] Built target rs-fw-update
[0.975s] [ 76%] Built target rs-gl
[0.975s] [ 77%] Built target rs-benchmark
[0.978s] [ 77%] Built target rs-terminal
[0.978s] [ 78%] Built target rs-align-gl
[0.979s] [ 78%] Built target rs-data-collect
[0.979s] [ 80%] Built target rs-rosbag-inspector
[0.981s] [35m[1mConsolidate compiler generated dependencies of target rs-depth-quality[0m
[0.982s] [35m[1mConsolidate compiler generated dependencies of target realsense-viewer[0m
[1.023s] [ 90%] Built target rs-depth-quality
[1.024s] [100%] Built target realsense-viewer
[1.160s] Invoked command in '/home/adminlab/franka_ros2_ws/build/librealsense2' returned '0': CMAKE_PREFIX_PATH=/opt/ros/humble /usr/bin/cmake --build /home/adminlab/franka_ros2_ws/build/librealsense2 -- -j16 -l16
[2.606s] Invoking command in '/home/adminlab/franka_ros2_ws/build/librealsense2': CMAKE_PREFIX_PATH=/opt/ros/humble /usr/bin/cmake --install /home/adminlab/franka_ros2_ws/build/librealsense2
[2.654s] -- Install configuration: "Release"
[2.654s] -- Up-to-date: /home/adminlab/franka_ros2_ws/install/librealsense2/lib/librealsense2.so.2.55.1
[2.654s] -- Up-to-date: /home/adminlab/franka_ros2_ws/install/librealsense2/lib/librealsense2.so.2.55
[2.654s] -- Up-to-date: /home/adminlab/franka_ros2_ws/install/librealsense2/lib/librealsense2.so
[2.654s] -- Up-to-date: /home/adminlab/franka_ros2_ws/install/librealsense2/include/librealsense2
[2.654s] -- Up-to-date: /home/adminlab/franka_ros2_ws/install/librealsense2/include/librealsense2/h
[2.654s] -- Up-to-date: /home/adminlab/franka_ros2_ws/install/librealsense2/include/librealsense2/h/rs_advanced_mode_command.h
[2.654s] -- Up-to-date: /home/adminlab/franka_ros2_ws/install/librealsense2/include/librealsense2/h/rs_processing.h
[2.654s] -- Up-to-date: /home/adminlab/franka_ros2_ws/install/librealsense2/include/librealsense2/h/rs_pipeline.h
[2.655s] -- Up-to-date: /home/adminlab/franka_ros2_ws/install/librealsense2/include/librealsense2/h/rs_config.h
[2.655s] -- Up-to-date: /home/adminlab/franka_ros2_ws/install/librealsense2/include/librealsense2/h/rs_device.h
[2.655s] -- Up-to-date: /home/adminlab/franka_ros2_ws/install/librealsense2/include/librealsense2/h/rs_record_playback.h
[2.655s] -- Up-to-date: /home/adminlab/franka_ros2_ws/install/librealsense2/include/librealsense2/h/rs_internal.h
[2.655s] -- Up-to-date: /home/adminlab/franka_ros2_ws/install/librealsense2/include/librealsense2/h/rs_types.h
[2.655s] -- Up-to-date: /home/adminlab/franka_ros2_ws/install/librealsense2/include/librealsense2/h/rs_option.h
[2.655s] -- Up-to-date: /home/adminlab/franka_ros2_ws/install/librealsense2/include/librealsense2/h/rs_context.h
[2.655s] -- Up-to-date: /home/adminlab/franka_ros2_ws/install/librealsense2/include/librealsense2/h/rs_sensor.h
[2.655s] -- Up-to-date: /home/adminlab/franka_ros2_ws/install/librealsense2/include/librealsense2/h/rs_frame.h
[2.655s] -- Up-to-date: /home/adminlab/franka_ros2_ws/install/librealsense2/include/librealsense2/rs_advanced_mode.h
[2.655s] -- Up-to-date: /home/adminlab/franka_ros2_ws/install/librealsense2/include/librealsense2/rs.hpp
[2.655s] -- Up-to-date: /home/adminlab/franka_ros2_ws/install/librealsense2/include/librealsense2/hpp
[2.655s] -- Up-to-date: /home/adminlab/franka_ros2_ws/install/librealsense2/include/librealsense2/hpp/rs_internal.hpp
[2.655s] -- Up-to-date: /home/adminlab/franka_ros2_ws/install/librealsense2/include/librealsense2/hpp/rs_pipeline.hpp
[2.655s] -- Up-to-date: /home/adminlab/franka_ros2_ws/install/librealsense2/include/librealsense2/hpp/rs_export.hpp
[2.656s] -- Up-to-date: /home/adminlab/franka_ros2_ws/install/librealsense2/include/librealsense2/hpp/rs_types.hpp
[2.656s] -- Up-to-date: /home/adminlab/franka_ros2_ws/install/librealsense2/include/librealsense2/hpp/rs_record_playback.hpp
[2.656s] -- Up-to-date: /home/adminlab/franka_ros2_ws/install/librealsense2/include/librealsense2/hpp/rs_serializable_device.hpp
[2.656s] -- Up-to-date: /home/adminlab/franka_ros2_ws/install/librealsense2/include/librealsense2/hpp/rs_options.hpp
[2.656s] -- Up-to-date: /home/adminlab/franka_ros2_ws/install/librealsense2/include/librealsense2/hpp/rs_processing.hpp
[2.656s] -- Up-to-date: /home/adminlab/franka_ros2_ws/install/librealsense2/include/librealsense2/hpp/rs_sensor.hpp
[2.656s] -- Up-to-date: /home/adminlab/franka_ros2_ws/install/librealsense2/include/librealsense2/hpp/rs_context.hpp
[2.656s] -- Up-to-date: /home/adminlab/franka_ros2_ws/install/librealsense2/include/librealsense2/hpp/rs_frame.hpp
[2.656s] -- Up-to-date: /home/adminlab/franka_ros2_ws/install/librealsense2/include/librealsense2/hpp/rs_device.hpp
[2.656s] -- Up-to-date: /home/adminlab/franka_ros2_ws/install/librealsense2/include/librealsense2/rsutil.h
[2.656s] -- Up-to-date: /home/adminlab/franka_ros2_ws/install/librealsense2/include/librealsense2/rs_advanced_mode.hpp
[2.656s] -- Up-to-date: /home/adminlab/franka_ros2_ws/install/librealsense2/include/librealsense2/rs.h
[2.656s] -- Up-to-date: /home/adminlab/franka_ros2_ws/install/librealsense2/lib/cmake/realsense2/realsense2Targets.cmake
[2.656s] -- Up-to-date: /home/adminlab/franka_ros2_ws/install/librealsense2/lib/cmake/realsense2/realsense2Targets-release.cmake
[2.656s] -- Up-to-date: /home/adminlab/franka_ros2_ws/install/librealsense2/lib/cmake/realsense2/realsense2Config.cmake
[2.656s] -- Up-to-date: /home/adminlab/franka_ros2_ws/install/librealsense2/lib/cmake/realsense2/realsense2ConfigVersion.cmake
[2.657s] -- Up-to-date: /home/adminlab/franka_ros2_ws/install/librealsense2/lib/pkgconfig/realsense2.pc
[3.343s] /sbin/ldconfig.real: Can't create temporary cache file /etc/ld.so.cache~: Permission denied
[3.345s] -- Up-to-date: /home/adminlab/franka_ros2_ws/install/librealsense2/lib/librsutils.a
[3.345s] -- Up-to-date: /home/adminlab/franka_ros2_ws/install/librealsense2/lib/librealsense-file.a
[3.346s] -- Up-to-date: /home/adminlab/franka_ros2_ws/install/librealsense2/lib/librealsense2-gl.so.2.55.1
[3.346s] -- Up-to-date: /home/adminlab/franka_ros2_ws/install/librealsense2/lib/librealsense2-gl.so.2.55
[3.346s] -- Up-to-date: /home/adminlab/franka_ros2_ws/install/librealsense2/lib/librealsense2-gl.so
[3.346s] -- Up-to-date: /home/adminlab/franka_ros2_ws/install/librealsense2/include/librealsense2-gl/rs_processing_gl.h
[3.346s] -- Up-to-date: /home/adminlab/franka_ros2_ws/install/librealsense2/include/librealsense2-gl/rs_processing_gl.hpp
[3.347s] -- Up-to-date: /home/adminlab/franka_ros2_ws/install/librealsense2/lib/cmake/realsense2-gl/realsense2-glTargets.cmake
[3.347s] -- Up-to-date: /home/adminlab/franka_ros2_ws/install/librealsense2/lib/cmake/realsense2-gl/realsense2-glTargets-release.cmake
[3.347s] -- Up-to-date: /home/adminlab/franka_ros2_ws/install/librealsense2/lib/cmake/realsense2-gl/realsense2-glConfig.cmake
[3.347s] -- Up-to-date: /home/adminlab/franka_ros2_ws/install/librealsense2/lib/cmake/realsense2-gl/realsense2-glConfigVersion.cmake
[3.347s] -- Up-to-date: /home/adminlab/franka_ros2_ws/install/librealsense2/lib/pkgconfig/realsense2-gl.pc
[3.407s] /sbin/ldconfig.real: Can't create temporary cache file /etc/ld.so.cache~: Permission denied
[3.408s] -- Up-to-date: /home/adminlab/franka_ros2_ws/install/librealsense2/bin/rs-hello-realsense
[3.408s] -- Up-to-date: /home/adminlab/franka_ros2_ws/install/librealsense2/bin/rs-software-device
[3.409s] -- Up-to-date: /home/adminlab/franka_ros2_ws/install/librealsense2/bin/rs-capture
[3.410s] -- Up-to-date: /home/adminlab/franka_ros2_ws/install/librealsense2/bin/rs-callback
[3.410s] -- Up-to-date: /home/adminlab/franka_ros2_ws/install/librealsense2/bin/rs-save-to-disk
[3.411s] -- Up-to-date: /home/adminlab/franka_ros2_ws/install/librealsense2/bin/rs-multicam
[3.412s] -- Up-to-date: /home/adminlab/franka_ros2_ws/install/librealsense2/bin/rs-pointcloud
[3.414s] -- Up-to-date: /home/adminlab/franka_ros2_ws/install/librealsense2/bin/rs-align
[3.415s] -- Up-to-date: /home/adminlab/franka_ros2_ws/install/librealsense2/bin/rs-align-gl
[3.419s] -- Up-to-date: /home/adminlab/franka_ros2_ws/install/librealsense2/bin/rs-align-advanced
[3.423s] -- Up-to-date: /home/adminlab/franka_ros2_ws/install/librealsense2/bin/rs-sensor-control
[3.425s] -- Up-to-date: /home/adminlab/franka_ros2_ws/install/librealsense2/bin/rs-measure
[3.426s] -- Up-to-date: /home/adminlab/franka_ros2_ws/install/librealsense2/bin/rs-depth
[3.426s] -- Up-to-date: /home/adminlab/franka_ros2_ws/install/librealsense2/bin/rs-color
[3.426s] -- Up-to-date: /home/adminlab/franka_ros2_ws/install/librealsense2/bin/rs-distance
[3.431s] -- Up-to-date: /home/adminlab/franka_ros2_ws/install/librealsense2/bin/rs-post-processing
[3.433s] -- Up-to-date: /home/adminlab/franka_ros2_ws/install/librealsense2/bin/rs-record-playback
[3.441s] -- Up-to-date: /home/adminlab/franka_ros2_ws/install/librealsense2/bin/rs-motion
[3.443s] -- Up-to-date: /home/adminlab/franka_ros2_ws/install/librealsense2/bin/rs-gl
[3.444s] -- Up-to-date: /home/adminlab/franka_ros2_ws/install/librealsense2/bin/rs-hdr
[3.444s] -- Up-to-date: /home/adminlab/franka_ros2_ws/install/librealsense2/bin/rs-convert
[3.444s] -- Up-to-date: /home/adminlab/franka_ros2_ws/install/librealsense2/bin/rs-enumerate-devices
[3.444s] -- Up-to-date: /home/adminlab/franka_ros2_ws/install/librealsense2/bin/rs-fw-logger
[3.444s] -- Up-to-date: /home/adminlab/franka_ros2_ws/install/librealsense2/bin/rs-terminal
[3.444s] -- Up-to-date: /home/adminlab/franka_ros2_ws/install/librealsense2/bin/rs-record
[3.444s] -- Up-to-date: /home/adminlab/franka_ros2_ws/install/librealsense2/bin/rs-fw-update
[3.445s] -- Up-to-date: /home/adminlab/franka_ros2_ws/install/librealsense2/bin/rs-embed
[3.445s] -- Up-to-date: /home/adminlab/franka_ros2_ws/install/librealsense2/bin/rs-data-collect
[3.445s] -- Up-to-date: /home/adminlab/franka_ros2_ws/install/librealsense2/bin/realsense-viewer
[3.446s] -- Up-to-date: /home/adminlab/Documents/librealsense2/presets
[3.446s] -- Up-to-date: /home/adminlab/Documents/librealsense2/presets/sample.preset
[3.447s] -- Up-to-date: /home/adminlab/franka_ros2_ws/install/librealsense2/bin/rs-depth-quality
[3.448s] -- Up-to-date: /home/adminlab/franka_ros2_ws/install/librealsense2/bin/rs-rosbag-inspector
[3.450s] -- Up-to-date: /home/adminlab/franka_ros2_ws/install/librealsense2/bin/rs-benchmark
[3.450s] -- Up-to-date: /home/adminlab/franka_ros2_ws/install/librealsense2/lib/libfw.a
[3.454s] Invoked command in '/home/adminlab/franka_ros2_ws/build/librealsense2' returned '0': CMAKE_PREFIX_PATH=/opt/ros/humble /usr/bin/cmake --install /home/adminlab/franka_ros2_ws/build/librealsense2
