-- The C compiler identification is GNU 11.4.0
-- The CXX compiler identification is GNU 11.4.0
-- Detecting C compiler ABI info
-- Detecting C compiler ABI info - done
-- Check for working C compiler: /usr/bin/cc - skipped
-- Detecting C compile features
-- Detecting C compile features - done
-- Detecting CXX compiler ABI info
-- Detecting CXX compiler ABI info - done
-- Check for working CXX compiler: /usr/bin/c++ - skipped
-- Detecting CXX compile features
-- Detecting CXX compile features - done
-- Found moveit_common: 2.5.5 (/home/adminlab/franka_ros2_ws/install/moveit_common/share/moveit_common/cmake)
-- Found ament_cmake: 1.3.9 (/opt/ros/humble/share/ament_cmake/cmake)
-- Found Python3: /usr/bin/python3 (found version "3.10.12") found components: Interpreter 
-- Found libdw: /usr/lib/x86_64-linux-gnu/libdw.so  
-- Could NOT find libbfd (missing: LIBBFD_LIBRARY LIBBFD_INCLUDE_DIR) 
-- BACKWARD_HAS_UNWIND=1
-- BACKWARD_HAS_BACKTRACE=0
-- BACKWARD_HAS_BACKTRACE_SYMBOL=0
-- BACKWARD_HAS_DW=1
-- BACKWARD_HAS_BFD=0
-- Found Backward: /opt/ros/humble/share/backward_ros/cmake  
-- Found Boost: /usr/lib/x86_64-linux-gnu/cmake/Boost-1.74.0/BoostConfig.cmake (found version "1.74.0") found components: system filesystem date_time thread 
-- Found control_msgs: 4.5.0 (/opt/ros/humble/share/control_msgs/cmake)
-- Found rosidl_generator_c: 3.1.5 (/opt/ros/humble/share/rosidl_generator_c/cmake)
-- Found rosidl_adapter: 3.1.5 (/opt/ros/humble/share/rosidl_adapter/cmake)
-- Found rosidl_generator_cpp: 3.1.5 (/opt/ros/humble/share/rosidl_generator_cpp/cmake)
-- Using all available rosidl_typesupport_c: rosidl_typesupport_fastrtps_c;rosidl_typesupport_introspection_c
-- Using all available rosidl_typesupport_cpp: rosidl_typesupport_fastrtps_cpp;rosidl_typesupport_introspection_cpp
-- Found moveit_core: 2.5.5 (/home/adminlab/franka_ros2_ws/install/moveit_core/share/moveit_core/cmake)
-- Found Boost: /usr/lib/x86_64-linux-gnu/cmake/Boost-1.74.0/BoostConfig.cmake (found version "1.74.0") found components: chrono date_time filesystem iostreams program_options regex serialization system thread 
-- Found parameter_traits: 0.3.7 (/home/adminlab/franka_ros2_ws/install/parameter_traits/share/parameter_traits/cmake)
-- Found rmw_implementation_cmake: 6.1.2 (/opt/ros/humble/share/rmw_implementation_cmake/cmake)
-- Found rmw_fastrtps_cpp: 6.2.6 (/opt/ros/humble/share/rmw_fastrtps_cpp/cmake)
-- Found OpenSSL: /usr/lib/x86_64-linux-gnu/libcrypto.so (found version "3.0.2")  
-- Found FastRTPS: /opt/ros/humble/include  
-- Using RMW implementation 'rmw_fastrtps_cpp' as default
-- Found Threads: TRUE  
-- Found Eigen3: TRUE (found version "3.4.0") 
-- Found rclcpp_lifecycle: 16.0.9 (/opt/ros/humble/share/rclcpp_lifecycle/cmake)
-- Found Boost: /usr/lib/x86_64-linux-gnu/cmake/Boost-1.74.0/BoostConfig.cmake (found version "1.74.0") found components: filesystem 
-- library: /usr/lib/x86_64-linux-gnu/libcurl.so
-- Ensuring Eigen3 include directory is part of orocos-kdl CMake target
-- Found moveit_task_constructor_core: 0.1.3 (/home/adminlab/franka_ros2_ws/install/moveit_task_constructor_core/share/moveit_task_constructor_core/cmake)
-- Found Boost: /usr/lib/x86_64-linux-gnu/cmake/Boost-1.74.0/BoostConfig.cmake (found version "1.74.0") found components: system filesystem date_time program_options thread chrono 
-- Found Boost: /usr/lib/x86_64-linux-gnu/cmake/Boost-1.74.0/BoostConfig.cmake (found version "1.74.0") found components: date_time filesystem program_options system thread 
-- Found Boost: /usr/lib/x86_64-linux-gnu/cmake/Boost-1.74.0/BoostConfig.cmake (found version "1.74.0") found components: thread system filesystem regex date_time program_options 
-- Found Boost: /usr/lib/x86_64-linux-gnu/cmake/Boost-1.74.0/BoostConfig.cmake (found version "1.74.0") found components: system filesystem date_time program_options thread 
-- Found moveit_ros_perception: 2.5.5 (/home/adminlab/franka_ros2_ws/install/moveit_ros_perception/share/moveit_ros_perception/cmake)
-- Found Boost: /usr/lib/x86_64-linux-gnu/cmake/Boost-1.74.0/BoostConfig.cmake (found version "1.74.0") found components: thread 
-- Found moveit_servo: 2.5.5 (/home/adminlab/franka_ros2_ws/install/moveit_servo/share/moveit_servo/cmake)
-- Found interactive_markers: 2.3.2 (/opt/ros/humble/share/interactive_markers/cmake)
-- Found rviz_visual_tools: 4.1.4 (/opt/ros/humble/share/rviz_visual_tools/cmake)
-- Setting OGRE_DIR to: '/opt/ros/humble/share/rviz_ogre_vendor/cmake/../../../opt/rviz_ogre_vendor/lib/OGRE/cmake'
-- Found OGRE
--   static     : OFF
--   components : HLMS;MeshLodGenerator;Overlay;Paging;Property;RTShaderSystem;Terrain;Volume
--   plugins    : Plugin_BSPSceneManager;Plugin_OctreeSceneManager;Plugin_PCZSceneManager;Plugin_ParticleFX;RenderSystem_GL;RenderSystem_GL3Plus;Codec_STBI
--   media      : /opt/ros/humble/opt/rviz_ogre_vendor/share/OGRE/Media
-- OGRE_LIBRARIES: OgreHLMS;OgreMeshLodGenerator;OgreOverlay;OgrePaging;OgreProperty;OgreRTShaderSystem;OgreTerrain;OgreVolume;OgreMain
-- OGRE_LIBRARY_DIRS: /opt/ros/humble/opt/rviz_ogre_vendor/lib
-- OGRE_PLUGINS: Plugin_BSPSceneManager;Plugin_OctreeSceneManager;Plugin_PCZSceneManager;Plugin_ParticleFX;RenderSystem_GL;RenderSystem_GL3Plus;Codec_STBI
-- OGRE_PLUGIN_DIR: /opt/ros/humble/opt/rviz_ogre_vendor/lib/OGRE
-- rviz_ogre_vendor::OgreOverlay for IMPORTED_LOCATION_RELEASE: /opt/ros/humble/opt/rviz_ogre_vendor/lib/libOgreOverlay.so
-- rviz_ogre_vendor::OgreOverlay for IMPORTED_LOCATION_DEBUG: /opt/ros/humble/opt/rviz_ogre_vendor/lib/libOgreOverlay.so
-- rviz_ogre_vendor::OgreMain for IMPORTED_LOCATION_RELEASE: /opt/ros/humble/opt/rviz_ogre_vendor/lib/libOgreMain.so
-- rviz_ogre_vendor::OgreMain for IMPORTED_LOCATION_DEBUG: /opt/ros/humble/opt/rviz_ogre_vendor/lib/libOgreMain.so
-- Found ZLIB: /usr/lib/x86_64-linux-gnu/libz.so (found version "1.2.11") 
-- Found OpenGL: /usr/lib/x86_64-linux-gnu/libOpenGL.so   
-- Found X11: /usr/include   
-- Looking for XOpenDisplay in /usr/lib/x86_64-linux-gnu/libX11.so;/usr/lib/x86_64-linux-gnu/libXext.so
-- Looking for XOpenDisplay in /usr/lib/x86_64-linux-gnu/libX11.so;/usr/lib/x86_64-linux-gnu/libXext.so - found
-- Looking for gethostbyname
-- Looking for gethostbyname - found
-- Looking for connect
-- Looking for connect - found
-- Looking for remove
-- Looking for remove - found
-- Looking for shmat
-- Looking for shmat - found
-- Looking for IceConnectionNumber in ICE
-- Looking for IceConnectionNumber in ICE - found
-- rviz_ogre_vendor::RenderSystem_GL for IMPORTED_LOCATION_RELEASE: _render_system_gl_static_library_abs-NOTFOUND
-- rviz_ogre_vendor::RenderSystem_GL for IMPORTED_LOCATION_DEBUG: _render_system_gl_static_library_abs-NOTFOUND
-- Found moveit_visual_tools: 4.1.0 (/home/adminlab/franka_ros2_ws/install/moveit_visual_tools/share/moveit_visual_tools/cmake)
-- Configuring done
-- Generating done
-- Build files have been written to: /home/adminlab/franka_ros2_ws/build/moveit2_tutorials
[  7%] [32mBuilding CXX object doc/examples/motion_planning_api/CMakeFiles/motion_planning_api_tutorial.dir/src/motion_planning_api_tutorial.cpp.o[0m
[  7%] [32mBuilding CXX object doc/examples/pilz_industrial_motion_planner/CMakeFiles/pilz_move_group.dir/src/pilz_move_group.cpp.o[0m
[ 11%] [32mBuilding CXX object doc/examples/pilz_industrial_motion_planner/CMakeFiles/pilz_mtc.dir/src/pilz_mtc.cpp.o[0m
[ 15%] [32mBuilding CXX object doc/tutorials/pick_and_place_with_moveit_task_constructor/CMakeFiles/mtc_tutorial.dir/src/mtc_node.cpp.o[0m
[ 23%] [32mBuilding CXX object doc/how_to_guides/using_ompl_constrained_planning/CMakeFiles/ompl_constrained_planning.dir/src/ompl_constrained_planning_tutorial.cpp.o[0m
[ 23%] [32mBuilding CXX object doc/tutorials/pick_and_place_with_moveit_task_constructor/CMakeFiles/minimal_mtc_tutorial.dir/src/minimal.cpp.o[0m
[ 26%] [32mBuilding CXX object doc/examples/move_group_interface/CMakeFiles/move_group_interface_tutorial.dir/src/move_group_interface_tutorial.cpp.o[0m
[ 30%] [32mBuilding CXX object doc/examples/robot_model_and_robot_state/CMakeFiles/robot_model_and_robot_state_tutorial.dir/src/robot_model_and_robot_state_tutorial.cpp.o[0m
[ 34%] [32mBuilding CXX object doc/examples/planning_scene_ros_api/CMakeFiles/planning_scene_ros_api_tutorial.dir/src/planning_scene_ros_api_tutorial.cpp.o[0m
[ 38%] [32mBuilding CXX object doc/examples/planning_scene/CMakeFiles/planning_scene_tutorial.dir/src/planning_scene_tutorial.cpp.o[0m
[ 42%] [32mBuilding CXX object doc/examples/moveit_cpp/CMakeFiles/moveit_cpp_tutorial.dir/src/moveit_cpp_tutorial.cpp.o[0m
[ 46%] [32mBuilding CXX object doc/examples/realtime_servo/CMakeFiles/servo_cpp_interface_demo.dir/src/servo_cpp_interface_demo.cpp.o[0m
[ 50%] [32mBuilding CXX object doc/examples/realtime_servo/CMakeFiles/servo_keyboard_input.dir/src/servo_keyboard_input.cpp.o[0m
[ 53%] [32m[1mLinking CXX executable planning_scene_tutorial[0m
[ 53%] Built target planning_scene_tutorial
[ 57%] [32m[1mLinking CXX executable servo_keyboard_input[0m
[ 61%] [32m[1mLinking CXX executable robot_model_and_robot_state_tutorial[0m
[ 61%] Built target servo_keyboard_input
[ 61%] Built target robot_model_and_robot_state_tutorial
[ 65%] [32m[1mLinking CXX executable mtc_tutorial[0m
[ 69%] [32m[1mLinking CXX executable planning_scene_ros_api_tutorial[0m
[ 69%] Built target mtc_tutorial
[ 69%] Built target planning_scene_ros_api_tutorial
[ 73%] [32m[1mLinking CXX executable ompl_constrained_planning[0m
[ 76%] [32m[1mLinking CXX executable pilz_mtc[0m
[ 76%] Built target ompl_constrained_planning
[ 76%] Built target pilz_mtc
[ 80%] [32m[1mLinking CXX executable moveit_cpp_tutorial[0m
[ 80%] Built target moveit_cpp_tutorial
[ 84%] [32m[1mLinking CXX executable minimal_mtc_tutorial[0m
[ 84%] Built target minimal_mtc_tutorial
[ 88%] [32m[1mLinking CXX executable move_group_interface_tutorial[0m
[ 92%] [32m[1mLinking CXX executable pilz_move_group[0m
[ 92%] Built target move_group_interface_tutorial
[ 92%] Built target pilz_move_group
[ 96%] [32m[1mLinking CXX executable servo_cpp_interface_demo[0m
[ 96%] Built target servo_cpp_interface_demo
[100%] [32m[1mLinking CXX executable motion_planning_api_tutorial[0m
[100%] Built target motion_planning_api_tutorial
-- Install configuration: "Release"
-- Installing: /home/adminlab/franka_ros2_ws/install/moveit2_tutorials/share/ament_index/resource_index/package_run_dependencies/moveit2_tutorials
-- Installing: /home/adminlab/franka_ros2_ws/install/moveit2_tutorials/share/ament_index/resource_index/parent_prefix_path/moveit2_tutorials
-- Installing: /home/adminlab/franka_ros2_ws/install/moveit2_tutorials/share/moveit2_tutorials/environment/ament_prefix_path.sh
-- Installing: /home/adminlab/franka_ros2_ws/install/moveit2_tutorials/share/moveit2_tutorials/environment/ament_prefix_path.dsv
-- Installing: /home/adminlab/franka_ros2_ws/install/moveit2_tutorials/share/moveit2_tutorials/environment/path.sh
-- Installing: /home/adminlab/franka_ros2_ws/install/moveit2_tutorials/share/moveit2_tutorials/environment/path.dsv
-- Installing: /home/adminlab/franka_ros2_ws/install/moveit2_tutorials/share/moveit2_tutorials/local_setup.bash
-- Installing: /home/adminlab/franka_ros2_ws/install/moveit2_tutorials/share/moveit2_tutorials/local_setup.sh
-- Installing: /home/adminlab/franka_ros2_ws/install/moveit2_tutorials/share/moveit2_tutorials/local_setup.zsh
-- Installing: /home/adminlab/franka_ros2_ws/install/moveit2_tutorials/share/moveit2_tutorials/local_setup.dsv
-- Installing: /home/adminlab/franka_ros2_ws/install/moveit2_tutorials/share/moveit2_tutorials/package.dsv
-- Installing: /home/adminlab/franka_ros2_ws/install/moveit2_tutorials/share/ament_index/resource_index/packages/moveit2_tutorials
-- Installing: /home/adminlab/franka_ros2_ws/install/moveit2_tutorials/share/moveit2_tutorials/cmake/ament_cmake_export_dependencies-extras.cmake
-- Installing: /home/adminlab/franka_ros2_ws/install/moveit2_tutorials/share/moveit2_tutorials/cmake/ament_cmake_export_include_directories-extras.cmake
-- Installing: /home/adminlab/franka_ros2_ws/install/moveit2_tutorials/share/moveit2_tutorials/cmake/moveit2_tutorialsConfig.cmake
-- Installing: /home/adminlab/franka_ros2_ws/install/moveit2_tutorials/share/moveit2_tutorials/cmake/moveit2_tutorialsConfig-version.cmake
-- Installing: /home/adminlab/franka_ros2_ws/install/moveit2_tutorials/share/moveit2_tutorials/package.xml
-- Installing: /home/adminlab/franka_ros2_ws/install/moveit2_tutorials/share/moveit2_tutorials/launch
-- Installing: /home/adminlab/franka_ros2_ws/install/moveit2_tutorials/share/moveit2_tutorials/launch/demo.launch.py
-- Installing: /home/adminlab/franka_ros2_ws/install/moveit2_tutorials/share/moveit2_tutorials/launch/panda_moveit_config_demo.rviz
-- Installing: /home/adminlab/franka_ros2_ws/install/moveit2_tutorials/share/moveit2_tutorials/launch/panda_moveit_config_demo_empty.rviz
-- Installing: /home/adminlab/franka_ros2_ws/install/moveit2_tutorials/share/moveit2_tutorials/launch/panda_hello_moveit.rviz
-- Installing: /home/adminlab/franka_ros2_ws/install/moveit2_tutorials/lib/moveit2_tutorials/mtc_tutorial
-- Set runtime path of "/home/adminlab/franka_ros2_ws/install/moveit2_tutorials/lib/moveit2_tutorials/mtc_tutorial" to ""
-- Installing: /home/adminlab/franka_ros2_ws/install/moveit2_tutorials/lib/moveit2_tutorials/minimal_mtc_tutorial
-- Set runtime path of "/home/adminlab/franka_ros2_ws/install/moveit2_tutorials/lib/moveit2_tutorials/minimal_mtc_tutorial" to ""
-- Up-to-date: /home/adminlab/franka_ros2_ws/install/moveit2_tutorials/share/moveit2_tutorials/launch
-- Installing: /home/adminlab/franka_ros2_ws/install/moveit2_tutorials/share/moveit2_tutorials/launch/mtc.rviz
-- Installing: /home/adminlab/franka_ros2_ws/install/moveit2_tutorials/share/moveit2_tutorials/launch/mtc_demo.launch.py
-- Installing: /home/adminlab/franka_ros2_ws/install/moveit2_tutorials/share/moveit2_tutorials/launch/pick_place_demo.launch.py
-- Installing: /home/adminlab/franka_ros2_ws/install/moveit2_tutorials/share/moveit2_tutorials/launch/mtc_demo_minimal.launch.py
-- Installing: /home/adminlab/franka_ros2_ws/install/moveit2_tutorials/lib/moveit2_tutorials/motion_planning_api_tutorial
-- Set runtime path of "/home/adminlab/franka_ros2_ws/install/moveit2_tutorials/lib/moveit2_tutorials/motion_planning_api_tutorial" to ""
-- Up-to-date: /home/adminlab/franka_ros2_ws/install/moveit2_tutorials/share/moveit2_tutorials/launch
-- Installing: /home/adminlab/franka_ros2_ws/install/moveit2_tutorials/share/moveit2_tutorials/launch/motion_planning_api_tutorial.launch.py
-- Installing: /home/adminlab/franka_ros2_ws/install/moveit2_tutorials/lib/moveit2_tutorials/move_group_interface_tutorial
-- Set runtime path of "/home/adminlab/franka_ros2_ws/install/moveit2_tutorials/lib/moveit2_tutorials/move_group_interface_tutorial" to ""
-- Up-to-date: /home/adminlab/franka_ros2_ws/install/moveit2_tutorials/share/moveit2_tutorials/launch
-- Installing: /home/adminlab/franka_ros2_ws/install/moveit2_tutorials/share/moveit2_tutorials/launch/move_group_interface_tutorial.launch.py
-- Installing: /home/adminlab/franka_ros2_ws/install/moveit2_tutorials/share/moveit2_tutorials/launch/move_group.rviz
-- Installing: /home/adminlab/franka_ros2_ws/install/moveit2_tutorials/share/moveit2_tutorials/launch/move_group.launch.py
-- Installing: /home/adminlab/franka_ros2_ws/install/moveit2_tutorials/lib/moveit2_tutorials/pilz_move_group
-- Set runtime path of "/home/adminlab/franka_ros2_ws/install/moveit2_tutorials/lib/moveit2_tutorials/pilz_move_group" to ""
-- Installing: /home/adminlab/franka_ros2_ws/install/moveit2_tutorials/lib/moveit2_tutorials/pilz_mtc
-- Set runtime path of "/home/adminlab/franka_ros2_ws/install/moveit2_tutorials/lib/moveit2_tutorials/pilz_mtc" to ""
-- Up-to-date: /home/adminlab/franka_ros2_ws/install/moveit2_tutorials/share/moveit2_tutorials/launch
-- Installing: /home/adminlab/franka_ros2_ws/install/moveit2_tutorials/share/moveit2_tutorials/launch/pilz_mtc.launch.py
-- Installing: /home/adminlab/franka_ros2_ws/install/moveit2_tutorials/lib/moveit2_tutorials/planning_scene_tutorial
-- Set runtime path of "/home/adminlab/franka_ros2_ws/install/moveit2_tutorials/lib/moveit2_tutorials/planning_scene_tutorial" to ""
-- Up-to-date: /home/adminlab/franka_ros2_ws/install/moveit2_tutorials/share/moveit2_tutorials/launch
-- Installing: /home/adminlab/franka_ros2_ws/install/moveit2_tutorials/share/moveit2_tutorials/launch/planning_scene_tutorial.launch.py
-- Installing: /home/adminlab/franka_ros2_ws/install/moveit2_tutorials/lib/moveit2_tutorials/planning_scene_ros_api_tutorial
-- Set runtime path of "/home/adminlab/franka_ros2_ws/install/moveit2_tutorials/lib/moveit2_tutorials/planning_scene_ros_api_tutorial" to ""
-- Up-to-date: /home/adminlab/franka_ros2_ws/install/moveit2_tutorials/share/moveit2_tutorials/launch
-- Installing: /home/adminlab/franka_ros2_ws/install/moveit2_tutorials/share/moveit2_tutorials/launch/planning_scene_ros_api_tutorial.launch.py
-- Installing: /home/adminlab/franka_ros2_ws/install/moveit2_tutorials/lib/moveit2_tutorials/robot_model_and_robot_state_tutorial
-- Set runtime path of "/home/adminlab/franka_ros2_ws/install/moveit2_tutorials/lib/moveit2_tutorials/robot_model_and_robot_state_tutorial" to ""
-- Up-to-date: /home/adminlab/franka_ros2_ws/install/moveit2_tutorials/share/moveit2_tutorials/launch
-- Installing: /home/adminlab/franka_ros2_ws/install/moveit2_tutorials/share/moveit2_tutorials/launch/robot_model_and_robot_state_tutorial.launch.py
-- Installing: /home/adminlab/franka_ros2_ws/install/moveit2_tutorials/lib/moveit2_tutorials/moveit_cpp_tutorial
-- Set runtime path of "/home/adminlab/franka_ros2_ws/install/moveit2_tutorials/lib/moveit2_tutorials/moveit_cpp_tutorial" to ""
-- Up-to-date: /home/adminlab/franka_ros2_ws/install/moveit2_tutorials/share/moveit2_tutorials/launch
-- Installing: /home/adminlab/franka_ros2_ws/install/moveit2_tutorials/share/moveit2_tutorials/launch/moveit_cpp_tutorial.rviz
-- Installing: /home/adminlab/franka_ros2_ws/install/moveit2_tutorials/share/moveit2_tutorials/launch/moveit_cpp_tutorial.launch.py
-- Installing: /home/adminlab/franka_ros2_ws/install/moveit2_tutorials/share/moveit2_tutorials/config
-- Installing: /home/adminlab/franka_ros2_ws/install/moveit2_tutorials/share/moveit2_tutorials/config/moveit_cpp.yaml
-- Installing: /home/adminlab/franka_ros2_ws/install/moveit2_tutorials/lib/moveit2_tutorials/servo_keyboard_input
-- Set runtime path of "/home/adminlab/franka_ros2_ws/install/moveit2_tutorials/lib/moveit2_tutorials/servo_keyboard_input" to ""
-- Installing: /home/adminlab/franka_ros2_ws/install/moveit2_tutorials/lib/moveit2_tutorials/servo_cpp_interface_demo
-- Set runtime path of "/home/adminlab/franka_ros2_ws/install/moveit2_tutorials/lib/moveit2_tutorials/servo_cpp_interface_demo" to ""
-- Up-to-date: /home/adminlab/franka_ros2_ws/install/moveit2_tutorials/share/moveit2_tutorials/launch
-- Installing: /home/adminlab/franka_ros2_ws/install/moveit2_tutorials/share/moveit2_tutorials/launch/servo_cpp_interface_demo.launch.py
-- Up-to-date: /home/adminlab/franka_ros2_ws/install/moveit2_tutorials/share/moveit2_tutorials/config
-- Installing: /home/adminlab/franka_ros2_ws/install/moveit2_tutorials/share/moveit2_tutorials/config/demo_rviz_config.rviz
-- Up-to-date: /home/adminlab/franka_ros2_ws/install/moveit2_tutorials/share/moveit2_tutorials/launch
-- Installing: /home/adminlab/franka_ros2_ws/install/moveit2_tutorials/share/moveit2_tutorials/launch/chomp_demo.launch.py
-- Up-to-date: /home/adminlab/franka_ros2_ws/install/moveit2_tutorials/share/moveit2_tutorials/config
-- Installing: /home/adminlab/franka_ros2_ws/install/moveit2_tutorials/share/moveit2_tutorials/config/moveit_chomp.rviz
-- Installing: /home/adminlab/franka_ros2_ws/install/moveit2_tutorials/lib/moveit2_tutorials/ompl_constrained_planning
-- Set runtime path of "/home/adminlab/franka_ros2_ws/install/moveit2_tutorials/lib/moveit2_tutorials/ompl_constrained_planning" to ""
-- Up-to-date: /home/adminlab/franka_ros2_ws/install/moveit2_tutorials/share/moveit2_tutorials/launch
-- Installing: /home/adminlab/franka_ros2_ws/install/moveit2_tutorials/share/moveit2_tutorials/launch/ompl_constrained_planning.rviz
-- Installing: /home/adminlab/franka_ros2_ws/install/moveit2_tutorials/share/moveit2_tutorials/launch/ompl_constrained_planning.launch.py
