-- The C compiler identification is GNU 11.4.0
-- The CXX compiler identification is GNU 11.4.0
-- Detecting C compiler ABI info
-- Detecting C compiler ABI info - done
-- Check for working C compiler: /usr/bin/cc - skipped
-- Detecting C compile features
-- Detecting C compile features - done
-- Detecting CXX compiler ABI info
-- Detecting CXX compiler ABI info - done
-- Check for working CXX compiler: /usr/bin/c++ - skipped
-- Detecting CXX compile features
-- Detecting CXX compile features - done
-- Found ament_cmake: 1.3.9 (/opt/ros/humble/share/ament_cmake/cmake)
-- Found Python3: /usr/bin/python3 (found version "3.10.12") found components: Interpreter 
-- Configuring done
-- Generating done
-- Build files have been written to: /home/adminlab/franka_ros2_ws/build/moveit_resources_panda_moveit_config
-- Install configuration: ""
-- Installing: /home/adminlab/franka_ros2_ws/install/moveit_resources_panda_moveit_config/share/ament_index/resource_index/package_run_dependencies/moveit_resources_panda_moveit_config
-- Installing: /home/adminlab/franka_ros2_ws/install/moveit_resources_panda_moveit_config/share/ament_index/resource_index/parent_prefix_path/moveit_resources_panda_moveit_config
-- Installing: /home/adminlab/franka_ros2_ws/install/moveit_resources_panda_moveit_config/share/moveit_resources_panda_moveit_config/environment/ament_prefix_path.sh
-- Installing: /home/adminlab/franka_ros2_ws/install/moveit_resources_panda_moveit_config/share/moveit_resources_panda_moveit_config/environment/ament_prefix_path.dsv
-- Installing: /home/adminlab/franka_ros2_ws/install/moveit_resources_panda_moveit_config/share/moveit_resources_panda_moveit_config/environment/path.sh
-- Installing: /home/adminlab/franka_ros2_ws/install/moveit_resources_panda_moveit_config/share/moveit_resources_panda_moveit_config/environment/path.dsv
-- Installing: /home/adminlab/franka_ros2_ws/install/moveit_resources_panda_moveit_config/share/moveit_resources_panda_moveit_config/local_setup.bash
-- Installing: /home/adminlab/franka_ros2_ws/install/moveit_resources_panda_moveit_config/share/moveit_resources_panda_moveit_config/local_setup.sh
-- Installing: /home/adminlab/franka_ros2_ws/install/moveit_resources_panda_moveit_config/share/moveit_resources_panda_moveit_config/local_setup.zsh
-- Installing: /home/adminlab/franka_ros2_ws/install/moveit_resources_panda_moveit_config/share/moveit_resources_panda_moveit_config/local_setup.dsv
-- Installing: /home/adminlab/franka_ros2_ws/install/moveit_resources_panda_moveit_config/share/moveit_resources_panda_moveit_config/package.dsv
-- Installing: /home/adminlab/franka_ros2_ws/install/moveit_resources_panda_moveit_config/share/ament_index/resource_index/packages/moveit_resources_panda_moveit_config
-- Installing: /home/adminlab/franka_ros2_ws/install/moveit_resources_panda_moveit_config/share/moveit_resources_panda_moveit_config/cmake/moveit_resources_panda_moveit_configConfig.cmake
-- Installing: /home/adminlab/franka_ros2_ws/install/moveit_resources_panda_moveit_config/share/moveit_resources_panda_moveit_config/cmake/moveit_resources_panda_moveit_configConfig-version.cmake
-- Installing: /home/adminlab/franka_ros2_ws/install/moveit_resources_panda_moveit_config/share/moveit_resources_panda_moveit_config/package.xml
-- Installing: /home/adminlab/franka_ros2_ws/install/moveit_resources_panda_moveit_config/share/moveit_resources_panda_moveit_config/launch
-- Installing: /home/adminlab/franka_ros2_ws/install/moveit_resources_panda_moveit_config/share/moveit_resources_panda_moveit_config/launch/demo.launch.py
-- Installing: /home/adminlab/franka_ros2_ws/install/moveit_resources_panda_moveit_config/share/moveit_resources_panda_moveit_config/launch/moveit_empty.rviz
-- Installing: /home/adminlab/franka_ros2_ws/install/moveit_resources_panda_moveit_config/share/moveit_resources_panda_moveit_config/launch/moveit.rviz
-- Installing: /home/adminlab/franka_ros2_ws/install/moveit_resources_panda_moveit_config/share/moveit_resources_panda_moveit_config/launch/moveit_rviz.launch.py
-- Installing: /home/adminlab/franka_ros2_ws/install/moveit_resources_panda_moveit_config/share/moveit_resources_panda_moveit_config/config
-- Installing: /home/adminlab/franka_ros2_ws/install/moveit_resources_panda_moveit_config/share/moveit_resources_panda_moveit_config/config/panda_arm.xacro
-- Installing: /home/adminlab/franka_ros2_ws/install/moveit_resources_panda_moveit_config/share/moveit_resources_panda_moveit_config/config/panda.ros2_control.xacro
-- Installing: /home/adminlab/franka_ros2_ws/install/moveit_resources_panda_moveit_config/share/moveit_resources_panda_moveit_config/config/sensors_kinect_depthmap.yaml
-- Installing: /home/adminlab/franka_ros2_ws/install/moveit_resources_panda_moveit_config/share/moveit_resources_panda_moveit_config/config/trajopt_planning.yaml
-- Installing: /home/adminlab/franka_ros2_ws/install/moveit_resources_panda_moveit_config/share/moveit_resources_panda_moveit_config/config/panda_arm_hand.srdf.xacro
-- Installing: /home/adminlab/franka_ros2_ws/install/moveit_resources_panda_moveit_config/share/moveit_resources_panda_moveit_config/config/lerp_planning.yaml
-- Installing: /home/adminlab/franka_ros2_ws/install/moveit_resources_panda_moveit_config/share/moveit_resources_panda_moveit_config/config/initial_positions.yaml
-- Installing: /home/adminlab/franka_ros2_ws/install/moveit_resources_panda_moveit_config/share/moveit_resources_panda_moveit_config/config/panda_arm.srdf.xacro
-- Installing: /home/adminlab/franka_ros2_ws/install/moveit_resources_panda_moveit_config/share/moveit_resources_panda_moveit_config/config/kinematics.yaml
-- Installing: /home/adminlab/franka_ros2_ws/install/moveit_resources_panda_moveit_config/share/moveit_resources_panda_moveit_config/config/pilz_industrial_motion_planner_planning.yaml
-- Installing: /home/adminlab/franka_ros2_ws/install/moveit_resources_panda_moveit_config/share/moveit_resources_panda_moveit_config/config/chomp_planning.yaml
-- Installing: /home/adminlab/franka_ros2_ws/install/moveit_resources_panda_moveit_config/share/moveit_resources_panda_moveit_config/config/moveit_controllers.yaml
-- Installing: /home/adminlab/franka_ros2_ws/install/moveit_resources_panda_moveit_config/share/moveit_resources_panda_moveit_config/config/sensors_kinect_pointcloud.yaml
-- Installing: /home/adminlab/franka_ros2_ws/install/moveit_resources_panda_moveit_config/share/moveit_resources_panda_moveit_config/config/ros2_controllers.yaml
-- Installing: /home/adminlab/franka_ros2_ws/install/moveit_resources_panda_moveit_config/share/moveit_resources_panda_moveit_config/config/pilz_cartesian_limits.yaml
-- Installing: /home/adminlab/franka_ros2_ws/install/moveit_resources_panda_moveit_config/share/moveit_resources_panda_moveit_config/config/panda_hand.ros2_control.xacro
-- Installing: /home/adminlab/franka_ros2_ws/install/moveit_resources_panda_moveit_config/share/moveit_resources_panda_moveit_config/config/panda.urdf.xacro
-- Installing: /home/adminlab/franka_ros2_ws/install/moveit_resources_panda_moveit_config/share/moveit_resources_panda_moveit_config/config/gripper_moveit_controllers.yaml
-- Installing: /home/adminlab/franka_ros2_ws/install/moveit_resources_panda_moveit_config/share/moveit_resources_panda_moveit_config/config/joint_limits.yaml
-- Installing: /home/adminlab/franka_ros2_ws/install/moveit_resources_panda_moveit_config/share/moveit_resources_panda_moveit_config/config/ompl_planning.yaml
-- Installing: /home/adminlab/franka_ros2_ws/install/moveit_resources_panda_moveit_config/share/moveit_resources_panda_moveit_config/config/panda.srdf
-- Installing: /home/adminlab/franka_ros2_ws/install/moveit_resources_panda_moveit_config/share/moveit_resources_panda_moveit_config/config/hand.xacro
-- Installing: /home/adminlab/franka_ros2_ws/install/moveit_resources_panda_moveit_config/share/moveit_resources_panda_moveit_config/.setup_assistant
