-- Found moveit_common: 2.5.5 (/home/adminlab/franka_ros2_ws/install/moveit_common/share/moveit_common/cmake)
-- Found ament_cmake: 1.3.9 (/opt/ros/humble/share/ament_cmake/cmake)
-- Could NOT find libbfd (missing: LIBBFD_LIBRARY LIBBFD_INCLUDE_DIR) 
-- BACKWARD_HAS_UNWIND=1
-- BACKWARD_HAS_BACKTRACE=0
-- BACKWARD_HAS_BACKTRACE_SYMBOL=0
-- BACKWARD_HAS_DW=1
-- BACKWARD_HAS_BFD=0
-- Found Backward: /opt/ros/humble/share/backward_ros/cmake  
-- Found rclcpp: 16.0.9 (/opt/ros/humble/share/rclcpp/cmake)
-- Found rosidl_generator_c: 3.1.5 (/opt/ros/humble/share/rosidl_generator_c/cmake)
-- Found rosidl_adapter: 3.1.5 (/opt/ros/humble/share/rosidl_adapter/cmake)
-- Found rosidl_generator_cpp: 3.1.5 (/opt/ros/humble/share/rosidl_generator_cpp/cmake)
-- Using all available rosidl_typesupport_c: rosidl_typesupport_fastrtps_c;rosidl_typesupport_introspection_c
-- Using all available rosidl_typesupport_cpp: rosidl_typesupport_fastrtps_cpp;rosidl_typesupport_introspection_cpp
-- Found rmw_implementation_cmake: 6.1.2 (/opt/ros/humble/share/rmw_implementation_cmake/cmake)
-- Found rmw_fastrtps_cpp: 6.2.6 (/opt/ros/humble/share/rmw_fastrtps_cpp/cmake)
-- Using RMW implementation 'rmw_fastrtps_cpp' as default
-- Found moveit_core: 2.5.5 (/home/adminlab/franka_ros2_ws/install/moveit_core/share/moveit_core/cmake)
-- Found Boost: /usr/lib/x86_64-linux-gnu/cmake/Boost-1.74.0/BoostConfig.cmake (found version "1.74.0") found components: chrono date_time filesystem iostreams program_options regex serialization system thread 
-- Found parameter_traits: 0.3.7 (/home/adminlab/franka_ros2_ws/install/parameter_traits/share/parameter_traits/cmake)
-- Found rclcpp_lifecycle: 16.0.9 (/opt/ros/humble/share/rclcpp_lifecycle/cmake)
-- Found Boost: /usr/lib/x86_64-linux-gnu/cmake/Boost-1.74.0/BoostConfig.cmake (found version "1.74.0") found components: filesystem 
-- library: /usr/lib/x86_64-linux-gnu/libcurl.so
-- Ensuring Eigen3 include directory is part of orocos-kdl CMake target
-- Found warehouse_ros: 2.0.4 (/opt/ros/humble/share/warehouse_ros/cmake)
-- Found moveit_ros_planning: 2.5.5 (/home/adminlab/franka_ros2_ws/install/moveit_ros_planning/share/moveit_ros_planning/cmake)
-- Found Boost: /usr/lib/x86_64-linux-gnu/cmake/Boost-1.74.0/BoostConfig.cmake (found version "1.74.0") found components: system filesystem date_time program_options thread chrono 
-- Found Boost: /usr/lib/x86_64-linux-gnu/cmake/Boost-1.74.0/BoostConfig.cmake (found version "1.74.0") found components: thread system filesystem regex date_time program_options 
-- Found ament_lint_auto: 0.12.11 (/opt/ros/humble/share/ament_lint_auto/cmake)
-- Added test 'cppcheck' to perform static code analysis on C / C++ code
-- Configured cppcheck include dirs: /home/adminlab/franka_ros2_ws/src/moveit2/moveit_ros/warehouse/include
-- Configured cppcheck exclude dirs and/or files: 
-- Added test 'lint_cmake' to check CMake code style
-- Added test 'pep257' to check Python code against some of the docstring style conventions in PEP 257
-- Added test 'xmllint' to check XML markup files
-- Configuring done
-- Generating done
-- Build files have been written to: /home/adminlab/franka_ros2_ws/build/moveit_ros_warehouse
[35m[1mConsolidate compiler generated dependencies of target moveit_warehouse[0m
[ 40%] Built target moveit_warehouse
[35m[1mConsolidate compiler generated dependencies of target moveit_save_to_warehouse[0m
[35m[1mConsolidate compiler generated dependencies of target moveit_init_demo_warehouse[0m
[35m[1mConsolidate compiler generated dependencies of target moveit_warehouse_broadcast[0m
[35m[1mConsolidate compiler generated dependencies of target moveit_warehouse_services[0m
[35m[1mConsolidate compiler generated dependencies of target moveit_warehouse_save_as_text[0m
[35m[1mConsolidate compiler generated dependencies of target moveit_warehouse_import_from_text[0m
[ 50%] Built target moveit_init_demo_warehouse
[ 60%] Built target moveit_warehouse_broadcast
[ 75%] Built target moveit_warehouse_services
[ 80%] Built target moveit_save_to_warehouse
[ 90%] Built target moveit_warehouse_import_from_text
[100%] Built target moveit_warehouse_save_as_text
-- Install configuration: "Debug"
-- Up-to-date: /home/adminlab/franka_ros2_ws/install/moveit_ros_warehouse/lib/moveit_ros_warehouse/moveit_save_to_warehouse
-- Up-to-date: /home/adminlab/franka_ros2_ws/install/moveit_ros_warehouse/lib/moveit_ros_warehouse/moveit_warehouse_broadcast
-- Up-to-date: /home/adminlab/franka_ros2_ws/install/moveit_ros_warehouse/lib/moveit_ros_warehouse/moveit_warehouse_import_from_text
-- Up-to-date: /home/adminlab/franka_ros2_ws/install/moveit_ros_warehouse/lib/moveit_ros_warehouse/moveit_warehouse_save_as_text
-- Up-to-date: /home/adminlab/franka_ros2_ws/install/moveit_ros_warehouse/lib/moveit_ros_warehouse/moveit_init_demo_warehouse
-- Up-to-date: /home/adminlab/franka_ros2_ws/install/moveit_ros_warehouse/lib/moveit_ros_warehouse/moveit_warehouse_services
-- Up-to-date: /home/adminlab/franka_ros2_ws/install/moveit_ros_warehouse/include
-- Up-to-date: /home/adminlab/franka_ros2_ws/install/moveit_ros_warehouse/include/moveit
-- Up-to-date: /home/adminlab/franka_ros2_ws/install/moveit_ros_warehouse/include/moveit/warehouse
-- Up-to-date: /home/adminlab/franka_ros2_ws/install/moveit_ros_warehouse/include/moveit/warehouse/state_storage.h
-- Up-to-date: /home/adminlab/franka_ros2_ws/install/moveit_ros_warehouse/include/moveit/warehouse/planning_scene_world_storage.h
-- Up-to-date: /home/adminlab/franka_ros2_ws/install/moveit_ros_warehouse/include/moveit/warehouse/warehouse_connector.h
-- Up-to-date: /home/adminlab/franka_ros2_ws/install/moveit_ros_warehouse/include/moveit/warehouse/moveit_message_storage.h
-- Up-to-date: /home/adminlab/franka_ros2_ws/install/moveit_ros_warehouse/include/moveit/warehouse/constraints_storage.h
-- Up-to-date: /home/adminlab/franka_ros2_ws/install/moveit_ros_warehouse/include/moveit/warehouse/trajectory_constraints_storage.h
-- Up-to-date: /home/adminlab/franka_ros2_ws/install/moveit_ros_warehouse/include/moveit/warehouse/planning_scene_storage.h
-- Up-to-date: /home/adminlab/franka_ros2_ws/install/moveit_ros_warehouse/include/moveit_warehouse_export.h
-- Up-to-date: /home/adminlab/franka_ros2_ws/install/moveit_ros_warehouse/lib/libmoveit_warehouse.so.2.5.5
-- Up-to-date: /home/adminlab/franka_ros2_ws/install/moveit_ros_warehouse/lib/libmoveit_warehouse.so
-- Up-to-date: /home/adminlab/franka_ros2_ws/install/moveit_ros_warehouse/share/moveit_ros_warehouse/environment/library_path.sh
-- Installing: /home/adminlab/franka_ros2_ws/install/moveit_ros_warehouse/share/moveit_ros_warehouse/environment/library_path.dsv
-- Up-to-date: /home/adminlab/franka_ros2_ws/install/moveit_ros_warehouse/share/ament_index/resource_index/package_run_dependencies/moveit_ros_warehouse
-- Up-to-date: /home/adminlab/franka_ros2_ws/install/moveit_ros_warehouse/share/ament_index/resource_index/parent_prefix_path/moveit_ros_warehouse
-- Up-to-date: /home/adminlab/franka_ros2_ws/install/moveit_ros_warehouse/share/moveit_ros_warehouse/environment/ament_prefix_path.sh
-- Installing: /home/adminlab/franka_ros2_ws/install/moveit_ros_warehouse/share/moveit_ros_warehouse/environment/ament_prefix_path.dsv
-- Up-to-date: /home/adminlab/franka_ros2_ws/install/moveit_ros_warehouse/share/moveit_ros_warehouse/environment/path.sh
-- Installing: /home/adminlab/franka_ros2_ws/install/moveit_ros_warehouse/share/moveit_ros_warehouse/environment/path.dsv
-- Up-to-date: /home/adminlab/franka_ros2_ws/install/moveit_ros_warehouse/share/moveit_ros_warehouse/local_setup.bash
-- Up-to-date: /home/adminlab/franka_ros2_ws/install/moveit_ros_warehouse/share/moveit_ros_warehouse/local_setup.sh
-- Up-to-date: /home/adminlab/franka_ros2_ws/install/moveit_ros_warehouse/share/moveit_ros_warehouse/local_setup.zsh
-- Installing: /home/adminlab/franka_ros2_ws/install/moveit_ros_warehouse/share/moveit_ros_warehouse/local_setup.dsv
-- Installing: /home/adminlab/franka_ros2_ws/install/moveit_ros_warehouse/share/moveit_ros_warehouse/package.dsv
-- Up-to-date: /home/adminlab/franka_ros2_ws/install/moveit_ros_warehouse/share/ament_index/resource_index/packages/moveit_ros_warehouse
-- Up-to-date: /home/adminlab/franka_ros2_ws/install/moveit_ros_warehouse/share/moveit_ros_warehouse/cmake/export_moveit_ros_warehouseExport.cmake
-- Up-to-date: /home/adminlab/franka_ros2_ws/install/moveit_ros_warehouse/share/moveit_ros_warehouse/cmake/export_moveit_ros_warehouseExport-debug.cmake
-- Up-to-date: /home/adminlab/franka_ros2_ws/install/moveit_ros_warehouse/share/moveit_ros_warehouse/cmake/ConfigExtras.cmake
-- Up-to-date: /home/adminlab/franka_ros2_ws/install/moveit_ros_warehouse/share/moveit_ros_warehouse/cmake/ament_cmake_export_targets-extras.cmake
-- Up-to-date: /home/adminlab/franka_ros2_ws/install/moveit_ros_warehouse/share/moveit_ros_warehouse/cmake/ament_cmake_export_dependencies-extras.cmake
-- Up-to-date: /home/adminlab/franka_ros2_ws/install/moveit_ros_warehouse/share/moveit_ros_warehouse/cmake/moveit_ros_warehouseConfig.cmake
-- Up-to-date: /home/adminlab/franka_ros2_ws/install/moveit_ros_warehouse/share/moveit_ros_warehouse/cmake/moveit_ros_warehouseConfig-version.cmake
-- Up-to-date: /home/adminlab/franka_ros2_ws/install/moveit_ros_warehouse/share/moveit_ros_warehouse/package.xml
