[0.030s] Invoking command in '/home/adminlab/franka_ros2_ws/build/moveit_visual_tools': AMENT_PREFIX_PATH=/home/adminlab/franka_ros2_ws/install/moveit_ros_planning:/home/adminlab/franka_ros2_ws/install/moveit_ros_occupancy_map_monitor:/home/adminlab/franka_ros2_ws/install/moveit_core:/home/adminlab/franka_ros2_ws/install/generate_parameter_library:/home/adminlab/franka_ros2_ws/install/srdfdom:/home/adminlab/franka_ros2_ws/install/parameter_traits:/home/adminlab/franka_ros2_ws/install/moveit_msgs:/home/adminlab/franka_ros2_ws/install/moveit_common:/home/adminlab/franka_ros2_ws/install/generate_parameter_library_py:${AMENT_PREFIX_PATH} CMAKE_PREFIX_PATH=/home/adminlab/franka_ros2_ws/install/moveit_ros_planning:/home/adminlab/franka_ros2_ws/install/moveit_ros_occupancy_map_monitor:/home/adminlab/franka_ros2_ws/install/moveit_core:/home/adminlab/franka_ros2_ws/install/generate_parameter_library:/home/adminlab/franka_ros2_ws/install/srdfdom:/home/adminlab/franka_ros2_ws/install/parameter_traits:/home/adminlab/franka_ros2_ws/install/moveit_msgs:/home/adminlab/franka_ros2_ws/install/moveit_common:/opt/ros/humble LD_LIBRARY_PATH=/home/adminlab/franka_ros2_ws/install/moveit_ros_planning/lib:/home/adminlab/franka_ros2_ws/install/moveit_ros_occupancy_map_monitor/lib:/home/adminlab/franka_ros2_ws/install/moveit_core/lib:/home/adminlab/franka_ros2_ws/install/srdfdom/lib:/home/adminlab/franka_ros2_ws/install/parameter_traits/lib:/home/adminlab/franka_ros2_ws/install/moveit_msgs/lib:${LD_LIBRARY_PATH} PATH=/home/adminlab/franka_ros2_ws/install/moveit_core/bin:/home/adminlab/franka_ros2_ws/install/generate_parameter_library_py/bin:${PATH} PYTHONPATH=/home/adminlab/franka_ros2_ws/install/srdfdom/local/lib/python3.10/dist-packages:/home/adminlab/franka_ros2_ws/install/moveit_msgs/local/lib/python3.10/dist-packages:/home/adminlab/franka_ros2_ws/install/generate_parameter_library_py/lib/python3.10/site-packages:${PYTHONPATH} /usr/bin/cmake --build /home/adminlab/franka_ros2_ws/build/moveit_visual_tools -- -j16 -l16
[0.085s] [35m[1mConsolidate compiler generated dependencies of target moveit_visual_tools[0m
[0.117s] [ 66%] Built target moveit_visual_tools
[0.129s] [35m[1mConsolidate compiler generated dependencies of target moveit_visual_tools_demo[0m
[0.145s] [100%] Built target moveit_visual_tools_demo
[0.152s] Invoked command in '/home/adminlab/franka_ros2_ws/build/moveit_visual_tools' returned '0': AMENT_PREFIX_PATH=/home/adminlab/franka_ros2_ws/install/moveit_ros_planning:/home/adminlab/franka_ros2_ws/install/moveit_ros_occupancy_map_monitor:/home/adminlab/franka_ros2_ws/install/moveit_core:/home/adminlab/franka_ros2_ws/install/generate_parameter_library:/home/adminlab/franka_ros2_ws/install/srdfdom:/home/adminlab/franka_ros2_ws/install/parameter_traits:/home/adminlab/franka_ros2_ws/install/moveit_msgs:/home/adminlab/franka_ros2_ws/install/moveit_common:/home/adminlab/franka_ros2_ws/install/generate_parameter_library_py:${AMENT_PREFIX_PATH} CMAKE_PREFIX_PATH=/home/adminlab/franka_ros2_ws/install/moveit_ros_planning:/home/adminlab/franka_ros2_ws/install/moveit_ros_occupancy_map_monitor:/home/adminlab/franka_ros2_ws/install/moveit_core:/home/adminlab/franka_ros2_ws/install/generate_parameter_library:/home/adminlab/franka_ros2_ws/install/srdfdom:/home/adminlab/franka_ros2_ws/install/parameter_traits:/home/adminlab/franka_ros2_ws/install/moveit_msgs:/home/adminlab/franka_ros2_ws/install/moveit_common:/opt/ros/humble LD_LIBRARY_PATH=/home/adminlab/franka_ros2_ws/install/moveit_ros_planning/lib:/home/adminlab/franka_ros2_ws/install/moveit_ros_occupancy_map_monitor/lib:/home/adminlab/franka_ros2_ws/install/moveit_core/lib:/home/adminlab/franka_ros2_ws/install/srdfdom/lib:/home/adminlab/franka_ros2_ws/install/parameter_traits/lib:/home/adminlab/franka_ros2_ws/install/moveit_msgs/lib:${LD_LIBRARY_PATH} PATH=/home/adminlab/franka_ros2_ws/install/moveit_core/bin:/home/adminlab/franka_ros2_ws/install/generate_parameter_library_py/bin:${PATH} PYTHONPATH=/home/adminlab/franka_ros2_ws/install/srdfdom/local/lib/python3.10/dist-packages:/home/adminlab/franka_ros2_ws/install/moveit_msgs/local/lib/python3.10/dist-packages:/home/adminlab/franka_ros2_ws/install/generate_parameter_library_py/lib/python3.10/site-packages:${PYTHONPATH} /usr/bin/cmake --build /home/adminlab/franka_ros2_ws/build/moveit_visual_tools -- -j16 -l16
[0.209s] Invoking command in '/home/adminlab/franka_ros2_ws/build/moveit_visual_tools': AMENT_PREFIX_PATH=/home/adminlab/franka_ros2_ws/install/moveit_ros_planning:/home/adminlab/franka_ros2_ws/install/moveit_ros_occupancy_map_monitor:/home/adminlab/franka_ros2_ws/install/moveit_core:/home/adminlab/franka_ros2_ws/install/generate_parameter_library:/home/adminlab/franka_ros2_ws/install/srdfdom:/home/adminlab/franka_ros2_ws/install/parameter_traits:/home/adminlab/franka_ros2_ws/install/moveit_msgs:/home/adminlab/franka_ros2_ws/install/moveit_common:/home/adminlab/franka_ros2_ws/install/generate_parameter_library_py:${AMENT_PREFIX_PATH} CMAKE_PREFIX_PATH=/home/adminlab/franka_ros2_ws/install/moveit_ros_planning:/home/adminlab/franka_ros2_ws/install/moveit_ros_occupancy_map_monitor:/home/adminlab/franka_ros2_ws/install/moveit_core:/home/adminlab/franka_ros2_ws/install/generate_parameter_library:/home/adminlab/franka_ros2_ws/install/srdfdom:/home/adminlab/franka_ros2_ws/install/parameter_traits:/home/adminlab/franka_ros2_ws/install/moveit_msgs:/home/adminlab/franka_ros2_ws/install/moveit_common:/opt/ros/humble LD_LIBRARY_PATH=/home/adminlab/franka_ros2_ws/install/moveit_ros_planning/lib:/home/adminlab/franka_ros2_ws/install/moveit_ros_occupancy_map_monitor/lib:/home/adminlab/franka_ros2_ws/install/moveit_core/lib:/home/adminlab/franka_ros2_ws/install/srdfdom/lib:/home/adminlab/franka_ros2_ws/install/parameter_traits/lib:/home/adminlab/franka_ros2_ws/install/moveit_msgs/lib:${LD_LIBRARY_PATH} PATH=/home/adminlab/franka_ros2_ws/install/moveit_core/bin:/home/adminlab/franka_ros2_ws/install/generate_parameter_library_py/bin:${PATH} PYTHONPATH=/home/adminlab/franka_ros2_ws/install/srdfdom/local/lib/python3.10/dist-packages:/home/adminlab/franka_ros2_ws/install/moveit_msgs/local/lib/python3.10/dist-packages:/home/adminlab/franka_ros2_ws/install/generate_parameter_library_py/lib/python3.10/site-packages:${PYTHONPATH} /usr/bin/cmake --install /home/adminlab/franka_ros2_ws/build/moveit_visual_tools
[0.213s] -- Install configuration: "Release"
[0.213s] -- Up-to-date: /home/adminlab/franka_ros2_ws/install/moveit_visual_tools/share/moveit_visual_tools/environment/library_path.sh
[0.214s] -- Up-to-date: /home/adminlab/franka_ros2_ws/install/moveit_visual_tools/share/moveit_visual_tools/environment/library_path.dsv
[0.215s] -- Up-to-date: /home/adminlab/franka_ros2_ws/install/moveit_visual_tools/lib/libmoveit_visual_tools.so
[0.215s] -- Up-to-date: /home/adminlab/franka_ros2_ws/install/moveit_visual_tools/lib/moveit_visual_tools/moveit_visual_tools_demo
[0.215s] -- Up-to-date: /home/adminlab/franka_ros2_ws/install/moveit_visual_tools/include
[0.216s] -- Up-to-date: /home/adminlab/franka_ros2_ws/install/moveit_visual_tools/include/moveit_visual_tools
[0.216s] -- Up-to-date: /home/adminlab/franka_ros2_ws/install/moveit_visual_tools/include/moveit_visual_tools/imarker_robot_state.h
[0.216s] -- Up-to-date: /home/adminlab/franka_ros2_ws/install/moveit_visual_tools/include/moveit_visual_tools/moveit_visual_tools.h
[0.216s] -- Up-to-date: /home/adminlab/franka_ros2_ws/install/moveit_visual_tools/include/moveit_visual_tools/imarker_end_effector.h
[0.216s] -- Up-to-date: /home/adminlab/franka_ros2_ws/install/moveit_visual_tools/share/moveit_visual_tools/launch
[0.216s] -- Up-to-date: /home/adminlab/franka_ros2_ws/install/moveit_visual_tools/share/moveit_visual_tools/launch/demo_rviz.launch.py
[0.216s] -- Up-to-date: /home/adminlab/franka_ros2_ws/install/moveit_visual_tools/share/moveit_visual_tools/launch/demo.rviz
[0.216s] -- Up-to-date: /home/adminlab/franka_ros2_ws/install/moveit_visual_tools/share/moveit_visual_tools/resources
[0.216s] -- Up-to-date: /home/adminlab/franka_ros2_ws/install/moveit_visual_tools/share/moveit_visual_tools/resources/screenshot.png
[0.216s] -- Up-to-date: /home/adminlab/franka_ros2_ws/install/moveit_visual_tools/share/moveit_visual_tools/resources/rrbot.srdf
[0.216s] -- Up-to-date: /home/adminlab/franka_ros2_ws/install/moveit_visual_tools/share/moveit_visual_tools/resources/demo_mesh.stl
[0.216s] -- Up-to-date: /home/adminlab/franka_ros2_ws/install/moveit_visual_tools/share/moveit_visual_tools/resources/demo.png
[0.216s] -- Up-to-date: /home/adminlab/franka_ros2_ws/install/moveit_visual_tools/share/moveit_visual_tools/resources/rrbot.urdf
[0.216s] -- Up-to-date: /home/adminlab/franka_ros2_ws/install/moveit_visual_tools/share/ament_index/resource_index/package_run_dependencies/moveit_visual_tools
[0.216s] -- Up-to-date: /home/adminlab/franka_ros2_ws/install/moveit_visual_tools/share/ament_index/resource_index/parent_prefix_path/moveit_visual_tools
[0.216s] -- Up-to-date: /home/adminlab/franka_ros2_ws/install/moveit_visual_tools/share/moveit_visual_tools/environment/ament_prefix_path.sh
[0.216s] -- Up-to-date: /home/adminlab/franka_ros2_ws/install/moveit_visual_tools/share/moveit_visual_tools/environment/ament_prefix_path.dsv
[0.217s] -- Up-to-date: /home/adminlab/franka_ros2_ws/install/moveit_visual_tools/share/moveit_visual_tools/environment/path.sh
[0.217s] -- Up-to-date: /home/adminlab/franka_ros2_ws/install/moveit_visual_tools/share/moveit_visual_tools/environment/path.dsv
[0.217s] -- Up-to-date: /home/adminlab/franka_ros2_ws/install/moveit_visual_tools/share/moveit_visual_tools/local_setup.bash
[0.217s] -- Up-to-date: /home/adminlab/franka_ros2_ws/install/moveit_visual_tools/share/moveit_visual_tools/local_setup.sh
[0.217s] -- Up-to-date: /home/adminlab/franka_ros2_ws/install/moveit_visual_tools/share/moveit_visual_tools/local_setup.zsh
[0.217s] -- Up-to-date: /home/adminlab/franka_ros2_ws/install/moveit_visual_tools/share/moveit_visual_tools/local_setup.dsv
[0.217s] -- Installing: /home/adminlab/franka_ros2_ws/install/moveit_visual_tools/share/moveit_visual_tools/package.dsv
[0.217s] -- Up-to-date: /home/adminlab/franka_ros2_ws/install/moveit_visual_tools/share/ament_index/resource_index/packages/moveit_visual_tools
[0.217s] -- Up-to-date: /home/adminlab/franka_ros2_ws/install/moveit_visual_tools/share/moveit_visual_tools/cmake/export_moveit_visual_toolsExport.cmake
[0.217s] -- Up-to-date: /home/adminlab/franka_ros2_ws/install/moveit_visual_tools/share/moveit_visual_tools/cmake/export_moveit_visual_toolsExport-release.cmake
[0.217s] -- Up-to-date: /home/adminlab/franka_ros2_ws/install/moveit_visual_tools/share/moveit_visual_tools/cmake/ament_cmake_export_targets-extras.cmake
[0.218s] -- Up-to-date: /home/adminlab/franka_ros2_ws/install/moveit_visual_tools/share/moveit_visual_tools/cmake/ament_cmake_export_dependencies-extras.cmake
[0.218s] -- Up-to-date: /home/adminlab/franka_ros2_ws/install/moveit_visual_tools/share/moveit_visual_tools/cmake/moveit_visual_toolsConfig.cmake
[0.218s] -- Up-to-date: /home/adminlab/franka_ros2_ws/install/moveit_visual_tools/share/moveit_visual_tools/cmake/moveit_visual_toolsConfig-version.cmake
[0.218s] -- Up-to-date: /home/adminlab/franka_ros2_ws/install/moveit_visual_tools/share/moveit_visual_tools/package.xml
[0.220s] Invoked command in '/home/adminlab/franka_ros2_ws/build/moveit_visual_tools' returned '0': AMENT_PREFIX_PATH=/home/adminlab/franka_ros2_ws/install/moveit_ros_planning:/home/adminlab/franka_ros2_ws/install/moveit_ros_occupancy_map_monitor:/home/adminlab/franka_ros2_ws/install/moveit_core:/home/adminlab/franka_ros2_ws/install/generate_parameter_library:/home/adminlab/franka_ros2_ws/install/srdfdom:/home/adminlab/franka_ros2_ws/install/parameter_traits:/home/adminlab/franka_ros2_ws/install/moveit_msgs:/home/adminlab/franka_ros2_ws/install/moveit_common:/home/adminlab/franka_ros2_ws/install/generate_parameter_library_py:${AMENT_PREFIX_PATH} CMAKE_PREFIX_PATH=/home/adminlab/franka_ros2_ws/install/moveit_ros_planning:/home/adminlab/franka_ros2_ws/install/moveit_ros_occupancy_map_monitor:/home/adminlab/franka_ros2_ws/install/moveit_core:/home/adminlab/franka_ros2_ws/install/generate_parameter_library:/home/adminlab/franka_ros2_ws/install/srdfdom:/home/adminlab/franka_ros2_ws/install/parameter_traits:/home/adminlab/franka_ros2_ws/install/moveit_msgs:/home/adminlab/franka_ros2_ws/install/moveit_common:/opt/ros/humble LD_LIBRARY_PATH=/home/adminlab/franka_ros2_ws/install/moveit_ros_planning/lib:/home/adminlab/franka_ros2_ws/install/moveit_ros_occupancy_map_monitor/lib:/home/adminlab/franka_ros2_ws/install/moveit_core/lib:/home/adminlab/franka_ros2_ws/install/srdfdom/lib:/home/adminlab/franka_ros2_ws/install/parameter_traits/lib:/home/adminlab/franka_ros2_ws/install/moveit_msgs/lib:${LD_LIBRARY_PATH} PATH=/home/adminlab/franka_ros2_ws/install/moveit_core/bin:/home/adminlab/franka_ros2_ws/install/generate_parameter_library_py/bin:${PATH} PYTHONPATH=/home/adminlab/franka_ros2_ws/install/srdfdom/local/lib/python3.10/dist-packages:/home/adminlab/franka_ros2_ws/install/moveit_msgs/local/lib/python3.10/dist-packages:/home/adminlab/franka_ros2_ws/install/generate_parameter_library_py/lib/python3.10/site-packages:${PYTHONPATH} /usr/bin/cmake --install /home/adminlab/franka_ros2_ws/build/moveit_visual_tools
