[0.576s] Invoking command in '/home/adminlab/franka_ros2_ws/build/hand_interfaces': CMAKE_PREFIX_PATH=/home/adminlab/franka_ros2_ws/install/pilz_industrial_motion_planner_testutils:/home/adminlab/franka_ros2_ws/install/moveit_runtime:/home/adminlab/franka_ros2_ws/install/moveit2_tutorials:/home/adminlab/franka_ros2_ws/install/moveit:/home/adminlab/franka_ros2_ws/install/moveit_planners:/home/adminlab/franka_ros2_ws/install/pilz_industrial_motion_planner:/home/adminlab/franka_ros2_ws/install/mtc_tutorial:/home/adminlab/franka_ros2_ws/install/moveit_visual_tools:/home/adminlab/franka_ros2_ws/install/moveit_task_constructor_visualization:/home/adminlab/franka_ros2_ws/install/moveit_task_constructor_demo:/home/adminlab/franka_ros2_ws/install/moveit_task_constructor_capabilities:/home/adminlab/franka_ros2_ws/install/moveit_task_constructor_core:/home/adminlab/franka_ros2_ws/install/moveit_ros_control_interface:/home/adminlab/franka_ros2_ws/install/moveit_plugins:/home/adminlab/franka_ros2_ws/install/moveit_simple_controller_manager:/home/adminlab/franka_ros2_ws/install/moveit_setup_assistant:/home/adminlab/franka_ros2_ws/install/moveit_setup_srdf_plugins:/home/adminlab/franka_ros2_ws/install/moveit_setup_core_plugins:/home/adminlab/franka_ros2_ws/install/moveit_setup_controllers:/home/adminlab/franka_ros2_ws/install/moveit_setup_app_plugins:/home/adminlab/franka_ros2_ws/install/moveit_setup_framework:/home/adminlab/franka_ros2_ws/install/moveit_servo:/home/adminlab/franka_ros2_ws/install/moveit_ros:/home/adminlab/franka_ros2_ws/install/franka_moveit_config:/home/adminlab/franka_ros2_ws/install/moveit_ros_visualization:/home/adminlab/franka_ros2_ws/install/moveit_hybrid_planning:/home/adminlab/franka_ros2_ws/install/moveit2_scripts:/home/adminlab/franka_ros2_ws/install/hello_moveit:/home/adminlab/franka_ros2_ws/install/moveit_ros_planning_interface:/home/adminlab/franka_ros2_ws/install/moveit_ros_benchmarks:/home/adminlab/franka_ros2_ws/install/moveit_ros_warehouse:/home/adminlab/franka_ros2_ws/install/moveit_ros_robot_interaction:/home/adminlab/franka_ros2_ws/install/moveit_ros_perception:/home/adminlab/franka_ros2_ws/install/moveit_resources_prbt_pg70_support:/home/adminlab/franka_ros2_ws/install/moveit_resources_prbt_moveit_config:/home/adminlab/franka_ros2_ws/install/moveit_ros_move_group:/home/adminlab/franka_ros2_ws/install/moveit_planners_ompl:/home/adminlab/franka_ros2_ws/install/moveit_ros_planning:/home/adminlab/franka_ros2_ws/install/moveit_ros_occupancy_map_monitor:/home/adminlab/franka_ros2_ws/install/moveit_resources_prbt_ikfast_manipulator_plugin:/home/adminlab/franka_ros2_ws/install/moveit_planners_chomp:/home/adminlab/franka_ros2_ws/install/moveit_kinematics:/home/adminlab/franka_ros2_ws/install/moveit_chomp_optimizer_adapter:/home/adminlab/franka_ros2_ws/install/chomp_motion_planner:/home/adminlab/franka_ros2_ws/install/moveit_core:/home/adminlab/franka_ros2_ws/install/srdfdom:/home/adminlab/franka_ros2_ws/install/rviz_marker_tools:/home/adminlab/franka_ros2_ws/install/rosparam_shortcuts:/home/adminlab/franka_ros2_ws/install/ros_testing:/home/adminlab/franka_ros2_ws/install/realsense2_description:/home/adminlab/franka_ros2_ws/install/realsense2_camera:/home/adminlab/franka_ros2_ws/install/realsense2_camera_msgs:/home/adminlab/franka_ros2_ws/install/joint_trajectory_controller:/home/adminlab/franka_ros2_ws/install/generate_parameter_library_example:/home/adminlab/franka_ros2_ws/install/franka_bringup:/home/adminlab/franka_ros2_ws/install/franka_robot_state_broadcaster:/home/adminlab/franka_ros2_ws/install/cmake_generate_parameter_module_example:/home/adminlab/franka_ros2_ws/install/generate_parameter_library:/home/adminlab/franka_ros2_ws/install/parameter_traits:/home/adminlab/franka_ros2_ws/install/moveit_task_constructor_msgs:/home/adminlab/franka_ros2_ws/install/moveit_resources_prbt_support:/home/adminlab/franka_ros2_ws/install/moveit_resources:/home/adminlab/franka_ros2_ws/install/moveit_resources_pr2_description:/home/adminlab/franka_ros2_ws/install/moveit_resources_panda_moveit_config:/home/adminlab/franka_ros2_ws/install/moveit_resources_panda_description:/home/adminlab/franka_ros2_ws/install/moveit_resources_fanuc_moveit_config:/home/adminlab/franka_ros2_ws/install/moveit_resources_fanuc_description:/home/adminlab/franka_ros2_ws/install/moveit_msgs:/home/adminlab/franka_ros2_ws/install/moveit_common:/home/adminlab/franka_ros2_ws/install/librealsense2:/home/adminlab/franka_ros2_ws/install/integration_launch_testing:/home/adminlab/franka_ros2_ws/install/hand_interfaces:/home/adminlab/franka_ros2_ws/install/franka_example_controllers:/home/adminlab/franka_ros2_ws/install/franka_semantic_components:/home/adminlab/franka_ros2_ws/install/moveit_configs_utils:/home/adminlab/franka_ros2_ws/install/ros2test:/home/adminlab/franka_ros2_ws/install/generate_parameter_module_example:/home/adminlab/franka_ros2_ws/install/launch_param_builder:/home/adminlab/franka_ros2_ws/install/handcv:/home/adminlab/franka_ros2_ws/install/generate_parameter_library_py:/home/adminlab/franka_ros2_ws/install/camera_publisher:/opt/ros/humble:/home/adminlab/franka_ros2_ws/install/franka_custom_controller:/home/adminlab/franka_ros2_ws/install/franka_hardware:/home/adminlab/franka_ros2_ws/install/franka_gripper:/home/adminlab/franka_ros2_ws/install/franka_msgs:/home/adminlab/franka_ros2_ws/install/franka_description:/home/adminlab/franka_ros2_ws/install/OpenCV /usr/bin/cmake --build /home/adminlab/franka_ros2_ws/build/hand_interfaces -- -j16 -l16
[0.651s] [  2%] Built target hand_interfaces__cpp
[0.684s] [ 12%] Built target hand_interfaces__rosidl_generator_c
[0.701s] [ 23%] Built target hand_interfaces__rosidl_typesupport_cpp
[0.712s] [ 23%] Built target ament_cmake_python_copy_hand_interfaces
[0.733s] [ 34%] Built target hand_interfaces__rosidl_typesupport_fastrtps_c
[0.735s] [ 44%] Built target hand_interfaces__rosidl_typesupport_fastrtps_cpp
[0.735s] [ 55%] Built target hand_interfaces__rosidl_typesupport_introspection_cpp
[0.751s] [ 65%] Built target hand_interfaces__rosidl_typesupport_introspection_c
[0.751s] [ 76%] Built target hand_interfaces__rosidl_typesupport_c
[0.761s] [ 76%] Built target hand_interfaces
[0.794s] [ 78%] Built target hand_interfaces__py
[0.819s] [ 87%] Built target hand_interfaces__rosidl_generator_py
[0.852s] [ 95%] Built target hand_interfaces__rosidl_typesupport_fastrtps_c__pyext
[0.853s] [ 95%] Built target hand_interfaces__rosidl_typesupport_c__pyext
[0.853s] [100%] Built target hand_interfaces__rosidl_typesupport_introspection_c__pyext
[1.063s] running egg_info
[1.064s] writing hand_interfaces.egg-info/PKG-INFO
[1.065s] writing dependency_links to hand_interfaces.egg-info/dependency_links.txt
[1.066s] writing top-level names to hand_interfaces.egg-info/top_level.txt
[1.069s] reading manifest file 'hand_interfaces.egg-info/SOURCES.txt'
[1.070s] writing manifest file 'hand_interfaces.egg-info/SOURCES.txt'
[1.112s] [100%] Built target ament_cmake_python_build_hand_interfaces_egg
[1.314s] Invoked command in '/home/adminlab/franka_ros2_ws/build/hand_interfaces' returned '0': CMAKE_PREFIX_PATH=/home/adminlab/franka_ros2_ws/install/pilz_industrial_motion_planner_testutils:/home/adminlab/franka_ros2_ws/install/moveit_runtime:/home/adminlab/franka_ros2_ws/install/moveit2_tutorials:/home/adminlab/franka_ros2_ws/install/moveit:/home/adminlab/franka_ros2_ws/install/moveit_planners:/home/adminlab/franka_ros2_ws/install/pilz_industrial_motion_planner:/home/adminlab/franka_ros2_ws/install/mtc_tutorial:/home/adminlab/franka_ros2_ws/install/moveit_visual_tools:/home/adminlab/franka_ros2_ws/install/moveit_task_constructor_visualization:/home/adminlab/franka_ros2_ws/install/moveit_task_constructor_demo:/home/adminlab/franka_ros2_ws/install/moveit_task_constructor_capabilities:/home/adminlab/franka_ros2_ws/install/moveit_task_constructor_core:/home/adminlab/franka_ros2_ws/install/moveit_ros_control_interface:/home/adminlab/franka_ros2_ws/install/moveit_plugins:/home/adminlab/franka_ros2_ws/install/moveit_simple_controller_manager:/home/adminlab/franka_ros2_ws/install/moveit_setup_assistant:/home/adminlab/franka_ros2_ws/install/moveit_setup_srdf_plugins:/home/adminlab/franka_ros2_ws/install/moveit_setup_core_plugins:/home/adminlab/franka_ros2_ws/install/moveit_setup_controllers:/home/adminlab/franka_ros2_ws/install/moveit_setup_app_plugins:/home/adminlab/franka_ros2_ws/install/moveit_setup_framework:/home/adminlab/franka_ros2_ws/install/moveit_servo:/home/adminlab/franka_ros2_ws/install/moveit_ros:/home/adminlab/franka_ros2_ws/install/franka_moveit_config:/home/adminlab/franka_ros2_ws/install/moveit_ros_visualization:/home/adminlab/franka_ros2_ws/install/moveit_hybrid_planning:/home/adminlab/franka_ros2_ws/install/moveit2_scripts:/home/adminlab/franka_ros2_ws/install/hello_moveit:/home/adminlab/franka_ros2_ws/install/moveit_ros_planning_interface:/home/adminlab/franka_ros2_ws/install/moveit_ros_benchmarks:/home/adminlab/franka_ros2_ws/install/moveit_ros_warehouse:/home/adminlab/franka_ros2_ws/install/moveit_ros_robot_interaction:/home/adminlab/franka_ros2_ws/install/moveit_ros_perception:/home/adminlab/franka_ros2_ws/install/moveit_resources_prbt_pg70_support:/home/adminlab/franka_ros2_ws/install/moveit_resources_prbt_moveit_config:/home/adminlab/franka_ros2_ws/install/moveit_ros_move_group:/home/adminlab/franka_ros2_ws/install/moveit_planners_ompl:/home/adminlab/franka_ros2_ws/install/moveit_ros_planning:/home/adminlab/franka_ros2_ws/install/moveit_ros_occupancy_map_monitor:/home/adminlab/franka_ros2_ws/install/moveit_resources_prbt_ikfast_manipulator_plugin:/home/adminlab/franka_ros2_ws/install/moveit_planners_chomp:/home/adminlab/franka_ros2_ws/install/moveit_kinematics:/home/adminlab/franka_ros2_ws/install/moveit_chomp_optimizer_adapter:/home/adminlab/franka_ros2_ws/install/chomp_motion_planner:/home/adminlab/franka_ros2_ws/install/moveit_core:/home/adminlab/franka_ros2_ws/install/srdfdom:/home/adminlab/franka_ros2_ws/install/rviz_marker_tools:/home/adminlab/franka_ros2_ws/install/rosparam_shortcuts:/home/adminlab/franka_ros2_ws/install/ros_testing:/home/adminlab/franka_ros2_ws/install/realsense2_description:/home/adminlab/franka_ros2_ws/install/realsense2_camera:/home/adminlab/franka_ros2_ws/install/realsense2_camera_msgs:/home/adminlab/franka_ros2_ws/install/joint_trajectory_controller:/home/adminlab/franka_ros2_ws/install/generate_parameter_library_example:/home/adminlab/franka_ros2_ws/install/franka_bringup:/home/adminlab/franka_ros2_ws/install/franka_robot_state_broadcaster:/home/adminlab/franka_ros2_ws/install/cmake_generate_parameter_module_example:/home/adminlab/franka_ros2_ws/install/generate_parameter_library:/home/adminlab/franka_ros2_ws/install/parameter_traits:/home/adminlab/franka_ros2_ws/install/moveit_task_constructor_msgs:/home/adminlab/franka_ros2_ws/install/moveit_resources_prbt_support:/home/adminlab/franka_ros2_ws/install/moveit_resources:/home/adminlab/franka_ros2_ws/install/moveit_resources_pr2_description:/home/adminlab/franka_ros2_ws/install/moveit_resources_panda_moveit_config:/home/adminlab/franka_ros2_ws/install/moveit_resources_panda_description:/home/adminlab/franka_ros2_ws/install/moveit_resources_fanuc_moveit_config:/home/adminlab/franka_ros2_ws/install/moveit_resources_fanuc_description:/home/adminlab/franka_ros2_ws/install/moveit_msgs:/home/adminlab/franka_ros2_ws/install/moveit_common:/home/adminlab/franka_ros2_ws/install/librealsense2:/home/adminlab/franka_ros2_ws/install/integration_launch_testing:/home/adminlab/franka_ros2_ws/install/hand_interfaces:/home/adminlab/franka_ros2_ws/install/franka_example_controllers:/home/adminlab/franka_ros2_ws/install/franka_semantic_components:/home/adminlab/franka_ros2_ws/install/moveit_configs_utils:/home/adminlab/franka_ros2_ws/install/ros2test:/home/adminlab/franka_ros2_ws/install/generate_parameter_module_example:/home/adminlab/franka_ros2_ws/install/launch_param_builder:/home/adminlab/franka_ros2_ws/install/handcv:/home/adminlab/franka_ros2_ws/install/generate_parameter_library_py:/home/adminlab/franka_ros2_ws/install/camera_publisher:/opt/ros/humble:/home/adminlab/franka_ros2_ws/install/franka_custom_controller:/home/adminlab/franka_ros2_ws/install/franka_hardware:/home/adminlab/franka_ros2_ws/install/franka_gripper:/home/adminlab/franka_ros2_ws/install/franka_msgs:/home/adminlab/franka_ros2_ws/install/franka_description:/home/adminlab/franka_ros2_ws/install/OpenCV /usr/bin/cmake --build /home/adminlab/franka_ros2_ws/build/hand_interfaces -- -j16 -l16
[1.570s] Invoking command in '/home/adminlab/franka_ros2_ws/build/hand_interfaces': CMAKE_PREFIX_PATH=/home/adminlab/franka_ros2_ws/install/pilz_industrial_motion_planner_testutils:/home/adminlab/franka_ros2_ws/install/moveit_runtime:/home/adminlab/franka_ros2_ws/install/moveit2_tutorials:/home/adminlab/franka_ros2_ws/install/moveit:/home/adminlab/franka_ros2_ws/install/moveit_planners:/home/adminlab/franka_ros2_ws/install/pilz_industrial_motion_planner:/home/adminlab/franka_ros2_ws/install/mtc_tutorial:/home/adminlab/franka_ros2_ws/install/moveit_visual_tools:/home/adminlab/franka_ros2_ws/install/moveit_task_constructor_visualization:/home/adminlab/franka_ros2_ws/install/moveit_task_constructor_demo:/home/adminlab/franka_ros2_ws/install/moveit_task_constructor_capabilities:/home/adminlab/franka_ros2_ws/install/moveit_task_constructor_core:/home/adminlab/franka_ros2_ws/install/moveit_ros_control_interface:/home/adminlab/franka_ros2_ws/install/moveit_plugins:/home/adminlab/franka_ros2_ws/install/moveit_simple_controller_manager:/home/adminlab/franka_ros2_ws/install/moveit_setup_assistant:/home/adminlab/franka_ros2_ws/install/moveit_setup_srdf_plugins:/home/adminlab/franka_ros2_ws/install/moveit_setup_core_plugins:/home/adminlab/franka_ros2_ws/install/moveit_setup_controllers:/home/adminlab/franka_ros2_ws/install/moveit_setup_app_plugins:/home/adminlab/franka_ros2_ws/install/moveit_setup_framework:/home/adminlab/franka_ros2_ws/install/moveit_servo:/home/adminlab/franka_ros2_ws/install/moveit_ros:/home/adminlab/franka_ros2_ws/install/franka_moveit_config:/home/adminlab/franka_ros2_ws/install/moveit_ros_visualization:/home/adminlab/franka_ros2_ws/install/moveit_hybrid_planning:/home/adminlab/franka_ros2_ws/install/moveit2_scripts:/home/adminlab/franka_ros2_ws/install/hello_moveit:/home/adminlab/franka_ros2_ws/install/moveit_ros_planning_interface:/home/adminlab/franka_ros2_ws/install/moveit_ros_benchmarks:/home/adminlab/franka_ros2_ws/install/moveit_ros_warehouse:/home/adminlab/franka_ros2_ws/install/moveit_ros_robot_interaction:/home/adminlab/franka_ros2_ws/install/moveit_ros_perception:/home/adminlab/franka_ros2_ws/install/moveit_resources_prbt_pg70_support:/home/adminlab/franka_ros2_ws/install/moveit_resources_prbt_moveit_config:/home/adminlab/franka_ros2_ws/install/moveit_ros_move_group:/home/adminlab/franka_ros2_ws/install/moveit_planners_ompl:/home/adminlab/franka_ros2_ws/install/moveit_ros_planning:/home/adminlab/franka_ros2_ws/install/moveit_ros_occupancy_map_monitor:/home/adminlab/franka_ros2_ws/install/moveit_resources_prbt_ikfast_manipulator_plugin:/home/adminlab/franka_ros2_ws/install/moveit_planners_chomp:/home/adminlab/franka_ros2_ws/install/moveit_kinematics:/home/adminlab/franka_ros2_ws/install/moveit_chomp_optimizer_adapter:/home/adminlab/franka_ros2_ws/install/chomp_motion_planner:/home/adminlab/franka_ros2_ws/install/moveit_core:/home/adminlab/franka_ros2_ws/install/srdfdom:/home/adminlab/franka_ros2_ws/install/rviz_marker_tools:/home/adminlab/franka_ros2_ws/install/rosparam_shortcuts:/home/adminlab/franka_ros2_ws/install/ros_testing:/home/adminlab/franka_ros2_ws/install/realsense2_description:/home/adminlab/franka_ros2_ws/install/realsense2_camera:/home/adminlab/franka_ros2_ws/install/realsense2_camera_msgs:/home/adminlab/franka_ros2_ws/install/joint_trajectory_controller:/home/adminlab/franka_ros2_ws/install/generate_parameter_library_example:/home/adminlab/franka_ros2_ws/install/franka_bringup:/home/adminlab/franka_ros2_ws/install/franka_robot_state_broadcaster:/home/adminlab/franka_ros2_ws/install/cmake_generate_parameter_module_example:/home/adminlab/franka_ros2_ws/install/generate_parameter_library:/home/adminlab/franka_ros2_ws/install/parameter_traits:/home/adminlab/franka_ros2_ws/install/moveit_task_constructor_msgs:/home/adminlab/franka_ros2_ws/install/moveit_resources_prbt_support:/home/adminlab/franka_ros2_ws/install/moveit_resources:/home/adminlab/franka_ros2_ws/install/moveit_resources_pr2_description:/home/adminlab/franka_ros2_ws/install/moveit_resources_panda_moveit_config:/home/adminlab/franka_ros2_ws/install/moveit_resources_panda_description:/home/adminlab/franka_ros2_ws/install/moveit_resources_fanuc_moveit_config:/home/adminlab/franka_ros2_ws/install/moveit_resources_fanuc_description:/home/adminlab/franka_ros2_ws/install/moveit_msgs:/home/adminlab/franka_ros2_ws/install/moveit_common:/home/adminlab/franka_ros2_ws/install/librealsense2:/home/adminlab/franka_ros2_ws/install/integration_launch_testing:/home/adminlab/franka_ros2_ws/install/hand_interfaces:/home/adminlab/franka_ros2_ws/install/franka_example_controllers:/home/adminlab/franka_ros2_ws/install/franka_semantic_components:/home/adminlab/franka_ros2_ws/install/moveit_configs_utils:/home/adminlab/franka_ros2_ws/install/ros2test:/home/adminlab/franka_ros2_ws/install/generate_parameter_module_example:/home/adminlab/franka_ros2_ws/install/launch_param_builder:/home/adminlab/franka_ros2_ws/install/handcv:/home/adminlab/franka_ros2_ws/install/generate_parameter_library_py:/home/adminlab/franka_ros2_ws/install/camera_publisher:/opt/ros/humble:/home/adminlab/franka_ros2_ws/install/franka_custom_controller:/home/adminlab/franka_ros2_ws/install/franka_hardware:/home/adminlab/franka_ros2_ws/install/franka_gripper:/home/adminlab/franka_ros2_ws/install/franka_msgs:/home/adminlab/franka_ros2_ws/install/franka_description:/home/adminlab/franka_ros2_ws/install/OpenCV /usr/bin/cmake --install /home/adminlab/franka_ros2_ws/build/hand_interfaces
[1.578s] -- Install configuration: "Debug"
[1.578s] -- Up-to-date: /home/adminlab/franka_ros2_ws/install/hand_interfaces/share/ament_index/resource_index/rosidl_interfaces/hand_interfaces
[1.578s] -- Up-to-date: /home/adminlab/franka_ros2_ws/install/hand_interfaces/include/hand_interfaces/hand_interfaces
[1.578s] -- Up-to-date: /home/adminlab/franka_ros2_ws/install/hand_interfaces/include/hand_interfaces/hand_interfaces/msg
[1.578s] -- Up-to-date: /home/adminlab/franka_ros2_ws/install/hand_interfaces/include/hand_interfaces/hand_interfaces/msg/pinch.h
[1.578s] -- Up-to-date: /home/adminlab/franka_ros2_ws/install/hand_interfaces/include/hand_interfaces/hand_interfaces/msg/detail
[1.578s] -- Up-to-date: /home/adminlab/franka_ros2_ws/install/hand_interfaces/include/hand_interfaces/hand_interfaces/msg/detail/finger_data__functions.h
[1.578s] -- Up-to-date: /home/adminlab/franka_ros2_ws/install/hand_interfaces/include/hand_interfaces/hand_interfaces/msg/detail/pinch__type_support.h
[1.578s] -- Up-to-date: /home/adminlab/franka_ros2_ws/install/hand_interfaces/include/hand_interfaces/hand_interfaces/msg/detail/pinch__functions.c
[1.578s] -- Up-to-date: /home/adminlab/franka_ros2_ws/install/hand_interfaces/include/hand_interfaces/hand_interfaces/msg/detail/finger_data__type_support.h
[1.578s] -- Up-to-date: /home/adminlab/franka_ros2_ws/install/hand_interfaces/include/hand_interfaces/hand_interfaces/msg/detail/finger_data__functions.c
[1.579s] -- Up-to-date: /home/adminlab/franka_ros2_ws/install/hand_interfaces/include/hand_interfaces/hand_interfaces/msg/detail/pinch__struct.h
[1.579s] -- Up-to-date: /home/adminlab/franka_ros2_ws/install/hand_interfaces/include/hand_interfaces/hand_interfaces/msg/detail/pinch__functions.h
[1.579s] -- Up-to-date: /home/adminlab/franka_ros2_ws/install/hand_interfaces/include/hand_interfaces/hand_interfaces/msg/detail/finger_data__struct.h
[1.579s] -- Up-to-date: /home/adminlab/franka_ros2_ws/install/hand_interfaces/include/hand_interfaces/hand_interfaces/msg/rosidl_generator_c__visibility_control.h
[1.579s] -- Up-to-date: /home/adminlab/franka_ros2_ws/install/hand_interfaces/include/hand_interfaces/hand_interfaces/msg/finger_data.h
[1.579s] -- Up-to-date: /home/adminlab/franka_ros2_ws/install/hand_interfaces/include/hand_interfaces/hand_interfaces/srv
[1.579s] -- Up-to-date: /home/adminlab/franka_ros2_ws/install/hand_interfaces/include/hand_interfaces/hand_interfaces/srv/hand_pose.h
[1.579s] -- Up-to-date: /home/adminlab/franka_ros2_ws/install/hand_interfaces/include/hand_interfaces/hand_interfaces/srv/detail
[1.579s] -- Up-to-date: /home/adminlab/franka_ros2_ws/install/hand_interfaces/include/hand_interfaces/hand_interfaces/srv/detail/hand_pose__functions.c
[1.579s] -- Up-to-date: /home/adminlab/franka_ros2_ws/install/hand_interfaces/include/hand_interfaces/hand_interfaces/srv/detail/hand_pose__type_support.h
[1.580s] -- Up-to-date: /home/adminlab/franka_ros2_ws/install/hand_interfaces/include/hand_interfaces/hand_interfaces/srv/detail/hand_pose__functions.h
[1.580s] -- Up-to-date: /home/adminlab/franka_ros2_ws/install/hand_interfaces/include/hand_interfaces/hand_interfaces/srv/detail/hand_pose__struct.h
[1.580s] -- Up-to-date: /home/adminlab/franka_ros2_ws/install/hand_interfaces/share/hand_interfaces/environment/library_path.sh
[1.580s] -- Up-to-date: /home/adminlab/franka_ros2_ws/install/hand_interfaces/share/hand_interfaces/environment/library_path.dsv
[1.580s] -- Up-to-date: /home/adminlab/franka_ros2_ws/install/hand_interfaces/lib/libhand_interfaces__rosidl_generator_c.so
[1.580s] -- Up-to-date: /home/adminlab/franka_ros2_ws/install/hand_interfaces/include/hand_interfaces/hand_interfaces
[1.580s] -- Up-to-date: /home/adminlab/franka_ros2_ws/install/hand_interfaces/include/hand_interfaces/hand_interfaces/msg
[1.580s] -- Up-to-date: /home/adminlab/franka_ros2_ws/install/hand_interfaces/include/hand_interfaces/hand_interfaces/msg/detail
[1.580s] -- Up-to-date: /home/adminlab/franka_ros2_ws/install/hand_interfaces/include/hand_interfaces/hand_interfaces/msg/detail/pinch__rosidl_typesupport_fastrtps_c.h
[1.580s] -- Up-to-date: /home/adminlab/franka_ros2_ws/install/hand_interfaces/include/hand_interfaces/hand_interfaces/msg/detail/finger_data__rosidl_typesupport_fastrtps_c.h
[1.580s] -- Up-to-date: /home/adminlab/franka_ros2_ws/install/hand_interfaces/include/hand_interfaces/hand_interfaces/msg/rosidl_typesupport_fastrtps_c__visibility_control.h
[1.580s] -- Up-to-date: /home/adminlab/franka_ros2_ws/install/hand_interfaces/include/hand_interfaces/hand_interfaces/srv
[1.581s] -- Up-to-date: /home/adminlab/franka_ros2_ws/install/hand_interfaces/include/hand_interfaces/hand_interfaces/srv/detail
[1.581s] -- Up-to-date: /home/adminlab/franka_ros2_ws/install/hand_interfaces/include/hand_interfaces/hand_interfaces/srv/detail/hand_pose__rosidl_typesupport_fastrtps_c.h
[1.581s] -- Up-to-date: /home/adminlab/franka_ros2_ws/install/hand_interfaces/lib/libhand_interfaces__rosidl_typesupport_fastrtps_c.so
[1.581s] -- Up-to-date: /home/adminlab/franka_ros2_ws/install/hand_interfaces/include/hand_interfaces/hand_interfaces
[1.582s] -- Up-to-date: /home/adminlab/franka_ros2_ws/install/hand_interfaces/include/hand_interfaces/hand_interfaces/msg
[1.582s] -- Up-to-date: /home/adminlab/franka_ros2_ws/install/hand_interfaces/include/hand_interfaces/hand_interfaces/msg/detail
[1.582s] -- Up-to-date: /home/adminlab/franka_ros2_ws/install/hand_interfaces/include/hand_interfaces/hand_interfaces/msg/detail/finger_data__traits.hpp
[1.582s] -- Up-to-date: /home/adminlab/franka_ros2_ws/install/hand_interfaces/include/hand_interfaces/hand_interfaces/msg/detail/finger_data__builder.hpp
[1.582s] -- Up-to-date: /home/adminlab/franka_ros2_ws/install/hand_interfaces/include/hand_interfaces/hand_interfaces/msg/detail/pinch__struct.hpp
[1.582s] -- Up-to-date: /home/adminlab/franka_ros2_ws/install/hand_interfaces/include/hand_interfaces/hand_interfaces/msg/detail/finger_data__struct.hpp
[1.582s] -- Up-to-date: /home/adminlab/franka_ros2_ws/install/hand_interfaces/include/hand_interfaces/hand_interfaces/msg/detail/pinch__traits.hpp
[1.582s] -- Up-to-date: /home/adminlab/franka_ros2_ws/install/hand_interfaces/include/hand_interfaces/hand_interfaces/msg/detail/pinch__builder.hpp
[1.582s] -- Up-to-date: /home/adminlab/franka_ros2_ws/install/hand_interfaces/include/hand_interfaces/hand_interfaces/msg/pinch.hpp
[1.582s] -- Up-to-date: /home/adminlab/franka_ros2_ws/install/hand_interfaces/include/hand_interfaces/hand_interfaces/msg/finger_data.hpp
[1.582s] -- Up-to-date: /home/adminlab/franka_ros2_ws/install/hand_interfaces/include/hand_interfaces/hand_interfaces/srv
[1.582s] -- Up-to-date: /home/adminlab/franka_ros2_ws/install/hand_interfaces/include/hand_interfaces/hand_interfaces/srv/hand_pose.hpp
[1.583s] -- Up-to-date: /home/adminlab/franka_ros2_ws/install/hand_interfaces/include/hand_interfaces/hand_interfaces/srv/detail
[1.583s] -- Up-to-date: /home/adminlab/franka_ros2_ws/install/hand_interfaces/include/hand_interfaces/hand_interfaces/srv/detail/hand_pose__traits.hpp
[1.583s] -- Up-to-date: /home/adminlab/franka_ros2_ws/install/hand_interfaces/include/hand_interfaces/hand_interfaces/srv/detail/hand_pose__builder.hpp
[1.583s] -- Up-to-date: /home/adminlab/franka_ros2_ws/install/hand_interfaces/include/hand_interfaces/hand_interfaces/srv/detail/hand_pose__struct.hpp
[1.583s] -- Up-to-date: /home/adminlab/franka_ros2_ws/install/hand_interfaces/include/hand_interfaces/hand_interfaces
[1.583s] -- Up-to-date: /home/adminlab/franka_ros2_ws/install/hand_interfaces/include/hand_interfaces/hand_interfaces/msg
[1.583s] -- Up-to-date: /home/adminlab/franka_ros2_ws/install/hand_interfaces/include/hand_interfaces/hand_interfaces/msg/detail
[1.583s] -- Up-to-date: /home/adminlab/franka_ros2_ws/install/hand_interfaces/include/hand_interfaces/hand_interfaces/msg/detail/dds_fastrtps
[1.583s] -- Up-to-date: /home/adminlab/franka_ros2_ws/install/hand_interfaces/include/hand_interfaces/hand_interfaces/msg/detail/finger_data__rosidl_typesupport_fastrtps_cpp.hpp
[1.583s] -- Up-to-date: /home/adminlab/franka_ros2_ws/install/hand_interfaces/include/hand_interfaces/hand_interfaces/msg/detail/pinch__rosidl_typesupport_fastrtps_cpp.hpp
[1.583s] -- Up-to-date: /home/adminlab/franka_ros2_ws/install/hand_interfaces/include/hand_interfaces/hand_interfaces/msg/rosidl_typesupport_fastrtps_cpp__visibility_control.h
[1.583s] -- Up-to-date: /home/adminlab/franka_ros2_ws/install/hand_interfaces/include/hand_interfaces/hand_interfaces/srv
[1.583s] -- Up-to-date: /home/adminlab/franka_ros2_ws/install/hand_interfaces/include/hand_interfaces/hand_interfaces/srv/detail
[1.583s] -- Up-to-date: /home/adminlab/franka_ros2_ws/install/hand_interfaces/include/hand_interfaces/hand_interfaces/srv/detail/dds_fastrtps
[1.584s] -- Up-to-date: /home/adminlab/franka_ros2_ws/install/hand_interfaces/include/hand_interfaces/hand_interfaces/srv/detail/hand_pose__rosidl_typesupport_fastrtps_cpp.hpp
[1.584s] -- Up-to-date: /home/adminlab/franka_ros2_ws/install/hand_interfaces/lib/libhand_interfaces__rosidl_typesupport_fastrtps_cpp.so
[1.584s] -- Up-to-date: /home/adminlab/franka_ros2_ws/install/hand_interfaces/include/hand_interfaces/hand_interfaces
[1.584s] -- Up-to-date: /home/adminlab/franka_ros2_ws/install/hand_interfaces/include/hand_interfaces/hand_interfaces/msg
[1.584s] -- Up-to-date: /home/adminlab/franka_ros2_ws/install/hand_interfaces/include/hand_interfaces/hand_interfaces/msg/detail
[1.584s] -- Up-to-date: /home/adminlab/franka_ros2_ws/install/hand_interfaces/include/hand_interfaces/hand_interfaces/msg/detail/pinch__rosidl_typesupport_introspection_c.h
[1.584s] -- Up-to-date: /home/adminlab/franka_ros2_ws/install/hand_interfaces/include/hand_interfaces/hand_interfaces/msg/detail/finger_data__rosidl_typesupport_introspection_c.h
[1.584s] -- Up-to-date: /home/adminlab/franka_ros2_ws/install/hand_interfaces/include/hand_interfaces/hand_interfaces/msg/detail/pinch__type_support.c
[1.584s] -- Up-to-date: /home/adminlab/franka_ros2_ws/install/hand_interfaces/include/hand_interfaces/hand_interfaces/msg/detail/finger_data__type_support.c
[1.584s] -- Up-to-date: /home/adminlab/franka_ros2_ws/install/hand_interfaces/include/hand_interfaces/hand_interfaces/msg/rosidl_typesupport_introspection_c__visibility_control.h
[1.584s] -- Up-to-date: /home/adminlab/franka_ros2_ws/install/hand_interfaces/include/hand_interfaces/hand_interfaces/srv
[1.585s] -- Up-to-date: /home/adminlab/franka_ros2_ws/install/hand_interfaces/include/hand_interfaces/hand_interfaces/srv/detail
[1.585s] -- Up-to-date: /home/adminlab/franka_ros2_ws/install/hand_interfaces/include/hand_interfaces/hand_interfaces/srv/detail/hand_pose__rosidl_typesupport_introspection_c.h
[1.585s] -- Up-to-date: /home/adminlab/franka_ros2_ws/install/hand_interfaces/include/hand_interfaces/hand_interfaces/srv/detail/hand_pose__type_support.c
[1.585s] -- Up-to-date: /home/adminlab/franka_ros2_ws/install/hand_interfaces/lib/libhand_interfaces__rosidl_typesupport_introspection_c.so
[1.585s] -- Up-to-date: /home/adminlab/franka_ros2_ws/install/hand_interfaces/lib/libhand_interfaces__rosidl_typesupport_c.so
[1.585s] -- Up-to-date: /home/adminlab/franka_ros2_ws/install/hand_interfaces/include/hand_interfaces/hand_interfaces
[1.585s] -- Up-to-date: /home/adminlab/franka_ros2_ws/install/hand_interfaces/include/hand_interfaces/hand_interfaces/msg
[1.586s] -- Up-to-date: /home/adminlab/franka_ros2_ws/install/hand_interfaces/include/hand_interfaces/hand_interfaces/msg/detail
[1.586s] -- Up-to-date: /home/adminlab/franka_ros2_ws/install/hand_interfaces/include/hand_interfaces/hand_interfaces/msg/detail/pinch__type_support.cpp
[1.586s] -- Up-to-date: /home/adminlab/franka_ros2_ws/install/hand_interfaces/include/hand_interfaces/hand_interfaces/msg/detail/finger_data__type_support.cpp
[1.586s] -- Up-to-date: /home/adminlab/franka_ros2_ws/install/hand_interfaces/include/hand_interfaces/hand_interfaces/msg/detail/finger_data__rosidl_typesupport_introspection_cpp.hpp
[1.586s] -- Up-to-date: /home/adminlab/franka_ros2_ws/install/hand_interfaces/include/hand_interfaces/hand_interfaces/msg/detail/pinch__rosidl_typesupport_introspection_cpp.hpp
[1.586s] -- Up-to-date: /home/adminlab/franka_ros2_ws/install/hand_interfaces/include/hand_interfaces/hand_interfaces/srv
[1.586s] -- Up-to-date: /home/adminlab/franka_ros2_ws/install/hand_interfaces/include/hand_interfaces/hand_interfaces/srv/detail
[1.586s] -- Up-to-date: /home/adminlab/franka_ros2_ws/install/hand_interfaces/include/hand_interfaces/hand_interfaces/srv/detail/hand_pose__type_support.cpp
[1.586s] -- Up-to-date: /home/adminlab/franka_ros2_ws/install/hand_interfaces/include/hand_interfaces/hand_interfaces/srv/detail/hand_pose__rosidl_typesupport_introspection_cpp.hpp
[1.586s] -- Up-to-date: /home/adminlab/franka_ros2_ws/install/hand_interfaces/lib/libhand_interfaces__rosidl_typesupport_introspection_cpp.so
[1.587s] -- Up-to-date: /home/adminlab/franka_ros2_ws/install/hand_interfaces/lib/libhand_interfaces__rosidl_typesupport_cpp.so
[1.587s] -- Up-to-date: /home/adminlab/franka_ros2_ws/install/hand_interfaces/share/hand_interfaces/environment/pythonpath.sh
[1.587s] -- Up-to-date: /home/adminlab/franka_ros2_ws/install/hand_interfaces/share/hand_interfaces/environment/pythonpath.dsv
[1.587s] -- Up-to-date: /home/adminlab/franka_ros2_ws/install/hand_interfaces/local/lib/python3.10/dist-packages/hand_interfaces-0.0.1-py3.10.egg-info
[1.587s] -- Installing: /home/adminlab/franka_ros2_ws/install/hand_interfaces/local/lib/python3.10/dist-packages/hand_interfaces-0.0.1-py3.10.egg-info/dependency_links.txt
[1.587s] -- Installing: /home/adminlab/franka_ros2_ws/install/hand_interfaces/local/lib/python3.10/dist-packages/hand_interfaces-0.0.1-py3.10.egg-info/SOURCES.txt
[1.587s] -- Installing: /home/adminlab/franka_ros2_ws/install/hand_interfaces/local/lib/python3.10/dist-packages/hand_interfaces-0.0.1-py3.10.egg-info/top_level.txt
[1.588s] -- Installing: /home/adminlab/franka_ros2_ws/install/hand_interfaces/local/lib/python3.10/dist-packages/hand_interfaces-0.0.1-py3.10.egg-info/PKG-INFO
[1.588s] -- Up-to-date: /home/adminlab/franka_ros2_ws/install/hand_interfaces/local/lib/python3.10/dist-packages/hand_interfaces
[1.588s] -- Up-to-date: /home/adminlab/franka_ros2_ws/install/hand_interfaces/local/lib/python3.10/dist-packages/hand_interfaces/hand_interfaces_s__rosidl_typesupport_c.cpython-310-x86_64-linux-gnu.so
[1.588s] -- Up-to-date: /home/adminlab/franka_ros2_ws/install/hand_interfaces/local/lib/python3.10/dist-packages/hand_interfaces/__init__.py
[1.588s] -- Up-to-date: /home/adminlab/franka_ros2_ws/install/hand_interfaces/local/lib/python3.10/dist-packages/hand_interfaces/hand_interfaces_s__rosidl_typesupport_introspection_c.cpython-310-x86_64-linux-gnu.so
[1.588s] -- Up-to-date: /home/adminlab/franka_ros2_ws/install/hand_interfaces/local/lib/python3.10/dist-packages/hand_interfaces/_hand_interfaces_s.ep.rosidl_typesupport_c.c
[1.588s] -- Up-to-date: /home/adminlab/franka_ros2_ws/install/hand_interfaces/local/lib/python3.10/dist-packages/hand_interfaces/_hand_interfaces_s.ep.rosidl_typesupport_fastrtps_c.c
[1.588s] -- Up-to-date: /home/adminlab/franka_ros2_ws/install/hand_interfaces/local/lib/python3.10/dist-packages/hand_interfaces/_hand_interfaces_s.ep.rosidl_typesupport_introspection_c.c
[1.588s] -- Up-to-date: /home/adminlab/franka_ros2_ws/install/hand_interfaces/local/lib/python3.10/dist-packages/hand_interfaces/hand_interfaces_s__rosidl_typesupport_fastrtps_c.cpython-310-x86_64-linux-gnu.so
[1.588s] -- Up-to-date: /home/adminlab/franka_ros2_ws/install/hand_interfaces/local/lib/python3.10/dist-packages/hand_interfaces/msg
[1.588s] -- Up-to-date: /home/adminlab/franka_ros2_ws/install/hand_interfaces/local/lib/python3.10/dist-packages/hand_interfaces/msg/__init__.py
[1.588s] -- Up-to-date: /home/adminlab/franka_ros2_ws/install/hand_interfaces/local/lib/python3.10/dist-packages/hand_interfaces/msg/_finger_data.py
[1.588s] -- Up-to-date: /home/adminlab/franka_ros2_ws/install/hand_interfaces/local/lib/python3.10/dist-packages/hand_interfaces/msg/_pinch_s.c
[1.588s] -- Up-to-date: /home/adminlab/franka_ros2_ws/install/hand_interfaces/local/lib/python3.10/dist-packages/hand_interfaces/msg/_finger_data_s.c
[1.588s] -- Up-to-date: /home/adminlab/franka_ros2_ws/install/hand_interfaces/local/lib/python3.10/dist-packages/hand_interfaces/msg/_pinch.py
[1.588s] -- Up-to-date: /home/adminlab/franka_ros2_ws/install/hand_interfaces/local/lib/python3.10/dist-packages/hand_interfaces/libhand_interfaces__rosidl_generator_py.so
[1.588s] -- Up-to-date: /home/adminlab/franka_ros2_ws/install/hand_interfaces/local/lib/python3.10/dist-packages/hand_interfaces/srv
[1.588s] -- Up-to-date: /home/adminlab/franka_ros2_ws/install/hand_interfaces/local/lib/python3.10/dist-packages/hand_interfaces/srv/__init__.py
[1.589s] -- Up-to-date: /home/adminlab/franka_ros2_ws/install/hand_interfaces/local/lib/python3.10/dist-packages/hand_interfaces/srv/_hand_pose_s.c
[1.589s] -- Up-to-date: /home/adminlab/franka_ros2_ws/install/hand_interfaces/local/lib/python3.10/dist-packages/hand_interfaces/srv/_hand_pose.py
[1.687s] Listing '/home/adminlab/franka_ros2_ws/install/hand_interfaces/local/lib/python3.10/dist-packages/hand_interfaces'...
[1.687s] Listing '/home/adminlab/franka_ros2_ws/install/hand_interfaces/local/lib/python3.10/dist-packages/hand_interfaces/msg'...
[1.687s] Listing '/home/adminlab/franka_ros2_ws/install/hand_interfaces/local/lib/python3.10/dist-packages/hand_interfaces/srv'...
[1.687s] -- Up-to-date: /home/adminlab/franka_ros2_ws/install/hand_interfaces/local/lib/python3.10/dist-packages/hand_interfaces/hand_interfaces_s__rosidl_typesupport_fastrtps_c.cpython-310-x86_64-linux-gnu.so
[1.687s] -- Up-to-date: /home/adminlab/franka_ros2_ws/install/hand_interfaces/local/lib/python3.10/dist-packages/hand_interfaces/hand_interfaces_s__rosidl_typesupport_introspection_c.cpython-310-x86_64-linux-gnu.so
[1.687s] -- Up-to-date: /home/adminlab/franka_ros2_ws/install/hand_interfaces/local/lib/python3.10/dist-packages/hand_interfaces/hand_interfaces_s__rosidl_typesupport_c.cpython-310-x86_64-linux-gnu.so
[1.687s] -- Up-to-date: /home/adminlab/franka_ros2_ws/install/hand_interfaces/lib/libhand_interfaces__rosidl_generator_py.so
[1.687s] -- Up-to-date: /home/adminlab/franka_ros2_ws/install/hand_interfaces/share/hand_interfaces/srv/HandPose.idl
[1.687s] -- Up-to-date: /home/adminlab/franka_ros2_ws/install/hand_interfaces/share/hand_interfaces/msg/FingerData.idl
[1.687s] -- Up-to-date: /home/adminlab/franka_ros2_ws/install/hand_interfaces/share/hand_interfaces/msg/Pinch.idl
[1.688s] -- Up-to-date: /home/adminlab/franka_ros2_ws/install/hand_interfaces/share/hand_interfaces/srv/HandPose.srv
[1.688s] -- Up-to-date: /home/adminlab/franka_ros2_ws/install/hand_interfaces/share/hand_interfaces/srv/HandPose_Request.msg
[1.688s] -- Up-to-date: /home/adminlab/franka_ros2_ws/install/hand_interfaces/share/hand_interfaces/srv/HandPose_Response.msg
[1.688s] -- Up-to-date: /home/adminlab/franka_ros2_ws/install/hand_interfaces/share/hand_interfaces/msg/FingerData.msg
[1.688s] -- Up-to-date: /home/adminlab/franka_ros2_ws/install/hand_interfaces/share/hand_interfaces/msg/Pinch.msg
[1.688s] -- Up-to-date: /home/adminlab/franka_ros2_ws/install/hand_interfaces/share/ament_index/resource_index/package_run_dependencies/hand_interfaces
[1.688s] -- Up-to-date: /home/adminlab/franka_ros2_ws/install/hand_interfaces/share/ament_index/resource_index/parent_prefix_path/hand_interfaces
[1.688s] -- Up-to-date: /home/adminlab/franka_ros2_ws/install/hand_interfaces/share/hand_interfaces/environment/ament_prefix_path.sh
[1.688s] -- Up-to-date: /home/adminlab/franka_ros2_ws/install/hand_interfaces/share/hand_interfaces/environment/ament_prefix_path.dsv
[1.688s] -- Up-to-date: /home/adminlab/franka_ros2_ws/install/hand_interfaces/share/hand_interfaces/environment/path.sh
[1.689s] -- Up-to-date: /home/adminlab/franka_ros2_ws/install/hand_interfaces/share/hand_interfaces/environment/path.dsv
[1.689s] -- Up-to-date: /home/adminlab/franka_ros2_ws/install/hand_interfaces/share/hand_interfaces/local_setup.bash
[1.689s] -- Up-to-date: /home/adminlab/franka_ros2_ws/install/hand_interfaces/share/hand_interfaces/local_setup.sh
[1.689s] -- Up-to-date: /home/adminlab/franka_ros2_ws/install/hand_interfaces/share/hand_interfaces/local_setup.zsh
[1.689s] -- Up-to-date: /home/adminlab/franka_ros2_ws/install/hand_interfaces/share/hand_interfaces/local_setup.dsv
[1.689s] -- Installing: /home/adminlab/franka_ros2_ws/install/hand_interfaces/share/hand_interfaces/package.dsv
[1.690s] -- Up-to-date: /home/adminlab/franka_ros2_ws/install/hand_interfaces/share/ament_index/resource_index/packages/hand_interfaces
[1.691s] -- Up-to-date: /home/adminlab/franka_ros2_ws/install/hand_interfaces/share/hand_interfaces/cmake/export_hand_interfaces__rosidl_generator_cExport.cmake
[1.691s] -- Up-to-date: /home/adminlab/franka_ros2_ws/install/hand_interfaces/share/hand_interfaces/cmake/export_hand_interfaces__rosidl_generator_cExport-debug.cmake
[1.700s] -- Up-to-date: /home/adminlab/franka_ros2_ws/install/hand_interfaces/share/hand_interfaces/cmake/export_hand_interfaces__rosidl_typesupport_fastrtps_cExport.cmake
[1.700s] -- Up-to-date: /home/adminlab/franka_ros2_ws/install/hand_interfaces/share/hand_interfaces/cmake/export_hand_interfaces__rosidl_typesupport_fastrtps_cExport-debug.cmake
[1.701s] -- Up-to-date: /home/adminlab/franka_ros2_ws/install/hand_interfaces/share/hand_interfaces/cmake/export_hand_interfaces__rosidl_generator_cppExport.cmake
[1.702s] -- Up-to-date: /home/adminlab/franka_ros2_ws/install/hand_interfaces/share/hand_interfaces/cmake/export_hand_interfaces__rosidl_typesupport_fastrtps_cppExport.cmake
[1.702s] -- Up-to-date: /home/adminlab/franka_ros2_ws/install/hand_interfaces/share/hand_interfaces/cmake/export_hand_interfaces__rosidl_typesupport_fastrtps_cppExport-debug.cmake
[1.702s] -- Up-to-date: /home/adminlab/franka_ros2_ws/install/hand_interfaces/share/hand_interfaces/cmake/hand_interfaces__rosidl_typesupport_introspection_cExport.cmake
[1.702s] -- Up-to-date: /home/adminlab/franka_ros2_ws/install/hand_interfaces/share/hand_interfaces/cmake/hand_interfaces__rosidl_typesupport_introspection_cExport-debug.cmake
[1.703s] -- Up-to-date: /home/adminlab/franka_ros2_ws/install/hand_interfaces/share/hand_interfaces/cmake/hand_interfaces__rosidl_typesupport_cExport.cmake
[1.703s] -- Up-to-date: /home/adminlab/franka_ros2_ws/install/hand_interfaces/share/hand_interfaces/cmake/hand_interfaces__rosidl_typesupport_cExport-debug.cmake
[1.703s] -- Up-to-date: /home/adminlab/franka_ros2_ws/install/hand_interfaces/share/hand_interfaces/cmake/hand_interfaces__rosidl_typesupport_introspection_cppExport.cmake
[1.703s] -- Up-to-date: /home/adminlab/franka_ros2_ws/install/hand_interfaces/share/hand_interfaces/cmake/hand_interfaces__rosidl_typesupport_introspection_cppExport-debug.cmake
[1.703s] -- Up-to-date: /home/adminlab/franka_ros2_ws/install/hand_interfaces/share/hand_interfaces/cmake/hand_interfaces__rosidl_typesupport_cppExport.cmake
[1.703s] -- Up-to-date: /home/adminlab/franka_ros2_ws/install/hand_interfaces/share/hand_interfaces/cmake/hand_interfaces__rosidl_typesupport_cppExport-debug.cmake
[1.703s] -- Up-to-date: /home/adminlab/franka_ros2_ws/install/hand_interfaces/share/hand_interfaces/cmake/export_hand_interfaces__rosidl_generator_pyExport.cmake
[1.703s] -- Up-to-date: /home/adminlab/franka_ros2_ws/install/hand_interfaces/share/hand_interfaces/cmake/export_hand_interfaces__rosidl_generator_pyExport-debug.cmake
[1.703s] -- Up-to-date: /home/adminlab/franka_ros2_ws/install/hand_interfaces/share/hand_interfaces/cmake/rosidl_cmake-extras.cmake
[1.703s] -- Up-to-date: /home/adminlab/franka_ros2_ws/install/hand_interfaces/share/hand_interfaces/cmake/ament_cmake_export_dependencies-extras.cmake
[1.703s] -- Up-to-date: /home/adminlab/franka_ros2_ws/install/hand_interfaces/share/hand_interfaces/cmake/ament_cmake_export_include_directories-extras.cmake
[1.703s] -- Up-to-date: /home/adminlab/franka_ros2_ws/install/hand_interfaces/share/hand_interfaces/cmake/ament_cmake_export_libraries-extras.cmake
[1.703s] -- Up-to-date: /home/adminlab/franka_ros2_ws/install/hand_interfaces/share/hand_interfaces/cmake/ament_cmake_export_targets-extras.cmake
[1.703s] -- Up-to-date: /home/adminlab/franka_ros2_ws/install/hand_interfaces/share/hand_interfaces/cmake/rosidl_cmake_export_typesupport_targets-extras.cmake
[1.703s] -- Up-to-date: /home/adminlab/franka_ros2_ws/install/hand_interfaces/share/hand_interfaces/cmake/rosidl_cmake_export_typesupport_libraries-extras.cmake
[1.703s] -- Up-to-date: /home/adminlab/franka_ros2_ws/install/hand_interfaces/share/hand_interfaces/cmake/hand_interfacesConfig.cmake
[1.704s] -- Up-to-date: /home/adminlab/franka_ros2_ws/install/hand_interfaces/share/hand_interfaces/cmake/hand_interfacesConfig-version.cmake
[1.704s] -- Up-to-date: /home/adminlab/franka_ros2_ws/install/hand_interfaces/share/hand_interfaces/package.xml
[1.729s] Invoked command in '/home/adminlab/franka_ros2_ws/build/hand_interfaces' returned '0': CMAKE_PREFIX_PATH=/home/adminlab/franka_ros2_ws/install/pilz_industrial_motion_planner_testutils:/home/adminlab/franka_ros2_ws/install/moveit_runtime:/home/adminlab/franka_ros2_ws/install/moveit2_tutorials:/home/adminlab/franka_ros2_ws/install/moveit:/home/adminlab/franka_ros2_ws/install/moveit_planners:/home/adminlab/franka_ros2_ws/install/pilz_industrial_motion_planner:/home/adminlab/franka_ros2_ws/install/mtc_tutorial:/home/adminlab/franka_ros2_ws/install/moveit_visual_tools:/home/adminlab/franka_ros2_ws/install/moveit_task_constructor_visualization:/home/adminlab/franka_ros2_ws/install/moveit_task_constructor_demo:/home/adminlab/franka_ros2_ws/install/moveit_task_constructor_capabilities:/home/adminlab/franka_ros2_ws/install/moveit_task_constructor_core:/home/adminlab/franka_ros2_ws/install/moveit_ros_control_interface:/home/adminlab/franka_ros2_ws/install/moveit_plugins:/home/adminlab/franka_ros2_ws/install/moveit_simple_controller_manager:/home/adminlab/franka_ros2_ws/install/moveit_setup_assistant:/home/adminlab/franka_ros2_ws/install/moveit_setup_srdf_plugins:/home/adminlab/franka_ros2_ws/install/moveit_setup_core_plugins:/home/adminlab/franka_ros2_ws/install/moveit_setup_controllers:/home/adminlab/franka_ros2_ws/install/moveit_setup_app_plugins:/home/adminlab/franka_ros2_ws/install/moveit_setup_framework:/home/adminlab/franka_ros2_ws/install/moveit_servo:/home/adminlab/franka_ros2_ws/install/moveit_ros:/home/adminlab/franka_ros2_ws/install/franka_moveit_config:/home/adminlab/franka_ros2_ws/install/moveit_ros_visualization:/home/adminlab/franka_ros2_ws/install/moveit_hybrid_planning:/home/adminlab/franka_ros2_ws/install/moveit2_scripts:/home/adminlab/franka_ros2_ws/install/hello_moveit:/home/adminlab/franka_ros2_ws/install/moveit_ros_planning_interface:/home/adminlab/franka_ros2_ws/install/moveit_ros_benchmarks:/home/adminlab/franka_ros2_ws/install/moveit_ros_warehouse:/home/adminlab/franka_ros2_ws/install/moveit_ros_robot_interaction:/home/adminlab/franka_ros2_ws/install/moveit_ros_perception:/home/adminlab/franka_ros2_ws/install/moveit_resources_prbt_pg70_support:/home/adminlab/franka_ros2_ws/install/moveit_resources_prbt_moveit_config:/home/adminlab/franka_ros2_ws/install/moveit_ros_move_group:/home/adminlab/franka_ros2_ws/install/moveit_planners_ompl:/home/adminlab/franka_ros2_ws/install/moveit_ros_planning:/home/adminlab/franka_ros2_ws/install/moveit_ros_occupancy_map_monitor:/home/adminlab/franka_ros2_ws/install/moveit_resources_prbt_ikfast_manipulator_plugin:/home/adminlab/franka_ros2_ws/install/moveit_planners_chomp:/home/adminlab/franka_ros2_ws/install/moveit_kinematics:/home/adminlab/franka_ros2_ws/install/moveit_chomp_optimizer_adapter:/home/adminlab/franka_ros2_ws/install/chomp_motion_planner:/home/adminlab/franka_ros2_ws/install/moveit_core:/home/adminlab/franka_ros2_ws/install/srdfdom:/home/adminlab/franka_ros2_ws/install/rviz_marker_tools:/home/adminlab/franka_ros2_ws/install/rosparam_shortcuts:/home/adminlab/franka_ros2_ws/install/ros_testing:/home/adminlab/franka_ros2_ws/install/realsense2_description:/home/adminlab/franka_ros2_ws/install/realsense2_camera:/home/adminlab/franka_ros2_ws/install/realsense2_camera_msgs:/home/adminlab/franka_ros2_ws/install/joint_trajectory_controller:/home/adminlab/franka_ros2_ws/install/generate_parameter_library_example:/home/adminlab/franka_ros2_ws/install/franka_bringup:/home/adminlab/franka_ros2_ws/install/franka_robot_state_broadcaster:/home/adminlab/franka_ros2_ws/install/cmake_generate_parameter_module_example:/home/adminlab/franka_ros2_ws/install/generate_parameter_library:/home/adminlab/franka_ros2_ws/install/parameter_traits:/home/adminlab/franka_ros2_ws/install/moveit_task_constructor_msgs:/home/adminlab/franka_ros2_ws/install/moveit_resources_prbt_support:/home/adminlab/franka_ros2_ws/install/moveit_resources:/home/adminlab/franka_ros2_ws/install/moveit_resources_pr2_description:/home/adminlab/franka_ros2_ws/install/moveit_resources_panda_moveit_config:/home/adminlab/franka_ros2_ws/install/moveit_resources_panda_description:/home/adminlab/franka_ros2_ws/install/moveit_resources_fanuc_moveit_config:/home/adminlab/franka_ros2_ws/install/moveit_resources_fanuc_description:/home/adminlab/franka_ros2_ws/install/moveit_msgs:/home/adminlab/franka_ros2_ws/install/moveit_common:/home/adminlab/franka_ros2_ws/install/librealsense2:/home/adminlab/franka_ros2_ws/install/integration_launch_testing:/home/adminlab/franka_ros2_ws/install/hand_interfaces:/home/adminlab/franka_ros2_ws/install/franka_example_controllers:/home/adminlab/franka_ros2_ws/install/franka_semantic_components:/home/adminlab/franka_ros2_ws/install/moveit_configs_utils:/home/adminlab/franka_ros2_ws/install/ros2test:/home/adminlab/franka_ros2_ws/install/generate_parameter_module_example:/home/adminlab/franka_ros2_ws/install/launch_param_builder:/home/adminlab/franka_ros2_ws/install/handcv:/home/adminlab/franka_ros2_ws/install/generate_parameter_library_py:/home/adminlab/franka_ros2_ws/install/camera_publisher:/opt/ros/humble:/home/adminlab/franka_ros2_ws/install/franka_custom_controller:/home/adminlab/franka_ros2_ws/install/franka_hardware:/home/adminlab/franka_ros2_ws/install/franka_gripper:/home/adminlab/franka_ros2_ws/install/franka_msgs:/home/adminlab/franka_ros2_ws/install/franka_description:/home/adminlab/franka_ros2_ws/install/OpenCV /usr/bin/cmake --install /home/adminlab/franka_ros2_ws/build/hand_interfaces
