-- Found ament_cmake: 1.3.9 (/opt/ros/humble/share/ament_cmake/cmake)
-- Found rclcpp: 16.0.9 (/opt/ros/humble/share/rclcpp/cmake)
-- Found rosidl_generator_c: 3.1.5 (/opt/ros/humble/share/rosidl_generator_c/cmake)
-- Found rosidl_adapter: 3.1.5 (/opt/ros/humble/share/rosidl_adapter/cmake)
-- Found rosidl_generator_cpp: 3.1.5 (/opt/ros/humble/share/rosidl_generator_cpp/cmake)
-- Using all available rosidl_typesupport_c: rosidl_typesupport_fastrtps_c;rosidl_typesupport_introspection_c
-- Using all available rosidl_typesupport_cpp: rosidl_typesupport_fastrtps_cpp;rosidl_typesupport_introspection_cpp
-- Found rmw_implementation_cmake: 6.1.2 (/opt/ros/humble/share/rmw_implementation_cmake/cmake)
-- Found rmw_fastrtps_cpp: 6.2.6 (/opt/ros/humble/share/rmw_fastrtps_cpp/cmake)
-- Using RMW implementation 'rmw_fastrtps_cpp' as default
-- Found geometry_msgs: 4.2.3 (/opt/ros/humble/share/geometry_msgs/cmake)
-- Found std_srvs: 4.2.3 (/opt/ros/humble/share/std_srvs/cmake)
-- Found moveit: 2.5.5 (/opt/ros/humble/share/moveit/cmake)
-- Found moveit_ros_planning: 2.5.5 (/home/adminlab/franka_ros2_ws/install/moveit_ros_planning/share/moveit_ros_planning/cmake)
-- Found Boost: /usr/lib/x86_64-linux-gnu/cmake/Boost-1.74.0/BoostConfig.cmake (found version "1.74.0") found components: system filesystem date_time program_options thread chrono 
-- Found Boost: /usr/lib/x86_64-linux-gnu/cmake/Boost-1.74.0/BoostConfig.cmake (found version "1.74.0") found components: chrono date_time filesystem iostreams program_options regex serialization system thread 
-- Found parameter_traits: 0.3.7 (/home/adminlab/franka_ros2_ws/install/parameter_traits/share/parameter_traits/cmake)
-- Found rclcpp_lifecycle: 16.0.9 (/opt/ros/humble/share/rclcpp_lifecycle/cmake)
-- Found Boost: /usr/lib/x86_64-linux-gnu/cmake/Boost-1.74.0/BoostConfig.cmake (found version "1.74.0") found components: filesystem 
-- library: /usr/lib/x86_64-linux-gnu/libcurl.so
-- Ensuring Eigen3 include directory is part of orocos-kdl CMake target
-- Found moveit_servo: 2.5.5 (/home/adminlab/franka_ros2_ws/install/moveit_servo/share/moveit_servo/cmake)
-- Found rosidl_default_generators: 1.2.0 (/opt/ros/humble/share/rosidl_default_generators/cmake)
-- Found ament_cmake_ros: 0.10.0 (/opt/ros/humble/share/ament_cmake_ros/cmake)
-- Using all available rosidl_typesupport_c: rosidl_typesupport_fastrtps_c;rosidl_typesupport_introspection_c
-- Using all available rosidl_typesupport_cpp: rosidl_typesupport_fastrtps_cpp;rosidl_typesupport_introspection_cpp
-- Found python_cmake_module: 0.10.0 (/opt/ros/humble/share/python_cmake_module/cmake)
-- Using PYTHON_EXECUTABLE: /usr/bin/python3
-- Using PYTHON_INCLUDE_DIRS: /usr/include/python3.10
-- Using PYTHON_LIBRARIES: /usr/lib/x86_64-linux-gnu/libpython3.10.so
-- Found ament_lint_auto: 0.12.11 (/opt/ros/humble/share/ament_lint_auto/cmake)
-- Added test 'cppcheck' to perform static code analysis on C / C++ code
-- Configured cppcheck include dirs: 
-- Configured cppcheck exclude dirs and/or files: 
-- Added test 'flake8' to check Python code syntax and style conventions
-- Added test 'lint_cmake' to check CMake code style
-- Added test 'pep257' to check Python code against some of the docstring style conventions in PEP 257
-- Added test 'uncrustify' to check C / C++ code style
-- Configured uncrustify additional arguments: 
-- Added test 'xmllint' to check XML markup files
-- Configuring done
-- Generating done
-- Build files have been written to: /home/adminlab/franka_ros2_ws/build/franka_teleop
[35m[1mConsolidate compiler generated dependencies of target franka_teleop__rosidl_generator_c[0m
[  2%] Built target franka_teleop__cpp
[  5%] [32mBuilding C object CMakeFiles/franka_teleop__rosidl_generator_c.dir/rosidl_generator_c/franka_teleop/srv/detail/plan_path__functions.c.o[0m
[  5%] Built target ament_cmake_python_copy_franka_teleop
[35m[1mConsolidate compiler generated dependencies of target franka_teleop__rosidl_typesupport_cpp[0m
[35m[1mConsolidate compiler generated dependencies of target franka_teleop__rosidl_typesupport_introspection_cpp[0m
[35m[1mConsolidate compiler generated dependencies of target franka_teleop__rosidl_typesupport_fastrtps_cpp[0m
[  8%] [32mBuilding CXX object CMakeFiles/franka_teleop__rosidl_typesupport_cpp.dir/rosidl_typesupport_cpp/franka_teleop/srv/plan_path__type_support.cpp.o[0m
[ 11%] [32mBuilding CXX object CMakeFiles/franka_teleop__rosidl_typesupport_introspection_cpp.dir/rosidl_typesupport_introspection_cpp/franka_teleop/srv/detail/plan_path__type_support.cpp.o[0m
[ 14%] [32mBuilding CXX object CMakeFiles/franka_teleop__rosidl_typesupport_fastrtps_cpp.dir/rosidl_typesupport_fastrtps_cpp/franka_teleop/srv/detail/dds_fastrtps/plan_path__type_support.cpp.o[0m
[ 17%] [32m[1mLinking C shared library libfranka_teleop__rosidl_generator_c.so[0m
[ 20%] Built target franka_teleop__rosidl_generator_c
[35m[1mConsolidate compiler generated dependencies of target franka_teleop__rosidl_typesupport_fastrtps_c[0m
[35m[1mConsolidate compiler generated dependencies of target franka_teleop__rosidl_typesupport_c[0m
[35m[1mConsolidate compiler generated dependencies of target franka_teleop__rosidl_typesupport_introspection_c[0m
[ 22%] [32mBuilding CXX object CMakeFiles/franka_teleop__rosidl_typesupport_fastrtps_c.dir/rosidl_typesupport_fastrtps_c/franka_teleop/srv/detail/plan_path__type_support_c.cpp.o[0m
[ 28%] [32mBuilding C object CMakeFiles/franka_teleop__rosidl_typesupport_introspection_c.dir/rosidl_typesupport_introspection_c/franka_teleop/srv/detail/plan_path__type_support.c.o[0m
[ 28%] [32mBuilding CXX object CMakeFiles/franka_teleop__rosidl_typesupport_c.dir/rosidl_typesupport_c/franka_teleop/srv/plan_path__type_support.cpp.o[0m
[ 31%] [32m[1mLinking CXX shared library libfranka_teleop__rosidl_typesupport_c.so[0m
[ 34%] [32m[1mLinking C shared library libfranka_teleop__rosidl_typesupport_introspection_c.so[0m
[ 37%] Built target franka_teleop__rosidl_typesupport_c
[ 40%] Built target franka_teleop__rosidl_typesupport_introspection_c
[ 42%] [32m[1mLinking CXX shared library libfranka_teleop__rosidl_typesupport_introspection_cpp.so[0m
[ 45%] [32m[1mLinking CXX shared library libfranka_teleop__rosidl_typesupport_cpp.so[0m
[ 51%] Built target franka_teleop__rosidl_typesupport_cpp
[ 51%] [32m[1mLinking CXX shared library libfranka_teleop__rosidl_typesupport_fastrtps_cpp.so[0m
[ 54%] Built target franka_teleop__rosidl_typesupport_introspection_cpp
[ 57%] [32mBuilding CXX object CMakeFiles/franka_servo_fake.dir/src/franka_servo_fake.cpp.o[0m
[ 60%] [32mBuilding CXX object CMakeFiles/franka_servo_real.dir/src/franka_servo_real.cpp.o[0m
[ 62%] [32m[1mLinking CXX shared library libfranka_teleop__rosidl_typesupport_fastrtps_c.so[0m
[ 65%] Built target franka_teleop__rosidl_typesupport_fastrtps_cpp
[ 68%] Built target franka_teleop__rosidl_typesupport_fastrtps_c
running egg_info
writing franka_teleop.egg-info/PKG-INFO
writing dependency_links to franka_teleop.egg-info/dependency_links.txt
writing top-level names to franka_teleop.egg-info/top_level.txt
reading manifest file 'franka_teleop.egg-info/SOURCES.txt'
writing manifest file 'franka_teleop.egg-info/SOURCES.txt'
[ 68%] Built target franka_teleop
[ 71%] Built target franka_teleop__py
[ 71%] Built target ament_cmake_python_build_franka_teleop_egg
[35m[1mConsolidate compiler generated dependencies of target franka_teleop__rosidl_generator_py[0m
[ 74%] [32mBuilding C object CMakeFiles/franka_teleop__rosidl_generator_py.dir/rosidl_generator_py/franka_teleop/srv/_plan_path_s.c.o[0m
[ 77%] [32m[1mLinking C shared library rosidl_generator_py/franka_teleop/libfranka_teleop__rosidl_generator_py.so[0m
[ 77%] Built target franka_teleop__rosidl_generator_py
