[0.026s] Invoking command in '/home/adminlab/franka_ros2_ws/build/moveit_ros_perception': AMENT_PREFIX_PATH=/home/adminlab/franka_ros2_ws/install/moveit_ros_planning:/home/adminlab/franka_ros2_ws/install/moveit_ros_occupancy_map_monitor:/home/adminlab/franka_ros2_ws/install/moveit_core:/home/adminlab/franka_ros2_ws/install/generate_parameter_library:/home/adminlab/franka_ros2_ws/install/srdfdom:/home/adminlab/franka_ros2_ws/install/parameter_traits:/home/adminlab/franka_ros2_ws/install/moveit_msgs:/home/adminlab/franka_ros2_ws/install/moveit_common:/home/adminlab/franka_ros2_ws/install/generate_parameter_library_py:${AMENT_PREFIX_PATH} CMAKE_PREFIX_PATH=/home/adminlab/franka_ros2_ws/install/moveit_ros_planning:/home/adminlab/franka_ros2_ws/install/moveit_ros_occupancy_map_monitor:/home/adminlab/franka_ros2_ws/install/moveit_core:/home/adminlab/franka_ros2_ws/install/generate_parameter_library:/home/adminlab/franka_ros2_ws/install/srdfdom:/home/adminlab/franka_ros2_ws/install/parameter_traits:/home/adminlab/franka_ros2_ws/install/moveit_msgs:/home/adminlab/franka_ros2_ws/install/moveit_common:/opt/ros/humble LD_LIBRARY_PATH=/home/adminlab/franka_ros2_ws/install/moveit_ros_planning/lib:/home/adminlab/franka_ros2_ws/install/moveit_ros_occupancy_map_monitor/lib:/home/adminlab/franka_ros2_ws/install/moveit_core/lib:/home/adminlab/franka_ros2_ws/install/srdfdom/lib:/home/adminlab/franka_ros2_ws/install/parameter_traits/lib:/home/adminlab/franka_ros2_ws/install/moveit_msgs/lib:${LD_LIBRARY_PATH} PATH=/home/adminlab/franka_ros2_ws/install/moveit_core/bin:/home/adminlab/franka_ros2_ws/install/generate_parameter_library_py/bin:${PATH} PYTHONPATH=/home/adminlab/franka_ros2_ws/install/srdfdom/local/lib/python3.10/dist-packages:/home/adminlab/franka_ros2_ws/install/moveit_msgs/local/lib/python3.10/dist-packages:/home/adminlab/franka_ros2_ws/install/generate_parameter_library_py/lib/python3.10/site-packages:${PYTHONPATH} /usr/bin/cmake --build /home/adminlab/franka_ros2_ws/build/moveit_ros_perception -- -j16 -l16
[0.061s] [35m[1mConsolidate compiler generated dependencies of target moveit_lazy_free_space_updater[0m
[0.062s] [35m[1mConsolidate compiler generated dependencies of target moveit_point_containment_filter[0m
[0.064s] [35m[1mConsolidate compiler generated dependencies of target moveit_semantic_world[0m
[0.065s] [35m[1mConsolidate compiler generated dependencies of target moveit_mesh_filter[0m
[0.081s] [ 10%] Built target moveit_point_containment_filter
[0.082s] [ 20%] Built target moveit_lazy_free_space_updater
[0.089s] [ 30%] Built target moveit_semantic_world
[0.089s] [ 60%] Built target moveit_mesh_filter
[0.093s] [35m[1mConsolidate compiler generated dependencies of target moveit_pointcloud_octomap_updater_core[0m
[0.099s] [35m[1mConsolidate compiler generated dependencies of target moveit_depth_image_octomap_updater_core[0m
[0.112s] [ 70%] Built target moveit_pointcloud_octomap_updater_core
[0.117s] [ 80%] Built target moveit_depth_image_octomap_updater_core
[0.123s] [35m[1mConsolidate compiler generated dependencies of target moveit_pointcloud_octomap_updater[0m
[0.126s] [35m[1mConsolidate compiler generated dependencies of target moveit_depth_image_octomap_updater[0m
[0.137s] [ 90%] Built target moveit_depth_image_octomap_updater
[0.141s] [100%] Built target moveit_pointcloud_octomap_updater
[0.149s] Invoked command in '/home/adminlab/franka_ros2_ws/build/moveit_ros_perception' returned '0': AMENT_PREFIX_PATH=/home/adminlab/franka_ros2_ws/install/moveit_ros_planning:/home/adminlab/franka_ros2_ws/install/moveit_ros_occupancy_map_monitor:/home/adminlab/franka_ros2_ws/install/moveit_core:/home/adminlab/franka_ros2_ws/install/generate_parameter_library:/home/adminlab/franka_ros2_ws/install/srdfdom:/home/adminlab/franka_ros2_ws/install/parameter_traits:/home/adminlab/franka_ros2_ws/install/moveit_msgs:/home/adminlab/franka_ros2_ws/install/moveit_common:/home/adminlab/franka_ros2_ws/install/generate_parameter_library_py:${AMENT_PREFIX_PATH} CMAKE_PREFIX_PATH=/home/adminlab/franka_ros2_ws/install/moveit_ros_planning:/home/adminlab/franka_ros2_ws/install/moveit_ros_occupancy_map_monitor:/home/adminlab/franka_ros2_ws/install/moveit_core:/home/adminlab/franka_ros2_ws/install/generate_parameter_library:/home/adminlab/franka_ros2_ws/install/srdfdom:/home/adminlab/franka_ros2_ws/install/parameter_traits:/home/adminlab/franka_ros2_ws/install/moveit_msgs:/home/adminlab/franka_ros2_ws/install/moveit_common:/opt/ros/humble LD_LIBRARY_PATH=/home/adminlab/franka_ros2_ws/install/moveit_ros_planning/lib:/home/adminlab/franka_ros2_ws/install/moveit_ros_occupancy_map_monitor/lib:/home/adminlab/franka_ros2_ws/install/moveit_core/lib:/home/adminlab/franka_ros2_ws/install/srdfdom/lib:/home/adminlab/franka_ros2_ws/install/parameter_traits/lib:/home/adminlab/franka_ros2_ws/install/moveit_msgs/lib:${LD_LIBRARY_PATH} PATH=/home/adminlab/franka_ros2_ws/install/moveit_core/bin:/home/adminlab/franka_ros2_ws/install/generate_parameter_library_py/bin:${PATH} PYTHONPATH=/home/adminlab/franka_ros2_ws/install/srdfdom/local/lib/python3.10/dist-packages:/home/adminlab/franka_ros2_ws/install/moveit_msgs/local/lib/python3.10/dist-packages:/home/adminlab/franka_ros2_ws/install/generate_parameter_library_py/lib/python3.10/site-packages:${PYTHONPATH} /usr/bin/cmake --build /home/adminlab/franka_ros2_ws/build/moveit_ros_perception -- -j16 -l16
[0.171s] Invoking command in '/home/adminlab/franka_ros2_ws/build/moveit_ros_perception': AMENT_PREFIX_PATH=/home/adminlab/franka_ros2_ws/install/moveit_ros_planning:/home/adminlab/franka_ros2_ws/install/moveit_ros_occupancy_map_monitor:/home/adminlab/franka_ros2_ws/install/moveit_core:/home/adminlab/franka_ros2_ws/install/generate_parameter_library:/home/adminlab/franka_ros2_ws/install/srdfdom:/home/adminlab/franka_ros2_ws/install/parameter_traits:/home/adminlab/franka_ros2_ws/install/moveit_msgs:/home/adminlab/franka_ros2_ws/install/moveit_common:/home/adminlab/franka_ros2_ws/install/generate_parameter_library_py:${AMENT_PREFIX_PATH} CMAKE_PREFIX_PATH=/home/adminlab/franka_ros2_ws/install/moveit_ros_planning:/home/adminlab/franka_ros2_ws/install/moveit_ros_occupancy_map_monitor:/home/adminlab/franka_ros2_ws/install/moveit_core:/home/adminlab/franka_ros2_ws/install/generate_parameter_library:/home/adminlab/franka_ros2_ws/install/srdfdom:/home/adminlab/franka_ros2_ws/install/parameter_traits:/home/adminlab/franka_ros2_ws/install/moveit_msgs:/home/adminlab/franka_ros2_ws/install/moveit_common:/opt/ros/humble LD_LIBRARY_PATH=/home/adminlab/franka_ros2_ws/install/moveit_ros_planning/lib:/home/adminlab/franka_ros2_ws/install/moveit_ros_occupancy_map_monitor/lib:/home/adminlab/franka_ros2_ws/install/moveit_core/lib:/home/adminlab/franka_ros2_ws/install/srdfdom/lib:/home/adminlab/franka_ros2_ws/install/parameter_traits/lib:/home/adminlab/franka_ros2_ws/install/moveit_msgs/lib:${LD_LIBRARY_PATH} PATH=/home/adminlab/franka_ros2_ws/install/moveit_core/bin:/home/adminlab/franka_ros2_ws/install/generate_parameter_library_py/bin:${PATH} PYTHONPATH=/home/adminlab/franka_ros2_ws/install/srdfdom/local/lib/python3.10/dist-packages:/home/adminlab/franka_ros2_ws/install/moveit_msgs/local/lib/python3.10/dist-packages:/home/adminlab/franka_ros2_ws/install/generate_parameter_library_py/lib/python3.10/site-packages:${PYTHONPATH} /usr/bin/cmake --install /home/adminlab/franka_ros2_ws/build/moveit_ros_perception
[0.175s] -- Install configuration: "Release"
[0.176s] -- Up-to-date: /home/adminlab/franka_ros2_ws/install/moveit_ros_perception/include
[0.176s] -- Up-to-date: /home/adminlab/franka_ros2_ws/install/moveit_ros_perception/include/moveit
[0.176s] -- Up-to-date: /home/adminlab/franka_ros2_ws/install/moveit_ros_perception/include/moveit/lazy_free_space_updater
[0.177s] -- Up-to-date: /home/adminlab/franka_ros2_ws/install/moveit_ros_perception/include/moveit/lazy_free_space_updater/lazy_free_space_updater.h
[0.177s] -- Up-to-date: /home/adminlab/franka_ros2_ws/install/moveit_ros_perception/include
[0.177s] -- Up-to-date: /home/adminlab/franka_ros2_ws/install/moveit_ros_perception/include/moveit
[0.178s] -- Up-to-date: /home/adminlab/franka_ros2_ws/install/moveit_ros_perception/include/moveit/point_containment_filter
[0.178s] -- Up-to-date: /home/adminlab/franka_ros2_ws/install/moveit_ros_perception/include/moveit/point_containment_filter/shape_mask.h
[0.179s] -- Up-to-date: /home/adminlab/franka_ros2_ws/install/moveit_ros_perception/include
[0.179s] -- Up-to-date: /home/adminlab/franka_ros2_ws/install/moveit_ros_perception/include/moveit
[0.180s] -- Up-to-date: /home/adminlab/franka_ros2_ws/install/moveit_ros_perception/include/moveit/pointcloud_octomap_updater
[0.180s] -- Up-to-date: /home/adminlab/franka_ros2_ws/install/moveit_ros_perception/include/moveit/pointcloud_octomap_updater/pointcloud_octomap_updater.h
[0.182s] -- Up-to-date: /home/adminlab/franka_ros2_ws/install/moveit_ros_perception/include
[0.182s] -- Up-to-date: /home/adminlab/franka_ros2_ws/install/moveit_ros_perception/include/moveit
[0.182s] -- Up-to-date: /home/adminlab/franka_ros2_ws/install/moveit_ros_perception/include/moveit/mesh_filter
[0.183s] -- Up-to-date: /home/adminlab/franka_ros2_ws/install/moveit_ros_perception/include/moveit/mesh_filter/transform_provider.h
[0.183s] -- Up-to-date: /home/adminlab/franka_ros2_ws/install/moveit_ros_perception/include/moveit/mesh_filter/gl_renderer.h
[0.183s] -- Up-to-date: /home/adminlab/franka_ros2_ws/install/moveit_ros_perception/include/moveit/mesh_filter/filter_job.h
[0.184s] -- Up-to-date: /home/adminlab/franka_ros2_ws/install/moveit_ros_perception/include/moveit/mesh_filter/depth_self_filter_nodelet.h
[0.184s] -- Up-to-date: /home/adminlab/franka_ros2_ws/install/moveit_ros_perception/include/moveit/mesh_filter/mesh_filter.h
[0.184s] -- Up-to-date: /home/adminlab/franka_ros2_ws/install/moveit_ros_perception/include/moveit/mesh_filter/gl_mesh.h
[0.184s] -- Up-to-date: /home/adminlab/franka_ros2_ws/install/moveit_ros_perception/include/moveit/mesh_filter/sensor_model.h
[0.184s] -- Up-to-date: /home/adminlab/franka_ros2_ws/install/moveit_ros_perception/include/moveit/mesh_filter/stereo_camera_model.h
[0.184s] -- Up-to-date: /home/adminlab/franka_ros2_ws/install/moveit_ros_perception/include/moveit/mesh_filter/mesh_filter_base.h
[0.185s] -- Up-to-date: /home/adminlab/franka_ros2_ws/install/moveit_ros_perception/include/moveit_mesh_filter_export.h
[0.185s] -- Up-to-date: /home/adminlab/franka_ros2_ws/install/moveit_ros_perception/include
[0.185s] -- Up-to-date: /home/adminlab/franka_ros2_ws/install/moveit_ros_perception/include/moveit
[0.185s] -- Up-to-date: /home/adminlab/franka_ros2_ws/install/moveit_ros_perception/include/moveit/depth_image_octomap_updater
[0.185s] -- Up-to-date: /home/adminlab/franka_ros2_ws/install/moveit_ros_perception/include/moveit/depth_image_octomap_updater/depth_image_octomap_updater.h
[0.187s] -- Up-to-date: /home/adminlab/franka_ros2_ws/install/moveit_ros_perception/include
[0.187s] -- Up-to-date: /home/adminlab/franka_ros2_ws/install/moveit_ros_perception/include/moveit
[0.187s] -- Up-to-date: /home/adminlab/franka_ros2_ws/install/moveit_ros_perception/include/moveit/semantic_world
[0.187s] -- Up-to-date: /home/adminlab/franka_ros2_ws/install/moveit_ros_perception/include/moveit/semantic_world/semantic_world.h
[0.188s] -- Up-to-date: /home/adminlab/franka_ros2_ws/install/moveit_ros_perception/lib/libmoveit_depth_image_octomap_updater.so.2.5.5
[0.188s] -- Up-to-date: /home/adminlab/franka_ros2_ws/install/moveit_ros_perception/lib/libmoveit_depth_image_octomap_updater.so
[0.188s] -- Up-to-date: /home/adminlab/franka_ros2_ws/install/moveit_ros_perception/lib/libmoveit_depth_image_octomap_updater_core.so.2.5.5
[0.188s] -- Up-to-date: /home/adminlab/franka_ros2_ws/install/moveit_ros_perception/lib/libmoveit_depth_image_octomap_updater_core.so
[0.188s] -- Up-to-date: /home/adminlab/franka_ros2_ws/install/moveit_ros_perception/lib/libmoveit_lazy_free_space_updater.so.2.5.5
[0.188s] -- Up-to-date: /home/adminlab/franka_ros2_ws/install/moveit_ros_perception/lib/libmoveit_lazy_free_space_updater.so
[0.188s] -- Up-to-date: /home/adminlab/franka_ros2_ws/install/moveit_ros_perception/lib/libmoveit_mesh_filter.so.2.5.5
[0.188s] -- Up-to-date: /home/adminlab/franka_ros2_ws/install/moveit_ros_perception/lib/libmoveit_mesh_filter.so
[0.188s] -- Up-to-date: /home/adminlab/franka_ros2_ws/install/moveit_ros_perception/lib/libmoveit_point_containment_filter.so.2.5.5
[0.188s] -- Up-to-date: /home/adminlab/franka_ros2_ws/install/moveit_ros_perception/lib/libmoveit_point_containment_filter.so
[0.188s] -- Up-to-date: /home/adminlab/franka_ros2_ws/install/moveit_ros_perception/lib/libmoveit_pointcloud_octomap_updater.so.2.5.5
[0.188s] -- Up-to-date: /home/adminlab/franka_ros2_ws/install/moveit_ros_perception/lib/libmoveit_pointcloud_octomap_updater.so
[0.188s] -- Up-to-date: /home/adminlab/franka_ros2_ws/install/moveit_ros_perception/lib/libmoveit_pointcloud_octomap_updater_core.so.2.5.5
[0.189s] -- Up-to-date: /home/adminlab/franka_ros2_ws/install/moveit_ros_perception/lib/libmoveit_pointcloud_octomap_updater_core.so
[0.189s] -- Up-to-date: /home/adminlab/franka_ros2_ws/install/moveit_ros_perception/lib/libmoveit_semantic_world.so.2.5.5
[0.189s] -- Up-to-date: /home/adminlab/franka_ros2_ws/install/moveit_ros_perception/lib/libmoveit_semantic_world.so
[0.189s] -- Up-to-date: /home/adminlab/franka_ros2_ws/install/moveit_ros_perception/share/moveit_ros_perception/environment/library_path.sh
[0.189s] -- Up-to-date: /home/adminlab/franka_ros2_ws/install/moveit_ros_perception/share/moveit_ros_perception/environment/library_path.dsv
[0.189s] -- Up-to-date: /home/adminlab/franka_ros2_ws/install/moveit_ros_perception/share/moveit_ros_perception/pointcloud_octomap_updater_plugin_description.xml
[0.189s] -- Up-to-date: /home/adminlab/franka_ros2_ws/install/moveit_ros_perception/share/moveit_ros_perception/depth_image_octomap_updater_plugin_description.xml
[0.189s] -- Up-to-date: /home/adminlab/franka_ros2_ws/install/moveit_ros_perception/share/ament_index/resource_index/package_run_dependencies/moveit_ros_perception
[0.190s] -- Up-to-date: /home/adminlab/franka_ros2_ws/install/moveit_ros_perception/share/ament_index/resource_index/parent_prefix_path/moveit_ros_perception
[0.190s] -- Up-to-date: /home/adminlab/franka_ros2_ws/install/moveit_ros_perception/share/moveit_ros_perception/environment/ament_prefix_path.sh
[0.190s] -- Up-to-date: /home/adminlab/franka_ros2_ws/install/moveit_ros_perception/share/moveit_ros_perception/environment/ament_prefix_path.dsv
[0.190s] -- Up-to-date: /home/adminlab/franka_ros2_ws/install/moveit_ros_perception/share/moveit_ros_perception/environment/path.sh
[0.190s] -- Up-to-date: /home/adminlab/franka_ros2_ws/install/moveit_ros_perception/share/moveit_ros_perception/environment/path.dsv
[0.190s] -- Up-to-date: /home/adminlab/franka_ros2_ws/install/moveit_ros_perception/share/moveit_ros_perception/local_setup.bash
[0.191s] -- Up-to-date: /home/adminlab/franka_ros2_ws/install/moveit_ros_perception/share/moveit_ros_perception/local_setup.sh
[0.191s] -- Up-to-date: /home/adminlab/franka_ros2_ws/install/moveit_ros_perception/share/moveit_ros_perception/local_setup.zsh
[0.191s] -- Up-to-date: /home/adminlab/franka_ros2_ws/install/moveit_ros_perception/share/moveit_ros_perception/local_setup.dsv
[0.192s] -- Installing: /home/adminlab/franka_ros2_ws/install/moveit_ros_perception/share/moveit_ros_perception/package.dsv
[0.192s] -- Up-to-date: /home/adminlab/franka_ros2_ws/install/moveit_ros_perception/share/ament_index/resource_index/packages/moveit_ros_perception
[0.192s] -- Up-to-date: /home/adminlab/franka_ros2_ws/install/moveit_ros_perception/share/ament_index/resource_index/moveit_ros_occupancy_map_monitor__pluginlib__plugin/moveit_ros_perception
[0.192s] -- Up-to-date: /home/adminlab/franka_ros2_ws/install/moveit_ros_perception/share/moveit_ros_perception/cmake/export_moveit_ros_perceptionExport.cmake
[0.192s] -- Up-to-date: /home/adminlab/franka_ros2_ws/install/moveit_ros_perception/share/moveit_ros_perception/cmake/export_moveit_ros_perceptionExport-release.cmake
[0.193s] -- Up-to-date: /home/adminlab/franka_ros2_ws/install/moveit_ros_perception/share/moveit_ros_perception/cmake/ConfigExtras.cmake
[0.193s] -- Up-to-date: /home/adminlab/franka_ros2_ws/install/moveit_ros_perception/share/moveit_ros_perception/cmake/ament_cmake_export_targets-extras.cmake
[0.194s] -- Up-to-date: /home/adminlab/franka_ros2_ws/install/moveit_ros_perception/share/moveit_ros_perception/cmake/ament_cmake_export_dependencies-extras.cmake
[0.194s] -- Up-to-date: /home/adminlab/franka_ros2_ws/install/moveit_ros_perception/share/moveit_ros_perception/cmake/moveit_ros_perceptionConfig.cmake
[0.194s] -- Up-to-date: /home/adminlab/franka_ros2_ws/install/moveit_ros_perception/share/moveit_ros_perception/cmake/moveit_ros_perceptionConfig-version.cmake
[0.194s] -- Up-to-date: /home/adminlab/franka_ros2_ws/install/moveit_ros_perception/share/moveit_ros_perception/package.xml
[0.203s] Invoked command in '/home/adminlab/franka_ros2_ws/build/moveit_ros_perception' returned '0': AMENT_PREFIX_PATH=/home/adminlab/franka_ros2_ws/install/moveit_ros_planning:/home/adminlab/franka_ros2_ws/install/moveit_ros_occupancy_map_monitor:/home/adminlab/franka_ros2_ws/install/moveit_core:/home/adminlab/franka_ros2_ws/install/generate_parameter_library:/home/adminlab/franka_ros2_ws/install/srdfdom:/home/adminlab/franka_ros2_ws/install/parameter_traits:/home/adminlab/franka_ros2_ws/install/moveit_msgs:/home/adminlab/franka_ros2_ws/install/moveit_common:/home/adminlab/franka_ros2_ws/install/generate_parameter_library_py:${AMENT_PREFIX_PATH} CMAKE_PREFIX_PATH=/home/adminlab/franka_ros2_ws/install/moveit_ros_planning:/home/adminlab/franka_ros2_ws/install/moveit_ros_occupancy_map_monitor:/home/adminlab/franka_ros2_ws/install/moveit_core:/home/adminlab/franka_ros2_ws/install/generate_parameter_library:/home/adminlab/franka_ros2_ws/install/srdfdom:/home/adminlab/franka_ros2_ws/install/parameter_traits:/home/adminlab/franka_ros2_ws/install/moveit_msgs:/home/adminlab/franka_ros2_ws/install/moveit_common:/opt/ros/humble LD_LIBRARY_PATH=/home/adminlab/franka_ros2_ws/install/moveit_ros_planning/lib:/home/adminlab/franka_ros2_ws/install/moveit_ros_occupancy_map_monitor/lib:/home/adminlab/franka_ros2_ws/install/moveit_core/lib:/home/adminlab/franka_ros2_ws/install/srdfdom/lib:/home/adminlab/franka_ros2_ws/install/parameter_traits/lib:/home/adminlab/franka_ros2_ws/install/moveit_msgs/lib:${LD_LIBRARY_PATH} PATH=/home/adminlab/franka_ros2_ws/install/moveit_core/bin:/home/adminlab/franka_ros2_ws/install/generate_parameter_library_py/bin:${PATH} PYTHONPATH=/home/adminlab/franka_ros2_ws/install/srdfdom/local/lib/python3.10/dist-packages:/home/adminlab/franka_ros2_ws/install/moveit_msgs/local/lib/python3.10/dist-packages:/home/adminlab/franka_ros2_ws/install/generate_parameter_library_py/lib/python3.10/site-packages:${PYTHONPATH} /usr/bin/cmake --install /home/adminlab/franka_ros2_ws/build/moveit_ros_perception
