-- Found ament_cmake: 1.3.9 (/opt/ros/humble/share/ament_cmake/cmake)
-- Found generate_parameter_library: 0.3.7 (/home/adminlab/franka_ros2_ws/install/generate_parameter_library/share/generate_parameter_library/cmake)
-- Found parameter_traits: 0.3.7 (/home/adminlab/franka_ros2_ws/install/parameter_traits/share/parameter_traits/cmake)
-- Found rosidl_generator_c: 3.1.5 (/opt/ros/humble/share/rosidl_generator_c/cmake)
-- Found rosidl_adapter: 3.1.5 (/opt/ros/humble/share/rosidl_adapter/cmake)
-- Found rosidl_generator_cpp: 3.1.5 (/opt/ros/humble/share/rosidl_generator_cpp/cmake)
-- Using all available rosidl_typesupport_c: rosidl_typesupport_fastrtps_c;rosidl_typesupport_introspection_c
-- Using all available rosidl_typesupport_cpp: rosidl_typesupport_fastrtps_cpp;rosidl_typesupport_introspection_cpp
-- Found rmw_implementation_cmake: 6.1.2 (/opt/ros/humble/share/rmw_implementation_cmake/cmake)
-- Found rmw_fastrtps_cpp: 6.2.6 (/opt/ros/humble/share/rmw_fastrtps_cpp/cmake)
-- Using RMW implementation 'rmw_fastrtps_cpp' as default
-- Found rclcpp_lifecycle: 16.0.9 (/opt/ros/humble/share/rclcpp_lifecycle/cmake)
-- Found rclcpp_components: 16.0.9 (/opt/ros/humble/share/rclcpp_components/cmake)
-- Found rclpy: 3.3.13 (/opt/ros/humble/share/rclpy/cmake)
-- Found ament_lint_auto: 0.12.11 (/opt/ros/humble/share/ament_lint_auto/cmake)
-- Found ament_cmake_gtest: 1.3.9 (/opt/ros/humble/share/ament_cmake_gtest/cmake)
-- Found gtest sources under '/opt/ros/humble/src/gtest_vendor': C++ tests using 'Google Test' will be built
-- Found gtest sources under '/opt/ros/humble/src/gtest_vendor': C++ tests using 'Google Test' will be built
-- Found ament_cmake_gmock: 1.3.9 (/opt/ros/humble/share/ament_cmake_gmock/cmake)
-- Found gmock sources under '/opt/ros/humble/src/gmock_vendor': C++ tests using 'Google Mock' will be built
-- Found gtest sources under '/opt/ros/humble/src/gtest_vendor': C++ tests using 'Google Test' will be built
-- Added test 'copyright' to check source files copyright and LICENSE
-- Added test 'cppcheck' to perform static code analysis on C / C++ code
-- Configured cppcheck include dirs: $<BUILD_INTERFACE:/home/adminlab/franka_ros2_ws/src/generate_parameter_library/example/include>;/home/adminlab/franka_ros2_ws/src/generate_parameter_library/example/include
-- Configured cppcheck exclude dirs and/or files: 
-- Added test 'lint_cmake' to check CMake code style
-- Added test 'xmllint' to check XML markup files
-- Configuring done
-- Generating done
-- Build files have been written to: /home/adminlab/franka_ros2_ws/build/generate_parameter_library_example
[35m[1mConsolidate compiler generated dependencies of target gtest[0m
[35m[1mConsolidate compiler generated dependencies of target test_node[0m
[35m[1mConsolidate compiler generated dependencies of target gmock[0m
[  5%] [32mBuilding CXX object gtest/CMakeFiles/gtest.dir/src/gtest-all.cc.o[0m
[ 11%] [32mBuilding CXX object gmock/CMakeFiles/gmock.dir/opt/ros/humble/src/gtest_vendor/src/gtest-all.cc.o[0m
[ 17%] [32mBuilding CXX object CMakeFiles/test_node.dir/rclcpp_components/node_main_test_node.cpp.o[0m
[ 29%] Built target admittance_controller_parameters
[ 35%] [32mBuilding CXX object gmock/CMakeFiles/gmock.dir/src/gmock-all.cc.o[0m
[35m[1mConsolidate compiler generated dependencies of target minimal_publisher[0m
[ 41%] [32mBuilding CXX object CMakeFiles/minimal_publisher.dir/src/minimal_publisher.cpp.o[0m
In file included from [01m[K/opt/ros/humble/src/gmock_vendor/include/gmock/gmock.h:66[m[K,
                 from [01m[K/opt/ros/humble/src/gmock_vendor/src/gmock-all.cc:39[m[K:
[01m[K/opt/ros/humble/src/gmock_vendor/include/gmock/gmock-more-actions.h:[m[K In member function ‘[01m[Ktypename testing::internal::Function<F>::Result testing::SetArgRefereeActionP<k, value_type>::gmock_Impl<F>::gmock_PerformImpl(const args_type&, const arg0_type&, const arg1_type&, const arg2_type&, const arg3_type&, const arg4_type&, const arg5_type&, const arg6_type&, const arg7_type&, const arg8_type&, const arg9_type&) const[m[K’:
[01m[K/opt/ros/humble/src/gmock_vendor/include/gmock/gmock-more-actions.h:104:53:[m[K [01;35m[Kwarning: [m[Kconversion to ‘[01m[Klong unsigned int[m[K’ from ‘[01m[Kint[m[K’ may change the sign of the result [[01;35m[K]8;;https://gcc.gnu.org/onlinedocs/gcc/Warning-Options.html#index-Wsign-conversion-Wsign-conversion]8;;[m[K]
  104 |   typedef typename ::std::tuple_element<k, args_type[01;35m[K>[m[K::type argk_type;
      |                                                     [01;35m[K^[m[K
[ 47%] [32m[1mLinking CXX static library libgmock.a[0m
[ 47%] Built target gmock
[35m[1mConsolidate compiler generated dependencies of target test_example_gmock[0m
[ 52%] [32mBuilding CXX object CMakeFiles/test_example_gmock.dir/test/example_test_gmock.cpp.o[0m
[ 58%] [32m[1mLinking CXX static library libgtest.a[0m
[ 58%] Built target gtest
[35m[1mConsolidate compiler generated dependencies of target test_descriptor_gtest[0m
[35m[1mConsolidate compiler generated dependencies of target test_example_gtest[0m
[ 64%] [32mBuilding CXX object CMakeFiles/test_descriptor_gtest.dir/test/descriptor_test_gtest.cpp.o[0m
[ 70%] [32mBuilding CXX object CMakeFiles/test_example_gtest.dir/test/example_test_gtest.cpp.o[0m
[ 76%] [32m[1mLinking CXX executable test_node[0m
[ 76%] Built target test_node
[ 82%] [32m[1mLinking CXX shared library libminimal_publisher.so[0m
[ 82%] Built target minimal_publisher
In file included from [01m[K/opt/ros/humble/src/gmock_vendor/include/gmock/gmock.h:66[m[K,
                 from [01m[K/home/adminlab/franka_ros2_ws/src/generate_parameter_library/example/test/example_test_gmock.cpp:33[m[K:
[01m[K/opt/ros/humble/src/gmock_vendor/include/gmock/gmock-more-actions.h:[m[K In member function ‘[01m[Ktypename testing::internal::Function<F>::Result testing::SetArgRefereeActionP<k, value_type>::gmock_Impl<F>::gmock_PerformImpl(const args_type&, const arg0_type&, const arg1_type&, const arg2_type&, const arg3_type&, const arg4_type&, const arg5_type&, const arg6_type&, const arg7_type&, const arg8_type&, const arg9_type&) const[m[K’:
[01m[K/opt/ros/humble/src/gmock_vendor/include/gmock/gmock-more-actions.h:104:53:[m[K [01;35m[Kwarning: [m[Kconversion to ‘[01m[Klong unsigned int[m[K’ from ‘[01m[Kint[m[K’ may change the sign of the result [[01;35m[K]8;;https://gcc.gnu.org/onlinedocs/gcc/Warning-Options.html#index-Wsign-conversion-Wsign-conversion]8;;[m[K]
  104 |   typedef typename ::std::tuple_element<k, args_type[01;35m[K>[m[K::type argk_type;
      |                                                     [01;35m[K^[m[K
[ 88%] [32m[1mLinking CXX executable test_example_gmock[0m
[ 88%] Built target test_example_gmock
[ 94%] [32m[1mLinking CXX executable test_example_gtest[0m
[ 94%] Built target test_example_gtest
[100%] [32m[1mLinking CXX executable test_descriptor_gtest[0m
[100%] Built target test_descriptor_gtest
-- Install configuration: "Debug"
-- Up-to-date: /home/adminlab/franka_ros2_ws/install/generate_parameter_library_example/include/admittance_controller_parameters
-- Up-to-date: /home/adminlab/franka_ros2_ws/install/generate_parameter_library_example/include/admittance_controller_parameters/example_validators.hpp
-- Up-to-date: /home/adminlab/franka_ros2_ws/install/generate_parameter_library_example/include/admittance_controller_parameters/admittance_controller_parameters.hpp
-- Installing: /home/adminlab/franka_ros2_ws/install/generate_parameter_library_example/lib/generate_parameter_library_example/test_node
-- Set runtime path of "/home/adminlab/franka_ros2_ws/install/generate_parameter_library_example/lib/generate_parameter_library_example/test_node" to ""
-- Up-to-date: /home/adminlab/franka_ros2_ws/install/generate_parameter_library_example/include/generate_parameter_library_example
-- Up-to-date: /home/adminlab/franka_ros2_ws/install/generate_parameter_library_example/include/generate_parameter_library_example/generate_parameter_library_example
-- Up-to-date: /home/adminlab/franka_ros2_ws/install/generate_parameter_library_example/include/generate_parameter_library_example/generate_parameter_library_example/example_validators.hpp
-- Up-to-date: /home/adminlab/franka_ros2_ws/install/generate_parameter_library_example/include/generate_parameter_library_example/generate_parameter_library_example/minimal_publisher.hpp
-- Installing: /home/adminlab/franka_ros2_ws/install/generate_parameter_library_example/lib/libminimal_publisher.so
-- Set runtime path of "/home/adminlab/franka_ros2_ws/install/generate_parameter_library_example/lib/libminimal_publisher.so" to ""
-- Up-to-date: /home/adminlab/franka_ros2_ws/install/generate_parameter_library_example/lib/generate_parameter_library_example/test_node
-- Up-to-date: /home/adminlab/franka_ros2_ws/install/generate_parameter_library_example/share/generate_parameter_library_example/environment/library_path.sh
-- Installing: /home/adminlab/franka_ros2_ws/install/generate_parameter_library_example/share/generate_parameter_library_example/environment/library_path.dsv
-- Up-to-date: /home/adminlab/franka_ros2_ws/install/generate_parameter_library_example/share/ament_index/resource_index/package_run_dependencies/generate_parameter_library_example
-- Installing: /home/adminlab/franka_ros2_ws/install/generate_parameter_library_example/share/ament_index/resource_index/parent_prefix_path/generate_parameter_library_example
-- Up-to-date: /home/adminlab/franka_ros2_ws/install/generate_parameter_library_example/share/generate_parameter_library_example/environment/ament_prefix_path.sh
-- Installing: /home/adminlab/franka_ros2_ws/install/generate_parameter_library_example/share/generate_parameter_library_example/environment/ament_prefix_path.dsv
-- Up-to-date: /home/adminlab/franka_ros2_ws/install/generate_parameter_library_example/share/generate_parameter_library_example/environment/path.sh
-- Installing: /home/adminlab/franka_ros2_ws/install/generate_parameter_library_example/share/generate_parameter_library_example/environment/path.dsv
-- Up-to-date: /home/adminlab/franka_ros2_ws/install/generate_parameter_library_example/share/generate_parameter_library_example/local_setup.bash
-- Up-to-date: /home/adminlab/franka_ros2_ws/install/generate_parameter_library_example/share/generate_parameter_library_example/local_setup.sh
-- Up-to-date: /home/adminlab/franka_ros2_ws/install/generate_parameter_library_example/share/generate_parameter_library_example/local_setup.zsh
-- Installing: /home/adminlab/franka_ros2_ws/install/generate_parameter_library_example/share/generate_parameter_library_example/local_setup.dsv
-- Installing: /home/adminlab/franka_ros2_ws/install/generate_parameter_library_example/share/generate_parameter_library_example/package.dsv
-- Up-to-date: /home/adminlab/franka_ros2_ws/install/generate_parameter_library_example/share/ament_index/resource_index/packages/generate_parameter_library_example
-- Up-to-date: /home/adminlab/franka_ros2_ws/install/generate_parameter_library_example/share/ament_index/resource_index/rclcpp_components/generate_parameter_library_example
-- Up-to-date: /home/adminlab/franka_ros2_ws/install/generate_parameter_library_example/share/generate_parameter_library_example/cmake/export_generate_parameter_library_exampleExport.cmake
-- Installing: /home/adminlab/franka_ros2_ws/install/generate_parameter_library_example/share/generate_parameter_library_example/cmake/export_generate_parameter_library_exampleExport-debug.cmake
-- Up-to-date: /home/adminlab/franka_ros2_ws/install/generate_parameter_library_example/share/generate_parameter_library_example/cmake/ament_cmake_export_targets-extras.cmake
-- Up-to-date: /home/adminlab/franka_ros2_ws/install/generate_parameter_library_example/share/generate_parameter_library_example/cmake/ament_cmake_export_dependencies-extras.cmake
-- Up-to-date: /home/adminlab/franka_ros2_ws/install/generate_parameter_library_example/share/generate_parameter_library_example/cmake/generate_parameter_library_exampleConfig.cmake
-- Up-to-date: /home/adminlab/franka_ros2_ws/install/generate_parameter_library_example/share/generate_parameter_library_example/cmake/generate_parameter_library_exampleConfig-version.cmake
-- Up-to-date: /home/adminlab/franka_ros2_ws/install/generate_parameter_library_example/share/generate_parameter_library_example/package.xml
