[35m[1mConsolidate compiler generated dependencies of target moveit_exceptions[0m
[35m[1mConsolidate compiler generated dependencies of target moveit_version[0m
[35m[1mConsolidate compiler generated dependencies of target gmock_main[0m
[35m[1mConsolidate compiler generated dependencies of target gtest[0m
[35m[1mConsolidate compiler generated dependencies of target moveit_kinematics_base[0m
[35m[1mConsolidate compiler generated dependencies of target gmock[0m
[35m[1mConsolidate compiler generated dependencies of target moveit_transforms[0m
[35m[1mConsolidate compiler generated dependencies of target gtest_main[0m
[35m[1mConsolidate compiler generated dependencies of target moveit_smoothing_base[0m
[35m[1mConsolidate compiler generated dependencies of target moveit_utils[0m
[  1%] Built target moveit_butterworth_parameters
[35m[1mConsolidate compiler generated dependencies of target moveit_distance_field[0m
[  2%] Built target gmock_main
[  4%] Built target moveit_version
[  5%] Built target moveit_exceptions
[  6%] Built target gtest
[  8%] Built target gmock
[  9%] Built target gtest_main
[ 10%] Built target moveit_transforms
[ 11%] Built target moveit_kinematics_base
[ 12%] Built target moveit_smoothing_base
[ 14%] Built target moveit_utils
[35m[1mConsolidate compiler generated dependencies of target test_transforms[0m
[ 16%] Built target moveit_distance_field
[35m[1mConsolidate compiler generated dependencies of target moveit_robot_model[0m
[ 17%] Built target test_transforms
[35m[1mConsolidate compiler generated dependencies of target test_voxel_grid[0m
[35m[1mConsolidate compiler generated dependencies of target test_distance_field[0m
[ 18%] Built target test_voxel_grid
[ 25%] Built target moveit_robot_model
[ 26%] Built target test_distance_field
[35m[1mConsolidate compiler generated dependencies of target moveit_butterworth_filter[0m
[35m[1mConsolidate compiler generated dependencies of target moveit_test_utils[0m
[35m[1mConsolidate compiler generated dependencies of target moveit_robot_state[0m
[ 27%] Built target moveit_butterworth_filter
[ 28%] Built target moveit_test_utils
[ 31%] Built target moveit_robot_state
[35m[1mConsolidate compiler generated dependencies of target test_butterworth_filter[0m
[35m[1mConsolidate compiler generated dependencies of target test_robot_state_complex[0m
[35m[1mConsolidate compiler generated dependencies of target test_robot_state[0m
[35m[1mConsolidate compiler generated dependencies of target moveit_robot_trajectory[0m
[35m[1mConsolidate compiler generated dependencies of target test_robot_model[0m
[35m[1mConsolidate compiler generated dependencies of target moveit_dynamics_solver[0m
[35m[1mConsolidate compiler generated dependencies of target moveit_kinematics_metrics[0m
[35m[1mConsolidate compiler generated dependencies of target test_robot_state_benchmark[0m
[35m[1mConsolidate compiler generated dependencies of target test_cartesian_interpolator[0m
[35m[1mConsolidate compiler generated dependencies of target test_aabb[0m
[ 32%] Built target test_butterworth_filter
[35m[1mConsolidate compiler generated dependencies of target moveit_collision_detection[0m
[ 33%] Built target test_robot_model
[ 35%] Built target test_robot_state
[ 36%] Built target test_aabb
[ 37%] Built target test_robot_state_complex
[ 39%] Built target moveit_kinematics_metrics
[ 39%] Built target moveit_robot_trajectory
[ 40%] Built target test_robot_state_benchmark
[ 41%] Built target test_cartesian_interpolator
[ 43%] Built target moveit_dynamics_solver
[35m[1mConsolidate compiler generated dependencies of target test_robot_trajectory[0m
[35m[1mConsolidate compiler generated dependencies of target moveit_planning_interface[0m
[35m[1mConsolidate compiler generated dependencies of target moveit_trajectory_processing[0m
[ 49%] Built target moveit_collision_detection
[ 50%] Built target test_robot_trajectory
[ 52%] Built target moveit_planning_interface
[35m[1mConsolidate compiler generated dependencies of target test_world_diff[0m
[35m[1mConsolidate compiler generated dependencies of target test_world[0m
[35m[1mConsolidate compiler generated dependencies of target moveit_collision_detection_fcl[0m
[35m[1mConsolidate compiler generated dependencies of target test_all_valid[0m
[35m[1mConsolidate compiler generated dependencies of target moveit_collision_detection_bullet[0m
[ 56%] Built target moveit_trajectory_processing
[ 58%] Built target test_world_diff
[ 59%] Built target test_world
[ 60%] Built target test_all_valid
[35m[1mConsolidate compiler generated dependencies of target test_time_parameterization[0m
[ 62%] Built target moveit_collision_detection_fcl
[35m[1mConsolidate compiler generated dependencies of target test_ruckig_traj_smoothing[0m
[35m[1mConsolidate compiler generated dependencies of target test_time_optimal_trajectory_generation[0m
[35m[1mConsolidate compiler generated dependencies of target moveit_kinematic_constraints[0m
[ 63%] Built target test_time_parameterization
[35m[1mConsolidate compiler generated dependencies of target test_fcl_collision_env[0m
[ 68%] Built target moveit_collision_detection_bullet
[35m[1mConsolidate compiler generated dependencies of target test_fcl_collision_detection_panda[0m
[35m[1mConsolidate compiler generated dependencies of target test_fcl_collision_detection[0m
[ 71%] Built target test_time_optimal_trajectory_generation
[ 71%] Built target test_ruckig_traj_smoothing
[35m[1mConsolidate compiler generated dependencies of target test_bullet_continuous_collision_checking[0m
[35m[1mConsolidate compiler generated dependencies of target test_bullet_collision_detection_panda[0m
[ 73%] Built target moveit_kinematic_constraints
[ 74%] Built target test_fcl_collision_detection_panda
[35m[1mConsolidate compiler generated dependencies of target test_bullet_collision_detection[0m
[ 76%] Built target test_fcl_collision_env
[ 77%] Built target test_fcl_collision_detection
[ 79%] Built target test_bullet_continuous_collision_checking
[35m[1mConsolidate compiler generated dependencies of target test_constraints[0m
[35m[1mConsolidate compiler generated dependencies of target test_orientation_constraints[0m
[ 80%] Built target test_bullet_collision_detection_panda
[35m[1mConsolidate compiler generated dependencies of target moveit_planning_scene[0m
[ 81%] Built target test_bullet_collision_detection
[ 82%] Built target test_orientation_constraints
[ 83%] Built target test_constraints
[ 84%] Built target moveit_planning_scene
[35m[1mConsolidate compiler generated dependencies of target collision_detector_bullet_plugin[0m
[35m[1mConsolidate compiler generated dependencies of target moveit_planning_request_adapter[0m
[35m[1mConsolidate compiler generated dependencies of target test_collision_objects[0m
[35m[1mConsolidate compiler generated dependencies of target test_multi_threaded[0m
[35m[1mConsolidate compiler generated dependencies of target collision_detector_fcl_plugin[0m
[35m[1mConsolidate compiler generated dependencies of target test_planning_scene[0m
[35m[1mConsolidate compiler generated dependencies of target moveit_collision_distance_field[0m
[35m[1mConsolidate compiler generated dependencies of target moveit_constraint_samplers[0m
[ 85%] Built target moveit_planning_request_adapter
[ 86%] Built target test_collision_objects
[ 87%] Built target collision_detector_bullet_plugin
[ 88%] Built target test_multi_threaded
[ 89%] Built target collision_detector_fcl_plugin
[ 90%] Built target test_planning_scene
[ 93%] Built target moveit_constraint_samplers
[ 96%] Built target moveit_collision_distance_field
[35m[1mConsolidate compiler generated dependencies of target test_collision_distance_field[0m
[35m[1mConsolidate compiler generated dependencies of target test_constraint_samplers[0m
[ 97%] Built target test_collision_distance_field
[100%] Built target test_constraint_samplers
-- Install configuration: "Debug"
-- Up-to-date: /home/adminlab/franka_ros2_ws/install/moveit_core/include/moveit/version.h
-- Up-to-date: /home/adminlab/franka_ros2_ws/install/moveit_core/include
-- Up-to-date: /home/adminlab/franka_ros2_ws/install/moveit_core/include/moveit
-- Up-to-date: /home/adminlab/franka_ros2_ws/install/moveit_core/include/moveit/collision_distance_field
-- Up-to-date: /home/adminlab/franka_ros2_ws/install/moveit_core/include/moveit/collision_distance_field/collision_detector_allocator_distance_field.h
-- Up-to-date: /home/adminlab/franka_ros2_ws/install/moveit_core/include/moveit/collision_distance_field/collision_distance_field_types.h
-- Up-to-date: /home/adminlab/franka_ros2_ws/install/moveit_core/include/moveit/collision_distance_field/collision_common_distance_field.h
-- Up-to-date: /home/adminlab/franka_ros2_ws/install/moveit_core/include/moveit/collision_distance_field/collision_detector_allocator_hybrid.h
-- Up-to-date: /home/adminlab/franka_ros2_ws/install/moveit_core/include/moveit/collision_distance_field/collision_env_distance_field.h
-- Up-to-date: /home/adminlab/franka_ros2_ws/install/moveit_core/include/moveit/collision_distance_field/collision_env_hybrid.h
-- Up-to-date: /home/adminlab/franka_ros2_ws/install/moveit_core/include/moveit_collision_distance_field_export.h
-- Up-to-date: /home/adminlab/franka_ros2_ws/install/moveit_core/include
-- Up-to-date: /home/adminlab/franka_ros2_ws/install/moveit_core/include/moveit
-- Up-to-date: /home/adminlab/franka_ros2_ws/install/moveit_core/include/moveit/constraint_samplers
-- Up-to-date: /home/adminlab/franka_ros2_ws/install/moveit_core/include/moveit/constraint_samplers/default_constraint_samplers.h
-- Up-to-date: /home/adminlab/franka_ros2_ws/install/moveit_core/include/moveit/constraint_samplers/constraint_sampler_tools.h
-- Up-to-date: /home/adminlab/franka_ros2_ws/install/moveit_core/include/moveit/constraint_samplers/constraint_sampler.h
-- Up-to-date: /home/adminlab/franka_ros2_ws/install/moveit_core/include/moveit/constraint_samplers/constraint_sampler_allocator.h
-- Up-to-date: /home/adminlab/franka_ros2_ws/install/moveit_core/include/moveit/constraint_samplers/constraint_sampler_manager.h
-- Up-to-date: /home/adminlab/franka_ros2_ws/install/moveit_core/include/moveit/constraint_samplers/union_constraint_sampler.h
-- Up-to-date: /home/adminlab/franka_ros2_ws/install/moveit_core/include
-- Up-to-date: /home/adminlab/franka_ros2_ws/install/moveit_core/include/moveit
-- Up-to-date: /home/adminlab/franka_ros2_ws/install/moveit_core/include/moveit/controller_manager
-- Up-to-date: /home/adminlab/franka_ros2_ws/install/moveit_core/include/moveit/controller_manager/controller_manager.h
-- Up-to-date: /home/adminlab/franka_ros2_ws/install/moveit_core/include
-- Up-to-date: /home/adminlab/franka_ros2_ws/install/moveit_core/include/moveit
-- Up-to-date: /home/adminlab/franka_ros2_ws/install/moveit_core/include/moveit/distance_field
-- Up-to-date: /home/adminlab/franka_ros2_ws/install/moveit_core/include/moveit/distance_field/distance_field.h
-- Up-to-date: /home/adminlab/franka_ros2_ws/install/moveit_core/include/moveit/distance_field/find_internal_points.h
-- Up-to-date: /home/adminlab/franka_ros2_ws/install/moveit_core/include/moveit/distance_field/propagation_distance_field.h
-- Up-to-date: /home/adminlab/franka_ros2_ws/install/moveit_core/include/moveit/distance_field/voxel_grid.h
-- Up-to-date: /home/adminlab/franka_ros2_ws/install/moveit_core/include
-- Up-to-date: /home/adminlab/franka_ros2_ws/install/moveit_core/include/moveit
-- Up-to-date: /home/adminlab/franka_ros2_ws/install/moveit_core/include/moveit/dynamics_solver
-- Up-to-date: /home/adminlab/franka_ros2_ws/install/moveit_core/include/moveit/dynamics_solver/dynamics_solver.h
-- Up-to-date: /home/adminlab/franka_ros2_ws/install/moveit_core/include
-- Up-to-date: /home/adminlab/franka_ros2_ws/install/moveit_core/include/moveit
-- Up-to-date: /home/adminlab/franka_ros2_ws/install/moveit_core/include/moveit/exceptions
-- Up-to-date: /home/adminlab/franka_ros2_ws/install/moveit_core/include/moveit/exceptions/exceptions.h
-- Up-to-date: /home/adminlab/franka_ros2_ws/install/moveit_core/include
-- Up-to-date: /home/adminlab/franka_ros2_ws/install/moveit_core/include/moveit
-- Up-to-date: /home/adminlab/franka_ros2_ws/install/moveit_core/include/moveit/kinematics_base
-- Up-to-date: /home/adminlab/franka_ros2_ws/install/moveit_core/include/moveit/kinematics_base/kinematics_base.h
-- Up-to-date: /home/adminlab/franka_ros2_ws/install/moveit_core/include/moveit_kinematics_base_export.h
-- Up-to-date: /home/adminlab/franka_ros2_ws/install/moveit_core/include
-- Up-to-date: /home/adminlab/franka_ros2_ws/install/moveit_core/include/moveit
-- Up-to-date: /home/adminlab/franka_ros2_ws/install/moveit_core/include/moveit/kinematic_constraints
-- Up-to-date: /home/adminlab/franka_ros2_ws/install/moveit_core/include/moveit/kinematic_constraints/kinematic_constraint.h
-- Up-to-date: /home/adminlab/franka_ros2_ws/install/moveit_core/include/moveit/kinematic_constraints/utils.h
-- Up-to-date: /home/adminlab/franka_ros2_ws/install/moveit_core/include
-- Up-to-date: /home/adminlab/franka_ros2_ws/install/moveit_core/include/moveit
-- Up-to-date: /home/adminlab/franka_ros2_ws/install/moveit_core/include/moveit/kinematics_metrics
-- Up-to-date: /home/adminlab/franka_ros2_ws/install/moveit_core/include/moveit/kinematics_metrics/kinematics_metrics.h
-- Up-to-date: /home/adminlab/franka_ros2_ws/install/moveit_core/include
-- Up-to-date: /home/adminlab/franka_ros2_ws/install/moveit_core/include/moveit
-- Up-to-date: /home/adminlab/franka_ros2_ws/install/moveit_core/include/moveit/macros
-- Up-to-date: /home/adminlab/franka_ros2_ws/install/moveit_core/include/moveit/macros/declare_ptr.h
-- Up-to-date: /home/adminlab/franka_ros2_ws/install/moveit_core/include/moveit/macros/deprecation.h
-- Up-to-date: /home/adminlab/franka_ros2_ws/install/moveit_core/include/moveit/macros/console_colors.h
-- Up-to-date: /home/adminlab/franka_ros2_ws/install/moveit_core/include/moveit/macros/class_forward.h
-- Up-to-date: /home/adminlab/franka_ros2_ws/install/moveit_core/include/moveit_butterworth_parameters
-- Up-to-date: /home/adminlab/franka_ros2_ws/install/moveit_core/include/moveit_butterworth_parameters/moveit_butterworth_parameters.hpp
-- Up-to-date: /home/adminlab/franka_ros2_ws/install/moveit_core/include
-- Up-to-date: /home/adminlab/franka_ros2_ws/install/moveit_core/include/moveit
-- Up-to-date: /home/adminlab/franka_ros2_ws/install/moveit_core/include/moveit/online_signal_smoothing
-- Up-to-date: /home/adminlab/franka_ros2_ws/install/moveit_core/include/moveit/online_signal_smoothing/smoothing_base_class.h
-- Up-to-date: /home/adminlab/franka_ros2_ws/install/moveit_core/include/moveit/online_signal_smoothing/butterworth_filter.h
-- Up-to-date: /home/adminlab/franka_ros2_ws/install/moveit_core/include/moveit_smoothing_base_export.h
-- Up-to-date: /home/adminlab/franka_ros2_ws/install/moveit_core/include/moveit_butterworth_filter_export.h
-- Up-to-date: /home/adminlab/franka_ros2_ws/install/moveit_core/include
-- Up-to-date: /home/adminlab/franka_ros2_ws/install/moveit_core/include/moveit
-- Up-to-date: /home/adminlab/franka_ros2_ws/install/moveit_core/include/moveit/planning_interface
-- Up-to-date: /home/adminlab/franka_ros2_ws/install/moveit_core/include/moveit/planning_interface/planning_interface.h
-- Up-to-date: /home/adminlab/franka_ros2_ws/install/moveit_core/include/moveit/planning_interface/planning_request.h
-- Up-to-date: /home/adminlab/franka_ros2_ws/install/moveit_core/include/moveit/planning_interface/planning_response.h
-- Up-to-date: /home/adminlab/franka_ros2_ws/install/moveit_core/include
-- Up-to-date: /home/adminlab/franka_ros2_ws/install/moveit_core/include/moveit
-- Up-to-date: /home/adminlab/franka_ros2_ws/install/moveit_core/include/moveit/planning_request_adapter
-- Up-to-date: /home/adminlab/franka_ros2_ws/install/moveit_core/include/moveit/planning_request_adapter/planning_request_adapter.h
-- Up-to-date: /home/adminlab/franka_ros2_ws/install/moveit_core/include
-- Up-to-date: /home/adminlab/franka_ros2_ws/install/moveit_core/include/moveit
-- Up-to-date: /home/adminlab/franka_ros2_ws/install/moveit_core/include/moveit/planning_scene
-- Up-to-date: /home/adminlab/franka_ros2_ws/install/moveit_core/include/moveit/planning_scene/planning_scene.h
-- Up-to-date: /home/adminlab/franka_ros2_ws/install/moveit_core/include/moveit_planning_scene_export.h
-- Up-to-date: /home/adminlab/franka_ros2_ws/install/moveit_core/include
-- Up-to-date: /home/adminlab/franka_ros2_ws/install/moveit_core/include/moveit
-- Up-to-date: /home/adminlab/franka_ros2_ws/install/moveit_core/include/moveit/robot_model
-- Up-to-date: /home/adminlab/franka_ros2_ws/install/moveit_core/include/moveit/robot_model/prismatic_joint_model.h
-- Up-to-date: /home/adminlab/franka_ros2_ws/install/moveit_core/include/moveit/robot_model/joint_model.h
-- Up-to-date: /home/adminlab/franka_ros2_ws/install/moveit_core/include/moveit/robot_model/revolute_joint_model.h
-- Up-to-date: /home/adminlab/franka_ros2_ws/install/moveit_core/include/moveit/robot_model/aabb.h
-- Up-to-date: /home/adminlab/franka_ros2_ws/install/moveit_core/include/moveit/robot_model/fixed_joint_model.h
-- Up-to-date: /home/adminlab/franka_ros2_ws/install/moveit_core/include/moveit/robot_model/robot_model.h
-- Up-to-date: /home/adminlab/franka_ros2_ws/install/moveit_core/include/moveit/robot_model/planar_joint_model.h
-- Up-to-date: /home/adminlab/franka_ros2_ws/install/moveit_core/include/moveit/robot_model/floating_joint_model.h
-- Up-to-date: /home/adminlab/franka_ros2_ws/install/moveit_core/include/moveit/robot_model/link_model.h
-- Up-to-date: /home/adminlab/franka_ros2_ws/install/moveit_core/include/moveit/robot_model/joint_model_group.h
-- Up-to-date: /home/adminlab/franka_ros2_ws/install/moveit_core/include
-- Up-to-date: /home/adminlab/franka_ros2_ws/install/moveit_core/include/moveit
-- Up-to-date: /home/adminlab/franka_ros2_ws/install/moveit_core/include/moveit/robot_state
-- Up-to-date: /home/adminlab/franka_ros2_ws/install/moveit_core/include/moveit/robot_state/robot_state.h
-- Up-to-date: /home/adminlab/franka_ros2_ws/install/moveit_core/include/moveit/robot_state/attached_body.h
-- Up-to-date: /home/adminlab/franka_ros2_ws/install/moveit_core/include/moveit/robot_state/cartesian_interpolator.h
-- Up-to-date: /home/adminlab/franka_ros2_ws/install/moveit_core/include/moveit/robot_state/conversions.h
-- Up-to-date: /home/adminlab/franka_ros2_ws/install/moveit_core/include
-- Up-to-date: /home/adminlab/franka_ros2_ws/install/moveit_core/include/moveit
-- Up-to-date: /home/adminlab/franka_ros2_ws/install/moveit_core/include/moveit/robot_trajectory
-- Up-to-date: /home/adminlab/franka_ros2_ws/install/moveit_core/include/moveit/robot_trajectory/robot_trajectory.h
-- Up-to-date: /home/adminlab/franka_ros2_ws/install/moveit_core/include
-- Up-to-date: /home/adminlab/franka_ros2_ws/install/moveit_core/include/moveit
-- Up-to-date: /home/adminlab/franka_ros2_ws/install/moveit_core/include/moveit/sensor_manager
-- Up-to-date: /home/adminlab/franka_ros2_ws/install/moveit_core/include/moveit/sensor_manager/sensor_manager.h
-- Up-to-date: /home/adminlab/franka_ros2_ws/install/moveit_core/include
-- Up-to-date: /home/adminlab/franka_ros2_ws/install/moveit_core/include/moveit
-- Up-to-date: /home/adminlab/franka_ros2_ws/install/moveit_core/include/moveit/trajectory_processing
-- Up-to-date: /home/adminlab/franka_ros2_ws/install/moveit_core/include/moveit/trajectory_processing/time_parameterization.h
-- Up-to-date: /home/adminlab/franka_ros2_ws/install/moveit_core/include/moveit/trajectory_processing/trajectory_tools.h
-- Up-to-date: /home/adminlab/franka_ros2_ws/install/moveit_core/include/moveit/trajectory_processing/ruckig_traj_smoothing.h
-- Up-to-date: /home/adminlab/franka_ros2_ws/install/moveit_core/include/moveit/trajectory_processing/time_optimal_trajectory_generation.h
-- Up-to-date: /home/adminlab/franka_ros2_ws/install/moveit_core/include/moveit/trajectory_processing/iterative_time_parameterization.h
-- Up-to-date: /home/adminlab/franka_ros2_ws/install/moveit_core/include/moveit/trajectory_processing/iterative_spline_parameterization.h
-- Up-to-date: /home/adminlab/franka_ros2_ws/install/moveit_core/include
-- Up-to-date: /home/adminlab/franka_ros2_ws/install/moveit_core/include/moveit
-- Up-to-date: /home/adminlab/franka_ros2_ws/install/moveit_core/include/moveit/transforms
-- Up-to-date: /home/adminlab/franka_ros2_ws/install/moveit_core/include/moveit/transforms/transforms.h
-- Up-to-date: /home/adminlab/franka_ros2_ws/install/moveit_core/include
-- Up-to-date: /home/adminlab/franka_ros2_ws/install/moveit_core/include/moveit
-- Up-to-date: /home/adminlab/franka_ros2_ws/install/moveit_core/include/moveit/utils
-- Up-to-date: /home/adminlab/franka_ros2_ws/install/moveit_core/include/moveit/utils/rclcpp_utils.h
-- Up-to-date: /home/adminlab/franka_ros2_ws/install/moveit_core/include/moveit/utils/lexical_casts.h
-- Up-to-date: /home/adminlab/franka_ros2_ws/install/moveit_core/include/moveit/utils/robot_model_test_utils.h
-- Up-to-date: /home/adminlab/franka_ros2_ws/install/moveit_core/include/moveit/utils/moveit_error_code.h
-- Up-to-date: /home/adminlab/franka_ros2_ws/install/moveit_core/include/moveit/utils/message_checks.h
-- Up-to-date: /home/adminlab/franka_ros2_ws/install/moveit_core/bin/moveit_version
-- Up-to-date: /home/adminlab/franka_ros2_ws/install/moveit_core/include
-- Up-to-date: /home/adminlab/franka_ros2_ws/install/moveit_core/include/moveit
-- Up-to-date: /home/adminlab/franka_ros2_ws/install/moveit_core/include/moveit/collision_detection
-- Up-to-date: /home/adminlab/franka_ros2_ws/install/moveit_core/include/moveit/collision_detection/occupancy_map.h
-- Up-to-date: /home/adminlab/franka_ros2_ws/install/moveit_core/include/moveit/collision_detection/allvalid
-- Up-to-date: /home/adminlab/franka_ros2_ws/install/moveit_core/include/moveit/collision_detection/allvalid/collision_detector_allocator_allvalid.h
-- Up-to-date: /home/adminlab/franka_ros2_ws/install/moveit_core/include/moveit/collision_detection/allvalid/collision_env_allvalid.h
-- Up-to-date: /home/adminlab/franka_ros2_ws/install/moveit_core/include/moveit/collision_detection/world.h
-- Up-to-date: /home/adminlab/franka_ros2_ws/install/moveit_core/include/moveit/collision_detection/collision_tools.h
-- Up-to-date: /home/adminlab/franka_ros2_ws/install/moveit_core/include/moveit/collision_detection/collision_plugin.h
-- Up-to-date: /home/adminlab/franka_ros2_ws/install/moveit_core/include/moveit/collision_detection/test_collision_common_pr2.h
-- Up-to-date: /home/adminlab/franka_ros2_ws/install/moveit_core/include/moveit/collision_detection/collision_octomap_filter.h
-- Up-to-date: /home/adminlab/franka_ros2_ws/install/moveit_core/include/moveit/collision_detection/collision_matrix.h
-- Up-to-date: /home/adminlab/franka_ros2_ws/install/moveit_core/include/moveit/collision_detection/test_collision_common_panda.h
-- Up-to-date: /home/adminlab/franka_ros2_ws/install/moveit_core/include/moveit/collision_detection/collision_detector_allocator.h
-- Up-to-date: /home/adminlab/franka_ros2_ws/install/moveit_core/include/moveit/collision_detection/world_diff.h
-- Up-to-date: /home/adminlab/franka_ros2_ws/install/moveit_core/include/moveit/collision_detection/collision_common.h
-- Up-to-date: /home/adminlab/franka_ros2_ws/install/moveit_core/include/moveit/collision_detection/collision_plugin_cache.h
-- Up-to-date: /home/adminlab/franka_ros2_ws/install/moveit_core/include/moveit/collision_detection/collision_env.h
-- Up-to-date: /home/adminlab/franka_ros2_ws/install/moveit_core/include/moveit_collision_detection_export.h
-- Up-to-date: /home/adminlab/franka_ros2_ws/install/moveit_core/include
-- Up-to-date: /home/adminlab/franka_ros2_ws/install/moveit_core/include/moveit
-- Up-to-date: /home/adminlab/franka_ros2_ws/install/moveit_core/include/moveit/collision_detection_bullet
-- Up-to-date: /home/adminlab/franka_ros2_ws/install/moveit_core/include/moveit/collision_detection_bullet/bullet_integration
-- Up-to-date: /home/adminlab/franka_ros2_ws/install/moveit_core/include/moveit/collision_detection_bullet/bullet_integration/bullet_discrete_bvh_manager.h
-- Up-to-date: /home/adminlab/franka_ros2_ws/install/moveit_core/include/moveit/collision_detection_bullet/bullet_integration/contact_checker_common.h
-- Up-to-date: /home/adminlab/franka_ros2_ws/install/moveit_core/include/moveit/collision_detection_bullet/bullet_integration/bullet_utils.h
-- Up-to-date: /home/adminlab/franka_ros2_ws/install/moveit_core/include/moveit/collision_detection_bullet/bullet_integration/basic_types.h
-- Up-to-date: /home/adminlab/franka_ros2_ws/install/moveit_core/include/moveit/collision_detection_bullet/bullet_integration/ros_bullet_utils.h
-- Up-to-date: /home/adminlab/franka_ros2_ws/install/moveit_core/include/moveit/collision_detection_bullet/bullet_integration/bullet_cast_bvh_manager.h
-- Up-to-date: /home/adminlab/franka_ros2_ws/install/moveit_core/include/moveit/collision_detection_bullet/bullet_integration/bullet_bvh_manager.h
-- Up-to-date: /home/adminlab/franka_ros2_ws/install/moveit_core/include/moveit/collision_detection_bullet/collision_env_bullet.h
-- Up-to-date: /home/adminlab/franka_ros2_ws/install/moveit_core/include/moveit/collision_detection_bullet/collision_detector_bullet_plugin_loader.h
-- Up-to-date: /home/adminlab/franka_ros2_ws/install/moveit_core/include/moveit/collision_detection_bullet/collision_detector_allocator_bullet.h
-- Up-to-date: /home/adminlab/franka_ros2_ws/install/moveit_core/include/moveit_collision_detection_bullet_export.h
-- Up-to-date: /home/adminlab/franka_ros2_ws/install/moveit_core/include
-- Up-to-date: /home/adminlab/franka_ros2_ws/install/moveit_core/include/moveit
-- Up-to-date: /home/adminlab/franka_ros2_ws/install/moveit_core/include/moveit/collision_detection_fcl
-- Up-to-date: /home/adminlab/franka_ros2_ws/install/moveit_core/include/moveit/collision_detection_fcl/collision_env_fcl.h
-- Up-to-date: /home/adminlab/franka_ros2_ws/install/moveit_core/include/moveit/collision_detection_fcl/collision_detector_allocator_fcl.h
-- Up-to-date: /home/adminlab/franka_ros2_ws/install/moveit_core/include/moveit/collision_detection_fcl/collision_detector_fcl_plugin_loader.h
-- Up-to-date: /home/adminlab/franka_ros2_ws/install/moveit_core/include/moveit/collision_detection_fcl/fcl_compat.h
-- Up-to-date: /home/adminlab/franka_ros2_ws/install/moveit_core/include/moveit/collision_detection_fcl/collision_common.h
-- Up-to-date: /home/adminlab/franka_ros2_ws/install/moveit_core/include/moveit_collision_detection_fcl_export.h
-- Up-to-date: /home/adminlab/franka_ros2_ws/install/moveit_core/lib/libcollision_detector_bullet_plugin.so.2.5.5
-- Up-to-date: /home/adminlab/franka_ros2_ws/install/moveit_core/lib/libcollision_detector_bullet_plugin.so
-- Up-to-date: /home/adminlab/franka_ros2_ws/install/moveit_core/lib/libmoveit_butterworth_filter.so.2.5.5
-- Up-to-date: /home/adminlab/franka_ros2_ws/install/moveit_core/lib/libmoveit_butterworth_filter.so
-- Up-to-date: /home/adminlab/franka_ros2_ws/install/moveit_core/lib/libmoveit_collision_distance_field.so.2.5.5
-- Up-to-date: /home/adminlab/franka_ros2_ws/install/moveit_core/lib/libmoveit_collision_distance_field.so
-- Up-to-date: /home/adminlab/franka_ros2_ws/install/moveit_core/lib/libmoveit_collision_detection.so.2.5.5
-- Up-to-date: /home/adminlab/franka_ros2_ws/install/moveit_core/lib/libmoveit_collision_detection.so
-- Up-to-date: /home/adminlab/franka_ros2_ws/install/moveit_core/lib/libmoveit_collision_detection_fcl.so.2.5.5
-- Up-to-date: /home/adminlab/franka_ros2_ws/install/moveit_core/lib/libmoveit_collision_detection_fcl.so
-- Up-to-date: /home/adminlab/franka_ros2_ws/install/moveit_core/lib/libmoveit_collision_detection_bullet.so.2.5.5
-- Up-to-date: /home/adminlab/franka_ros2_ws/install/moveit_core/lib/libmoveit_collision_detection_bullet.so
-- Up-to-date: /home/adminlab/franka_ros2_ws/install/moveit_core/lib/libmoveit_dynamics_solver.so.2.5.5
-- Up-to-date: /home/adminlab/franka_ros2_ws/install/moveit_core/lib/libmoveit_dynamics_solver.so
-- Up-to-date: /home/adminlab/franka_ros2_ws/install/moveit_core/lib/libmoveit_constraint_samplers.so.2.5.5
-- Up-to-date: /home/adminlab/franka_ros2_ws/install/moveit_core/lib/libmoveit_constraint_samplers.so
-- Up-to-date: /home/adminlab/franka_ros2_ws/install/moveit_core/lib/libmoveit_distance_field.so.2.5.5
-- Up-to-date: /home/adminlab/franka_ros2_ws/install/moveit_core/lib/libmoveit_distance_field.so
-- Up-to-date: /home/adminlab/franka_ros2_ws/install/moveit_core/lib/libmoveit_exceptions.so.2.5.5
-- Up-to-date: /home/adminlab/franka_ros2_ws/install/moveit_core/lib/libmoveit_exceptions.so
-- Up-to-date: /home/adminlab/franka_ros2_ws/install/moveit_core/lib/libmoveit_kinematics_base.so
-- Up-to-date: /home/adminlab/franka_ros2_ws/install/moveit_core/lib/libmoveit_kinematic_constraints.so.2.5.5
-- Up-to-date: /home/adminlab/franka_ros2_ws/install/moveit_core/lib/libmoveit_kinematic_constraints.so
-- Up-to-date: /home/adminlab/franka_ros2_ws/install/moveit_core/lib/libmoveit_kinematics_metrics.so.2.5.5
-- Up-to-date: /home/adminlab/franka_ros2_ws/install/moveit_core/lib/libmoveit_kinematics_metrics.so
-- Up-to-date: /home/adminlab/franka_ros2_ws/install/moveit_core/lib/libmoveit_planning_interface.so.2.5.5
-- Up-to-date: /home/adminlab/franka_ros2_ws/install/moveit_core/lib/libmoveit_planning_interface.so
-- Up-to-date: /home/adminlab/franka_ros2_ws/install/moveit_core/lib/libmoveit_planning_scene.so.2.5.5
-- Up-to-date: /home/adminlab/franka_ros2_ws/install/moveit_core/lib/libmoveit_planning_scene.so
-- Up-to-date: /home/adminlab/franka_ros2_ws/install/moveit_core/lib/libmoveit_planning_request_adapter.so.2.5.5
-- Up-to-date: /home/adminlab/franka_ros2_ws/install/moveit_core/lib/libmoveit_planning_request_adapter.so
-- Up-to-date: /home/adminlab/franka_ros2_ws/install/moveit_core/lib/libmoveit_robot_model.so.2.5.5
-- Up-to-date: /home/adminlab/franka_ros2_ws/install/moveit_core/lib/libmoveit_robot_model.so
-- Up-to-date: /home/adminlab/franka_ros2_ws/install/moveit_core/lib/libmoveit_robot_state.so.2.5.5
-- Up-to-date: /home/adminlab/franka_ros2_ws/install/moveit_core/lib/libmoveit_robot_state.so
-- Up-to-date: /home/adminlab/franka_ros2_ws/install/moveit_core/lib/libmoveit_robot_trajectory.so.2.5.5
-- Up-to-date: /home/adminlab/franka_ros2_ws/install/moveit_core/lib/libmoveit_robot_trajectory.so
-- Up-to-date: /home/adminlab/franka_ros2_ws/install/moveit_core/lib/libmoveit_smoothing_base.so.2.5.5
-- Up-to-date: /home/adminlab/franka_ros2_ws/install/moveit_core/lib/libmoveit_smoothing_base.so
-- Up-to-date: /home/adminlab/franka_ros2_ws/install/moveit_core/lib/libmoveit_test_utils.so.2.5.5
-- Up-to-date: /home/adminlab/franka_ros2_ws/install/moveit_core/lib/libmoveit_test_utils.so
-- Up-to-date: /home/adminlab/franka_ros2_ws/install/moveit_core/lib/libmoveit_trajectory_processing.so.2.5.5
-- Up-to-date: /home/adminlab/franka_ros2_ws/install/moveit_core/lib/libmoveit_trajectory_processing.so
-- Up-to-date: /home/adminlab/franka_ros2_ws/install/moveit_core/lib/libmoveit_transforms.so.2.5.5
-- Up-to-date: /home/adminlab/franka_ros2_ws/install/moveit_core/lib/libmoveit_transforms.so
-- Up-to-date: /home/adminlab/franka_ros2_ws/install/moveit_core/lib/libmoveit_utils.so.2.5.5
-- Up-to-date: /home/adminlab/franka_ros2_ws/install/moveit_core/lib/libmoveit_utils.so
-- Up-to-date: /home/adminlab/franka_ros2_ws/install/moveit_core/share/moveit_core/environment/library_path.sh
-- Up-to-date: /home/adminlab/franka_ros2_ws/install/moveit_core/share/moveit_core/environment/library_path.dsv
-- Up-to-date: /home/adminlab/franka_ros2_ws/install/moveit_core/share/moveit_core/collision_detector_fcl_description.xml
-- Up-to-date: /home/adminlab/franka_ros2_ws/install/moveit_core/share/moveit_core/collision_detector_bullet_description.xml
-- Up-to-date: /home/adminlab/franka_ros2_ws/install/moveit_core/share/moveit_core/filter_plugin_butterworth.xml
-- Up-to-date: /home/adminlab/franka_ros2_ws/install/moveit_core/share/ament_index/resource_index/package_run_dependencies/moveit_core
-- Up-to-date: /home/adminlab/franka_ros2_ws/install/moveit_core/share/ament_index/resource_index/parent_prefix_path/moveit_core
-- Up-to-date: /home/adminlab/franka_ros2_ws/install/moveit_core/share/moveit_core/environment/ament_prefix_path.sh
-- Up-to-date: /home/adminlab/franka_ros2_ws/install/moveit_core/share/moveit_core/environment/ament_prefix_path.dsv
-- Up-to-date: /home/adminlab/franka_ros2_ws/install/moveit_core/share/moveit_core/environment/path.sh
-- Up-to-date: /home/adminlab/franka_ros2_ws/install/moveit_core/share/moveit_core/environment/path.dsv
-- Up-to-date: /home/adminlab/franka_ros2_ws/install/moveit_core/share/moveit_core/local_setup.bash
-- Up-to-date: /home/adminlab/franka_ros2_ws/install/moveit_core/share/moveit_core/local_setup.sh
-- Up-to-date: /home/adminlab/franka_ros2_ws/install/moveit_core/share/moveit_core/local_setup.zsh
-- Up-to-date: /home/adminlab/franka_ros2_ws/install/moveit_core/share/moveit_core/local_setup.dsv
-- Installing: /home/adminlab/franka_ros2_ws/install/moveit_core/share/moveit_core/package.dsv
-- Up-to-date: /home/adminlab/franka_ros2_ws/install/moveit_core/share/ament_index/resource_index/packages/moveit_core
-- Up-to-date: /home/adminlab/franka_ros2_ws/install/moveit_core/share/ament_index/resource_index/moveit_core__pluginlib__plugin/moveit_core
-- Up-to-date: /home/adminlab/franka_ros2_ws/install/moveit_core/share/moveit_core/cmake/export_moveit_coreExport.cmake
-- Up-to-date: /home/adminlab/franka_ros2_ws/install/moveit_core/share/moveit_core/cmake/export_moveit_coreExport-debug.cmake
-- Up-to-date: /home/adminlab/franka_ros2_ws/install/moveit_core/share/moveit_core/cmake/ConfigExtras.cmake
-- Up-to-date: /home/adminlab/franka_ros2_ws/install/moveit_core/share/moveit_core/cmake/ament_cmake_export_targets-extras.cmake
-- Up-to-date: /home/adminlab/franka_ros2_ws/install/moveit_core/share/moveit_core/cmake/ament_cmake_export_dependencies-extras.cmake
-- Up-to-date: /home/adminlab/franka_ros2_ws/install/moveit_core/share/moveit_core/cmake/moveit_coreConfig.cmake
-- Up-to-date: /home/adminlab/franka_ros2_ws/install/moveit_core/share/moveit_core/cmake/moveit_coreConfig-version.cmake
-- Up-to-date: /home/adminlab/franka_ros2_ws/install/moveit_core/share/moveit_core/package.xml
