[0.601s] Invoking command in '/home/adminlab/franka_ros2_ws/build/librealsense2': CMAKE_PREFIX_PATH=/home/adminlab/franka_ros2_ws/install/pilz_industrial_motion_planner_testutils:/home/adminlab/franka_ros2_ws/install/moveit_runtime:/home/adminlab/franka_ros2_ws/install/moveit_planners:/home/adminlab/franka_ros2_ws/install/pilz_industrial_motion_planner:/home/adminlab/franka_ros2_ws/install/moveit_visual_tools:/home/adminlab/franka_ros2_ws/install/moveit_ros_control_interface:/home/adminlab/franka_ros2_ws/install/moveit_plugins:/home/adminlab/franka_ros2_ws/install/moveit_simple_controller_manager:/home/adminlab/franka_ros2_ws/install/moveit_servo:/home/adminlab/franka_ros2_ws/install/moveit_hybrid_planning:/home/adminlab/franka_ros2_ws/install/moveit2_scripts:/home/adminlab/franka_ros2_ws/install/moveit_ros_planning_interface:/home/adminlab/franka_ros2_ws/install/moveit_ros_benchmarks:/home/adminlab/franka_ros2_ws/install/moveit_ros_warehouse:/home/adminlab/franka_ros2_ws/install/moveit_ros_robot_interaction:/home/adminlab/franka_ros2_ws/install/moveit_ros_perception:/home/adminlab/franka_ros2_ws/install/moveit_resources_prbt_pg70_support:/home/adminlab/franka_ros2_ws/install/moveit_resources_prbt_moveit_config:/home/adminlab/franka_ros2_ws/install/moveit_ros_move_group:/home/adminlab/franka_ros2_ws/install/moveit_planners_ompl:/home/adminlab/franka_ros2_ws/install/moveit_ros_planning:/home/adminlab/franka_ros2_ws/install/moveit_ros_occupancy_map_monitor:/home/adminlab/franka_ros2_ws/install/moveit_resources_prbt_ikfast_manipulator_plugin:/home/adminlab/franka_ros2_ws/install/moveit_planners_chomp:/home/adminlab/franka_ros2_ws/install/moveit_kinematics:/home/adminlab/franka_ros2_ws/install/moveit_chomp_optimizer_adapter:/home/adminlab/franka_ros2_ws/install/chomp_motion_planner:/home/adminlab/franka_ros2_ws/install/moveit_core:/home/adminlab/franka_ros2_ws/install/realsense2_camera:/home/adminlab/franka_ros2_ws/install/moveit_configs_utils:/home/adminlab/franka_ros2_ws/install/ros2test:/home/adminlab/franka_ros2_ws/install/generate_parameter_module_example:/home/adminlab/franka_ros2_ws/install/launch_param_builder:/home/adminlab/franka_ros2_ws/install/handcv:/home/adminlab/franka_ros2_ws/install/generate_parameter_library_py:/home/adminlab/franka_ros2_ws/install/camera_publisher:/opt/ros/humble:/home/adminlab/franka_ros2_ws/install/franka_custom_controller:/home/adminlab/franka_ros2_ws/install/srdfdom:/home/adminlab/franka_ros2_ws/install/rviz_marker_tools:/home/adminlab/franka_ros2_ws/install/rosparam_shortcuts:/home/adminlab/franka_ros2_ws/install/ros_testing:/home/adminlab/franka_ros2_ws/install/realsense2_description:/home/adminlab/franka_ros2_ws/install/realsense2_camera_msgs:/home/adminlab/franka_ros2_ws/install/joint_trajectory_controller:/home/adminlab/franka_ros2_ws/install/generate_parameter_library_example:/home/adminlab/franka_ros2_ws/install/franka_bringup:/home/adminlab/franka_ros2_ws/install/franka_robot_state_broadcaster:/home/adminlab/franka_ros2_ws/install/cmake_generate_parameter_module_example:/home/adminlab/franka_ros2_ws/install/generate_parameter_library:/home/adminlab/franka_ros2_ws/install/parameter_traits:/home/adminlab/franka_ros2_ws/install/moveit_task_constructor_msgs:/home/adminlab/franka_ros2_ws/install/moveit_resources_prbt_support:/home/adminlab/franka_ros2_ws/install/moveit_resources:/home/adminlab/franka_ros2_ws/install/moveit_resources_pr2_description:/home/adminlab/franka_ros2_ws/install/moveit_resources_panda_moveit_config:/home/adminlab/franka_ros2_ws/install/moveit_resources_panda_description:/home/adminlab/franka_ros2_ws/install/moveit_resources_fanuc_moveit_config:/home/adminlab/franka_ros2_ws/install/moveit_resources_fanuc_description:/home/adminlab/franka_ros2_ws/install/moveit_msgs:/home/adminlab/franka_ros2_ws/install/moveit_common:/home/adminlab/franka_ros2_ws/install/librealsense2:/home/adminlab/franka_ros2_ws/install/integration_launch_testing:/home/adminlab/franka_ros2_ws/install/hand_interfaces:/home/adminlab/franka_ros2_ws/install/franka_example_controllers:/home/adminlab/franka_ros2_ws/install/franka_semantic_components:/home/adminlab/franka_ros2_ws/install/franka_moveit_config:/home/adminlab/franka_ros2_ws/install/franka_hardware:/home/adminlab/franka_ros2_ws/install/franka_gripper:/home/adminlab/franka_ros2_ws/install/franka_msgs:/home/adminlab/franka_ros2_ws/install/franka_description:/home/adminlab/franka_ros2_ws/install/OpenCV /usr/bin/cmake --build /home/adminlab/franka_ros2_ws/build/librealsense2 -- -j16 -l16
[0.687s] [  3%] Built target libcurl
[0.689s] [  4%] Built target rs-embed
[0.690s] [ 10%] Built target rsutils
[0.699s] [ 15%] Built target realsense-file
[0.703s] [ 15%] Built target fw
[0.813s] [ 53%] Built target realsense2
[0.868s] [ 55%] Built target rs-hello-realsense
[0.868s] [ 58%] Built target realsense2-gl
[0.868s] [ 59%] Built target rs-software-device
[0.868s] [ 61%] Built target rs-save-to-disk
[0.868s] [ 61%] Built target rs-callback
[0.868s] [ 61%] Built target rs-capture
[0.896s] [ 62%] Built target rs-multicam
[0.899s] [ 62%] Built target rs-pointcloud
[0.917s] [ 63%] Built target rs-align-gl
[0.930s] [ 64%] Built target rs-depth
[0.931s] [ 64%] Built target rs-measure
[0.936s] [ 64%] Built target rs-sensor-control
[0.937s] [ 66%] Built target rs-align
[0.937s] [ 67%] Built target rs-color
[0.937s] [ 68%] Built target rs-align-advanced
[0.937s] [ 68%] Built target rs-distance
[0.937s] [ 70%] Built target rs-post-processing
[0.937s] [ 72%] Built target rs-record-playback
[0.937s] [ 73%] Built target rs-motion
[0.962s] [ 74%] Built target rs-gl
[0.963s] [ 75%] Built target rs-hdr
[0.963s] [ 76%] Built target rs-convert
[0.965s] [ 77%] Built target rs-fw-logger
[0.967s] [ 77%] Built target rs-record
[0.967s] [ 77%] Built target rs-enumerate-devices
[0.969s] [ 77%] Built target rs-terminal
[0.977s] [ 77%] Built target rs-data-collect
[0.981s] [ 77%] Built target rs-fw-update
[0.996s] [ 78%] Built target rs-benchmark
[0.997s] [ 80%] Built target rs-rosbag-inspector
[1.009s] [ 90%] Built target realsense-viewer
[1.013s] [100%] Built target rs-depth-quality
[1.255s] Invoked command in '/home/adminlab/franka_ros2_ws/build/librealsense2' returned '0': CMAKE_PREFIX_PATH=/home/adminlab/franka_ros2_ws/install/pilz_industrial_motion_planner_testutils:/home/adminlab/franka_ros2_ws/install/moveit_runtime:/home/adminlab/franka_ros2_ws/install/moveit_planners:/home/adminlab/franka_ros2_ws/install/pilz_industrial_motion_planner:/home/adminlab/franka_ros2_ws/install/moveit_visual_tools:/home/adminlab/franka_ros2_ws/install/moveit_ros_control_interface:/home/adminlab/franka_ros2_ws/install/moveit_plugins:/home/adminlab/franka_ros2_ws/install/moveit_simple_controller_manager:/home/adminlab/franka_ros2_ws/install/moveit_servo:/home/adminlab/franka_ros2_ws/install/moveit_hybrid_planning:/home/adminlab/franka_ros2_ws/install/moveit2_scripts:/home/adminlab/franka_ros2_ws/install/moveit_ros_planning_interface:/home/adminlab/franka_ros2_ws/install/moveit_ros_benchmarks:/home/adminlab/franka_ros2_ws/install/moveit_ros_warehouse:/home/adminlab/franka_ros2_ws/install/moveit_ros_robot_interaction:/home/adminlab/franka_ros2_ws/install/moveit_ros_perception:/home/adminlab/franka_ros2_ws/install/moveit_resources_prbt_pg70_support:/home/adminlab/franka_ros2_ws/install/moveit_resources_prbt_moveit_config:/home/adminlab/franka_ros2_ws/install/moveit_ros_move_group:/home/adminlab/franka_ros2_ws/install/moveit_planners_ompl:/home/adminlab/franka_ros2_ws/install/moveit_ros_planning:/home/adminlab/franka_ros2_ws/install/moveit_ros_occupancy_map_monitor:/home/adminlab/franka_ros2_ws/install/moveit_resources_prbt_ikfast_manipulator_plugin:/home/adminlab/franka_ros2_ws/install/moveit_planners_chomp:/home/adminlab/franka_ros2_ws/install/moveit_kinematics:/home/adminlab/franka_ros2_ws/install/moveit_chomp_optimizer_adapter:/home/adminlab/franka_ros2_ws/install/chomp_motion_planner:/home/adminlab/franka_ros2_ws/install/moveit_core:/home/adminlab/franka_ros2_ws/install/realsense2_camera:/home/adminlab/franka_ros2_ws/install/moveit_configs_utils:/home/adminlab/franka_ros2_ws/install/ros2test:/home/adminlab/franka_ros2_ws/install/generate_parameter_module_example:/home/adminlab/franka_ros2_ws/install/launch_param_builder:/home/adminlab/franka_ros2_ws/install/handcv:/home/adminlab/franka_ros2_ws/install/generate_parameter_library_py:/home/adminlab/franka_ros2_ws/install/camera_publisher:/opt/ros/humble:/home/adminlab/franka_ros2_ws/install/franka_custom_controller:/home/adminlab/franka_ros2_ws/install/srdfdom:/home/adminlab/franka_ros2_ws/install/rviz_marker_tools:/home/adminlab/franka_ros2_ws/install/rosparam_shortcuts:/home/adminlab/franka_ros2_ws/install/ros_testing:/home/adminlab/franka_ros2_ws/install/realsense2_description:/home/adminlab/franka_ros2_ws/install/realsense2_camera_msgs:/home/adminlab/franka_ros2_ws/install/joint_trajectory_controller:/home/adminlab/franka_ros2_ws/install/generate_parameter_library_example:/home/adminlab/franka_ros2_ws/install/franka_bringup:/home/adminlab/franka_ros2_ws/install/franka_robot_state_broadcaster:/home/adminlab/franka_ros2_ws/install/cmake_generate_parameter_module_example:/home/adminlab/franka_ros2_ws/install/generate_parameter_library:/home/adminlab/franka_ros2_ws/install/parameter_traits:/home/adminlab/franka_ros2_ws/install/moveit_task_constructor_msgs:/home/adminlab/franka_ros2_ws/install/moveit_resources_prbt_support:/home/adminlab/franka_ros2_ws/install/moveit_resources:/home/adminlab/franka_ros2_ws/install/moveit_resources_pr2_description:/home/adminlab/franka_ros2_ws/install/moveit_resources_panda_moveit_config:/home/adminlab/franka_ros2_ws/install/moveit_resources_panda_description:/home/adminlab/franka_ros2_ws/install/moveit_resources_fanuc_moveit_config:/home/adminlab/franka_ros2_ws/install/moveit_resources_fanuc_description:/home/adminlab/franka_ros2_ws/install/moveit_msgs:/home/adminlab/franka_ros2_ws/install/moveit_common:/home/adminlab/franka_ros2_ws/install/librealsense2:/home/adminlab/franka_ros2_ws/install/integration_launch_testing:/home/adminlab/franka_ros2_ws/install/hand_interfaces:/home/adminlab/franka_ros2_ws/install/franka_example_controllers:/home/adminlab/franka_ros2_ws/install/franka_semantic_components:/home/adminlab/franka_ros2_ws/install/franka_moveit_config:/home/adminlab/franka_ros2_ws/install/franka_hardware:/home/adminlab/franka_ros2_ws/install/franka_gripper:/home/adminlab/franka_ros2_ws/install/franka_msgs:/home/adminlab/franka_ros2_ws/install/franka_description:/home/adminlab/franka_ros2_ws/install/OpenCV /usr/bin/cmake --build /home/adminlab/franka_ros2_ws/build/librealsense2 -- -j16 -l16
[2.150s] Invoking command in '/home/adminlab/franka_ros2_ws/build/librealsense2': CMAKE_PREFIX_PATH=/home/adminlab/franka_ros2_ws/install/pilz_industrial_motion_planner_testutils:/home/adminlab/franka_ros2_ws/install/moveit_runtime:/home/adminlab/franka_ros2_ws/install/moveit_planners:/home/adminlab/franka_ros2_ws/install/pilz_industrial_motion_planner:/home/adminlab/franka_ros2_ws/install/moveit_visual_tools:/home/adminlab/franka_ros2_ws/install/moveit_ros_control_interface:/home/adminlab/franka_ros2_ws/install/moveit_plugins:/home/adminlab/franka_ros2_ws/install/moveit_simple_controller_manager:/home/adminlab/franka_ros2_ws/install/moveit_servo:/home/adminlab/franka_ros2_ws/install/moveit_hybrid_planning:/home/adminlab/franka_ros2_ws/install/moveit2_scripts:/home/adminlab/franka_ros2_ws/install/moveit_ros_planning_interface:/home/adminlab/franka_ros2_ws/install/moveit_ros_benchmarks:/home/adminlab/franka_ros2_ws/install/moveit_ros_warehouse:/home/adminlab/franka_ros2_ws/install/moveit_ros_robot_interaction:/home/adminlab/franka_ros2_ws/install/moveit_ros_perception:/home/adminlab/franka_ros2_ws/install/moveit_resources_prbt_pg70_support:/home/adminlab/franka_ros2_ws/install/moveit_resources_prbt_moveit_config:/home/adminlab/franka_ros2_ws/install/moveit_ros_move_group:/home/adminlab/franka_ros2_ws/install/moveit_planners_ompl:/home/adminlab/franka_ros2_ws/install/moveit_ros_planning:/home/adminlab/franka_ros2_ws/install/moveit_ros_occupancy_map_monitor:/home/adminlab/franka_ros2_ws/install/moveit_resources_prbt_ikfast_manipulator_plugin:/home/adminlab/franka_ros2_ws/install/moveit_planners_chomp:/home/adminlab/franka_ros2_ws/install/moveit_kinematics:/home/adminlab/franka_ros2_ws/install/moveit_chomp_optimizer_adapter:/home/adminlab/franka_ros2_ws/install/chomp_motion_planner:/home/adminlab/franka_ros2_ws/install/moveit_core:/home/adminlab/franka_ros2_ws/install/realsense2_camera:/home/adminlab/franka_ros2_ws/install/moveit_configs_utils:/home/adminlab/franka_ros2_ws/install/ros2test:/home/adminlab/franka_ros2_ws/install/generate_parameter_module_example:/home/adminlab/franka_ros2_ws/install/launch_param_builder:/home/adminlab/franka_ros2_ws/install/handcv:/home/adminlab/franka_ros2_ws/install/generate_parameter_library_py:/home/adminlab/franka_ros2_ws/install/camera_publisher:/opt/ros/humble:/home/adminlab/franka_ros2_ws/install/franka_custom_controller:/home/adminlab/franka_ros2_ws/install/srdfdom:/home/adminlab/franka_ros2_ws/install/rviz_marker_tools:/home/adminlab/franka_ros2_ws/install/rosparam_shortcuts:/home/adminlab/franka_ros2_ws/install/ros_testing:/home/adminlab/franka_ros2_ws/install/realsense2_description:/home/adminlab/franka_ros2_ws/install/realsense2_camera_msgs:/home/adminlab/franka_ros2_ws/install/joint_trajectory_controller:/home/adminlab/franka_ros2_ws/install/generate_parameter_library_example:/home/adminlab/franka_ros2_ws/install/franka_bringup:/home/adminlab/franka_ros2_ws/install/franka_robot_state_broadcaster:/home/adminlab/franka_ros2_ws/install/cmake_generate_parameter_module_example:/home/adminlab/franka_ros2_ws/install/generate_parameter_library:/home/adminlab/franka_ros2_ws/install/parameter_traits:/home/adminlab/franka_ros2_ws/install/moveit_task_constructor_msgs:/home/adminlab/franka_ros2_ws/install/moveit_resources_prbt_support:/home/adminlab/franka_ros2_ws/install/moveit_resources:/home/adminlab/franka_ros2_ws/install/moveit_resources_pr2_description:/home/adminlab/franka_ros2_ws/install/moveit_resources_panda_moveit_config:/home/adminlab/franka_ros2_ws/install/moveit_resources_panda_description:/home/adminlab/franka_ros2_ws/install/moveit_resources_fanuc_moveit_config:/home/adminlab/franka_ros2_ws/install/moveit_resources_fanuc_description:/home/adminlab/franka_ros2_ws/install/moveit_msgs:/home/adminlab/franka_ros2_ws/install/moveit_common:/home/adminlab/franka_ros2_ws/install/librealsense2:/home/adminlab/franka_ros2_ws/install/integration_launch_testing:/home/adminlab/franka_ros2_ws/install/hand_interfaces:/home/adminlab/franka_ros2_ws/install/franka_example_controllers:/home/adminlab/franka_ros2_ws/install/franka_semantic_components:/home/adminlab/franka_ros2_ws/install/franka_moveit_config:/home/adminlab/franka_ros2_ws/install/franka_hardware:/home/adminlab/franka_ros2_ws/install/franka_gripper:/home/adminlab/franka_ros2_ws/install/franka_msgs:/home/adminlab/franka_ros2_ws/install/franka_description:/home/adminlab/franka_ros2_ws/install/OpenCV /usr/bin/cmake --install /home/adminlab/franka_ros2_ws/build/librealsense2
[2.174s] -- Install configuration: "Release"
[2.175s] -- Up-to-date: /home/adminlab/franka_ros2_ws/install/librealsense2/lib/librealsense2.so.2.55.1
[2.175s] -- Up-to-date: /home/adminlab/franka_ros2_ws/install/librealsense2/lib/librealsense2.so.2.55
[2.175s] -- Up-to-date: /home/adminlab/franka_ros2_ws/install/librealsense2/lib/librealsense2.so
[2.175s] -- Up-to-date: /home/adminlab/franka_ros2_ws/install/librealsense2/include/librealsense2
[2.175s] -- Up-to-date: /home/adminlab/franka_ros2_ws/install/librealsense2/include/librealsense2/h
[2.175s] -- Up-to-date: /home/adminlab/franka_ros2_ws/install/librealsense2/include/librealsense2/h/rs_advanced_mode_command.h
[2.175s] -- Up-to-date: /home/adminlab/franka_ros2_ws/install/librealsense2/include/librealsense2/h/rs_processing.h
[2.175s] -- Up-to-date: /home/adminlab/franka_ros2_ws/install/librealsense2/include/librealsense2/h/rs_pipeline.h
[2.175s] -- Up-to-date: /home/adminlab/franka_ros2_ws/install/librealsense2/include/librealsense2/h/rs_config.h
[2.175s] -- Up-to-date: /home/adminlab/franka_ros2_ws/install/librealsense2/include/librealsense2/h/rs_device.h
[2.175s] -- Up-to-date: /home/adminlab/franka_ros2_ws/install/librealsense2/include/librealsense2/h/rs_record_playback.h
[2.175s] -- Up-to-date: /home/adminlab/franka_ros2_ws/install/librealsense2/include/librealsense2/h/rs_internal.h
[2.175s] -- Up-to-date: /home/adminlab/franka_ros2_ws/install/librealsense2/include/librealsense2/h/rs_types.h
[2.175s] -- Up-to-date: /home/adminlab/franka_ros2_ws/install/librealsense2/include/librealsense2/h/rs_option.h
[2.175s] -- Up-to-date: /home/adminlab/franka_ros2_ws/install/librealsense2/include/librealsense2/h/rs_context.h
[2.175s] -- Up-to-date: /home/adminlab/franka_ros2_ws/install/librealsense2/include/librealsense2/h/rs_sensor.h
[2.176s] -- Up-to-date: /home/adminlab/franka_ros2_ws/install/librealsense2/include/librealsense2/h/rs_frame.h
[2.176s] -- Up-to-date: /home/adminlab/franka_ros2_ws/install/librealsense2/include/librealsense2/rs_advanced_mode.h
[2.176s] -- Up-to-date: /home/adminlab/franka_ros2_ws/install/librealsense2/include/librealsense2/rs.hpp
[2.176s] -- Up-to-date: /home/adminlab/franka_ros2_ws/install/librealsense2/include/librealsense2/hpp
[2.176s] -- Up-to-date: /home/adminlab/franka_ros2_ws/install/librealsense2/include/librealsense2/hpp/rs_internal.hpp
[2.176s] -- Up-to-date: /home/adminlab/franka_ros2_ws/install/librealsense2/include/librealsense2/hpp/rs_pipeline.hpp
[2.176s] -- Up-to-date: /home/adminlab/franka_ros2_ws/install/librealsense2/include/librealsense2/hpp/rs_export.hpp
[2.176s] -- Up-to-date: /home/adminlab/franka_ros2_ws/install/librealsense2/include/librealsense2/hpp/rs_types.hpp
[2.176s] -- Up-to-date: /home/adminlab/franka_ros2_ws/install/librealsense2/include/librealsense2/hpp/rs_record_playback.hpp
[2.176s] -- Up-to-date: /home/adminlab/franka_ros2_ws/install/librealsense2/include/librealsense2/hpp/rs_serializable_device.hpp
[2.176s] -- Up-to-date: /home/adminlab/franka_ros2_ws/install/librealsense2/include/librealsense2/hpp/rs_options.hpp
[2.177s] -- Up-to-date: /home/adminlab/franka_ros2_ws/install/librealsense2/include/librealsense2/hpp/rs_processing.hpp
[2.177s] -- Up-to-date: /home/adminlab/franka_ros2_ws/install/librealsense2/include/librealsense2/hpp/rs_sensor.hpp
[2.177s] -- Up-to-date: /home/adminlab/franka_ros2_ws/install/librealsense2/include/librealsense2/hpp/rs_context.hpp
[2.177s] -- Up-to-date: /home/adminlab/franka_ros2_ws/install/librealsense2/include/librealsense2/hpp/rs_frame.hpp
[2.177s] -- Up-to-date: /home/adminlab/franka_ros2_ws/install/librealsense2/include/librealsense2/hpp/rs_device.hpp
[2.177s] -- Up-to-date: /home/adminlab/franka_ros2_ws/install/librealsense2/include/librealsense2/rsutil.h
[2.177s] -- Up-to-date: /home/adminlab/franka_ros2_ws/install/librealsense2/include/librealsense2/rs_advanced_mode.hpp
[2.177s] -- Up-to-date: /home/adminlab/franka_ros2_ws/install/librealsense2/include/librealsense2/rs.h
[2.177s] -- Up-to-date: /home/adminlab/franka_ros2_ws/install/librealsense2/lib/cmake/realsense2/realsense2Targets.cmake
[2.177s] -- Up-to-date: /home/adminlab/franka_ros2_ws/install/librealsense2/lib/cmake/realsense2/realsense2Targets-release.cmake
[2.178s] -- Up-to-date: /home/adminlab/franka_ros2_ws/install/librealsense2/lib/cmake/realsense2/realsense2Config.cmake
[2.178s] -- Up-to-date: /home/adminlab/franka_ros2_ws/install/librealsense2/lib/cmake/realsense2/realsense2ConfigVersion.cmake
[2.178s] -- Up-to-date: /home/adminlab/franka_ros2_ws/install/librealsense2/lib/pkgconfig/realsense2.pc
[2.241s] /sbin/ldconfig.real: Can't create temporary cache file /etc/ld.so.cache~: Permission denied
[2.241s] -- Up-to-date: /home/adminlab/franka_ros2_ws/install/librealsense2/lib/librsutils.a
[2.241s] -- Up-to-date: /home/adminlab/franka_ros2_ws/install/librealsense2/lib/librealsense-file.a
[2.242s] -- Up-to-date: /home/adminlab/franka_ros2_ws/install/librealsense2/lib/librealsense2-gl.so.2.55.1
[2.242s] -- Up-to-date: /home/adminlab/franka_ros2_ws/install/librealsense2/lib/librealsense2-gl.so.2.55
[2.242s] -- Up-to-date: /home/adminlab/franka_ros2_ws/install/librealsense2/lib/librealsense2-gl.so
[2.242s] -- Up-to-date: /home/adminlab/franka_ros2_ws/install/librealsense2/include/librealsense2-gl/rs_processing_gl.h
[2.242s] -- Up-to-date: /home/adminlab/franka_ros2_ws/install/librealsense2/include/librealsense2-gl/rs_processing_gl.hpp
[2.242s] -- Up-to-date: /home/adminlab/franka_ros2_ws/install/librealsense2/lib/cmake/realsense2-gl/realsense2-glTargets.cmake
[2.242s] -- Up-to-date: /home/adminlab/franka_ros2_ws/install/librealsense2/lib/cmake/realsense2-gl/realsense2-glTargets-release.cmake
[2.243s] -- Up-to-date: /home/adminlab/franka_ros2_ws/install/librealsense2/lib/cmake/realsense2-gl/realsense2-glConfig.cmake
[2.243s] -- Up-to-date: /home/adminlab/franka_ros2_ws/install/librealsense2/lib/cmake/realsense2-gl/realsense2-glConfigVersion.cmake
[2.243s] -- Up-to-date: /home/adminlab/franka_ros2_ws/install/librealsense2/lib/pkgconfig/realsense2-gl.pc
[2.302s] /sbin/ldconfig.real: Can't create temporary cache file /etc/ld.so.cache~: Permission denied
[2.302s] -- Up-to-date: /home/adminlab/franka_ros2_ws/install/librealsense2/bin/rs-hello-realsense
[2.303s] -- Up-to-date: /home/adminlab/franka_ros2_ws/install/librealsense2/bin/rs-software-device
[2.303s] -- Up-to-date: /home/adminlab/franka_ros2_ws/install/librealsense2/bin/rs-capture
[2.303s] -- Up-to-date: /home/adminlab/franka_ros2_ws/install/librealsense2/bin/rs-callback
[2.303s] -- Up-to-date: /home/adminlab/franka_ros2_ws/install/librealsense2/bin/rs-save-to-disk
[2.304s] -- Up-to-date: /home/adminlab/franka_ros2_ws/install/librealsense2/bin/rs-multicam
[2.304s] -- Up-to-date: /home/adminlab/franka_ros2_ws/install/librealsense2/bin/rs-pointcloud
[2.304s] -- Up-to-date: /home/adminlab/franka_ros2_ws/install/librealsense2/bin/rs-align
[2.304s] -- Up-to-date: /home/adminlab/franka_ros2_ws/install/librealsense2/bin/rs-align-gl
[2.305s] -- Up-to-date: /home/adminlab/franka_ros2_ws/install/librealsense2/bin/rs-align-advanced
[2.305s] -- Up-to-date: /home/adminlab/franka_ros2_ws/install/librealsense2/bin/rs-sensor-control
[2.305s] -- Up-to-date: /home/adminlab/franka_ros2_ws/install/librealsense2/bin/rs-measure
[2.306s] -- Up-to-date: /home/adminlab/franka_ros2_ws/install/librealsense2/bin/rs-depth
[2.306s] -- Up-to-date: /home/adminlab/franka_ros2_ws/install/librealsense2/bin/rs-color
[2.306s] -- Up-to-date: /home/adminlab/franka_ros2_ws/install/librealsense2/bin/rs-distance
[2.306s] -- Up-to-date: /home/adminlab/franka_ros2_ws/install/librealsense2/bin/rs-post-processing
[2.307s] -- Up-to-date: /home/adminlab/franka_ros2_ws/install/librealsense2/bin/rs-record-playback
[2.307s] -- Up-to-date: /home/adminlab/franka_ros2_ws/install/librealsense2/bin/rs-motion
[2.313s] -- Up-to-date: /home/adminlab/franka_ros2_ws/install/librealsense2/bin/rs-gl
[2.313s] -- Up-to-date: /home/adminlab/franka_ros2_ws/install/librealsense2/bin/rs-hdr
[2.313s] -- Up-to-date: /home/adminlab/franka_ros2_ws/install/librealsense2/bin/rs-convert
[2.313s] -- Up-to-date: /home/adminlab/franka_ros2_ws/install/librealsense2/bin/rs-enumerate-devices
[2.313s] -- Up-to-date: /home/adminlab/franka_ros2_ws/install/librealsense2/bin/rs-fw-logger
[2.313s] -- Up-to-date: /home/adminlab/franka_ros2_ws/install/librealsense2/bin/rs-terminal
[2.315s] -- Up-to-date: /home/adminlab/franka_ros2_ws/install/librealsense2/bin/rs-record
[2.316s] -- Up-to-date: /home/adminlab/franka_ros2_ws/install/librealsense2/bin/rs-fw-update
[2.316s] -- Up-to-date: /home/adminlab/franka_ros2_ws/install/librealsense2/bin/rs-embed
[2.316s] -- Up-to-date: /home/adminlab/franka_ros2_ws/install/librealsense2/bin/rs-data-collect
[2.316s] -- Up-to-date: /home/adminlab/franka_ros2_ws/install/librealsense2/bin/realsense-viewer
[2.316s] -- Up-to-date: /home/adminlab/Documents/librealsense2/presets
[2.316s] -- Up-to-date: /home/adminlab/Documents/librealsense2/presets/sample.preset
[2.316s] -- Up-to-date: /home/adminlab/franka_ros2_ws/install/librealsense2/bin/rs-depth-quality
[2.316s] -- Up-to-date: /home/adminlab/franka_ros2_ws/install/librealsense2/bin/rs-rosbag-inspector
[2.316s] -- Up-to-date: /home/adminlab/franka_ros2_ws/install/librealsense2/bin/rs-benchmark
[2.316s] -- Up-to-date: /home/adminlab/franka_ros2_ws/install/librealsense2/lib/libfw.a
[2.363s] Invoked command in '/home/adminlab/franka_ros2_ws/build/librealsense2' returned '0': CMAKE_PREFIX_PATH=/home/adminlab/franka_ros2_ws/install/pilz_industrial_motion_planner_testutils:/home/adminlab/franka_ros2_ws/install/moveit_runtime:/home/adminlab/franka_ros2_ws/install/moveit_planners:/home/adminlab/franka_ros2_ws/install/pilz_industrial_motion_planner:/home/adminlab/franka_ros2_ws/install/moveit_visual_tools:/home/adminlab/franka_ros2_ws/install/moveit_ros_control_interface:/home/adminlab/franka_ros2_ws/install/moveit_plugins:/home/adminlab/franka_ros2_ws/install/moveit_simple_controller_manager:/home/adminlab/franka_ros2_ws/install/moveit_servo:/home/adminlab/franka_ros2_ws/install/moveit_hybrid_planning:/home/adminlab/franka_ros2_ws/install/moveit2_scripts:/home/adminlab/franka_ros2_ws/install/moveit_ros_planning_interface:/home/adminlab/franka_ros2_ws/install/moveit_ros_benchmarks:/home/adminlab/franka_ros2_ws/install/moveit_ros_warehouse:/home/adminlab/franka_ros2_ws/install/moveit_ros_robot_interaction:/home/adminlab/franka_ros2_ws/install/moveit_ros_perception:/home/adminlab/franka_ros2_ws/install/moveit_resources_prbt_pg70_support:/home/adminlab/franka_ros2_ws/install/moveit_resources_prbt_moveit_config:/home/adminlab/franka_ros2_ws/install/moveit_ros_move_group:/home/adminlab/franka_ros2_ws/install/moveit_planners_ompl:/home/adminlab/franka_ros2_ws/install/moveit_ros_planning:/home/adminlab/franka_ros2_ws/install/moveit_ros_occupancy_map_monitor:/home/adminlab/franka_ros2_ws/install/moveit_resources_prbt_ikfast_manipulator_plugin:/home/adminlab/franka_ros2_ws/install/moveit_planners_chomp:/home/adminlab/franka_ros2_ws/install/moveit_kinematics:/home/adminlab/franka_ros2_ws/install/moveit_chomp_optimizer_adapter:/home/adminlab/franka_ros2_ws/install/chomp_motion_planner:/home/adminlab/franka_ros2_ws/install/moveit_core:/home/adminlab/franka_ros2_ws/install/realsense2_camera:/home/adminlab/franka_ros2_ws/install/moveit_configs_utils:/home/adminlab/franka_ros2_ws/install/ros2test:/home/adminlab/franka_ros2_ws/install/generate_parameter_module_example:/home/adminlab/franka_ros2_ws/install/launch_param_builder:/home/adminlab/franka_ros2_ws/install/handcv:/home/adminlab/franka_ros2_ws/install/generate_parameter_library_py:/home/adminlab/franka_ros2_ws/install/camera_publisher:/opt/ros/humble:/home/adminlab/franka_ros2_ws/install/franka_custom_controller:/home/adminlab/franka_ros2_ws/install/srdfdom:/home/adminlab/franka_ros2_ws/install/rviz_marker_tools:/home/adminlab/franka_ros2_ws/install/rosparam_shortcuts:/home/adminlab/franka_ros2_ws/install/ros_testing:/home/adminlab/franka_ros2_ws/install/realsense2_description:/home/adminlab/franka_ros2_ws/install/realsense2_camera_msgs:/home/adminlab/franka_ros2_ws/install/joint_trajectory_controller:/home/adminlab/franka_ros2_ws/install/generate_parameter_library_example:/home/adminlab/franka_ros2_ws/install/franka_bringup:/home/adminlab/franka_ros2_ws/install/franka_robot_state_broadcaster:/home/adminlab/franka_ros2_ws/install/cmake_generate_parameter_module_example:/home/adminlab/franka_ros2_ws/install/generate_parameter_library:/home/adminlab/franka_ros2_ws/install/parameter_traits:/home/adminlab/franka_ros2_ws/install/moveit_task_constructor_msgs:/home/adminlab/franka_ros2_ws/install/moveit_resources_prbt_support:/home/adminlab/franka_ros2_ws/install/moveit_resources:/home/adminlab/franka_ros2_ws/install/moveit_resources_pr2_description:/home/adminlab/franka_ros2_ws/install/moveit_resources_panda_moveit_config:/home/adminlab/franka_ros2_ws/install/moveit_resources_panda_description:/home/adminlab/franka_ros2_ws/install/moveit_resources_fanuc_moveit_config:/home/adminlab/franka_ros2_ws/install/moveit_resources_fanuc_description:/home/adminlab/franka_ros2_ws/install/moveit_msgs:/home/adminlab/franka_ros2_ws/install/moveit_common:/home/adminlab/franka_ros2_ws/install/librealsense2:/home/adminlab/franka_ros2_ws/install/integration_launch_testing:/home/adminlab/franka_ros2_ws/install/hand_interfaces:/home/adminlab/franka_ros2_ws/install/franka_example_controllers:/home/adminlab/franka_ros2_ws/install/franka_semantic_components:/home/adminlab/franka_ros2_ws/install/franka_moveit_config:/home/adminlab/franka_ros2_ws/install/franka_hardware:/home/adminlab/franka_ros2_ws/install/franka_gripper:/home/adminlab/franka_ros2_ws/install/franka_msgs:/home/adminlab/franka_ros2_ws/install/franka_description:/home/adminlab/franka_ros2_ws/install/OpenCV /usr/bin/cmake --install /home/adminlab/franka_ros2_ws/build/librealsense2
