-- Detected processor: x86_64
-- Looking for ccache - not found
-- The imported target "openjpip" references the file
   "/usr/lib/x86_64-linux-gnu/libopenjpip.so.2.4.0"
but this file does not exist.  Possible reasons include:
* The file was deleted, renamed, or moved to another location.
* An install or uninstall procedure did not complete successfully.
* The installation package was faulty and contained
   "/usr/lib/x86_64-linux-gnu/openjpeg-2.1/OpenJPEGTargets.cmake"
but not all the files it references.

-- The imported target "opj_decompress" references the file
   "/usr/bin/opj_decompress"
but this file does not exist.  Possible reasons include:
* The file was deleted, renamed, or moved to another location.
* An install or uninstall procedure did not complete successfully.
* The installation package was faulty and contained
   "/usr/lib/x86_64-linux-gnu/openjpeg-2.1/OpenJPEGTargets.cmake"
but not all the files it references.

-- The imported target "opj_compress" references the file
   "/usr/bin/opj_compress"
but this file does not exist.  Possible reasons include:
* The file was deleted, renamed, or moved to another location.
* An install or uninstall procedure did not complete successfully.
* The installation package was faulty and contained
   "/usr/lib/x86_64-linux-gnu/openjpeg-2.1/OpenJPEGTargets.cmake"
but not all the files it references.

-- The imported target "opj_dump" references the file
   "/usr/bin/opj_dump"
but this file does not exist.  Possible reasons include:
* The file was deleted, renamed, or moved to another location.
* An install or uninstall procedure did not complete successfully.
* The installation package was faulty and contained
   "/usr/lib/x86_64-linux-gnu/openjpeg-2.1/OpenJPEGTargets.cmake"
but not all the files it references.

-- The imported target "opj_jpip_addxml" references the file
   "/usr/bin/opj_jpip_addxml"
but this file does not exist.  Possible reasons include:
* The file was deleted, renamed, or moved to another location.
* An install or uninstall procedure did not complete successfully.
* The installation package was faulty and contained
   "/usr/lib/x86_64-linux-gnu/openjpeg-2.1/OpenJPEGTargets.cmake"
but not all the files it references.

-- The imported target "opj_server" references the file
   "/usr/bin/opj_server"
but this file does not exist.  Possible reasons include:
* The file was deleted, renamed, or moved to another location.
* An install or uninstall procedure did not complete successfully.
* The installation package was faulty and contained
   "/usr/lib/x86_64-linux-gnu/openjpeg-2.1/OpenJPEGTargets.cmake"
but not all the files it references.

-- The imported target "opj_dec_server" references the file
   "/usr/bin/opj_dec_server"
but this file does not exist.  Possible reasons include:
* The file was deleted, renamed, or moved to another location.
* An install or uninstall procedure did not complete successfully.
* The installation package was faulty and contained
   "/usr/lib/x86_64-linux-gnu/openjpeg-2.1/OpenJPEGTargets.cmake"
but not all the files it references.

-- The imported target "opj_jpip_transcode" references the file
   "/usr/bin/opj_jpip_transcode"
but this file does not exist.  Possible reasons include:
* The file was deleted, renamed, or moved to another location.
* An install or uninstall procedure did not complete successfully.
* The installation package was faulty and contained
   "/usr/lib/x86_64-linux-gnu/openjpeg-2.1/OpenJPEGTargets.cmake"
but not all the files it references.

-- The imported target "opj_jpip_test" references the file
   "/usr/bin/opj_jpip_test"
but this file does not exist.  Possible reasons include:
* The file was deleted, renamed, or moved to another location.
* An install or uninstall procedure did not complete successfully.
* The installation package was faulty and contained
   "/usr/lib/x86_64-linux-gnu/openjpeg-2.1/OpenJPEGTargets.cmake"
but not all the files it references.

-- Found system OpenJPEG: openjp2 (found version "2.4.0")
-- Found OpenEXR: /usr/lib/x86_64-linux-gnu/libIlmImf-2_5.so
-- libva: missing va.h header (VA_INCLUDE_DIR)
-- found Intel IPP (ICV version): 2021.11.0 [2021.11.0]
-- at: /home/adminlab/franka_ros2_ws/build/OpenCV/3rdparty/ippicv/ippicv_lnx/icv
-- found Intel IPP Integration Wrappers sources: 2021.11.0
-- at: /home/adminlab/franka_ros2_ws/build/OpenCV/3rdparty/ippicv/ippicv_lnx/iw
-- Could not find OpenBLAS include. Turning OpenBLAS_FOUND off
-- Could not find OpenBLAS lib. Turning OpenBLAS_FOUND off
-- Could NOT find Atlas (missing: Atlas_CLAPACK_INCLUDE_DIR Atlas_CBLAS_LIBRARY Atlas_BLAS_LIBRARY) 
-- Found VTK 9.1.0
-- Checking for module 'gtk+-2.0'
--   No package 'gtk+-2.0' found
-- Checking for module 'libavresample'
--   No package 'libavresample' found
-- WARNING: Can't build ffmpeg test code
-- Allocator metrics storage type: 'long long'
-- Excluding from source files list: <BUILD>/modules/core/test/test_intrin256.lasx.cpp
-- Excluding from source files list: modules/imgproc/src/imgwarp.lasx.cpp
-- Excluding from source files list: modules/imgproc/src/resize.lasx.cpp
-- Registering hook 'INIT_MODULE_SOURCES_opencv_dnn': /home/adminlab/franka_ros2_ws/src/opencv/modules/dnn/cmake/hooks/INIT_MODULE_SOURCES_opencv_dnn.cmake
-- opencv_dnn: filter out cuda4dnn source code
-- Excluding from source files list: modules/dnn/src/layers/cpu_kernels/conv_winograd_f63.neon.cpp
-- Excluding from source files list: <BUILD>/modules/dnn/layers/layers_common.rvv.cpp
-- Excluding from source files list: <BUILD>/modules/dnn/layers/layers_common.lasx.cpp
-- Excluding from source files list: <BUILD>/modules/dnn/int8layers/layers_common.rvv.cpp
-- Excluding from source files list: <BUILD>/modules/dnn/int8layers/layers_common.lasx.cpp
-- Excluding from source files list: <BUILD>/modules/dnn/layers/cpu_kernels/conv_block.neon.cpp
-- Excluding from source files list: <BUILD>/modules/dnn/layers/cpu_kernels/conv_block.neon_fp16.cpp
-- Excluding from source files list: <BUILD>/modules/dnn/layers/cpu_kernels/conv_depthwise.rvv.cpp
-- Excluding from source files list: <BUILD>/modules/dnn/layers/cpu_kernels/conv_depthwise.lasx.cpp
-- Excluding from source files list: <BUILD>/modules/dnn/layers/cpu_kernels/conv_winograd_f63.neon_fp16.cpp
-- Excluding from source files list: <BUILD>/modules/dnn/layers/cpu_kernels/fast_gemm_kernels.neon.cpp
-- Excluding from source files list: <BUILD>/modules/dnn/layers/cpu_kernels/fast_gemm_kernels.lasx.cpp
-- highgui: using builtin backend: GTK3
-- Found 'misc' Python modules from /home/adminlab/franka_ros2_ws/src/opencv/modules/python/package/extra_modules
-- Found 'mat_wrapper;utils' Python modules from /home/adminlab/franka_ros2_ws/src/opencv/modules/core/misc/python/package
-- Found 'gapi' Python modules from /home/adminlab/franka_ros2_ws/src/opencv/modules/gapi/misc/python/package
-- Found 'misc' Python modules from /home/adminlab/franka_ros2_ws/src/opencv/modules/python/package/extra_modules
-- Found 'mat_wrapper;utils' Python modules from /home/adminlab/franka_ros2_ws/src/opencv/modules/core/misc/python/package
-- Found 'gapi' Python modules from /home/adminlab/franka_ros2_ws/src/opencv/modules/gapi/misc/python/package
-- 
-- General configuration for OpenCV 4.10.0-pre =====================================
--   Version control:               4.9.0-529-gd9421ac148
-- 
--   Platform:
--     Timestamp:                   2024-06-06T09:31:20Z
--     Host:                        Linux 6.5.0-35-generic x86_64
--     CMake:                       3.22.1
--     CMake generator:             Unix Makefiles
--     CMake build tool:            /usr/bin/gmake
--     Configuration:               Debug
-- 
--   CPU/HW features:
--     Baseline:                    SSE SSE2 SSE3
--       requested:                 SSE3
--     Dispatched code generation:  SSE4_1 SSE4_2 FP16 AVX AVX2 AVX512_SKX
--       requested:                 SSE4_1 SSE4_2 AVX FP16 AVX2 AVX512_SKX
--       SSE4_1 (18 files):         + SSSE3 SSE4_1
--       SSE4_2 (2 files):          + SSSE3 SSE4_1 POPCNT SSE4_2
--       FP16 (1 files):            + SSSE3 SSE4_1 POPCNT SSE4_2 FP16 AVX
--       AVX (9 files):             + SSSE3 SSE4_1 POPCNT SSE4_2 AVX
--       AVX2 (38 files):           + SSSE3 SSE4_1 POPCNT SSE4_2 FP16 FMA3 AVX AVX2
--       AVX512_SKX (8 files):      + SSSE3 SSE4_1 POPCNT SSE4_2 FP16 FMA3 AVX AVX2 AVX_512F AVX512_COMMON AVX512_SKX
-- 
--   C/C++:
--     Built as dynamic libs?:      YES
--     C++ standard:                11
--     C++ Compiler:                /usr/bin/c++  (ver 11.4.0)
--     C++ flags (Release):         -fsigned-char -W -Wall -Wreturn-type -Wnon-virtual-dtor -Waddress -Wsequence-point -Wformat -Wformat-security -Wmissing-declarations -Wundef -Winit-self -Wpointer-arith -Wshadow -Wsign-promo -Wuninitialized -Wsuggest-override -Wno-delete-non-virtual-dtor -Wno-comment -Wimplicit-fallthrough=3 -Wno-strict-overflow -fdiagnostics-show-option -Wno-long-long -pthread -fomit-frame-pointer -ffunction-sections -fdata-sections  -msse -msse2 -msse3 -fvisibility=hidden -fvisibility-inlines-hidden -O3 -DNDEBUG  -DNDEBUG
--     C++ flags (Debug):           -fsigned-char -W -Wall -Wreturn-type -Wnon-virtual-dtor -Waddress -Wsequence-point -Wformat -Wformat-security -Wmissing-declarations -Wundef -Winit-self -Wpointer-arith -Wshadow -Wsign-promo -Wuninitialized -Wsuggest-override -Wno-delete-non-virtual-dtor -Wno-comment -Wimplicit-fallthrough=3 -Wno-strict-overflow -fdiagnostics-show-option -Wno-long-long -pthread -fomit-frame-pointer -ffunction-sections -fdata-sections  -msse -msse2 -msse3 -fvisibility=hidden -fvisibility-inlines-hidden -g  -O0 -DDEBUG -D_DEBUG
--     C Compiler:                  /usr/bin/cc
--     C flags (Release):           -fsigned-char -W -Wall -Wreturn-type -Waddress -Wsequence-point -Wformat -Wformat-security -Wmissing-declarations -Wmissing-prototypes -Wstrict-prototypes -Wundef -Winit-self -Wpointer-arith -Wshadow -Wuninitialized -Wno-comment -Wimplicit-fallthrough=3 -Wno-strict-overflow -fdiagnostics-show-option -Wno-long-long -pthread -fomit-frame-pointer -ffunction-sections -fdata-sections  -msse -msse2 -msse3 -fvisibility=hidden -O3 -DNDEBUG  -DNDEBUG
--     C flags (Debug):             -fsigned-char -W -Wall -Wreturn-type -Waddress -Wsequence-point -Wformat -Wformat-security -Wmissing-declarations -Wmissing-prototypes -Wstrict-prototypes -Wundef -Winit-self -Wpointer-arith -Wshadow -Wuninitialized -Wno-comment -Wimplicit-fallthrough=3 -Wno-strict-overflow -fdiagnostics-show-option -Wno-long-long -pthread -fomit-frame-pointer -ffunction-sections -fdata-sections  -msse -msse2 -msse3 -fvisibility=hidden -g  -O0 -DDEBUG -D_DEBUG
--     Linker flags (Release):      -Wl,--exclude-libs,libippicv.a -Wl,--exclude-libs,libippiw.a   -Wl,--gc-sections -Wl,--as-needed -Wl,--no-undefined  
--     Linker flags (Debug):        -Wl,--exclude-libs,libippicv.a -Wl,--exclude-libs,libippiw.a   -Wl,--gc-sections -Wl,--as-needed -Wl,--no-undefined  
--     ccache:                      NO
--     Precompiled headers:         NO
--     Extra dependencies:          dl m pthread rt
--     3rdparty dependencies:
-- 
--   OpenCV modules:
--     To be built:                 calib3d core dnn features2d flann gapi highgui imgcodecs imgproc java ml objdetect photo python3 stitching ts video videoio
--     Disabled:                    world
--     Disabled by dependency:      -
--     Unavailable:                 python2
--     Applications:                tests perf_tests apps
--     Documentation:               NO
--     Non-free algorithms:         NO
-- 
--   GUI:                           GTK3
--     GTK+:                        YES (ver 3.24.33)
--       GThread :                  YES (ver 2.72.4)
--       GtkGlExt:                  NO
--     VTK support:                 YES (ver 9.1.0)
-- 
--   Media I/O: 
--     ZLib:                        /usr/lib/x86_64-linux-gnu/libz.so (ver 1.2.11)
--     JPEG:                        /usr/lib/x86_64-linux-gnu/libjpeg.so (ver 80)
--     WEBP:                        /usr/lib/x86_64-linux-gnu/libwebp.so (ver encoder: 0x020f)
--     PNG:                         /usr/lib/x86_64-linux-gnu/libpng.so (ver 1.6.37)
--     TIFF:                        /usr/lib/x86_64-linux-gnu/libtiff.so (ver 42 / 4.3.0)
--     JPEG 2000:                   OpenJPEG (ver 2.4.0)
--     OpenEXR:                     /usr/lib/x86_64-linux-gnu/libImath-2_5.so /usr/lib/x86_64-linux-gnu/libIlmImf-2_5.so /usr/lib/x86_64-linux-gnu/libIex-2_5.so /usr/lib/x86_64-linux-gnu/libHalf-2_5.so /usr/lib/x86_64-linux-gnu/libIlmThread-2_5.so (ver 2_5)
--     HDR:                         YES
--     SUNRASTER:                   YES
--     PXM:                         YES
--     PFM:                         YES
-- 
--   Video I/O:
--     DC1394:                      YES (2.2.6)
--     FFMPEG:                      NO
--       avcodec:                   YES (58.134.100)
--       avformat:                  YES (58.76.100)
--       avutil:                    YES (56.70.100)
--       swscale:                   YES (5.9.100)
--       avresample:                NO
--     GStreamer:                   YES (1.20.3)
--     v4l/v4l2:                    YES (linux/videodev2.h)
-- 
--   Parallel framework:            pthreads
-- 
--   Trace:                         YES (with Intel ITT)
-- 
--   Other third-party libraries:
--     Intel IPP:                   2021.11.0 [2021.11.0]
--            at:                   /home/adminlab/franka_ros2_ws/build/OpenCV/3rdparty/ippicv/ippicv_lnx/icv
--     Intel IPP IW:                sources (2021.11.0)
--               at:                /home/adminlab/franka_ros2_ws/build/OpenCV/3rdparty/ippicv/ippicv_lnx/iw
--     VA:                          NO
--     Lapack:                      NO
--     Eigen:                       YES (ver 3.4.0)
--     Custom HAL:                  NO
--     Protobuf:                    build (3.19.1)
--     Flatbuffers:                 builtin/3rdparty (23.5.9)
-- 
--   OpenCL:                        YES (no extra features)
--     Include path:                /home/adminlab/franka_ros2_ws/src/opencv/3rdparty/include/opencl/1.2
--     Link libraries:              Dynamic load
-- 
--   Python 3:
--     Interpreter:                 /usr/bin/python3 (ver 3.10.12)
--     Libraries:                   /usr/lib/x86_64-linux-gnu/libpython3.10.so (ver 3.10.12)
--     Limited API:                 NO
--     numpy:                       /home/adminlab/.local/lib/python3.10/site-packages/numpy/core/include (ver 1.26.4)
--     install path:                lib/python3.10/dist-packages/cv2/python-3.10
-- 
--   Python (for build):            /usr/bin/python3
-- 
--   Java:                          
--     ant:                         NO
--     Java:                        YES (ver 11.0.22)
--     JNI:                         /usr/lib/jvm/default-java/include /usr/lib/jvm/default-java/include/linux /usr/lib/jvm/default-java/include
--     Java wrappers:               YES (JAVA)
--     Java tests:                  NO
-- 
--   Install to:                    /home/adminlab/franka_ros2_ws/install/OpenCV
-- -----------------------------------------------------------------
-- 
-- Configuring done
-- Generating done
-- Build files have been written to: /home/adminlab/franka_ros2_ws/build/OpenCV
[35m[1mConsolidate compiler generated dependencies of target ittnotify[0m
[35m[1mConsolidate compiler generated dependencies of target ippiw[0m
[35m[1mConsolidate compiler generated dependencies of target ade[0m
[35m[1mConsolidate compiler generated dependencies of target libprotobuf[0m
[  0%] Built target opencv_dnn_plugins
[  0%] Built target opencv_highgui_plugins
[  0%] Built target opencv_videoio_plugins
[  0%] Built target gen_opencv_python_source
[  0%] Built target ittnotify
[  1%] [34m[1mGenerate files for Java bindings[0m
[  2%] Built target ippiw
[  3%] Built target ade
[  6%] Built target libprotobuf
[35m[1mConsolidate compiler generated dependencies of target opencv_core[0m
JAVA: Processing OpenCV modules: 12
[ 14%] Built target opencv_core
[35m[1mConsolidate compiler generated dependencies of target opencv_flann[0m
[35m[1mConsolidate compiler generated dependencies of target opencv_version[0m
[35m[1mConsolidate compiler generated dependencies of target opencv_ml[0m
[ 15%] Built target opencv_flann
[ 15%] Built target opencv_version
[35m[1mConsolidate compiler generated dependencies of target opencv_imgproc[0m
[ 16%] Built target opencv_ml
[ 23%] Built target opencv_imgproc
[35m[1mConsolidate compiler generated dependencies of target opencv_photo[0m
[35m[1mConsolidate compiler generated dependencies of target opencv_imgcodecs[0m
[35m[1mConsolidate compiler generated dependencies of target opencv_features2d[0m
[35m[1mConsolidate compiler generated dependencies of target opencv_dnn[0m
[ 24%] Built target opencv_photo
[ 26%] Built target opencv_features2d
[ 28%] Built target opencv_imgcodecs
[35m[1mConsolidate compiler generated dependencies of target opencv_videoio[0m
[35m[1mConsolidate compiler generated dependencies of target opencv_calib3d[0m
[ 29%] Built target opencv_videoio
[ 40%] Built target opencv_dnn
[35m[1mConsolidate compiler generated dependencies of target opencv_highgui[0m
[35m[1mConsolidate compiler generated dependencies of target opencv_model_diagnostics[0m
[ 40%] Built target opencv_highgui
[35m[1mConsolidate compiler generated dependencies of target opencv_annotation[0m
[ 40%] Built target opencv_model_diagnostics
[35m[1mConsolidate compiler generated dependencies of target opencv_visualisation[0m
[35m[1mConsolidate compiler generated dependencies of target opencv_ts[0m
[ 40%] Built target opencv_annotation
[ 41%] Built target opencv_visualisation
[ 45%] Built target opencv_calib3d
[35m[1mConsolidate compiler generated dependencies of target opencv_stitching[0m
[35m[1mConsolidate compiler generated dependencies of target opencv_objdetect[0m
[ 46%] Built target opencv_ts
[35m[1mConsolidate compiler generated dependencies of target opencv_video[0m
[35m[1mConsolidate compiler generated dependencies of target opencv_test_flann[0m
[35m[1mConsolidate compiler generated dependencies of target opencv_test_ml[0m
[35m[1mConsolidate compiler generated dependencies of target opencv_test_photo[0m
[35m[1mConsolidate compiler generated dependencies of target opencv_perf_photo[0m
[35m[1mConsolidate compiler generated dependencies of target opencv_perf_core[0m
[35m[1mConsolidate compiler generated dependencies of target opencv_perf_imgproc[0m
[ 46%] Built target opencv_test_flann
[35m[1mConsolidate compiler generated dependencies of target opencv_test_core[0m
[35m[1mConsolidate compiler generated dependencies of target opencv_perf_dnn[0m
[ 47%] Built target opencv_stitching
[35m[1mConsolidate compiler generated dependencies of target opencv_test_imgproc[0m
[35m[1mConsolidate compiler generated dependencies of target opencv_test_dnn[0m
[35m[1mConsolidate compiler generated dependencies of target opencv_test_features2d[0m
[ 48%] Built target opencv_test_photo
[ 51%] Built target opencv_video
[ 53%] Built target opencv_objdetect
[ 53%] Built target opencv_perf_photo
[ 54%] Built target opencv_test_ml
[35m[1mConsolidate compiler generated dependencies of target opencv_perf_features2d[0m
[ 55%] Built target opencv_perf_dnn
[35m[1mConsolidate compiler generated dependencies of target opencv_perf_imgcodecs[0m
[35m[1mConsolidate compiler generated dependencies of target opencv_test_imgcodecs[0m
[35m[1mConsolidate compiler generated dependencies of target opencv_perf_videoio[0m
[35m[1mConsolidate compiler generated dependencies of target opencv_test_videoio[0m
[ 58%] Built target opencv_perf_imgproc
[ 60%] Built target opencv_perf_core
[ 61%] Built target opencv_test_dnn
[35m[1mConsolidate compiler generated dependencies of target opencv_test_calib3d[0m
[ 64%] Built target opencv_perf_features2d
[ 64%] Built target opencv_test_features2d
[ 64%] Built target opencv_perf_imgcodecs
[ 66%] Built target opencv_perf_videoio
[ 66%] Built target opencv_test_imgcodecs
[35m[1mConsolidate compiler generated dependencies of target opencv_perf_calib3d[0m
[ 67%] Built target opencv_test_videoio
[35m[1mConsolidate compiler generated dependencies of target opencv_perf_objdetect[0m
[35m[1mConsolidate compiler generated dependencies of target opencv_test_highgui[0m
[35m[1mConsolidate compiler generated dependencies of target opencv_test_objdetect[0m
[35m[1mConsolidate compiler generated dependencies of target opencv_test_stitching[0m
[35m[1mConsolidate compiler generated dependencies of target opencv_perf_stitching[0m
[35m[1mConsolidate compiler generated dependencies of target opencv_test_video[0m
[35m[1mConsolidate compiler generated dependencies of target opencv_perf_video[0m
[ 67%] Built target opencv_test_highgui
[ 68%] Built target opencv_perf_calib3d
[ 68%] Built target opencv_perf_objdetect
[ 71%] Built target opencv_test_core
[ 74%] Built target opencv_test_calib3d
[ 74%] Built target opencv_test_stitching
[ 74%] Built target opencv_perf_stitching
[ 75%] Built target opencv_test_objdetect
[ 76%] Built target opencv_test_video
[ 80%] Built target opencv_test_imgproc
[35m[1mConsolidate compiler generated dependencies of target opencv_interactive-calibration[0m
[ 81%] Built target opencv_perf_video
[35m[1mConsolidate compiler generated dependencies of target opencv_gapi[0m
[ 81%] Built target opencv_interactive-calibration
[ 91%] Built target opencv_gapi
[35m[1mConsolidate compiler generated dependencies of target opencv_perf_gapi[0m
[35m[1mConsolidate compiler generated dependencies of target opencv_python3[0m
[ 91%] Built target opencv_python3
[35m[1mConsolidate compiler generated dependencies of target opencv_test_gapi[0m
[ 92%] Built target opencv_perf_gapi
[ 99%] Built target opencv_test_gapi
Generated files: 259 (updated 259)
[ 99%] Built target gen_opencv_java_source
[ 99%] [34m[1mCopy Java(JAR) source files[0m
[ 99%] Built target opencv_java_jar_source_copy
[ 99%] [34m[1mGenerating ../../../CMakeFiles/dephelper/opencv_java_jar[0m
[ 99%] Built target opencv_java_jar_sources
[ 99%] [34m[1mBuilding Java objects for opencv_java_jar.jar[0m
-- Clean class files from previous build
[ 99%] [34m[1mGenerating CMakeFiles/opencv_java_jar.dir/java_class_filelist[0m
[ 99%] [34m[1mCreating Java archive opencv-4100.jar[0m
[ 99%] Built target opencv_java_jar
[35m[1mConsolidate compiler generated dependencies of target opencv_java[0m
[ 99%] [32mBuilding CXX object modules/java/jni/CMakeFiles/opencv_java.dir/__/generator/src/cpp/opencv_java.cpp.o[0m
[ 99%] [32m[1mLinking CXX shared module ../../../lib/libopencv_java4100.so[0m
[100%] Built target opencv_java
-- Install configuration: "Debug"
-- Up-to-date: /home/adminlab/franka_ros2_ws/install/OpenCV/share/licenses/opencv4/ippicv-readme.htm
-- Up-to-date: /home/adminlab/franka_ros2_ws/install/OpenCV/share/licenses/opencv4/ippicv-EULA.txt
-- Up-to-date: /home/adminlab/franka_ros2_ws/install/OpenCV/share/licenses/opencv4/ippicv-third-party-programs.txt
-- Up-to-date: /home/adminlab/franka_ros2_ws/install/OpenCV/share/licenses/opencv4/ippiw-support.txt
-- Up-to-date: /home/adminlab/franka_ros2_ws/install/OpenCV/share/licenses/opencv4/ippiw-third-party-programs.txt
-- Up-to-date: /home/adminlab/franka_ros2_ws/install/OpenCV/share/licenses/opencv4/ippiw-EULA.txt
-- Up-to-date: /home/adminlab/franka_ros2_ws/install/OpenCV/share/licenses/opencv4/flatbuffers-LICENSE.txt
-- Up-to-date: /home/adminlab/franka_ros2_ws/install/OpenCV/share/licenses/opencv4/opencl-headers-LICENSE.txt
-- Up-to-date: /home/adminlab/franka_ros2_ws/install/OpenCV/share/licenses/opencv4/ade-LICENSE
-- Up-to-date: /home/adminlab/franka_ros2_ws/install/OpenCV/include/opencv4/opencv2/cvconfig.h
-- Up-to-date: /home/adminlab/franka_ros2_ws/install/OpenCV/include/opencv4/opencv2/opencv_modules.hpp
-- Up-to-date: /home/adminlab/franka_ros2_ws/install/OpenCV/lib/cmake/opencv4/OpenCVModules.cmake
-- Up-to-date: /home/adminlab/franka_ros2_ws/install/OpenCV/lib/cmake/opencv4/OpenCVModules-debug.cmake
-- Up-to-date: /home/adminlab/franka_ros2_ws/install/OpenCV/lib/cmake/opencv4/OpenCVConfig-version.cmake
-- Up-to-date: /home/adminlab/franka_ros2_ws/install/OpenCV/lib/cmake/opencv4/OpenCVConfig.cmake
-- Up-to-date: /home/adminlab/franka_ros2_ws/install/OpenCV/bin/setup_vars_opencv4.sh
-- Up-to-date: /home/adminlab/franka_ros2_ws/install/OpenCV/share/opencv4/valgrind.supp
-- Up-to-date: /home/adminlab/franka_ros2_ws/install/OpenCV/share/opencv4/valgrind_3rdparty.supp
-- Up-to-date: /home/adminlab/franka_ros2_ws/install/OpenCV/share/licenses/opencv4/protobuf-LICENSE
-- Up-to-date: /home/adminlab/franka_ros2_ws/install/OpenCV/share/licenses/opencv4/protobuf-README.md
-- Up-to-date: /home/adminlab/franka_ros2_ws/install/OpenCV/share/licenses/opencv4/ittnotify-LICENSE.BSD
-- Up-to-date: /home/adminlab/franka_ros2_ws/install/OpenCV/share/licenses/opencv4/ittnotify-LICENSE.GPL
-- Up-to-date: /home/adminlab/franka_ros2_ws/install/OpenCV/include/opencv4/opencv2/opencv.hpp
-- Up-to-date: /home/adminlab/franka_ros2_ws/install/OpenCV/lib/libopencv_core.so.4.10.0
-- Up-to-date: /home/adminlab/franka_ros2_ws/install/OpenCV/lib/libopencv_core.so.410
-- Up-to-date: /home/adminlab/franka_ros2_ws/install/OpenCV/lib/libopencv_core.so
-- Up-to-date: /home/adminlab/franka_ros2_ws/install/OpenCV/include/opencv4/opencv2/core.hpp
-- Up-to-date: /home/adminlab/franka_ros2_ws/install/OpenCV/include/opencv4/opencv2/core/affine.hpp
-- Up-to-date: /home/adminlab/franka_ros2_ws/install/OpenCV/include/opencv4/opencv2/core/async.hpp
-- Up-to-date: /home/adminlab/franka_ros2_ws/install/OpenCV/include/opencv4/opencv2/core/base.hpp
-- Up-to-date: /home/adminlab/franka_ros2_ws/install/OpenCV/include/opencv4/opencv2/core/bindings_utils.hpp
-- Up-to-date: /home/adminlab/franka_ros2_ws/install/OpenCV/include/opencv4/opencv2/core/bufferpool.hpp
-- Up-to-date: /home/adminlab/franka_ros2_ws/install/OpenCV/include/opencv4/opencv2/core/check.hpp
-- Up-to-date: /home/adminlab/franka_ros2_ws/install/OpenCV/include/opencv4/opencv2/core/core.hpp
-- Up-to-date: /home/adminlab/franka_ros2_ws/install/OpenCV/include/opencv4/opencv2/core/core_c.h
-- Up-to-date: /home/adminlab/franka_ros2_ws/install/OpenCV/include/opencv4/opencv2/core/cuda.hpp
-- Up-to-date: /home/adminlab/franka_ros2_ws/install/OpenCV/include/opencv4/opencv2/core/cuda.inl.hpp
-- Up-to-date: /home/adminlab/franka_ros2_ws/install/OpenCV/include/opencv4/opencv2/core/cuda/block.hpp
-- Up-to-date: /home/adminlab/franka_ros2_ws/install/OpenCV/include/opencv4/opencv2/core/cuda/border_interpolate.hpp
-- Up-to-date: /home/adminlab/franka_ros2_ws/install/OpenCV/include/opencv4/opencv2/core/cuda/color.hpp
-- Up-to-date: /home/adminlab/franka_ros2_ws/install/OpenCV/include/opencv4/opencv2/core/cuda/common.hpp
-- Up-to-date: /home/adminlab/franka_ros2_ws/install/OpenCV/include/opencv4/opencv2/core/cuda/datamov_utils.hpp
-- Up-to-date: /home/adminlab/franka_ros2_ws/install/OpenCV/include/opencv4/opencv2/core/cuda/detail/color_detail.hpp
-- Up-to-date: /home/adminlab/franka_ros2_ws/install/OpenCV/include/opencv4/opencv2/core/cuda/detail/reduce.hpp
-- Up-to-date: /home/adminlab/franka_ros2_ws/install/OpenCV/include/opencv4/opencv2/core/cuda/detail/reduce_key_val.hpp
-- Up-to-date: /home/adminlab/franka_ros2_ws/install/OpenCV/include/opencv4/opencv2/core/cuda/detail/transform_detail.hpp
-- Up-to-date: /home/adminlab/franka_ros2_ws/install/OpenCV/include/opencv4/opencv2/core/cuda/detail/type_traits_detail.hpp
-- Up-to-date: /home/adminlab/franka_ros2_ws/install/OpenCV/include/opencv4/opencv2/core/cuda/detail/vec_distance_detail.hpp
-- Up-to-date: /home/adminlab/franka_ros2_ws/install/OpenCV/include/opencv4/opencv2/core/cuda/dynamic_smem.hpp
-- Up-to-date: /home/adminlab/franka_ros2_ws/install/OpenCV/include/opencv4/opencv2/core/cuda/emulation.hpp
-- Up-to-date: /home/adminlab/franka_ros2_ws/install/OpenCV/include/opencv4/opencv2/core/cuda/filters.hpp
-- Up-to-date: /home/adminlab/franka_ros2_ws/install/OpenCV/include/opencv4/opencv2/core/cuda/funcattrib.hpp
-- Up-to-date: /home/adminlab/franka_ros2_ws/install/OpenCV/include/opencv4/opencv2/core/cuda/functional.hpp
-- Up-to-date: /home/adminlab/franka_ros2_ws/install/OpenCV/include/opencv4/opencv2/core/cuda/limits.hpp
-- Up-to-date: /home/adminlab/franka_ros2_ws/install/OpenCV/include/opencv4/opencv2/core/cuda/reduce.hpp
-- Up-to-date: /home/adminlab/franka_ros2_ws/install/OpenCV/include/opencv4/opencv2/core/cuda/saturate_cast.hpp
-- Up-to-date: /home/adminlab/franka_ros2_ws/install/OpenCV/include/opencv4/opencv2/core/cuda/scan.hpp
-- Up-to-date: /home/adminlab/franka_ros2_ws/install/OpenCV/include/opencv4/opencv2/core/cuda/simd_functions.hpp
-- Up-to-date: /home/adminlab/franka_ros2_ws/install/OpenCV/include/opencv4/opencv2/core/cuda/transform.hpp
-- Up-to-date: /home/adminlab/franka_ros2_ws/install/OpenCV/include/opencv4/opencv2/core/cuda/type_traits.hpp
-- Up-to-date: /home/adminlab/franka_ros2_ws/install/OpenCV/include/opencv4/opencv2/core/cuda/utility.hpp
-- Up-to-date: /home/adminlab/franka_ros2_ws/install/OpenCV/include/opencv4/opencv2/core/cuda/vec_distance.hpp
-- Up-to-date: /home/adminlab/franka_ros2_ws/install/OpenCV/include/opencv4/opencv2/core/cuda/vec_math.hpp
-- Up-to-date: /home/adminlab/franka_ros2_ws/install/OpenCV/include/opencv4/opencv2/core/cuda/vec_traits.hpp
-- Up-to-date: /home/adminlab/franka_ros2_ws/install/OpenCV/include/opencv4/opencv2/core/cuda/warp.hpp
-- Up-to-date: /home/adminlab/franka_ros2_ws/install/OpenCV/include/opencv4/opencv2/core/cuda/warp_reduce.hpp
-- Up-to-date: /home/adminlab/franka_ros2_ws/install/OpenCV/include/opencv4/opencv2/core/cuda/warp_shuffle.hpp
-- Up-to-date: /home/adminlab/franka_ros2_ws/install/OpenCV/include/opencv4/opencv2/core/cuda_stream_accessor.hpp
-- Up-to-date: /home/adminlab/franka_ros2_ws/install/OpenCV/include/opencv4/opencv2/core/cuda_types.hpp
-- Up-to-date: /home/adminlab/franka_ros2_ws/install/OpenCV/include/opencv4/opencv2/core/cv_cpu_dispatch.h
-- Up-to-date: /home/adminlab/franka_ros2_ws/install/OpenCV/include/opencv4/opencv2/core/cv_cpu_helper.h
-- Up-to-date: /home/adminlab/franka_ros2_ws/install/OpenCV/include/opencv4/opencv2/core/cvdef.h
-- Up-to-date: /home/adminlab/franka_ros2_ws/install/OpenCV/include/opencv4/opencv2/core/cvstd.hpp
-- Up-to-date: /home/adminlab/franka_ros2_ws/install/OpenCV/include/opencv4/opencv2/core/cvstd.inl.hpp
-- Up-to-date: /home/adminlab/franka_ros2_ws/install/OpenCV/include/opencv4/opencv2/core/cvstd_wrapper.hpp
-- Up-to-date: /home/adminlab/franka_ros2_ws/install/OpenCV/include/opencv4/opencv2/core/detail/async_promise.hpp
-- Up-to-date: /home/adminlab/franka_ros2_ws/install/OpenCV/include/opencv4/opencv2/core/detail/dispatch_helper.impl.hpp
-- Up-to-date: /home/adminlab/franka_ros2_ws/install/OpenCV/include/opencv4/opencv2/core/detail/exception_ptr.hpp
-- Up-to-date: /home/adminlab/franka_ros2_ws/install/OpenCV/include/opencv4/opencv2/core/directx.hpp
-- Up-to-date: /home/adminlab/franka_ros2_ws/install/OpenCV/include/opencv4/opencv2/core/dualquaternion.hpp
-- Up-to-date: /home/adminlab/franka_ros2_ws/install/OpenCV/include/opencv4/opencv2/core/dualquaternion.inl.hpp
-- Up-to-date: /home/adminlab/franka_ros2_ws/install/OpenCV/include/opencv4/opencv2/core/eigen.hpp
-- Up-to-date: /home/adminlab/franka_ros2_ws/install/OpenCV/include/opencv4/opencv2/core/fast_math.hpp
-- Up-to-date: /home/adminlab/franka_ros2_ws/install/OpenCV/include/opencv4/opencv2/core/hal/hal.hpp
-- Up-to-date: /home/adminlab/franka_ros2_ws/install/OpenCV/include/opencv4/opencv2/core/hal/interface.h
-- Up-to-date: /home/adminlab/franka_ros2_ws/install/OpenCV/include/opencv4/opencv2/core/hal/intrin.hpp
-- Up-to-date: /home/adminlab/franka_ros2_ws/install/OpenCV/include/opencv4/opencv2/core/hal/intrin_avx.hpp
-- Up-to-date: /home/adminlab/franka_ros2_ws/install/OpenCV/include/opencv4/opencv2/core/hal/intrin_avx512.hpp
-- Up-to-date: /home/adminlab/franka_ros2_ws/install/OpenCV/include/opencv4/opencv2/core/hal/intrin_cpp.hpp
-- Up-to-date: /home/adminlab/franka_ros2_ws/install/OpenCV/include/opencv4/opencv2/core/hal/intrin_forward.hpp
-- Up-to-date: /home/adminlab/franka_ros2_ws/install/OpenCV/include/opencv4/opencv2/core/hal/intrin_lasx.hpp
-- Up-to-date: /home/adminlab/franka_ros2_ws/install/OpenCV/include/opencv4/opencv2/core/hal/intrin_lsx.hpp
-- Up-to-date: /home/adminlab/franka_ros2_ws/install/OpenCV/include/opencv4/opencv2/core/hal/intrin_msa.hpp
-- Up-to-date: /home/adminlab/franka_ros2_ws/install/OpenCV/include/opencv4/opencv2/core/hal/intrin_neon.hpp
-- Up-to-date: /home/adminlab/franka_ros2_ws/install/OpenCV/include/opencv4/opencv2/core/hal/intrin_rvv.hpp
-- Up-to-date: /home/adminlab/franka_ros2_ws/install/OpenCV/include/opencv4/opencv2/core/hal/intrin_rvv071.hpp
-- Up-to-date: /home/adminlab/franka_ros2_ws/install/OpenCV/include/opencv4/opencv2/core/hal/intrin_rvv_010_compat_non-policy.hpp
-- Up-to-date: /home/adminlab/franka_ros2_ws/install/OpenCV/include/opencv4/opencv2/core/hal/intrin_rvv_010_compat_overloaded-non-policy.hpp
-- Up-to-date: /home/adminlab/franka_ros2_ws/install/OpenCV/include/opencv4/opencv2/core/hal/intrin_rvv_011_compat.hpp
-- Up-to-date: /home/adminlab/franka_ros2_ws/install/OpenCV/include/opencv4/opencv2/core/hal/intrin_rvv_compat_overloaded.hpp
-- Up-to-date: /home/adminlab/franka_ros2_ws/install/OpenCV/include/opencv4/opencv2/core/hal/intrin_rvv_scalable.hpp
-- Up-to-date: /home/adminlab/franka_ros2_ws/install/OpenCV/include/opencv4/opencv2/core/hal/intrin_sse.hpp
-- Up-to-date: /home/adminlab/franka_ros2_ws/install/OpenCV/include/opencv4/opencv2/core/hal/intrin_sse_em.hpp
-- Up-to-date: /home/adminlab/franka_ros2_ws/install/OpenCV/include/opencv4/opencv2/core/hal/intrin_vsx.hpp
-- Up-to-date: /home/adminlab/franka_ros2_ws/install/OpenCV/include/opencv4/opencv2/core/hal/intrin_wasm.hpp
-- Up-to-date: /home/adminlab/franka_ros2_ws/install/OpenCV/include/opencv4/opencv2/core/hal/msa_macros.h
-- Up-to-date: /home/adminlab/franka_ros2_ws/install/OpenCV/include/opencv4/opencv2/core/hal/simd_utils.impl.hpp
-- Up-to-date: /home/adminlab/franka_ros2_ws/install/OpenCV/include/opencv4/opencv2/core/mat.hpp
-- Up-to-date: /home/adminlab/franka_ros2_ws/install/OpenCV/include/opencv4/opencv2/core/mat.inl.hpp
-- Up-to-date: /home/adminlab/franka_ros2_ws/install/OpenCV/include/opencv4/opencv2/core/matx.hpp
-- Up-to-date: /home/adminlab/franka_ros2_ws/install/OpenCV/include/opencv4/opencv2/core/matx.inl.hpp
-- Up-to-date: /home/adminlab/franka_ros2_ws/install/OpenCV/include/opencv4/opencv2/core/neon_utils.hpp
-- Up-to-date: /home/adminlab/franka_ros2_ws/install/OpenCV/include/opencv4/opencv2/core/ocl.hpp
-- Up-to-date: /home/adminlab/franka_ros2_ws/install/OpenCV/include/opencv4/opencv2/core/ocl_genbase.hpp
-- Up-to-date: /home/adminlab/franka_ros2_ws/install/OpenCV/include/opencv4/opencv2/core/opencl/ocl_defs.hpp
-- Up-to-date: /home/adminlab/franka_ros2_ws/install/OpenCV/include/opencv4/opencv2/core/opencl/opencl_info.hpp
-- Up-to-date: /home/adminlab/franka_ros2_ws/install/OpenCV/include/opencv4/opencv2/core/opencl/opencl_svm.hpp
-- Up-to-date: /home/adminlab/franka_ros2_ws/install/OpenCV/include/opencv4/opencv2/core/opencl/runtime/autogenerated/opencl_clblas.hpp
-- Up-to-date: /home/adminlab/franka_ros2_ws/install/OpenCV/include/opencv4/opencv2/core/opencl/runtime/autogenerated/opencl_clfft.hpp
-- Up-to-date: /home/adminlab/franka_ros2_ws/install/OpenCV/include/opencv4/opencv2/core/opencl/runtime/autogenerated/opencl_core.hpp
-- Up-to-date: /home/adminlab/franka_ros2_ws/install/OpenCV/include/opencv4/opencv2/core/opencl/runtime/autogenerated/opencl_core_wrappers.hpp
-- Up-to-date: /home/adminlab/franka_ros2_ws/install/OpenCV/include/opencv4/opencv2/core/opencl/runtime/autogenerated/opencl_gl.hpp
-- Up-to-date: /home/adminlab/franka_ros2_ws/install/OpenCV/include/opencv4/opencv2/core/opencl/runtime/autogenerated/opencl_gl_wrappers.hpp
-- Up-to-date: /home/adminlab/franka_ros2_ws/install/OpenCV/include/opencv4/opencv2/core/opencl/runtime/opencl_clblas.hpp
-- Up-to-date: /home/adminlab/franka_ros2_ws/install/OpenCV/include/opencv4/opencv2/core/opencl/runtime/opencl_clfft.hpp
-- Up-to-date: /home/adminlab/franka_ros2_ws/install/OpenCV/include/opencv4/opencv2/core/opencl/runtime/opencl_core.hpp
-- Up-to-date: /home/adminlab/franka_ros2_ws/install/OpenCV/include/opencv4/opencv2/core/opencl/runtime/opencl_core_wrappers.hpp
-- Up-to-date: /home/adminlab/franka_ros2_ws/install/OpenCV/include/opencv4/opencv2/core/opencl/runtime/opencl_gl.hpp
-- Up-to-date: /home/adminlab/franka_ros2_ws/install/OpenCV/include/opencv4/opencv2/core/opencl/runtime/opencl_gl_wrappers.hpp
-- Up-to-date: /home/adminlab/franka_ros2_ws/install/OpenCV/include/opencv4/opencv2/core/opencl/runtime/opencl_svm_20.hpp
-- Up-to-date: /home/adminlab/franka_ros2_ws/install/OpenCV/include/opencv4/opencv2/core/opencl/runtime/opencl_svm_definitions.hpp
-- Up-to-date: /home/adminlab/franka_ros2_ws/install/OpenCV/include/opencv4/opencv2/core/opencl/runtime/opencl_svm_hsa_extension.hpp
-- Up-to-date: /home/adminlab/franka_ros2_ws/install/OpenCV/include/opencv4/opencv2/core/opengl.hpp
-- Up-to-date: /home/adminlab/franka_ros2_ws/install/OpenCV/include/opencv4/opencv2/core/operations.hpp
-- Up-to-date: /home/adminlab/franka_ros2_ws/install/OpenCV/include/opencv4/opencv2/core/optim.hpp
-- Up-to-date: /home/adminlab/franka_ros2_ws/install/OpenCV/include/opencv4/opencv2/core/ovx.hpp
-- Up-to-date: /home/adminlab/franka_ros2_ws/install/OpenCV/include/opencv4/opencv2/core/parallel/backend/parallel_for.openmp.hpp
-- Up-to-date: /home/adminlab/franka_ros2_ws/install/OpenCV/include/opencv4/opencv2/core/parallel/backend/parallel_for.tbb.hpp
-- Up-to-date: /home/adminlab/franka_ros2_ws/install/OpenCV/include/opencv4/opencv2/core/parallel/parallel_backend.hpp
-- Up-to-date: /home/adminlab/franka_ros2_ws/install/OpenCV/include/opencv4/opencv2/core/persistence.hpp
-- Up-to-date: /home/adminlab/franka_ros2_ws/install/OpenCV/include/opencv4/opencv2/core/quaternion.hpp
-- Up-to-date: /home/adminlab/franka_ros2_ws/install/OpenCV/include/opencv4/opencv2/core/quaternion.inl.hpp
-- Up-to-date: /home/adminlab/franka_ros2_ws/install/OpenCV/include/opencv4/opencv2/core/saturate.hpp
-- Up-to-date: /home/adminlab/franka_ros2_ws/install/OpenCV/include/opencv4/opencv2/core/simd_intrinsics.hpp
-- Up-to-date: /home/adminlab/franka_ros2_ws/install/OpenCV/include/opencv4/opencv2/core/softfloat.hpp
-- Up-to-date: /home/adminlab/franka_ros2_ws/install/OpenCV/include/opencv4/opencv2/core/sse_utils.hpp
-- Up-to-date: /home/adminlab/franka_ros2_ws/install/OpenCV/include/opencv4/opencv2/core/traits.hpp
-- Up-to-date: /home/adminlab/franka_ros2_ws/install/OpenCV/include/opencv4/opencv2/core/types.hpp
-- Up-to-date: /home/adminlab/franka_ros2_ws/install/OpenCV/include/opencv4/opencv2/core/types_c.h
-- Up-to-date: /home/adminlab/franka_ros2_ws/install/OpenCV/include/opencv4/opencv2/core/utility.hpp
-- Up-to-date: /home/adminlab/franka_ros2_ws/install/OpenCV/include/opencv4/opencv2/core/utils/allocator_stats.hpp
-- Up-to-date: /home/adminlab/franka_ros2_ws/install/OpenCV/include/opencv4/opencv2/core/utils/allocator_stats.impl.hpp
-- Up-to-date: /home/adminlab/franka_ros2_ws/install/OpenCV/include/opencv4/opencv2/core/utils/filesystem.hpp
-- Up-to-date: /home/adminlab/franka_ros2_ws/install/OpenCV/include/opencv4/opencv2/core/utils/fp_control_utils.hpp
-- Up-to-date: /home/adminlab/franka_ros2_ws/install/OpenCV/include/opencv4/opencv2/core/utils/instrumentation.hpp
-- Up-to-date: /home/adminlab/franka_ros2_ws/install/OpenCV/include/opencv4/opencv2/core/utils/logger.defines.hpp
-- Up-to-date: /home/adminlab/franka_ros2_ws/install/OpenCV/include/opencv4/opencv2/core/utils/logger.hpp
-- Up-to-date: /home/adminlab/franka_ros2_ws/install/OpenCV/include/opencv4/opencv2/core/utils/logtag.hpp
-- Up-to-date: /home/adminlab/franka_ros2_ws/install/OpenCV/include/opencv4/opencv2/core/utils/tls.hpp
-- Up-to-date: /home/adminlab/franka_ros2_ws/install/OpenCV/include/opencv4/opencv2/core/utils/trace.hpp
-- Up-to-date: /home/adminlab/franka_ros2_ws/install/OpenCV/include/opencv4/opencv2/core/va_intel.hpp
-- Up-to-date: /home/adminlab/franka_ros2_ws/install/OpenCV/include/opencv4/opencv2/core/version.hpp
-- Up-to-date: /home/adminlab/franka_ros2_ws/install/OpenCV/include/opencv4/opencv2/core/vsx_utils.hpp
-- Up-to-date: /home/adminlab/franka_ros2_ws/install/OpenCV/share/licenses/opencv4/SoftFloat-COPYING.txt
-- Up-to-date: /home/adminlab/franka_ros2_ws/install/OpenCV/lib/libopencv_flann.so.4.10.0
-- Up-to-date: /home/adminlab/franka_ros2_ws/install/OpenCV/lib/libopencv_flann.so.410
-- Up-to-date: /home/adminlab/franka_ros2_ws/install/OpenCV/lib/libopencv_flann.so
-- Up-to-date: /home/adminlab/franka_ros2_ws/install/OpenCV/include/opencv4/opencv2/flann.hpp
-- Up-to-date: /home/adminlab/franka_ros2_ws/install/OpenCV/include/opencv4/opencv2/flann/all_indices.h
-- Up-to-date: /home/adminlab/franka_ros2_ws/install/OpenCV/include/opencv4/opencv2/flann/allocator.h
-- Up-to-date: /home/adminlab/franka_ros2_ws/install/OpenCV/include/opencv4/opencv2/flann/any.h
-- Up-to-date: /home/adminlab/franka_ros2_ws/install/OpenCV/include/opencv4/opencv2/flann/autotuned_index.h
-- Up-to-date: /home/adminlab/franka_ros2_ws/install/OpenCV/include/opencv4/opencv2/flann/composite_index.h
-- Up-to-date: /home/adminlab/franka_ros2_ws/install/OpenCV/include/opencv4/opencv2/flann/config.h
-- Up-to-date: /home/adminlab/franka_ros2_ws/install/OpenCV/include/opencv4/opencv2/flann/defines.h
-- Up-to-date: /home/adminlab/franka_ros2_ws/install/OpenCV/include/opencv4/opencv2/flann/dist.h
-- Up-to-date: /home/adminlab/franka_ros2_ws/install/OpenCV/include/opencv4/opencv2/flann/dummy.h
-- Up-to-date: /home/adminlab/franka_ros2_ws/install/OpenCV/include/opencv4/opencv2/flann/dynamic_bitset.h
-- Up-to-date: /home/adminlab/franka_ros2_ws/install/OpenCV/include/opencv4/opencv2/flann/flann.hpp
-- Up-to-date: /home/adminlab/franka_ros2_ws/install/OpenCV/include/opencv4/opencv2/flann/flann_base.hpp
-- Up-to-date: /home/adminlab/franka_ros2_ws/install/OpenCV/include/opencv4/opencv2/flann/general.h
-- Up-to-date: /home/adminlab/franka_ros2_ws/install/OpenCV/include/opencv4/opencv2/flann/ground_truth.h
-- Up-to-date: /home/adminlab/franka_ros2_ws/install/OpenCV/include/opencv4/opencv2/flann/hdf5.h
-- Up-to-date: /home/adminlab/franka_ros2_ws/install/OpenCV/include/opencv4/opencv2/flann/heap.h
-- Up-to-date: /home/adminlab/franka_ros2_ws/install/OpenCV/include/opencv4/opencv2/flann/hierarchical_clustering_index.h
-- Up-to-date: /home/adminlab/franka_ros2_ws/install/OpenCV/include/opencv4/opencv2/flann/index_testing.h
-- Up-to-date: /home/adminlab/franka_ros2_ws/install/OpenCV/include/opencv4/opencv2/flann/kdtree_index.h
-- Up-to-date: /home/adminlab/franka_ros2_ws/install/OpenCV/include/opencv4/opencv2/flann/kdtree_single_index.h
-- Up-to-date: /home/adminlab/franka_ros2_ws/install/OpenCV/include/opencv4/opencv2/flann/kmeans_index.h
-- Up-to-date: /home/adminlab/franka_ros2_ws/install/OpenCV/include/opencv4/opencv2/flann/linear_index.h
-- Up-to-date: /home/adminlab/franka_ros2_ws/install/OpenCV/include/opencv4/opencv2/flann/logger.h
-- Up-to-date: /home/adminlab/franka_ros2_ws/install/OpenCV/include/opencv4/opencv2/flann/lsh_index.h
-- Up-to-date: /home/adminlab/franka_ros2_ws/install/OpenCV/include/opencv4/opencv2/flann/lsh_table.h
-- Up-to-date: /home/adminlab/franka_ros2_ws/install/OpenCV/include/opencv4/opencv2/flann/matrix.h
-- Up-to-date: /home/adminlab/franka_ros2_ws/install/OpenCV/include/opencv4/opencv2/flann/miniflann.hpp
-- Up-to-date: /home/adminlab/franka_ros2_ws/install/OpenCV/include/opencv4/opencv2/flann/nn_index.h
-- Up-to-date: /home/adminlab/franka_ros2_ws/install/OpenCV/include/opencv4/opencv2/flann/object_factory.h
-- Up-to-date: /home/adminlab/franka_ros2_ws/install/OpenCV/include/opencv4/opencv2/flann/params.h
-- Up-to-date: /home/adminlab/franka_ros2_ws/install/OpenCV/include/opencv4/opencv2/flann/random.h
-- Up-to-date: /home/adminlab/franka_ros2_ws/install/OpenCV/include/opencv4/opencv2/flann/result_set.h
-- Up-to-date: /home/adminlab/franka_ros2_ws/install/OpenCV/include/opencv4/opencv2/flann/sampling.h
-- Up-to-date: /home/adminlab/franka_ros2_ws/install/OpenCV/include/opencv4/opencv2/flann/saving.h
-- Up-to-date: /home/adminlab/franka_ros2_ws/install/OpenCV/include/opencv4/opencv2/flann/simplex_downhill.h
-- Up-to-date: /home/adminlab/franka_ros2_ws/install/OpenCV/include/opencv4/opencv2/flann/timer.h
-- Up-to-date: /home/adminlab/franka_ros2_ws/install/OpenCV/lib/libopencv_imgproc.so.4.10.0
-- Up-to-date: /home/adminlab/franka_ros2_ws/install/OpenCV/lib/libopencv_imgproc.so.410
-- Up-to-date: /home/adminlab/franka_ros2_ws/install/OpenCV/lib/libopencv_imgproc.so
-- Up-to-date: /home/adminlab/franka_ros2_ws/install/OpenCV/include/opencv4/opencv2/imgproc.hpp
-- Up-to-date: /home/adminlab/franka_ros2_ws/install/OpenCV/include/opencv4/opencv2/imgproc/bindings.hpp
-- Up-to-date: /home/adminlab/franka_ros2_ws/install/OpenCV/include/opencv4/opencv2/imgproc/detail/gcgraph.hpp
-- Up-to-date: /home/adminlab/franka_ros2_ws/install/OpenCV/include/opencv4/opencv2/imgproc/detail/legacy.hpp
-- Up-to-date: /home/adminlab/franka_ros2_ws/install/OpenCV/include/opencv4/opencv2/imgproc/hal/hal.hpp
-- Up-to-date: /home/adminlab/franka_ros2_ws/install/OpenCV/include/opencv4/opencv2/imgproc/hal/interface.h
-- Up-to-date: /home/adminlab/franka_ros2_ws/install/OpenCV/include/opencv4/opencv2/imgproc/imgproc.hpp
-- Up-to-date: /home/adminlab/franka_ros2_ws/install/OpenCV/include/opencv4/opencv2/imgproc/imgproc_c.h
-- Up-to-date: /home/adminlab/franka_ros2_ws/install/OpenCV/include/opencv4/opencv2/imgproc/segmentation.hpp
-- Up-to-date: /home/adminlab/franka_ros2_ws/install/OpenCV/include/opencv4/opencv2/imgproc/types_c.h
-- Up-to-date: /home/adminlab/franka_ros2_ws/install/OpenCV/lib/libopencv_ml.so.4.10.0
-- Up-to-date: /home/adminlab/franka_ros2_ws/install/OpenCV/lib/libopencv_ml.so.410
-- Up-to-date: /home/adminlab/franka_ros2_ws/install/OpenCV/lib/libopencv_ml.so
-- Up-to-date: /home/adminlab/franka_ros2_ws/install/OpenCV/include/opencv4/opencv2/ml.hpp
-- Up-to-date: /home/adminlab/franka_ros2_ws/install/OpenCV/include/opencv4/opencv2/ml/ml.hpp
-- Up-to-date: /home/adminlab/franka_ros2_ws/install/OpenCV/include/opencv4/opencv2/ml/ml.inl.hpp
-- Up-to-date: /home/adminlab/franka_ros2_ws/install/OpenCV/lib/libopencv_photo.so.4.10.0
-- Up-to-date: /home/adminlab/franka_ros2_ws/install/OpenCV/lib/libopencv_photo.so.410
-- Up-to-date: /home/adminlab/franka_ros2_ws/install/OpenCV/lib/libopencv_photo.so
-- Up-to-date: /home/adminlab/franka_ros2_ws/install/OpenCV/include/opencv4/opencv2/photo.hpp
-- Up-to-date: /home/adminlab/franka_ros2_ws/install/OpenCV/include/opencv4/opencv2/photo/cuda.hpp
-- Up-to-date: /home/adminlab/franka_ros2_ws/install/OpenCV/include/opencv4/opencv2/photo/legacy/constants_c.h
-- Up-to-date: /home/adminlab/franka_ros2_ws/install/OpenCV/include/opencv4/opencv2/photo/photo.hpp
-- Up-to-date: /home/adminlab/franka_ros2_ws/install/OpenCV/lib/libopencv_dnn.so.4.10.0
-- Up-to-date: /home/adminlab/franka_ros2_ws/install/OpenCV/lib/libopencv_dnn.so.410
-- Up-to-date: /home/adminlab/franka_ros2_ws/install/OpenCV/lib/libopencv_dnn.so
-- Up-to-date: /home/adminlab/franka_ros2_ws/install/OpenCV/include/opencv4/opencv2/dnn.hpp
-- Up-to-date: /home/adminlab/franka_ros2_ws/install/OpenCV/include/opencv4/opencv2/dnn/all_layers.hpp
-- Up-to-date: /home/adminlab/franka_ros2_ws/install/OpenCV/include/opencv4/opencv2/dnn/dict.hpp
-- Up-to-date: /home/adminlab/franka_ros2_ws/install/OpenCV/include/opencv4/opencv2/dnn/dnn.hpp
-- Up-to-date: /home/adminlab/franka_ros2_ws/install/OpenCV/include/opencv4/opencv2/dnn/dnn.inl.hpp
-- Up-to-date: /home/adminlab/franka_ros2_ws/install/OpenCV/include/opencv4/opencv2/dnn/layer.details.hpp
-- Up-to-date: /home/adminlab/franka_ros2_ws/install/OpenCV/include/opencv4/opencv2/dnn/layer.hpp
-- Up-to-date: /home/adminlab/franka_ros2_ws/install/OpenCV/include/opencv4/opencv2/dnn/shape_utils.hpp
-- Up-to-date: /home/adminlab/franka_ros2_ws/install/OpenCV/include/opencv4/opencv2/dnn/utils/debug_utils.hpp
-- Up-to-date: /home/adminlab/franka_ros2_ws/install/OpenCV/include/opencv4/opencv2/dnn/utils/inference_engine.hpp
-- Up-to-date: /home/adminlab/franka_ros2_ws/install/OpenCV/include/opencv4/opencv2/dnn/version.hpp
-- Up-to-date: /home/adminlab/franka_ros2_ws/install/OpenCV/lib/libopencv_features2d.so.4.10.0
-- Up-to-date: /home/adminlab/franka_ros2_ws/install/OpenCV/lib/libopencv_features2d.so.410
-- Up-to-date: /home/adminlab/franka_ros2_ws/install/OpenCV/lib/libopencv_features2d.so
-- Up-to-date: /home/adminlab/franka_ros2_ws/install/OpenCV/include/opencv4/opencv2/features2d.hpp
-- Up-to-date: /home/adminlab/franka_ros2_ws/install/OpenCV/include/opencv4/opencv2/features2d/features2d.hpp
-- Up-to-date: /home/adminlab/franka_ros2_ws/install/OpenCV/include/opencv4/opencv2/features2d/hal/interface.h
-- Up-to-date: /home/adminlab/franka_ros2_ws/install/OpenCV/share/licenses/opencv4/mscr-chi_table_LICENSE.txt
-- Up-to-date: /home/adminlab/franka_ros2_ws/install/OpenCV/lib/libopencv_imgcodecs.so.4.10.0
-- Up-to-date: /home/adminlab/franka_ros2_ws/install/OpenCV/lib/libopencv_imgcodecs.so.410
-- Up-to-date: /home/adminlab/franka_ros2_ws/install/OpenCV/lib/libopencv_imgcodecs.so
-- Up-to-date: /home/adminlab/franka_ros2_ws/install/OpenCV/include/opencv4/opencv2/imgcodecs.hpp
-- Up-to-date: /home/adminlab/franka_ros2_ws/install/OpenCV/include/opencv4/opencv2/imgcodecs/imgcodecs.hpp
-- Up-to-date: /home/adminlab/franka_ros2_ws/install/OpenCV/include/opencv4/opencv2/imgcodecs/imgcodecs_c.h
-- Up-to-date: /home/adminlab/franka_ros2_ws/install/OpenCV/include/opencv4/opencv2/imgcodecs/ios.h
-- Up-to-date: /home/adminlab/franka_ros2_ws/install/OpenCV/include/opencv4/opencv2/imgcodecs/legacy/constants_c.h
-- Up-to-date: /home/adminlab/franka_ros2_ws/install/OpenCV/include/opencv4/opencv2/imgcodecs/macosx.h
-- Up-to-date: /home/adminlab/franka_ros2_ws/install/OpenCV/lib/libopencv_videoio.so.4.10.0
-- Up-to-date: /home/adminlab/franka_ros2_ws/install/OpenCV/lib/libopencv_videoio.so.410
-- Up-to-date: /home/adminlab/franka_ros2_ws/install/OpenCV/lib/libopencv_videoio.so
-- Up-to-date: /home/adminlab/franka_ros2_ws/install/OpenCV/include/opencv4/opencv2/videoio.hpp
-- Up-to-date: /home/adminlab/franka_ros2_ws/install/OpenCV/include/opencv4/opencv2/videoio/cap_ios.h
-- Up-to-date: /home/adminlab/franka_ros2_ws/install/OpenCV/include/opencv4/opencv2/videoio/legacy/constants_c.h
-- Up-to-date: /home/adminlab/franka_ros2_ws/install/OpenCV/include/opencv4/opencv2/videoio/registry.hpp
-- Up-to-date: /home/adminlab/franka_ros2_ws/install/OpenCV/include/opencv4/opencv2/videoio/videoio.hpp
-- Up-to-date: /home/adminlab/franka_ros2_ws/install/OpenCV/include/opencv4/opencv2/videoio/videoio_c.h
-- Up-to-date: /home/adminlab/franka_ros2_ws/install/OpenCV/lib/libopencv_calib3d.so.4.10.0
-- Up-to-date: /home/adminlab/franka_ros2_ws/install/OpenCV/lib/libopencv_calib3d.so.410
-- Up-to-date: /home/adminlab/franka_ros2_ws/install/OpenCV/lib/libopencv_calib3d.so
-- Up-to-date: /home/adminlab/franka_ros2_ws/install/OpenCV/include/opencv4/opencv2/calib3d.hpp
-- Up-to-date: /home/adminlab/franka_ros2_ws/install/OpenCV/include/opencv4/opencv2/calib3d/calib3d.hpp
-- Up-to-date: /home/adminlab/franka_ros2_ws/install/OpenCV/include/opencv4/opencv2/calib3d/calib3d_c.h
-- Up-to-date: /home/adminlab/franka_ros2_ws/install/OpenCV/lib/libopencv_highgui.so.4.10.0
-- Up-to-date: /home/adminlab/franka_ros2_ws/install/OpenCV/lib/libopencv_highgui.so.410
-- Up-to-date: /home/adminlab/franka_ros2_ws/install/OpenCV/lib/libopencv_highgui.so
-- Up-to-date: /home/adminlab/franka_ros2_ws/install/OpenCV/include/opencv4/opencv2/highgui.hpp
-- Up-to-date: /home/adminlab/franka_ros2_ws/install/OpenCV/include/opencv4/opencv2/highgui/highgui.hpp
-- Up-to-date: /home/adminlab/franka_ros2_ws/install/OpenCV/include/opencv4/opencv2/highgui/highgui_c.h
-- Up-to-date: /home/adminlab/franka_ros2_ws/install/OpenCV/lib/libopencv_objdetect.so.4.10.0
-- Up-to-date: /home/adminlab/franka_ros2_ws/install/OpenCV/lib/libopencv_objdetect.so.410
-- Up-to-date: /home/adminlab/franka_ros2_ws/install/OpenCV/lib/libopencv_objdetect.so
-- Up-to-date: /home/adminlab/franka_ros2_ws/install/OpenCV/include/opencv4/opencv2/objdetect.hpp
-- Up-to-date: /home/adminlab/franka_ros2_ws/install/OpenCV/include/opencv4/opencv2/objdetect/aruco_board.hpp
-- Up-to-date: /home/adminlab/franka_ros2_ws/install/OpenCV/include/opencv4/opencv2/objdetect/aruco_detector.hpp
-- Up-to-date: /home/adminlab/franka_ros2_ws/install/OpenCV/include/opencv4/opencv2/objdetect/aruco_dictionary.hpp
-- Up-to-date: /home/adminlab/franka_ros2_ws/install/OpenCV/include/opencv4/opencv2/objdetect/barcode.hpp
-- Up-to-date: /home/adminlab/franka_ros2_ws/install/OpenCV/include/opencv4/opencv2/objdetect/charuco_detector.hpp
-- Up-to-date: /home/adminlab/franka_ros2_ws/install/OpenCV/include/opencv4/opencv2/objdetect/detection_based_tracker.hpp
-- Up-to-date: /home/adminlab/franka_ros2_ws/install/OpenCV/include/opencv4/opencv2/objdetect/face.hpp
-- Up-to-date: /home/adminlab/franka_ros2_ws/install/OpenCV/include/opencv4/opencv2/objdetect/graphical_code_detector.hpp
-- Up-to-date: /home/adminlab/franka_ros2_ws/install/OpenCV/include/opencv4/opencv2/objdetect/objdetect.hpp
-- Up-to-date: /home/adminlab/franka_ros2_ws/install/OpenCV/lib/libopencv_stitching.so.4.10.0
-- Up-to-date: /home/adminlab/franka_ros2_ws/install/OpenCV/lib/libopencv_stitching.so.410
-- Up-to-date: /home/adminlab/franka_ros2_ws/install/OpenCV/lib/libopencv_stitching.so
-- Up-to-date: /home/adminlab/franka_ros2_ws/install/OpenCV/include/opencv4/opencv2/stitching.hpp
-- Up-to-date: /home/adminlab/franka_ros2_ws/install/OpenCV/include/opencv4/opencv2/stitching/detail/autocalib.hpp
-- Up-to-date: /home/adminlab/franka_ros2_ws/install/OpenCV/include/opencv4/opencv2/stitching/detail/blenders.hpp
-- Up-to-date: /home/adminlab/franka_ros2_ws/install/OpenCV/include/opencv4/opencv2/stitching/detail/camera.hpp
-- Up-to-date: /home/adminlab/franka_ros2_ws/install/OpenCV/include/opencv4/opencv2/stitching/detail/exposure_compensate.hpp
-- Up-to-date: /home/adminlab/franka_ros2_ws/install/OpenCV/include/opencv4/opencv2/stitching/detail/matchers.hpp
-- Up-to-date: /home/adminlab/franka_ros2_ws/install/OpenCV/include/opencv4/opencv2/stitching/detail/motion_estimators.hpp
-- Up-to-date: /home/adminlab/franka_ros2_ws/install/OpenCV/include/opencv4/opencv2/stitching/detail/seam_finders.hpp
-- Up-to-date: /home/adminlab/franka_ros2_ws/install/OpenCV/include/opencv4/opencv2/stitching/detail/timelapsers.hpp
-- Up-to-date: /home/adminlab/franka_ros2_ws/install/OpenCV/include/opencv4/opencv2/stitching/detail/util.hpp
-- Up-to-date: /home/adminlab/franka_ros2_ws/install/OpenCV/include/opencv4/opencv2/stitching/detail/util_inl.hpp
-- Up-to-date: /home/adminlab/franka_ros2_ws/install/OpenCV/include/opencv4/opencv2/stitching/detail/warpers.hpp
-- Up-to-date: /home/adminlab/franka_ros2_ws/install/OpenCV/include/opencv4/opencv2/stitching/detail/warpers_inl.hpp
-- Up-to-date: /home/adminlab/franka_ros2_ws/install/OpenCV/include/opencv4/opencv2/stitching/warpers.hpp
-- Up-to-date: /home/adminlab/franka_ros2_ws/install/OpenCV/lib/libopencv_video.so.4.10.0
-- Up-to-date: /home/adminlab/franka_ros2_ws/install/OpenCV/lib/libopencv_video.so.410
-- Up-to-date: /home/adminlab/franka_ros2_ws/install/OpenCV/lib/libopencv_video.so
-- Up-to-date: /home/adminlab/franka_ros2_ws/install/OpenCV/include/opencv4/opencv2/video.hpp
-- Up-to-date: /home/adminlab/franka_ros2_ws/install/OpenCV/include/opencv4/opencv2/video/background_segm.hpp
-- Up-to-date: /home/adminlab/franka_ros2_ws/install/OpenCV/include/opencv4/opencv2/video/detail/tracking.detail.hpp
-- Up-to-date: /home/adminlab/franka_ros2_ws/install/OpenCV/include/opencv4/opencv2/video/legacy/constants_c.h
-- Up-to-date: /home/adminlab/franka_ros2_ws/install/OpenCV/include/opencv4/opencv2/video/tracking.hpp
-- Up-to-date: /home/adminlab/franka_ros2_ws/install/OpenCV/include/opencv4/opencv2/video/video.hpp
-- Up-to-date: /home/adminlab/franka_ros2_ws/install/OpenCV/lib/libopencv_gapi.so.4.10.0
-- Up-to-date: /home/adminlab/franka_ros2_ws/install/OpenCV/lib/libopencv_gapi.so.410
-- Up-to-date: /home/adminlab/franka_ros2_ws/install/OpenCV/lib/libopencv_gapi.so
-- Up-to-date: /home/adminlab/franka_ros2_ws/install/OpenCV/include/opencv4/opencv2/gapi.hpp
-- Up-to-date: /home/adminlab/franka_ros2_ws/install/OpenCV/include/opencv4/opencv2/gapi/core.hpp
-- Up-to-date: /home/adminlab/franka_ros2_ws/install/OpenCV/include/opencv4/opencv2/gapi/cpu/core.hpp
-- Up-to-date: /home/adminlab/franka_ros2_ws/install/OpenCV/include/opencv4/opencv2/gapi/cpu/gcpukernel.hpp
-- Up-to-date: /home/adminlab/franka_ros2_ws/install/OpenCV/include/opencv4/opencv2/gapi/cpu/imgproc.hpp
-- Up-to-date: /home/adminlab/franka_ros2_ws/install/OpenCV/include/opencv4/opencv2/gapi/cpu/ot.hpp
-- Up-to-date: /home/adminlab/franka_ros2_ws/install/OpenCV/include/opencv4/opencv2/gapi/cpu/stereo.hpp
-- Up-to-date: /home/adminlab/franka_ros2_ws/install/OpenCV/include/opencv4/opencv2/gapi/cpu/video.hpp
-- Up-to-date: /home/adminlab/franka_ros2_ws/install/OpenCV/include/opencv4/opencv2/gapi/fluid/core.hpp
-- Up-to-date: /home/adminlab/franka_ros2_ws/install/OpenCV/include/opencv4/opencv2/gapi/fluid/gfluidbuffer.hpp
-- Up-to-date: /home/adminlab/franka_ros2_ws/install/OpenCV/include/opencv4/opencv2/gapi/fluid/gfluidkernel.hpp
-- Up-to-date: /home/adminlab/franka_ros2_ws/install/OpenCV/include/opencv4/opencv2/gapi/fluid/imgproc.hpp
-- Up-to-date: /home/adminlab/franka_ros2_ws/install/OpenCV/include/opencv4/opencv2/gapi/garg.hpp
-- Up-to-date: /home/adminlab/franka_ros2_ws/install/OpenCV/include/opencv4/opencv2/gapi/garray.hpp
-- Up-to-date: /home/adminlab/franka_ros2_ws/install/OpenCV/include/opencv4/opencv2/gapi/gasync_context.hpp
-- Up-to-date: /home/adminlab/franka_ros2_ws/install/OpenCV/include/opencv4/opencv2/gapi/gcall.hpp
-- Up-to-date: /home/adminlab/franka_ros2_ws/install/OpenCV/include/opencv4/opencv2/gapi/gcommon.hpp
-- Up-to-date: /home/adminlab/franka_ros2_ws/install/OpenCV/include/opencv4/opencv2/gapi/gcompiled.hpp
-- Up-to-date: /home/adminlab/franka_ros2_ws/install/OpenCV/include/opencv4/opencv2/gapi/gcompiled_async.hpp
-- Up-to-date: /home/adminlab/franka_ros2_ws/install/OpenCV/include/opencv4/opencv2/gapi/gcompoundkernel.hpp
-- Up-to-date: /home/adminlab/franka_ros2_ws/install/OpenCV/include/opencv4/opencv2/gapi/gcomputation.hpp
-- Up-to-date: /home/adminlab/franka_ros2_ws/install/OpenCV/include/opencv4/opencv2/gapi/gcomputation_async.hpp
-- Up-to-date: /home/adminlab/franka_ros2_ws/install/OpenCV/include/opencv4/opencv2/gapi/gframe.hpp
-- Up-to-date: /home/adminlab/franka_ros2_ws/install/OpenCV/include/opencv4/opencv2/gapi/gkernel.hpp
-- Up-to-date: /home/adminlab/franka_ros2_ws/install/OpenCV/include/opencv4/opencv2/gapi/gmat.hpp
-- Up-to-date: /home/adminlab/franka_ros2_ws/install/OpenCV/include/opencv4/opencv2/gapi/gmetaarg.hpp
-- Up-to-date: /home/adminlab/franka_ros2_ws/install/OpenCV/include/opencv4/opencv2/gapi/gopaque.hpp
-- Up-to-date: /home/adminlab/franka_ros2_ws/install/OpenCV/include/opencv4/opencv2/gapi/gproto.hpp
-- Up-to-date: /home/adminlab/franka_ros2_ws/install/OpenCV/include/opencv4/opencv2/gapi/gpu/core.hpp
-- Up-to-date: /home/adminlab/franka_ros2_ws/install/OpenCV/include/opencv4/opencv2/gapi/gpu/ggpukernel.hpp
-- Up-to-date: /home/adminlab/franka_ros2_ws/install/OpenCV/include/opencv4/opencv2/gapi/gpu/imgproc.hpp
-- Up-to-date: /home/adminlab/franka_ros2_ws/install/OpenCV/include/opencv4/opencv2/gapi/gscalar.hpp
-- Up-to-date: /home/adminlab/franka_ros2_ws/install/OpenCV/include/opencv4/opencv2/gapi/gstreaming.hpp
-- Up-to-date: /home/adminlab/franka_ros2_ws/install/OpenCV/include/opencv4/opencv2/gapi/gtransform.hpp
-- Up-to-date: /home/adminlab/franka_ros2_ws/install/OpenCV/include/opencv4/opencv2/gapi/gtype_traits.hpp
-- Up-to-date: /home/adminlab/franka_ros2_ws/install/OpenCV/include/opencv4/opencv2/gapi/gtyped.hpp
-- Up-to-date: /home/adminlab/franka_ros2_ws/install/OpenCV/include/opencv4/opencv2/gapi/imgproc.hpp
-- Up-to-date: /home/adminlab/franka_ros2_ws/install/OpenCV/include/opencv4/opencv2/gapi/infer.hpp
-- Up-to-date: /home/adminlab/franka_ros2_ws/install/OpenCV/include/opencv4/opencv2/gapi/infer/bindings_ie.hpp
-- Up-to-date: /home/adminlab/franka_ros2_ws/install/OpenCV/include/opencv4/opencv2/gapi/infer/bindings_onnx.hpp
-- Up-to-date: /home/adminlab/franka_ros2_ws/install/OpenCV/include/opencv4/opencv2/gapi/infer/bindings_ov.hpp
-- Up-to-date: /home/adminlab/franka_ros2_ws/install/OpenCV/include/opencv4/opencv2/gapi/infer/ie.hpp
-- Up-to-date: /home/adminlab/franka_ros2_ws/install/OpenCV/include/opencv4/opencv2/gapi/infer/onnx.hpp
-- Up-to-date: /home/adminlab/franka_ros2_ws/install/OpenCV/include/opencv4/opencv2/gapi/infer/ov.hpp
-- Up-to-date: /home/adminlab/franka_ros2_ws/install/OpenCV/include/opencv4/opencv2/gapi/infer/parsers.hpp
-- Up-to-date: /home/adminlab/franka_ros2_ws/install/OpenCV/include/opencv4/opencv2/gapi/media.hpp
-- Up-to-date: /home/adminlab/franka_ros2_ws/install/OpenCV/include/opencv4/opencv2/gapi/oak/infer.hpp
-- Up-to-date: /home/adminlab/franka_ros2_ws/install/OpenCV/include/opencv4/opencv2/gapi/oak/oak.hpp
-- Up-to-date: /home/adminlab/franka_ros2_ws/install/OpenCV/include/opencv4/opencv2/gapi/ocl/core.hpp
-- Up-to-date: /home/adminlab/franka_ros2_ws/install/OpenCV/include/opencv4/opencv2/gapi/ocl/goclkernel.hpp
-- Up-to-date: /home/adminlab/franka_ros2_ws/install/OpenCV/include/opencv4/opencv2/gapi/ocl/imgproc.hpp
-- Up-to-date: /home/adminlab/franka_ros2_ws/install/OpenCV/include/opencv4/opencv2/gapi/opencv_includes.hpp
-- Up-to-date: /home/adminlab/franka_ros2_ws/install/OpenCV/include/opencv4/opencv2/gapi/operators.hpp
-- Up-to-date: /home/adminlab/franka_ros2_ws/install/OpenCV/include/opencv4/opencv2/gapi/ot.hpp
-- Up-to-date: /home/adminlab/franka_ros2_ws/install/OpenCV/include/opencv4/opencv2/gapi/own/assert.hpp
-- Up-to-date: /home/adminlab/franka_ros2_ws/install/OpenCV/include/opencv4/opencv2/gapi/own/convert.hpp
-- Up-to-date: /home/adminlab/franka_ros2_ws/install/OpenCV/include/opencv4/opencv2/gapi/own/cvdefs.hpp
-- Up-to-date: /home/adminlab/franka_ros2_ws/install/OpenCV/include/opencv4/opencv2/gapi/own/exports.hpp
-- Up-to-date: /home/adminlab/franka_ros2_ws/install/OpenCV/include/opencv4/opencv2/gapi/own/mat.hpp
-- Up-to-date: /home/adminlab/franka_ros2_ws/install/OpenCV/include/opencv4/opencv2/gapi/own/saturate.hpp
-- Up-to-date: /home/adminlab/franka_ros2_ws/install/OpenCV/include/opencv4/opencv2/gapi/own/scalar.hpp
-- Up-to-date: /home/adminlab/franka_ros2_ws/install/OpenCV/include/opencv4/opencv2/gapi/own/types.hpp
-- Up-to-date: /home/adminlab/franka_ros2_ws/install/OpenCV/include/opencv4/opencv2/gapi/plaidml/core.hpp
-- Up-to-date: /home/adminlab/franka_ros2_ws/install/OpenCV/include/opencv4/opencv2/gapi/plaidml/gplaidmlkernel.hpp
-- Up-to-date: /home/adminlab/franka_ros2_ws/install/OpenCV/include/opencv4/opencv2/gapi/plaidml/plaidml.hpp
-- Up-to-date: /home/adminlab/franka_ros2_ws/install/OpenCV/include/opencv4/opencv2/gapi/python/python.hpp
-- Up-to-date: /home/adminlab/franka_ros2_ws/install/OpenCV/include/opencv4/opencv2/gapi/render.hpp
-- Up-to-date: /home/adminlab/franka_ros2_ws/install/OpenCV/include/opencv4/opencv2/gapi/render/render.hpp
-- Up-to-date: /home/adminlab/franka_ros2_ws/install/OpenCV/include/opencv4/opencv2/gapi/render/render_types.hpp
-- Up-to-date: /home/adminlab/franka_ros2_ws/install/OpenCV/include/opencv4/opencv2/gapi/rmat.hpp
-- Up-to-date: /home/adminlab/franka_ros2_ws/install/OpenCV/include/opencv4/opencv2/gapi/s11n.hpp
-- Up-to-date: /home/adminlab/franka_ros2_ws/install/OpenCV/include/opencv4/opencv2/gapi/s11n/base.hpp
-- Up-to-date: /home/adminlab/franka_ros2_ws/install/OpenCV/include/opencv4/opencv2/gapi/stereo.hpp
-- Up-to-date: /home/adminlab/franka_ros2_ws/install/OpenCV/include/opencv4/opencv2/gapi/streaming/cap.hpp
-- Up-to-date: /home/adminlab/franka_ros2_ws/install/OpenCV/include/opencv4/opencv2/gapi/streaming/desync.hpp
-- Up-to-date: /home/adminlab/franka_ros2_ws/install/OpenCV/include/opencv4/opencv2/gapi/streaming/format.hpp
-- Up-to-date: /home/adminlab/franka_ros2_ws/install/OpenCV/include/opencv4/opencv2/gapi/streaming/gstreamer/gstreamerpipeline.hpp
-- Up-to-date: /home/adminlab/franka_ros2_ws/install/OpenCV/include/opencv4/opencv2/gapi/streaming/gstreamer/gstreamersource.hpp
-- Up-to-date: /home/adminlab/franka_ros2_ws/install/OpenCV/include/opencv4/opencv2/gapi/streaming/meta.hpp
-- Up-to-date: /home/adminlab/franka_ros2_ws/install/OpenCV/include/opencv4/opencv2/gapi/streaming/onevpl/accel_types.hpp
-- Up-to-date: /home/adminlab/franka_ros2_ws/install/OpenCV/include/opencv4/opencv2/gapi/streaming/onevpl/cfg_params.hpp
-- Up-to-date: /home/adminlab/franka_ros2_ws/install/OpenCV/include/opencv4/opencv2/gapi/streaming/onevpl/data_provider_interface.hpp
-- Up-to-date: /home/adminlab/franka_ros2_ws/install/OpenCV/include/opencv4/opencv2/gapi/streaming/onevpl/default.hpp
-- Up-to-date: /home/adminlab/franka_ros2_ws/install/OpenCV/include/opencv4/opencv2/gapi/streaming/onevpl/device_selector_interface.hpp
-- Up-to-date: /home/adminlab/franka_ros2_ws/install/OpenCV/include/opencv4/opencv2/gapi/streaming/onevpl/source.hpp
-- Up-to-date: /home/adminlab/franka_ros2_ws/install/OpenCV/include/opencv4/opencv2/gapi/streaming/queue_source.hpp
-- Up-to-date: /home/adminlab/franka_ros2_ws/install/OpenCV/include/opencv4/opencv2/gapi/streaming/source.hpp
-- Up-to-date: /home/adminlab/franka_ros2_ws/install/OpenCV/include/opencv4/opencv2/gapi/streaming/sync.hpp
-- Up-to-date: /home/adminlab/franka_ros2_ws/install/OpenCV/include/opencv4/opencv2/gapi/util/any.hpp
-- Up-to-date: /home/adminlab/franka_ros2_ws/install/OpenCV/include/opencv4/opencv2/gapi/util/compiler_hints.hpp
-- Up-to-date: /home/adminlab/franka_ros2_ws/install/OpenCV/include/opencv4/opencv2/gapi/util/copy_through_move.hpp
-- Up-to-date: /home/adminlab/franka_ros2_ws/install/OpenCV/include/opencv4/opencv2/gapi/util/optional.hpp
-- Up-to-date: /home/adminlab/franka_ros2_ws/install/OpenCV/include/opencv4/opencv2/gapi/util/throw.hpp
-- Up-to-date: /home/adminlab/franka_ros2_ws/install/OpenCV/include/opencv4/opencv2/gapi/util/type_traits.hpp
-- Up-to-date: /home/adminlab/franka_ros2_ws/install/OpenCV/include/opencv4/opencv2/gapi/util/util.hpp
-- Up-to-date: /home/adminlab/franka_ros2_ws/install/OpenCV/include/opencv4/opencv2/gapi/util/variant.hpp
-- Up-to-date: /home/adminlab/franka_ros2_ws/install/OpenCV/include/opencv4/opencv2/gapi/video.hpp
-- Up-to-date: /home/adminlab/franka_ros2_ws/install/OpenCV/share/licenses/opencv4/vasot-LICENSE.txt
-- Installing: /home/adminlab/franka_ros2_ws/install/OpenCV/share/java/opencv4/libopencv_java4100.so
-- Set runtime path of "/home/adminlab/franka_ros2_ws/install/OpenCV/share/java/opencv4/libopencv_java4100.so" to "/home/adminlab/franka_ros2_ws/install/OpenCV/lib"
-- Installing: /home/adminlab/franka_ros2_ws/install/OpenCV/share/java/opencv4/opencv-4100.jar
-- Up-to-date: /home/adminlab/franka_ros2_ws/install/OpenCV/lib/python3.10/dist-packages/cv2/__init__.py
-- Up-to-date: /home/adminlab/franka_ros2_ws/install/OpenCV/lib/python3.10/dist-packages/cv2/load_config_py2.py
-- Up-to-date: /home/adminlab/franka_ros2_ws/install/OpenCV/lib/python3.10/dist-packages/cv2/load_config_py3.py
-- Up-to-date: /home/adminlab/franka_ros2_ws/install/OpenCV/lib/python3.10/dist-packages/cv2/config.py
-- Up-to-date: /home/adminlab/franka_ros2_ws/install/OpenCV/lib/python3.10/dist-packages/cv2/misc/__init__.py
-- Up-to-date: /home/adminlab/franka_ros2_ws/install/OpenCV/lib/python3.10/dist-packages/cv2/misc/version.py
-- Up-to-date: /home/adminlab/franka_ros2_ws/install/OpenCV/lib/python3.10/dist-packages/cv2/mat_wrapper/__init__.py
-- Up-to-date: /home/adminlab/franka_ros2_ws/install/OpenCV/lib/python3.10/dist-packages/cv2/utils/__init__.py
-- Up-to-date: /home/adminlab/franka_ros2_ws/install/OpenCV/lib/python3.10/dist-packages/cv2/gapi/__init__.py
-- Up-to-date: /home/adminlab/franka_ros2_ws/install/OpenCV/lib/python3.10/dist-packages/cv2
-- Up-to-date: /home/adminlab/franka_ros2_ws/install/OpenCV/lib/python3.10/dist-packages/cv2/ogl
-- Up-to-date: /home/adminlab/franka_ros2_ws/install/OpenCV/lib/python3.10/dist-packages/cv2/ogl/__init__.pyi
-- Up-to-date: /home/adminlab/franka_ros2_ws/install/OpenCV/lib/python3.10/dist-packages/cv2/barcode
-- Up-to-date: /home/adminlab/franka_ros2_ws/install/OpenCV/lib/python3.10/dist-packages/cv2/barcode/__init__.pyi
-- Up-to-date: /home/adminlab/franka_ros2_ws/install/OpenCV/lib/python3.10/dist-packages/cv2/fisheye
-- Up-to-date: /home/adminlab/franka_ros2_ws/install/OpenCV/lib/python3.10/dist-packages/cv2/fisheye/__init__.pyi
-- Up-to-date: /home/adminlab/franka_ros2_ws/install/OpenCV/lib/python3.10/dist-packages/cv2/cuda
-- Up-to-date: /home/adminlab/franka_ros2_ws/install/OpenCV/lib/python3.10/dist-packages/cv2/cuda/__init__.pyi
-- Up-to-date: /home/adminlab/franka_ros2_ws/install/OpenCV/lib/python3.10/dist-packages/cv2/flann
-- Up-to-date: /home/adminlab/franka_ros2_ws/install/OpenCV/lib/python3.10/dist-packages/cv2/flann/__init__.pyi
-- Up-to-date: /home/adminlab/franka_ros2_ws/install/OpenCV/lib/python3.10/dist-packages/cv2/dnn
-- Up-to-date: /home/adminlab/franka_ros2_ws/install/OpenCV/lib/python3.10/dist-packages/cv2/dnn/__init__.pyi
-- Up-to-date: /home/adminlab/franka_ros2_ws/install/OpenCV/lib/python3.10/dist-packages/cv2/ocl
-- Up-to-date: /home/adminlab/franka_ros2_ws/install/OpenCV/lib/python3.10/dist-packages/cv2/ocl/__init__.pyi
-- Up-to-date: /home/adminlab/franka_ros2_ws/install/OpenCV/lib/python3.10/dist-packages/cv2/samples
-- Up-to-date: /home/adminlab/franka_ros2_ws/install/OpenCV/lib/python3.10/dist-packages/cv2/samples/__init__.pyi
-- Up-to-date: /home/adminlab/franka_ros2_ws/install/OpenCV/lib/python3.10/dist-packages/cv2/utils
-- Up-to-date: /home/adminlab/franka_ros2_ws/install/OpenCV/lib/python3.10/dist-packages/cv2/utils/fs
-- Up-to-date: /home/adminlab/franka_ros2_ws/install/OpenCV/lib/python3.10/dist-packages/cv2/utils/fs/__init__.pyi
-- Up-to-date: /home/adminlab/franka_ros2_ws/install/OpenCV/lib/python3.10/dist-packages/cv2/utils/__init__.pyi
-- Up-to-date: /home/adminlab/franka_ros2_ws/install/OpenCV/lib/python3.10/dist-packages/cv2/utils/nested
-- Up-to-date: /home/adminlab/franka_ros2_ws/install/OpenCV/lib/python3.10/dist-packages/cv2/utils/nested/__init__.pyi
-- Up-to-date: /home/adminlab/franka_ros2_ws/install/OpenCV/lib/python3.10/dist-packages/cv2/ml
-- Up-to-date: /home/adminlab/franka_ros2_ws/install/OpenCV/lib/python3.10/dist-packages/cv2/ml/__init__.pyi
-- Up-to-date: /home/adminlab/franka_ros2_ws/install/OpenCV/lib/python3.10/dist-packages/cv2/detail
-- Up-to-date: /home/adminlab/franka_ros2_ws/install/OpenCV/lib/python3.10/dist-packages/cv2/detail/__init__.pyi
-- Up-to-date: /home/adminlab/franka_ros2_ws/install/OpenCV/lib/python3.10/dist-packages/cv2/py.typed
-- Up-to-date: /home/adminlab/franka_ros2_ws/install/OpenCV/lib/python3.10/dist-packages/cv2/aruco
-- Up-to-date: /home/adminlab/franka_ros2_ws/install/OpenCV/lib/python3.10/dist-packages/cv2/aruco/__init__.pyi
-- Up-to-date: /home/adminlab/franka_ros2_ws/install/OpenCV/lib/python3.10/dist-packages/cv2/__init__.pyi
-- Up-to-date: /home/adminlab/franka_ros2_ws/install/OpenCV/lib/python3.10/dist-packages/cv2/parallel
-- Up-to-date: /home/adminlab/franka_ros2_ws/install/OpenCV/lib/python3.10/dist-packages/cv2/parallel/__init__.pyi
-- Up-to-date: /home/adminlab/franka_ros2_ws/install/OpenCV/lib/python3.10/dist-packages/cv2/typing
-- Up-to-date: /home/adminlab/franka_ros2_ws/install/OpenCV/lib/python3.10/dist-packages/cv2/typing/__init__.py
-- Up-to-date: /home/adminlab/franka_ros2_ws/install/OpenCV/lib/python3.10/dist-packages/cv2/segmentation
-- Up-to-date: /home/adminlab/franka_ros2_ws/install/OpenCV/lib/python3.10/dist-packages/cv2/segmentation/__init__.pyi
-- Up-to-date: /home/adminlab/franka_ros2_ws/install/OpenCV/lib/python3.10/dist-packages/cv2/Error
-- Up-to-date: /home/adminlab/franka_ros2_ws/install/OpenCV/lib/python3.10/dist-packages/cv2/Error/__init__.pyi
-- Up-to-date: /home/adminlab/franka_ros2_ws/install/OpenCV/lib/python3.10/dist-packages/cv2/ipp
-- Up-to-date: /home/adminlab/franka_ros2_ws/install/OpenCV/lib/python3.10/dist-packages/cv2/ipp/__init__.pyi
-- Up-to-date: /home/adminlab/franka_ros2_ws/install/OpenCV/lib/python3.10/dist-packages/cv2/videoio_registry
-- Up-to-date: /home/adminlab/franka_ros2_ws/install/OpenCV/lib/python3.10/dist-packages/cv2/videoio_registry/__init__.pyi
-- Up-to-date: /home/adminlab/franka_ros2_ws/install/OpenCV/lib/python3.10/dist-packages/cv2/gapi
-- Up-to-date: /home/adminlab/franka_ros2_ws/install/OpenCV/lib/python3.10/dist-packages/cv2/gapi/streaming
-- Up-to-date: /home/adminlab/franka_ros2_ws/install/OpenCV/lib/python3.10/dist-packages/cv2/gapi/streaming/__init__.pyi
-- Up-to-date: /home/adminlab/franka_ros2_ws/install/OpenCV/lib/python3.10/dist-packages/cv2/gapi/ot
-- Up-to-date: /home/adminlab/franka_ros2_ws/install/OpenCV/lib/python3.10/dist-packages/cv2/gapi/ot/cpu
-- Up-to-date: /home/adminlab/franka_ros2_ws/install/OpenCV/lib/python3.10/dist-packages/cv2/gapi/ot/cpu/__init__.pyi
-- Up-to-date: /home/adminlab/franka_ros2_ws/install/OpenCV/lib/python3.10/dist-packages/cv2/gapi/ot/__init__.pyi
-- Up-to-date: /home/adminlab/franka_ros2_ws/install/OpenCV/lib/python3.10/dist-packages/cv2/gapi/core
-- Up-to-date: /home/adminlab/franka_ros2_ws/install/OpenCV/lib/python3.10/dist-packages/cv2/gapi/core/cpu
-- Up-to-date: /home/adminlab/franka_ros2_ws/install/OpenCV/lib/python3.10/dist-packages/cv2/gapi/core/cpu/__init__.pyi
-- Up-to-date: /home/adminlab/franka_ros2_ws/install/OpenCV/lib/python3.10/dist-packages/cv2/gapi/core/ocl
-- Up-to-date: /home/adminlab/franka_ros2_ws/install/OpenCV/lib/python3.10/dist-packages/cv2/gapi/core/ocl/__init__.pyi
-- Up-to-date: /home/adminlab/franka_ros2_ws/install/OpenCV/lib/python3.10/dist-packages/cv2/gapi/core/fluid
-- Up-to-date: /home/adminlab/franka_ros2_ws/install/OpenCV/lib/python3.10/dist-packages/cv2/gapi/core/fluid/__init__.pyi
-- Up-to-date: /home/adminlab/franka_ros2_ws/install/OpenCV/lib/python3.10/dist-packages/cv2/gapi/core/__init__.pyi
-- Up-to-date: /home/adminlab/franka_ros2_ws/install/OpenCV/lib/python3.10/dist-packages/cv2/gapi/wip
-- Up-to-date: /home/adminlab/franka_ros2_ws/install/OpenCV/lib/python3.10/dist-packages/cv2/gapi/wip/draw
-- Up-to-date: /home/adminlab/franka_ros2_ws/install/OpenCV/lib/python3.10/dist-packages/cv2/gapi/wip/draw/__init__.pyi
-- Up-to-date: /home/adminlab/franka_ros2_ws/install/OpenCV/lib/python3.10/dist-packages/cv2/gapi/wip/gst
-- Up-to-date: /home/adminlab/franka_ros2_ws/install/OpenCV/lib/python3.10/dist-packages/cv2/gapi/wip/gst/__init__.pyi
-- Up-to-date: /home/adminlab/franka_ros2_ws/install/OpenCV/lib/python3.10/dist-packages/cv2/gapi/wip/onevpl
-- Up-to-date: /home/adminlab/franka_ros2_ws/install/OpenCV/lib/python3.10/dist-packages/cv2/gapi/wip/onevpl/__init__.pyi
-- Up-to-date: /home/adminlab/franka_ros2_ws/install/OpenCV/lib/python3.10/dist-packages/cv2/gapi/wip/__init__.pyi
-- Up-to-date: /home/adminlab/franka_ros2_ws/install/OpenCV/lib/python3.10/dist-packages/cv2/gapi/ov
-- Up-to-date: /home/adminlab/franka_ros2_ws/install/OpenCV/lib/python3.10/dist-packages/cv2/gapi/ov/__init__.pyi
-- Up-to-date: /home/adminlab/franka_ros2_ws/install/OpenCV/lib/python3.10/dist-packages/cv2/gapi/own
-- Up-to-date: /home/adminlab/franka_ros2_ws/install/OpenCV/lib/python3.10/dist-packages/cv2/gapi/own/detail
-- Up-to-date: /home/adminlab/franka_ros2_ws/install/OpenCV/lib/python3.10/dist-packages/cv2/gapi/own/detail/__init__.pyi
-- Up-to-date: /home/adminlab/franka_ros2_ws/install/OpenCV/lib/python3.10/dist-packages/cv2/gapi/own/__init__.pyi
-- Up-to-date: /home/adminlab/franka_ros2_ws/install/OpenCV/lib/python3.10/dist-packages/cv2/gapi/render
-- Up-to-date: /home/adminlab/franka_ros2_ws/install/OpenCV/lib/python3.10/dist-packages/cv2/gapi/render/ocv
-- Up-to-date: /home/adminlab/franka_ros2_ws/install/OpenCV/lib/python3.10/dist-packages/cv2/gapi/render/ocv/__init__.pyi
-- Up-to-date: /home/adminlab/franka_ros2_ws/install/OpenCV/lib/python3.10/dist-packages/cv2/gapi/render/__init__.pyi
-- Up-to-date: /home/adminlab/franka_ros2_ws/install/OpenCV/lib/python3.10/dist-packages/cv2/gapi/oak
-- Up-to-date: /home/adminlab/franka_ros2_ws/install/OpenCV/lib/python3.10/dist-packages/cv2/gapi/oak/__init__.pyi
-- Up-to-date: /home/adminlab/franka_ros2_ws/install/OpenCV/lib/python3.10/dist-packages/cv2/gapi/onnx
-- Up-to-date: /home/adminlab/franka_ros2_ws/install/OpenCV/lib/python3.10/dist-packages/cv2/gapi/onnx/ep
-- Up-to-date: /home/adminlab/franka_ros2_ws/install/OpenCV/lib/python3.10/dist-packages/cv2/gapi/onnx/ep/__init__.pyi
-- Up-to-date: /home/adminlab/franka_ros2_ws/install/OpenCV/lib/python3.10/dist-packages/cv2/gapi/onnx/__init__.pyi
-- Up-to-date: /home/adminlab/franka_ros2_ws/install/OpenCV/lib/python3.10/dist-packages/cv2/gapi/ie
-- Up-to-date: /home/adminlab/franka_ros2_ws/install/OpenCV/lib/python3.10/dist-packages/cv2/gapi/ie/detail
-- Up-to-date: /home/adminlab/franka_ros2_ws/install/OpenCV/lib/python3.10/dist-packages/cv2/gapi/ie/detail/__init__.pyi
-- Up-to-date: /home/adminlab/franka_ros2_ws/install/OpenCV/lib/python3.10/dist-packages/cv2/gapi/ie/__init__.pyi
-- Up-to-date: /home/adminlab/franka_ros2_ws/install/OpenCV/lib/python3.10/dist-packages/cv2/gapi/__init__.pyi
-- Up-to-date: /home/adminlab/franka_ros2_ws/install/OpenCV/lib/python3.10/dist-packages/cv2/gapi/imgproc
-- Up-to-date: /home/adminlab/franka_ros2_ws/install/OpenCV/lib/python3.10/dist-packages/cv2/gapi/imgproc/fluid
-- Up-to-date: /home/adminlab/franka_ros2_ws/install/OpenCV/lib/python3.10/dist-packages/cv2/gapi/imgproc/fluid/__init__.pyi
-- Up-to-date: /home/adminlab/franka_ros2_ws/install/OpenCV/lib/python3.10/dist-packages/cv2/gapi/imgproc/__init__.pyi
-- Up-to-date: /home/adminlab/franka_ros2_ws/install/OpenCV/lib/python3.10/dist-packages/cv2/gapi/video
-- Up-to-date: /home/adminlab/franka_ros2_ws/install/OpenCV/lib/python3.10/dist-packages/cv2/gapi/video/__init__.pyi
-- Up-to-date: /home/adminlab/franka_ros2_ws/install/OpenCV/lib/python3.10/dist-packages/cv2/python-3.10/cv2.cpython-310-x86_64-linux-gnu.so
-- Up-to-date: /home/adminlab/franka_ros2_ws/install/OpenCV/lib/python3.10/dist-packages/cv2/config-3.10.py
-- Up-to-date: /home/adminlab/franka_ros2_ws/install/OpenCV/share/opencv4/haarcascades/haarcascade_eye.xml
-- Up-to-date: /home/adminlab/franka_ros2_ws/install/OpenCV/share/opencv4/haarcascades/haarcascade_eye_tree_eyeglasses.xml
-- Up-to-date: /home/adminlab/franka_ros2_ws/install/OpenCV/share/opencv4/haarcascades/haarcascade_frontalcatface.xml
-- Up-to-date: /home/adminlab/franka_ros2_ws/install/OpenCV/share/opencv4/haarcascades/haarcascade_frontalcatface_extended.xml
-- Up-to-date: /home/adminlab/franka_ros2_ws/install/OpenCV/share/opencv4/haarcascades/haarcascade_frontalface_alt.xml
-- Up-to-date: /home/adminlab/franka_ros2_ws/install/OpenCV/share/opencv4/haarcascades/haarcascade_frontalface_alt2.xml
-- Up-to-date: /home/adminlab/franka_ros2_ws/install/OpenCV/share/opencv4/haarcascades/haarcascade_frontalface_alt_tree.xml
-- Up-to-date: /home/adminlab/franka_ros2_ws/install/OpenCV/share/opencv4/haarcascades/haarcascade_frontalface_default.xml
-- Up-to-date: /home/adminlab/franka_ros2_ws/install/OpenCV/share/opencv4/haarcascades/haarcascade_fullbody.xml
-- Up-to-date: /home/adminlab/franka_ros2_ws/install/OpenCV/share/opencv4/haarcascades/haarcascade_lefteye_2splits.xml
-- Up-to-date: /home/adminlab/franka_ros2_ws/install/OpenCV/share/opencv4/haarcascades/haarcascade_license_plate_rus_16stages.xml
-- Up-to-date: /home/adminlab/franka_ros2_ws/install/OpenCV/share/opencv4/haarcascades/haarcascade_lowerbody.xml
-- Up-to-date: /home/adminlab/franka_ros2_ws/install/OpenCV/share/opencv4/haarcascades/haarcascade_profileface.xml
-- Up-to-date: /home/adminlab/franka_ros2_ws/install/OpenCV/share/opencv4/haarcascades/haarcascade_righteye_2splits.xml
-- Up-to-date: /home/adminlab/franka_ros2_ws/install/OpenCV/share/opencv4/haarcascades/haarcascade_russian_plate_number.xml
-- Up-to-date: /home/adminlab/franka_ros2_ws/install/OpenCV/share/opencv4/haarcascades/haarcascade_smile.xml
-- Up-to-date: /home/adminlab/franka_ros2_ws/install/OpenCV/share/opencv4/haarcascades/haarcascade_upperbody.xml
-- Up-to-date: /home/adminlab/franka_ros2_ws/install/OpenCV/share/opencv4/lbpcascades/lbpcascade_frontalcatface.xml
-- Up-to-date: /home/adminlab/franka_ros2_ws/install/OpenCV/share/opencv4/lbpcascades/lbpcascade_frontalface.xml
-- Up-to-date: /home/adminlab/franka_ros2_ws/install/OpenCV/share/opencv4/lbpcascades/lbpcascade_frontalface_improved.xml
-- Up-to-date: /home/adminlab/franka_ros2_ws/install/OpenCV/share/opencv4/lbpcascades/lbpcascade_profileface.xml
-- Up-to-date: /home/adminlab/franka_ros2_ws/install/OpenCV/share/opencv4/lbpcascades/lbpcascade_silverware.xml
-- Up-to-date: /home/adminlab/franka_ros2_ws/install/OpenCV/bin/opencv_annotation
-- Up-to-date: /home/adminlab/franka_ros2_ws/install/OpenCV/bin/opencv_visualisation
-- Up-to-date: /home/adminlab/franka_ros2_ws/install/OpenCV/bin/opencv_interactive-calibration
-- Up-to-date: /home/adminlab/franka_ros2_ws/install/OpenCV/bin/opencv_version
-- Up-to-date: /home/adminlab/franka_ros2_ws/install/OpenCV/bin/opencv_model_diagnostics
