[1.209s] Invoking command in '/home/adminlab/franka_ros2_ws/src/camera_publisher': PYTHONPATH=/home/adminlab/franka_ros2_ws/build/camera_publisher/prefix_override:/home/adminlab/franka_ros2_ws/install/camera_publisher/lib/python3.10/site-packages:${PYTHONPATH} /usr/bin/python3 -W ignore:setup.py install is deprecated setup.py egg_info --egg-base ../../build/camera_publisher build --build-base /home/adminlab/franka_ros2_ws/build/camera_publisher/build install --record /home/adminlab/franka_ros2_ws/build/camera_publisher/install.log --single-version-externally-managed install_data
[1.528s] running egg_info
[1.529s] writing ../../build/camera_publisher/camera_publisher.egg-info/PKG-INFO
[1.529s] writing dependency_links to ../../build/camera_publisher/camera_publisher.egg-info/dependency_links.txt
[1.529s] writing entry points to ../../build/camera_publisher/camera_publisher.egg-info/entry_points.txt
[1.529s] writing requirements to ../../build/camera_publisher/camera_publisher.egg-info/requires.txt
[1.529s] writing top-level names to ../../build/camera_publisher/camera_publisher.egg-info/top_level.txt
[1.532s] reading manifest file '../../build/camera_publisher/camera_publisher.egg-info/SOURCES.txt'
[1.534s] writing manifest file '../../build/camera_publisher/camera_publisher.egg-info/SOURCES.txt'
[1.534s] running build
[1.534s] running build_py
[1.537s] running install
[1.537s] running install_lib
[1.540s] running install_data
[1.541s] running install_egg_info
[1.545s] removing '/home/adminlab/franka_ros2_ws/install/camera_publisher/lib/python3.10/site-packages/camera_publisher-0.0.0-py3.10.egg-info' (and everything under it)
[1.545s] Copying ../../build/camera_publisher/camera_publisher.egg-info to /home/adminlab/franka_ros2_ws/install/camera_publisher/lib/python3.10/site-packages/camera_publisher-0.0.0-py3.10.egg-info
[1.545s] running install_scripts
[1.569s] Installing intel_pub script to /home/adminlab/franka_ros2_ws/install/camera_publisher/lib/camera_publisher
[1.569s] Installing intel_sub script to /home/adminlab/franka_ros2_ws/install/camera_publisher/lib/camera_publisher
[1.569s] writing list of installed files to '/home/adminlab/franka_ros2_ws/build/camera_publisher/install.log'
[2.253s] Invoked command in '/home/adminlab/franka_ros2_ws/src/camera_publisher' returned '0': PYTHONPATH=/home/adminlab/franka_ros2_ws/build/camera_publisher/prefix_override:/home/adminlab/franka_ros2_ws/install/camera_publisher/lib/python3.10/site-packages:${PYTHONPATH} /usr/bin/python3 -W ignore:setup.py install is deprecated setup.py egg_info --egg-base ../../build/camera_publisher build --build-base /home/adminlab/franka_ros2_ws/build/camera_publisher/build install --record /home/adminlab/franka_ros2_ws/build/camera_publisher/install.log --single-version-externally-managed install_data
