[0.563s] Invoking command in '/home/adminlab/franka_ros2_ws/build/librealsense2': CMAKE_PREFIX_PATH=/home/adminlab/franka_ros2_ws/install/moveit_configs_utils:/home/adminlab/franka_ros2_ws/install/ros2test:/home/adminlab/franka_ros2_ws/install/generate_parameter_module_example:/home/adminlab/franka_ros2_ws/install/launch_param_builder:/home/adminlab/franka_ros2_ws/install/handcv:/home/adminlab/franka_ros2_ws/install/generate_parameter_library_py:/home/adminlab/franka_ros2_ws/install/camera_publisher:/opt/ros/humble:${CMAKE_PREFIX_PATH} /usr/bin/cmake --build /home/adminlab/franka_ros2_ws/build/librealsense2 -- -j16 -l16
[0.643s] [  3%] Built target libcurl
[0.643s] [  9%] Built target rsutils
[0.643s] [  9%] Built target fw
[0.643s] [ 10%] Built target rs-embed
[0.654s] [ 15%] Built target realsense-file
[0.745s] [ 53%] Built target realsense2
[0.786s] [ 54%] Built target rs-hello-realsense
[0.786s] [ 58%] Built target realsense2-gl
[0.786s] [ 59%] Built target rs-software-device
[0.788s] [ 60%] Built target rs-capture
[0.789s] [ 60%] Built target rs-multicam
[0.789s] [ 61%] Built target rs-save-to-disk
[0.790s] [ 62%] Built target rs-callback
[0.820s] [ 62%] Built target rs-sensor-control
[0.821s] [ 62%] Built target rs-measure
[0.821s] [ 64%] Built target rs-align
[0.821s] [ 65%] Built target rs-align-advanced
[0.821s] [ 65%] Built target rs-pointcloud
[0.821s] [ 66%] Built target rs-color
[0.821s] [ 67%] Built target rs-depth
[0.832s] [ 67%] Built target rs-distance
[0.832s] [ 69%] Built target rs-post-processing
[0.841s] [ 71%] Built target rs-record-playback
[0.851s] [ 72%] Built target rs-motion
[0.851s] [ 73%] Built target rs-enumerate-devices
[0.851s] [ 73%] Built target rs-hdr
[0.851s] [ 74%] Built target rs-gl
[0.852s] [ 75%] Built target rs-convert
[0.857s] [ 76%] Built target rs-terminal
[0.857s] [ 76%] Built target rs-fw-logger
[0.869s] [ 76%] Built target rs-record
[0.883s] [ 76%] Built target rs-fw-update
[0.884s] [ 76%] Built target rs-data-collect
[0.887s] [ 77%] Built target rs-benchmark
[0.891s] [ 79%] Built target rs-rosbag-inspector
[0.895s] [ 80%] Built target rs-align-gl
[0.901s] [ 90%] Built target realsense-viewer
[0.919s] [100%] Built target rs-depth-quality
[1.164s] Invoked command in '/home/adminlab/franka_ros2_ws/build/librealsense2' returned '0': CMAKE_PREFIX_PATH=/home/adminlab/franka_ros2_ws/install/moveit_configs_utils:/home/adminlab/franka_ros2_ws/install/ros2test:/home/adminlab/franka_ros2_ws/install/generate_parameter_module_example:/home/adminlab/franka_ros2_ws/install/launch_param_builder:/home/adminlab/franka_ros2_ws/install/handcv:/home/adminlab/franka_ros2_ws/install/generate_parameter_library_py:/home/adminlab/franka_ros2_ws/install/camera_publisher:/opt/ros/humble:${CMAKE_PREFIX_PATH} /usr/bin/cmake --build /home/adminlab/franka_ros2_ws/build/librealsense2 -- -j16 -l16
[1.759s] Invoking command in '/home/adminlab/franka_ros2_ws/build/librealsense2': CMAKE_PREFIX_PATH=/home/adminlab/franka_ros2_ws/install/moveit_configs_utils:/home/adminlab/franka_ros2_ws/install/ros2test:/home/adminlab/franka_ros2_ws/install/generate_parameter_module_example:/home/adminlab/franka_ros2_ws/install/launch_param_builder:/home/adminlab/franka_ros2_ws/install/handcv:/home/adminlab/franka_ros2_ws/install/generate_parameter_library_py:/home/adminlab/franka_ros2_ws/install/camera_publisher:/opt/ros/humble:${CMAKE_PREFIX_PATH} /usr/bin/cmake --install /home/adminlab/franka_ros2_ws/build/librealsense2
[1.789s] -- Install configuration: "Release"
[1.789s] -- Up-to-date: /home/adminlab/franka_ros2_ws/install/librealsense2/lib/librealsense2.so.2.55.1
[1.790s] -- Up-to-date: /home/adminlab/franka_ros2_ws/install/librealsense2/lib/librealsense2.so.2.55
[1.790s] -- Up-to-date: /home/adminlab/franka_ros2_ws/install/librealsense2/lib/librealsense2.so
[1.790s] -- Up-to-date: /home/adminlab/franka_ros2_ws/install/librealsense2/include/librealsense2
[1.790s] -- Up-to-date: /home/adminlab/franka_ros2_ws/install/librealsense2/include/librealsense2/h
[1.790s] -- Up-to-date: /home/adminlab/franka_ros2_ws/install/librealsense2/include/librealsense2/h/rs_advanced_mode_command.h
[1.790s] -- Up-to-date: /home/adminlab/franka_ros2_ws/install/librealsense2/include/librealsense2/h/rs_processing.h
[1.790s] -- Up-to-date: /home/adminlab/franka_ros2_ws/install/librealsense2/include/librealsense2/h/rs_pipeline.h
[1.790s] -- Up-to-date: /home/adminlab/franka_ros2_ws/install/librealsense2/include/librealsense2/h/rs_config.h
[1.790s] -- Up-to-date: /home/adminlab/franka_ros2_ws/install/librealsense2/include/librealsense2/h/rs_device.h
[1.790s] -- Up-to-date: /home/adminlab/franka_ros2_ws/install/librealsense2/include/librealsense2/h/rs_record_playback.h
[1.790s] -- Up-to-date: /home/adminlab/franka_ros2_ws/install/librealsense2/include/librealsense2/h/rs_internal.h
[1.790s] -- Up-to-date: /home/adminlab/franka_ros2_ws/install/librealsense2/include/librealsense2/h/rs_types.h
[1.790s] -- Up-to-date: /home/adminlab/franka_ros2_ws/install/librealsense2/include/librealsense2/h/rs_option.h
[1.791s] -- Up-to-date: /home/adminlab/franka_ros2_ws/install/librealsense2/include/librealsense2/h/rs_context.h
[1.792s] -- Up-to-date: /home/adminlab/franka_ros2_ws/install/librealsense2/include/librealsense2/h/rs_sensor.h
[1.792s] -- Up-to-date: /home/adminlab/franka_ros2_ws/install/librealsense2/include/librealsense2/h/rs_frame.h
[1.792s] -- Up-to-date: /home/adminlab/franka_ros2_ws/install/librealsense2/include/librealsense2/rs_advanced_mode.h
[1.792s] -- Up-to-date: /home/adminlab/franka_ros2_ws/install/librealsense2/include/librealsense2/rs.hpp
[1.792s] -- Up-to-date: /home/adminlab/franka_ros2_ws/install/librealsense2/include/librealsense2/hpp
[1.792s] -- Up-to-date: /home/adminlab/franka_ros2_ws/install/librealsense2/include/librealsense2/hpp/rs_internal.hpp
[1.792s] -- Up-to-date: /home/adminlab/franka_ros2_ws/install/librealsense2/include/librealsense2/hpp/rs_pipeline.hpp
[1.792s] -- Up-to-date: /home/adminlab/franka_ros2_ws/install/librealsense2/include/librealsense2/hpp/rs_export.hpp
[1.793s] -- Up-to-date: /home/adminlab/franka_ros2_ws/install/librealsense2/include/librealsense2/hpp/rs_types.hpp
[1.793s] -- Up-to-date: /home/adminlab/franka_ros2_ws/install/librealsense2/include/librealsense2/hpp/rs_record_playback.hpp
[1.793s] -- Up-to-date: /home/adminlab/franka_ros2_ws/install/librealsense2/include/librealsense2/hpp/rs_serializable_device.hpp
[1.793s] -- Up-to-date: /home/adminlab/franka_ros2_ws/install/librealsense2/include/librealsense2/hpp/rs_options.hpp
[1.793s] -- Up-to-date: /home/adminlab/franka_ros2_ws/install/librealsense2/include/librealsense2/hpp/rs_processing.hpp
[1.793s] -- Up-to-date: /home/adminlab/franka_ros2_ws/install/librealsense2/include/librealsense2/hpp/rs_sensor.hpp
[1.793s] -- Up-to-date: /home/adminlab/franka_ros2_ws/install/librealsense2/include/librealsense2/hpp/rs_context.hpp
[1.793s] -- Up-to-date: /home/adminlab/franka_ros2_ws/install/librealsense2/include/librealsense2/hpp/rs_frame.hpp
[1.793s] -- Up-to-date: /home/adminlab/franka_ros2_ws/install/librealsense2/include/librealsense2/hpp/rs_device.hpp
[1.793s] -- Up-to-date: /home/adminlab/franka_ros2_ws/install/librealsense2/include/librealsense2/rsutil.h
[1.793s] -- Up-to-date: /home/adminlab/franka_ros2_ws/install/librealsense2/include/librealsense2/rs_advanced_mode.hpp
[1.794s] -- Up-to-date: /home/adminlab/franka_ros2_ws/install/librealsense2/include/librealsense2/rs.h
[1.794s] -- Up-to-date: /home/adminlab/franka_ros2_ws/install/librealsense2/lib/cmake/realsense2/realsense2Targets.cmake
[1.794s] -- Up-to-date: /home/adminlab/franka_ros2_ws/install/librealsense2/lib/cmake/realsense2/realsense2Targets-release.cmake
[1.794s] -- Up-to-date: /home/adminlab/franka_ros2_ws/install/librealsense2/lib/cmake/realsense2/realsense2Config.cmake
[1.794s] -- Up-to-date: /home/adminlab/franka_ros2_ws/install/librealsense2/lib/cmake/realsense2/realsense2ConfigVersion.cmake
[1.794s] -- Up-to-date: /home/adminlab/franka_ros2_ws/install/librealsense2/lib/pkgconfig/realsense2.pc
[1.822s] /sbin/ldconfig.real: Can't create temporary cache file /etc/ld.so.cache~: Permission denied
[1.822s] -- Up-to-date: /home/adminlab/franka_ros2_ws/install/librealsense2/lib/librsutils.a
[1.822s] -- Up-to-date: /home/adminlab/franka_ros2_ws/install/librealsense2/lib/librealsense-file.a
[1.822s] -- Up-to-date: /home/adminlab/franka_ros2_ws/install/librealsense2/lib/librealsense2-gl.so.2.55.1
[1.822s] -- Up-to-date: /home/adminlab/franka_ros2_ws/install/librealsense2/lib/librealsense2-gl.so.2.55
[1.822s] -- Up-to-date: /home/adminlab/franka_ros2_ws/install/librealsense2/lib/librealsense2-gl.so
[1.822s] -- Up-to-date: /home/adminlab/franka_ros2_ws/install/librealsense2/include/librealsense2-gl/rs_processing_gl.h
[1.823s] -- Up-to-date: /home/adminlab/franka_ros2_ws/install/librealsense2/include/librealsense2-gl/rs_processing_gl.hpp
[1.823s] -- Up-to-date: /home/adminlab/franka_ros2_ws/install/librealsense2/lib/cmake/realsense2-gl/realsense2-glTargets.cmake
[1.823s] -- Up-to-date: /home/adminlab/franka_ros2_ws/install/librealsense2/lib/cmake/realsense2-gl/realsense2-glTargets-release.cmake
[1.823s] -- Up-to-date: /home/adminlab/franka_ros2_ws/install/librealsense2/lib/cmake/realsense2-gl/realsense2-glConfig.cmake
[1.823s] -- Up-to-date: /home/adminlab/franka_ros2_ws/install/librealsense2/lib/cmake/realsense2-gl/realsense2-glConfigVersion.cmake
[1.823s] -- Up-to-date: /home/adminlab/franka_ros2_ws/install/librealsense2/lib/pkgconfig/realsense2-gl.pc
[1.878s] /sbin/ldconfig.real: Can't create temporary cache file /etc/ld.so.cache~: Permission denied
[1.878s] -- Up-to-date: /home/adminlab/franka_ros2_ws/install/librealsense2/bin/rs-hello-realsense
[1.878s] -- Up-to-date: /home/adminlab/franka_ros2_ws/install/librealsense2/bin/rs-software-device
[1.878s] -- Up-to-date: /home/adminlab/franka_ros2_ws/install/librealsense2/bin/rs-capture
[1.879s] -- Up-to-date: /home/adminlab/franka_ros2_ws/install/librealsense2/bin/rs-callback
[1.879s] -- Up-to-date: /home/adminlab/franka_ros2_ws/install/librealsense2/bin/rs-save-to-disk
[1.879s] -- Up-to-date: /home/adminlab/franka_ros2_ws/install/librealsense2/bin/rs-multicam
[1.879s] -- Up-to-date: /home/adminlab/franka_ros2_ws/install/librealsense2/bin/rs-pointcloud
[1.879s] -- Up-to-date: /home/adminlab/franka_ros2_ws/install/librealsense2/bin/rs-align
[1.879s] -- Up-to-date: /home/adminlab/franka_ros2_ws/install/librealsense2/bin/rs-align-gl
[1.879s] -- Up-to-date: /home/adminlab/franka_ros2_ws/install/librealsense2/bin/rs-align-advanced
[1.880s] -- Up-to-date: /home/adminlab/franka_ros2_ws/install/librealsense2/bin/rs-sensor-control
[1.880s] -- Up-to-date: /home/adminlab/franka_ros2_ws/install/librealsense2/bin/rs-measure
[1.880s] -- Up-to-date: /home/adminlab/franka_ros2_ws/install/librealsense2/bin/rs-depth
[1.880s] -- Up-to-date: /home/adminlab/franka_ros2_ws/install/librealsense2/bin/rs-color
[1.880s] -- Up-to-date: /home/adminlab/franka_ros2_ws/install/librealsense2/bin/rs-distance
[1.880s] -- Up-to-date: /home/adminlab/franka_ros2_ws/install/librealsense2/bin/rs-post-processing
[1.881s] -- Up-to-date: /home/adminlab/franka_ros2_ws/install/librealsense2/bin/rs-record-playback
[1.881s] -- Up-to-date: /home/adminlab/franka_ros2_ws/install/librealsense2/bin/rs-motion
[1.881s] -- Up-to-date: /home/adminlab/franka_ros2_ws/install/librealsense2/bin/rs-gl
[1.881s] -- Up-to-date: /home/adminlab/franka_ros2_ws/install/librealsense2/bin/rs-hdr
[1.882s] -- Up-to-date: /home/adminlab/franka_ros2_ws/install/librealsense2/bin/rs-convert
[1.882s] -- Up-to-date: /home/adminlab/franka_ros2_ws/install/librealsense2/bin/rs-enumerate-devices
[1.882s] -- Up-to-date: /home/adminlab/franka_ros2_ws/install/librealsense2/bin/rs-fw-logger
[1.883s] -- Up-to-date: /home/adminlab/franka_ros2_ws/install/librealsense2/bin/rs-terminal
[1.883s] -- Up-to-date: /home/adminlab/franka_ros2_ws/install/librealsense2/bin/rs-record
[1.883s] -- Up-to-date: /home/adminlab/franka_ros2_ws/install/librealsense2/bin/rs-fw-update
[1.883s] -- Up-to-date: /home/adminlab/franka_ros2_ws/install/librealsense2/bin/rs-embed
[1.884s] -- Up-to-date: /home/adminlab/franka_ros2_ws/install/librealsense2/bin/rs-data-collect
[1.884s] -- Up-to-date: /home/adminlab/franka_ros2_ws/install/librealsense2/bin/realsense-viewer
[1.884s] -- Up-to-date: /home/adminlab/Documents/librealsense2/presets
[1.884s] [31mCMake Error at tools/realsense-viewer/cmake_install.cmake:74 (file):
[1.884s]   file INSTALL cannot set permissions on
[1.884s]   "/home/adminlab/Documents/librealsense2/presets": Operation not permitted.
[1.884s] Call Stack (most recent call first):
[1.884s]   tools/cmake_install.cmake:55 (include)
[1.885s]   cmake_install.cmake:138 (include)
[1.885s] 
[1.885s] [0m
[2.014s] Invoked command in '/home/adminlab/franka_ros2_ws/build/librealsense2' returned '1': CMAKE_PREFIX_PATH=/home/adminlab/franka_ros2_ws/install/moveit_configs_utils:/home/adminlab/franka_ros2_ws/install/ros2test:/home/adminlab/franka_ros2_ws/install/generate_parameter_module_example:/home/adminlab/franka_ros2_ws/install/launch_param_builder:/home/adminlab/franka_ros2_ws/install/handcv:/home/adminlab/franka_ros2_ws/install/generate_parameter_library_py:/home/adminlab/franka_ros2_ws/install/camera_publisher:/opt/ros/humble:${CMAKE_PREFIX_PATH} /usr/bin/cmake --install /home/adminlab/franka_ros2_ws/build/librealsense2
