[0.037s] Invoking command in '/home/adminlab/franka_ros2_ws/build/moveit_setup_framework': AMENT_PREFIX_PATH=/home/adminlab/franka_ros2_ws/install/moveit_ros_visualization:/home/adminlab/franka_ros2_ws/install/generate_parameter_library_py:/home/adminlab/franka_ros2_ws/install/pilz_industrial_motion_planner_testutils:/home/adminlab/franka_ros2_ws/install/moveit_runtime:/home/adminlab/franka_ros2_ws/install/moveit_planners:/home/adminlab/franka_ros2_ws/install/pilz_industrial_motion_planner:/home/adminlab/franka_ros2_ws/install/moveit_visual_tools:/home/adminlab/franka_ros2_ws/install/moveit_ros_control_interface:/home/adminlab/franka_ros2_ws/install/moveit_plugins:/home/adminlab/franka_ros2_ws/install/moveit_simple_controller_manager:/home/adminlab/franka_ros2_ws/install/moveit_servo:/home/adminlab/franka_ros2_ws/install/moveit_hybrid_planning:/home/adminlab/franka_ros2_ws/install/moveit2_scripts:/home/adminlab/franka_ros2_ws/install/moveit_ros_planning_interface:/home/adminlab/franka_ros2_ws/install/moveit_ros_benchmarks:/home/adminlab/franka_ros2_ws/install/moveit_ros_warehouse:/home/adminlab/franka_ros2_ws/install/moveit_ros_robot_interaction:/home/adminlab/franka_ros2_ws/install/moveit_ros_perception:/home/adminlab/franka_ros2_ws/install/moveit_resources_prbt_pg70_support:/home/adminlab/franka_ros2_ws/install/moveit_resources_prbt_moveit_config:/home/adminlab/franka_ros2_ws/install/moveit_ros_move_group:/home/adminlab/franka_ros2_ws/install/moveit_planners_ompl:/home/adminlab/franka_ros2_ws/install/moveit_ros_planning:/home/adminlab/franka_ros2_ws/install/moveit_ros_occupancy_map_monitor:/home/adminlab/franka_ros2_ws/install/moveit_resources_prbt_ikfast_manipulator_plugin:/home/adminlab/franka_ros2_ws/install/moveit_planners_chomp:/home/adminlab/franka_ros2_ws/install/moveit_kinematics:/home/adminlab/franka_ros2_ws/install/moveit_chomp_optimizer_adapter:/home/adminlab/franka_ros2_ws/install/chomp_motion_planner:/home/adminlab/franka_ros2_ws/install/moveit_core:/home/adminlab/franka_ros2_ws/install/realsense2_camera:/home/adminlab/franka_ros2_ws/install/cmake_generate_parameter_module_example:/home/adminlab/franka_ros2_ws/install/moveit_configs_utils:/home/adminlab/franka_ros2_ws/install/srdfdom:/home/adminlab/franka_ros2_ws/install/rviz_marker_tools:/home/adminlab/franka_ros2_ws/install/rosparam_shortcuts:/home/adminlab/franka_ros2_ws/install/ros_testing:/home/adminlab/franka_ros2_ws/install/ros2test:/home/adminlab/franka_ros2_ws/install/realsense2_description:/home/adminlab/franka_ros2_ws/install/realsense2_camera_msgs:/home/adminlab/franka_ros2_ws/install/joint_trajectory_controller:/home/adminlab/franka_ros2_ws/install/generate_parameter_module_example:/home/adminlab/franka_ros2_ws/install/generate_parameter_library_example:/home/adminlab/franka_ros2_ws/install/franka_bringup:/home/adminlab/franka_ros2_ws/install/franka_robot_state_broadcaster:/home/adminlab/franka_ros2_ws/install/generate_parameter_library:/home/adminlab/franka_ros2_ws/install/parameter_traits:/home/adminlab/franka_ros2_ws/install/moveit_task_constructor_msgs:/home/adminlab/franka_ros2_ws/install/moveit_resources_prbt_support:/home/adminlab/franka_ros2_ws/install/moveit_resources:/home/adminlab/franka_ros2_ws/install/moveit_resources_pr2_description:/home/adminlab/franka_ros2_ws/install/moveit_resources_panda_moveit_config:/home/adminlab/franka_ros2_ws/install/moveit_resources_panda_description:/home/adminlab/franka_ros2_ws/install/moveit_resources_fanuc_moveit_config:/home/adminlab/franka_ros2_ws/install/moveit_resources_fanuc_description:/home/adminlab/franka_ros2_ws/install/moveit_msgs:/home/adminlab/franka_ros2_ws/install/moveit_common:/home/adminlab/franka_ros2_ws/install/launch_param_builder:/home/adminlab/franka_ros2_ws/install/integration_launch_testing:/home/adminlab/franka_ros2_ws/install/handcv:/home/adminlab/franka_ros2_ws/install/hand_interfaces:/home/adminlab/franka_ros2_ws/install/franka_example_controllers:/home/adminlab/franka_ros2_ws/install/franka_semantic_components:/home/adminlab/franka_ros2_ws/install/franka_moveit_config:/home/adminlab/franka_ros2_ws/install/franka_custom_controller:/home/adminlab/franka_ros2_ws/install/franka_hardware:/home/adminlab/franka_ros2_ws/install/franka_gripper:/home/adminlab/franka_ros2_ws/install/franka_msgs:/home/adminlab/franka_ros2_ws/install/franka_description:/home/adminlab/franka_ros2_ws/install/camera_publisher:/opt/ros/humble CMAKE_PREFIX_PATH=/home/adminlab/franka_ros2_ws/install/moveit_ros_visualization:/home/adminlab/franka_ros2_ws/install/moveit_ros_planning_interface:/home/adminlab/franka_ros2_ws/install/moveit_ros_move_group:/home/adminlab/franka_ros2_ws/install/moveit_ros_warehouse:/home/adminlab/franka_ros2_ws/install/moveit_ros_robot_interaction:/home/adminlab/franka_ros2_ws/install/moveit_kinematics:/home/adminlab/franka_ros2_ws/install/moveit_ros_planning:/home/adminlab/franka_ros2_ws/install/moveit_ros_occupancy_map_monitor:/home/adminlab/franka_ros2_ws/install/moveit_core:/home/adminlab/franka_ros2_ws/install/generate_parameter_library:/home/adminlab/franka_ros2_ws/install/srdfdom:/home/adminlab/franka_ros2_ws/install/parameter_traits:/home/adminlab/franka_ros2_ws/install/moveit_msgs:/home/adminlab/franka_ros2_ws/install/moveit_common:/home/adminlab/franka_ros2_ws/install/pilz_industrial_motion_planner_testutils:/home/adminlab/franka_ros2_ws/install/moveit_runtime:/home/adminlab/franka_ros2_ws/install/moveit_planners:/home/adminlab/franka_ros2_ws/install/pilz_industrial_motion_planner:/home/adminlab/franka_ros2_ws/install/moveit_visual_tools:/home/adminlab/franka_ros2_ws/install/moveit_ros_control_interface:/home/adminlab/franka_ros2_ws/install/moveit_plugins:/home/adminlab/franka_ros2_ws/install/moveit_simple_controller_manager:/home/adminlab/franka_ros2_ws/install/moveit_servo:/home/adminlab/franka_ros2_ws/install/moveit_hybrid_planning:/home/adminlab/franka_ros2_ws/install/moveit2_scripts:/home/adminlab/franka_ros2_ws/install/moveit_ros_benchmarks:/home/adminlab/franka_ros2_ws/install/moveit_ros_perception:/home/adminlab/franka_ros2_ws/install/moveit_resources_prbt_pg70_support:/home/adminlab/franka_ros2_ws/install/moveit_resources_prbt_moveit_config:/home/adminlab/franka_ros2_ws/install/moveit_planners_ompl:/home/adminlab/franka_ros2_ws/install/moveit_resources_prbt_ikfast_manipulator_plugin:/home/adminlab/franka_ros2_ws/install/moveit_planners_chomp:/home/adminlab/franka_ros2_ws/install/moveit_chomp_optimizer_adapter:/home/adminlab/franka_ros2_ws/install/chomp_motion_planner:/home/adminlab/franka_ros2_ws/install/realsense2_camera:/home/adminlab/franka_ros2_ws/install/moveit_configs_utils:/home/adminlab/franka_ros2_ws/install/ros2test:/home/adminlab/franka_ros2_ws/install/generate_parameter_module_example:/home/adminlab/franka_ros2_ws/install/launch_param_builder:/home/adminlab/franka_ros2_ws/install/handcv:/home/adminlab/franka_ros2_ws/install/generate_parameter_library_py:/home/adminlab/franka_ros2_ws/install/camera_publisher:/opt/ros/humble:/home/adminlab/franka_ros2_ws/install/franka_custom_controller:/home/adminlab/franka_ros2_ws/install/rviz_marker_tools:/home/adminlab/franka_ros2_ws/install/rosparam_shortcuts:/home/adminlab/franka_ros2_ws/install/ros_testing:/home/adminlab/franka_ros2_ws/install/realsense2_description:/home/adminlab/franka_ros2_ws/install/realsense2_camera_msgs:/home/adminlab/franka_ros2_ws/install/joint_trajectory_controller:/home/adminlab/franka_ros2_ws/install/generate_parameter_library_example:/home/adminlab/franka_ros2_ws/install/franka_bringup:/home/adminlab/franka_ros2_ws/install/franka_robot_state_broadcaster:/home/adminlab/franka_ros2_ws/install/cmake_generate_parameter_module_example:/home/adminlab/franka_ros2_ws/install/moveit_task_constructor_msgs:/home/adminlab/franka_ros2_ws/install/moveit_resources_prbt_support:/home/adminlab/franka_ros2_ws/install/moveit_resources:/home/adminlab/franka_ros2_ws/install/moveit_resources_pr2_description:/home/adminlab/franka_ros2_ws/install/moveit_resources_panda_moveit_config:/home/adminlab/franka_ros2_ws/install/moveit_resources_panda_description:/home/adminlab/franka_ros2_ws/install/moveit_resources_fanuc_moveit_config:/home/adminlab/franka_ros2_ws/install/moveit_resources_fanuc_description:/home/adminlab/franka_ros2_ws/install/librealsense2:/home/adminlab/franka_ros2_ws/install/integration_launch_testing:/home/adminlab/franka_ros2_ws/install/hand_interfaces:/home/adminlab/franka_ros2_ws/install/franka_example_controllers:/home/adminlab/franka_ros2_ws/install/franka_semantic_components:/home/adminlab/franka_ros2_ws/install/franka_moveit_config:/home/adminlab/franka_ros2_ws/install/franka_hardware:/home/adminlab/franka_ros2_ws/install/franka_gripper:/home/adminlab/franka_ros2_ws/install/franka_msgs:/home/adminlab/franka_ros2_ws/install/franka_description:/home/adminlab/franka_ros2_ws/install/OpenCV LD_LIBRARY_PATH=/home/adminlab/franka_ros2_ws/install/moveit_ros_visualization/lib:/home/adminlab/franka_ros2_ws/install/moveit_ros_planning_interface/lib:/home/adminlab/franka_ros2_ws/install/moveit_ros_move_group/lib:/home/adminlab/franka_ros2_ws/install/moveit_ros_warehouse/lib:/home/adminlab/franka_ros2_ws/install/moveit_ros_robot_interaction/lib:/home/adminlab/franka_ros2_ws/install/moveit_kinematics/lib:/home/adminlab/franka_ros2_ws/install/moveit_ros_planning/lib:/home/adminlab/franka_ros2_ws/install/moveit_ros_occupancy_map_monitor/lib:/home/adminlab/franka_ros2_ws/install/moveit_core/lib:/home/adminlab/franka_ros2_ws/install/srdfdom/lib:/home/adminlab/franka_ros2_ws/install/moveit_msgs/lib:/home/adminlab/franka_ros2_ws/install/pilz_industrial_motion_planner_testutils/lib:/home/adminlab/franka_ros2_ws/install/pilz_industrial_motion_planner/lib:/home/adminlab/franka_ros2_ws/install/moveit_visual_tools/lib:/home/adminlab/franka_ros2_ws/install/moveit_ros_control_interface/lib:/home/adminlab/franka_ros2_ws/install/moveit_simple_controller_manager/lib:/home/adminlab/franka_ros2_ws/install/moveit_servo/lib:/home/adminlab/franka_ros2_ws/install/moveit_hybrid_planning/lib:/home/adminlab/franka_ros2_ws/install/moveit_ros_benchmarks/lib:/home/adminlab/franka_ros2_ws/install/moveit_ros_perception/lib:/home/adminlab/franka_ros2_ws/install/moveit_planners_ompl/lib:/home/adminlab/franka_ros2_ws/install/moveit_resources_prbt_ikfast_manipulator_plugin/lib:/home/adminlab/franka_ros2_ws/install/moveit_planners_chomp/lib:/home/adminlab/franka_ros2_ws/install/moveit_chomp_optimizer_adapter/lib:/home/adminlab/franka_ros2_ws/install/chomp_motion_planner/lib:/home/adminlab/franka_ros2_ws/install/realsense2_camera/lib:/home/adminlab/franka_ros2_ws/install/franka_custom_controller/lib:/home/adminlab/franka_ros2_ws/install/rviz_marker_tools/lib:/home/adminlab/franka_ros2_ws/install/rosparam_shortcuts/lib:/home/adminlab/franka_ros2_ws/install/realsense2_camera_msgs/lib:/home/adminlab/franka_ros2_ws/install/joint_trajectory_controller/lib:/home/adminlab/franka_ros2_ws/install/generate_parameter_library_example/lib:/home/adminlab/franka_ros2_ws/install/franka_robot_state_broadcaster/lib:/home/adminlab/franka_ros2_ws/install/parameter_traits/lib:/home/adminlab/franka_ros2_ws/install/moveit_task_constructor_msgs/lib:/home/adminlab/franka_ros2_ws/install/librealsense2/lib:/home/adminlab/franka_ros2_ws/install/integration_launch_testing/lib:/home/adminlab/franka_ros2_ws/install/hand_interfaces/lib:/home/adminlab/franka_ros2_ws/install/franka_example_controllers/lib:/home/adminlab/franka_ros2_ws/install/franka_semantic_components/lib:/home/adminlab/franka_ros2_ws/install/franka_hardware/lib:/home/adminlab/franka_ros2_ws/install/franka_gripper/lib:/home/adminlab/franka_ros2_ws/install/franka_msgs/lib:/home/adminlab/franka_ros2_ws/install/OpenCV/lib:/opt/ros/humble/opt/rviz_ogre_vendor/lib:/opt/ros/humble/lib/x86_64-linux-gnu:/opt/ros/humble/lib PATH=/home/adminlab/franka_ros2_ws/install/moveit_core/bin:/home/adminlab/franka_ros2_ws/install/generate_parameter_library_py/bin:/home/adminlab/franka_ros2_ws/install/librealsense2/bin:/home/adminlab/franka_ros2_ws/install/OpenCV/bin:/opt/ros/humble/bin:/home/adminlab/.local/bin:/usr/local/sbin:/usr/local/bin:/usr/sbin:/usr/bin:/sbin:/bin:/usr/games:/usr/local/games:/snap/bin:/snap/bin PYTHONPATH=/home/adminlab/franka_ros2_ws/install/generate_parameter_library_py/lib/python3.10/site-packages:/home/adminlab/franka_ros2_ws/install/cmake_generate_parameter_module_example/local/lib/python3.10/dist-packages:/home/adminlab/franka_ros2_ws/install/moveit_configs_utils/lib/python3.10/site-packages:/home/adminlab/franka_ros2_ws/install/srdfdom/local/lib/python3.10/dist-packages:/home/adminlab/franka_ros2_ws/install/ros2test/lib/python3.10/site-packages:/home/adminlab/franka_ros2_ws/install/realsense2_camera_msgs/local/lib/python3.10/dist-packages:/home/adminlab/franka_ros2_ws/install/generate_parameter_module_example/lib/python3.10/site-packages:/home/adminlab/franka_ros2_ws/install/moveit_task_constructor_msgs/local/lib/python3.10/dist-packages:/home/adminlab/franka_ros2_ws/install/moveit_msgs/local/lib/python3.10/dist-packages:/home/adminlab/franka_ros2_ws/install/launch_param_builder/lib/python3.10/site-packages:/home/adminlab/franka_ros2_ws/install/handcv/lib/python3.10/site-packages:/home/adminlab/franka_ros2_ws/install/hand_interfaces/local/lib/python3.10/dist-packages:/home/adminlab/franka_ros2_ws/install/franka_gripper/local/lib/python3.10/dist-packages:/home/adminlab/franka_ros2_ws/install/franka_msgs/local/lib/python3.10/dist-packages:/home/adminlab/franka_ros2_ws/install/camera_publisher/lib/python3.10/site-packages:/opt/ros/humble/lib/python3.10/site-packages:/opt/ros/humble/local/lib/python3.10/dist-packages /usr/bin/cmake /home/adminlab/franka_ros2_ws/src/moveit2/moveit_setup_assistant/moveit_setup_framework -DCMAKE_INSTALL_PREFIX=/home/adminlab/franka_ros2_ws/install/moveit_setup_framework
[0.077s] -- The C compiler identification is GNU 11.4.0
[0.116s] -- The CXX compiler identification is GNU 11.4.0
[0.121s] -- Detecting C compiler ABI info
[0.175s] -- Detecting C compiler ABI info - done
[0.181s] -- Check for working C compiler: /usr/bin/cc - skipped
[0.181s] -- Detecting C compile features
[0.181s] -- Detecting C compile features - done
[0.184s] -- Detecting CXX compiler ABI info
[0.242s] -- Detecting CXX compiler ABI info - done
[0.250s] -- Check for working CXX compiler: /usr/bin/c++ - skipped
[0.250s] -- Detecting CXX compile features
[0.251s] -- Detecting CXX compile features - done
[0.253s] -- Found moveit_common: 2.5.5 (/home/adminlab/franka_ros2_ws/install/moveit_common/share/moveit_common/cmake)
[0.258s] -- Found ament_cmake: 1.3.9 (/opt/ros/humble/share/ament_cmake/cmake)
[0.382s] -- Found Python3: /usr/bin/python3 (found version "3.10.12") found components: Interpreter 
[0.522s] -- Found libdw: /usr/lib/x86_64-linux-gnu/libdw.so  
[0.527s] -- Could NOT find libbfd (missing: LIBBFD_LIBRARY LIBBFD_INCLUDE_DIR) 
[0.527s] -- BACKWARD_HAS_UNWIND=1
[0.527s] -- BACKWARD_HAS_BACKTRACE=0
[0.527s] -- BACKWARD_HAS_BACKTRACE_SYMBOL=0
[0.527s] -- BACKWARD_HAS_DW=1
[0.527s] -- BACKWARD_HAS_BFD=0
[0.527s] -- Found Backward: /opt/ros/humble/share/backward_ros/cmake  
[0.528s] [0mmoveit_setup_framework: You did not request a specific build type: Choosing 'Release' for maximum performance[0m
[0.530s] -- Found ament_cmake_ros: 0.10.0 (/opt/ros/humble/share/ament_cmake_ros/cmake)
[0.542s] -- Found ament_index_cpp: 1.4.0 (/opt/ros/humble/share/ament_index_cpp/cmake)
[0.543s] -- Found moveit_core: 2.5.5 (/home/adminlab/franka_ros2_ws/install/moveit_core/share/moveit_core/cmake)
[0.745s] -- Found Boost: /usr/lib/x86_64-linux-gnu/cmake/Boost-1.74.0/BoostConfig.cmake (found version "1.74.0") found components: chrono date_time filesystem iostreams program_options regex serialization system thread 
[0.799s] -- Found parameter_traits: 0.3.7 (/home/adminlab/franka_ros2_ws/install/parameter_traits/share/parameter_traits/cmake)
[0.842s] -- Found rosidl_generator_c: 3.1.5 (/opt/ros/humble/share/rosidl_generator_c/cmake)
[0.849s] -- Found rosidl_adapter: 3.1.5 (/opt/ros/humble/share/rosidl_adapter/cmake)
[0.859s] -- Found rosidl_generator_cpp: 3.1.5 (/opt/ros/humble/share/rosidl_generator_cpp/cmake)
[0.873s] -- Using all available rosidl_typesupport_c: rosidl_typesupport_fastrtps_c;rosidl_typesupport_introspection_c
[0.892s] -- Using all available rosidl_typesupport_cpp: rosidl_typesupport_fastrtps_cpp;rosidl_typesupport_introspection_cpp
[0.955s] -- Found rmw_implementation_cmake: 6.1.2 (/opt/ros/humble/share/rmw_implementation_cmake/cmake)
[0.961s] -- Found rmw_fastrtps_cpp: 6.2.6 (/opt/ros/humble/share/rmw_fastrtps_cpp/cmake)
[1.047s] -- Found OpenSSL: /usr/lib/x86_64-linux-gnu/libcrypto.so (found version "3.0.2")  
[1.070s] -- Found FastRTPS: /opt/ros/humble/include  
[1.110s] -- Using RMW implementation 'rmw_fastrtps_cpp' as default
[1.123s] -- Found Threads: TRUE  
[1.245s] -- Found Eigen3: TRUE (found version "3.4.0") 
[1.249s] -- Found rclcpp_lifecycle: 16.0.9 (/opt/ros/humble/share/rclcpp_lifecycle/cmake)
[1.284s] -- Found Boost: /usr/lib/x86_64-linux-gnu/cmake/Boost-1.74.0/BoostConfig.cmake (found version "1.74.0") found components: filesystem 
[1.403s] -- library: /usr/lib/x86_64-linux-gnu/libcurl.so
[1.613s] -- Ensuring Eigen3 include directory is part of orocos-kdl CMake target
[2.339s] -- Found moveit_ros_planning: 2.5.5 (/home/adminlab/franka_ros2_ws/install/moveit_ros_planning/share/moveit_ros_planning/cmake)
[2.342s] -- Found Boost: /usr/lib/x86_64-linux-gnu/cmake/Boost-1.74.0/BoostConfig.cmake (found version "1.74.0") found components: system filesystem date_time program_options thread chrono 
[2.617s] -- Found moveit_ros_visualization: 2.5.5 (/home/adminlab/franka_ros2_ws/install/moveit_ros_visualization/share/moveit_ros_visualization/cmake)
[2.620s] -- Found Boost: /usr/lib/x86_64-linux-gnu/cmake/Boost-1.74.0/BoostConfig.cmake (found version "1.74.0") found components: thread date_time system filesystem 
[2.674s] -- Found Boost: /usr/lib/x86_64-linux-gnu/cmake/Boost-1.74.0/BoostConfig.cmake (found version "1.74.0") found components: date_time filesystem program_options system thread 
[2.796s] -- Found Boost: /usr/lib/x86_64-linux-gnu/cmake/Boost-1.74.0/BoostConfig.cmake (found version "1.74.0") found components: thread system filesystem regex date_time program_options 
[2.954s] -- Found Boost: /usr/lib/x86_64-linux-gnu/cmake/Boost-1.74.0/BoostConfig.cmake (found version "1.74.0") found components: system filesystem date_time program_options thread 
[3.667s] -- Setting OGRE_DIR to: '/opt/ros/humble/share/rviz_ogre_vendor/cmake/../../../opt/rviz_ogre_vendor/lib/OGRE/cmake'
[3.668s] -- Found OGRE
[3.668s] --   static     : OFF
[3.668s] --   components : HLMS;MeshLodGenerator;Overlay;Paging;Property;RTShaderSystem;Terrain;Volume
[3.668s] --   plugins    : Plugin_BSPSceneManager;Plugin_OctreeSceneManager;Plugin_PCZSceneManager;Plugin_ParticleFX;RenderSystem_GL;RenderSystem_GL3Plus;Codec_STBI
[3.668s] --   media      : /opt/ros/humble/opt/rviz_ogre_vendor/share/OGRE/Media
[3.668s] -- OGRE_LIBRARIES: OgreHLMS;OgreMeshLodGenerator;OgreOverlay;OgrePaging;OgreProperty;OgreRTShaderSystem;OgreTerrain;OgreVolume;OgreMain
[3.668s] -- OGRE_LIBRARY_DIRS: /opt/ros/humble/opt/rviz_ogre_vendor/lib
[3.668s] -- OGRE_PLUGINS: Plugin_BSPSceneManager;Plugin_OctreeSceneManager;Plugin_PCZSceneManager;Plugin_ParticleFX;RenderSystem_GL;RenderSystem_GL3Plus;Codec_STBI
[3.669s] -- OGRE_PLUGIN_DIR: /opt/ros/humble/opt/rviz_ogre_vendor/lib/OGRE
[3.669s] -- rviz_ogre_vendor::OgreOverlay for IMPORTED_LOCATION_RELEASE: /opt/ros/humble/opt/rviz_ogre_vendor/lib/libOgreOverlay.so
[3.669s] -- rviz_ogre_vendor::OgreOverlay for IMPORTED_LOCATION_DEBUG: /opt/ros/humble/opt/rviz_ogre_vendor/lib/libOgreOverlay.so
[3.669s] -- rviz_ogre_vendor::OgreMain for IMPORTED_LOCATION_RELEASE: /opt/ros/humble/opt/rviz_ogre_vendor/lib/libOgreMain.so
[3.669s] -- rviz_ogre_vendor::OgreMain for IMPORTED_LOCATION_DEBUG: /opt/ros/humble/opt/rviz_ogre_vendor/lib/libOgreMain.so
[3.689s] -- Found ZLIB: /usr/lib/x86_64-linux-gnu/libz.so (found version "1.2.11") 
[3.695s] -- Found OpenGL: /usr/lib/x86_64-linux-gnu/libOpenGL.so   
[3.792s] -- Found X11: /usr/include   
[3.792s] -- Looking for XOpenDisplay in /usr/lib/x86_64-linux-gnu/libX11.so;/usr/lib/x86_64-linux-gnu/libXext.so
[3.868s] -- Looking for XOpenDisplay in /usr/lib/x86_64-linux-gnu/libX11.so;/usr/lib/x86_64-linux-gnu/libXext.so - found
[3.868s] -- Looking for gethostbyname
[3.936s] -- Looking for gethostbyname - found
[3.937s] -- Looking for connect
[4.005s] -- Looking for connect - found
[4.005s] -- Looking for remove
[4.072s] -- Looking for remove - found
[4.072s] -- Looking for shmat
[4.140s] -- Looking for shmat - found
[4.141s] -- Looking for IceConnectionNumber in ICE
[4.208s] -- Looking for IceConnectionNumber in ICE - found
[4.210s] -- rviz_ogre_vendor::RenderSystem_GL for IMPORTED_LOCATION_RELEASE: _render_system_gl_static_library_abs-NOTFOUND
[4.210s] -- rviz_ogre_vendor::RenderSystem_GL for IMPORTED_LOCATION_DEBUG: _render_system_gl_static_library_abs-NOTFOUND
[4.617s] -- Found ament_lint_auto: 0.12.11 (/opt/ros/humble/share/ament_lint_auto/cmake)
[4.635s] -- Added test 'lint_cmake' to check CMake code style
[4.636s] -- Added test 'xmllint' to check XML markup files
[4.637s] -- Configuring done
[4.661s] -- Generating done
[4.663s] -- Build files have been written to: /home/adminlab/franka_ros2_ws/build/moveit_setup_framework
