-- The C compiler identification is GNU 11.4.0
-- The CXX compiler identification is GNU 11.4.0
-- Detecting C compiler ABI info
-- Detecting C compiler ABI info - done
-- Check for working C compiler: /usr/bin/cc - skipped
-- Detecting C compile features
-- Detecting C compile features - done
-- Detecting CXX compiler ABI info
-- Detecting CXX compiler ABI info - done
-- Check for working CXX compiler: /usr/bin/c++ - skipped
-- Detecting CXX compile features
-- Detecting CXX compile features - done
-- Found ament_cmake: 1.3.9 (/opt/ros/humble/share/ament_cmake/cmake)
-- Found Python3: /usr/bin/python3 (found version "3.10.12") found components: Interpreter 
-- Found rclcpp: 16.0.9 (/opt/ros/humble/share/rclcpp/cmake)
-- Found rosidl_generator_c: 3.1.5 (/opt/ros/humble/share/rosidl_generator_c/cmake)
-- Found rosidl_adapter: 3.1.5 (/opt/ros/humble/share/rosidl_adapter/cmake)
-- Found rosidl_generator_cpp: 3.1.5 (/opt/ros/humble/share/rosidl_generator_cpp/cmake)
-- Using all available rosidl_typesupport_c: rosidl_typesupport_fastrtps_c;rosidl_typesupport_introspection_c
-- Using all available rosidl_typesupport_cpp: rosidl_typesupport_fastrtps_cpp;rosidl_typesupport_introspection_cpp
-- Found rmw_implementation_cmake: 6.1.2 (/opt/ros/humble/share/rmw_implementation_cmake/cmake)
-- Found rmw_fastrtps_cpp: 6.2.6 (/opt/ros/humble/share/rmw_fastrtps_cpp/cmake)
-- Found OpenSSL: /usr/lib/x86_64-linux-gnu/libcrypto.so (found version "3.0.2")  
-- Found FastRTPS: /opt/ros/humble/include  
-- Using RMW implementation 'rmw_fastrtps_cpp' as default
-- Looking for pthread.h
-- Looking for pthread.h - found
-- Performing Test CMAKE_HAVE_LIBC_PTHREAD
-- Performing Test CMAKE_HAVE_LIBC_PTHREAD - Success
-- Found Threads: TRUE  
-- Found tcb_span: 1.0.2 (/opt/ros/humble/share/tcb_span/cmake)
-- Found tl_expected: 1.0.2 (/opt/ros/humble/share/tl_expected/cmake)
-- Found ament_lint_auto: 0.12.11 (/opt/ros/humble/share/ament_lint_auto/cmake)
-- Added test 'copyright' to check source files copyright and LICENSE
-- Added test 'cppcheck' to perform static code analysis on C / C++ code
-- Configured cppcheck include dirs: $<BUILD_INTERFACE:/home/adminlab/franka_ros2_ws/src/generate_parameter_library/parameter_traits/include>
-- Configured cppcheck exclude dirs and/or files: 
-- Added test 'lint_cmake' to check CMake code style
-- Added test 'xmllint' to check XML markup files
-- Configuring done
-- Generating done
-- Build files have been written to: /home/adminlab/franka_ros2_ws/build/parameter_traits
-- Install configuration: ""
-- Installing: /home/adminlab/franka_ros2_ws/install/parameter_traits/include/parameter_traits
-- Installing: /home/adminlab/franka_ros2_ws/install/parameter_traits/include/parameter_traits/parameter_traits
-- Installing: /home/adminlab/franka_ros2_ws/install/parameter_traits/include/parameter_traits/parameter_traits/parameter_traits.hpp
-- Installing: /home/adminlab/franka_ros2_ws/install/parameter_traits/share/parameter_traits/environment/library_path.sh
-- Installing: /home/adminlab/franka_ros2_ws/install/parameter_traits/share/parameter_traits/environment/library_path.dsv
-- Installing: /home/adminlab/franka_ros2_ws/install/parameter_traits/share/ament_index/resource_index/package_run_dependencies/parameter_traits
-- Installing: /home/adminlab/franka_ros2_ws/install/parameter_traits/share/ament_index/resource_index/parent_prefix_path/parameter_traits
-- Installing: /home/adminlab/franka_ros2_ws/install/parameter_traits/share/parameter_traits/environment/ament_prefix_path.sh
-- Installing: /home/adminlab/franka_ros2_ws/install/parameter_traits/share/parameter_traits/environment/ament_prefix_path.dsv
-- Installing: /home/adminlab/franka_ros2_ws/install/parameter_traits/share/parameter_traits/environment/path.sh
-- Installing: /home/adminlab/franka_ros2_ws/install/parameter_traits/share/parameter_traits/environment/path.dsv
-- Installing: /home/adminlab/franka_ros2_ws/install/parameter_traits/share/parameter_traits/local_setup.bash
-- Installing: /home/adminlab/franka_ros2_ws/install/parameter_traits/share/parameter_traits/local_setup.sh
-- Installing: /home/adminlab/franka_ros2_ws/install/parameter_traits/share/parameter_traits/local_setup.zsh
-- Installing: /home/adminlab/franka_ros2_ws/install/parameter_traits/share/parameter_traits/local_setup.dsv
-- Installing: /home/adminlab/franka_ros2_ws/install/parameter_traits/share/parameter_traits/package.dsv
-- Installing: /home/adminlab/franka_ros2_ws/install/parameter_traits/share/ament_index/resource_index/packages/parameter_traits
-- Installing: /home/adminlab/franka_ros2_ws/install/parameter_traits/share/parameter_traits/cmake/export_parameter_traitsExport.cmake
-- Installing: /home/adminlab/franka_ros2_ws/install/parameter_traits/share/parameter_traits/cmake/ament_cmake_export_targets-extras.cmake
-- Installing: /home/adminlab/franka_ros2_ws/install/parameter_traits/share/parameter_traits/cmake/ament_cmake_export_dependencies-extras.cmake
-- Installing: /home/adminlab/franka_ros2_ws/install/parameter_traits/share/parameter_traits/cmake/parameter_traitsConfig.cmake
-- Installing: /home/adminlab/franka_ros2_ws/install/parameter_traits/share/parameter_traits/cmake/parameter_traitsConfig-version.cmake
-- Installing: /home/adminlab/franka_ros2_ws/install/parameter_traits/share/parameter_traits/package.xml
