[0.025s] Invoking command in '/home/adminlab/franka_ros2_ws/build/generate_parameter_library_example': AMENT_PREFIX_PATH=/home/adminlab/franka_ros2_ws/install/generate_parameter_library:/home/adminlab/franka_ros2_ws/install/parameter_traits:/home/adminlab/franka_ros2_ws/install/generate_parameter_library_py:${AMENT_PREFIX_PATH} CMAKE_PREFIX_PATH=/home/adminlab/franka_ros2_ws/install/generate_parameter_library:/home/adminlab/franka_ros2_ws/install/parameter_traits:/opt/ros/humble LD_LIBRARY_PATH=/home/adminlab/franka_ros2_ws/install/parameter_traits/lib:${LD_LIBRARY_PATH} PATH=/home/adminlab/franka_ros2_ws/install/generate_parameter_library_py/bin:${PATH} PYTHONPATH=/home/adminlab/franka_ros2_ws/install/generate_parameter_library_py/lib/python3.10/site-packages:${PYTHONPATH} /usr/bin/cmake --build /home/adminlab/franka_ros2_ws/build/generate_parameter_library_example -- -j16 -l16
[0.068s] [ 11%] Built target admittance_controller_parameters
[0.092s] [ 29%] Built target gmock
[0.117s] [ 41%] Built target minimal_publisher
[0.143s] [ 52%] Built target test_example_gmock
[0.163s] [ 64%] Built target gtest
[0.189s] [ 76%] Built target test_node
[0.212s] [ 88%] Built target test_descriptor_gtest
[0.228s] [100%] Built target test_example_gtest
[0.338s] Invoked command in '/home/adminlab/franka_ros2_ws/build/generate_parameter_library_example' returned '0': AMENT_PREFIX_PATH=/home/adminlab/franka_ros2_ws/install/generate_parameter_library:/home/adminlab/franka_ros2_ws/install/parameter_traits:/home/adminlab/franka_ros2_ws/install/generate_parameter_library_py:${AMENT_PREFIX_PATH} CMAKE_PREFIX_PATH=/home/adminlab/franka_ros2_ws/install/generate_parameter_library:/home/adminlab/franka_ros2_ws/install/parameter_traits:/opt/ros/humble LD_LIBRARY_PATH=/home/adminlab/franka_ros2_ws/install/parameter_traits/lib:${LD_LIBRARY_PATH} PATH=/home/adminlab/franka_ros2_ws/install/generate_parameter_library_py/bin:${PATH} PYTHONPATH=/home/adminlab/franka_ros2_ws/install/generate_parameter_library_py/lib/python3.10/site-packages:${PYTHONPATH} /usr/bin/cmake --build /home/adminlab/franka_ros2_ws/build/generate_parameter_library_example -- -j16 -l16
[0.436s] Invoking command in '/home/adminlab/franka_ros2_ws/build/generate_parameter_library_example': AMENT_PREFIX_PATH=/home/adminlab/franka_ros2_ws/install/generate_parameter_library:/home/adminlab/franka_ros2_ws/install/parameter_traits:/home/adminlab/franka_ros2_ws/install/generate_parameter_library_py:${AMENT_PREFIX_PATH} CMAKE_PREFIX_PATH=/home/adminlab/franka_ros2_ws/install/generate_parameter_library:/home/adminlab/franka_ros2_ws/install/parameter_traits:/opt/ros/humble LD_LIBRARY_PATH=/home/adminlab/franka_ros2_ws/install/parameter_traits/lib:${LD_LIBRARY_PATH} PATH=/home/adminlab/franka_ros2_ws/install/generate_parameter_library_py/bin:${PATH} PYTHONPATH=/home/adminlab/franka_ros2_ws/install/generate_parameter_library_py/lib/python3.10/site-packages:${PYTHONPATH} /usr/bin/cmake --install /home/adminlab/franka_ros2_ws/build/generate_parameter_library_example
[0.449s] -- Install configuration: ""
[0.449s] -- Up-to-date: /home/adminlab/franka_ros2_ws/install/generate_parameter_library_example/include/admittance_controller_parameters
[0.449s] -- Up-to-date: /home/adminlab/franka_ros2_ws/install/generate_parameter_library_example/include/admittance_controller_parameters/example_validators.hpp
[0.449s] -- Up-to-date: /home/adminlab/franka_ros2_ws/install/generate_parameter_library_example/include/admittance_controller_parameters/admittance_controller_parameters.hpp
[0.450s] -- Up-to-date: /home/adminlab/franka_ros2_ws/install/generate_parameter_library_example/lib/generate_parameter_library_example/test_node
[0.450s] -- Up-to-date: /home/adminlab/franka_ros2_ws/install/generate_parameter_library_example/include/generate_parameter_library_example
[0.450s] -- Up-to-date: /home/adminlab/franka_ros2_ws/install/generate_parameter_library_example/include/generate_parameter_library_example/generate_parameter_library_example
[0.450s] -- Up-to-date: /home/adminlab/franka_ros2_ws/install/generate_parameter_library_example/include/generate_parameter_library_example/generate_parameter_library_example/example_validators.hpp
[0.451s] -- Up-to-date: /home/adminlab/franka_ros2_ws/install/generate_parameter_library_example/include/generate_parameter_library_example/generate_parameter_library_example/minimal_publisher.hpp
[0.451s] -- Up-to-date: /home/adminlab/franka_ros2_ws/install/generate_parameter_library_example/lib/libminimal_publisher.so
[0.451s] -- Up-to-date: /home/adminlab/franka_ros2_ws/install/generate_parameter_library_example/lib/generate_parameter_library_example/test_node
[0.451s] -- Up-to-date: /home/adminlab/franka_ros2_ws/install/generate_parameter_library_example/share/generate_parameter_library_example/environment/library_path.sh
[0.451s] -- Up-to-date: /home/adminlab/franka_ros2_ws/install/generate_parameter_library_example/share/generate_parameter_library_example/environment/library_path.dsv
[0.451s] -- Up-to-date: /home/adminlab/franka_ros2_ws/install/generate_parameter_library_example/share/ament_index/resource_index/package_run_dependencies/generate_parameter_library_example
[0.451s] -- Up-to-date: /home/adminlab/franka_ros2_ws/install/generate_parameter_library_example/share/ament_index/resource_index/parent_prefix_path/generate_parameter_library_example
[0.451s] -- Up-to-date: /home/adminlab/franka_ros2_ws/install/generate_parameter_library_example/share/generate_parameter_library_example/environment/ament_prefix_path.sh
[0.451s] -- Up-to-date: /home/adminlab/franka_ros2_ws/install/generate_parameter_library_example/share/generate_parameter_library_example/environment/ament_prefix_path.dsv
[0.451s] -- Up-to-date: /home/adminlab/franka_ros2_ws/install/generate_parameter_library_example/share/generate_parameter_library_example/environment/path.sh
[0.451s] -- Up-to-date: /home/adminlab/franka_ros2_ws/install/generate_parameter_library_example/share/generate_parameter_library_example/environment/path.dsv
[0.451s] -- Up-to-date: /home/adminlab/franka_ros2_ws/install/generate_parameter_library_example/share/generate_parameter_library_example/local_setup.bash
[0.451s] -- Up-to-date: /home/adminlab/franka_ros2_ws/install/generate_parameter_library_example/share/generate_parameter_library_example/local_setup.sh
[0.451s] -- Up-to-date: /home/adminlab/franka_ros2_ws/install/generate_parameter_library_example/share/generate_parameter_library_example/local_setup.zsh
[0.452s] -- Up-to-date: /home/adminlab/franka_ros2_ws/install/generate_parameter_library_example/share/generate_parameter_library_example/local_setup.dsv
[0.452s] -- Installing: /home/adminlab/franka_ros2_ws/install/generate_parameter_library_example/share/generate_parameter_library_example/package.dsv
[0.452s] -- Up-to-date: /home/adminlab/franka_ros2_ws/install/generate_parameter_library_example/share/ament_index/resource_index/packages/generate_parameter_library_example
[0.452s] -- Up-to-date: /home/adminlab/franka_ros2_ws/install/generate_parameter_library_example/share/ament_index/resource_index/rclcpp_components/generate_parameter_library_example
[0.454s] -- Up-to-date: /home/adminlab/franka_ros2_ws/install/generate_parameter_library_example/share/generate_parameter_library_example/cmake/export_generate_parameter_library_exampleExport.cmake
[0.454s] -- Up-to-date: /home/adminlab/franka_ros2_ws/install/generate_parameter_library_example/share/generate_parameter_library_example/cmake/export_generate_parameter_library_exampleExport-noconfig.cmake
[0.454s] -- Up-to-date: /home/adminlab/franka_ros2_ws/install/generate_parameter_library_example/share/generate_parameter_library_example/cmake/ament_cmake_export_targets-extras.cmake
[0.454s] -- Up-to-date: /home/adminlab/franka_ros2_ws/install/generate_parameter_library_example/share/generate_parameter_library_example/cmake/ament_cmake_export_dependencies-extras.cmake
[0.455s] -- Up-to-date: /home/adminlab/franka_ros2_ws/install/generate_parameter_library_example/share/generate_parameter_library_example/cmake/generate_parameter_library_exampleConfig.cmake
[0.455s] -- Up-to-date: /home/adminlab/franka_ros2_ws/install/generate_parameter_library_example/share/generate_parameter_library_example/cmake/generate_parameter_library_exampleConfig-version.cmake
[0.455s] -- Up-to-date: /home/adminlab/franka_ros2_ws/install/generate_parameter_library_example/share/generate_parameter_library_example/package.xml
[0.481s] Invoked command in '/home/adminlab/franka_ros2_ws/build/generate_parameter_library_example' returned '0': AMENT_PREFIX_PATH=/home/adminlab/franka_ros2_ws/install/generate_parameter_library:/home/adminlab/franka_ros2_ws/install/parameter_traits:/home/adminlab/franka_ros2_ws/install/generate_parameter_library_py:${AMENT_PREFIX_PATH} CMAKE_PREFIX_PATH=/home/adminlab/franka_ros2_ws/install/generate_parameter_library:/home/adminlab/franka_ros2_ws/install/parameter_traits:/opt/ros/humble LD_LIBRARY_PATH=/home/adminlab/franka_ros2_ws/install/parameter_traits/lib:${LD_LIBRARY_PATH} PATH=/home/adminlab/franka_ros2_ws/install/generate_parameter_library_py/bin:${PATH} PYTHONPATH=/home/adminlab/franka_ros2_ws/install/generate_parameter_library_py/lib/python3.10/site-packages:${PYTHONPATH} /usr/bin/cmake --install /home/adminlab/franka_ros2_ws/build/generate_parameter_library_example
