-- Found moveit_common: 2.5.5 (/home/adminlab/franka_ros2_ws/install/moveit_common/share/moveit_common/cmake)
-- Found ament_cmake: 1.3.9 (/opt/ros/humble/share/ament_cmake/cmake)
-- Could NOT find libbfd (missing: LIBBFD_LIBRARY LIBBFD_INCLUDE_DIR) 
-- BACKWARD_HAS_UNWIND=1
-- BACKWARD_HAS_BACKTRACE=0
-- BACKWARD_HAS_BACKTRACE_SYMBOL=0
-- BACKWARD_HAS_DW=1
-- BACKWARD_HAS_BFD=0
-- Found Backward: /opt/ros/humble/share/backward_ros/cmake  
-- Found ament_cmake_ros: 0.10.0 (/opt/ros/humble/share/ament_cmake_ros/cmake)
-- Found ament_index_cpp: 1.4.0 (/opt/ros/humble/share/ament_index_cpp/cmake)
-- Found moveit_setup_framework: 2.5.5 (/home/adminlab/franka_ros2_ws/install/moveit_setup_framework/share/moveit_setup_framework/cmake)
-- Found rosidl_generator_c: 3.1.5 (/opt/ros/humble/share/rosidl_generator_c/cmake)
-- Found rosidl_adapter: 3.1.5 (/opt/ros/humble/share/rosidl_adapter/cmake)
-- Found rosidl_generator_cpp: 3.1.5 (/opt/ros/humble/share/rosidl_generator_cpp/cmake)
-- Using all available rosidl_typesupport_c: rosidl_typesupport_fastrtps_c;rosidl_typesupport_introspection_c
-- Using all available rosidl_typesupport_cpp: rosidl_typesupport_fastrtps_cpp;rosidl_typesupport_introspection_cpp
-- Found rmw_implementation_cmake: 6.1.2 (/opt/ros/humble/share/rmw_implementation_cmake/cmake)
-- Found rmw_fastrtps_cpp: 6.2.6 (/opt/ros/humble/share/rmw_fastrtps_cpp/cmake)
-- Using RMW implementation 'rmw_fastrtps_cpp' as default
-- Found Boost: /usr/lib/x86_64-linux-gnu/cmake/Boost-1.74.0/BoostConfig.cmake (found version "1.74.0") found components: chrono date_time filesystem iostreams program_options regex serialization system thread 
-- Found parameter_traits: 0.3.7 (/home/adminlab/franka_ros2_ws/install/parameter_traits/share/parameter_traits/cmake)
-- Found rclcpp_lifecycle: 16.0.9 (/opt/ros/humble/share/rclcpp_lifecycle/cmake)
-- Found Boost: /usr/lib/x86_64-linux-gnu/cmake/Boost-1.74.0/BoostConfig.cmake (found version "1.74.0") found components: filesystem 
-- library: /usr/lib/x86_64-linux-gnu/libcurl.so
-- Ensuring Eigen3 include directory is part of orocos-kdl CMake target
-- Found Boost: /usr/lib/x86_64-linux-gnu/cmake/Boost-1.74.0/BoostConfig.cmake (found version "1.74.0") found components: system filesystem date_time program_options thread chrono 
-- Found Boost: /usr/lib/x86_64-linux-gnu/cmake/Boost-1.74.0/BoostConfig.cmake (found version "1.74.0") found components: thread date_time system filesystem 
-- Found Boost: /usr/lib/x86_64-linux-gnu/cmake/Boost-1.74.0/BoostConfig.cmake (found version "1.74.0") found components: date_time filesystem program_options system thread 
-- Found Boost: /usr/lib/x86_64-linux-gnu/cmake/Boost-1.74.0/BoostConfig.cmake (found version "1.74.0") found components: thread system filesystem regex date_time program_options 
-- Found Boost: /usr/lib/x86_64-linux-gnu/cmake/Boost-1.74.0/BoostConfig.cmake (found version "1.74.0") found components: system filesystem date_time program_options thread 
-- Setting OGRE_DIR to: '/opt/ros/humble/share/rviz_ogre_vendor/cmake/../../../opt/rviz_ogre_vendor/lib/OGRE/cmake'
-- Found OGRE
--   static     : OFF
--   components : HLMS;MeshLodGenerator;Overlay;Paging;Property;RTShaderSystem;Terrain;Volume
--   plugins    : Plugin_BSPSceneManager;Plugin_OctreeSceneManager;Plugin_PCZSceneManager;Plugin_ParticleFX;RenderSystem_GL;RenderSystem_GL3Plus;Codec_STBI
--   media      : /opt/ros/humble/opt/rviz_ogre_vendor/share/OGRE/Media
-- OGRE_LIBRARIES: OgreHLMS;OgreMeshLodGenerator;OgreOverlay;OgrePaging;OgreProperty;OgreRTShaderSystem;OgreTerrain;OgreVolume;OgreMain
-- OGRE_LIBRARY_DIRS: /opt/ros/humble/opt/rviz_ogre_vendor/lib
-- OGRE_PLUGINS: Plugin_BSPSceneManager;Plugin_OctreeSceneManager;Plugin_PCZSceneManager;Plugin_ParticleFX;RenderSystem_GL;RenderSystem_GL3Plus;Codec_STBI
-- OGRE_PLUGIN_DIR: /opt/ros/humble/opt/rviz_ogre_vendor/lib/OGRE
-- rviz_ogre_vendor::OgreOverlay for IMPORTED_LOCATION_RELEASE: /opt/ros/humble/opt/rviz_ogre_vendor/lib/libOgreOverlay.so
-- rviz_ogre_vendor::OgreOverlay for IMPORTED_LOCATION_DEBUG: /opt/ros/humble/opt/rviz_ogre_vendor/lib/libOgreOverlay.so
-- rviz_ogre_vendor::OgreMain for IMPORTED_LOCATION_RELEASE: /opt/ros/humble/opt/rviz_ogre_vendor/lib/libOgreMain.so
-- rviz_ogre_vendor::OgreMain for IMPORTED_LOCATION_DEBUG: /opt/ros/humble/opt/rviz_ogre_vendor/lib/libOgreMain.so
-- rviz_ogre_vendor::RenderSystem_GL for IMPORTED_LOCATION_RELEASE: _render_system_gl_static_library_abs-NOTFOUND
-- rviz_ogre_vendor::RenderSystem_GL for IMPORTED_LOCATION_DEBUG: _render_system_gl_static_library_abs-NOTFOUND
-- Found ament_lint_auto: 0.12.11 (/opt/ros/humble/share/ament_lint_auto/cmake)
-- Found gtest sources under '/opt/ros/humble/src/gtest_vendor': C++ tests using 'Google Test' will be built
-- Added test 'lint_cmake' to check CMake code style
-- Added test 'xmllint' to check XML markup files
-- Configuring done
-- Generating done
-- Build files have been written to: /home/adminlab/franka_ros2_ws/build/moveit_setup_controllers
[  3%] [34m[1mAutomatic MOC for target gtest_main[0m
[  6%] [34m[1mAutomatic MOC for target moveit_setup_controllers[0m
[  9%] [34m[1mAutomatic MOC for target gtest[0m
[  9%] Built target gtest_main_autogen
[  9%] Built target gtest_autogen
[  9%] Built target moveit_setup_controllers_autogen
[35m[1mConsolidate compiler generated dependencies of target gtest_main[0m
[35m[1mConsolidate compiler generated dependencies of target gtest[0m
[ 12%] [32mBuilding CXX object gtest/CMakeFiles/gtest_main.dir/src/gtest_main.cc.o[0m
[ 15%] [32mBuilding CXX object gtest/CMakeFiles/gtest.dir/gtest_autogen/mocs_compilation.cpp.o[0m
[ 18%] [32mBuilding CXX object gtest/CMakeFiles/gtest.dir/src/gtest-all.cc.o[0m
[ 21%] [32mBuilding CXX object gtest/CMakeFiles/gtest_main.dir/gtest_main_autogen/mocs_compilation.cpp.o[0m
[35m[1mConsolidate compiler generated dependencies of target moveit_setup_controllers[0m
[ 24%] [32mBuilding CXX object CMakeFiles/moveit_setup_controllers.dir/moveit_setup_controllers_autogen/mocs_compilation.cpp.o[0m
[ 27%] [32mBuilding CXX object CMakeFiles/moveit_setup_controllers.dir/src/control_xacro_config.cpp.o[0m
[ 30%] [32mBuilding CXX object CMakeFiles/moveit_setup_controllers.dir/src/controller_edit_widget.cpp.o[0m
[ 33%] [32mBuilding CXX object CMakeFiles/moveit_setup_controllers.dir/src/controllers.cpp.o[0m
[ 36%] [32mBuilding CXX object CMakeFiles/moveit_setup_controllers.dir/src/controllers_widget.cpp.o[0m
[ 39%] [32mBuilding CXX object CMakeFiles/moveit_setup_controllers.dir/src/controllers_config.cpp.o[0m
[ 42%] [32mBuilding CXX object CMakeFiles/moveit_setup_controllers.dir/src/modified_urdf_config.cpp.o[0m
[ 45%] [32mBuilding CXX object CMakeFiles/moveit_setup_controllers.dir/src/moveit_controllers_config.cpp.o[0m
[ 48%] [32mBuilding CXX object CMakeFiles/moveit_setup_controllers.dir/src/moveit_controllers_widget.cpp.o[0m
[ 51%] [32mBuilding CXX object CMakeFiles/moveit_setup_controllers.dir/src/ros2_controllers_config.cpp.o[0m
[ 54%] [32mBuilding CXX object CMakeFiles/moveit_setup_controllers.dir/src/ros2_controllers_widget.cpp.o[0m
[ 57%] [32mBuilding CXX object CMakeFiles/moveit_setup_controllers.dir/src/urdf_modifications.cpp.o[0m
[ 60%] [32mBuilding CXX object CMakeFiles/moveit_setup_controllers.dir/src/urdf_modifications_widget.cpp.o[0m
[ 63%] [32mBuilding CXX object CMakeFiles/moveit_setup_controllers.dir/include/moveit_setup_controllers/moc_controller_edit_widget.cpp.o[0m
[ 66%] [32mBuilding CXX object CMakeFiles/moveit_setup_controllers.dir/include/moveit_setup_controllers/moc_controllers_widget.cpp.o[0m
[ 69%] [32m[1mLinking CXX static library libgtest_main.a[0m
[ 69%] Built target gtest_main
[ 72%] [32mBuilding CXX object CMakeFiles/moveit_setup_controllers.dir/include/moveit_setup_controllers/moc_urdf_modifications_widget.cpp.o[0m
[ 75%] [32m[1mLinking CXX static library libgtest.a[0m
[ 75%] Built target gtest
[ 78%] [32m[1mLinking CXX shared library libmoveit_setup_controllers.so[0m
[ 87%] Built target moveit_setup_controllers
[ 90%] [34m[1mAutomatic MOC for target test_controllers[0m
[ 90%] Built target test_controllers_autogen
[35m[1mConsolidate compiler generated dependencies of target test_controllers[0m
[ 93%] [32mBuilding CXX object CMakeFiles/test_controllers.dir/test_controllers_autogen/mocs_compilation.cpp.o[0m
[ 96%] [32mBuilding CXX object CMakeFiles/test_controllers.dir/test/test_controllers.cpp.o[0m
[100%] [32m[1mLinking CXX executable test_controllers[0m
[100%] Built target test_controllers
-- Install configuration: "Debug"
-- Up-to-date: /home/adminlab/franka_ros2_ws/install/moveit_setup_controllers/share/moveit_setup_controllers/templates
-- Up-to-date: /home/adminlab/franka_ros2_ws/install/moveit_setup_controllers/share/moveit_setup_controllers/templates/config
-- Up-to-date: /home/adminlab/franka_ros2_ws/install/moveit_setup_controllers/share/moveit_setup_controllers/templates/config/gazebo_controllers.yaml
-- Up-to-date: /home/adminlab/franka_ros2_ws/install/moveit_setup_controllers/share/moveit_setup_controllers/templates/config/modified.urdf.xacro
-- Up-to-date: /home/adminlab/franka_ros2_ws/install/moveit_setup_controllers/share/moveit_setup_controllers/templates/config/ros2_control.xacro
-- Installing: /home/adminlab/franka_ros2_ws/install/moveit_setup_controllers/lib/libmoveit_setup_controllers.so
-- Set runtime path of "/home/adminlab/franka_ros2_ws/install/moveit_setup_controllers/lib/libmoveit_setup_controllers.so" to ""
-- Up-to-date: /home/adminlab/franka_ros2_ws/install/moveit_setup_controllers/share/moveit_setup_controllers/moveit_setup_framework_plugins.xml
-- Up-to-date: /home/adminlab/franka_ros2_ws/install/moveit_setup_controllers/include
-- Up-to-date: /home/adminlab/franka_ros2_ws/install/moveit_setup_controllers/include/moveit_setup_controllers
-- Up-to-date: /home/adminlab/franka_ros2_ws/install/moveit_setup_controllers/include/moveit_setup_controllers/included_xacro_config.hpp
-- Up-to-date: /home/adminlab/franka_ros2_ws/install/moveit_setup_controllers/include/moveit_setup_controllers/controllers_widget.hpp
-- Up-to-date: /home/adminlab/franka_ros2_ws/install/moveit_setup_controllers/include/moveit_setup_controllers/moveit_controllers.hpp
-- Up-to-date: /home/adminlab/franka_ros2_ws/install/moveit_setup_controllers/include/moveit_setup_controllers/ros2_controllers_config.hpp
-- Up-to-date: /home/adminlab/franka_ros2_ws/install/moveit_setup_controllers/include/moveit_setup_controllers/urdf_modifications.hpp
-- Up-to-date: /home/adminlab/franka_ros2_ws/install/moveit_setup_controllers/include/moveit_setup_controllers/moveit_controllers_config.hpp
-- Up-to-date: /home/adminlab/franka_ros2_ws/install/moveit_setup_controllers/include/moveit_setup_controllers/controllers_config.hpp
-- Up-to-date: /home/adminlab/franka_ros2_ws/install/moveit_setup_controllers/include/moveit_setup_controllers/control_xacro_config.hpp
-- Up-to-date: /home/adminlab/franka_ros2_ws/install/moveit_setup_controllers/include/moveit_setup_controllers/urdf_modifications_widget.hpp
-- Up-to-date: /home/adminlab/franka_ros2_ws/install/moveit_setup_controllers/include/moveit_setup_controllers/modified_urdf_config.hpp
-- Up-to-date: /home/adminlab/franka_ros2_ws/install/moveit_setup_controllers/include/moveit_setup_controllers/controller_edit_widget.hpp
-- Up-to-date: /home/adminlab/franka_ros2_ws/install/moveit_setup_controllers/include/moveit_setup_controllers/controllers.hpp
-- Up-to-date: /home/adminlab/franka_ros2_ws/install/moveit_setup_controllers/include/moveit_setup_controllers/ros2_controllers.hpp
-- Up-to-date: /home/adminlab/franka_ros2_ws/install/moveit_setup_controllers/share/moveit_setup_controllers/launch
-- Up-to-date: /home/adminlab/franka_ros2_ws/install/moveit_setup_controllers/share/moveit_setup_controllers/launch/control.launch.py
-- Up-to-date: /home/adminlab/franka_ros2_ws/install/moveit_setup_controllers/share/moveit_setup_controllers/environment/library_path.sh
-- Installing: /home/adminlab/franka_ros2_ws/install/moveit_setup_controllers/share/moveit_setup_controllers/environment/library_path.dsv
-- Up-to-date: /home/adminlab/franka_ros2_ws/install/moveit_setup_controllers/share/moveit_setup_controllers/moveit_setup_framework_plugins.xml
-- Up-to-date: /home/adminlab/franka_ros2_ws/install/moveit_setup_controllers/share/ament_index/resource_index/package_run_dependencies/moveit_setup_controllers
-- Installing: /home/adminlab/franka_ros2_ws/install/moveit_setup_controllers/share/ament_index/resource_index/parent_prefix_path/moveit_setup_controllers
-- Up-to-date: /home/adminlab/franka_ros2_ws/install/moveit_setup_controllers/share/moveit_setup_controllers/environment/ament_prefix_path.sh
-- Installing: /home/adminlab/franka_ros2_ws/install/moveit_setup_controllers/share/moveit_setup_controllers/environment/ament_prefix_path.dsv
-- Up-to-date: /home/adminlab/franka_ros2_ws/install/moveit_setup_controllers/share/moveit_setup_controllers/environment/path.sh
-- Installing: /home/adminlab/franka_ros2_ws/install/moveit_setup_controllers/share/moveit_setup_controllers/environment/path.dsv
-- Up-to-date: /home/adminlab/franka_ros2_ws/install/moveit_setup_controllers/share/moveit_setup_controllers/local_setup.bash
-- Up-to-date: /home/adminlab/franka_ros2_ws/install/moveit_setup_controllers/share/moveit_setup_controllers/local_setup.sh
-- Up-to-date: /home/adminlab/franka_ros2_ws/install/moveit_setup_controllers/share/moveit_setup_controllers/local_setup.zsh
-- Installing: /home/adminlab/franka_ros2_ws/install/moveit_setup_controllers/share/moveit_setup_controllers/local_setup.dsv
-- Installing: /home/adminlab/franka_ros2_ws/install/moveit_setup_controllers/share/moveit_setup_controllers/package.dsv
-- Up-to-date: /home/adminlab/franka_ros2_ws/install/moveit_setup_controllers/share/ament_index/resource_index/packages/moveit_setup_controllers
-- Up-to-date: /home/adminlab/franka_ros2_ws/install/moveit_setup_controllers/share/ament_index/resource_index/moveit_setup_framework__pluginlib__plugin/moveit_setup_controllers
-- Up-to-date: /home/adminlab/franka_ros2_ws/install/moveit_setup_controllers/share/moveit_setup_controllers/cmake/export_moveit_setup_controllersExport.cmake
-- Installing: /home/adminlab/franka_ros2_ws/install/moveit_setup_controllers/share/moveit_setup_controllers/cmake/export_moveit_setup_controllersExport-debug.cmake
-- Up-to-date: /home/adminlab/franka_ros2_ws/install/moveit_setup_controllers/share/moveit_setup_controllers/cmake/ament_cmake_export_include_directories-extras.cmake
-- Up-to-date: /home/adminlab/franka_ros2_ws/install/moveit_setup_controllers/share/moveit_setup_controllers/cmake/ament_cmake_export_libraries-extras.cmake
-- Up-to-date: /home/adminlab/franka_ros2_ws/install/moveit_setup_controllers/share/moveit_setup_controllers/cmake/ament_cmake_export_targets-extras.cmake
-- Up-to-date: /home/adminlab/franka_ros2_ws/install/moveit_setup_controllers/share/moveit_setup_controllers/cmake/moveit_setup_controllersConfig.cmake
-- Up-to-date: /home/adminlab/franka_ros2_ws/install/moveit_setup_controllers/share/moveit_setup_controllers/cmake/moveit_setup_controllersConfig-version.cmake
-- Up-to-date: /home/adminlab/franka_ros2_ws/install/moveit_setup_controllers/share/moveit_setup_controllers/package.xml
