-- The C compiler identification is GNU 11.4.0
-- The CXX compiler identification is GNU 11.4.0
-- Detecting C compiler ABI info
-- Detecting C compiler ABI info - done
-- Check for working C compiler: /usr/bin/cc - skipped
-- Detecting C compile features
-- Detecting C compile features - done
-- Detecting CXX compiler ABI info
-- Detecting CXX compiler ABI info - done
-- Check for working CXX compiler: /usr/bin/c++ - skipped
-- Detecting CXX compile features
-- Detecting CXX compile features - done
-- Found ament_cmake: 1.3.9 (/opt/ros/humble/share/ament_cmake/cmake)
-- Found Python3: /usr/bin/python3 (found version "3.10.12") found components: Interpreter 
-- Found eigen3_cmake_module: 0.1.1 (/opt/ros/humble/share/eigen3_cmake_module/cmake)
-- Found Eigen3: TRUE (found version "3.4.0") 
-- Found geometry_msgs: 4.2.4 (/opt/ros/humble/share/geometry_msgs/cmake)
-- Found rosidl_generator_c: 3.1.5 (/opt/ros/humble/share/rosidl_generator_c/cmake)
-- Found rosidl_adapter: 3.1.5 (/opt/ros/humble/share/rosidl_adapter/cmake)
-- Found rosidl_generator_cpp: 3.1.5 (/opt/ros/humble/share/rosidl_generator_cpp/cmake)
-- Using all available rosidl_typesupport_c: rosidl_typesupport_fastrtps_c;rosidl_typesupport_introspection_c
-- Using all available rosidl_typesupport_cpp: rosidl_typesupport_fastrtps_cpp;rosidl_typesupport_introspection_cpp
-- Found rclcpp: 16.0.9 (/opt/ros/humble/share/rclcpp/cmake)
-- Found rmw_implementation_cmake: 6.1.2 (/opt/ros/humble/share/rmw_implementation_cmake/cmake)
-- Found rmw_fastrtps_cpp: 6.2.6 (/opt/ros/humble/share/rmw_fastrtps_cpp/cmake)
-- Found OpenSSL: /usr/lib/x86_64-linux-gnu/libcrypto.so (found version "3.0.2")  
-- Found FastRTPS: /opt/ros/humble/include  
-- Using RMW implementation 'rmw_fastrtps_cpp' as default
-- Looking for pthread.h
-- Looking for pthread.h - found
-- Performing Test CMAKE_HAVE_LIBC_PTHREAD
-- Performing Test CMAKE_HAVE_LIBC_PTHREAD - Success
-- Found Threads: TRUE  
-- Found tf2_eigen: 0.25.7 (/opt/ros/humble/share/tf2_eigen/cmake)
-- Found ament_lint_auto: 0.12.11 (/opt/ros/humble/share/ament_lint_auto/cmake)
-- Found ament_cmake_gtest: 1.3.9 (/opt/ros/humble/share/ament_cmake_gtest/cmake)
-- Found ros_testing: 0.7.0 (/home/adminlab/franka_ros2_ws/install/ros_testing/share/ros_testing/cmake)
-- Found launch_testing_ament_cmake: 1.0.6 (/opt/ros/humble/share/launch_testing_ament_cmake/cmake)
-- Found python_cmake_module: 0.10.0 (/opt/ros/humble/share/python_cmake_module/cmake)
-- Found PythonInterp: /usr/bin/python3 (found suitable version "3.10.12", minimum required is "3.6") 
-- Found PythonLibs: /usr/lib/x86_64-linux-gnu/libpython3.10.so (found suitable version "3.10.12", minimum required is "3.5") 
-- Using PYTHON_EXECUTABLE: /usr/bin/python3
-- Using PYTHON_INCLUDE_DIRS: /usr/include/python3.10
-- Using PYTHON_LIBRARIES: /usr/lib/x86_64-linux-gnu/libpython3.10.so
-- Found PythonExtra: .so  
-- Found gtest sources under '/opt/ros/humble/src/gtest_vendor': C++ tests using 'Google Test' will be built
-- Added test 'copyright' to check source files copyright and LICENSE
-- Added test 'lint_cmake' to check CMake code style
-- Added test 'pep257' to check Python code against some of the docstring style conventions in PEP 257
-- Added test 'xmllint' to check XML markup files
-- Configuring done
-- Generating done
-- Build files have been written to: /home/adminlab/franka_ros2_ws/build/rosparam_shortcuts
[  7%] [32mBuilding CXX object gtest/CMakeFiles/gtest_main.dir/src/gtest_main.cc.o[0m
[ 15%] [32mBuilding CXX object CMakeFiles/rosparam_shortcuts.dir/src/rosparam_shortcuts.cpp.o[0m
[ 23%] [32mBuilding CXX object CMakeFiles/rosparam_shortcuts.dir/src/node_parameters.cpp.o[0m
[ 30%] [32mBuilding CXX object gtest/CMakeFiles/gtest.dir/src/gtest-all.cc.o[0m
[ 38%] [32m[1mLinking CXX static library libgtest_main.a[0m
[ 38%] Built target gtest_main
[ 46%] [32m[1mLinking CXX static library libgtest.a[0m
[ 46%] Built target gtest
[ 53%] [32m[1mLinking CXX shared library librosparam_shortcuts.so[0m
[ 53%] Built target rosparam_shortcuts
[ 61%] [32mBuilding CXX object CMakeFiles/rosparam_shortcuts_example.dir/src/example.cpp.o[0m
[ 69%] [32m[1mLinking CXX executable example[0m
[ 69%] Built target rosparam_shortcuts_example
[ 76%] [32mBuilding CXX object CMakeFiles/test_node_parameters.dir/test/test_node_parameters.cpp.o[0m
[ 84%] [32m[1mLinking CXX executable test_node_parameters[0m
[ 84%] Built target test_node_parameters
[ 92%] [32mBuilding CXX object CMakeFiles/rosparam_shortcuts_node_parameters_example.dir/src/node_parameters_example.cpp.o[0m
[100%] [32m[1mLinking CXX executable node_parameters_example[0m
[100%] Built target rosparam_shortcuts_node_parameters_example
-- Install configuration: ""
-- Installing: /home/adminlab/franka_ros2_ws/install/rosparam_shortcuts/lib/librosparam_shortcuts.so
-- Set runtime path of "/home/adminlab/franka_ros2_ws/install/rosparam_shortcuts/lib/librosparam_shortcuts.so" to ""
-- Installing: /home/adminlab/franka_ros2_ws/install/rosparam_shortcuts/lib/rosparam_shortcuts/example
-- Set runtime path of "/home/adminlab/franka_ros2_ws/install/rosparam_shortcuts/lib/rosparam_shortcuts/example" to ""
-- Installing: /home/adminlab/franka_ros2_ws/install/rosparam_shortcuts/lib/rosparam_shortcuts/node_parameters_example
-- Set runtime path of "/home/adminlab/franka_ros2_ws/install/rosparam_shortcuts/lib/rosparam_shortcuts/node_parameters_example" to ""
-- Installing: /home/adminlab/franka_ros2_ws/install/rosparam_shortcuts/include
-- Installing: /home/adminlab/franka_ros2_ws/install/rosparam_shortcuts/include/rosparam_shortcuts
-- Installing: /home/adminlab/franka_ros2_ws/install/rosparam_shortcuts/include/rosparam_shortcuts/rosparam_shortcuts.h
-- Installing: /home/adminlab/franka_ros2_ws/install/rosparam_shortcuts/include/rosparam_shortcuts/node_parameters.h
-- Installing: /home/adminlab/franka_ros2_ws/install/rosparam_shortcuts/share/rosparam_shortcuts/launch
-- Installing: /home/adminlab/franka_ros2_ws/install/rosparam_shortcuts/share/rosparam_shortcuts/launch/example.launch.py
-- Installing: /home/adminlab/franka_ros2_ws/install/rosparam_shortcuts/share/rosparam_shortcuts/config
-- Installing: /home/adminlab/franka_ros2_ws/install/rosparam_shortcuts/share/rosparam_shortcuts/config/example.yaml
-- Installing: /home/adminlab/franka_ros2_ws/install/rosparam_shortcuts/share/rosparam_shortcuts/environment/library_path.sh
-- Installing: /home/adminlab/franka_ros2_ws/install/rosparam_shortcuts/share/rosparam_shortcuts/environment/library_path.dsv
-- Installing: /home/adminlab/franka_ros2_ws/install/rosparam_shortcuts/share/ament_index/resource_index/package_run_dependencies/rosparam_shortcuts
-- Installing: /home/adminlab/franka_ros2_ws/install/rosparam_shortcuts/share/ament_index/resource_index/parent_prefix_path/rosparam_shortcuts
-- Installing: /home/adminlab/franka_ros2_ws/install/rosparam_shortcuts/share/rosparam_shortcuts/environment/ament_prefix_path.sh
-- Installing: /home/adminlab/franka_ros2_ws/install/rosparam_shortcuts/share/rosparam_shortcuts/environment/ament_prefix_path.dsv
-- Installing: /home/adminlab/franka_ros2_ws/install/rosparam_shortcuts/share/rosparam_shortcuts/environment/path.sh
-- Installing: /home/adminlab/franka_ros2_ws/install/rosparam_shortcuts/share/rosparam_shortcuts/environment/path.dsv
-- Installing: /home/adminlab/franka_ros2_ws/install/rosparam_shortcuts/share/rosparam_shortcuts/local_setup.bash
-- Installing: /home/adminlab/franka_ros2_ws/install/rosparam_shortcuts/share/rosparam_shortcuts/local_setup.sh
-- Installing: /home/adminlab/franka_ros2_ws/install/rosparam_shortcuts/share/rosparam_shortcuts/local_setup.zsh
-- Installing: /home/adminlab/franka_ros2_ws/install/rosparam_shortcuts/share/rosparam_shortcuts/local_setup.dsv
-- Installing: /home/adminlab/franka_ros2_ws/install/rosparam_shortcuts/share/rosparam_shortcuts/package.dsv
-- Installing: /home/adminlab/franka_ros2_ws/install/rosparam_shortcuts/share/ament_index/resource_index/packages/rosparam_shortcuts
-- Installing: /home/adminlab/franka_ros2_ws/install/rosparam_shortcuts/share/rosparam_shortcuts/cmake/export_rosparam_shortcutsExport.cmake
-- Installing: /home/adminlab/franka_ros2_ws/install/rosparam_shortcuts/share/rosparam_shortcuts/cmake/export_rosparam_shortcutsExport-noconfig.cmake
-- Installing: /home/adminlab/franka_ros2_ws/install/rosparam_shortcuts/share/rosparam_shortcuts/cmake/ament_cmake_export_targets-extras.cmake
-- Installing: /home/adminlab/franka_ros2_ws/install/rosparam_shortcuts/share/rosparam_shortcuts/cmake/ament_cmake_export_dependencies-extras.cmake
-- Installing: /home/adminlab/franka_ros2_ws/install/rosparam_shortcuts/share/rosparam_shortcuts/cmake/rosparam_shortcutsConfig.cmake
-- Installing: /home/adminlab/franka_ros2_ws/install/rosparam_shortcuts/share/rosparam_shortcuts/cmake/rosparam_shortcutsConfig-version.cmake
-- Installing: /home/adminlab/franka_ros2_ws/install/rosparam_shortcuts/share/rosparam_shortcuts/package.xml
