[0.201s] Invoking command in '/home/adminlab/franka_ros2_ws/build/moveit_common': CMAKE_PREFIX_PATH=${CMAKE_PREFIX_PATH}:/home/adminlab/franka_ros2_ws/install/moveit_configs_utils:/home/adminlab/franka_ros2_ws/install/ros2test:/home/adminlab/franka_ros2_ws/install/generate_parameter_module_example:/home/adminlab/franka_ros2_ws/install/launch_param_builder:/home/adminlab/franka_ros2_ws/install/handcv:/home/adminlab/franka_ros2_ws/install/generate_parameter_library_py:/home/adminlab/franka_ros2_ws/install/camera_publisher:/opt/ros/humble /usr/bin/cmake /home/adminlab/franka_ros2_ws/src/moveit2/moveit_common -DCMAKE_INSTALL_PREFIX=/home/adminlab/franka_ros2_ws/install/moveit_common
[0.596s] -- Found ament_cmake: 1.3.9 (/opt/ros/humble/share/ament_cmake/cmake)
[0.596s] -- Found Python3: /usr/bin/python3 (found version "3.10.12") found components: Interpreter 
[0.596s] -- Found ament_lint_auto: 0.12.11 (/opt/ros/humble/share/ament_lint_auto/cmake)
[0.596s] -- Added test 'copyright' to check source files copyright and LICENSE
[0.596s] -- Added test 'lint_cmake' to check CMake code style
[0.596s] -- Added test 'xmllint' to check XML markup files
[0.596s] -- Configuring done
[0.596s] -- Generating done
[0.597s] -- Build files have been written to: /home/adminlab/franka_ros2_ws/build/moveit_common
[0.603s] Invoked command in '/home/adminlab/franka_ros2_ws/build/moveit_common' returned '0': CMAKE_PREFIX_PATH=${CMAKE_PREFIX_PATH}:/home/adminlab/franka_ros2_ws/install/moveit_configs_utils:/home/adminlab/franka_ros2_ws/install/ros2test:/home/adminlab/franka_ros2_ws/install/generate_parameter_module_example:/home/adminlab/franka_ros2_ws/install/launch_param_builder:/home/adminlab/franka_ros2_ws/install/handcv:/home/adminlab/franka_ros2_ws/install/generate_parameter_library_py:/home/adminlab/franka_ros2_ws/install/camera_publisher:/opt/ros/humble /usr/bin/cmake /home/adminlab/franka_ros2_ws/src/moveit2/moveit_common -DCMAKE_INSTALL_PREFIX=/home/adminlab/franka_ros2_ws/install/moveit_common
[0.603s] Invoking command in '/home/adminlab/franka_ros2_ws/build/moveit_common': CMAKE_PREFIX_PATH=${CMAKE_PREFIX_PATH}:/home/adminlab/franka_ros2_ws/install/moveit_configs_utils:/home/adminlab/franka_ros2_ws/install/ros2test:/home/adminlab/franka_ros2_ws/install/generate_parameter_module_example:/home/adminlab/franka_ros2_ws/install/launch_param_builder:/home/adminlab/franka_ros2_ws/install/handcv:/home/adminlab/franka_ros2_ws/install/generate_parameter_library_py:/home/adminlab/franka_ros2_ws/install/camera_publisher:/opt/ros/humble /usr/bin/cmake --build /home/adminlab/franka_ros2_ws/build/moveit_common -- -j16 -l16
[1.325s] Invoked command in '/home/adminlab/franka_ros2_ws/build/moveit_common' returned '0': CMAKE_PREFIX_PATH=${CMAKE_PREFIX_PATH}:/home/adminlab/franka_ros2_ws/install/moveit_configs_utils:/home/adminlab/franka_ros2_ws/install/ros2test:/home/adminlab/franka_ros2_ws/install/generate_parameter_module_example:/home/adminlab/franka_ros2_ws/install/launch_param_builder:/home/adminlab/franka_ros2_ws/install/handcv:/home/adminlab/franka_ros2_ws/install/generate_parameter_library_py:/home/adminlab/franka_ros2_ws/install/camera_publisher:/opt/ros/humble /usr/bin/cmake --build /home/adminlab/franka_ros2_ws/build/moveit_common -- -j16 -l16
[1.376s] Invoking command in '/home/adminlab/franka_ros2_ws/build/moveit_common': CMAKE_PREFIX_PATH=${CMAKE_PREFIX_PATH}:/home/adminlab/franka_ros2_ws/install/moveit_configs_utils:/home/adminlab/franka_ros2_ws/install/ros2test:/home/adminlab/franka_ros2_ws/install/generate_parameter_module_example:/home/adminlab/franka_ros2_ws/install/launch_param_builder:/home/adminlab/franka_ros2_ws/install/handcv:/home/adminlab/franka_ros2_ws/install/generate_parameter_library_py:/home/adminlab/franka_ros2_ws/install/camera_publisher:/opt/ros/humble /usr/bin/cmake --install /home/adminlab/franka_ros2_ws/build/moveit_common
[1.420s] -- Install configuration: ""
[1.420s] -- Installing: /home/adminlab/franka_ros2_ws/install/moveit_common/share/ament_index/resource_index/package_run_dependencies/moveit_common
[1.420s] -- Installing: /home/adminlab/franka_ros2_ws/install/moveit_common/share/ament_index/resource_index/parent_prefix_path/moveit_common
[1.420s] -- Installing: /home/adminlab/franka_ros2_ws/install/moveit_common/share/moveit_common/environment/ament_prefix_path.sh
[1.420s] -- Installing: /home/adminlab/franka_ros2_ws/install/moveit_common/share/moveit_common/environment/ament_prefix_path.dsv
[1.420s] -- Installing: /home/adminlab/franka_ros2_ws/install/moveit_common/share/moveit_common/environment/path.sh
[1.420s] -- Installing: /home/adminlab/franka_ros2_ws/install/moveit_common/share/moveit_common/environment/path.dsv
[1.420s] -- Installing: /home/adminlab/franka_ros2_ws/install/moveit_common/share/moveit_common/local_setup.bash
[1.420s] -- Installing: /home/adminlab/franka_ros2_ws/install/moveit_common/share/moveit_common/local_setup.sh
[1.420s] -- Installing: /home/adminlab/franka_ros2_ws/install/moveit_common/share/moveit_common/local_setup.zsh
[1.420s] -- Installing: /home/adminlab/franka_ros2_ws/install/moveit_common/share/moveit_common/local_setup.dsv
[1.420s] -- Installing: /home/adminlab/franka_ros2_ws/install/moveit_common/share/moveit_common/package.dsv
[1.420s] -- Installing: /home/adminlab/franka_ros2_ws/install/moveit_common/share/ament_index/resource_index/packages/moveit_common
[1.420s] -- Installing: /home/adminlab/franka_ros2_ws/install/moveit_common/share/moveit_common/cmake/moveit_common-extras.cmake
[1.421s] -- Installing: /home/adminlab/franka_ros2_ws/install/moveit_common/share/moveit_common/cmake/moveit_commonConfig.cmake
[1.421s] -- Installing: /home/adminlab/franka_ros2_ws/install/moveit_common/share/moveit_common/cmake/moveit_commonConfig-version.cmake
[1.421s] -- Installing: /home/adminlab/franka_ros2_ws/install/moveit_common/share/moveit_common/package.xml
[1.421s] -- Up-to-date: /home/adminlab/franka_ros2_ws/install/moveit_common/share/moveit_common/cmake
[1.421s] -- Installing: /home/adminlab/franka_ros2_ws/install/moveit_common/share/moveit_common/cmake/moveit_package.cmake
[1.460s] Invoked command in '/home/adminlab/franka_ros2_ws/build/moveit_common' returned '0': CMAKE_PREFIX_PATH=${CMAKE_PREFIX_PATH}:/home/adminlab/franka_ros2_ws/install/moveit_configs_utils:/home/adminlab/franka_ros2_ws/install/ros2test:/home/adminlab/franka_ros2_ws/install/generate_parameter_module_example:/home/adminlab/franka_ros2_ws/install/launch_param_builder:/home/adminlab/franka_ros2_ws/install/handcv:/home/adminlab/franka_ros2_ws/install/generate_parameter_library_py:/home/adminlab/franka_ros2_ws/install/camera_publisher:/opt/ros/humble /usr/bin/cmake --install /home/adminlab/franka_ros2_ws/build/moveit_common
