[35m[1mConsolidate compiler generated dependencies of target franka_teleop__rosidl_generator_c[0m
[  2%] Built target franka_teleop__cpp
[ 11%] Built target franka_teleop__rosidl_generator_c
[35m[1mConsolidate compiler generated dependencies of target franka_teleop__rosidl_typesupport_cpp[0m
[35m[1mConsolidate compiler generated dependencies of target franka_teleop__rosidl_typesupport_fastrtps_cpp[0m
[35m[1mConsolidate compiler generated dependencies of target franka_teleop__rosidl_typesupport_introspection_cpp[0m
[ 11%] Built target ament_cmake_python_copy_franka_teleop
[35m[1mConsolidate compiler generated dependencies of target franka_teleop__rosidl_typesupport_fastrtps_c[0m
[35m[1mConsolidate compiler generated dependencies of target franka_teleop__rosidl_typesupport_c[0m
[35m[1mConsolidate compiler generated dependencies of target franka_teleop__rosidl_typesupport_introspection_c[0m
[ 20%] Built target franka_teleop__rosidl_typesupport_fastrtps_cpp
[ 28%] Built target franka_teleop__rosidl_typesupport_cpp
[ 37%] Built target franka_teleop__rosidl_typesupport_introspection_cpp
[ 45%] Built target franka_teleop__rosidl_typesupport_fastrtps_c
[ 60%] Built target franka_teleop__rosidl_typesupport_introspection_c
[ 62%] Built target franka_teleop__rosidl_typesupport_c
[ 65%] [32mBuilding CXX object CMakeFiles/franka_servo_real.dir/src/franka_servo_real.cpp.o[0m
[ 68%] [32mBuilding CXX object CMakeFiles/franka_servo_fake.dir/src/franka_servo_fake.cpp.o[0m
[ 68%] Built target franka_teleop
[ 71%] Built target franka_teleop__py
[ 74%] [32mBuilding C object CMakeFiles/franka_teleop__rosidl_generator_py.dir/rosidl_generator_py/franka_teleop/srv/_plan_path_s.c.o[0m
[ 77%] [32m[1mLinking C shared library rosidl_generator_py/franka_teleop/libfranka_teleop__rosidl_generator_py.so[0m
[ 77%] Built target franka_teleop__rosidl_generator_py
[ 80%] [32mBuilding C object CMakeFiles/franka_teleop__rosidl_typesupport_fastrtps_c__pyext.dir/rosidl_generator_py/franka_teleop/_franka_teleop_s.ep.rosidl_typesupport_fastrtps_c.c.o[0m
[ 85%] [32mBuilding C object CMakeFiles/franka_teleop__rosidl_typesupport_c__pyext.dir/rosidl_generator_py/franka_teleop/_franka_teleop_s.ep.rosidl_typesupport_c.c.o[0m
[ 85%] [32mBuilding C object CMakeFiles/franka_teleop__rosidl_typesupport_introspection_c__pyext.dir/rosidl_generator_py/franka_teleop/_franka_teleop_s.ep.rosidl_typesupport_introspection_c.c.o[0m
[ 88%] [32m[1mLinking C shared library rosidl_generator_py/franka_teleop/franka_teleop_s__rosidl_typesupport_fastrtps_c.cpython-310-x86_64-linux-gnu.so[0m
[ 88%] Built target franka_teleop__rosidl_typesupport_fastrtps_c__pyext
[ 91%] [32m[1mLinking C shared library rosidl_generator_py/franka_teleop/franka_teleop_s__rosidl_typesupport_c.cpython-310-x86_64-linux-gnu.so[0m
[ 94%] [32m[1mLinking C shared library rosidl_generator_py/franka_teleop/franka_teleop_s__rosidl_typesupport_introspection_c.cpython-310-x86_64-linux-gnu.so[0m
[ 94%] Built target franka_teleop__rosidl_typesupport_c__pyext
[ 94%] Built target franka_teleop__rosidl_typesupport_introspection_c__pyext
running egg_info
writing franka_teleop.egg-info/PKG-INFO
writing dependency_links to franka_teleop.egg-info/dependency_links.txt
writing top-level names to franka_teleop.egg-info/top_level.txt
reading manifest file 'franka_teleop.egg-info/SOURCES.txt'
writing manifest file 'franka_teleop.egg-info/SOURCES.txt'
[ 94%] Built target ament_cmake_python_build_franka_teleop_egg
